Fetching origin
Warning: Permanently added the RSA host key for IP address '140.82.114.4' to the list of known hosts.
From github.com:babyshen/helm-charts-mirror
 * [new branch]      gh-pages   -> origin/gh-pages
 * [new branch]      master     -> origin/master
Previous HEAD position was 6f4bc38 restore bug
Switched to a new branch 'gh-pages'
Branch 'gh-pages' set up to track remote branch 'gh-pages' from 'origin'.
Already up to date.
Branch 'gh-pages' set up to track remote branch 'gh-pages' from 'origin'.
  % Total    % Received % Xferd  Average Speed   Time    Time     Time  Current
                                 Dload  Upload   Total   Spent    Left  Speed
  0     0    0     0    0     0      0      0 --:--:-- --:--:-- --:--:--     0100 6183k  100 6183k    0     0  64.3M      0 --:--:-- --:--:-- --:--:-- 64.9M
[2019-09-13 05:30:01] spend time is: 50
[2019-09-13 05:30:01] spend time is: 50
[2019-09-13 05:30:01] spend time is: 50
[2019-09-13 05:30:01] spend time is: 50
[2019-09-13 05:30:09] ambassador-4.0.0.tgz update done.
[2019-09-13 05:30:11] spend time is: 60
[2019-09-13 05:30:11] spend time is: 60
[2019-09-13 05:30:11] spend time is: 60
[2019-09-13 05:30:11] spend time is: 60
[2019-09-13 05:30:11] spend time is: 60
[2019-09-13 05:30:11] spend time is: 60
[2019-09-13 05:30:11] spend time is: 60
[2019-09-13 05:30:11] spend time is: 60
[2019-09-13 05:30:11] spend time is: 60
[2019-09-13 05:30:11] spend time is: 60
[2019-09-13 05:30:12] spend time is: 60
[2019-09-13 05:30:21] spend time is: 70
[2019-09-13 05:30:21] spend time is: 70
[2019-09-13 05:30:21] spend time is: 70
[2019-09-13 05:30:21] spend time is: 70
[2019-09-13 05:30:21] spend time is: 70
[2019-09-13 05:30:21] spend time is: 70
[2019-09-13 05:30:21] spend time is: 70
[2019-09-13 05:30:21] spend time is: 70
[2019-09-13 05:30:21] spend time is: 70
[2019-09-13 05:30:21] spend time is: 70
[2019-09-13 05:30:31] spend time is: 80
[2019-09-13 05:30:31] spend time is: 80
[2019-09-13 05:30:31] spend time is: 80
[2019-09-13 05:30:31] spend time is: 80
[2019-09-13 05:30:31] spend time is: 80
[2019-09-13 05:30:31] spend time is: 80
[2019-09-13 05:30:31] spend time is: 80
[2019-09-13 05:30:31] spend time is: 80
[2019-09-13 05:30:31] spend time is: 80
[2019-09-13 05:30:32] spend time is: 80
[2019-09-13 05:30:41] spend time is: 90
[2019-09-13 05:30:41] spend time is: 90
[2019-09-13 05:30:41] spend time is: 90
[2019-09-13 05:30:41] spend time is: 90
[2019-09-13 05:30:41] spend time is: 90
[2019-09-13 05:30:41] spend time is: 90
[2019-09-13 05:30:41] spend time is: 90
[2019-09-13 05:30:41] spend time is: 90
[2019-09-13 05:30:41] spend time is: 90
[2019-09-13 05:30:42] spend time is: 90
[2019-09-13 05:30:45] clamav-1.0.3.tgz update done.
[2019-09-13 05:30:51] spend time is: 100
[2019-09-13 05:30:51] spend time is: 100
[2019-09-13 05:30:51] spend time is: 100
[2019-09-13 05:30:51] spend time is: 100
[2019-09-13 05:30:51] spend time is: 100
[2019-09-13 05:30:51] spend time is: 100
[2019-09-13 05:30:51] spend time is: 100
[2019-09-13 05:30:51] spend time is: 100
[2019-09-13 05:30:51] spend time is: 100
[2019-09-13 05:30:51] spend time is: 100
[2019-09-13 05:30:51] spend time is: 100
[2019-09-13 05:31:01] spend time is: 110
[2019-09-13 05:31:01] spend time is: 110
[2019-09-13 05:31:01] spend time is: 110
[2019-09-13 05:31:01] spend time is: 110
[2019-09-13 05:31:01] spend time is: 110
[2019-09-13 05:31:01] spend time is: 110
[2019-09-13 05:31:01] spend time is: 110
[2019-09-13 05:31:01] spend time is: 110
[2019-09-13 05:31:01] spend time is: 110
[2019-09-13 05:31:11] spend time is: 120
[2019-09-13 05:31:11] spend time is: 120
[2019-09-13 05:31:11] spend time is: 120
[2019-09-13 05:31:11] spend time is: 120
[2019-09-13 05:31:11] spend time is: 120
[2019-09-13 05:31:11] spend time is: 120
[2019-09-13 05:31:11] spend time is: 120
[2019-09-13 05:31:11] spend time is: 120
[2019-09-13 05:31:12] spend time is: 120
[2019-09-13 05:31:21] spend time is: 130
[2019-09-13 05:31:21] spend time is: 130
[2019-09-13 05:31:21] spend time is: 130
[2019-09-13 05:31:21] spend time is: 130
[2019-09-13 05:31:21] spend time is: 130
[2019-09-13 05:31:21] spend time is: 130
[2019-09-13 05:31:21] spend time is: 130
[2019-09-13 05:31:21] spend time is: 130
[2019-09-13 05:31:21] spend time is: 130
[2019-09-13 05:31:31] spend time is: 140
[2019-09-13 05:31:31] spend time is: 140
[2019-09-13 05:31:31] spend time is: 140
[2019-09-13 05:31:31] spend time is: 140
[2019-09-13 05:31:31] spend time is: 140
[2019-09-13 05:31:31] spend time is: 140
[2019-09-13 05:31:31] spend time is: 140
[2019-09-13 05:31:31] spend time is: 140
[2019-09-13 05:31:31] spend time is: 140
[2019-09-13 05:31:32] spend time is: 140
[2019-09-13 05:31:41] spend time is: 150
[2019-09-13 05:31:41] spend time is: 150
[2019-09-13 05:31:41] spend time is: 150
[2019-09-13 05:31:41] spend time is: 150
[2019-09-13 05:31:41] spend time is: 150
[2019-09-13 05:31:41] spend time is: 150
[2019-09-13 05:31:41] spend time is: 150
[2019-09-13 05:31:41] spend time is: 150
[2019-09-13 05:31:41] spend time is: 150
[2019-09-13 05:31:42] spend time is: 150
[2019-09-13 05:31:51] spend time is: 160
[2019-09-13 05:31:51] spend time is: 160
[2019-09-13 05:31:51] spend time is: 160
[2019-09-13 05:31:51] spend time is: 160
[2019-09-13 05:31:51] spend time is: 160
[2019-09-13 05:31:51] spend time is: 160
[2019-09-13 05:31:51] spend time is: 160
[2019-09-13 05:31:51] spend time is: 160
[2019-09-13 05:31:51] spend time is: 160
[2019-09-13 05:31:51] spend time is: 160
[2019-09-13 05:31:51] spend time is: 160
[2019-09-13 05:31:51] spend time is: 160
[2019-09-13 05:32:01] spend time is: 170
[2019-09-13 05:32:01] spend time is: 170
[2019-09-13 05:32:01] spend time is: 170
[2019-09-13 05:32:01] spend time is: 170
[2019-09-13 05:32:01] spend time is: 170
[2019-09-13 05:32:01] spend time is: 170
[2019-09-13 05:32:01] spend time is: 170
[2019-09-13 05:32:01] spend time is: 170
[2019-09-13 05:32:01] spend time is: 170
[2019-09-13 05:32:01] spend time is: 170
[2019-09-13 05:32:02] spend time is: 170
[2019-09-13 05:32:08] elastic-stack-1.8.0.tgz update done.
[2019-09-13 05:32:11] spend time is: 180
[2019-09-13 05:32:11] spend time is: 180
[2019-09-13 05:32:11] spend time is: 180
[2019-09-13 05:32:11] spend time is: 180
[2019-09-13 05:32:11] spend time is: 180
[2019-09-13 05:32:11] spend time is: 180
[2019-09-13 05:32:11] spend time is: 180
[2019-09-13 05:32:11] spend time is: 180
[2019-09-13 05:32:11] spend time is: 180
[2019-09-13 05:32:11] spend time is: 180
[2019-09-13 05:32:12] spend time is: 180
[2019-09-13 05:32:21] spend time is: 190
[2019-09-13 05:32:21] spend time is: 190
[2019-09-13 05:32:21] spend time is: 190
[2019-09-13 05:32:21] spend time is: 190
[2019-09-13 05:32:21] spend time is: 190
[2019-09-13 05:32:21] spend time is: 190
[2019-09-13 05:32:21] spend time is: 190
[2019-09-13 05:32:21] spend time is: 190
[2019-09-13 05:32:21] spend time is: 190
[2019-09-13 05:32:31] spend time is: 200
[2019-09-13 05:32:31] spend time is: 200
[2019-09-13 05:32:31] spend time is: 200
[2019-09-13 05:32:31] spend time is: 200
[2019-09-13 05:32:31] spend time is: 200
[2019-09-13 05:32:31] spend time is: 200
[2019-09-13 05:32:31] spend time is: 200
[2019-09-13 05:32:31] spend time is: 200
[2019-09-13 05:32:31] spend time is: 200
[2019-09-13 05:32:31] spend time is: 200
[2019-09-13 05:32:32] spend time is: 200
[2019-09-13 05:32:34] falco-1.0.7.tgz update done.
[2019-09-13 05:32:41] spend time is: 210
[2019-09-13 05:32:41] spend time is: 210
[2019-09-13 05:32:41] spend time is: 210
[2019-09-13 05:32:41] spend time is: 210
[2019-09-13 05:32:41] spend time is: 210
[2019-09-13 05:32:41] spend time is: 210
[2019-09-13 05:32:41] spend time is: 210
[2019-09-13 05:32:41] spend time is: 210
[2019-09-13 05:32:41] spend time is: 210
[2019-09-13 05:32:41] spend time is: 210
[2019-09-13 05:32:51] spend time is: 220
[2019-09-13 05:32:51] spend time is: 220
[2019-09-13 05:32:51] spend time is: 220
[2019-09-13 05:32:51] spend time is: 220
[2019-09-13 05:32:51] spend time is: 220
[2019-09-13 05:32:51] spend time is: 220
[2019-09-13 05:32:51] spend time is: 220
[2019-09-13 05:32:51] spend time is: 220
[2019-09-13 05:32:51] spend time is: 220
[2019-09-13 05:32:51] spend time is: 220
[2019-09-13 05:33:01] spend time is: 230
[2019-09-13 05:33:01] spend time is: 230
[2019-09-13 05:33:01] spend time is: 230
[2019-09-13 05:33:01] spend time is: 230
[2019-09-13 05:33:01] spend time is: 230
[2019-09-13 05:33:01] spend time is: 230
[2019-09-13 05:33:01] spend time is: 230
[2019-09-13 05:33:01] spend time is: 230
[2019-09-13 05:33:01] spend time is: 230
[2019-09-13 05:33:01] spend time is: 230
[2019-09-13 05:33:11] spend time is: 240
[2019-09-13 05:33:11] spend time is: 240
[2019-09-13 05:33:11] spend time is: 240
[2019-09-13 05:33:11] spend time is: 240
[2019-09-13 05:33:11] spend time is: 240
[2019-09-13 05:33:11] spend time is: 240
[2019-09-13 05:33:11] spend time is: 240
[2019-09-13 05:33:11] spend time is: 240
[2019-09-13 05:33:11] spend time is: 240
[2019-09-13 05:33:11] spend time is: 240
[2019-09-13 05:33:21] spend time is: 250
[2019-09-13 05:33:21] spend time is: 250
[2019-09-13 05:33:21] spend time is: 250
[2019-09-13 05:33:21] spend time is: 250
[2019-09-13 05:33:21] spend time is: 250
[2019-09-13 05:33:21] spend time is: 250
[2019-09-13 05:33:21] spend time is: 250
[2019-09-13 05:33:21] spend time is: 250
[2019-09-13 05:33:21] spend time is: 250
[2019-09-13 05:33:21] spend time is: 250
[2019-09-13 05:33:22] spend time is: 250
[2019-09-13 05:33:27] grafana-3.8.12.tgz update done.
[2019-09-13 05:33:31] spend time is: 260
[2019-09-13 05:33:31] spend time is: 260
[2019-09-13 05:33:31] spend time is: 260
[2019-09-13 05:33:31] spend time is: 260
[2019-09-13 05:33:31] spend time is: 260
[2019-09-13 05:33:31] spend time is: 260
[2019-09-13 05:33:31] spend time is: 260
[2019-09-13 05:33:31] spend time is: 260
[2019-09-13 05:33:31] spend time is: 260
[2019-09-13 05:33:31] spend time is: 260
[2019-09-13 05:33:32] spend time is: 260
[2019-09-13 05:33:41] spend time is: 270
[2019-09-13 05:33:41] spend time is: 270
[2019-09-13 05:33:41] spend time is: 270
[2019-09-13 05:33:41] spend time is: 270
[2019-09-13 05:33:41] spend time is: 270
[2019-09-13 05:33:41] spend time is: 270
[2019-09-13 05:33:41] spend time is: 270
[2019-09-13 05:33:41] spend time is: 270
[2019-09-13 05:33:41] spend time is: 270
[2019-09-13 05:33:41] spend time is: 270
[2019-09-13 05:33:41] spend time is: 270
[2019-09-13 05:33:45] graylog-1.3.3.tgz update done.
[2019-09-13 05:33:51] spend time is: 280
[2019-09-13 05:33:51] spend time is: 280
[2019-09-13 05:33:51] spend time is: 280
[2019-09-13 05:33:51] spend time is: 280
[2019-09-13 05:33:51] spend time is: 280
[2019-09-13 05:33:51] spend time is: 280
[2019-09-13 05:33:51] spend time is: 280
[2019-09-13 05:33:51] spend time is: 280
[2019-09-13 05:33:51] spend time is: 280
[2019-09-13 05:33:51] spend time is: 280
[2019-09-13 05:33:51] spend time is: 280
[2019-09-13 05:34:01] spend time is: 290
[2019-09-13 05:34:01] spend time is: 290
[2019-09-13 05:34:01] spend time is: 290
[2019-09-13 05:34:01] spend time is: 290
[2019-09-13 05:34:01] spend time is: 290
[2019-09-13 05:34:01] spend time is: 290
[2019-09-13 05:34:01] spend time is: 290
[2019-09-13 05:34:01] spend time is: 290
[2019-09-13 05:34:02] spend time is: 290
[2019-09-13 05:34:02] influxdb-1.4.0.tgz update done.
[2019-09-13 05:34:11] spend time is: 300
[2019-09-13 05:34:11] spend time is: 300
[2019-09-13 05:34:11] spend time is: 300
[2019-09-13 05:34:11] janusgraph-0.2.1.tgz update done.
Already up to date.
Already up to date.
fatal: Unable to create '/home/travis/build/babyshen/helm-charts-mirror/.git/index.lock': File exists.

Another git process seems to be running in this repository, e.g.
an editor opened by 'git commit'. Please make sure all processes
are terminated then try again. If it still fails, a git process
may have crashed in this repository earlier:
remove the file manually to continue.
Already up to date.
fatal: Unable to create '/home/travis/build/babyshen/helm-charts-mirror/.git/index.lock': File exists.

Another git process seems to be running in this repository, e.g.
an editor opened by 'git commit'. Please make sure all processes
are terminated then try again. If it still fails, a git process
may have crashed in this repository earlier:
remove the file manually to continue.
[gh-pages ef882ac] Synchronizing completion at 2019-09-13
 12 files changed, 855 insertions(+), 305 deletions(-)
 create mode 100644 ambassador-4.0.0.tgz
 create mode 100644 clamav-1.0.3.tgz
 rewrite elastic-stack-1.8.0.tgz (98%)
 create mode 100644 falco-1.0.7.tgz
 create mode 100644 grafana-3.8.12.tgz
 rewrite graylog-1.3.3.tgz (96%)
 create mode 100644 influxdb-1.4.0.tgz
 rewrite janusgraph-0.2.1.tgz (77%)
 create mode 100644 travis_wait_1971.log
To github.com:babyshen/helm-charts-mirror.git
   8639b77..ef882ac  gh-pages -> gh-pages
Branch 'gh-pages' set up to track remote branch 'gh-pages' from 'origin'.
[2019-09-13 05:34:21] spend time is: 310
[2019-09-13 05:34:21] spend time is: 310
[2019-09-13 05:34:21] spend time is: 310
[2019-09-13 05:34:21] spend time is: 310
[2019-09-13 05:34:21] spend time is: 310
[2019-09-13 05:34:21] spend time is: 310
[2019-09-13 05:34:21] spend time is: 310
[2019-09-13 05:34:21] spend time is: 310
[2019-09-13 05:34:21] spend time is: 310
[2019-09-13 05:34:21] spend time is: 310
[2019-09-13 05:34:22] spend time is: 310
[2019-09-13 05:34:31] spend time is: 320
[2019-09-13 05:34:31] spend time is: 320
[2019-09-13 05:34:31] spend time is: 320
[2019-09-13 05:34:31] spend time is: 320
[2019-09-13 05:34:31] spend time is: 320
[2019-09-13 05:34:31] spend time is: 320
[2019-09-13 05:34:31] spend time is: 320
[2019-09-13 05:34:31] spend time is: 320
[2019-09-13 05:34:31] spend time is: 320
[2019-09-13 05:34:31] spend time is: 320
[2019-09-13 05:34:41] spend time is: 330
[2019-09-13 05:34:41] spend time is: 330
[2019-09-13 05:34:41] spend time is: 330
[2019-09-13 05:34:41] spend time is: 330
[2019-09-13 05:34:41] spend time is: 330
[2019-09-13 05:34:41] spend time is: 330
[2019-09-13 05:34:41] spend time is: 330
[2019-09-13 05:34:41] spend time is: 330
[2019-09-13 05:34:41] spend time is: 330
[2019-09-13 05:34:41] spend time is: 330
[2019-09-13 05:34:51] spend time is: 340
[2019-09-13 05:34:51] spend time is: 340
[2019-09-13 05:34:51] spend time is: 340
[2019-09-13 05:34:51] spend time is: 340
[2019-09-13 05:34:51] spend time is: 340
[2019-09-13 05:34:51] spend time is: 340
[2019-09-13 05:34:51] spend time is: 340
[2019-09-13 05:34:51] spend time is: 340
[2019-09-13 05:34:51] spend time is: 340
[2019-09-13 05:34:51] spend time is: 340
[2019-09-13 05:35:01] spend time is: 350
[2019-09-13 05:35:01] spend time is: 350
[2019-09-13 05:35:01] spend time is: 350
[2019-09-13 05:35:01] spend time is: 350
[2019-09-13 05:35:01] spend time is: 350
[2019-09-13 05:35:01] spend time is: 350
[2019-09-13 05:35:01] spend time is: 350
[2019-09-13 05:35:01] spend time is: 350
[2019-09-13 05:35:01] spend time is: 350
[2019-09-13 05:35:01] spend time is: 350
[2019-09-13 05:35:11] spend time is: 360
[2019-09-13 05:35:11] spend time is: 360
[2019-09-13 05:35:11] spend time is: 360
[2019-09-13 05:35:11] spend time is: 360
[2019-09-13 05:35:11] spend time is: 360
[2019-09-13 05:35:11] spend time is: 360
[2019-09-13 05:35:11] spend time is: 360
[2019-09-13 05:35:11] spend time is: 360
[2019-09-13 05:35:11] spend time is: 360
[2019-09-13 05:35:11] spend time is: 360
[2019-09-13 05:35:19] kube-ops-view-1.1.0.tgz update done.
[2019-09-13 05:35:21] spend time is: 370
[2019-09-13 05:35:21] spend time is: 370
[2019-09-13 05:35:21] spend time is: 370
[2019-09-13 05:35:21] spend time is: 370
[2019-09-13 05:35:21] spend time is: 370
[2019-09-13 05:35:21] spend time is: 370
[2019-09-13 05:35:21] spend time is: 370
[2019-09-13 05:35:21] spend time is: 370
[2019-09-13 05:35:21] spend time is: 370
[2019-09-13 05:35:21] spend time is: 370
[2019-09-13 05:35:31] spend time is: 380
[2019-09-13 05:35:31] spend time is: 380
[2019-09-13 05:35:31] spend time is: 380
[2019-09-13 05:35:31] spend time is: 380
[2019-09-13 05:35:31] spend time is: 380
[2019-09-13 05:35:31] spend time is: 380
[2019-09-13 05:35:31] spend time is: 380
[2019-09-13 05:35:31] spend time is: 380
[2019-09-13 05:35:31] spend time is: 380
[2019-09-13 05:35:31] spend time is: 380
[2019-09-13 05:35:41] spend time is: 390
[2019-09-13 05:35:41] spend time is: 390
[2019-09-13 05:35:41] spend time is: 390
[2019-09-13 05:35:41] spend time is: 390
[2019-09-13 05:35:41] spend time is: 390
[2019-09-13 05:35:41] spend time is: 390
[2019-09-13 05:35:41] spend time is: 390
[2019-09-13 05:35:41] spend time is: 390
[2019-09-13 05:35:41] spend time is: 390
[2019-09-13 05:35:41] spend time is: 390
[2019-09-13 05:35:47] magento-5.1.4.tgz update done.
[2019-09-13 05:35:51] spend time is: 400
[2019-09-13 05:35:51] spend time is: 400
[2019-09-13 05:35:51] spend time is: 400
[2019-09-13 05:35:51] spend time is: 400
[2019-09-13 05:35:51] spend time is: 400
[2019-09-13 05:35:51] spend time is: 400
[2019-09-13 05:35:51] spend time is: 400
[2019-09-13 05:35:51] spend time is: 400
[2019-09-13 05:35:51] spend time is: 400
[2019-09-13 05:35:51] spend time is: 400
[2019-09-13 05:35:56] mariadb-6.8.10.tgz update done.
[2019-09-13 05:36:01] spend time is: 410
[2019-09-13 05:36:01] spend time is: 410
[2019-09-13 05:36:01] spend time is: 410
[2019-09-13 05:36:01] spend time is: 410
[2019-09-13 05:36:01] spend time is: 410
[2019-09-13 05:36:01] spend time is: 410
[2019-09-13 05:36:01] spend time is: 410
[2019-09-13 05:36:01] spend time is: 410
[2019-09-13 05:36:02] spend time is: 410
[2019-09-13 05:36:11] spend time is: 420
[2019-09-13 05:36:11] spend time is: 420
[2019-09-13 05:36:11] spend time is: 420
[2019-09-13 05:36:11] spend time is: 420
[2019-09-13 05:36:11] spend time is: 420
[2019-09-13 05:36:11] spend time is: 420
[2019-09-13 05:36:11] spend time is: 420
[2019-09-13 05:36:11] spend time is: 420
[2019-09-13 05:36:11] spend time is: 420
[2019-09-13 05:36:11] spend time is: 420
[2019-09-13 05:36:21] spend time is: 430
[2019-09-13 05:36:21] spend time is: 430
[2019-09-13 05:36:21] spend time is: 430
[2019-09-13 05:36:21] spend time is: 430
[2019-09-13 05:36:21] spend time is: 430
[2019-09-13 05:36:21] spend time is: 430
[2019-09-13 05:36:21] spend time is: 430
[2019-09-13 05:36:21] spend time is: 430
[2019-09-13 05:36:21] spend time is: 430
[2019-09-13 05:36:21] spend time is: 430
[2019-09-13 05:36:31] spend time is: 440
[2019-09-13 05:36:31] spend time is: 440
[2019-09-13 05:36:31] spend time is: 440
[2019-09-13 05:36:31] spend time is: 440
[2019-09-13 05:36:31] spend time is: 440
[2019-09-13 05:36:31] spend time is: 440
[2019-09-13 05:36:31] spend time is: 440
[2019-09-13 05:36:31] spend time is: 440
[2019-09-13 05:36:31] spend time is: 440
[2019-09-13 05:36:32] spend time is: 440
[2019-09-13 05:36:41] spend time is: 450
[2019-09-13 05:36:41] spend time is: 450
[2019-09-13 05:36:41] spend time is: 450
[2019-09-13 05:36:41] spend time is: 450
[2019-09-13 05:36:41] spend time is: 450
[2019-09-13 05:36:41] spend time is: 450
[2019-09-13 05:36:41] spend time is: 450
[2019-09-13 05:36:41] spend time is: 450
[2019-09-13 05:36:41] spend time is: 450
[2019-09-13 05:36:41] spend time is: 450
[2019-09-13 05:36:47] mission-control-0.4.3.tgz update done.
[2019-09-13 05:36:51] spend time is: 460
[2019-09-13 05:36:51] spend time is: 460
[2019-09-13 05:36:51] spend time is: 460
[2019-09-13 05:36:51] spend time is: 460
[2019-09-13 05:36:51] spend time is: 460
[2019-09-13 05:36:51] spend time is: 460
[2019-09-13 05:36:51] spend time is: 460
[2019-09-13 05:36:51] spend time is: 460
[2019-09-13 05:36:51] spend time is: 460
[2019-09-13 05:36:51] spend time is: 460
[2019-09-13 05:37:01] spend time is: 470
[2019-09-13 05:37:01] spend time is: 470
[2019-09-13 05:37:01] spend time is: 470
[2019-09-13 05:37:01] spend time is: 470
[2019-09-13 05:37:01] spend time is: 470
[2019-09-13 05:37:01] spend time is: 470
[2019-09-13 05:37:01] spend time is: 470
[2019-09-13 05:37:01] spend time is: 470
[2019-09-13 05:37:01] spend time is: 470
[2019-09-13 05:37:01] spend time is: 470
[2019-09-13 05:37:11] spend time is: 480
[2019-09-13 05:37:11] spend time is: 480
[2019-09-13 05:37:11] spend time is: 480
[2019-09-13 05:37:11] spend time is: 480
[2019-09-13 05:37:11] spend time is: 480
[2019-09-13 05:37:11] spend time is: 480
[2019-09-13 05:37:11] spend time is: 480
[2019-09-13 05:37:11] spend time is: 480
[2019-09-13 05:37:11] spend time is: 480
[2019-09-13 05:37:11] spend time is: 480
[2019-09-13 05:37:21] spend time is: 490
[2019-09-13 05:37:21] spend time is: 490
[2019-09-13 05:37:21] spend time is: 490
[2019-09-13 05:37:21] spend time is: 490
[2019-09-13 05:37:21] spend time is: 490
[2019-09-13 05:37:21] spend time is: 490
[2019-09-13 05:37:21] spend time is: 490
[2019-09-13 05:37:21] spend time is: 490
[2019-09-13 05:37:21] spend time is: 490
[2019-09-13 05:37:21] spend time is: 490
[2019-09-13 05:37:31] spend time is: 500
[2019-09-13 05:37:31] spend time is: 500
[2019-09-13 05:37:31] spend time is: 500
[2019-09-13 05:37:31] spend time is: 500
[2019-09-13 05:37:31] spend time is: 500
[2019-09-13 05:37:31] spend time is: 500
[2019-09-13 05:37:31] spend time is: 500
[2019-09-13 05:37:31] spend time is: 500
[2019-09-13 05:37:31] spend time is: 500
[2019-09-13 05:37:32] spend time is: 500
[2019-09-13 05:37:41] spend time is: 510
[2019-09-13 05:37:41] spend time is: 510
[2019-09-13 05:37:41] spend time is: 510
[2019-09-13 05:37:41] spend time is: 510
[2019-09-13 05:37:41] spend time is: 510
[2019-09-13 05:37:41] spend time is: 510
[2019-09-13 05:37:41] spend time is: 510
[2019-09-13 05:37:41] spend time is: 510
[2019-09-13 05:37:41] spend time is: 510
[2019-09-13 05:37:51] spend time is: 520
[2019-09-13 05:37:51] spend time is: 520
[2019-09-13 05:37:51] spend time is: 520
[2019-09-13 05:37:51] spend time is: 520
[2019-09-13 05:37:51] spend time is: 520
[2019-09-13 05:37:51] spend time is: 520
[2019-09-13 05:37:51] spend time is: 520
[2019-09-13 05:37:51] spend time is: 520
[2019-09-13 05:37:51] spend time is: 520
[2019-09-13 05:37:51] spend time is: 520
[2019-09-13 05:38:01] spend time is: 530
[2019-09-13 05:38:01] spend time is: 530
[2019-09-13 05:38:01] spend time is: 530
[2019-09-13 05:38:01] spend time is: 530
[2019-09-13 05:38:01] spend time is: 530
[2019-09-13 05:38:01] spend time is: 530
[2019-09-13 05:38:01] spend time is: 530
[2019-09-13 05:38:01] spend time is: 530
[2019-09-13 05:38:01] spend time is: 530
[2019-09-13 05:38:11] spend time is: 540
[2019-09-13 05:38:11] spend time is: 540
[2019-09-13 05:38:11] spend time is: 540
[2019-09-13 05:38:11] spend time is: 540
[2019-09-13 05:38:11] spend time is: 540
[2019-09-13 05:38:11] spend time is: 540
[2019-09-13 05:38:11] spend time is: 540
[2019-09-13 05:38:11] spend time is: 540
[2019-09-13 05:38:11] spend time is: 540
[2019-09-13 05:38:11] spend time is: 540
[2019-09-13 05:38:21] spend time is: 550
[2019-09-13 05:38:21] spend time is: 550
[2019-09-13 05:38:21] spend time is: 550
[2019-09-13 05:38:21] spend time is: 550
[2019-09-13 05:38:21] spend time is: 550
[2019-09-13 05:38:21] spend time is: 550
[2019-09-13 05:38:21] spend time is: 550
[2019-09-13 05:38:21] spend time is: 550
[2019-09-13 05:38:21] spend time is: 550
[2019-09-13 05:38:21] spend time is: 550
[2019-09-13 05:38:24] openebs-1.2.1.tgz update done.
[2019-09-13 05:38:31] spend time is: 560
[2019-09-13 05:38:31] spend time is: 560
[2019-09-13 05:38:31] spend time is: 560
[2019-09-13 05:38:31] spend time is: 560
[2019-09-13 05:38:31] spend time is: 560
[2019-09-13 05:38:31] spend time is: 560
[2019-09-13 05:38:31] spend time is: 560
[2019-09-13 05:38:31] spend time is: 560
[2019-09-13 05:38:31] spend time is: 560
[2019-09-13 05:38:31] spend time is: 560
[2019-09-13 05:38:41] spend time is: 570
[2019-09-13 05:38:41] spend time is: 570
[2019-09-13 05:38:41] spend time is: 570
[2019-09-13 05:38:41] spend time is: 570
[2019-09-13 05:38:41] spend time is: 570
[2019-09-13 05:38:41] spend time is: 570
[2019-09-13 05:38:41] spend time is: 570
[2019-09-13 05:38:41] spend time is: 570
[2019-09-13 05:38:41] spend time is: 570
[2019-09-13 05:38:41] spend time is: 570
[2019-09-13 05:38:51] spend time is: 580
[2019-09-13 05:38:51] spend time is: 580
[2019-09-13 05:38:51] spend time is: 580
[2019-09-13 05:38:51] spend time is: 580
[2019-09-13 05:38:51] spend time is: 580
[2019-09-13 05:38:51] spend time is: 580
[2019-09-13 05:38:51] spend time is: 580
[2019-09-13 05:38:51] spend time is: 580
[2019-09-13 05:38:51] spend time is: 580
[2019-09-13 05:38:51] spend time is: 580
[2019-09-13 05:39:01] spend time is: 590
[2019-09-13 05:39:01] spend time is: 590
[2019-09-13 05:39:01] spend time is: 590
[2019-09-13 05:39:01] spend time is: 590
[2019-09-13 05:39:01] spend time is: 590
[2019-09-13 05:39:01] spend time is: 590
[2019-09-13 05:39:01] spend time is: 590
[2019-09-13 05:39:01] spend time is: 590
[2019-09-13 05:39:01] spend time is: 590
[2019-09-13 05:39:02] spend time is: 590
[2019-09-13 05:39:11] spend time is: 600
[2019-09-13 05:39:11] spend time is: 600
Warning: Permanently added the RSA host key for IP address '140.82.114.3' to the list of known hosts.
Already up to date.
Already up to date.
fatal: Unable to create '/home/travis/build/babyshen/helm-charts-mirror/.git/index.lock': File exists.

Another git process seems to be running in this repository, e.g.
an editor opened by 'git commit'. Please make sure all processes
are terminated then try again. If it still fails, a git process
may have crashed in this repository earlier:
remove the file manually to continue.
[gh-pages 6f3fc50] Synchronizing completion at 2019-09-13
 7 files changed, 320 insertions(+), 1 deletion(-)
 rewrite kube-ops-view-1.1.0.tgz (99%)
 rewrite magento-5.1.4.tgz (99%)
 create mode 100644 mariadb-6.8.10.tgz
 rewrite mission-control-0.4.3.tgz (99%)
 create mode 100644 openebs-1.2.1.tgz
To github.com:babyshen/helm-charts-mirror.git
   ef882ac..6f3fc50  gh-pages -> gh-pages
Branch 'gh-pages' set up to track remote branch 'gh-pages' from 'origin'.
[2019-09-13 05:39:21] spend time is: 610
[2019-09-13 05:39:21] spend time is: 610
[2019-09-13 05:39:21] spend time is: 610
[2019-09-13 05:39:21] spend time is: 610
[2019-09-13 05:39:21] spend time is: 610
[2019-09-13 05:39:21] spend time is: 610
[2019-09-13 05:39:21] spend time is: 610
[2019-09-13 05:39:31] spend time is: 620
[2019-09-13 05:39:31] spend time is: 620
[2019-09-13 05:39:31] spend time is: 620
[2019-09-13 05:39:31] spend time is: 620
[2019-09-13 05:39:31] spend time is: 620
[2019-09-13 05:39:31] spend time is: 620
[2019-09-13 05:39:31] spend time is: 620
[2019-09-13 05:39:41] spend time is: 630
[2019-09-13 05:39:41] spend time is: 630
[2019-09-13 05:39:41] spend time is: 630
[2019-09-13 05:39:41] spend time is: 630
[2019-09-13 05:39:41] spend time is: 630
[2019-09-13 05:39:41] spend time is: 630
[2019-09-13 05:39:41] spend time is: 630
[2019-09-13 05:39:51] spend time is: 640
[2019-09-13 05:39:51] spend time is: 640
[2019-09-13 05:39:51] spend time is: 640
[2019-09-13 05:39:51] spend time is: 640
[2019-09-13 05:39:51] spend time is: 640
[2019-09-13 05:39:51] spend time is: 640
[2019-09-13 05:39:51] spend time is: 640
[2019-09-13 05:40:01] spend time is: 650
[2019-09-13 05:40:01] spend time is: 650
[2019-09-13 05:40:01] spend time is: 650
[2019-09-13 05:40:01] spend time is: 650
[2019-09-13 05:40:01] spend time is: 650
[2019-09-13 05:40:01] spend time is: 650
[2019-09-13 05:40:01] spend time is: 650
[2019-09-13 05:40:01] spend time is: 650
[2019-09-13 05:40:11] spend time is: 660
[2019-09-13 05:40:11] spend time is: 660
[2019-09-13 05:40:11] spend time is: 660
[2019-09-13 05:40:11] spend time is: 660
[2019-09-13 05:40:11] spend time is: 660
[2019-09-13 05:40:11] spend time is: 660
[2019-09-13 05:40:11] spend time is: 660
[2019-09-13 05:40:11] spend time is: 660
[2019-09-13 05:40:21] spend time is: 670
[2019-09-13 05:40:21] spend time is: 670
[2019-09-13 05:40:21] spend time is: 670
[2019-09-13 05:40:21] spend time is: 670
[2019-09-13 05:40:21] spend time is: 670
[2019-09-13 05:40:21] spend time is: 670
[2019-09-13 05:40:21] spend time is: 670
[2019-09-13 05:40:31] spend time is: 680
[2019-09-13 05:40:31] spend time is: 680
[2019-09-13 05:40:31] spend time is: 680
[2019-09-13 05:40:31] spend time is: 680
[2019-09-13 05:40:31] spend time is: 680
[2019-09-13 05:40:31] spend time is: 680
[2019-09-13 05:40:31] spend time is: 680
[2019-09-13 05:40:41] spend time is: 690
[2019-09-13 05:40:41] spend time is: 690
[2019-09-13 05:40:41] spend time is: 690
[2019-09-13 05:40:41] spend time is: 690
[2019-09-13 05:40:41] spend time is: 690
[2019-09-13 05:40:41] spend time is: 690
[2019-09-13 05:40:41] spend time is: 690
[2019-09-13 05:40:41] spend time is: 690
[2019-09-13 05:40:50] prometheus-blackbox-exporter-1.3.0.tgz update done.
[2019-09-13 05:40:51] spend time is: 700
[2019-09-13 05:40:51] spend time is: 700
[2019-09-13 05:40:51] spend time is: 700
[2019-09-13 05:40:51] spend time is: 700
[2019-09-13 05:40:51] spend time is: 700
[2019-09-13 05:40:51] spend time is: 700
[2019-09-13 05:40:51] spend time is: 700
[2019-09-13 05:40:51] spend time is: 700
[2019-09-13 05:41:01] spend time is: 710
[2019-09-13 05:41:01] spend time is: 710
[2019-09-13 05:41:01] spend time is: 710
[2019-09-13 05:41:01] spend time is: 710
[2019-09-13 05:41:01] spend time is: 710
[2019-09-13 05:41:01] prometheus-operator-6.11.0.tgz update done.
[2019-09-13 05:41:01] spend time is: 710
[2019-09-13 05:41:11] spend time is: 720
[2019-09-13 05:41:11] spend time is: 720
[2019-09-13 05:41:11] spend time is: 720
[2019-09-13 05:41:11] spend time is: 720
[2019-09-13 05:41:11] spend time is: 720
[2019-09-13 05:41:11] spend time is: 720
[2019-09-13 05:41:11] spend time is: 720
[2019-09-13 05:41:21] spend time is: 730
[2019-09-13 05:41:21] spend time is: 730
[2019-09-13 05:41:21] spend time is: 730
[2019-09-13 05:41:21] spend time is: 730
[2019-09-13 05:41:21] spend time is: 730
[2019-09-13 05:41:21] spend time is: 730
[2019-09-13 05:41:21] spend time is: 730
[2019-09-13 05:41:21] spend time is: 730
[2019-09-13 05:41:31] spend time is: 740
[2019-09-13 05:41:31] spend time is: 740
[2019-09-13 05:41:31] spend time is: 740
[2019-09-13 05:41:31] spend time is: 740
[2019-09-13 05:41:31] spend time is: 740
[2019-09-13 05:41:31] spend time is: 740
[2019-09-13 05:41:31] spend time is: 740
[2019-09-13 05:41:41] spend time is: 750
[2019-09-13 05:41:41] spend time is: 750
[2019-09-13 05:41:41] spend time is: 750
[2019-09-13 05:41:41] spend time is: 750
[2019-09-13 05:41:41] spend time is: 750
[2019-09-13 05:41:41] spend time is: 750
[2019-09-13 05:41:41] spend time is: 750
[2019-09-13 05:41:41] spend time is: 750
[2019-09-13 05:41:51] spend time is: 760
[2019-09-13 05:41:51] spend time is: 760
[2019-09-13 05:41:51] spend time is: 760
[2019-09-13 05:41:51] spend time is: 760
[2019-09-13 05:41:51] spend time is: 760
[2019-09-13 05:41:51] spend time is: 760
[2019-09-13 05:41:51] spend time is: 760
[2019-09-13 05:42:01] spend time is: 770
[2019-09-13 05:42:01] spend time is: 770
[2019-09-13 05:42:01] spend time is: 770
[2019-09-13 05:42:01] spend time is: 770
[2019-09-13 05:42:01] spend time is: 770
[2019-09-13 05:42:01] spend time is: 770
[2019-09-13 05:42:01] spend time is: 770
[2019-09-13 05:42:05] redis-9.1.9.tgz update done.
[2019-09-13 05:42:11] spend time is: 780
[2019-09-13 05:42:11] spend time is: 780
[2019-09-13 05:42:11] spend time is: 780
[2019-09-13 05:42:11] spend time is: 780
[2019-09-13 05:42:11] spend time is: 780
[2019-09-13 05:42:11] spend time is: 780
[2019-09-13 05:42:11] spend time is: 780
[2019-09-13 05:42:21] spend time is: 790
[2019-09-13 05:42:21] spend time is: 790
[2019-09-13 05:42:21] spend time is: 790
[2019-09-13 05:42:21] spend time is: 790
[2019-09-13 05:42:21] spend time is: 790
[2019-09-13 05:42:21] spend time is: 790
[2019-09-13 05:42:21] spend time is: 790
[2019-09-13 05:42:22] spend time is: 790
[2019-09-13 05:42:31] spend time is: 800
[2019-09-13 05:42:31] spend time is: 800
[2019-09-13 05:42:31] spend time is: 800
[2019-09-13 05:42:31] spend time is: 800
[2019-09-13 05:42:31] spend time is: 800
[2019-09-13 05:42:31] spend time is: 800
[2019-09-13 05:42:31] spend time is: 800
[2019-09-13 05:42:31] spend time is: 800
[2019-09-13 05:42:38] redmine-12.2.5.tgz update done.
[2019-09-13 05:42:41] spend time is: 810
[2019-09-13 05:42:41] spend time is: 810
[2019-09-13 05:42:41] spend time is: 810
[2019-09-13 05:42:41] spend time is: 810
[2019-09-13 05:42:41] spend time is: 810
[2019-09-13 05:42:41] spend time is: 810
[2019-09-13 05:42:41] spend time is: 810
[2019-09-13 05:42:51] spend time is: 820
[2019-09-13 05:42:51] spend time is: 820
[2019-09-13 05:42:51] spend time is: 820
[2019-09-13 05:42:51] spend time is: 820
[2019-09-13 05:42:51] spend time is: 820
[2019-09-13 05:42:51] spend time is: 820
[2019-09-13 05:42:51] spend time is: 820
[2019-09-13 05:43:01] spend time is: 830
[2019-09-13 05:43:01] spend time is: 830
[2019-09-13 05:43:01] spend time is: 830
[2019-09-13 05:43:01] spend time is: 830
[2019-09-13 05:43:01] spend time is: 830
[2019-09-13 05:43:01] spend time is: 830
[2019-09-13 05:43:01] spend time is: 830
[2019-09-13 05:43:01] spend time is: 830
[2019-09-13 05:43:11] spend time is: 840
[2019-09-13 05:43:11] spend time is: 840
[2019-09-13 05:43:11] spend time is: 840
[2019-09-13 05:43:11] spend time is: 840
[2019-09-13 05:43:11] spend time is: 840
[2019-09-13 05:43:11] spend time is: 840
[2019-09-13 05:43:11] spend time is: 840
[2019-09-13 05:43:11] spend time is: 840
[2019-09-13 05:43:21] spend time is: 850
[2019-09-13 05:43:21] spend time is: 850
[2019-09-13 05:43:21] spend time is: 850
[2019-09-13 05:43:21] spend time is: 850
[2019-09-13 05:43:21] spend time is: 850
[2019-09-13 05:43:21] spend time is: 850
[2019-09-13 05:43:21] spend time is: 850
[2019-09-13 05:43:31] spend time is: 860
[2019-09-13 05:43:31] spend time is: 860
[2019-09-13 05:43:31] spend time is: 860
[2019-09-13 05:43:31] spend time is: 860
[2019-09-13 05:43:31] spend time is: 860
[2019-09-13 05:43:31] spend time is: 860
[2019-09-13 05:43:31] spend time is: 860
[2019-09-13 05:43:41] spend time is: 870
[2019-09-13 05:43:41] spend time is: 870
[2019-09-13 05:43:41] spend time is: 870
[2019-09-13 05:43:41] spend time is: 870
[2019-09-13 05:43:41] spend time is: 870
[2019-09-13 05:43:41] spend time is: 870
[2019-09-13 05:43:41] spend time is: 870
[2019-09-13 05:43:42] spinnaker-1.15.0.tgz update done.
[2019-09-13 05:43:51] spend time is: 880
[2019-09-13 05:43:51] spend time is: 880
[2019-09-13 05:43:51] spend time is: 880
[2019-09-13 05:43:51] spend time is: 880
[2019-09-13 05:43:51] spend time is: 880
[2019-09-13 05:43:51] spend time is: 880
[2019-09-13 05:43:51] spend time is: 880
[2019-09-13 05:43:52] spring-cloud-data-flow-2.4.3.tgz update done.
[2019-09-13 05:44:01] spend time is: 890
[2019-09-13 05:44:01] spend time is: 890
[2019-09-13 05:44:01] spend time is: 890
[2019-09-13 05:44:01] spend time is: 890
[2019-09-13 05:44:01] spend time is: 890
[2019-09-13 05:44:01] spend time is: 890
[2019-09-13 05:44:01] spend time is: 890
[2019-09-13 05:44:01] spend time is: 890
[2019-09-13 05:44:11] spend time is: 900
Warning: Permanently added the RSA host key for IP address '140.82.113.3' to the list of known hosts.
Already up to date.
