Fetching origin
Warning: Permanently added the RSA host key for IP address '140.82.113.4' to the list of known hosts.
From github.com:babyshen/helm-charts-mirror
 * [new branch]      gh-pages   -> origin/gh-pages
 * [new branch]      master     -> origin/master
Previous HEAD position was 6f4bc38 restore bug
Switched to a new branch 'gh-pages'
Branch 'gh-pages' set up to track remote branch 'gh-pages' from 'origin'.
Warning: Permanently added the RSA host key for IP address '140.82.113.3' to the list of known hosts.
Already up to date.
Branch 'gh-pages' set up to track remote branch 'gh-pages' from 'origin'.
  % Total    % Received % Xferd  Average Speed   Time    Time     Time  Current
                                 Dload  Upload   Total   Spent    Left  Speed
  0     0    0     0    0     0      0      0 --:--:-- --:--:-- --:--:--     0100 5907k  100 5907k    0     0  58.5M      0 --:--:-- --:--:-- --:--:-- 58.8M
[2019-08-21 05:19:44] spend time is: 50
[2019-08-21 05:19:44] spend time is: 50
[2019-08-21 05:19:44] spend time is: 50
[2019-08-21 05:19:44] spend time is: 50
[2019-08-21 05:19:44] spend time is: 50
[2019-08-21 05:19:44] spend time is: 50
[2019-08-21 05:19:44] spend time is: 50
[2019-08-21 05:19:44] spend time is: 50
[2019-08-21 05:19:44] spend time is: 50
[2019-08-21 05:19:44] spend time is: 50
[2019-08-21 05:19:44] spend time is: 50
[2019-08-21 05:19:44] spend time is: 50
[2019-08-21 05:19:54] spend time is: 60
[2019-08-21 05:19:54] spend time is: 60
[2019-08-21 05:19:54] spend time is: 60
[2019-08-21 05:19:54] spend time is: 60
[2019-08-21 05:19:54] spend time is: 60
[2019-08-21 05:19:54] spend time is: 60
[2019-08-21 05:19:54] spend time is: 60
[2019-08-21 05:19:54] spend time is: 60
[2019-08-21 05:19:54] spend time is: 60
[2019-08-21 05:19:54] spend time is: 60
[2019-08-21 05:19:54] spend time is: 60
[2019-08-21 05:19:54] spend time is: 60
[2019-08-21 05:20:04] spend time is: 70
[2019-08-21 05:20:04] spend time is: 70
[2019-08-21 05:20:04] spend time is: 70
[2019-08-21 05:20:04] spend time is: 70
[2019-08-21 05:20:04] spend time is: 70
[2019-08-21 05:20:04] spend time is: 70
[2019-08-21 05:20:04] spend time is: 70
[2019-08-21 05:20:04] spend time is: 70
[2019-08-21 05:20:04] spend time is: 70
[2019-08-21 05:20:14] spend time is: 80
[2019-08-21 05:20:14] spend time is: 80
[2019-08-21 05:20:14] spend time is: 80
[2019-08-21 05:20:14] spend time is: 80
[2019-08-21 05:20:14] spend time is: 80
[2019-08-21 05:20:14] spend time is: 80
[2019-08-21 05:20:14] spend time is: 80
[2019-08-21 05:20:14] spend time is: 80
[2019-08-21 05:20:14] spend time is: 80
[2019-08-21 05:20:14] spend time is: 80
[2019-08-21 05:20:24] spend time is: 90
[2019-08-21 05:20:24] spend time is: 90
[2019-08-21 05:20:24] spend time is: 90
[2019-08-21 05:20:24] spend time is: 90
[2019-08-21 05:20:24] spend time is: 90
[2019-08-21 05:20:24] spend time is: 90
[2019-08-21 05:20:24] spend time is: 90
[2019-08-21 05:20:24] spend time is: 90
[2019-08-21 05:20:24] spend time is: 90
[2019-08-21 05:20:24] spend time is: 90
[2019-08-21 05:20:34] spend time is: 100
[2019-08-21 05:20:34] spend time is: 100
[2019-08-21 05:20:34] spend time is: 100
[2019-08-21 05:20:34] spend time is: 100
[2019-08-21 05:20:34] spend time is: 100
[2019-08-21 05:20:34] spend time is: 100
[2019-08-21 05:20:34] spend time is: 100
[2019-08-21 05:20:34] spend time is: 100
[2019-08-21 05:20:34] spend time is: 100
[2019-08-21 05:20:34] spend time is: 100
[2019-08-21 05:20:34] spend time is: 100
[2019-08-21 05:20:44] spend time is: 110
[2019-08-21 05:20:44] spend time is: 110
[2019-08-21 05:20:44] spend time is: 110
[2019-08-21 05:20:44] spend time is: 110
[2019-08-21 05:20:44] spend time is: 110
[2019-08-21 05:20:44] spend time is: 110
[2019-08-21 05:20:44] spend time is: 110
[2019-08-21 05:20:44] spend time is: 110
[2019-08-21 05:20:44] spend time is: 110
[2019-08-21 05:20:44] spend time is: 110
[2019-08-21 05:20:54] spend time is: 120
[2019-08-21 05:20:54] spend time is: 120
[2019-08-21 05:20:54] spend time is: 120
[2019-08-21 05:20:54] spend time is: 120
[2019-08-21 05:20:54] spend time is: 120
[2019-08-21 05:20:54] spend time is: 120
[2019-08-21 05:20:54] spend time is: 120
[2019-08-21 05:20:54] spend time is: 120
[2019-08-21 05:20:54] spend time is: 120
[2019-08-21 05:20:54] spend time is: 120
[2019-08-21 05:20:54] spend time is: 120
[2019-08-21 05:21:04] spend time is: 130
[2019-08-21 05:21:04] spend time is: 130
[2019-08-21 05:21:04] spend time is: 130
[2019-08-21 05:21:04] spend time is: 130
[2019-08-21 05:21:04] spend time is: 130
[2019-08-21 05:21:04] spend time is: 130
[2019-08-21 05:21:04] spend time is: 130
[2019-08-21 05:21:04] spend time is: 130
[2019-08-21 05:21:04] spend time is: 130
[2019-08-21 05:21:04] spend time is: 130
[2019-08-21 05:21:04] spend time is: 130
[2019-08-21 05:21:05] spend time is: 130
[2019-08-21 05:21:12] dokuwiki-5.2.0.tgz update done.
[2019-08-21 05:21:14] spend time is: 140
[2019-08-21 05:21:14] spend time is: 140
[2019-08-21 05:21:14] spend time is: 140
[2019-08-21 05:21:14] spend time is: 140
[2019-08-21 05:21:14] spend time is: 140
[2019-08-21 05:21:14] spend time is: 140
[2019-08-21 05:21:14] spend time is: 140
[2019-08-21 05:21:14] spend time is: 140
[2019-08-21 05:21:14] spend time is: 140
[2019-08-21 05:21:14] spend time is: 140
[2019-08-21 05:21:14] spend time is: 140
[2019-08-21 05:21:14] spend time is: 140
[2019-08-21 05:21:21] drupal-5.1.0.tgz update done.
[2019-08-21 05:21:24] spend time is: 150
[2019-08-21 05:21:24] spend time is: 150
[2019-08-21 05:21:24] spend time is: 150
[2019-08-21 05:21:24] spend time is: 150
[2019-08-21 05:21:24] spend time is: 150
[2019-08-21 05:21:24] spend time is: 150
[2019-08-21 05:21:24] spend time is: 150
[2019-08-21 05:21:24] spend time is: 150
[2019-08-21 05:21:24] spend time is: 150
[2019-08-21 05:21:34] spend time is: 160
[2019-08-21 05:21:34] spend time is: 160
[2019-08-21 05:21:34] spend time is: 160
[2019-08-21 05:21:34] spend time is: 160
[2019-08-21 05:21:34] spend time is: 160
[2019-08-21 05:21:34] spend time is: 160
[2019-08-21 05:21:34] spend time is: 160
[2019-08-21 05:21:34] spend time is: 160
[2019-08-21 05:21:34] spend time is: 160
[2019-08-21 05:21:34] spend time is: 160
[2019-08-21 05:21:36] elastic-stack-1.8.0.tgz update done.
[2019-08-21 05:21:42] elasticsearch-exporter-1.8.0.tgz update done.
[2019-08-21 05:21:44] spend time is: 170
[2019-08-21 05:21:44] spend time is: 170
[2019-08-21 05:21:44] spend time is: 170
[2019-08-21 05:21:44] spend time is: 170
[2019-08-21 05:21:44] spend time is: 170
[2019-08-21 05:21:44] spend time is: 170
[2019-08-21 05:21:44] spend time is: 170
[2019-08-21 05:21:44] spend time is: 170
[2019-08-21 05:21:45] spend time is: 170
[2019-08-21 05:21:54] spend time is: 180
[2019-08-21 05:21:54] spend time is: 180
[2019-08-21 05:21:54] spend time is: 180
[2019-08-21 05:21:54] spend time is: 180
[2019-08-21 05:21:54] spend time is: 180
[2019-08-21 05:21:54] spend time is: 180
[2019-08-21 05:21:54] spend time is: 180
[2019-08-21 05:21:54] spend time is: 180
[2019-08-21 05:21:54] spend time is: 180
[2019-08-21 05:22:04] spend time is: 190
[2019-08-21 05:22:04] spend time is: 190
[2019-08-21 05:22:04] spend time is: 190
[2019-08-21 05:22:04] spend time is: 190
[2019-08-21 05:22:04] spend time is: 190
[2019-08-21 05:22:04] spend time is: 190
[2019-08-21 05:22:04] spend time is: 190
[2019-08-21 05:22:04] spend time is: 190
[2019-08-21 05:22:04] spend time is: 190
[2019-08-21 05:22:04] spend time is: 190
[2019-08-21 05:22:14] spend time is: 200
[2019-08-21 05:22:14] spend time is: 200
[2019-08-21 05:22:14] spend time is: 200
[2019-08-21 05:22:14] spend time is: 200
[2019-08-21 05:22:14] spend time is: 200
[2019-08-21 05:22:14] spend time is: 200
[2019-08-21 05:22:14] spend time is: 200
[2019-08-21 05:22:14] spend time is: 200
[2019-08-21 05:22:14] spend time is: 200
[2019-08-21 05:22:14] spend time is: 200
[2019-08-21 05:22:15] fluentd-2.0.0.tgz update done.
[2019-08-21 05:22:15] spend time is: 200
[2019-08-21 05:22:22] ghost-7.1.0.tgz update done.
[2019-08-21 05:22:24] spend time is: 210
[2019-08-21 05:22:24] spend time is: 210
[2019-08-21 05:22:24] spend time is: 210
[2019-08-21 05:22:24] spend time is: 210
[2019-08-21 05:22:24] spend time is: 210
[2019-08-21 05:22:24] spend time is: 210
[2019-08-21 05:22:24] spend time is: 210
[2019-08-21 05:22:24] spend time is: 210
[2019-08-21 05:22:24] spend time is: 210
[2019-08-21 05:22:24] spend time is: 210
[2019-08-21 05:22:34] spend time is: 220
[2019-08-21 05:22:34] spend time is: 220
[2019-08-21 05:22:34] spend time is: 220
[2019-08-21 05:22:34] spend time is: 220
[2019-08-21 05:22:34] spend time is: 220
[2019-08-21 05:22:34] spend time is: 220
[2019-08-21 05:22:34] spend time is: 220
[2019-08-21 05:22:34] spend time is: 220
[2019-08-21 05:22:34] spend time is: 220
[2019-08-21 05:22:35] spend time is: 220
[2019-08-21 05:22:39] gitlab-ce-0.2.2.tgz update done.
[2019-08-21 05:22:44] spend time is: 230
[2019-08-21 05:22:44] spend time is: 230
[2019-08-21 05:22:44] spend time is: 230
[2019-08-21 05:22:44] spend time is: 230
[2019-08-21 05:22:44] spend time is: 230
[2019-08-21 05:22:44] spend time is: 230
[2019-08-21 05:22:44] spend time is: 230
[2019-08-21 05:22:44] spend time is: 230
[2019-08-21 05:22:45] spend time is: 230
[2019-08-21 05:22:54] spend time is: 240
[2019-08-21 05:22:54] spend time is: 240
[2019-08-21 05:22:54] spend time is: 240
[2019-08-21 05:22:54] spend time is: 240
[2019-08-21 05:22:54] spend time is: 240
[2019-08-21 05:22:54] spend time is: 240
[2019-08-21 05:22:54] spend time is: 240
[2019-08-21 05:22:54] spend time is: 240
[2019-08-21 05:22:54] spend time is: 240
[2019-08-21 05:22:54] spend time is: 240
[2019-08-21 05:22:54] spend time is: 240
[2019-08-21 05:22:55] spend time is: 240
[2019-08-21 05:23:04] spend time is: 250
[2019-08-21 05:23:04] spend time is: 250
[2019-08-21 05:23:04] spend time is: 250
[2019-08-21 05:23:04] spend time is: 250
[2019-08-21 05:23:04] spend time is: 250
[2019-08-21 05:23:04] spend time is: 250
[2019-08-21 05:23:04] spend time is: 250
[2019-08-21 05:23:04] spend time is: 250
[2019-08-21 05:23:04] spend time is: 250
[2019-08-21 05:23:05] spend time is: 250
[2019-08-21 05:23:05] graylog-1.3.1.tgz update done.
[2019-08-21 05:23:05] spend time is: 250
[2019-08-21 05:23:14] spend time is: 260
[2019-08-21 05:23:14] spend time is: 260
[2019-08-21 05:23:14] spend time is: 260
[2019-08-21 05:23:14] spend time is: 260
[2019-08-21 05:23:14] spend time is: 260
[2019-08-21 05:23:14] spend time is: 260
[2019-08-21 05:23:14] spend time is: 260
[2019-08-21 05:23:14] spend time is: 260
[2019-08-21 05:23:14] spend time is: 260
[2019-08-21 05:23:24] spend time is: 270
[2019-08-21 05:23:24] spend time is: 270
[2019-08-21 05:23:24] spend time is: 270
[2019-08-21 05:23:24] spend time is: 270
[2019-08-21 05:23:24] spend time is: 270
[2019-08-21 05:23:24] spend time is: 270
[2019-08-21 05:23:24] spend time is: 270
[2019-08-21 05:23:24] spend time is: 270
[2019-08-21 05:23:24] spend time is: 270
[2019-08-21 05:23:29] jasperreports-6.1.0.tgz update done.
[2019-08-21 05:23:34] spend time is: 280
[2019-08-21 05:23:34] spend time is: 280
[2019-08-21 05:23:34] spend time is: 280
[2019-08-21 05:23:34] spend time is: 280
[2019-08-21 05:23:34] spend time is: 280
[2019-08-21 05:23:34] spend time is: 280
[2019-08-21 05:23:34] spend time is: 280
[2019-08-21 05:23:34] spend time is: 280
[2019-08-21 05:23:44] spend time is: 290
[2019-08-21 05:23:44] spend time is: 290
[2019-08-21 05:23:44] spend time is: 290
[2019-08-21 05:23:44] spend time is: 290
[2019-08-21 05:23:44] spend time is: 290
[2019-08-21 05:23:44] spend time is: 290
[2019-08-21 05:23:44] spend time is: 290
[2019-08-21 05:23:54] spend time is: 300
[2019-08-21 05:23:54] spend time is: 300
[2019-08-21 05:23:54] spend time is: 300
Warning: Permanently added the RSA host key for IP address '192.30.253.112' to the list of known hosts.
Warning: Permanently added the RSA host key for IP address '192.30.253.113' to the list of known hosts.
Already up to date.
Already up to date.
fatal: Unable to create '/home/travis/build/babyshen/helm-charts-mirror/.git/index.lock': File exists.

Another git process seems to be running in this repository, e.g.
an editor opened by 'git commit'. Please make sure all processes
are terminated then try again. If it still fails, a git process
may have crashed in this repository earlier:
remove the file manually to continue.
Already up to date.
fatal: Unable to create '/home/travis/build/babyshen/helm-charts-mirror/.git/index.lock': File exists.

Another git process seems to be running in this repository, e.g.
an editor opened by 'git commit'. Please make sure all processes
are terminated then try again. If it still fails, a git process
may have crashed in this repository earlier:
remove the file manually to continue.
[gh-pages 9b1bbde] Synchronizing completion at 2019-08-21
 14 files changed, 1620 insertions(+), 322 deletions(-)
 create mode 100644 dokuwiki-5.2.0.tgz
 create mode 100644 drupal-5.1.0.tgz
 rewrite elastic-stack-1.8.0.tgz (98%)
 create mode 100644 elasticsearch-exporter-1.8.0.tgz
 create mode 100644 fluentd-2.0.0.tgz
 create mode 100644 ghost-7.1.0.tgz
 rewrite gitlab-ce-0.2.2.tgz (100%)
 rewrite graylog-1.3.1.tgz (99%)
 create mode 100644 jasperreports-6.1.0.tgz
 create mode 100644 travis_wait_1980.log
To github.com:babyshen/helm-charts-mirror.git
   799ceba..9b1bbde  gh-pages -> gh-pages
Branch 'gh-pages' set up to track remote branch 'gh-pages' from 'origin'.
[2019-08-21 05:24:04] spend time is: 310
[2019-08-21 05:24:04] spend time is: 310
[2019-08-21 05:24:04] spend time is: 310
[2019-08-21 05:24:04] spend time is: 310
[2019-08-21 05:24:04] spend time is: 310
[2019-08-21 05:24:11] joomla-6.1.0.tgz update done.
[2019-08-21 05:24:14] spend time is: 320
[2019-08-21 05:24:14] spend time is: 320
[2019-08-21 05:24:14] spend time is: 320
[2019-08-21 05:24:14] spend time is: 320
[2019-08-21 05:24:14] spend time is: 320
[2019-08-21 05:24:24] spend time is: 330
[2019-08-21 05:24:24] spend time is: 330
[2019-08-21 05:24:24] spend time is: 330
[2019-08-21 05:24:24] spend time is: 330
[2019-08-21 05:24:24] spend time is: 330
[2019-08-21 05:24:24] spend time is: 330
[2019-08-21 05:24:34] spend time is: 340
[2019-08-21 05:24:34] spend time is: 340
[2019-08-21 05:24:34] spend time is: 340
[2019-08-21 05:24:34] spend time is: 340
[2019-08-21 05:24:34] spend time is: 340
[2019-08-21 05:24:34] spend time is: 340
[2019-08-21 05:24:44] spend time is: 350
[2019-08-21 05:24:44] spend time is: 350
[2019-08-21 05:24:44] spend time is: 350
[2019-08-21 05:24:44] spend time is: 350
[2019-08-21 05:24:44] spend time is: 350
[2019-08-21 05:24:54] spend time is: 360
[2019-08-21 05:24:54] spend time is: 360
[2019-08-21 05:24:54] spend time is: 360
[2019-08-21 05:24:54] spend time is: 360
[2019-08-21 05:24:54] spend time is: 360
[2019-08-21 05:24:54] spend time is: 360
[2019-08-21 05:25:03] kong-0.16.0.tgz update done.
[2019-08-21 05:25:04] kong-0.15.2.tgz update done.
[2019-08-21 05:25:04] spend time is: 370
[2019-08-21 05:25:04] kong-0.15.1.tgz update done.
[2019-08-21 05:25:04] spend time is: 370
[2019-08-21 05:25:04] spend time is: 370
[2019-08-21 05:25:04] spend time is: 370
[2019-08-21 05:25:14] spend time is: 380
[2019-08-21 05:25:14] spend time is: 380
[2019-08-21 05:25:14] spend time is: 380
[2019-08-21 05:25:14] spend time is: 380
[2019-08-21 05:25:14] spend time is: 380
[2019-08-21 05:25:14] spend time is: 380
[2019-08-21 05:25:19] kube-ops-view-1.1.0.tgz update done.
[2019-08-21 05:25:23] kube-state-metrics-2.3.1.tgz update done.
[2019-08-21 05:25:24] spend time is: 390
[2019-08-21 05:25:24] spend time is: 390
[2019-08-21 05:25:24] spend time is: 390
[2019-08-21 05:25:24] spend time is: 390
[2019-08-21 05:25:24] spend time is: 390
[2019-08-21 05:25:24] spend time is: 390
[2019-08-21 05:25:34] spend time is: 400
[2019-08-21 05:25:34] spend time is: 400
[2019-08-21 05:25:34] spend time is: 400
[2019-08-21 05:25:34] spend time is: 400
[2019-08-21 05:25:34] spend time is: 400
[2019-08-21 05:25:34] spend time is: 400
[2019-08-21 05:25:44] spend time is: 410
[2019-08-21 05:25:44] spend time is: 410
[2019-08-21 05:25:44] spend time is: 410
[2019-08-21 05:25:44] spend time is: 410
[2019-08-21 05:25:44] spend time is: 410
[2019-08-21 05:25:44] spend time is: 410
[2019-08-21 05:25:54] spend time is: 420
[2019-08-21 05:25:54] spend time is: 420
[2019-08-21 05:25:54] spend time is: 420
[2019-08-21 05:25:54] spend time is: 420
[2019-08-21 05:25:54] spend time is: 420
[2019-08-21 05:25:54] spend time is: 420
[2019-08-21 05:26:04] spend time is: 430
[2019-08-21 05:26:04] spend time is: 430
[2019-08-21 05:26:04] spend time is: 430
[2019-08-21 05:26:04] spend time is: 430
[2019-08-21 05:26:04] spend time is: 430
[2019-08-21 05:26:04] spend time is: 430
[2019-08-21 05:26:14] spend time is: 440
[2019-08-21 05:26:14] spend time is: 440
[2019-08-21 05:26:14] spend time is: 440
[2019-08-21 05:26:14] spend time is: 440
[2019-08-21 05:26:14] spend time is: 440
[2019-08-21 05:26:14] spend time is: 440
[2019-08-21 05:26:23] mariadb-6.8.0.tgz update done.
[2019-08-21 05:26:24] spend time is: 450
[2019-08-21 05:26:24] spend time is: 450
[2019-08-21 05:26:24] spend time is: 450
[2019-08-21 05:26:24] spend time is: 450
[2019-08-21 05:26:24] spend time is: 450
[2019-08-21 05:26:24] spend time is: 450
[2019-08-21 05:26:34] spend time is: 460
[2019-08-21 05:26:34] spend time is: 460
[2019-08-21 05:26:34] spend time is: 460
[2019-08-21 05:26:34] spend time is: 460
[2019-08-21 05:26:34] spend time is: 460
[2019-08-21 05:26:34] spend time is: 460
[2019-08-21 05:26:44] spend time is: 470
[2019-08-21 05:26:44] spend time is: 470
[2019-08-21 05:26:44] spend time is: 470
[2019-08-21 05:26:44] spend time is: 470
[2019-08-21 05:26:44] spend time is: 470
[2019-08-21 05:26:44] spend time is: 470
[2019-08-21 05:26:53] mediawiki-8.1.0.tgz update done.
[2019-08-21 05:26:54] spend time is: 480
[2019-08-21 05:26:54] spend time is: 480
[2019-08-21 05:26:54] spend time is: 480
[2019-08-21 05:26:54] spend time is: 480
[2019-08-21 05:26:54] spend time is: 480
[2019-08-21 05:27:04] spend time is: 490
[2019-08-21 05:27:04] spend time is: 490
[2019-08-21 05:27:04] spend time is: 490
[2019-08-21 05:27:04] spend time is: 490
[2019-08-21 05:27:04] spend time is: 490
[2019-08-21 05:27:14] spend time is: 500
[2019-08-21 05:27:14] spend time is: 500
[2019-08-21 05:27:14] spend time is: 500
[2019-08-21 05:27:14] spend time is: 500
[2019-08-21 05:27:14] spend time is: 500
[2019-08-21 05:27:14] spend time is: 500
[2019-08-21 05:27:24] spend time is: 510
[2019-08-21 05:27:24] spend time is: 510
[2019-08-21 05:27:24] spend time is: 510
[2019-08-21 05:27:24] spend time is: 510
[2019-08-21 05:27:24] spend time is: 510
[2019-08-21 05:27:24] spend time is: 510
[2019-08-21 05:27:34] spend time is: 520
[2019-08-21 05:27:34] spend time is: 520
[2019-08-21 05:27:34] spend time is: 520
[2019-08-21 05:27:34] spend time is: 520
[2019-08-21 05:27:34] spend time is: 520
[2019-08-21 05:27:44] spend time is: 530
[2019-08-21 05:27:44] spend time is: 530
[2019-08-21 05:27:44] spend time is: 530
[2019-08-21 05:27:44] spend time is: 530
[2019-08-21 05:27:44] spend time is: 530
[2019-08-21 05:27:44] spend time is: 530
[2019-08-21 05:27:47] mongodb-7.2.0.tgz update done.
[2019-08-21 05:27:54] spend time is: 540
[2019-08-21 05:27:54] spend time is: 540
[2019-08-21 05:27:54] spend time is: 540
[2019-08-21 05:27:54] spend time is: 540
[2019-08-21 05:27:54] spend time is: 540
[2019-08-21 05:27:54] spend time is: 540
[2019-08-21 05:28:04] spend time is: 550
[2019-08-21 05:28:04] spend time is: 550
[2019-08-21 05:28:04] spend time is: 550
[2019-08-21 05:28:04] spend time is: 550
[2019-08-21 05:28:04] spend time is: 550
[2019-08-21 05:28:05] spend time is: 550
[2019-08-21 05:28:14] spend time is: 560
[2019-08-21 05:28:14] spend time is: 560
[2019-08-21 05:28:14] spend time is: 560
[2019-08-21 05:28:14] spend time is: 560
[2019-08-21 05:28:14] spend time is: 560
[2019-08-21 05:28:14] spend time is: 560
[2019-08-21 05:28:24] spend time is: 570
[2019-08-21 05:28:24] spend time is: 570
[2019-08-21 05:28:24] moodle-6.1.0.tgz update done.
[2019-08-21 05:28:24] spend time is: 570
[2019-08-21 05:28:24] spend time is: 570
[2019-08-21 05:28:34] spend time is: 580
[2019-08-21 05:28:34] spend time is: 580
[2019-08-21 05:28:34] spend time is: 580
[2019-08-21 05:28:34] spend time is: 580
[2019-08-21 05:28:34] spend time is: 580
[2019-08-21 05:28:38] mssql-linux-0.10.0.tgz update done.
[2019-08-21 05:28:44] spend time is: 590
[2019-08-21 05:28:44] spend time is: 590
[2019-08-21 05:28:44] spend time is: 590
[2019-08-21 05:28:44] spend time is: 590
[2019-08-21 05:28:44] spend time is: 590
[2019-08-21 05:28:54] spend time is: 600
Warning: Permanently added the RSA host key for IP address '140.82.114.4' to the list of known hosts.
Already up to date.
