Fetching origin
Warning: Permanently added the RSA host key for IP address '140.82.112.3' to the list of known hosts.
From github.com:babyshen/helm-charts-mirror
 * [new branch]      gh-pages   -> origin/gh-pages
 * [new branch]      master     -> origin/master
Previous HEAD position was 6f4bc38 restore bug
Switched to a new branch 'gh-pages'
Branch 'gh-pages' set up to track remote branch 'gh-pages' from 'origin'.
Already up to date.
Branch 'gh-pages' set up to track remote branch 'gh-pages' from 'origin'.
  % Total    % Received % Xferd  Average Speed   Time    Time     Time  Current
                                 Dload  Upload   Total   Spent    Left  Speed
  0     0    0     0    0     0      0      0 --:--:-- --:--:-- --:--:--     0100 7947k  100 7947k    0     0  87.6M      0 --:--:-- --:--:-- --:--:-- 88.1M
[2020-03-26 12:59:46] airflow-6.5.0.tgz update done.
[2020-03-26 12:59:49] spend time is: 60
[2020-03-26 12:59:49] spend time is: 60
[2020-03-26 12:59:49] spend time is: 60
[2020-03-26 12:59:49] spend time is: 60
[2020-03-26 12:59:49] spend time is: 60
[2020-03-26 12:59:49] spend time is: 60
[2020-03-26 12:59:49] spend time is: 60
[2020-03-26 12:59:49] spend time is: 60
[2020-03-26 12:59:49] spend time is: 60
[2020-03-26 12:59:49] spend time is: 60
[2020-03-26 12:59:59] spend time is: 70
[2020-03-26 12:59:59] spend time is: 70
[2020-03-26 12:59:59] spend time is: 70
[2020-03-26 12:59:59] spend time is: 70
[2020-03-26 12:59:59] spend time is: 70
[2020-03-26 12:59:59] spend time is: 70
[2020-03-26 12:59:59] spend time is: 70
[2020-03-26 12:59:59] spend time is: 70
[2020-03-26 12:59:59] spend time is: 70
[2020-03-26 13:00:09] spend time is: 80
[2020-03-26 13:00:09] spend time is: 80
[2020-03-26 13:00:09] spend time is: 80
[2020-03-26 13:00:09] spend time is: 80
[2020-03-26 13:00:09] spend time is: 80
[2020-03-26 13:00:09] spend time is: 80
[2020-03-26 13:00:09] spend time is: 80
[2020-03-26 13:00:09] spend time is: 80
[2020-03-26 13:00:09] spend time is: 80
[2020-03-26 13:00:19] spend time is: 90
[2020-03-26 13:00:19] spend time is: 90
[2020-03-26 13:00:19] spend time is: 90
[2020-03-26 13:00:19] spend time is: 90
[2020-03-26 13:00:19] spend time is: 90
[2020-03-26 13:00:19] spend time is: 90
[2020-03-26 13:00:19] spend time is: 90
[2020-03-26 13:00:19] spend time is: 90
[2020-03-26 13:00:19] spend time is: 90
[2020-03-26 13:00:20] spend time is: 90
[2020-03-26 13:00:27] cerebro-1.6.0.tgz update done.
[2020-03-26 13:00:29] spend time is: 100
[2020-03-26 13:00:29] spend time is: 100
[2020-03-26 13:00:29] spend time is: 100
[2020-03-26 13:00:29] spend time is: 100
[2020-03-26 13:00:29] spend time is: 100
[2020-03-26 13:00:29] spend time is: 100
[2020-03-26 13:00:29] spend time is: 100
[2020-03-26 13:00:29] spend time is: 100
[2020-03-26 13:00:29] spend time is: 100
[2020-03-26 13:00:30] spend time is: 100
[2020-03-26 13:00:30] spend time is: 100
[2020-03-26 13:00:39] spend time is: 110
[2020-03-26 13:00:39] spend time is: 110
[2020-03-26 13:00:39] spend time is: 110
[2020-03-26 13:00:39] spend time is: 110
[2020-03-26 13:00:39] spend time is: 110
[2020-03-26 13:00:39] spend time is: 110
[2020-03-26 13:00:39] spend time is: 110
[2020-03-26 13:00:39] spend time is: 110
[2020-03-26 13:00:39] spend time is: 110
[2020-03-26 13:00:39] spend time is: 110
[2020-03-26 13:00:40] cloudserver-1.0.4.tgz update done.
[2020-03-26 13:00:41] cluster-autoscaler-7.2.0.tgz update done.
[2020-03-26 13:00:48] cluster-overprovisioner-0.3.0.tgz update done.
[2020-03-26 13:00:49] spend time is: 120
[2020-03-26 13:00:49] spend time is: 120
[2020-03-26 13:00:49] spend time is: 120
[2020-03-26 13:00:49] spend time is: 120
[2020-03-26 13:00:49] spend time is: 120
[2020-03-26 13:00:49] cockroachdb-3.0.7.tgz update done.
[2020-03-26 13:00:49] spend time is: 120
[2020-03-26 13:00:49] spend time is: 120
[2020-03-26 13:00:49] spend time is: 120
[2020-03-26 13:00:49] spend time is: 120
[2020-03-26 13:00:49] spend time is: 120
[2020-03-26 13:00:59] spend time is: 130
[2020-03-26 13:00:59] spend time is: 130
[2020-03-26 13:00:59] spend time is: 130
[2020-03-26 13:00:59] spend time is: 130
[2020-03-26 13:00:59] spend time is: 130
[2020-03-26 13:00:59] spend time is: 130
[2020-03-26 13:00:59] spend time is: 130
[2020-03-26 13:00:59] spend time is: 130
[2020-03-26 13:01:00] spend time is: 130
[2020-03-26 13:01:09] spend time is: 140
[2020-03-26 13:01:09] spend time is: 140
[2020-03-26 13:01:09] spend time is: 140
[2020-03-26 13:01:09] spend time is: 140
[2020-03-26 13:01:09] spend time is: 140
[2020-03-26 13:01:09] spend time is: 140
[2020-03-26 13:01:09] spend time is: 140
[2020-03-26 13:01:09] spend time is: 140
[2020-03-26 13:01:09] spend time is: 140
[2020-03-26 13:01:17] coredns-1.10.1.tgz update done.
[2020-03-26 13:01:19] spend time is: 150
[2020-03-26 13:01:19] spend time is: 150
[2020-03-26 13:01:19] spend time is: 150
[2020-03-26 13:01:19] spend time is: 150
[2020-03-26 13:01:19] spend time is: 150
[2020-03-26 13:01:19] spend time is: 150
[2020-03-26 13:01:19] spend time is: 150
[2020-03-26 13:01:19] spend time is: 150
[2020-03-26 13:01:19] spend time is: 150
[2020-03-26 13:01:19] spend time is: 150
[2020-03-26 13:01:19] spend time is: 150
[2020-03-26 13:01:29] spend time is: 160
[2020-03-26 13:01:29] spend time is: 160
[2020-03-26 13:01:29] spend time is: 160
[2020-03-26 13:01:29] spend time is: 160
[2020-03-26 13:01:29] spend time is: 160
[2020-03-26 13:01:29] spend time is: 160
[2020-03-26 13:01:29] spend time is: 160
[2020-03-26 13:01:29] spend time is: 160
[2020-03-26 13:01:29] spend time is: 160
[2020-03-26 13:01:39] spend time is: 170
[2020-03-26 13:01:39] spend time is: 170
[2020-03-26 13:01:39] spend time is: 170
[2020-03-26 13:01:39] spend time is: 170
[2020-03-26 13:01:39] spend time is: 170
[2020-03-26 13:01:39] spend time is: 170
[2020-03-26 13:01:39] spend time is: 170
[2020-03-26 13:01:39] spend time is: 170
[2020-03-26 13:01:39] spend time is: 170
[2020-03-26 13:01:39] spend time is: 170
[2020-03-26 13:01:49] spend time is: 180
[2020-03-26 13:01:49] spend time is: 180
[2020-03-26 13:01:49] spend time is: 180
[2020-03-26 13:01:49] spend time is: 180
[2020-03-26 13:01:49] spend time is: 180
[2020-03-26 13:01:49] spend time is: 180
[2020-03-26 13:01:49] spend time is: 180
[2020-03-26 13:01:49] spend time is: 180
[2020-03-26 13:01:49] spend time is: 180
[2020-03-26 13:01:59] spend time is: 190
[2020-03-26 13:01:59] spend time is: 190
[2020-03-26 13:01:59] spend time is: 190
[2020-03-26 13:01:59] spend time is: 190
[2020-03-26 13:01:59] spend time is: 190
[2020-03-26 13:01:59] spend time is: 190
[2020-03-26 13:01:59] spend time is: 190
[2020-03-26 13:01:59] spend time is: 190
[2020-03-26 13:01:59] spend time is: 190
[2020-03-26 13:02:00] spend time is: 190
[2020-03-26 13:02:09] spend time is: 200
[2020-03-26 13:02:09] spend time is: 200
[2020-03-26 13:02:09] spend time is: 200
[2020-03-26 13:02:09] spend time is: 200
[2020-03-26 13:02:09] spend time is: 200
[2020-03-26 13:02:09] spend time is: 200
[2020-03-26 13:02:09] spend time is: 200
[2020-03-26 13:02:09] spend time is: 200
[2020-03-26 13:02:09] spend time is: 200
[2020-03-26 13:02:10] spend time is: 200
[2020-03-26 13:02:19] spend time is: 210
[2020-03-26 13:02:19] spend time is: 210
[2020-03-26 13:02:19] spend time is: 210
[2020-03-26 13:02:19] spend time is: 210
[2020-03-26 13:02:19] spend time is: 210
[2020-03-26 13:02:19] spend time is: 210
[2020-03-26 13:02:19] spend time is: 210
[2020-03-26 13:02:19] spend time is: 210
[2020-03-26 13:02:19] spend time is: 210
[2020-03-26 13:02:20] spend time is: 210
[2020-03-26 13:02:20] spend time is: 210
[2020-03-26 13:02:24] elastic-stack-1.9.0.tgz update done.
[2020-03-26 13:02:29] spend time is: 220
[2020-03-26 13:02:29] spend time is: 220
[2020-03-26 13:02:29] spend time is: 220
[2020-03-26 13:02:29] spend time is: 220
[2020-03-26 13:02:29] spend time is: 220
[2020-03-26 13:02:29] spend time is: 220
[2020-03-26 13:02:29] spend time is: 220
[2020-03-26 13:02:29] spend time is: 220
[2020-03-26 13:02:29] spend time is: 220
[2020-03-26 13:02:39] spend time is: 230
[2020-03-26 13:02:39] spend time is: 230
[2020-03-26 13:02:39] spend time is: 230
[2020-03-26 13:02:39] spend time is: 230
[2020-03-26 13:02:39] spend time is: 230
[2020-03-26 13:02:39] spend time is: 230
[2020-03-26 13:02:39] spend time is: 230
[2020-03-26 13:02:39] spend time is: 230
[2020-03-26 13:02:39] spend time is: 230
[2020-03-26 13:02:39] spend time is: 230
[2020-03-26 13:02:40] spend time is: 230
[2020-03-26 13:02:49] spend time is: 240
[2020-03-26 13:02:49] spend time is: 240
[2020-03-26 13:02:49] spend time is: 240
[2020-03-26 13:02:49] spend time is: 240
[2020-03-26 13:02:49] spend time is: 240
[2020-03-26 13:02:49] spend time is: 240
[2020-03-26 13:02:49] spend time is: 240
[2020-03-26 13:02:49] spend time is: 240
[2020-03-26 13:02:49] spend time is: 240
[2020-03-26 13:02:49] spend time is: 240
[2020-03-26 13:02:49] spend time is: 240
[2020-03-26 13:02:49] spend time is: 240
[2020-03-26 13:02:58] falco-1.1.6.tgz update done.
[2020-03-26 13:02:59] spend time is: 250
[2020-03-26 13:02:59] spend time is: 250
[2020-03-26 13:02:59] spend time is: 250
[2020-03-26 13:02:59] spend time is: 250
[2020-03-26 13:02:59] spend time is: 250
[2020-03-26 13:02:59] spend time is: 250
[2020-03-26 13:02:59] spend time is: 250
[2020-03-26 13:02:59] spend time is: 250
[2020-03-26 13:03:09] spend time is: 260
[2020-03-26 13:03:09] spend time is: 260
[2020-03-26 13:03:09] spend time is: 260
[2020-03-26 13:03:09] spend time is: 260
[2020-03-26 13:03:09] spend time is: 260
[2020-03-26 13:03:09] spend time is: 260
[2020-03-26 13:03:09] spend time is: 260
[2020-03-26 13:03:09] spend time is: 260
[2020-03-26 13:03:09] spend time is: 260
[2020-03-26 13:03:19] spend time is: 270
[2020-03-26 13:03:19] spend time is: 270
[2020-03-26 13:03:19] spend time is: 270
[2020-03-26 13:03:19] spend time is: 270
[2020-03-26 13:03:19] spend time is: 270
[2020-03-26 13:03:19] spend time is: 270
[2020-03-26 13:03:19] spend time is: 270
[2020-03-26 13:03:19] spend time is: 270
[2020-03-26 13:03:19] spend time is: 270
[2020-03-26 13:03:19] spend time is: 270
[2020-03-26 13:03:23] gangway-0.4.2.tgz update done.
[2020-03-26 13:03:29] spend time is: 280
[2020-03-26 13:03:29] spend time is: 280
[2020-03-26 13:03:29] spend time is: 280
[2020-03-26 13:03:29] spend time is: 280
[2020-03-26 13:03:29] spend time is: 280
[2020-03-26 13:03:29] spend time is: 280
[2020-03-26 13:03:29] spend time is: 280
[2020-03-26 13:03:29] spend time is: 280
[2020-03-26 13:03:29] spend time is: 280
[2020-03-26 13:03:39] spend time is: 290
[2020-03-26 13:03:39] spend time is: 290
[2020-03-26 13:03:39] spend time is: 290
[2020-03-26 13:03:39] spend time is: 290
[2020-03-26 13:03:39] spend time is: 290
[2020-03-26 13:03:39] spend time is: 290
[2020-03-26 13:03:39] spend time is: 290
[2020-03-26 13:03:39] spend time is: 290
[2020-03-26 13:03:39] spend time is: 290
[2020-03-26 13:03:49] spend time is: 300
[2020-03-26 13:03:49] spend time is: 300
[2020-03-26 13:03:49] spend time is: 300
[2020-03-26 13:03:49] spend time is: 300
Warning: Permanently added the RSA host key for IP address '140.82.114.3' to the list of known hosts.
Already up to date.
Already up to date.
fatal: Unable to create '/home/travis/build/babyshen/helm-charts-mirror/.git/index.lock': File exists.

Another git process seems to be running in this repository, e.g.
an editor opened by 'git commit'. Please make sure all processes
are terminated then try again. If it still fails, a git process
may have crashed in this repository earlier:
remove the file manually to continue.
Already up to date.
fatal: Unable to create '/home/travis/build/babyshen/helm-charts-mirror/.git/index.lock': File exists.

Another git process seems to be running in this repository, e.g.
an editor opened by 'git commit'. Please make sure all processes
are terminated then try again. If it still fails, a git process
may have crashed in this repository earlier:
remove the file manually to continue.
Already up to date.
fatal: Unable to create '/home/travis/build/babyshen/helm-charts-mirror/.git/index.lock': File exists.

Another git process seems to be running in this repository, e.g.
an editor opened by 'git commit'. Please make sure all processes
are terminated then try again. If it still fails, a git process
may have crashed in this repository earlier:
remove the file manually to continue.
[gh-pages 0b9cbcc] Synchronizing completion at 2020-03-26
 14 files changed, 1171 insertions(+), 299 deletions(-)
 rewrite airflow-6.5.0.tgz (72%)
 create mode 100644 cerebro-1.6.0.tgz
 rewrite cloudserver-1.0.4.tgz (99%)
 create mode 100644 cluster-autoscaler-7.2.0.tgz
 create mode 100644 cluster-overprovisioner-0.3.0.tgz
 create mode 100644 cockroachdb-3.0.7.tgz
 create mode 100644 coredns-1.10.1.tgz
 rewrite elastic-stack-1.9.0.tgz (98%)
 create mode 100644 falco-1.1.6.tgz
 create mode 100644 gangway-0.4.2.tgz
 create mode 100644 travis_wait_1973.log
To github.com:babyshen/helm-charts-mirror.git
   14885e1..0b9cbcc  gh-pages -> gh-pages
Branch 'gh-pages' set up to track remote branch 'gh-pages' from 'origin'.
[2020-03-26 13:03:59] spend time is: 310
[2020-03-26 13:03:59] spend time is: 310
[2020-03-26 13:03:59] spend time is: 310
[2020-03-26 13:03:59] spend time is: 310
[2020-03-26 13:03:59] spend time is: 310
[2020-03-26 13:03:59] spend time is: 310
[2020-03-26 13:03:59] spend time is: 310
[2020-03-26 13:04:03] gocd-1.25.0.tgz update done.
[2020-03-26 13:04:03] gocd-1.24.0.tgz update done.
[2020-03-26 13:04:03] gocd-1.23.0.tgz update done.
[2020-03-26 13:04:09] spend time is: 320
[2020-03-26 13:04:09] spend time is: 320
[2020-03-26 13:04:09] spend time is: 320
[2020-03-26 13:04:09] spend time is: 320
[2020-03-26 13:04:09] spend time is: 320
[2020-03-26 13:04:09] spend time is: 320
[2020-03-26 13:04:09] spend time is: 320
[2020-03-26 13:04:15] grafana-5.0.9.tgz update done.
[2020-03-26 13:04:15] grafana-5.0.8.tgz update done.
[2020-03-26 13:04:15] grafana-5.0.7.tgz update done.
[2020-03-26 13:04:19] spend time is: 330
[2020-03-26 13:04:19] spend time is: 330
[2020-03-26 13:04:19] spend time is: 330
[2020-03-26 13:04:19] spend time is: 330
[2020-03-26 13:04:19] spend time is: 330
[2020-03-26 13:04:19] spend time is: 330
[2020-03-26 13:04:19] spend time is: 330
[2020-03-26 13:04:29] spend time is: 340
[2020-03-26 13:04:29] spend time is: 340
[2020-03-26 13:04:29] spend time is: 340
[2020-03-26 13:04:29] spend time is: 340
[2020-03-26 13:04:29] spend time is: 340
[2020-03-26 13:04:29] spend time is: 340
[2020-03-26 13:04:29] spend time is: 340
[2020-03-26 13:04:39] spend time is: 350
[2020-03-26 13:04:39] spend time is: 350
[2020-03-26 13:04:39] spend time is: 350
[2020-03-26 13:04:39] spend time is: 350
[2020-03-26 13:04:39] spend time is: 350
[2020-03-26 13:04:39] spend time is: 350
[2020-03-26 13:04:39] spend time is: 350
[2020-03-26 13:04:46] graylog-1.6.2.tgz update done.
[2020-03-26 13:04:46] graylog-1.6.1.tgz update done.
[2020-03-26 13:04:49] spend time is: 360
[2020-03-26 13:04:49] spend time is: 360
[2020-03-26 13:04:49] spend time is: 360
[2020-03-26 13:04:49] spend time is: 360
[2020-03-26 13:04:49] spend time is: 360
[2020-03-26 13:04:49] spend time is: 360
[2020-03-26 13:04:49] spend time is: 360
[2020-03-26 13:04:49] spend time is: 360
[2020-03-26 13:04:54] hazelcast-3.1.0.tgz update done.
[2020-03-26 13:04:54] hazelcast-3.0.6.tgz update done.
[2020-03-26 13:04:58] hazelcast-jet-1.4.3.tgz update done.
[2020-03-26 13:04:59] spend time is: 370
[2020-03-26 13:04:59] spend time is: 370
[2020-03-26 13:04:59] spend time is: 370
[2020-03-26 13:04:59] spend time is: 370
[2020-03-26 13:04:59] spend time is: 370
[2020-03-26 13:04:59] spend time is: 370
[2020-03-26 13:04:59] spend time is: 370
[2020-03-26 13:04:59] spend time is: 370
[2020-03-26 13:05:09] spend time is: 380
[2020-03-26 13:05:09] spend time is: 380
[2020-03-26 13:05:09] spend time is: 380
[2020-03-26 13:05:09] spend time is: 380
[2020-03-26 13:05:09] spend time is: 380
[2020-03-26 13:05:09] spend time is: 380
[2020-03-26 13:05:09] spend time is: 380
[2020-03-26 13:05:12] home-assistant-0.12.4.tgz update done.
[2020-03-26 13:05:12] home-assistant-0.12.3.tgz update done.
[2020-03-26 13:05:12] home-assistant-0.12.2.tgz update done.
[2020-03-26 13:05:19] spend time is: 390
[2020-03-26 13:05:19] spend time is: 390
[2020-03-26 13:05:19] spend time is: 390
[2020-03-26 13:05:19] spend time is: 390
[2020-03-26 13:05:19] spend time is: 390
[2020-03-26 13:05:19] spend time is: 390
[2020-03-26 13:05:19] spend time is: 390
[2020-03-26 13:05:20] spend time is: 390
[2020-03-26 13:05:29] spend time is: 400
[2020-03-26 13:05:29] instana-agent-1.0.25.tgz update done.
[2020-03-26 13:05:29] spend time is: 400
[2020-03-26 13:05:29] spend time is: 400
[2020-03-26 13:05:29] spend time is: 400
[2020-03-26 13:05:29] spend time is: 400
[2020-03-26 13:05:29] spend time is: 400
[2020-03-26 13:05:29] spend time is: 400
[2020-03-26 13:05:38] janusgraph-0.2.1.tgz update done.
[2020-03-26 13:05:39] spend time is: 410
[2020-03-26 13:05:39] spend time is: 410
[2020-03-26 13:05:39] spend time is: 410
[2020-03-26 13:05:39] spend time is: 410
[2020-03-26 13:05:39] spend time is: 410
[2020-03-26 13:05:39] spend time is: 410
[2020-03-26 13:05:39] spend time is: 410
[2020-03-26 13:05:49] spend time is: 420
[2020-03-26 13:05:49] spend time is: 420
[2020-03-26 13:05:49] spend time is: 420
[2020-03-26 13:05:49] spend time is: 420
[2020-03-26 13:05:49] spend time is: 420
[2020-03-26 13:05:49] spend time is: 420
[2020-03-26 13:05:49] spend time is: 420
[2020-03-26 13:05:50] jenkins-1.10.0.tgz update done.
[2020-03-26 13:05:50] spend time is: 420
[2020-03-26 13:05:50] jenkins-1.9.24.tgz update done.
[2020-03-26 13:05:50] jenkins-1.9.23.tgz update done.
[2020-03-26 13:05:51] jenkins-1.9.22.tgz update done.
[2020-03-26 13:05:59] spend time is: 430
[2020-03-26 13:05:59] spend time is: 430
[2020-03-26 13:05:59] spend time is: 430
[2020-03-26 13:05:59] spend time is: 430
[2020-03-26 13:05:59] spend time is: 430
[2020-03-26 13:05:59] spend time is: 430
[2020-03-26 13:05:59] spend time is: 430
[2020-03-26 13:06:09] spend time is: 440
[2020-03-26 13:06:09] spend time is: 440
[2020-03-26 13:06:09] spend time is: 440
[2020-03-26 13:06:09] spend time is: 440
[2020-03-26 13:06:09] spend time is: 440
[2020-03-26 13:06:09] spend time is: 440
[2020-03-26 13:06:09] spend time is: 440
[2020-03-26 13:06:19] spend time is: 450
[2020-03-26 13:06:19] spend time is: 450
[2020-03-26 13:06:19] spend time is: 450
[2020-03-26 13:06:19] spend time is: 450
[2020-03-26 13:06:19] spend time is: 450
[2020-03-26 13:06:19] spend time is: 450
[2020-03-26 13:06:19] spend time is: 450
[2020-03-26 13:06:29] spend time is: 460
[2020-03-26 13:06:29] spend time is: 460
[2020-03-26 13:06:29] spend time is: 460
[2020-03-26 13:06:29] spend time is: 460
[2020-03-26 13:06:29] spend time is: 460
[2020-03-26 13:06:29] spend time is: 460
[2020-03-26 13:06:29] spend time is: 460
[2020-03-26 13:06:39] spend time is: 470
[2020-03-26 13:06:39] spend time is: 470
[2020-03-26 13:06:39] spend time is: 470
[2020-03-26 13:06:39] spend time is: 470
[2020-03-26 13:06:39] spend time is: 470
[2020-03-26 13:06:39] spend time is: 470
[2020-03-26 13:06:39] spend time is: 470
[2020-03-26 13:06:39] spend time is: 470
[2020-03-26 13:06:49] spend time is: 480
[2020-03-26 13:06:49] spend time is: 480
[2020-03-26 13:06:49] spend time is: 480
[2020-03-26 13:06:49] spend time is: 480
[2020-03-26 13:06:49] spend time is: 480
[2020-03-26 13:06:49] spend time is: 480
[2020-03-26 13:06:49] spend time is: 480
[2020-03-26 13:06:59] spend time is: 490
[2020-03-26 13:06:59] spend time is: 490
[2020-03-26 13:06:59] spend time is: 490
[2020-03-26 13:06:59] spend time is: 490
[2020-03-26 13:06:59] spend time is: 490
[2020-03-26 13:06:59] spend time is: 490
[2020-03-26 13:06:59] spend time is: 490
[2020-03-26 13:06:59] spend time is: 490
[2020-03-26 13:07:09] spend time is: 500
[2020-03-26 13:07:09] spend time is: 500
[2020-03-26 13:07:09] spend time is: 500
[2020-03-26 13:07:09] spend time is: 500
[2020-03-26 13:07:09] spend time is: 500
[2020-03-26 13:07:09] spend time is: 500
[2020-03-26 13:07:09] spend time is: 500
[2020-03-26 13:07:19] spend time is: 510
[2020-03-26 13:07:19] spend time is: 510
[2020-03-26 13:07:19] spend time is: 510
[2020-03-26 13:07:19] spend time is: 510
[2020-03-26 13:07:19] spend time is: 510
[2020-03-26 13:07:19] spend time is: 510
[2020-03-26 13:07:19] spend time is: 510
[2020-03-26 13:07:19] spend time is: 510
[2020-03-26 13:07:29] spend time is: 520
[2020-03-26 13:07:29] spend time is: 520
[2020-03-26 13:07:29] spend time is: 520
[2020-03-26 13:07:29] spend time is: 520
[2020-03-26 13:07:29] spend time is: 520
[2020-03-26 13:07:29] spend time is: 520
[2020-03-26 13:07:29] spend time is: 520
[2020-03-26 13:07:32] kube-state-metrics-2.8.2.tgz update done.
[2020-03-26 13:07:39] spend time is: 530
[2020-03-26 13:07:39] spend time is: 530
[2020-03-26 13:07:39] spend time is: 530
[2020-03-26 13:07:39] spend time is: 530
[2020-03-26 13:07:39] spend time is: 530
[2020-03-26 13:07:39] spend time is: 530
[2020-03-26 13:07:39] spend time is: 530
[2020-03-26 13:07:39] spend time is: 530
[2020-03-26 13:07:49] spend time is: 540
[2020-03-26 13:07:49] spend time is: 540
[2020-03-26 13:07:49] spend time is: 540
[2020-03-26 13:07:49] spend time is: 540
[2020-03-26 13:07:49] spend time is: 540
[2020-03-26 13:07:49] spend time is: 540
[2020-03-26 13:07:49] spend time is: 540
[2020-03-26 13:07:59] spend time is: 550
[2020-03-26 13:07:59] spend time is: 550
[2020-03-26 13:07:59] spend time is: 550
[2020-03-26 13:07:59] spend time is: 550
[2020-03-26 13:07:59] spend time is: 550
[2020-03-26 13:07:59] spend time is: 550
[2020-03-26 13:07:59] spend time is: 550
[2020-03-26 13:08:09] spend time is: 560
[2020-03-26 13:08:09] spend time is: 560
[2020-03-26 13:08:09] spend time is: 560
[2020-03-26 13:08:09] spend time is: 560
[2020-03-26 13:08:09] spend time is: 560
[2020-03-26 13:08:09] spend time is: 560
[2020-03-26 13:08:09] spend time is: 560
[2020-03-26 13:08:09] spend time is: 560
[2020-03-26 13:08:19] spend time is: 570
[2020-03-26 13:08:19] spend time is: 570
[2020-03-26 13:08:19] spend time is: 570
[2020-03-26 13:08:19] spend time is: 570
[2020-03-26 13:08:19] spend time is: 570
[2020-03-26 13:08:19] spend time is: 570
[2020-03-26 13:08:19] spend time is: 570
[2020-03-26 13:08:29] spend time is: 580
[2020-03-26 13:08:29] spend time is: 580
[2020-03-26 13:08:29] spend time is: 580
[2020-03-26 13:08:29] spend time is: 580
[2020-03-26 13:08:29] spend time is: 580
[2020-03-26 13:08:29] spend time is: 580
[2020-03-26 13:08:29] spend time is: 580
[2020-03-26 13:08:39] spend time is: 590
[2020-03-26 13:08:39] spend time is: 590
[2020-03-26 13:08:39] spend time is: 590
[2020-03-26 13:08:39] spend time is: 590
[2020-03-26 13:08:39] spend time is: 590
[2020-03-26 13:08:39] spend time is: 590
[2020-03-26 13:08:39] spend time is: 590
[2020-03-26 13:08:39] spend time is: 590
[2020-03-26 13:08:49] spend time is: 600
Warning: Permanently added the RSA host key for IP address '140.82.114.4' to the list of known hosts.
Already up to date.
