Fetching origin
Warning: Permanently added the RSA host key for IP address '140.82.113.4' to the list of known hosts.
From github.com:babyshen/helm-charts-mirror
 * [new branch]      gh-pages   -> origin/gh-pages
 * [new branch]      master     -> origin/master
Previous HEAD position was 6f4bc38 restore bug
Switched to a new branch 'gh-pages'
Branch 'gh-pages' set up to track remote branch 'gh-pages' from 'origin'.
Already up to date.
Branch 'gh-pages' set up to track remote branch 'gh-pages' from 'origin'.
  % Total    % Received % Xferd  Average Speed   Time    Time     Time  Current
                                 Dload  Upload   Total   Spent    Left  Speed
  0     0    0     0    0     0      0      0 --:--:-- --:--:-- --:--:--     0100 7492k  100 7492k    0     0  78.1M      0 --:--:-- --:--:-- --:--:-- 78.6M
[2020-01-30 06:35:54] spend time is: 50
[2020-01-30 06:35:54] spend time is: 50
[2020-01-30 06:35:54] spend time is: 50
[2020-01-30 06:35:54] spend time is: 50
[2020-01-30 06:35:54] spend time is: 50
[2020-01-30 06:35:54] spend time is: 50
[2020-01-30 06:35:54] spend time is: 50
[2020-01-30 06:35:54] spend time is: 50
[2020-01-30 06:35:57] airflow-5.2.5.tgz update done.
[2020-01-30 06:36:04] spend time is: 60
[2020-01-30 06:36:04] spend time is: 60
[2020-01-30 06:36:04] spend time is: 60
[2020-01-30 06:36:04] spend time is: 60
[2020-01-30 06:36:04] spend time is: 60
[2020-01-30 06:36:04] spend time is: 60
[2020-01-30 06:36:04] spend time is: 60
[2020-01-30 06:36:04] spend time is: 60
[2020-01-30 06:36:04] spend time is: 60
[2020-01-30 06:36:04] spend time is: 60
[2020-01-30 06:36:14] spend time is: 70
[2020-01-30 06:36:14] spend time is: 70
[2020-01-30 06:36:14] spend time is: 70
[2020-01-30 06:36:14] spend time is: 70
[2020-01-30 06:36:14] spend time is: 70
[2020-01-30 06:36:14] spend time is: 70
[2020-01-30 06:36:14] spend time is: 70
[2020-01-30 06:36:14] spend time is: 70
[2020-01-30 06:36:14] spend time is: 70
[2020-01-30 06:36:14] spend time is: 70
[2020-01-30 06:36:15] spend time is: 70
[2020-01-30 06:36:15] spend time is: 70
[2020-01-30 06:36:24] spend time is: 80
[2020-01-30 06:36:24] spend time is: 80
[2020-01-30 06:36:24] spend time is: 80
[2020-01-30 06:36:24] spend time is: 80
[2020-01-30 06:36:24] spend time is: 80
[2020-01-30 06:36:24] spend time is: 80
[2020-01-30 06:36:24] spend time is: 80
[2020-01-30 06:36:24] spend time is: 80
[2020-01-30 06:36:24] spend time is: 80
[2020-01-30 06:36:24] spend time is: 80
[2020-01-30 06:36:34] spend time is: 90
[2020-01-30 06:36:34] spend time is: 90
[2020-01-30 06:36:34] spend time is: 90
[2020-01-30 06:36:34] spend time is: 90
[2020-01-30 06:36:34] spend time is: 90
[2020-01-30 06:36:34] spend time is: 90
[2020-01-30 06:36:34] spend time is: 90
[2020-01-30 06:36:34] spend time is: 90
[2020-01-30 06:36:34] spend time is: 90
[2020-01-30 06:36:34] spend time is: 90
[2020-01-30 06:36:34] spend time is: 90
[2020-01-30 06:36:41] chartmuseum-2.7.1.tgz update done.
[2020-01-30 06:36:44] spend time is: 100
[2020-01-30 06:36:44] spend time is: 100
[2020-01-30 06:36:44] spend time is: 100
[2020-01-30 06:36:44] spend time is: 100
[2020-01-30 06:36:44] spend time is: 100
[2020-01-30 06:36:44] spend time is: 100
[2020-01-30 06:36:44] spend time is: 100
[2020-01-30 06:36:44] spend time is: 100
[2020-01-30 06:36:44] spend time is: 100
[2020-01-30 06:36:44] spend time is: 100
[2020-01-30 06:36:45] spend time is: 100
[2020-01-30 06:36:47] cluster-autoscaler-6.3.0.tgz update done.
[2020-01-30 06:36:54] spend time is: 110
[2020-01-30 06:36:54] spend time is: 110
[2020-01-30 06:36:54] spend time is: 110
[2020-01-30 06:36:54] spend time is: 110
[2020-01-30 06:36:54] spend time is: 110
[2020-01-30 06:36:54] spend time is: 110
[2020-01-30 06:36:54] spend time is: 110
[2020-01-30 06:36:54] spend time is: 110
[2020-01-30 06:36:54] spend time is: 110
[2020-01-30 06:36:54] spend time is: 110
[2020-01-30 06:36:54] spend time is: 110
[2020-01-30 06:37:04] spend time is: 120
[2020-01-30 06:37:04] spend time is: 120
[2020-01-30 06:37:04] spend time is: 120
[2020-01-30 06:37:04] spend time is: 120
[2020-01-30 06:37:04] spend time is: 120
[2020-01-30 06:37:04] spend time is: 120
[2020-01-30 06:37:04] spend time is: 120
[2020-01-30 06:37:04] spend time is: 120
[2020-01-30 06:37:04] spend time is: 120
[2020-01-30 06:37:04] spend time is: 120
[2020-01-30 06:37:14] spend time is: 130
[2020-01-30 06:37:14] spend time is: 130
[2020-01-30 06:37:14] spend time is: 130
[2020-01-30 06:37:14] spend time is: 130
[2020-01-30 06:37:14] spend time is: 130
[2020-01-30 06:37:14] spend time is: 130
[2020-01-30 06:37:14] spend time is: 130
[2020-01-30 06:37:14] spend time is: 130
[2020-01-30 06:37:14] spend time is: 130
[2020-01-30 06:37:19] coredns-1.9.1.tgz update done.
[2020-01-30 06:37:19] coredns-1.9.0.tgz update done.
[2020-01-30 06:37:24] spend time is: 140
[2020-01-30 06:37:24] spend time is: 140
[2020-01-30 06:37:24] spend time is: 140
[2020-01-30 06:37:24] spend time is: 140
[2020-01-30 06:37:24] spend time is: 140
[2020-01-30 06:37:24] spend time is: 140
[2020-01-30 06:37:24] spend time is: 140
[2020-01-30 06:37:24] spend time is: 140
[2020-01-30 06:37:24] spend time is: 140
[2020-01-30 06:37:24] spend time is: 140
[2020-01-30 06:37:24] spend time is: 140
[2020-01-30 06:37:34] spend time is: 150
[2020-01-30 06:37:34] spend time is: 150
[2020-01-30 06:37:34] spend time is: 150
[2020-01-30 06:37:34] spend time is: 150
[2020-01-30 06:37:34] spend time is: 150
[2020-01-30 06:37:34] spend time is: 150
[2020-01-30 06:37:34] spend time is: 150
[2020-01-30 06:37:34] spend time is: 150
[2020-01-30 06:37:34] spend time is: 150
[2020-01-30 06:37:34] spend time is: 150
[2020-01-30 06:37:44] spend time is: 160
[2020-01-30 06:37:44] spend time is: 160
[2020-01-30 06:37:44] spend time is: 160
[2020-01-30 06:37:44] spend time is: 160
[2020-01-30 06:37:44] spend time is: 160
[2020-01-30 06:37:44] spend time is: 160
[2020-01-30 06:37:44] spend time is: 160
[2020-01-30 06:37:44] spend time is: 160
[2020-01-30 06:37:44] spend time is: 160
[2020-01-30 06:37:44] spend time is: 160
[2020-01-30 06:37:44] spend time is: 160
[2020-01-30 06:37:54] spend time is: 170
[2020-01-30 06:37:54] spend time is: 170
[2020-01-30 06:37:54] spend time is: 170
[2020-01-30 06:37:54] spend time is: 170
[2020-01-30 06:37:54] spend time is: 170
[2020-01-30 06:37:54] spend time is: 170
[2020-01-30 06:37:54] spend time is: 170
[2020-01-30 06:38:04] spend time is: 180
[2020-01-30 06:38:04] spend time is: 180
[2020-01-30 06:38:04] spend time is: 180
[2020-01-30 06:38:04] spend time is: 180
[2020-01-30 06:38:04] spend time is: 180
[2020-01-30 06:38:04] spend time is: 180
[2020-01-30 06:38:04] spend time is: 180
[2020-01-30 06:38:04] spend time is: 180
[2020-01-30 06:38:04] spend time is: 180
[2020-01-30 06:38:14] spend time is: 190
[2020-01-30 06:38:14] spend time is: 190
[2020-01-30 06:38:14] spend time is: 190
[2020-01-30 06:38:14] spend time is: 190
[2020-01-30 06:38:14] spend time is: 190
[2020-01-30 06:38:14] spend time is: 190
[2020-01-30 06:38:14] spend time is: 190
[2020-01-30 06:38:14] spend time is: 190
[2020-01-30 06:38:24] spend time is: 200
[2020-01-30 06:38:24] spend time is: 200
[2020-01-30 06:38:24] spend time is: 200
[2020-01-30 06:38:24] spend time is: 200
[2020-01-30 06:38:24] spend time is: 200
[2020-01-30 06:38:24] spend time is: 200
[2020-01-30 06:38:29] elastic-stack-1.8.0.tgz update done.
[2020-01-30 06:38:34] spend time is: 210
[2020-01-30 06:38:34] spend time is: 210
[2020-01-30 06:38:34] spend time is: 210
[2020-01-30 06:38:34] spend time is: 210
[2020-01-30 06:38:34] spend time is: 210
[2020-01-30 06:38:34] spend time is: 210
[2020-01-30 06:38:34] spend time is: 210
[2020-01-30 06:38:34] spend time is: 210
[2020-01-30 06:38:35] spend time is: 210
[2020-01-30 06:38:44] spend time is: 220
[2020-01-30 06:38:44] spend time is: 220
[2020-01-30 06:38:44] spend time is: 220
[2020-01-30 06:38:44] spend time is: 220
[2020-01-30 06:38:44] spend time is: 220
[2020-01-30 06:38:44] spend time is: 220
[2020-01-30 06:38:44] spend time is: 220
[2020-01-30 06:38:44] spend time is: 220
[2020-01-30 06:38:51] external-dns-2.16.0.tgz update done.
[2020-01-30 06:38:54] spend time is: 230
[2020-01-30 06:38:54] spend time is: 230
[2020-01-30 06:38:54] spend time is: 230
[2020-01-30 06:38:54] spend time is: 230
[2020-01-30 06:38:54] spend time is: 230
[2020-01-30 06:38:54] spend time is: 230
[2020-01-30 06:38:54] spend time is: 230
[2020-01-30 06:39:04] spend time is: 240
[2020-01-30 06:39:04] spend time is: 240
[2020-01-30 06:39:04] spend time is: 240
[2020-01-30 06:39:04] spend time is: 240
[2020-01-30 06:39:04] spend time is: 240
[2020-01-30 06:39:04] spend time is: 240
[2020-01-30 06:39:04] spend time is: 240
[2020-01-30 06:39:04] spend time is: 240
[2020-01-30 06:39:14] spend time is: 250
[2020-01-30 06:39:14] spend time is: 250
[2020-01-30 06:39:14] spend time is: 250
[2020-01-30 06:39:14] spend time is: 250
[2020-01-30 06:39:14] spend time is: 250
[2020-01-30 06:39:14] spend time is: 250
[2020-01-30 06:39:14] spend time is: 250
[2020-01-30 06:39:15] spend time is: 250
[2020-01-30 06:39:24] spend time is: 260
[2020-01-30 06:39:24] spend time is: 260
[2020-01-30 06:39:24] spend time is: 260
[2020-01-30 06:39:24] spend time is: 260
[2020-01-30 06:39:24] spend time is: 260
[2020-01-30 06:39:24] spend time is: 260
[2020-01-30 06:39:24] spend time is: 260
[2020-01-30 06:39:24] spend time is: 260
[2020-01-30 06:39:34] spend time is: 270
[2020-01-30 06:39:34] spend time is: 270
[2020-01-30 06:39:34] spend time is: 270
[2020-01-30 06:39:34] spend time is: 270
[2020-01-30 06:39:34] spend time is: 270
[2020-01-30 06:39:34] spend time is: 270
[2020-01-30 06:39:34] spend time is: 270
[2020-01-30 06:39:34] spend time is: 270
[2020-01-30 06:39:34] spend time is: 270
[2020-01-30 06:39:41] ghost-9.1.4.tgz update done.
[2020-01-30 06:39:44] spend time is: 280
[2020-01-30 06:39:44] spend time is: 280
[2020-01-30 06:39:44] spend time is: 280
[2020-01-30 06:39:44] spend time is: 280
[2020-01-30 06:39:44] spend time is: 280
[2020-01-30 06:39:44] spend time is: 280
[2020-01-30 06:39:44] spend time is: 280
[2020-01-30 06:39:44] spend time is: 280
[2020-01-30 06:39:44] spend time is: 280
[2020-01-30 06:39:54] spend time is: 290
[2020-01-30 06:39:54] spend time is: 290
[2020-01-30 06:39:54] spend time is: 290
[2020-01-30 06:39:54] spend time is: 290
[2020-01-30 06:39:54] spend time is: 290
[2020-01-30 06:39:54] spend time is: 290
[2020-01-30 06:39:54] spend time is: 290
[2020-01-30 06:39:54] spend time is: 290
[2020-01-30 06:39:54] spend time is: 290
[2020-01-30 06:40:04] spend time is: 300
[2020-01-30 06:40:04] spend time is: 300
[2020-01-30 06:40:04] spend time is: 300
Warning: Permanently added the RSA host key for IP address '140.82.114.4' to the list of known hosts.
Already up to date.
Already up to date.
warning: fetch updated the current branch head.
fast-forwarding your working tree from
commit b13a3970f7ba0d793b67dcd2e5fe77610de932a4.
error: Unable to create '/home/travis/build/babyshen/helm-charts-mirror/.git/index.lock': File exists.

Another git process seems to be running in this repository, e.g.
an editor opened by 'git commit'. Please make sure all processes
are terminated then try again. If it still fails, a git process
may have crashed in this repository earlier:
remove the file manually to continue.
fatal: Cannot fast-forward your working tree.
After making sure that you saved anything precious from
$ git diff b13a3970f7ba0d793b67dcd2e5fe77610de932a4
output, run
$ git reset --hard
to recover.
[gh-pages 2966d47] Synchronizing completion at 2020-01-30
 1 file changed, 1 insertion(+)
[gh-pages 58da306] Synchronizing completion at 2020-01-30
 12 files changed, 997 insertions(+), 306 deletions(-)
 rewrite airflow-5.2.5.tgz (60%)
 create mode 100644 chartmuseum-2.7.1.tgz
 create mode 100644 cluster-autoscaler-6.3.0.tgz
 create mode 100644 coredns-1.9.0.tgz
 create mode 100644 coredns-1.9.1.tgz
 rewrite elastic-stack-1.8.0.tgz (98%)
 create mode 100644 external-dns-2.16.0.tgz
 create mode 100644 ghost-9.1.4.tgz
 create mode 100644 travis_wait_2048.log
To github.com:babyshen/helm-charts-mirror.git
   b13a397..2966d47  gh-pages -> gh-pages
Branch 'gh-pages' set up to track remote branch 'gh-pages' from 'origin'.
To github.com:babyshen/helm-charts-mirror.git
 ! [remote rejected] gh-pages -> gh-pages (cannot lock ref 'refs/heads/gh-pages': is at 2966d47f6fe5b5db8d55b14395ec8a199c66fe3c but expected b13a3970f7ba0d793b67dcd2e5fe77610de932a4)
error: failed to push some refs to 'git@github.com:babyshen/helm-charts-mirror.git'
[2020-01-30 06:40:14] spend time is: 310
[2020-01-30 06:40:14] spend time is: 310
[2020-01-30 06:40:14] spend time is: 310
[2020-01-30 06:40:14] spend time is: 310
[2020-01-30 06:40:14] spend time is: 310
[2020-01-30 06:40:14] spend time is: 310
[2020-01-30 06:40:17] gitlab-ce-0.2.2.tgz update done.
[2020-01-30 06:40:24] spend time is: 320
[2020-01-30 06:40:24] spend time is: 320
[2020-01-30 06:40:24] spend time is: 320
[2020-01-30 06:40:24] spend time is: 320
[2020-01-30 06:40:24] spend time is: 320
[2020-01-30 06:40:24] spend time is: 320
[2020-01-30 06:40:34] spend time is: 330
[2020-01-30 06:40:34] spend time is: 330
[2020-01-30 06:40:34] spend time is: 330
[2020-01-30 06:40:34] spend time is: 330
[2020-01-30 06:40:34] spend time is: 330
[2020-01-30 06:40:34] spend time is: 330
[2020-01-30 06:40:36] grafana-4.4.0.tgz update done.
[2020-01-30 06:40:44] spend time is: 340
[2020-01-30 06:40:44] spend time is: 340
[2020-01-30 06:40:44] spend time is: 340
[2020-01-30 06:40:44] spend time is: 340
[2020-01-30 06:40:44] spend time is: 340
[2020-01-30 06:40:44] spend time is: 340
[2020-01-30 06:40:54] spend time is: 350
[2020-01-30 06:40:54] spend time is: 350
[2020-01-30 06:40:54] spend time is: 350
[2020-01-30 06:40:54] spend time is: 350
[2020-01-30 06:40:54] spend time is: 350
[2020-01-30 06:40:54] spend time is: 350
[2020-01-30 06:41:04] spend time is: 360
[2020-01-30 06:41:04] spend time is: 360
[2020-01-30 06:41:04] spend time is: 360
[2020-01-30 06:41:04] spend time is: 360
[2020-01-30 06:41:04] spend time is: 360
[2020-01-30 06:41:05] spend time is: 360
[2020-01-30 06:41:14] graylog-1.5.2.tgz update done.
[2020-01-30 06:41:14] spend time is: 370
[2020-01-30 06:41:14] graylog-1.5.1.tgz update done.
[2020-01-30 06:41:14] spend time is: 370
[2020-01-30 06:41:14] spend time is: 370
[2020-01-30 06:41:14] spend time is: 370
[2020-01-30 06:41:14] spend time is: 370
[2020-01-30 06:41:18] hackmd-1.2.4.tgz update done.
[2020-01-30 06:41:24] spend time is: 380
[2020-01-30 06:41:24] spend time is: 380
[2020-01-30 06:41:24] spend time is: 380
[2020-01-30 06:41:24] spend time is: 380
[2020-01-30 06:41:24] spend time is: 380
[2020-01-30 06:41:24] spend time is: 380
[2020-01-30 06:41:31] helm-exporter-0.3.3.tgz update done.
[2020-01-30 06:41:34] spend time is: 390
[2020-01-30 06:41:34] spend time is: 390
[2020-01-30 06:41:34] spend time is: 390
[2020-01-30 06:41:34] spend time is: 390
[2020-01-30 06:41:34] spend time is: 390
[2020-01-30 06:41:34] spend time is: 390
[2020-01-30 06:41:42] home-assistant-0.12.0.tgz update done.
[2020-01-30 06:41:42] home-assistant-0.11.0.tgz update done.
[2020-01-30 06:41:44] spend time is: 400
[2020-01-30 06:41:44] spend time is: 400
[2020-01-30 06:41:44] spend time is: 400
[2020-01-30 06:41:44] spend time is: 400
[2020-01-30 06:41:44] spend time is: 400
[2020-01-30 06:41:45] spend time is: 400
[2020-01-30 06:41:54] spend time is: 410
[2020-01-30 06:41:54] spend time is: 410
[2020-01-30 06:41:54] spend time is: 410
[2020-01-30 06:41:54] spend time is: 410
[2020-01-30 06:41:54] spend time is: 410
[2020-01-30 06:42:04] spend time is: 420
[2020-01-30 06:42:04] spend time is: 420
[2020-01-30 06:42:04] spend time is: 420
[2020-01-30 06:42:04] spend time is: 420
[2020-01-30 06:42:04] spend time is: 420
[2020-01-30 06:42:04] spend time is: 420
[2020-01-30 06:42:12] janusgraph-0.2.1.tgz update done.
[2020-01-30 06:42:12] jasperreports-7.0.4.tgz update done.
[2020-01-30 06:42:14] spend time is: 430
[2020-01-30 06:42:14] spend time is: 430
[2020-01-30 06:42:14] spend time is: 430
[2020-01-30 06:42:14] spend time is: 430
[2020-01-30 06:42:14] spend time is: 430
[2020-01-30 06:42:14] spend time is: 430
[2020-01-30 06:42:24] spend time is: 440
[2020-01-30 06:42:24] spend time is: 440
[2020-01-30 06:42:24] spend time is: 440
[2020-01-30 06:42:24] spend time is: 440
[2020-01-30 06:42:24] spend time is: 440
[2020-01-30 06:42:25] spend time is: 440
[2020-01-30 06:42:34] spend time is: 450
[2020-01-30 06:42:34] spend time is: 450
[2020-01-30 06:42:34] spend time is: 450
[2020-01-30 06:42:34] spend time is: 450
[2020-01-30 06:42:34] spend time is: 450
[2020-01-30 06:42:44] spend time is: 460
[2020-01-30 06:42:44] spend time is: 460
[2020-01-30 06:42:44] spend time is: 460
[2020-01-30 06:42:44] spend time is: 460
[2020-01-30 06:42:44] spend time is: 460
[2020-01-30 06:42:44] spend time is: 460
[2020-01-30 06:42:54] spend time is: 470
[2020-01-30 06:42:54] spend time is: 470
[2020-01-30 06:42:54] spend time is: 470
[2020-01-30 06:42:54] spend time is: 470
[2020-01-30 06:42:54] spend time is: 470
[2020-01-30 06:43:04] spend time is: 480
[2020-01-30 06:43:04] spend time is: 480
[2020-01-30 06:43:04] spend time is: 480
[2020-01-30 06:43:04] spend time is: 480
[2020-01-30 06:43:04] spend time is: 480
[2020-01-30 06:43:04] spend time is: 480
[2020-01-30 06:43:06] joomla-7.1.5.tgz update done.
[2020-01-30 06:43:07] joomla-7.1.4.tgz update done.
[2020-01-30 06:43:14] spend time is: 490
[2020-01-30 06:43:14] spend time is: 490
[2020-01-30 06:43:14] spend time is: 490
[2020-01-30 06:43:14] spend time is: 490
[2020-01-30 06:43:14] spend time is: 490
[2020-01-30 06:43:14] spend time is: 490
[2020-01-30 06:43:24] spend time is: 500
[2020-01-30 06:43:24] spend time is: 500
[2020-01-30 06:43:24] spend time is: 500
[2020-01-30 06:43:24] spend time is: 500
[2020-01-30 06:43:24] spend time is: 500
[2020-01-30 06:43:24] spend time is: 500
[2020-01-30 06:43:34] spend time is: 510
[2020-01-30 06:43:34] spend time is: 510
[2020-01-30 06:43:34] spend time is: 510
[2020-01-30 06:43:34] spend time is: 510
[2020-01-30 06:43:34] spend time is: 510
[2020-01-30 06:43:34] spend time is: 510
[2020-01-30 06:43:35] karma-1.4.1.tgz update done.
[2020-01-30 06:43:44] spend time is: 520
[2020-01-30 06:43:44] spend time is: 520
[2020-01-30 06:43:44] spend time is: 520
[2020-01-30 06:43:44] spend time is: 520
[2020-01-30 06:43:44] spend time is: 520
[2020-01-30 06:43:53] kibana-3.2.6.tgz update done.
[2020-01-30 06:43:54] spend time is: 530
[2020-01-30 06:43:54] spend time is: 530
[2020-01-30 06:43:54] spend time is: 530
[2020-01-30 06:43:54] spend time is: 530
[2020-01-30 06:43:54] spend time is: 530
[2020-01-30 06:44:04] spend time is: 540
[2020-01-30 06:44:04] spend time is: 540
[2020-01-30 06:44:04] spend time is: 540
[2020-01-30 06:44:04] spend time is: 540
[2020-01-30 06:44:04] spend time is: 540
[2020-01-30 06:44:04] spend time is: 540
[2020-01-30 06:44:14] spend time is: 550
[2020-01-30 06:44:14] spend time is: 550
[2020-01-30 06:44:14] spend time is: 550
[2020-01-30 06:44:14] spend time is: 550
[2020-01-30 06:44:14] spend time is: 550
[2020-01-30 06:44:14] spend time is: 550
[2020-01-30 06:44:24] spend time is: 560
[2020-01-30 06:44:24] spend time is: 560
[2020-01-30 06:44:24] spend time is: 560
[2020-01-30 06:44:24] spend time is: 560
[2020-01-30 06:44:24] spend time is: 560
[2020-01-30 06:44:34] spend time is: 570
[2020-01-30 06:44:34] spend time is: 570
[2020-01-30 06:44:34] spend time is: 570
[2020-01-30 06:44:34] spend time is: 570
[2020-01-30 06:44:34] kube-state-metrics-2.6.3.tgz update done.
[2020-01-30 06:44:34] spend time is: 570
[2020-01-30 06:44:44] spend time is: 580
[2020-01-30 06:44:44] spend time is: 580
[2020-01-30 06:44:44] spend time is: 580
[2020-01-30 06:44:44] spend time is: 580
[2020-01-30 06:44:44] spend time is: 580
[2020-01-30 06:44:44] spend time is: 580
[2020-01-30 06:44:54] spend time is: 590
[2020-01-30 06:44:54] spend time is: 590
[2020-01-30 06:44:54] spend time is: 590
[2020-01-30 06:44:54] spend time is: 590
[2020-01-30 06:44:54] spend time is: 590
[2020-01-30 06:44:54] spend time is: 590
[2020-01-30 06:45:04] spend time is: 600
Already up to date.
