Fetching origin
Warning: Permanently added the RSA host key for IP address '140.82.112.3' to the list of known hosts.
From github.com:babyshen/helm-charts-mirror
 * [new branch]      gh-pages   -> origin/gh-pages
 * [new branch]      master     -> origin/master
Previous HEAD position was 6f4bc38 restore bug
Switched to a new branch 'gh-pages'
Branch 'gh-pages' set up to track remote branch 'gh-pages' from 'origin'.
Warning: Permanently added the RSA host key for IP address '140.82.114.4' to the list of known hosts.
Already up to date.
Branch 'gh-pages' set up to track remote branch 'gh-pages' from 'origin'.
  % Total    % Received % Xferd  Average Speed   Time    Time     Time  Current
                                 Dload  Upload   Total   Spent    Left  Speed
  0     0    0     0    0     0      0      0 --:--:-- --:--:-- --:--:--     0100 8158k  100 8158k    0     0  74.6M      0 --:--:-- --:--:-- --:--:-- 75.1M
[2020-05-03 13:26:51] airflow-6.8.1.tgz update done.
[2020-05-03 13:26:53] spend time is: 60
[2020-05-03 13:26:53] spend time is: 60
[2020-05-03 13:26:53] spend time is: 60
[2020-05-03 13:26:53] spend time is: 60
[2020-05-03 13:26:53] spend time is: 60
[2020-05-03 13:26:53] spend time is: 60
[2020-05-03 13:26:53] spend time is: 60
[2020-05-03 13:26:53] spend time is: 60
[2020-05-03 13:26:53] spend time is: 60
[2020-05-03 13:26:53] spend time is: 60
[2020-05-03 13:27:03] spend time is: 70
[2020-05-03 13:27:03] spend time is: 70
[2020-05-03 13:27:03] spend time is: 70
[2020-05-03 13:27:03] spend time is: 70
[2020-05-03 13:27:03] spend time is: 70
[2020-05-03 13:27:03] spend time is: 70
[2020-05-03 13:27:03] spend time is: 70
[2020-05-03 13:27:03] spend time is: 70
[2020-05-03 13:27:03] spend time is: 70
[2020-05-03 13:27:13] spend time is: 80
[2020-05-03 13:27:13] spend time is: 80
[2020-05-03 13:27:13] spend time is: 80
[2020-05-03 13:27:13] spend time is: 80
[2020-05-03 13:27:13] spend time is: 80
[2020-05-03 13:27:13] spend time is: 80
[2020-05-03 13:27:13] spend time is: 80
[2020-05-03 13:27:13] spend time is: 80
[2020-05-03 13:27:14] spend time is: 80
[2020-05-03 13:27:23] spend time is: 90
[2020-05-03 13:27:23] spend time is: 90
[2020-05-03 13:27:23] spend time is: 90
[2020-05-03 13:27:23] spend time is: 90
[2020-05-03 13:27:23] spend time is: 90
[2020-05-03 13:27:23] spend time is: 90
[2020-05-03 13:27:23] spend time is: 90
[2020-05-03 13:27:23] spend time is: 90
[2020-05-03 13:27:23] spend time is: 90
[2020-05-03 13:27:33] spend time is: 100
[2020-05-03 13:27:33] spend time is: 100
[2020-05-03 13:27:33] spend time is: 100
[2020-05-03 13:27:33] spend time is: 100
[2020-05-03 13:27:33] spend time is: 100
[2020-05-03 13:27:33] spend time is: 100
[2020-05-03 13:27:33] spend time is: 100
[2020-05-03 13:27:33] spend time is: 100
[2020-05-03 13:27:33] spend time is: 100
[2020-05-03 13:27:33] spend time is: 100
[2020-05-03 13:27:34] spend time is: 100
[2020-05-03 13:27:43] spend time is: 110
[2020-05-03 13:27:43] spend time is: 110
[2020-05-03 13:27:43] spend time is: 110
[2020-05-03 13:27:43] spend time is: 110
[2020-05-03 13:27:43] spend time is: 110
[2020-05-03 13:27:43] spend time is: 110
[2020-05-03 13:27:43] spend time is: 110
[2020-05-03 13:27:43] spend time is: 110
[2020-05-03 13:27:53] spend time is: 120
[2020-05-03 13:27:53] spend time is: 120
[2020-05-03 13:27:53] spend time is: 120
[2020-05-03 13:27:53] spend time is: 120
[2020-05-03 13:27:53] spend time is: 120
[2020-05-03 13:27:53] spend time is: 120
[2020-05-03 13:27:53] spend time is: 120
[2020-05-03 13:27:53] spend time is: 120
[2020-05-03 13:27:53] spend time is: 120
[2020-05-03 13:27:53] spend time is: 120
[2020-05-03 13:28:03] spend time is: 130
[2020-05-03 13:28:03] spend time is: 130
[2020-05-03 13:28:03] spend time is: 130
[2020-05-03 13:28:03] spend time is: 130
[2020-05-03 13:28:03] spend time is: 130
[2020-05-03 13:28:03] spend time is: 130
[2020-05-03 13:28:03] spend time is: 130
[2020-05-03 13:28:03] spend time is: 130
[2020-05-03 13:28:03] spend time is: 130
[2020-05-03 13:28:03] spend time is: 130
[2020-05-03 13:28:03] spend time is: 130
[2020-05-03 13:28:13] spend time is: 140
[2020-05-03 13:28:13] spend time is: 140
[2020-05-03 13:28:13] spend time is: 140
[2020-05-03 13:28:13] spend time is: 140
[2020-05-03 13:28:13] spend time is: 140
[2020-05-03 13:28:13] spend time is: 140
[2020-05-03 13:28:13] spend time is: 140
[2020-05-03 13:28:13] spend time is: 140
[2020-05-03 13:28:13] spend time is: 140
[2020-05-03 13:28:14] spend time is: 140
[2020-05-03 13:28:23] spend time is: 150
[2020-05-03 13:28:23] spend time is: 150
[2020-05-03 13:28:23] spend time is: 150
[2020-05-03 13:28:23] spend time is: 150
[2020-05-03 13:28:23] spend time is: 150
[2020-05-03 13:28:23] spend time is: 150
[2020-05-03 13:28:23] spend time is: 150
[2020-05-03 13:28:23] spend time is: 150
[2020-05-03 13:28:23] spend time is: 150
[2020-05-03 13:28:33] spend time is: 160
[2020-05-03 13:28:33] spend time is: 160
[2020-05-03 13:28:33] spend time is: 160
[2020-05-03 13:28:33] spend time is: 160
[2020-05-03 13:28:33] spend time is: 160
[2020-05-03 13:28:33] spend time is: 160
[2020-05-03 13:28:33] spend time is: 160
[2020-05-03 13:28:33] spend time is: 160
[2020-05-03 13:28:33] spend time is: 160
[2020-05-03 13:28:33] spend time is: 160
[2020-05-03 13:28:33] spend time is: 160
[2020-05-03 13:28:43] spend time is: 170
[2020-05-03 13:28:43] spend time is: 170
[2020-05-03 13:28:43] spend time is: 170
[2020-05-03 13:28:43] spend time is: 170
[2020-05-03 13:28:43] spend time is: 170
[2020-05-03 13:28:43] spend time is: 170
[2020-05-03 13:28:43] spend time is: 170
[2020-05-03 13:28:43] spend time is: 170
[2020-05-03 13:28:43] spend time is: 170
[2020-05-03 13:28:44] spend time is: 170
[2020-05-03 13:28:53] spend time is: 180
[2020-05-03 13:28:53] spend time is: 180
[2020-05-03 13:28:53] spend time is: 180
[2020-05-03 13:28:53] spend time is: 180
[2020-05-03 13:28:53] spend time is: 180
[2020-05-03 13:28:53] spend time is: 180
[2020-05-03 13:28:53] spend time is: 180
[2020-05-03 13:28:53] spend time is: 180
[2020-05-03 13:28:53] spend time is: 180
[2020-05-03 13:28:53] spend time is: 180
[2020-05-03 13:29:03] spend time is: 190
[2020-05-03 13:29:03] spend time is: 190
[2020-05-03 13:29:03] spend time is: 190
[2020-05-03 13:29:03] spend time is: 190
[2020-05-03 13:29:03] spend time is: 190
[2020-05-03 13:29:03] spend time is: 190
[2020-05-03 13:29:03] spend time is: 190
[2020-05-03 13:29:03] spend time is: 190
[2020-05-03 13:29:03] spend time is: 190
[2020-05-03 13:29:03] spend time is: 190
[2020-05-03 13:29:13] spend time is: 200
[2020-05-03 13:29:13] spend time is: 200
[2020-05-03 13:29:13] spend time is: 200
[2020-05-03 13:29:13] spend time is: 200
[2020-05-03 13:29:13] spend time is: 200
[2020-05-03 13:29:13] spend time is: 200
[2020-05-03 13:29:13] spend time is: 200
[2020-05-03 13:29:13] spend time is: 200
[2020-05-03 13:29:23] spend time is: 210
[2020-05-03 13:29:23] spend time is: 210
[2020-05-03 13:29:23] spend time is: 210
[2020-05-03 13:29:23] spend time is: 210
[2020-05-03 13:29:23] spend time is: 210
[2020-05-03 13:29:23] spend time is: 210
[2020-05-03 13:29:23] spend time is: 210
[2020-05-03 13:29:23] spend time is: 210
[2020-05-03 13:29:23] spend time is: 210
[2020-05-03 13:29:33] spend time is: 220
[2020-05-03 13:29:33] spend time is: 220
[2020-05-03 13:29:33] spend time is: 220
[2020-05-03 13:29:33] spend time is: 220
[2020-05-03 13:29:33] spend time is: 220
[2020-05-03 13:29:33] spend time is: 220
[2020-05-03 13:29:33] spend time is: 220
[2020-05-03 13:29:33] spend time is: 220
[2020-05-03 13:29:33] spend time is: 220
[2020-05-03 13:29:35] elastic-stack-2.0.0.tgz update done.
[2020-05-03 13:29:43] spend time is: 230
[2020-05-03 13:29:43] spend time is: 230
[2020-05-03 13:29:43] spend time is: 230
[2020-05-03 13:29:43] spend time is: 230
[2020-05-03 13:29:43] spend time is: 230
[2020-05-03 13:29:43] spend time is: 230
[2020-05-03 13:29:43] spend time is: 230
[2020-05-03 13:29:43] spend time is: 230
[2020-05-03 13:29:43] spend time is: 230
[2020-05-03 13:29:44] elasticsearch-exporter-3.2.0.tgz update done.
[2020-05-03 13:29:53] spend time is: 240
[2020-05-03 13:29:53] spend time is: 240
[2020-05-03 13:29:53] spend time is: 240
[2020-05-03 13:29:53] spend time is: 240
[2020-05-03 13:29:53] spend time is: 240
[2020-05-03 13:29:53] spend time is: 240
[2020-05-03 13:29:53] spend time is: 240
[2020-05-03 13:29:53] spend time is: 240
[2020-05-03 13:30:03] spend time is: 250
[2020-05-03 13:30:03] spend time is: 250
[2020-05-03 13:30:03] spend time is: 250
[2020-05-03 13:30:03] spend time is: 250
[2020-05-03 13:30:03] spend time is: 250
[2020-05-03 13:30:03] spend time is: 250
[2020-05-03 13:30:03] spend time is: 250
[2020-05-03 13:30:03] spend time is: 250
[2020-05-03 13:30:04] spend time is: 250
[2020-05-03 13:30:13] spend time is: 260
[2020-05-03 13:30:13] spend time is: 260
[2020-05-03 13:30:13] spend time is: 260
[2020-05-03 13:30:13] spend time is: 260
[2020-05-03 13:30:13] spend time is: 260
[2020-05-03 13:30:13] spend time is: 260
[2020-05-03 13:30:13] spend time is: 260
[2020-05-03 13:30:13] spend time is: 260
[2020-05-03 13:30:13] spend time is: 260
[2020-05-03 13:30:14] spend time is: 260
[2020-05-03 13:30:14] spend time is: 260
[2020-05-03 13:30:23] spend time is: 270
[2020-05-03 13:30:23] spend time is: 270
[2020-05-03 13:30:23] spend time is: 270
[2020-05-03 13:30:23] spend time is: 270
[2020-05-03 13:30:23] spend time is: 270
[2020-05-03 13:30:23] spend time is: 270
[2020-05-03 13:30:23] spend time is: 270
[2020-05-03 13:30:23] spend time is: 270
[2020-05-03 13:30:23] spend time is: 270
[2020-05-03 13:30:33] spend time is: 280
[2020-05-03 13:30:33] spend time is: 280
[2020-05-03 13:30:33] spend time is: 280
[2020-05-03 13:30:33] spend time is: 280
[2020-05-03 13:30:33] spend time is: 280
[2020-05-03 13:30:33] spend time is: 280
[2020-05-03 13:30:33] spend time is: 280
[2020-05-03 13:30:33] spend time is: 280
[2020-05-03 13:30:33] spend time is: 280
[2020-05-03 13:30:34] spend time is: 280
[2020-05-03 13:30:43] spend time is: 290
[2020-05-03 13:30:43] spend time is: 290
[2020-05-03 13:30:43] spend time is: 290
[2020-05-03 13:30:43] spend time is: 290
[2020-05-03 13:30:43] spend time is: 290
[2020-05-03 13:30:43] spend time is: 290
[2020-05-03 13:30:43] spend time is: 290
[2020-05-03 13:30:43] spend time is: 290
[2020-05-03 13:30:43] spend time is: 290
[2020-05-03 13:30:43] spend time is: 290
[2020-05-03 13:30:53] spend time is: 300
[2020-05-03 13:30:53] spend time is: 300
[2020-05-03 13:30:53] spend time is: 300
[2020-05-03 13:30:53] spend time is: 300
Already up to date.
Already up to date.
fatal: Unable to create '/home/travis/build/babyshen/helm-charts-mirror/.git/index.lock': File exists.

Another git process seems to be running in this repository, e.g.
an editor opened by 'git commit'. Please make sure all processes
are terminated then try again. If it still fails, a git process
may have crashed in this repository earlier:
remove the file manually to continue.
Already up to date.
fatal: Unable to create '/home/travis/build/babyshen/helm-charts-mirror/.git/index.lock': File exists.

Another git process seems to be running in this repository, e.g.
an editor opened by 'git commit'. Please make sure all processes
are terminated then try again. If it still fails, a git process
may have crashed in this repository earlier:
remove the file manually to continue.
Already up to date.
fatal: Unable to create '/home/travis/build/babyshen/helm-charts-mirror/.git/index.lock': File exists.

Another git process seems to be running in this repository, e.g.
an editor opened by 'git commit'. Please make sure all processes
are terminated then try again. If it still fails, a git process
may have crashed in this repository earlier:
remove the file manually to continue.
[gh-pages 18954dd] Synchronizing completion at 2020-05-03
 7 files changed, 757 insertions(+), 308 deletions(-)
 rewrite airflow-6.8.1.tgz (64%)
 rewrite elastic-stack-2.0.0.tgz (99%)
 create mode 100644 elasticsearch-exporter-3.2.0.tgz
 create mode 100644 travis_wait_2148.log
Warning: Permanently added the RSA host key for IP address '140.82.114.3' to the list of known hosts.
To github.com:babyshen/helm-charts-mirror.git
   cfe2d49..18954dd  gh-pages -> gh-pages
Branch 'gh-pages' set up to track remote branch 'gh-pages' from 'origin'.
[2020-05-03 13:31:03] spend time is: 310
[2020-05-03 13:31:03] spend time is: 310
[2020-05-03 13:31:03] spend time is: 310
[2020-05-03 13:31:03] spend time is: 310
[2020-05-03 13:31:03] spend time is: 310
[2020-05-03 13:31:03] spend time is: 310
[2020-05-03 13:31:03] spend time is: 310
[2020-05-03 13:31:03] spend time is: 310
[2020-05-03 13:31:13] spend time is: 320
[2020-05-03 13:31:13] spend time is: 320
[2020-05-03 13:31:13] spend time is: 320
[2020-05-03 13:31:13] spend time is: 320
[2020-05-03 13:31:13] spend time is: 320
[2020-05-03 13:31:13] spend time is: 320
[2020-05-03 13:31:13] spend time is: 320
[2020-05-03 13:31:13] spend time is: 320
[2020-05-03 13:31:19] gocd-1.26.1.tgz update done.
[2020-05-03 13:31:23] spend time is: 330
[2020-05-03 13:31:23] spend time is: 330
[2020-05-03 13:31:23] spend time is: 330
[2020-05-03 13:31:23] spend time is: 330
[2020-05-03 13:31:23] spend time is: 330
[2020-05-03 13:31:23] spend time is: 330
[2020-05-03 13:31:23] spend time is: 330
[2020-05-03 13:31:31] grafana-5.0.22.tgz update done.
[2020-05-03 13:31:32] grafana-5.0.21.tgz update done.
[2020-05-03 13:31:32] grafana-5.0.20.tgz update done.
[2020-05-03 13:31:32] grafana-5.0.19.tgz update done.
[2020-05-03 13:31:32] grafana-5.0.18.tgz update done.
[2020-05-03 13:31:33] grafana-5.0.16.tgz update done.
[2020-05-03 13:31:33] spend time is: 340
[2020-05-03 13:31:33] grafana-5.0.15.tgz update done.
[2020-05-03 13:31:33] spend time is: 340
[2020-05-03 13:31:33] spend time is: 340
[2020-05-03 13:31:33] spend time is: 340
[2020-05-03 13:31:33] spend time is: 340
[2020-05-03 13:31:33] spend time is: 340
[2020-05-03 13:31:43] spend time is: 350
[2020-05-03 13:31:43] spend time is: 350
[2020-05-03 13:31:43] spend time is: 350
[2020-05-03 13:31:43] spend time is: 350
[2020-05-03 13:31:43] spend time is: 350
[2020-05-03 13:31:43] spend time is: 350
[2020-05-03 13:31:43] spend time is: 350
[2020-05-03 13:31:43] spend time is: 350
[2020-05-03 13:31:53] spend time is: 360
[2020-05-03 13:31:53] spend time is: 360
[2020-05-03 13:31:53] spend time is: 360
[2020-05-03 13:31:53] spend time is: 360
[2020-05-03 13:31:53] spend time is: 360
[2020-05-03 13:31:53] spend time is: 360
[2020-05-03 13:31:53] spend time is: 360
[2020-05-03 13:32:03] spend time is: 370
[2020-05-03 13:32:03] spend time is: 370
[2020-05-03 13:32:03] spend time is: 370
[2020-05-03 13:32:03] spend time is: 370
[2020-05-03 13:32:03] spend time is: 370
[2020-05-03 13:32:03] spend time is: 370
[2020-05-03 13:32:03] spend time is: 370
[2020-05-03 13:32:06] graylog-1.6.2.tgz update done.
[2020-05-03 13:32:13] spend time is: 380
[2020-05-03 13:32:13] spend time is: 380
[2020-05-03 13:32:13] spend time is: 380
[2020-05-03 13:32:13] spend time is: 380
[2020-05-03 13:32:13] spend time is: 380
[2020-05-03 13:32:13] spend time is: 380
[2020-05-03 13:32:13] spend time is: 380
[2020-05-03 13:32:18] hazelcast-jet-1.6.0.tgz update done.
[2020-05-03 13:32:23] spend time is: 390
[2020-05-03 13:32:23] spend time is: 390
[2020-05-03 13:32:23] spend time is: 390
[2020-05-03 13:32:23] spend time is: 390
[2020-05-03 13:32:23] spend time is: 390
[2020-05-03 13:32:23] spend time is: 390
[2020-05-03 13:32:23] spend time is: 390
[2020-05-03 13:32:33] spend time is: 400
[2020-05-03 13:32:33] spend time is: 400
[2020-05-03 13:32:33] spend time is: 400
[2020-05-03 13:32:33] spend time is: 400
[2020-05-03 13:32:33] spend time is: 400
[2020-05-03 13:32:33] spend time is: 400
[2020-05-03 13:32:33] spend time is: 400
[2020-05-03 13:32:43] spend time is: 410
[2020-05-03 13:32:43] spend time is: 410
[2020-05-03 13:32:43] spend time is: 410
[2020-05-03 13:32:43] spend time is: 410
[2020-05-03 13:32:43] spend time is: 410
[2020-05-03 13:32:43] spend time is: 410
[2020-05-03 13:32:43] spend time is: 410
[2020-05-03 13:32:50] instana-agent-1.0.28.tgz update done.
[2020-05-03 13:32:53] spend time is: 420
[2020-05-03 13:32:53] spend time is: 420
[2020-05-03 13:32:53] spend time is: 420
[2020-05-03 13:32:53] spend time is: 420
[2020-05-03 13:32:53] spend time is: 420
[2020-05-03 13:32:53] spend time is: 420
[2020-05-03 13:32:53] spend time is: 420
[2020-05-03 13:32:59] janusgraph-0.2.1.tgz update done.
[2020-05-03 13:33:03] spend time is: 430
[2020-05-03 13:33:03] spend time is: 430
[2020-05-03 13:33:03] spend time is: 430
[2020-05-03 13:33:03] spend time is: 430
[2020-05-03 13:33:03] spend time is: 430
[2020-05-03 13:33:03] spend time is: 430
[2020-05-03 13:33:03] spend time is: 430
[2020-05-03 13:33:03] spend time is: 430
[2020-05-03 13:33:11] jenkins-1.18.0.tgz update done.
[2020-05-03 13:33:13] spend time is: 440
[2020-05-03 13:33:13] spend time is: 440
[2020-05-03 13:33:13] spend time is: 440
[2020-05-03 13:33:13] spend time is: 440
[2020-05-03 13:33:13] spend time is: 440
[2020-05-03 13:33:13] spend time is: 440
[2020-05-03 13:33:13] spend time is: 440
[2020-05-03 13:33:23] spend time is: 450
[2020-05-03 13:33:23] spend time is: 450
[2020-05-03 13:33:23] spend time is: 450
[2020-05-03 13:33:23] spend time is: 450
[2020-05-03 13:33:23] spend time is: 450
[2020-05-03 13:33:23] spend time is: 450
[2020-05-03 13:33:23] spend time is: 450
[2020-05-03 13:33:33] spend time is: 460
[2020-05-03 13:33:33] spend time is: 460
[2020-05-03 13:33:33] spend time is: 460
[2020-05-03 13:33:33] spend time is: 460
[2020-05-03 13:33:33] spend time is: 460
[2020-05-03 13:33:33] spend time is: 460
[2020-05-03 13:33:33] spend time is: 460
[2020-05-03 13:33:43] spend time is: 470
[2020-05-03 13:33:43] spend time is: 470
[2020-05-03 13:33:43] spend time is: 470
[2020-05-03 13:33:43] spend time is: 470
[2020-05-03 13:33:43] spend time is: 470
[2020-05-03 13:33:43] spend time is: 470
[2020-05-03 13:33:43] spend time is: 470
[2020-05-03 13:33:43] spend time is: 470
[2020-05-03 13:33:53] spend time is: 480
[2020-05-03 13:33:53] spend time is: 480
[2020-05-03 13:33:53] spend time is: 480
[2020-05-03 13:33:53] spend time is: 480
[2020-05-03 13:33:53] spend time is: 480
[2020-05-03 13:33:53] spend time is: 480
[2020-05-03 13:33:53] spend time is: 480
[2020-05-03 13:34:03] spend time is: 490
[2020-05-03 13:34:03] spend time is: 490
[2020-05-03 13:34:03] spend time is: 490
[2020-05-03 13:34:03] spend time is: 490
[2020-05-03 13:34:03] spend time is: 490
[2020-05-03 13:34:03] spend time is: 490
[2020-05-03 13:34:03] spend time is: 490
[2020-05-03 13:34:04] spend time is: 490
[2020-05-03 13:34:13] spend time is: 500
[2020-05-03 13:34:13] spend time is: 500
[2020-05-03 13:34:13] spend time is: 500
[2020-05-03 13:34:13] spend time is: 500
[2020-05-03 13:34:13] spend time is: 500
[2020-05-03 13:34:13] spend time is: 500
[2020-05-03 13:34:13] spend time is: 500
[2020-05-03 13:34:23] spend time is: 510
[2020-05-03 13:34:23] spend time is: 510
[2020-05-03 13:34:23] spend time is: 510
[2020-05-03 13:34:23] spend time is: 510
[2020-05-03 13:34:23] spend time is: 510
[2020-05-03 13:34:23] spend time is: 510
[2020-05-03 13:34:23] spend time is: 510
[2020-05-03 13:34:23] spend time is: 510
[2020-05-03 13:34:33] spend time is: 520
[2020-05-03 13:34:33] spend time is: 520
[2020-05-03 13:34:33] spend time is: 520
[2020-05-03 13:34:33] spend time is: 520
[2020-05-03 13:34:33] spend time is: 520
[2020-05-03 13:34:33] spend time is: 520
[2020-05-03 13:34:33] spend time is: 520
[2020-05-03 13:34:43] spend time is: 530
[2020-05-03 13:34:43] spend time is: 530
[2020-05-03 13:34:43] spend time is: 530
[2020-05-03 13:34:43] spend time is: 530
[2020-05-03 13:34:43] spend time is: 530
[2020-05-03 13:34:43] spend time is: 530
[2020-05-03 13:34:43] spend time is: 530
[2020-05-03 13:34:53] spend time is: 540
[2020-05-03 13:34:53] spend time is: 540
[2020-05-03 13:34:53] spend time is: 540
[2020-05-03 13:34:53] spend time is: 540
[2020-05-03 13:34:53] spend time is: 540
[2020-05-03 13:34:53] spend time is: 540
[2020-05-03 13:34:53] spend time is: 540
[2020-05-03 13:35:03] spend time is: 550
[2020-05-03 13:35:03] spend time is: 550
[2020-05-03 13:35:03] spend time is: 550
[2020-05-03 13:35:03] spend time is: 550
[2020-05-03 13:35:03] spend time is: 550
[2020-05-03 13:35:03] spend time is: 550
[2020-05-03 13:35:03] spend time is: 550
[2020-05-03 13:35:03] spend time is: 550
[2020-05-03 13:35:13] spend time is: 560
[2020-05-03 13:35:13] spend time is: 560
[2020-05-03 13:35:13] spend time is: 560
[2020-05-03 13:35:13] spend time is: 560
[2020-05-03 13:35:13] spend time is: 560
[2020-05-03 13:35:13] spend time is: 560
[2020-05-03 13:35:13] spend time is: 560
[2020-05-03 13:35:23] spend time is: 570
[2020-05-03 13:35:23] spend time is: 570
[2020-05-03 13:35:23] spend time is: 570
[2020-05-03 13:35:23] spend time is: 570
[2020-05-03 13:35:23] spend time is: 570
[2020-05-03 13:35:23] spend time is: 570
[2020-05-03 13:35:23] spend time is: 570
[2020-05-03 13:35:23] spend time is: 570
[2020-05-03 13:35:33] spend time is: 580
[2020-05-03 13:35:33] spend time is: 580
[2020-05-03 13:35:33] locust-1.2.0.tgz update done.
[2020-05-03 13:35:33] spend time is: 580
[2020-05-03 13:35:33] spend time is: 580
[2020-05-03 13:35:33] spend time is: 580
[2020-05-03 13:35:33] spend time is: 580
[2020-05-03 13:35:43] spend time is: 590
[2020-05-03 13:35:43] spend time is: 590
[2020-05-03 13:35:43] spend time is: 590
[2020-05-03 13:35:43] spend time is: 590
[2020-05-03 13:35:43] spend time is: 590
[2020-05-03 13:35:43] spend time is: 590
[2020-05-03 13:35:43] spend time is: 590
[2020-05-03 13:35:53] spend time is: 600
Already up to date.
