Fetching origin
Warning: Permanently added the RSA host key for IP address '140.82.114.3' to the list of known hosts.
From github.com:babyshen/helm-charts-mirror
 * [new branch]      gh-pages   -> origin/gh-pages
 * [new branch]      master     -> origin/master
Previous HEAD position was 6f4bc38 restore bug
Switched to a new branch 'gh-pages'
Branch 'gh-pages' set up to track remote branch 'gh-pages' from 'origin'.
warning: Pulling without specifying how to reconcile divergent branches is
discouraged. You can squelch this message by running one of the following
commands sometime before your next pull:

  git config pull.rebase false  # merge (the default strategy)
  git config pull.rebase true   # rebase
  git config pull.ff only       # fast-forward only

You can replace "git config" with "git config --global" to set a default
preference for all repositories. You can also pass --rebase, --no-rebase,
or --ff-only on the command line to override the configured default per
invocation.

Warning: Permanently added the RSA host key for IP address '140.82.112.4' to the list of known hosts.
Already up to date.
Branch 'gh-pages' set up to track remote branch 'gh-pages' from 'origin'.
  % Total    % Received % Xferd  Average Speed   Time    Time     Time  Current
                                 Dload  Upload   Total   Spent    Left  Speed
  0     0    0     0    0     0      0      0 --:--:-- --:--:-- --:--:--     0100 8836k  100 8836k    0     0   106M      0 --:--:-- --:--:-- --:--:--  107M
[2020-12-14 16:01:39] spend time is: 70
[2020-12-14 16:01:39] spend time is: 70
[2020-12-14 16:01:39] spend time is: 70
[2020-12-14 16:01:39] spend time is: 70
[2020-12-14 16:01:39] spend time is: 70
[2020-12-14 16:01:39] spend time is: 70
[2020-12-14 16:01:39] spend time is: 70
[2020-12-14 16:01:39] spend time is: 70
[2020-12-14 16:01:49] spend time is: 80
[2020-12-14 16:01:49] spend time is: 80
[2020-12-14 16:01:49] spend time is: 80
[2020-12-14 16:01:49] spend time is: 80
[2020-12-14 16:01:49] spend time is: 80
[2020-12-14 16:01:49] spend time is: 80
[2020-12-14 16:01:49] spend time is: 80
[2020-12-14 16:01:49] spend time is: 80
[2020-12-14 16:01:49] spend time is: 80
[2020-12-14 16:01:49] spend time is: 80
[2020-12-14 16:01:59] spend time is: 90
[2020-12-14 16:01:59] spend time is: 90
[2020-12-14 16:01:59] spend time is: 90
[2020-12-14 16:01:59] spend time is: 90
[2020-12-14 16:01:59] spend time is: 90
[2020-12-14 16:01:59] spend time is: 90
[2020-12-14 16:01:59] spend time is: 90
[2020-12-14 16:01:59] spend time is: 90
[2020-12-14 16:01:59] spend time is: 90
[2020-12-14 16:02:09] spend time is: 100
[2020-12-14 16:02:09] spend time is: 100
[2020-12-14 16:02:09] spend time is: 100
[2020-12-14 16:02:09] spend time is: 100
[2020-12-14 16:02:09] spend time is: 100
[2020-12-14 16:02:09] spend time is: 100
[2020-12-14 16:02:09] spend time is: 100
[2020-12-14 16:02:09] spend time is: 100
[2020-12-14 16:02:19] spend time is: 110
[2020-12-14 16:02:19] spend time is: 110
[2020-12-14 16:02:19] spend time is: 110
[2020-12-14 16:02:19] spend time is: 110
[2020-12-14 16:02:19] spend time is: 110
[2020-12-14 16:02:19] spend time is: 110
[2020-12-14 16:02:19] spend time is: 110
[2020-12-14 16:02:19] spend time is: 110
[2020-12-14 16:02:20] spend time is: 110
[2020-12-14 16:02:29] spend time is: 120
[2020-12-14 16:02:29] spend time is: 120
[2020-12-14 16:02:29] spend time is: 120
[2020-12-14 16:02:29] spend time is: 120
[2020-12-14 16:02:29] spend time is: 120
[2020-12-14 16:02:29] spend time is: 120
[2020-12-14 16:02:29] spend time is: 120
[2020-12-14 16:02:29] spend time is: 120
[2020-12-14 16:02:29] spend time is: 120
[2020-12-14 16:02:39] spend time is: 130
[2020-12-14 16:02:39] spend time is: 130
[2020-12-14 16:02:39] spend time is: 130
[2020-12-14 16:02:39] spend time is: 130
[2020-12-14 16:02:39] spend time is: 130
[2020-12-14 16:02:39] spend time is: 130
[2020-12-14 16:02:39] spend time is: 130
[2020-12-14 16:02:39] spend time is: 130
[2020-12-14 16:02:39] spend time is: 130
[2020-12-14 16:02:49] spend time is: 140
[2020-12-14 16:02:49] spend time is: 140
[2020-12-14 16:02:49] spend time is: 140
[2020-12-14 16:02:49] spend time is: 140
[2020-12-14 16:02:49] spend time is: 140
[2020-12-14 16:02:49] spend time is: 140
[2020-12-14 16:02:49] spend time is: 140
[2020-12-14 16:02:49] spend time is: 140
[2020-12-14 16:02:59] spend time is: 150
[2020-12-14 16:02:59] spend time is: 150
[2020-12-14 16:02:59] spend time is: 150
[2020-12-14 16:02:59] spend time is: 150
[2020-12-14 16:02:59] spend time is: 150
[2020-12-14 16:02:59] spend time is: 150
[2020-12-14 16:02:59] spend time is: 150
[2020-12-14 16:02:59] spend time is: 150
[2020-12-14 16:02:59] spend time is: 150
[2020-12-14 16:03:00] spend time is: 150
[2020-12-14 16:03:09] spend time is: 160
[2020-12-14 16:03:09] spend time is: 160
[2020-12-14 16:03:09] spend time is: 160
[2020-12-14 16:03:09] spend time is: 160
[2020-12-14 16:03:09] spend time is: 160
[2020-12-14 16:03:09] spend time is: 160
[2020-12-14 16:03:09] spend time is: 160
[2020-12-14 16:03:09] spend time is: 160
[2020-12-14 16:03:10] spend time is: 160
[2020-12-14 16:03:10] spend time is: 160
[2020-12-14 16:03:19] spend time is: 170
[2020-12-14 16:03:19] spend time is: 170
[2020-12-14 16:03:19] spend time is: 170
[2020-12-14 16:03:19] spend time is: 170
[2020-12-14 16:03:19] spend time is: 170
[2020-12-14 16:03:19] spend time is: 170
[2020-12-14 16:03:19] spend time is: 170
[2020-12-14 16:03:19] spend time is: 170
[2020-12-14 16:03:29] spend time is: 180
[2020-12-14 16:03:29] spend time is: 180
[2020-12-14 16:03:29] spend time is: 180
[2020-12-14 16:03:29] spend time is: 180
[2020-12-14 16:03:29] spend time is: 180
[2020-12-14 16:03:29] spend time is: 180
[2020-12-14 16:03:29] spend time is: 180
[2020-12-14 16:03:29] spend time is: 180
[2020-12-14 16:03:29] spend time is: 180
[2020-12-14 16:03:39] spend time is: 190
[2020-12-14 16:03:39] spend time is: 190
[2020-12-14 16:03:39] spend time is: 190
[2020-12-14 16:03:39] spend time is: 190
[2020-12-14 16:03:39] spend time is: 190
[2020-12-14 16:03:39] spend time is: 190
[2020-12-14 16:03:39] spend time is: 190
[2020-12-14 16:03:39] spend time is: 190
[2020-12-14 16:03:49] spend time is: 200
[2020-12-14 16:03:49] spend time is: 200
[2020-12-14 16:03:49] spend time is: 200
[2020-12-14 16:03:49] spend time is: 200
[2020-12-14 16:03:49] spend time is: 200
[2020-12-14 16:03:49] spend time is: 200
[2020-12-14 16:03:49] spend time is: 200
[2020-12-14 16:03:49] spend time is: 200
[2020-12-14 16:03:49] spend time is: 200
[2020-12-14 16:03:49] spend time is: 200
[2020-12-14 16:03:59] spend time is: 210
[2020-12-14 16:03:59] spend time is: 210
[2020-12-14 16:03:59] spend time is: 210
[2020-12-14 16:03:59] spend time is: 210
[2020-12-14 16:03:59] spend time is: 210
[2020-12-14 16:03:59] spend time is: 210
[2020-12-14 16:03:59] spend time is: 210
[2020-12-14 16:03:59] spend time is: 210
[2020-12-14 16:04:09] spend time is: 220
[2020-12-14 16:04:09] spend time is: 220
[2020-12-14 16:04:09] spend time is: 220
[2020-12-14 16:04:09] spend time is: 220
[2020-12-14 16:04:09] spend time is: 220
[2020-12-14 16:04:09] spend time is: 220
[2020-12-14 16:04:09] spend time is: 220
[2020-12-14 16:04:09] spend time is: 220
[2020-12-14 16:04:09] spend time is: 220
[2020-12-14 16:04:09] spend time is: 220
[2020-12-14 16:04:19] spend time is: 230
[2020-12-14 16:04:19] spend time is: 230
[2020-12-14 16:04:19] spend time is: 230
[2020-12-14 16:04:19] spend time is: 230
[2020-12-14 16:04:19] spend time is: 230
[2020-12-14 16:04:19] spend time is: 230
[2020-12-14 16:04:19] spend time is: 230
[2020-12-14 16:04:19] spend time is: 230
[2020-12-14 16:04:29] spend time is: 240
[2020-12-14 16:04:29] spend time is: 240
[2020-12-14 16:04:29] spend time is: 240
[2020-12-14 16:04:29] spend time is: 240
[2020-12-14 16:04:29] spend time is: 240
[2020-12-14 16:04:29] spend time is: 240
[2020-12-14 16:04:29] spend time is: 240
[2020-12-14 16:04:29] spend time is: 240
[2020-12-14 16:04:29] spend time is: 240
[2020-12-14 16:04:29] spend time is: 240
[2020-12-14 16:04:39] spend time is: 250
[2020-12-14 16:04:39] spend time is: 250
[2020-12-14 16:04:39] spend time is: 250
[2020-12-14 16:04:39] spend time is: 250
[2020-12-14 16:04:39] spend time is: 250
[2020-12-14 16:04:39] spend time is: 250
[2020-12-14 16:04:39] spend time is: 250
[2020-12-14 16:04:39] spend time is: 250
[2020-12-14 16:04:39] spend time is: 250
[2020-12-14 16:04:49] spend time is: 260
[2020-12-14 16:04:49] spend time is: 260
[2020-12-14 16:04:49] spend time is: 260
[2020-12-14 16:04:49] spend time is: 260
[2020-12-14 16:04:49] spend time is: 260
[2020-12-14 16:04:49] spend time is: 260
[2020-12-14 16:04:49] spend time is: 260
[2020-12-14 16:04:49] spend time is: 260
[2020-12-14 16:04:50] spend time is: 260
[2020-12-14 16:04:59] spend time is: 270
[2020-12-14 16:04:59] spend time is: 270
[2020-12-14 16:04:59] spend time is: 270
[2020-12-14 16:04:59] spend time is: 270
[2020-12-14 16:04:59] spend time is: 270
[2020-12-14 16:04:59] spend time is: 270
[2020-12-14 16:04:59] spend time is: 270
[2020-12-14 16:04:59] spend time is: 270
[2020-12-14 16:05:09] spend time is: 280
[2020-12-14 16:05:09] spend time is: 280
[2020-12-14 16:05:09] spend time is: 280
[2020-12-14 16:05:09] spend time is: 280
[2020-12-14 16:05:09] spend time is: 280
[2020-12-14 16:05:09] spend time is: 280
[2020-12-14 16:05:09] spend time is: 280
[2020-12-14 16:05:09] spend time is: 280
[2020-12-14 16:05:19] spend time is: 290
[2020-12-14 16:05:19] spend time is: 290
[2020-12-14 16:05:19] spend time is: 290
[2020-12-14 16:05:19] spend time is: 290
[2020-12-14 16:05:19] spend time is: 290
[2020-12-14 16:05:19] spend time is: 290
[2020-12-14 16:05:19] spend time is: 290
[2020-12-14 16:05:19] spend time is: 290
[2020-12-14 16:05:19] spend time is: 290
[2020-12-14 16:05:29] spend time is: 300
[2020-12-14 16:05:29] spend time is: 300
[2020-12-14 16:05:29] spend time is: 300
[2020-12-14 16:05:29] spend time is: 300
warning: Pulling without specifying how to reconcile divergent branches is
discouraged. You can squelch this message by running one of the following
commands sometime before your next pull:

  git config pull.rebase false  # merge (the default strategy)
  git config pull.rebase true   # rebase
  git config pull.ff only       # fast-forward only

You can replace "git config" with "git config --global" to set a default
preference for all repositories. You can also pass --rebase, --no-rebase,
or --ff-only on the command line to override the configured default per
invocation.

warning: Pulling without specifying how to reconcile divergent branches is
discouraged. You can squelch this message by running one of the following
commands sometime before your next pull:

  git config pull.rebase false  # merge (the default strategy)
  git config pull.rebase true   # rebase
  git config pull.ff only       # fast-forward only

You can replace "git config" with "git config --global" to set a default
preference for all repositories. You can also pass --rebase, --no-rebase,
or --ff-only on the command line to override the configured default per
invocation.

warning: Pulling without specifying how to reconcile divergent branches is
discouraged. You can squelch this message by running one of the following
commands sometime before your next pull:

  git config pull.rebase false  # merge (the default strategy)
  git config pull.rebase true   # rebase
  git config pull.ff only       # fast-forward only

You can replace "git config" with "git config --global" to set a default
preference for all repositories. You can also pass --rebase, --no-rebase,
or --ff-only on the command line to override the configured default per
invocation.

warning: Pulling without specifying how to reconcile divergent branches is
discouraged. You can squelch this message by running one of the following
commands sometime before your next pull:

  git config pull.rebase false  # merge (the default strategy)
  git config pull.rebase true   # rebase
  git config pull.ff only       # fast-forward only

You can replace "git config" with "git config --global" to set a default
preference for all repositories. You can also pass --rebase, --no-rebase,
or --ff-only on the command line to override the configured default per
invocation.

Warning: Permanently added the RSA host key for IP address '140.82.113.4' to the list of known hosts.
Warning: Permanently added the RSA host key for IP address '140.82.113.3' to the list of known hosts.
Already up to date.
[gh-pages 6b327c9] Synchronizing completion at 2020-12-14
 2 files changed, 291 insertions(+), 1 deletion(-)
 create mode 100644 travis_wait_2129.log
warning: fetch updated the current branch head.
fast-forwarding your working tree from
commit fd93fa4438bb15f6eb044b1583ccf20bad6c617b.
error: Your local changes to the following files would be overwritten by merge:
	last_install
Please commit your changes or stash them before you merge.
error: The following untracked working tree files would be overwritten by merge:
	travis_wait_2129.log
Please move or remove them before you merge.
Aborting
fatal: Cannot fast-forward your working tree.
After making sure that you saved anything precious from
$ git diff fd93fa4438bb15f6eb044b1583ccf20bad6c617b
output, run
$ git reset --hard
to recover.
warning: fetch updated the current branch head.
fast-forwarding your working tree from
commit fd93fa4438bb15f6eb044b1583ccf20bad6c617b.
warning: fetch updated the current branch head.
fast-forwarding your working tree from
commit fd93fa4438bb15f6eb044b1583ccf20bad6c617b.
error: Unable to create '/home/travis/build/babyshen/helm-charts-mirror/.git/index.lock': File exists.

Another git process seems to be running in this repository, e.g.
an editor opened by 'git commit'. Please make sure all processes
are terminated then try again. If it still fails, a git process
may have crashed in this repository earlier:
remove the file manually to continue.
fatal: Cannot fast-forward your working tree.
After making sure that you saved anything precious from
$ git diff fd93fa4438bb15f6eb044b1583ccf20bad6c617b
output, run
$ git reset --hard
to recover.
error: Your local changes to the following files would be overwritten by merge:
	last_install
Please commit your changes or stash them before you merge.
error: The following untracked working tree files would be overwritten by merge:
	travis_wait_2129.log
Please move or remove them before you merge.
Aborting
fatal: Cannot fast-forward your working tree.
After making sure that you saved anything precious from
$ git diff fd93fa4438bb15f6eb044b1583ccf20bad6c617b
output, run
$ git reset --hard
to recover.
To github.com:babyshen/helm-charts-mirror.git
   fd93fa4..6b327c9  gh-pages -> gh-pages
Branch 'gh-pages' set up to track remote branch 'gh-pages' from 'origin'.
[2020-12-14 16:05:39] spend time is: 310
[2020-12-14 16:05:39] spend time is: 310
[2020-12-14 16:05:39] spend time is: 310
[2020-12-14 16:05:39] spend time is: 310
[2020-12-14 16:05:39] spend time is: 310
[2020-12-14 16:05:39] spend time is: 310
[2020-12-14 16:05:39] spend time is: 310
[2020-12-14 16:05:49] spend time is: 320
[2020-12-14 16:05:49] spend time is: 320
[2020-12-14 16:05:49] spend time is: 320
[2020-12-14 16:05:49] spend time is: 320
[2020-12-14 16:05:49] spend time is: 320
[2020-12-14 16:05:49] spend time is: 320
[2020-12-14 16:05:59] spend time is: 330
[2020-12-14 16:05:59] spend time is: 330
[2020-12-14 16:05:59] spend time is: 330
[2020-12-14 16:05:59] spend time is: 330
[2020-12-14 16:05:59] spend time is: 330
[2020-12-14 16:05:59] spend time is: 330
[2020-12-14 16:05:59] spend time is: 330
[2020-12-14 16:06:09] spend time is: 340
[2020-12-14 16:06:09] spend time is: 340
[2020-12-14 16:06:09] spend time is: 340
[2020-12-14 16:06:09] spend time is: 340
[2020-12-14 16:06:09] spend time is: 340
[2020-12-14 16:06:09] spend time is: 340
[2020-12-14 16:06:09] spend time is: 340
[2020-12-14 16:06:19] spend time is: 350
[2020-12-14 16:06:19] spend time is: 350
[2020-12-14 16:06:19] spend time is: 350
[2020-12-14 16:06:19] spend time is: 350
[2020-12-14 16:06:19] spend time is: 350
[2020-12-14 16:06:19] spend time is: 350
[2020-12-14 16:06:19] spend time is: 350
[2020-12-14 16:06:29] spend time is: 360
[2020-12-14 16:06:29] spend time is: 360
[2020-12-14 16:06:29] spend time is: 360
[2020-12-14 16:06:29] spend time is: 360
[2020-12-14 16:06:29] spend time is: 360
[2020-12-14 16:06:29] spend time is: 360
[2020-12-14 16:06:29] spend time is: 360
[2020-12-14 16:06:39] spend time is: 370
[2020-12-14 16:06:39] spend time is: 370
[2020-12-14 16:06:39] spend time is: 370
[2020-12-14 16:06:39] spend time is: 370
[2020-12-14 16:06:39] spend time is: 370
[2020-12-14 16:06:39] spend time is: 370
[2020-12-14 16:06:49] spend time is: 380
[2020-12-14 16:06:49] spend time is: 380
[2020-12-14 16:06:49] spend time is: 380
[2020-12-14 16:06:49] spend time is: 380
[2020-12-14 16:06:49] spend time is: 380
[2020-12-14 16:06:49] spend time is: 380
[2020-12-14 16:06:49] spend time is: 380
[2020-12-14 16:06:59] spend time is: 390
[2020-12-14 16:06:59] spend time is: 390
[2020-12-14 16:06:59] spend time is: 390
[2020-12-14 16:06:59] spend time is: 390
[2020-12-14 16:06:59] spend time is: 390
[2020-12-14 16:06:59] spend time is: 390
[2020-12-14 16:06:59] spend time is: 390
[2020-12-14 16:07:09] spend time is: 400
[2020-12-14 16:07:09] spend time is: 400
[2020-12-14 16:07:09] spend time is: 400
[2020-12-14 16:07:09] spend time is: 400
[2020-12-14 16:07:09] spend time is: 400
[2020-12-14 16:07:09] spend time is: 400
[2020-12-14 16:07:09] spend time is: 400
[2020-12-14 16:07:19] spend time is: 410
[2020-12-14 16:07:19] spend time is: 410
[2020-12-14 16:07:19] spend time is: 410
[2020-12-14 16:07:19] spend time is: 410
[2020-12-14 16:07:19] spend time is: 410
[2020-12-14 16:07:19] spend time is: 410
[2020-12-14 16:07:19] spend time is: 410
[2020-12-14 16:07:29] spend time is: 420
[2020-12-14 16:07:29] spend time is: 420
[2020-12-14 16:07:29] spend time is: 420
[2020-12-14 16:07:29] spend time is: 420
[2020-12-14 16:07:29] spend time is: 420
[2020-12-14 16:07:29] spend time is: 420
[2020-12-14 16:07:29] spend time is: 420
[2020-12-14 16:07:39] spend time is: 430
[2020-12-14 16:07:39] spend time is: 430
[2020-12-14 16:07:39] spend time is: 430
[2020-12-14 16:07:39] spend time is: 430
[2020-12-14 16:07:39] spend time is: 430
[2020-12-14 16:07:39] spend time is: 430
[2020-12-14 16:07:39] spend time is: 430
[2020-12-14 16:07:49] spend time is: 440
[2020-12-14 16:07:49] spend time is: 440
[2020-12-14 16:07:49] spend time is: 440
[2020-12-14 16:07:49] spend time is: 440
[2020-12-14 16:07:49] spend time is: 440
[2020-12-14 16:07:49] spend time is: 440
[2020-12-14 16:07:49] spend time is: 440
[2020-12-14 16:07:59] spend time is: 450
[2020-12-14 16:07:59] spend time is: 450
[2020-12-14 16:07:59] spend time is: 450
[2020-12-14 16:07:59] spend time is: 450
[2020-12-14 16:07:59] spend time is: 450
[2020-12-14 16:07:59] spend time is: 450
[2020-12-14 16:08:09] spend time is: 460
[2020-12-14 16:08:09] spend time is: 460
[2020-12-14 16:08:09] spend time is: 460
[2020-12-14 16:08:09] spend time is: 460
[2020-12-14 16:08:09] spend time is: 460
[2020-12-14 16:08:09] spend time is: 460
[2020-12-14 16:08:09] spend time is: 460
[2020-12-14 16:08:19] spend time is: 470
[2020-12-14 16:08:19] spend time is: 470
[2020-12-14 16:08:19] spend time is: 470
[2020-12-14 16:08:19] spend time is: 470
[2020-12-14 16:08:19] spend time is: 470
[2020-12-14 16:08:19] spend time is: 470
[2020-12-14 16:08:19] spend time is: 470
[2020-12-14 16:08:29] spend time is: 480
[2020-12-14 16:08:29] spend time is: 480
[2020-12-14 16:08:29] spend time is: 480
[2020-12-14 16:08:29] spend time is: 480
[2020-12-14 16:08:29] spend time is: 480
[2020-12-14 16:08:29] spend time is: 480
[2020-12-14 16:08:29] spend time is: 480
[2020-12-14 16:08:39] spend time is: 490
[2020-12-14 16:08:39] spend time is: 490
[2020-12-14 16:08:39] spend time is: 490
[2020-12-14 16:08:39] spend time is: 490
[2020-12-14 16:08:39] spend time is: 490
[2020-12-14 16:08:39] spend time is: 490
[2020-12-14 16:08:39] spend time is: 490
[2020-12-14 16:08:49] spend time is: 500
[2020-12-14 16:08:49] spend time is: 500
[2020-12-14 16:08:49] spend time is: 500
[2020-12-14 16:08:49] spend time is: 500
[2020-12-14 16:08:49] spend time is: 500
[2020-12-14 16:08:49] spend time is: 500
[2020-12-14 16:08:49] spend time is: 500
[2020-12-14 16:08:59] spend time is: 510
[2020-12-14 16:08:59] spend time is: 510
[2020-12-14 16:08:59] spend time is: 510
[2020-12-14 16:08:59] spend time is: 510
[2020-12-14 16:08:59] spend time is: 510
[2020-12-14 16:08:59] spend time is: 510
[2020-12-14 16:08:59] spend time is: 510
[2020-12-14 16:09:09] spend time is: 520
[2020-12-14 16:09:09] spend time is: 520
[2020-12-14 16:09:09] spend time is: 520
[2020-12-14 16:09:09] spend time is: 520
[2020-12-14 16:09:09] spend time is: 520
[2020-12-14 16:09:09] spend time is: 520
[2020-12-14 16:09:19] spend time is: 530
[2020-12-14 16:09:19] spend time is: 530
[2020-12-14 16:09:19] spend time is: 530
[2020-12-14 16:09:19] spend time is: 530
[2020-12-14 16:09:19] spend time is: 530
[2020-12-14 16:09:19] spend time is: 530
[2020-12-14 16:09:19] spend time is: 530
[2020-12-14 16:09:29] spend time is: 540
[2020-12-14 16:09:29] spend time is: 540
[2020-12-14 16:09:29] spend time is: 540
[2020-12-14 16:09:29] spend time is: 540
[2020-12-14 16:09:29] spend time is: 540
[2020-12-14 16:09:29] spend time is: 540
[2020-12-14 16:09:39] spend time is: 550
[2020-12-14 16:09:39] spend time is: 550
[2020-12-14 16:09:39] spend time is: 550
[2020-12-14 16:09:39] spend time is: 550
[2020-12-14 16:09:39] spend time is: 550
[2020-12-14 16:09:39] spend time is: 550
[2020-12-14 16:09:39] spend time is: 550
[2020-12-14 16:09:49] spend time is: 560
[2020-12-14 16:09:49] spend time is: 560
[2020-12-14 16:09:49] spend time is: 560
[2020-12-14 16:09:49] spend time is: 560
[2020-12-14 16:09:49] spend time is: 560
[2020-12-14 16:09:49] spend time is: 560
[2020-12-14 16:09:59] spend time is: 570
[2020-12-14 16:09:59] spend time is: 570
[2020-12-14 16:09:59] spend time is: 570
[2020-12-14 16:09:59] spend time is: 570
[2020-12-14 16:09:59] spend time is: 570
[2020-12-14 16:09:59] spend time is: 570
[2020-12-14 16:09:59] spend time is: 570
[2020-12-14 16:10:09] spend time is: 580
[2020-12-14 16:10:09] spend time is: 580
[2020-12-14 16:10:09] spend time is: 580
[2020-12-14 16:10:09] spend time is: 580
[2020-12-14 16:10:09] spend time is: 580
[2020-12-14 16:10:09] spend time is: 580
[2020-12-14 16:10:09] spend time is: 580
[2020-12-14 16:10:19] spend time is: 590
[2020-12-14 16:10:19] spend time is: 590
[2020-12-14 16:10:19] spend time is: 590
[2020-12-14 16:10:19] spend time is: 590
[2020-12-14 16:10:19] spend time is: 590
[2020-12-14 16:10:19] spend time is: 590
[2020-12-14 16:10:19] spend time is: 590
[2020-12-14 16:10:29] spend time is: 600
warning: Pulling without specifying how to reconcile divergent branches is
discouraged. You can squelch this message by running one of the following
commands sometime before your next pull:

  git config pull.rebase false  # merge (the default strategy)
  git config pull.rebase true   # rebase
  git config pull.ff only       # fast-forward only

You can replace "git config" with "git config --global" to set a default
preference for all repositories. You can also pass --rebase, --no-rebase,
or --ff-only on the command line to override the configured default per
invocation.

Already up to date.
[gh-pages 1f064c7] Synchronizing completion at 2020-12-14
 2 files changed, 267 insertions(+), 1 deletion(-)
To github.com:babyshen/helm-charts-mirror.git
   6b327c9..1f064c7  gh-pages -> gh-pages
Branch 'gh-pages' set up to track remote branch 'gh-pages' from 'origin'.
[2020-12-14 16:10:39] spend time is: 610
[2020-12-14 16:10:39] spend time is: 610
[2020-12-14 16:10:39] spend time is: 610
[2020-12-14 16:10:39] spend time is: 610
[2020-12-14 16:10:39] spend time is: 610
[2020-12-14 16:10:39] spend time is: 610
[2020-12-14 16:10:39] spend time is: 610
[2020-12-14 16:10:49] spend time is: 620
[2020-12-14 16:10:49] spend time is: 620
[2020-12-14 16:10:49] spend time is: 620
[2020-12-14 16:10:49] spend time is: 620
[2020-12-14 16:10:49] spend time is: 620
[2020-12-14 16:10:49] spend time is: 620
[2020-12-14 16:10:49] spend time is: 620
[2020-12-14 16:10:59] spend time is: 630
[2020-12-14 16:10:59] spend time is: 630
[2020-12-14 16:10:59] spend time is: 630
[2020-12-14 16:10:59] spend time is: 630
[2020-12-14 16:10:59] spend time is: 630
[2020-12-14 16:10:59] spend time is: 630
[2020-12-14 16:10:59] spend time is: 630
[2020-12-14 16:11:09] spend time is: 640
[2020-12-14 16:11:09] spend time is: 640
[2020-12-14 16:11:09] spend time is: 640
[2020-12-14 16:11:09] spend time is: 640
[2020-12-14 16:11:09] spend time is: 640
[2020-12-14 16:11:09] spend time is: 640
[2020-12-14 16:11:09] spend time is: 640
[2020-12-14 16:11:19] spend time is: 650
[2020-12-14 16:11:19] spend time is: 650
[2020-12-14 16:11:19] spend time is: 650
[2020-12-14 16:11:19] spend time is: 650
[2020-12-14 16:11:19] spend time is: 650
[2020-12-14 16:11:19] spend time is: 650
[2020-12-14 16:11:19] spend time is: 650
[2020-12-14 16:11:29] spend time is: 660
[2020-12-14 16:11:29] spend time is: 660
[2020-12-14 16:11:29] spend time is: 660
[2020-12-14 16:11:29] spend time is: 660
[2020-12-14 16:11:29] spend time is: 660
[2020-12-14 16:11:29] spend time is: 660
[2020-12-14 16:11:29] spend time is: 660
[2020-12-14 16:11:39] spend time is: 670
[2020-12-14 16:11:39] spend time is: 670
[2020-12-14 16:11:39] spend time is: 670
[2020-12-14 16:11:39] spend time is: 670
[2020-12-14 16:11:39] spend time is: 670
[2020-12-14 16:11:39] spend time is: 670
[2020-12-14 16:11:49] spend time is: 680
[2020-12-14 16:11:49] spend time is: 680
[2020-12-14 16:11:49] spend time is: 680
[2020-12-14 16:11:49] spend time is: 680
[2020-12-14 16:11:49] spend time is: 680
[2020-12-14 16:11:49] spend time is: 680
[2020-12-14 16:11:49] spend time is: 680
[2020-12-14 16:11:59] spend time is: 690
[2020-12-14 16:11:59] spend time is: 690
[2020-12-14 16:11:59] spend time is: 690
[2020-12-14 16:11:59] spend time is: 690
[2020-12-14 16:11:59] spend time is: 690
[2020-12-14 16:11:59] spend time is: 690
[2020-12-14 16:11:59] spend time is: 690
[2020-12-14 16:12:09] spend time is: 700
[2020-12-14 16:12:09] spend time is: 700
[2020-12-14 16:12:09] spend time is: 700
[2020-12-14 16:12:09] spend time is: 700
[2020-12-14 16:12:09] spend time is: 700
[2020-12-14 16:12:09] spend time is: 700
[2020-12-14 16:12:09] spend time is: 700
[2020-12-14 16:12:19] spend time is: 710
[2020-12-14 16:12:19] spend time is: 710
[2020-12-14 16:12:19] spend time is: 710
[2020-12-14 16:12:19] spend time is: 710
[2020-12-14 16:12:19] spend time is: 710
[2020-12-14 16:12:19] spend time is: 710
[2020-12-14 16:12:29] spend time is: 720
[2020-12-14 16:12:29] spend time is: 720
[2020-12-14 16:12:29] spend time is: 720
[2020-12-14 16:12:29] spend time is: 720
[2020-12-14 16:12:29] spend time is: 720
[2020-12-14 16:12:29] spend time is: 720
[2020-12-14 16:12:29] spend time is: 720
[2020-12-14 16:12:39] spend time is: 730
[2020-12-14 16:12:39] spend time is: 730
[2020-12-14 16:12:39] spend time is: 730
[2020-12-14 16:12:39] spend time is: 730
[2020-12-14 16:12:39] spend time is: 730
[2020-12-14 16:12:39] spend time is: 730
[2020-12-14 16:12:39] spend time is: 730
[2020-12-14 16:12:49] spend time is: 740
[2020-12-14 16:12:49] spend time is: 740
[2020-12-14 16:12:49] spend time is: 740
[2020-12-14 16:12:49] spend time is: 740
[2020-12-14 16:12:49] spend time is: 740
[2020-12-14 16:12:49] spend time is: 740
[2020-12-14 16:12:49] spend time is: 740
[2020-12-14 16:12:59] spend time is: 750
[2020-12-14 16:12:59] spend time is: 750
[2020-12-14 16:12:59] spend time is: 750
[2020-12-14 16:12:59] spend time is: 750
[2020-12-14 16:12:59] spend time is: 750
[2020-12-14 16:12:59] spend time is: 750
[2020-12-14 16:12:59] spend time is: 750
[2020-12-14 16:13:09] spend time is: 760
[2020-12-14 16:13:09] spend time is: 760
[2020-12-14 16:13:09] spend time is: 760
[2020-12-14 16:13:09] spend time is: 760
[2020-12-14 16:13:09] spend time is: 760
[2020-12-14 16:13:09] spend time is: 760
[2020-12-14 16:13:19] spend time is: 770
[2020-12-14 16:13:19] spend time is: 770
[2020-12-14 16:13:19] spend time is: 770
[2020-12-14 16:13:19] spend time is: 770
[2020-12-14 16:13:19] spend time is: 770
[2020-12-14 16:13:19] spend time is: 770
[2020-12-14 16:13:29] spend time is: 780
[2020-12-14 16:13:29] spend time is: 780
[2020-12-14 16:13:29] spend time is: 780
[2020-12-14 16:13:29] spend time is: 780
[2020-12-14 16:13:29] spend time is: 780
[2020-12-14 16:13:29] spend time is: 780
[2020-12-14 16:13:29] spend time is: 780
[2020-12-14 16:13:39] spend time is: 790
[2020-12-14 16:13:39] spend time is: 790
[2020-12-14 16:13:39] spend time is: 790
[2020-12-14 16:13:39] spend time is: 790
[2020-12-14 16:13:39] spend time is: 790
[2020-12-14 16:13:39] spend time is: 790
[2020-12-14 16:13:39] spend time is: 790
[2020-12-14 16:13:49] spend time is: 800
[2020-12-14 16:13:49] spend time is: 800
[2020-12-14 16:13:49] spend time is: 800
[2020-12-14 16:13:49] spend time is: 800
[2020-12-14 16:13:49] spend time is: 800
[2020-12-14 16:13:49] spend time is: 800
[2020-12-14 16:13:49] spend time is: 800
[2020-12-14 16:13:59] spend time is: 810
[2020-12-14 16:13:59] spend time is: 810
[2020-12-14 16:13:59] spend time is: 810
[2020-12-14 16:13:59] spend time is: 810
[2020-12-14 16:13:59] spend time is: 810
[2020-12-14 16:13:59] spend time is: 810
[2020-12-14 16:13:59] spend time is: 810
[2020-12-14 16:14:09] spend time is: 820
[2020-12-14 16:14:09] spend time is: 820
[2020-12-14 16:14:09] spend time is: 820
[2020-12-14 16:14:09] spend time is: 820
[2020-12-14 16:14:09] spend time is: 820
[2020-12-14 16:14:09] spend time is: 820
[2020-12-14 16:14:09] spend time is: 820
[2020-12-14 16:14:19] spend time is: 830
[2020-12-14 16:14:19] spend time is: 830
[2020-12-14 16:14:19] spend time is: 830
[2020-12-14 16:14:19] spend time is: 830
[2020-12-14 16:14:19] spend time is: 830
[2020-12-14 16:14:19] spend time is: 830
[2020-12-14 16:14:19] spend time is: 830
[2020-12-14 16:14:29] spend time is: 840
[2020-12-14 16:14:29] spend time is: 840
[2020-12-14 16:14:29] spend time is: 840
[2020-12-14 16:14:29] spend time is: 840
[2020-12-14 16:14:29] spend time is: 840
[2020-12-14 16:14:29] spend time is: 840
[2020-12-14 16:14:29] spend time is: 840
[2020-12-14 16:14:39] spend time is: 850
[2020-12-14 16:14:39] spend time is: 850
[2020-12-14 16:14:39] spend time is: 850
[2020-12-14 16:14:39] spend time is: 850
[2020-12-14 16:14:39] spend time is: 850
[2020-12-14 16:14:39] spend time is: 850
[2020-12-14 16:14:39] spend time is: 850
[2020-12-14 16:14:49] spend time is: 860
[2020-12-14 16:14:49] spend time is: 860
[2020-12-14 16:14:49] spend time is: 860
[2020-12-14 16:14:49] spend time is: 860
[2020-12-14 16:14:49] spend time is: 860
[2020-12-14 16:14:49] spend time is: 860
[2020-12-14 16:14:49] spend time is: 860
[2020-12-14 16:14:59] spend time is: 870
[2020-12-14 16:14:59] spend time is: 870
[2020-12-14 16:14:59] spend time is: 870
[2020-12-14 16:14:59] spend time is: 870
[2020-12-14 16:14:59] spend time is: 870
[2020-12-14 16:14:59] spend time is: 870
[2020-12-14 16:14:59] spend time is: 870
[2020-12-14 16:15:09] spend time is: 880
[2020-12-14 16:15:09] spend time is: 880
[2020-12-14 16:15:09] spend time is: 880
[2020-12-14 16:15:09] spend time is: 880
[2020-12-14 16:15:09] spend time is: 880
[2020-12-14 16:15:09] spend time is: 880
[2020-12-14 16:15:09] spend time is: 880
[2020-12-14 16:15:19] spend time is: 890
[2020-12-14 16:15:19] spend time is: 890
[2020-12-14 16:15:19] spend time is: 890
[2020-12-14 16:15:19] spend time is: 890
[2020-12-14 16:15:19] spend time is: 890
[2020-12-14 16:15:19] spend time is: 890
[2020-12-14 16:15:19] spend time is: 890
[2020-12-14 16:15:29] spend time is: 900
warning: Pulling without specifying how to reconcile divergent branches is
discouraged. You can squelch this message by running one of the following
commands sometime before your next pull:

  git config pull.rebase false  # merge (the default strategy)
  git config pull.rebase true   # rebase
  git config pull.ff only       # fast-forward only

You can replace "git config" with "git config --global" to set a default
preference for all repositories. You can also pass --rebase, --no-rebase,
or --ff-only on the command line to override the configured default per
invocation.

Already up to date.
[gh-pages 2c2f285] Synchronizing completion at 2020-12-14
 2 files changed, 220 insertions(+), 1 deletion(-)
To github.com:babyshen/helm-charts-mirror.git
   1f064c7..2c2f285  gh-pages -> gh-pages
Branch 'gh-pages' set up to track remote branch 'gh-pages' from 'origin'.
[2020-12-14 16:15:39] spend time is: 910
[2020-12-14 16:15:39] spend time is: 910
[2020-12-14 16:15:39] spend time is: 910
[2020-12-14 16:15:39] spend time is: 910
[2020-12-14 16:15:39] spend time is: 910
[2020-12-14 16:15:39] spend time is: 910
[2020-12-14 16:15:49] spend time is: 920
[2020-12-14 16:15:49] spend time is: 920
[2020-12-14 16:15:49] spend time is: 920
[2020-12-14 16:15:49] spend time is: 920
[2020-12-14 16:15:49] spend time is: 920
[2020-12-14 16:15:49] spend time is: 920
[2020-12-14 16:15:59] spend time is: 930
[2020-12-14 16:15:59] spend time is: 930
[2020-12-14 16:15:59] spend time is: 930
[2020-12-14 16:15:59] spend time is: 930
[2020-12-14 16:15:59] spend time is: 930
[2020-12-14 16:15:59] spend time is: 930
[2020-12-14 16:16:09] spend time is: 940
[2020-12-14 16:16:09] spend time is: 940
[2020-12-14 16:16:09] spend time is: 940
[2020-12-14 16:16:09] spend time is: 940
[2020-12-14 16:16:09] spend time is: 940
[2020-12-14 16:16:09] spend time is: 940
[2020-12-14 16:16:09] spend time is: 940
[2020-12-14 16:16:19] spend time is: 950
[2020-12-14 16:16:19] spend time is: 950
[2020-12-14 16:16:19] spend time is: 950
[2020-12-14 16:16:19] spend time is: 950
[2020-12-14 16:16:19] spend time is: 950
[2020-12-14 16:16:19] spend time is: 950
[2020-12-14 16:16:19] spend time is: 950
[2020-12-14 16:16:29] spend time is: 960
[2020-12-14 16:16:29] spend time is: 960
[2020-12-14 16:16:29] spend time is: 960
[2020-12-14 16:16:29] spend time is: 960
[2020-12-14 16:16:29] spend time is: 960
[2020-12-14 16:16:29] spend time is: 960
[2020-12-14 16:16:29] spend time is: 960
[2020-12-14 16:16:39] spend time is: 970
[2020-12-14 16:16:39] spend time is: 970
[2020-12-14 16:16:39] spend time is: 970
[2020-12-14 16:16:39] spend time is: 970
[2020-12-14 16:16:39] spend time is: 970
[2020-12-14 16:16:39] spend time is: 970
[2020-12-14 16:16:40] spend time is: 970
[2020-12-14 16:16:49] spend time is: 980
[2020-12-14 16:16:49] spend time is: 980
[2020-12-14 16:16:49] spend time is: 980
[2020-12-14 16:16:49] spend time is: 980
[2020-12-14 16:16:49] spend time is: 980
[2020-12-14 16:16:49] spend time is: 980
[2020-12-14 16:16:59] spend time is: 990
[2020-12-14 16:16:59] spend time is: 990
[2020-12-14 16:16:59] spend time is: 990
[2020-12-14 16:16:59] spend time is: 990
[2020-12-14 16:16:59] spend time is: 990
[2020-12-14 16:16:59] spend time is: 990
[2020-12-14 16:16:59] spend time is: 990
[2020-12-14 16:17:09] spend time is: 1000
[2020-12-14 16:17:09] spend time is: 1000
[2020-12-14 16:17:09] spend time is: 1000
[2020-12-14 16:17:09] spend time is: 1000
[2020-12-14 16:17:09] spend time is: 1000
[2020-12-14 16:17:09] spend time is: 1000
[2020-12-14 16:17:09] spend time is: 1000
[2020-12-14 16:17:19] spend time is: 1010
[2020-12-14 16:17:19] spend time is: 1010
[2020-12-14 16:17:19] spend time is: 1010
[2020-12-14 16:17:19] spend time is: 1010
[2020-12-14 16:17:19] spend time is: 1010
[2020-12-14 16:17:19] spend time is: 1010
[2020-12-14 16:17:19] spend time is: 1010
[2020-12-14 16:17:29] spend time is: 1020
[2020-12-14 16:17:29] spend time is: 1020
[2020-12-14 16:17:29] spend time is: 1020
[2020-12-14 16:17:29] spend time is: 1020
[2020-12-14 16:17:29] spend time is: 1020
[2020-12-14 16:17:29] spend time is: 1020
[2020-12-14 16:17:39] spend time is: 1030
[2020-12-14 16:17:39] spend time is: 1030
[2020-12-14 16:17:39] spend time is: 1030
[2020-12-14 16:17:39] spend time is: 1030
[2020-12-14 16:17:39] spend time is: 1030
[2020-12-14 16:17:39] spend time is: 1030
[2020-12-14 16:17:39] spend time is: 1030
[2020-12-14 16:17:49] spend time is: 1040
[2020-12-14 16:17:49] spend time is: 1040
[2020-12-14 16:17:49] spend time is: 1040
[2020-12-14 16:17:49] spend time is: 1040
[2020-12-14 16:17:49] spend time is: 1040
[2020-12-14 16:17:49] spend time is: 1040
[2020-12-14 16:17:49] spend time is: 1040
[2020-12-14 16:17:59] spend time is: 1050
[2020-12-14 16:17:59] spend time is: 1050
[2020-12-14 16:17:59] spend time is: 1050
[2020-12-14 16:17:59] spend time is: 1050
[2020-12-14 16:17:59] spend time is: 1050
[2020-12-14 16:17:59] spend time is: 1050
[2020-12-14 16:18:09] spend time is: 1060
[2020-12-14 16:18:09] spend time is: 1060
[2020-12-14 16:18:09] spend time is: 1060
[2020-12-14 16:18:09] spend time is: 1060
[2020-12-14 16:18:09] spend time is: 1060
[2020-12-14 16:18:09] spend time is: 1060
[2020-12-14 16:18:09] spend time is: 1060
[2020-12-14 16:18:19] spend time is: 1070
[2020-12-14 16:18:19] spend time is: 1070
[2020-12-14 16:18:19] spend time is: 1070
[2020-12-14 16:18:19] spend time is: 1070
[2020-12-14 16:18:19] spend time is: 1070
[2020-12-14 16:18:19] spend time is: 1070
[2020-12-14 16:18:19] spend time is: 1070
[2020-12-14 16:18:29] spend time is: 1080
[2020-12-14 16:18:29] spend time is: 1080
[2020-12-14 16:18:29] spend time is: 1080
[2020-12-14 16:18:29] spend time is: 1080
[2020-12-14 16:18:29] spend time is: 1080
[2020-12-14 16:18:29] spend time is: 1080
[2020-12-14 16:18:29] spend time is: 1080
[2020-12-14 16:18:39] spend time is: 1090
[2020-12-14 16:18:39] spend time is: 1090
[2020-12-14 16:18:39] spend time is: 1090
[2020-12-14 16:18:39] spend time is: 1090
[2020-12-14 16:18:39] spend time is: 1090
[2020-12-14 16:18:39] spend time is: 1090
[2020-12-14 16:18:39] spend time is: 1090
[2020-12-14 16:18:49] spend time is: 1100
[2020-12-14 16:18:49] spend time is: 1100
[2020-12-14 16:18:49] spend time is: 1100
[2020-12-14 16:18:49] spend time is: 1100
[2020-12-14 16:18:49] spend time is: 1100
[2020-12-14 16:18:49] spend time is: 1100
[2020-12-14 16:18:50] spend time is: 1100
[2020-12-14 16:18:59] spend time is: 1110
[2020-12-14 16:18:59] spend time is: 1110
[2020-12-14 16:18:59] spend time is: 1110
[2020-12-14 16:18:59] spend time is: 1110
[2020-12-14 16:18:59] spend time is: 1110
[2020-12-14 16:18:59] spend time is: 1110
[2020-12-14 16:18:59] spend time is: 1110
[2020-12-14 16:19:09] spend time is: 1120
[2020-12-14 16:19:09] spend time is: 1120
[2020-12-14 16:19:09] spend time is: 1120
[2020-12-14 16:19:09] spend time is: 1120
[2020-12-14 16:19:09] spend time is: 1120
[2020-12-14 16:19:09] spend time is: 1120
[2020-12-14 16:19:09] spend time is: 1120
[2020-12-14 16:19:19] spend time is: 1130
[2020-12-14 16:19:19] spend time is: 1130
[2020-12-14 16:19:19] spend time is: 1130
[2020-12-14 16:19:19] spend time is: 1130
[2020-12-14 16:19:19] spend time is: 1130
[2020-12-14 16:19:19] spend time is: 1130
[2020-12-14 16:19:29] spend time is: 1140
[2020-12-14 16:19:29] spend time is: 1140
[2020-12-14 16:19:29] spend time is: 1140
[2020-12-14 16:19:29] spend time is: 1140
[2020-12-14 16:19:29] spend time is: 1140
[2020-12-14 16:19:29] spend time is: 1140
[2020-12-14 16:19:29] spend time is: 1140
[2020-12-14 16:19:39] spend time is: 1150
[2020-12-14 16:19:39] spend time is: 1150
[2020-12-14 16:19:39] spend time is: 1150
[2020-12-14 16:19:39] spend time is: 1150
[2020-12-14 16:19:39] spend time is: 1150
[2020-12-14 16:19:39] spend time is: 1150
[2020-12-14 16:19:49] spend time is: 1160
[2020-12-14 16:19:49] spend time is: 1160
[2020-12-14 16:19:49] spend time is: 1160
[2020-12-14 16:19:49] spend time is: 1160
[2020-12-14 16:19:49] spend time is: 1160
[2020-12-14 16:19:49] spend time is: 1160
[2020-12-14 16:19:49] spend time is: 1160
[2020-12-14 16:19:59] spend time is: 1170
[2020-12-14 16:19:59] spend time is: 1170
[2020-12-14 16:19:59] spend time is: 1170
[2020-12-14 16:19:59] spend time is: 1170
[2020-12-14 16:19:59] spend time is: 1170
[2020-12-14 16:19:59] spend time is: 1170
[2020-12-14 16:20:09] spend time is: 1180
[2020-12-14 16:20:09] spend time is: 1180
[2020-12-14 16:20:09] spend time is: 1180
[2020-12-14 16:20:09] spend time is: 1180
[2020-12-14 16:20:09] spend time is: 1180
[2020-12-14 16:20:09] spend time is: 1180
[2020-12-14 16:20:09] spend time is: 1180
[2020-12-14 16:20:19] spend time is: 1190
[2020-12-14 16:20:19] spend time is: 1190
[2020-12-14 16:20:19] spend time is: 1190
[2020-12-14 16:20:19] spend time is: 1190
[2020-12-14 16:20:19] spend time is: 1190
[2020-12-14 16:20:19] spend time is: 1190
[2020-12-14 16:20:19] spend time is: 1190
[2020-12-14 16:20:29] spend time is: 1200
warning: Pulling without specifying how to reconcile divergent branches is
discouraged. You can squelch this message by running one of the following
commands sometime before your next pull:

  git config pull.rebase false  # merge (the default strategy)
  git config pull.rebase true   # rebase
  git config pull.ff only       # fast-forward only

You can replace "git config" with "git config --global" to set a default
preference for all repositories. You can also pass --rebase, --no-rebase,
or --ff-only on the command line to override the configured default per
invocation.

Already up to date.
[gh-pages c9ef006] Synchronizing completion at 2020-12-14
 2 files changed, 215 insertions(+), 1 deletion(-)
Warning: Permanently added the RSA host key for IP address '140.82.114.4' to the list of known hosts.
To github.com:babyshen/helm-charts-mirror.git
   2c2f285..c9ef006  gh-pages -> gh-pages
Branch 'gh-pages' set up to track remote branch 'gh-pages' from 'origin'.
[2020-12-14 16:20:39] spend time is: 1210
[2020-12-14 16:20:39] spend time is: 1210
[2020-12-14 16:20:39] spend time is: 1210
[2020-12-14 16:20:39] spend time is: 1210
[2020-12-14 16:20:39] spend time is: 1210
[2020-12-14 16:20:39] spend time is: 1210
[2020-12-14 16:20:39] spend time is: 1210
[2020-12-14 16:20:49] spend time is: 1220
[2020-12-14 16:20:49] spend time is: 1220
[2020-12-14 16:20:49] spend time is: 1220
[2020-12-14 16:20:49] spend time is: 1220
[2020-12-14 16:20:49] spend time is: 1220
[2020-12-14 16:20:49] spend time is: 1220
[2020-12-14 16:20:59] spend time is: 1230
[2020-12-14 16:20:59] spend time is: 1230
[2020-12-14 16:20:59] spend time is: 1230
[2020-12-14 16:20:59] spend time is: 1230
[2020-12-14 16:20:59] spend time is: 1230
[2020-12-14 16:20:59] spend time is: 1230
[2020-12-14 16:21:00] spend time is: 1230
[2020-12-14 16:21:09] spend time is: 1240
[2020-12-14 16:21:09] spend time is: 1240
[2020-12-14 16:21:09] spend time is: 1240
[2020-12-14 16:21:09] spend time is: 1240
[2020-12-14 16:21:09] spend time is: 1240
[2020-12-14 16:21:09] spend time is: 1240
[2020-12-14 16:21:09] spend time is: 1240
[2020-12-14 16:21:19] spend time is: 1250
[2020-12-14 16:21:19] spend time is: 1250
[2020-12-14 16:21:19] spend time is: 1250
[2020-12-14 16:21:19] spend time is: 1250
[2020-12-14 16:21:19] spend time is: 1250
[2020-12-14 16:21:19] spend time is: 1250
[2020-12-14 16:21:19] spend time is: 1250
[2020-12-14 16:21:29] spend time is: 1260
[2020-12-14 16:21:29] spend time is: 1260
[2020-12-14 16:21:29] spend time is: 1260
[2020-12-14 16:21:29] spend time is: 1260
[2020-12-14 16:21:29] spend time is: 1260
[2020-12-14 16:21:29] spend time is: 1260
[2020-12-14 16:21:29] spend time is: 1260
[2020-12-14 16:21:39] spend time is: 1270
[2020-12-14 16:21:39] spend time is: 1270
[2020-12-14 16:21:39] spend time is: 1270
[2020-12-14 16:21:39] spend time is: 1270
[2020-12-14 16:21:39] spend time is: 1270
[2020-12-14 16:21:39] spend time is: 1270
[2020-12-14 16:21:39] spend time is: 1270
[2020-12-14 16:21:49] spend time is: 1280
[2020-12-14 16:21:49] spend time is: 1280
[2020-12-14 16:21:49] spend time is: 1280
[2020-12-14 16:21:49] spend time is: 1280
[2020-12-14 16:21:49] spend time is: 1280
[2020-12-14 16:21:49] spend time is: 1280
[2020-12-14 16:21:49] spend time is: 1280
[2020-12-14 16:21:59] spend time is: 1290
[2020-12-14 16:21:59] spend time is: 1290
[2020-12-14 16:21:59] spend time is: 1290
[2020-12-14 16:21:59] spend time is: 1290
[2020-12-14 16:21:59] spend time is: 1290
[2020-12-14 16:21:59] spend time is: 1290
[2020-12-14 16:21:59] spend time is: 1290
[2020-12-14 16:22:09] spend time is: 1300
[2020-12-14 16:22:09] spend time is: 1300
[2020-12-14 16:22:09] spend time is: 1300
[2020-12-14 16:22:09] spend time is: 1300
[2020-12-14 16:22:09] spend time is: 1300
[2020-12-14 16:22:09] spend time is: 1300
[2020-12-14 16:22:09] spend time is: 1300
[2020-12-14 16:22:19] spend time is: 1310
[2020-12-14 16:22:19] spend time is: 1310
[2020-12-14 16:22:19] spend time is: 1310
[2020-12-14 16:22:19] spend time is: 1310
[2020-12-14 16:22:19] spend time is: 1310
[2020-12-14 16:22:19] spend time is: 1310
[2020-12-14 16:22:29] spend time is: 1320
[2020-12-14 16:22:29] spend time is: 1320
[2020-12-14 16:22:29] spend time is: 1320
[2020-12-14 16:22:29] spend time is: 1320
[2020-12-14 16:22:29] spend time is: 1320
[2020-12-14 16:22:29] spend time is: 1320
[2020-12-14 16:22:39] spend time is: 1330
[2020-12-14 16:22:39] spend time is: 1330
[2020-12-14 16:22:39] spend time is: 1330
[2020-12-14 16:22:39] spend time is: 1330
[2020-12-14 16:22:39] spend time is: 1330
[2020-12-14 16:22:39] spend time is: 1330
[2020-12-14 16:22:39] spend time is: 1330
[2020-12-14 16:22:49] spend time is: 1340
[2020-12-14 16:22:49] spend time is: 1340
[2020-12-14 16:22:49] spend time is: 1340
[2020-12-14 16:22:49] spend time is: 1340
[2020-12-14 16:22:49] spend time is: 1340
[2020-12-14 16:22:49] spend time is: 1340
[2020-12-14 16:22:49] spend time is: 1340
[2020-12-14 16:22:59] spend time is: 1350
[2020-12-14 16:22:59] spend time is: 1350
[2020-12-14 16:22:59] spend time is: 1350
[2020-12-14 16:22:59] spend time is: 1350
[2020-12-14 16:22:59] spend time is: 1350
[2020-12-14 16:22:59] spend time is: 1350
[2020-12-14 16:23:09] spend time is: 1360
[2020-12-14 16:23:09] spend time is: 1360
[2020-12-14 16:23:09] spend time is: 1360
[2020-12-14 16:23:09] spend time is: 1360
[2020-12-14 16:23:09] spend time is: 1360
[2020-12-14 16:23:09] spend time is: 1360
[2020-12-14 16:23:19] spend time is: 1370
[2020-12-14 16:23:19] spend time is: 1370
[2020-12-14 16:23:19] spend time is: 1370
[2020-12-14 16:23:19] spend time is: 1370
[2020-12-14 16:23:19] spend time is: 1370
[2020-12-14 16:23:19] spend time is: 1370
[2020-12-14 16:23:19] spend time is: 1370
[2020-12-14 16:23:29] spend time is: 1380
[2020-12-14 16:23:29] spend time is: 1380
[2020-12-14 16:23:29] spend time is: 1380
[2020-12-14 16:23:29] spend time is: 1380
[2020-12-14 16:23:29] spend time is: 1380
[2020-12-14 16:23:29] spend time is: 1380
[2020-12-14 16:23:29] spend time is: 1380
[2020-12-14 16:23:39] spend time is: 1390
[2020-12-14 16:23:39] spend time is: 1390
[2020-12-14 16:23:39] spend time is: 1390
[2020-12-14 16:23:39] spend time is: 1390
[2020-12-14 16:23:39] spend time is: 1390
[2020-12-14 16:23:39] spend time is: 1390
[2020-12-14 16:23:39] spend time is: 1390
[2020-12-14 16:23:49] spend time is: 1400
[2020-12-14 16:23:49] spend time is: 1400
[2020-12-14 16:23:49] spend time is: 1400
[2020-12-14 16:23:49] spend time is: 1400
[2020-12-14 16:23:49] spend time is: 1400
[2020-12-14 16:23:49] spend time is: 1400
[2020-12-14 16:23:59] spend time is: 1410
[2020-12-14 16:23:59] spend time is: 1410
[2020-12-14 16:23:59] spend time is: 1410
[2020-12-14 16:23:59] spend time is: 1410
[2020-12-14 16:23:59] spend time is: 1410
[2020-12-14 16:23:59] spend time is: 1410
[2020-12-14 16:24:09] spend time is: 1420
[2020-12-14 16:24:09] spend time is: 1420
[2020-12-14 16:24:09] spend time is: 1420
[2020-12-14 16:24:09] spend time is: 1420
[2020-12-14 16:24:09] spend time is: 1420
[2020-12-14 16:24:09] spend time is: 1420
[2020-12-14 16:24:19] spend time is: 1430
[2020-12-14 16:24:19] spend time is: 1430
[2020-12-14 16:24:19] spend time is: 1430
[2020-12-14 16:24:19] spend time is: 1430
[2020-12-14 16:24:19] spend time is: 1430
[2020-12-14 16:24:19] spend time is: 1430
[2020-12-14 16:24:29] spend time is: 1440
[2020-12-14 16:24:29] spend time is: 1440
[2020-12-14 16:24:29] spend time is: 1440
[2020-12-14 16:24:29] spend time is: 1440
[2020-12-14 16:24:29] spend time is: 1440
[2020-12-14 16:24:29] spend time is: 1440
[2020-12-14 16:24:39] spend time is: 1450
[2020-12-14 16:24:39] spend time is: 1450
[2020-12-14 16:24:39] spend time is: 1450
[2020-12-14 16:24:39] spend time is: 1450
[2020-12-14 16:24:39] spend time is: 1450
[2020-12-14 16:24:39] spend time is: 1450
[2020-12-14 16:24:49] spend time is: 1460
[2020-12-14 16:24:49] spend time is: 1460
[2020-12-14 16:24:49] spend time is: 1460
[2020-12-14 16:24:49] spend time is: 1460
[2020-12-14 16:24:49] spend time is: 1460
[2020-12-14 16:24:49] spend time is: 1460
[2020-12-14 16:24:49] spend time is: 1460
[2020-12-14 16:24:59] spend time is: 1470
[2020-12-14 16:24:59] spend time is: 1470
[2020-12-14 16:24:59] spend time is: 1470
[2020-12-14 16:24:59] spend time is: 1470
[2020-12-14 16:24:59] spend time is: 1470
[2020-12-14 16:24:59] spend time is: 1470
[2020-12-14 16:24:59] spend time is: 1470
[2020-12-14 16:25:09] spend time is: 1480
[2020-12-14 16:25:09] spend time is: 1480
[2020-12-14 16:25:09] spend time is: 1480
[2020-12-14 16:25:09] spend time is: 1480
[2020-12-14 16:25:09] spend time is: 1480
[2020-12-14 16:25:09] spend time is: 1480
[2020-12-14 16:25:09] spend time is: 1480
[2020-12-14 16:25:19] spend time is: 1490
[2020-12-14 16:25:19] spend time is: 1490
[2020-12-14 16:25:19] spend time is: 1490
[2020-12-14 16:25:19] spend time is: 1490
[2020-12-14 16:25:19] spend time is: 1490
[2020-12-14 16:25:19] spend time is: 1490
[2020-12-14 16:25:19] spend time is: 1490
[2020-12-14 16:25:29] spend time is: 1500
warning: Pulling without specifying how to reconcile divergent branches is
discouraged. You can squelch this message by running one of the following
commands sometime before your next pull:

  git config pull.rebase false  # merge (the default strategy)
  git config pull.rebase true   # rebase
  git config pull.ff only       # fast-forward only

You can replace "git config" with "git config --global" to set a default
preference for all repositories. You can also pass --rebase, --no-rebase,
or --ff-only on the command line to override the configured default per
invocation.

Already up to date.
[gh-pages 8d761a1] Synchronizing completion at 2020-12-14
 2 files changed, 214 insertions(+), 1 deletion(-)
To github.com:babyshen/helm-charts-mirror.git
   c9ef006..8d761a1  gh-pages -> gh-pages
Branch 'gh-pages' set up to track remote branch 'gh-pages' from 'origin'.
[2020-12-14 16:25:39] spend time is: 1510
[2020-12-14 16:25:39] spend time is: 1510
[2020-12-14 16:25:39] spend time is: 1510
[2020-12-14 16:25:39] spend time is: 1510
[2020-12-14 16:25:39] spend time is: 1510
[2020-12-14 16:25:39] spend time is: 1510
[2020-12-14 16:25:49] spend time is: 1520
[2020-12-14 16:25:49] spend time is: 1520
[2020-12-14 16:25:49] spend time is: 1520
[2020-12-14 16:25:49] spend time is: 1520
[2020-12-14 16:25:49] spend time is: 1520
[2020-12-14 16:25:49] spend time is: 1520
[2020-12-14 16:25:49] spend time is: 1520
[2020-12-14 16:25:59] spend time is: 1530
[2020-12-14 16:25:59] spend time is: 1530
[2020-12-14 16:25:59] spend time is: 1530
[2020-12-14 16:25:59] spend time is: 1530
[2020-12-14 16:25:59] spend time is: 1530
[2020-12-14 16:25:59] spend time is: 1530
[2020-12-14 16:25:59] spend time is: 1530
[2020-12-14 16:26:09] spend time is: 1540
[2020-12-14 16:26:09] spend time is: 1540
[2020-12-14 16:26:09] spend time is: 1540
[2020-12-14 16:26:09] spend time is: 1540
[2020-12-14 16:26:09] spend time is: 1540
[2020-12-14 16:26:09] spend time is: 1540
[2020-12-14 16:26:09] spend time is: 1540
[2020-12-14 16:26:19] spend time is: 1550
[2020-12-14 16:26:19] spend time is: 1550
[2020-12-14 16:26:19] spend time is: 1550
[2020-12-14 16:26:19] spend time is: 1550
[2020-12-14 16:26:19] spend time is: 1550
[2020-12-14 16:26:19] spend time is: 1550
[2020-12-14 16:26:19] spend time is: 1550
[2020-12-14 16:26:29] spend time is: 1560
[2020-12-14 16:26:29] spend time is: 1560
[2020-12-14 16:26:29] spend time is: 1560
[2020-12-14 16:26:29] spend time is: 1560
[2020-12-14 16:26:29] spend time is: 1560
[2020-12-14 16:26:29] spend time is: 1560
[2020-12-14 16:26:29] spend time is: 1560
[2020-12-14 16:26:39] spend time is: 1570
[2020-12-14 16:26:39] spend time is: 1570
[2020-12-14 16:26:39] spend time is: 1570
[2020-12-14 16:26:39] spend time is: 1570
[2020-12-14 16:26:39] spend time is: 1570
[2020-12-14 16:26:39] spend time is: 1570
[2020-12-14 16:26:40] spend time is: 1570
[2020-12-14 16:26:49] spend time is: 1580
[2020-12-14 16:26:49] spend time is: 1580
[2020-12-14 16:26:49] spend time is: 1580
[2020-12-14 16:26:49] spend time is: 1580
[2020-12-14 16:26:49] spend time is: 1580
[2020-12-14 16:26:49] spend time is: 1580
[2020-12-14 16:26:59] spend time is: 1590
[2020-12-14 16:26:59] spend time is: 1590
[2020-12-14 16:26:59] spend time is: 1590
[2020-12-14 16:26:59] spend time is: 1590
[2020-12-14 16:26:59] spend time is: 1590
[2020-12-14 16:26:59] spend time is: 1590
[2020-12-14 16:27:09] spend time is: 1600
[2020-12-14 16:27:09] spend time is: 1600
[2020-12-14 16:27:09] spend time is: 1600
[2020-12-14 16:27:09] spend time is: 1600
[2020-12-14 16:27:09] spend time is: 1600
[2020-12-14 16:27:09] spend time is: 1600
[2020-12-14 16:27:19] spend time is: 1610
[2020-12-14 16:27:19] spend time is: 1610
[2020-12-14 16:27:19] spend time is: 1610
[2020-12-14 16:27:19] spend time is: 1610
[2020-12-14 16:27:19] spend time is: 1610
[2020-12-14 16:27:19] spend time is: 1610
[2020-12-14 16:27:19] spend time is: 1610
[2020-12-14 16:27:29] spend time is: 1620
[2020-12-14 16:27:29] spend time is: 1620
[2020-12-14 16:27:29] spend time is: 1620
[2020-12-14 16:27:29] spend time is: 1620
[2020-12-14 16:27:29] spend time is: 1620
[2020-12-14 16:27:29] spend time is: 1620
[2020-12-14 16:27:29] spend time is: 1620
[2020-12-14 16:27:39] spend time is: 1630
[2020-12-14 16:27:39] spend time is: 1630
[2020-12-14 16:27:39] spend time is: 1630
[2020-12-14 16:27:39] spend time is: 1630
[2020-12-14 16:27:39] spend time is: 1630
[2020-12-14 16:27:39] spend time is: 1630
[2020-12-14 16:27:39] spend time is: 1630
[2020-12-14 16:27:49] spend time is: 1640
[2020-12-14 16:27:49] spend time is: 1640
[2020-12-14 16:27:49] spend time is: 1640
[2020-12-14 16:27:49] spend time is: 1640
[2020-12-14 16:27:49] spend time is: 1640
[2020-12-14 16:27:49] spend time is: 1640
[2020-12-14 16:27:59] spend time is: 1650
[2020-12-14 16:27:59] spend time is: 1650
[2020-12-14 16:27:59] spend time is: 1650
[2020-12-14 16:27:59] spend time is: 1650
[2020-12-14 16:27:59] spend time is: 1650
[2020-12-14 16:27:59] spend time is: 1650
[2020-12-14 16:28:09] spend time is: 1660
[2020-12-14 16:28:09] spend time is: 1660
[2020-12-14 16:28:09] spend time is: 1660
[2020-12-14 16:28:09] spend time is: 1660
[2020-12-14 16:28:09] spend time is: 1660
[2020-12-14 16:28:09] spend time is: 1660
[2020-12-14 16:28:09] spend time is: 1660
[2020-12-14 16:28:19] spend time is: 1670
[2020-12-14 16:28:19] spend time is: 1670
[2020-12-14 16:28:19] spend time is: 1670
[2020-12-14 16:28:19] spend time is: 1670
[2020-12-14 16:28:19] spend time is: 1670
[2020-12-14 16:28:19] spend time is: 1670
[2020-12-14 16:28:19] spend time is: 1670
[2020-12-14 16:28:29] spend time is: 1680
[2020-12-14 16:28:29] spend time is: 1680
[2020-12-14 16:28:29] spend time is: 1680
[2020-12-14 16:28:29] spend time is: 1680
[2020-12-14 16:28:29] spend time is: 1680
[2020-12-14 16:28:29] spend time is: 1680
[2020-12-14 16:28:29] spend time is: 1680
warning: Pulling without specifying how to reconcile divergent branches is
discouraged. You can squelch this message by running one of the following
commands sometime before your next pull:

  git config pull.rebase false  # merge (the default strategy)
  git config pull.rebase true   # rebase
  git config pull.ff only       # fast-forward only

You can replace "git config" with "git config --global" to set a default
preference for all repositories. You can also pass --rebase, --no-rebase,
or --ff-only on the command line to override the configured default per
invocation.

Warning: Permanently added the RSA host key for IP address '140.82.112.3' to the list of known hosts.
Already up to date.
