Fetching origin
Warning: Permanently added the RSA host key for IP address '192.30.253.113' to the list of known hosts.
From github.com:babyshen/helm-charts-mirror
 * [new branch]      gh-pages   -> origin/gh-pages
 * [new branch]      master     -> origin/master
Previous HEAD position was 6f4bc38... restore bug
Switched to a new branch 'gh-pages'
Branch 'gh-pages' set up to track remote branch 'gh-pages' from 'origin'.
Already up to date.
Branch 'gh-pages' set up to track remote branch 'gh-pages' from 'origin'.
  % Total    % Received % Xferd  Average Speed   Time    Time     Time  Current
                                 Dload  Upload   Total   Spent    Left  Speed
  0     0    0     0    0     0      0      0 --:--:-- --:--:-- --:--:--     0100 4643k  100 4643k    0     0   138M      0 --:--:-- --:--:-- --:--:--  141M
[2019-05-09 04:28:15] aerospike-0.2.4.tgz update done.
[2019-05-09 04:28:16] airflow-2.7.1.tgz update done.
[2019-05-09 04:28:18] ambassador-2.4.0.tgz update done.
[2019-05-09 04:28:18] ambassador-2.3.1.tgz update done.
[2019-05-09 04:28:18] ambassador-2.3.0.tgz update done.
[2019-05-09 04:28:20] anchore-engine-0.13.0.tgz update done.
[2019-05-09 04:28:22] spend time is: 40
[2019-05-09 04:28:22] spend time is: 40
[2019-05-09 04:28:22] spend time is: 40
[2019-05-09 04:28:22] spend time is: 40
[2019-05-09 04:28:22] spend time is: 40
[2019-05-09 04:28:22] spend time is: 40
[2019-05-09 04:28:22] spend time is: 40
[2019-05-09 04:28:22] spend time is: 40
[2019-05-09 04:28:22] spend time is: 40
[2019-05-09 04:28:22] spend time is: 40
[2019-05-09 04:28:22] spend time is: 40
[2019-05-09 04:28:22] spend time is: 40
[2019-05-09 04:28:22] spend time is: 40
[2019-05-09 04:28:32] spend time is: 50
[2019-05-09 04:28:32] spend time is: 50
[2019-05-09 04:28:32] spend time is: 50
[2019-05-09 04:28:32] burrow-1.2.0.tgz update done.
[2019-05-09 04:28:32] spend time is: 50
[2019-05-09 04:28:32] spend time is: 50
[2019-05-09 04:28:32] spend time is: 50
[2019-05-09 04:28:32] spend time is: 50
[2019-05-09 04:28:32] spend time is: 50
[2019-05-09 04:28:32] spend time is: 50
[2019-05-09 04:28:32] spend time is: 50
[2019-05-09 04:28:32] spend time is: 50
[2019-05-09 04:28:32] spend time is: 50
[2019-05-09 04:28:40] cluster-autoscaler-0.12.4.tgz update done.
[2019-05-09 04:28:40] cluster-autoscaler-0.13.0.tgz update done.
[2019-05-09 04:28:42] spend time is: 60
[2019-05-09 04:28:42] spend time is: 60
[2019-05-09 04:28:42] spend time is: 60
[2019-05-09 04:28:42] spend time is: 60
[2019-05-09 04:28:42] spend time is: 60
[2019-05-09 04:28:42] spend time is: 60
[2019-05-09 04:28:42] spend time is: 60
[2019-05-09 04:28:42] spend time is: 60
[2019-05-09 04:28:42] spend time is: 60
[2019-05-09 04:28:42] spend time is: 60
[2019-05-09 04:28:42] spend time is: 60
[2019-05-09 04:28:42] spend time is: 60
[2019-05-09 04:28:52] spend time is: 70
[2019-05-09 04:28:52] spend time is: 70
[2019-05-09 04:28:52] spend time is: 70
[2019-05-09 04:28:52] spend time is: 70
[2019-05-09 04:28:52] spend time is: 70
[2019-05-09 04:28:52] spend time is: 70
[2019-05-09 04:28:52] spend time is: 70
[2019-05-09 04:28:52] spend time is: 70
[2019-05-09 04:28:52] spend time is: 70
[2019-05-09 04:28:52] spend time is: 70
[2019-05-09 04:28:52] spend time is: 70
[2019-05-09 04:28:52] spend time is: 70
[2019-05-09 04:28:52] spend time is: 70
[2019-05-09 04:28:53] spend time is: 70
[2019-05-09 04:29:02] spend time is: 80
[2019-05-09 04:29:02] spend time is: 80
[2019-05-09 04:29:02] spend time is: 80
[2019-05-09 04:29:02] spend time is: 80
[2019-05-09 04:29:02] spend time is: 80
[2019-05-09 04:29:02] spend time is: 80
[2019-05-09 04:29:02] spend time is: 80
[2019-05-09 04:29:02] spend time is: 80
[2019-05-09 04:29:02] spend time is: 80
[2019-05-09 04:29:02] spend time is: 80
[2019-05-09 04:29:02] spend time is: 80
[2019-05-09 04:29:02] spend time is: 80
[2019-05-09 04:29:02] spend time is: 80
[2019-05-09 04:29:10] dex-1.2.0.tgz update done.
[2019-05-09 04:29:12] spend time is: 90
[2019-05-09 04:29:12] spend time is: 90
[2019-05-09 04:29:12] spend time is: 90
[2019-05-09 04:29:12] spend time is: 90
[2019-05-09 04:29:12] spend time is: 90
[2019-05-09 04:29:12] spend time is: 90
[2019-05-09 04:29:12] spend time is: 90
[2019-05-09 04:29:12] spend time is: 90
[2019-05-09 04:29:12] spend time is: 90
[2019-05-09 04:29:12] spend time is: 90
[2019-05-09 04:29:12] spend time is: 90
[2019-05-09 04:29:12] spend time is: 90
[2019-05-09 04:29:12] spend time is: 90
[2019-05-09 04:29:19] drupal-3.2.5.tgz update done.
[2019-05-09 04:29:22] spend time is: 100
[2019-05-09 04:29:22] spend time is: 100
[2019-05-09 04:29:22] spend time is: 100
[2019-05-09 04:29:22] spend time is: 100
[2019-05-09 04:29:22] spend time is: 100
[2019-05-09 04:29:22] spend time is: 100
[2019-05-09 04:29:22] spend time is: 100
[2019-05-09 04:29:22] spend time is: 100
[2019-05-09 04:29:22] spend time is: 100
[2019-05-09 04:29:22] spend time is: 100
[2019-05-09 04:29:22] spend time is: 100
[2019-05-09 04:29:22] spend time is: 100
[2019-05-09 04:29:22] spend time is: 100
[2019-05-09 04:29:32] spend time is: 110
[2019-05-09 04:29:32] spend time is: 110
[2019-05-09 04:29:32] spend time is: 110
[2019-05-09 04:29:32] spend time is: 110
[2019-05-09 04:29:32] spend time is: 110
[2019-05-09 04:29:32] spend time is: 110
[2019-05-09 04:29:32] spend time is: 110
[2019-05-09 04:29:32] spend time is: 110
[2019-05-09 04:29:32] spend time is: 110
[2019-05-09 04:29:32] spend time is: 110
[2019-05-09 04:29:32] spend time is: 110
[2019-05-09 04:29:33] elasticsearch-curator-1.5.0.tgz update done.
[2019-05-09 04:29:42] spend time is: 120
[2019-05-09 04:29:42] spend time is: 120
[2019-05-09 04:29:42] spend time is: 120
[2019-05-09 04:29:42] spend time is: 120
[2019-05-09 04:29:42] spend time is: 120
[2019-05-09 04:29:42] spend time is: 120
[2019-05-09 04:29:42] spend time is: 120
[2019-05-09 04:29:42] spend time is: 120
[2019-05-09 04:29:42] spend time is: 120
[2019-05-09 04:29:42] spend time is: 120
[2019-05-09 04:29:42] spend time is: 120
[2019-05-09 04:29:52] spend time is: 130
[2019-05-09 04:29:52] spend time is: 130
[2019-05-09 04:29:52] spend time is: 130
[2019-05-09 04:29:52] spend time is: 130
[2019-05-09 04:29:52] spend time is: 130
[2019-05-09 04:29:52] spend time is: 130
[2019-05-09 04:29:52] spend time is: 130
[2019-05-09 04:29:52] spend time is: 130
[2019-05-09 04:29:52] spend time is: 130
[2019-05-09 04:29:52] spend time is: 130
[2019-05-09 04:29:52] spend time is: 130
[2019-05-09 04:30:02] spend time is: 140
[2019-05-09 04:30:02] spend time is: 140
[2019-05-09 04:30:02] spend time is: 140
[2019-05-09 04:30:02] spend time is: 140
[2019-05-09 04:30:02] spend time is: 140
[2019-05-09 04:30:02] spend time is: 140
[2019-05-09 04:30:02] spend time is: 140
[2019-05-09 04:30:02] spend time is: 140
[2019-05-09 04:30:02] spend time is: 140
[2019-05-09 04:30:02] spend time is: 140
[2019-05-09 04:30:02] spend time is: 140
[2019-05-09 04:30:12] spend time is: 150
[2019-05-09 04:30:12] spend time is: 150
[2019-05-09 04:30:12] spend time is: 150
[2019-05-09 04:30:12] spend time is: 150
[2019-05-09 04:30:12] spend time is: 150
[2019-05-09 04:30:12] spend time is: 150
[2019-05-09 04:30:12] spend time is: 150
[2019-05-09 04:30:12] spend time is: 150
[2019-05-09 04:30:12] spend time is: 150
[2019-05-09 04:30:12] spend time is: 150
[2019-05-09 04:30:12] spend time is: 150
[2019-05-09 04:30:17] gitlab-ce-0.2.2.tgz update done.
[2019-05-09 04:30:22] spend time is: 160
[2019-05-09 04:30:22] spend time is: 160
[2019-05-09 04:30:22] spend time is: 160
[2019-05-09 04:30:22] spend time is: 160
[2019-05-09 04:30:22] spend time is: 160
[2019-05-09 04:30:22] spend time is: 160
[2019-05-09 04:30:22] spend time is: 160
[2019-05-09 04:30:22] spend time is: 160
[2019-05-09 04:30:22] spend time is: 160
[2019-05-09 04:30:22] spend time is: 160
[2019-05-09 04:30:22] spend time is: 160
[2019-05-09 04:30:22] spend time is: 160
[2019-05-09 04:30:32] spend time is: 170
[2019-05-09 04:30:32] spend time is: 170
[2019-05-09 04:30:32] spend time is: 170
[2019-05-09 04:30:32] spend time is: 170
[2019-05-09 04:30:32] spend time is: 170
[2019-05-09 04:30:32] spend time is: 170
[2019-05-09 04:30:32] spend time is: 170
[2019-05-09 04:30:32] spend time is: 170
[2019-05-09 04:30:32] spend time is: 170
[2019-05-09 04:30:32] spend time is: 170
[2019-05-09 04:30:37] graylog-0.1.4.tgz update done.
[2019-05-09 04:30:42] spend time is: 180
[2019-05-09 04:30:42] spend time is: 180
[2019-05-09 04:30:42] spend time is: 180
[2019-05-09 04:30:42] spend time is: 180
[2019-05-09 04:30:42] spend time is: 180
[2019-05-09 04:30:42] helm-exporter-0.2.2.tgz update done.
[2019-05-09 04:30:42] spend time is: 180
[2019-05-09 04:30:42] spend time is: 180
[2019-05-09 04:30:42] spend time is: 180
[2019-05-09 04:30:42] spend time is: 180
[2019-05-09 04:30:42] spend time is: 180
[2019-05-09 04:30:46] home-assistant-0.8.2.tgz update done.
[2019-05-09 04:30:52] spend time is: 190
[2019-05-09 04:30:52] spend time is: 190
[2019-05-09 04:30:52] spend time is: 190
[2019-05-09 04:30:52] spend time is: 190
[2019-05-09 04:30:52] spend time is: 190
[2019-05-09 04:30:52] spend time is: 190
[2019-05-09 04:30:52] spend time is: 190
[2019-05-09 04:30:52] spend time is: 190
[2019-05-09 04:30:52] spend time is: 190
[2019-05-09 04:30:52] spend time is: 190
[2019-05-09 04:30:53] spend time is: 190
[2019-05-09 04:30:53] spend time is: 190
[2019-05-09 04:30:54] janusgraph-0.2.0.tgz update done.
[2019-05-09 04:30:58] jenkins-1.1.16.tgz update done.
[2019-05-09 04:30:58] jenkins-1.1.14.tgz update done.
[2019-05-09 04:30:58] jenkins-1.1.15.tgz update done.
[2019-05-09 04:31:02] spend time is: 200
[2019-05-09 04:31:02] spend time is: 200
[2019-05-09 04:31:02] spend time is: 200
[2019-05-09 04:31:02] spend time is: 200
[2019-05-09 04:31:02] spend time is: 200
[2019-05-09 04:31:02] spend time is: 200
[2019-05-09 04:31:02] spend time is: 200
[2019-05-09 04:31:02] spend time is: 200
[2019-05-09 04:31:02] spend time is: 200
[2019-05-09 04:31:02] spend time is: 200
[2019-05-09 04:31:02] spend time is: 200
[2019-05-09 04:31:12] spend time is: 210
[2019-05-09 04:31:12] spend time is: 210
[2019-05-09 04:31:12] spend time is: 210
[2019-05-09 04:31:12] spend time is: 210
[2019-05-09 04:31:12] spend time is: 210
[2019-05-09 04:31:12] spend time is: 210
[2019-05-09 04:31:12] spend time is: 210
[2019-05-09 04:31:12] spend time is: 210
[2019-05-09 04:31:12] spend time is: 210
[2019-05-09 04:31:12] spend time is: 210
[2019-05-09 04:31:14] joomla-4.2.2.tgz update done.
[2019-05-09 04:31:21] k8s-spot-termination-handler-1.2.1.tgz update done.
[2019-05-09 04:31:22] spend time is: 220
[2019-05-09 04:31:22] spend time is: 220
[2019-05-09 04:31:22] spend time is: 220
[2019-05-09 04:31:22] spend time is: 220
[2019-05-09 04:31:22] spend time is: 220
[2019-05-09 04:31:22] spend time is: 220
[2019-05-09 04:31:22] spend time is: 220
[2019-05-09 04:31:22] spend time is: 220
[2019-05-09 04:31:22] spend time is: 220
[2019-05-09 04:31:22] spend time is: 220
[2019-05-09 04:31:32] spend time is: 230
[2019-05-09 04:31:32] spend time is: 230
[2019-05-09 04:31:32] spend time is: 230
[2019-05-09 04:31:32] spend time is: 230
[2019-05-09 04:31:32] spend time is: 230
[2019-05-09 04:31:32] spend time is: 230
[2019-05-09 04:31:32] spend time is: 230
[2019-05-09 04:31:32] spend time is: 230
[2019-05-09 04:31:32] spend time is: 230
[2019-05-09 04:31:32] spend time is: 230
[2019-05-09 04:31:32] spend time is: 230
[2019-05-09 04:31:32] spend time is: 230
[2019-05-09 04:31:42] spend time is: 240
[2019-05-09 04:31:42] spend time is: 240
[2019-05-09 04:31:42] spend time is: 240
[2019-05-09 04:31:42] spend time is: 240
[2019-05-09 04:31:42] spend time is: 240
[2019-05-09 04:31:42] spend time is: 240
[2019-05-09 04:31:42] spend time is: 240
[2019-05-09 04:31:42] spend time is: 240
[2019-05-09 04:31:46] kube-slack-1.0.0.tgz update done.
[2019-05-09 04:31:48] kube-state-metrics-1.3.0.tgz update done.
[2019-05-09 04:31:52] spend time is: 250
[2019-05-09 04:31:52] spend time is: 250
[2019-05-09 04:31:52] spend time is: 250
[2019-05-09 04:31:52] spend time is: 250
[2019-05-09 04:31:52] spend time is: 250
[2019-05-09 04:31:53] spend time is: 250
[2019-05-09 04:32:02] spend time is: 260
[2019-05-09 04:32:02] spend time is: 260
[2019-05-09 04:32:02] spend time is: 260
[2019-05-09 04:32:02] spend time is: 260
[2019-05-09 04:32:02] spend time is: 260
[2019-05-09 04:32:12] spend time is: 270
[2019-05-09 04:32:12] spend time is: 270
[2019-05-09 04:32:12] spend time is: 270
[2019-05-09 04:32:12] spend time is: 270
[2019-05-09 04:32:12] spend time is: 270
[2019-05-09 04:32:12] spend time is: 270
[2019-05-09 04:32:15] kured-1.1.2.tgz update done.
[2019-05-09 04:32:21] logstash-1.8.0.tgz update done.
[2019-05-09 04:32:22] spend time is: 280
[2019-05-09 04:32:22] spend time is: 280
[2019-05-09 04:32:22] spend time is: 280
[2019-05-09 04:32:22] spend time is: 280
[2019-05-09 04:32:22] spend time is: 280
[2019-05-09 04:32:32] spend time is: 290
[2019-05-09 04:32:32] spend time is: 290
[2019-05-09 04:32:32] spend time is: 290
[2019-05-09 04:32:32] spend time is: 290
[2019-05-09 04:32:32] spend time is: 290
[2019-05-09 04:32:36] magic-namespace-0.5.1.tgz update done.
[2019-05-09 04:32:39] mariadb-5.11.3.tgz update done.
[2019-05-09 04:32:42] spend time is: 300
Warning: Permanently added the RSA host key for IP address '192.30.253.112' to the list of known hosts.
Already up to date.
