Fetching origin
Warning: Permanently added the RSA host key for IP address '192.30.253.112' to the list of known hosts.
From github.com:babyshen/helm-charts-mirror
 * [new branch]      gh-pages   -> origin/gh-pages
 * [new branch]      master     -> origin/master
Previous HEAD position was 6f4bc38... restore bug
Switched to a new branch 'gh-pages'
Branch 'gh-pages' set up to track remote branch 'gh-pages' from 'origin'.
Already up to date.
Branch 'gh-pages' set up to track remote branch 'gh-pages' from 'origin'.
  % Total    % Received % Xferd  Average Speed   Time    Time     Time  Current
                                 Dload  Upload   Total   Spent    Left  Speed
  0     0    0     0    0     0      0      0 --:--:-- --:--:-- --:--:--     0100 3905k  100 3905k    0     0  67.8M      0 --:--:-- --:--:-- --:--:-- 68.1M
[2019-02-17 03:43:45] airflow-0.17.2.tgz update done.
[2019-02-17 03:43:45] airflow-0.17.3.tgz update done.
[2019-02-17 03:43:46] ambassador-1.1.3.tgz update done.
[2019-02-17 03:43:46] ambassador-1.1.1.tgz update done.
[2019-02-17 03:43:46] ambassador-1.1.2.tgz update done.
[2019-02-17 03:43:47] spend time is: 30
[2019-02-17 03:43:47] spend time is: 30
[2019-02-17 03:43:47] spend time is: 30
[2019-02-17 03:43:47] spend time is: 30
[2019-02-17 03:43:47] spend time is: 30
[2019-02-17 03:43:47] spend time is: 30
[2019-02-17 03:43:47] spend time is: 30
[2019-02-17 03:43:47] spend time is: 30
[2019-02-17 03:43:47] spend time is: 30
[2019-02-17 03:43:47] spend time is: 30
[2019-02-17 03:43:47] spend time is: 30
[2019-02-17 03:43:47] spend time is: 30
[2019-02-17 03:43:47] spend time is: 30
[2019-02-17 03:43:47] spend time is: 30
[2019-02-17 03:43:47] spend time is: 30
[2019-02-17 03:43:47] spend time is: 30
[2019-02-17 03:43:53] aws-iam-authenticator-0.1.0.tgz update done.
[2019-02-17 03:43:57] spend time is: 40
[2019-02-17 03:43:57] spend time is: 40
[2019-02-17 03:43:57] spend time is: 40
[2019-02-17 03:43:57] spend time is: 40
[2019-02-17 03:43:57] spend time is: 40
[2019-02-17 03:43:57] spend time is: 40
[2019-02-17 03:43:57] spend time is: 40
[2019-02-17 03:43:57] spend time is: 40
[2019-02-17 03:43:57] spend time is: 40
[2019-02-17 03:43:57] spend time is: 40
[2019-02-17 03:43:57] spend time is: 40
[2019-02-17 03:43:57] spend time is: 40
[2019-02-17 03:43:57] spend time is: 40
[2019-02-17 03:43:57] spend time is: 40
[2019-02-17 03:43:57] spend time is: 40
[2019-02-17 03:44:07] spend time is: 50
[2019-02-17 03:44:07] spend time is: 50
[2019-02-17 03:44:07] spend time is: 50
[2019-02-17 03:44:07] spend time is: 50
[2019-02-17 03:44:07] spend time is: 50
[2019-02-17 03:44:07] spend time is: 50
[2019-02-17 03:44:07] spend time is: 50
[2019-02-17 03:44:07] spend time is: 50
[2019-02-17 03:44:07] spend time is: 50
[2019-02-17 03:44:07] spend time is: 50
[2019-02-17 03:44:07] spend time is: 50
[2019-02-17 03:44:07] spend time is: 50
[2019-02-17 03:44:07] spend time is: 50
[2019-02-17 03:44:07] spend time is: 50
[2019-02-17 03:44:07] spend time is: 50
[2019-02-17 03:44:07] spend time is: 50
[2019-02-17 03:44:17] spend time is: 60
[2019-02-17 03:44:17] spend time is: 60
[2019-02-17 03:44:17] spend time is: 60
[2019-02-17 03:44:17] spend time is: 60
[2019-02-17 03:44:17] spend time is: 60
[2019-02-17 03:44:17] spend time is: 60
[2019-02-17 03:44:17] spend time is: 60
[2019-02-17 03:44:17] spend time is: 60
[2019-02-17 03:44:17] spend time is: 60
[2019-02-17 03:44:17] spend time is: 60
[2019-02-17 03:44:17] spend time is: 60
[2019-02-17 03:44:17] spend time is: 60
[2019-02-17 03:44:17] spend time is: 60
[2019-02-17 03:44:17] spend time is: 60
[2019-02-17 03:44:18] spend time is: 60
[2019-02-17 03:44:18] spend time is: 60
[2019-02-17 03:44:27] spend time is: 70
[2019-02-17 03:44:27] spend time is: 70
[2019-02-17 03:44:27] spend time is: 70
[2019-02-17 03:44:27] spend time is: 70
[2019-02-17 03:44:27] spend time is: 70
[2019-02-17 03:44:27] spend time is: 70
[2019-02-17 03:44:27] spend time is: 70
[2019-02-17 03:44:27] spend time is: 70
[2019-02-17 03:44:27] spend time is: 70
[2019-02-17 03:44:27] spend time is: 70
[2019-02-17 03:44:27] spend time is: 70
[2019-02-17 03:44:27] spend time is: 70
[2019-02-17 03:44:27] spend time is: 70
[2019-02-17 03:44:27] spend time is: 70
[2019-02-17 03:44:27] spend time is: 70
[2019-02-17 03:44:37] spend time is: 80
[2019-02-17 03:44:37] spend time is: 80
[2019-02-17 03:44:37] spend time is: 80
[2019-02-17 03:44:37] elastic-stack-1.5.0.tgz update done.
[2019-02-17 03:44:37] spend time is: 80
[2019-02-17 03:44:37] spend time is: 80
[2019-02-17 03:44:37] spend time is: 80
[2019-02-17 03:44:37] spend time is: 80
[2019-02-17 03:44:37] spend time is: 80
[2019-02-17 03:44:37] spend time is: 80
[2019-02-17 03:44:37] spend time is: 80
[2019-02-17 03:44:37] spend time is: 80
[2019-02-17 03:44:37] spend time is: 80
[2019-02-17 03:44:37] spend time is: 80
[2019-02-17 03:44:43] external-dns-1.6.1.tgz update done.
[2019-02-17 03:44:47] spend time is: 90
[2019-02-17 03:44:47] spend time is: 90
[2019-02-17 03:44:47] spend time is: 90
[2019-02-17 03:44:47] spend time is: 90
[2019-02-17 03:44:47] spend time is: 90
[2019-02-17 03:44:47] spend time is: 90
[2019-02-17 03:44:47] spend time is: 90
[2019-02-17 03:44:47] spend time is: 90
[2019-02-17 03:44:47] spend time is: 90
[2019-02-17 03:44:47] spend time is: 90
[2019-02-17 03:44:47] spend time is: 90
[2019-02-17 03:44:47] spend time is: 90
[2019-02-17 03:44:47] spend time is: 90
[2019-02-17 03:44:47] spend time is: 90
[2019-02-17 03:44:48] spend time is: 90
[2019-02-17 03:44:48] spend time is: 90
[2019-02-17 03:44:48] filebeat-1.3.0.tgz update done.
[2019-02-17 03:44:57] spend time is: 100
[2019-02-17 03:44:57] spend time is: 100
[2019-02-17 03:44:57] spend time is: 100
[2019-02-17 03:44:57] spend time is: 100
[2019-02-17 03:44:57] spend time is: 100
[2019-02-17 03:44:57] spend time is: 100
[2019-02-17 03:44:57] spend time is: 100
[2019-02-17 03:44:57] spend time is: 100
[2019-02-17 03:44:57] spend time is: 100
[2019-02-17 03:44:57] spend time is: 100
[2019-02-17 03:44:57] spend time is: 100
[2019-02-17 03:44:57] spend time is: 100
[2019-02-17 03:44:57] spend time is: 100
[2019-02-17 03:44:58] spend time is: 100
[2019-02-17 03:44:58] ghost-6.3.11.tgz update done.
[2019-02-17 03:45:07] spend time is: 110
[2019-02-17 03:45:07] spend time is: 110
[2019-02-17 03:45:07] spend time is: 110
[2019-02-17 03:45:07] spend time is: 110
[2019-02-17 03:45:07] spend time is: 110
[2019-02-17 03:45:07] spend time is: 110
[2019-02-17 03:45:07] spend time is: 110
[2019-02-17 03:45:07] spend time is: 110
[2019-02-17 03:45:07] spend time is: 110
[2019-02-17 03:45:07] spend time is: 110
[2019-02-17 03:45:07] spend time is: 110
[2019-02-17 03:45:07] spend time is: 110
[2019-02-17 03:45:07] spend time is: 110
[2019-02-17 03:45:07] spend time is: 110
[2019-02-17 03:45:08] spend time is: 110
[2019-02-17 03:45:08] gitlab-ee-0.2.2.tgz update done.
[2019-02-17 03:45:12] grafana-2.0.1.tgz update done.
[2019-02-17 03:45:17] spend time is: 120
[2019-02-17 03:45:17] spend time is: 120
[2019-02-17 03:45:17] spend time is: 120
[2019-02-17 03:45:17] spend time is: 120
[2019-02-17 03:45:17] spend time is: 120
[2019-02-17 03:45:17] spend time is: 120
[2019-02-17 03:45:17] spend time is: 120
[2019-02-17 03:45:17] spend time is: 120
[2019-02-17 03:45:17] spend time is: 120
[2019-02-17 03:45:17] spend time is: 120
[2019-02-17 03:45:17] spend time is: 120
[2019-02-17 03:45:17] spend time is: 120
[2019-02-17 03:45:17] spend time is: 120
[2019-02-17 03:45:18] spend time is: 120
[2019-02-17 03:45:18] spend time is: 120
[2019-02-17 03:45:27] spend time is: 130
[2019-02-17 03:45:27] spend time is: 130
[2019-02-17 03:45:27] spend time is: 130
[2019-02-17 03:45:27] spend time is: 130
[2019-02-17 03:45:27] spend time is: 130
[2019-02-17 03:45:27] spend time is: 130
[2019-02-17 03:45:27] spend time is: 130
[2019-02-17 03:45:27] spend time is: 130
[2019-02-17 03:45:27] spend time is: 130
[2019-02-17 03:45:27] spend time is: 130
[2019-02-17 03:45:27] spend time is: 130
[2019-02-17 03:45:27] spend time is: 130
[2019-02-17 03:45:27] spend time is: 130
[2019-02-17 03:45:27] spend time is: 130
[2019-02-17 03:45:28] spend time is: 130
[2019-02-17 03:45:29] janusgraph-0.2.0.tgz update done.
[2019-02-17 03:45:32] jenkins-0.32.6.tgz update done.
[2019-02-17 03:45:32] jenkins-0.32.5.tgz update done.
[2019-02-17 03:45:32] jenkins-0.32.4.tgz update done.
[2019-02-17 03:45:32] jenkins-0.32.3.tgz update done.
[2019-02-17 03:45:32] jenkins-0.32.2.tgz update done.
[2019-02-17 03:45:33] jenkins-0.32.1.tgz update done.
[2019-02-17 03:45:37] spend time is: 140
[2019-02-17 03:45:37] spend time is: 140
[2019-02-17 03:45:37] spend time is: 140
[2019-02-17 03:45:37] spend time is: 140
[2019-02-17 03:45:37] spend time is: 140
[2019-02-17 03:45:37] spend time is: 140
[2019-02-17 03:45:37] spend time is: 140
[2019-02-17 03:45:37] spend time is: 140
[2019-02-17 03:45:37] spend time is: 140
[2019-02-17 03:45:37] spend time is: 140
[2019-02-17 03:45:37] spend time is: 140
[2019-02-17 03:45:37] spend time is: 140
[2019-02-17 03:45:37] spend time is: 140
[2019-02-17 03:45:37] spend time is: 140
[2019-02-17 03:45:47] spend time is: 150
[2019-02-17 03:45:47] spend time is: 150
[2019-02-17 03:45:47] spend time is: 150
[2019-02-17 03:45:47] spend time is: 150
[2019-02-17 03:45:47] spend time is: 150
[2019-02-17 03:45:47] spend time is: 150
[2019-02-17 03:45:47] spend time is: 150
[2019-02-17 03:45:47] spend time is: 150
[2019-02-17 03:45:47] spend time is: 150
[2019-02-17 03:45:47] spend time is: 150
[2019-02-17 03:45:47] spend time is: 150
[2019-02-17 03:45:47] spend time is: 150
[2019-02-17 03:45:47] spend time is: 150
[2019-02-17 03:45:47] spend time is: 150
[2019-02-17 03:45:47] spend time is: 150
[2019-02-17 03:45:55] kong-0.9.3.tgz update done.
[2019-02-17 03:45:57] spend time is: 160
[2019-02-17 03:45:57] spend time is: 160
[2019-02-17 03:45:57] spend time is: 160
[2019-02-17 03:45:57] spend time is: 160
[2019-02-17 03:45:57] spend time is: 160
[2019-02-17 03:45:57] spend time is: 160
[2019-02-17 03:45:57] spend time is: 160
[2019-02-17 03:45:57] spend time is: 160
[2019-02-17 03:45:57] spend time is: 160
[2019-02-17 03:45:57] spend time is: 160
[2019-02-17 03:45:57] spend time is: 160
[2019-02-17 03:45:57] spend time is: 160
[2019-02-17 03:45:57] spend time is: 160
[2019-02-17 03:45:57] spend time is: 160
[2019-02-17 03:45:58] spend time is: 160
[2019-02-17 03:45:59] kube-ops-view-0.7.0.tgz update done.
[2019-02-17 03:46:00] kube-state-metrics-0.14.1.tgz update done.
[2019-02-17 03:46:07] spend time is: 170
[2019-02-17 03:46:07] spend time is: 170
[2019-02-17 03:46:07] spend time is: 170
[2019-02-17 03:46:07] spend time is: 170
[2019-02-17 03:46:07] spend time is: 170
[2019-02-17 03:46:07] spend time is: 170
[2019-02-17 03:46:07] spend time is: 170
[2019-02-17 03:46:07] spend time is: 170
[2019-02-17 03:46:07] spend time is: 170
[2019-02-17 03:46:07] spend time is: 170
[2019-02-17 03:46:07] spend time is: 170
[2019-02-17 03:46:07] spend time is: 170
[2019-02-17 03:46:07] spend time is: 170
[2019-02-17 03:46:07] spend time is: 170
[2019-02-17 03:46:08] spend time is: 170
[2019-02-17 03:46:09] lamp-1.1.0.tgz update done.
[2019-02-17 03:46:17] spend time is: 180
[2019-02-17 03:46:17] spend time is: 180
[2019-02-17 03:46:17] spend time is: 180
[2019-02-17 03:46:17] spend time is: 180
[2019-02-17 03:46:17] spend time is: 180
[2019-02-17 03:46:17] spend time is: 180
[2019-02-17 03:46:17] spend time is: 180
[2019-02-17 03:46:17] spend time is: 180
[2019-02-17 03:46:17] spend time is: 180
[2019-02-17 03:46:17] spend time is: 180
[2019-02-17 03:46:17] spend time is: 180
[2019-02-17 03:46:17] spend time is: 180
[2019-02-17 03:46:17] spend time is: 180
[2019-02-17 03:46:17] spend time is: 180
[2019-02-17 03:46:18] spend time is: 180
[2019-02-17 03:46:18] spend time is: 180
[2019-02-17 03:46:27] spend time is: 190
[2019-02-17 03:46:27] spend time is: 190
[2019-02-17 03:46:27] spend time is: 190
[2019-02-17 03:46:27] spend time is: 190
[2019-02-17 03:46:27] spend time is: 190
[2019-02-17 03:46:27] spend time is: 190
[2019-02-17 03:46:27] spend time is: 190
[2019-02-17 03:46:27] spend time is: 190
[2019-02-17 03:46:27] spend time is: 190
[2019-02-17 03:46:27] spend time is: 190
[2019-02-17 03:46:27] spend time is: 190
[2019-02-17 03:46:27] spend time is: 190
[2019-02-17 03:46:27] spend time is: 190
[2019-02-17 03:46:27] spend time is: 190
[2019-02-17 03:46:29] metabase-0.4.6.tgz update done.
[2019-02-17 03:46:33] minio-2.4.3.tgz update done.
[2019-02-17 03:46:37] spend time is: 200
[2019-02-17 03:46:37] spend time is: 200
[2019-02-17 03:46:37] spend time is: 200
[2019-02-17 03:46:37] spend time is: 200
[2019-02-17 03:46:37] spend time is: 200
[2019-02-17 03:46:37] spend time is: 200
[2019-02-17 03:46:37] spend time is: 200
[2019-02-17 03:46:37] spend time is: 200
[2019-02-17 03:46:37] spend time is: 200
[2019-02-17 03:46:37] spend time is: 200
[2019-02-17 03:46:37] spend time is: 200
[2019-02-17 03:46:37] spend time is: 200
[2019-02-17 03:46:37] spend time is: 200
[2019-02-17 03:46:37] spend time is: 200
[2019-02-17 03:46:37] spend time is: 200
[2019-02-17 03:46:37] spend time is: 200
[2019-02-17 03:46:47] spend time is: 210
[2019-02-17 03:46:47] spend time is: 210
[2019-02-17 03:46:47] spend time is: 210
[2019-02-17 03:46:47] spend time is: 210
[2019-02-17 03:46:47] spend time is: 210
[2019-02-17 03:46:47] spend time is: 210
[2019-02-17 03:46:47] spend time is: 210
[2019-02-17 03:46:47] spend time is: 210
[2019-02-17 03:46:47] spend time is: 210
[2019-02-17 03:46:47] spend time is: 210
[2019-02-17 03:46:47] spend time is: 210
[2019-02-17 03:46:47] spend time is: 210
[2019-02-17 03:46:47] spend time is: 210
[2019-02-17 03:46:47] spend time is: 210
[2019-02-17 03:46:47] spend time is: 210
[2019-02-17 03:46:57] spend time is: 220
[2019-02-17 03:46:57] spend time is: 220
[2019-02-17 03:46:57] spend time is: 220
[2019-02-17 03:46:57] spend time is: 220
[2019-02-17 03:46:57] spend time is: 220
[2019-02-17 03:46:57] spend time is: 220
[2019-02-17 03:46:57] spend time is: 220
[2019-02-17 03:46:57] spend time is: 220
[2019-02-17 03:46:57] spend time is: 220
[2019-02-17 03:46:57] spend time is: 220
[2019-02-17 03:46:57] spend time is: 220
[2019-02-17 03:46:57] spend time is: 220
[2019-02-17 03:46:57] spend time is: 220
[2019-02-17 03:46:57] spend time is: 220
[2019-02-17 03:46:57] spend time is: 220
[2019-02-17 03:46:58] spend time is: 220
[2019-02-17 03:47:00] newrelic-infrastructure-0.8.0.tgz update done.
[2019-02-17 03:47:03] nginx-ingress-1.3.1.tgz update done.
[2019-02-17 03:47:07] spend time is: 230
[2019-02-17 03:47:07] spend time is: 230
[2019-02-17 03:47:07] spend time is: 230
[2019-02-17 03:47:07] spend time is: 230
[2019-02-17 03:47:07] spend time is: 230
[2019-02-17 03:47:07] spend time is: 230
[2019-02-17 03:47:07] spend time is: 230
[2019-02-17 03:47:07] spend time is: 230
[2019-02-17 03:47:07] spend time is: 230
[2019-02-17 03:47:07] spend time is: 230
[2019-02-17 03:47:07] spend time is: 230
[2019-02-17 03:47:07] spend time is: 230
[2019-02-17 03:47:07] spend time is: 230
[2019-02-17 03:47:07] spend time is: 230
[2019-02-17 03:47:07] spend time is: 230
[2019-02-17 03:47:07] spend time is: 230
[2019-02-17 03:47:17] spend time is: 240
[2019-02-17 03:47:17] spend time is: 240
[2019-02-17 03:47:17] spend time is: 240
[2019-02-17 03:47:17] spend time is: 240
[2019-02-17 03:47:17] spend time is: 240
[2019-02-17 03:47:17] spend time is: 240
[2019-02-17 03:47:17] spend time is: 240
[2019-02-17 03:47:17] spend time is: 240
[2019-02-17 03:47:17] spend time is: 240
[2019-02-17 03:47:17] spend time is: 240
[2019-02-17 03:47:17] spend time is: 240
[2019-02-17 03:47:17] spend time is: 240
[2019-02-17 03:47:17] spend time is: 240
[2019-02-17 03:47:17] spend time is: 240
[2019-02-17 03:47:27] spend time is: 250
[2019-02-17 03:47:27] spend time is: 250
[2019-02-17 03:47:27] spend time is: 250
[2019-02-17 03:47:27] spend time is: 250
[2019-02-17 03:47:27] spend time is: 250
[2019-02-17 03:47:27] spend time is: 250
[2019-02-17 03:47:27] spend time is: 250
[2019-02-17 03:47:27] spend time is: 250
[2019-02-17 03:47:27] spend time is: 250
[2019-02-17 03:47:27] spend time is: 250
[2019-02-17 03:47:27] spend time is: 250
[2019-02-17 03:47:27] spend time is: 250
[2019-02-17 03:47:27] spend time is: 250
[2019-02-17 03:47:27] spend time is: 250
[2019-02-17 03:47:27] spend time is: 250
[2019-02-17 03:47:37] spend time is: 260
[2019-02-17 03:47:37] spend time is: 260
[2019-02-17 03:47:37] spend time is: 260
[2019-02-17 03:47:37] spend time is: 260
[2019-02-17 03:47:37] spend time is: 260
[2019-02-17 03:47:37] spend time is: 260
[2019-02-17 03:47:37] spend time is: 260
[2019-02-17 03:47:37] spend time is: 260
[2019-02-17 03:47:37] spend time is: 260
[2019-02-17 03:47:37] spend time is: 260
[2019-02-17 03:47:37] spend time is: 260
[2019-02-17 03:47:37] spend time is: 260
[2019-02-17 03:47:37] spend time is: 260
[2019-02-17 03:47:37] spend time is: 260
[2019-02-17 03:47:37] spend time is: 260
[2019-02-17 03:47:38] phabricator-4.0.12.tgz update done.
[2019-02-17 03:47:47] spend time is: 270
[2019-02-17 03:47:47] spend time is: 270
[2019-02-17 03:47:47] spend time is: 270
[2019-02-17 03:47:47] spend time is: 270
[2019-02-17 03:47:47] spend time is: 270
[2019-02-17 03:47:47] spend time is: 270
[2019-02-17 03:47:47] spend time is: 270
[2019-02-17 03:47:47] spend time is: 270
[2019-02-17 03:47:47] spend time is: 270
[2019-02-17 03:47:47] spend time is: 270
[2019-02-17 03:47:47] spend time is: 270
[2019-02-17 03:47:47] spend time is: 270
[2019-02-17 03:47:47] spend time is: 270
[2019-02-17 03:47:47] spend time is: 270
[2019-02-17 03:47:47] spend time is: 270
[2019-02-17 03:47:48] spend time is: 270
[2019-02-17 03:47:51] postgresql-3.11.1.tgz update done.
[2019-02-17 03:47:51] postgresql-3.11.2.tgz update done.
[2019-02-17 03:47:57] spend time is: 280
[2019-02-17 03:47:57] spend time is: 280
[2019-02-17 03:47:57] spend time is: 280
[2019-02-17 03:47:57] spend time is: 280
[2019-02-17 03:47:57] spend time is: 280
[2019-02-17 03:47:57] spend time is: 280
[2019-02-17 03:47:57] spend time is: 280
[2019-02-17 03:47:57] spend time is: 280
[2019-02-17 03:47:57] spend time is: 280
[2019-02-17 03:47:57] spend time is: 280
[2019-02-17 03:47:57] spend time is: 280
[2019-02-17 03:47:57] spend time is: 280
[2019-02-17 03:47:57] spend time is: 280
[2019-02-17 03:48:07] spend time is: 290
[2019-02-17 03:48:07] spend time is: 290
[2019-02-17 03:48:07] spend time is: 290
[2019-02-17 03:48:07] spend time is: 290
[2019-02-17 03:48:07] spend time is: 290
[2019-02-17 03:48:07] spend time is: 290
[2019-02-17 03:48:07] spend time is: 290
[2019-02-17 03:48:07] spend time is: 290
[2019-02-17 03:48:07] spend time is: 290
[2019-02-17 03:48:07] spend time is: 290
[2019-02-17 03:48:07] spend time is: 290
[2019-02-17 03:48:07] spend time is: 290
[2019-02-17 03:48:07] spend time is: 290
[2019-02-17 03:48:07] spend time is: 290
[2019-02-17 03:48:15] prometheus-operator-2.2.1.tgz update done.
[2019-02-17 03:48:15] prometheus-operator-2.2.2.tgz update done.
[2019-02-17 03:48:17] spend time is: 300
[2019-02-17 03:48:17] spend time is: 300
[2019-02-17 03:48:17] spend time is: 300
[2019-02-17 03:48:17] spend time is: 300
Warning: Permanently added the RSA host key for IP address '192.30.253.113' to the list of known hosts.
Already up to date.
