Fetching origin
Warning: Permanently added the RSA host key for IP address '140.82.112.3' to the list of known hosts.
From github.com:babyshen/helm-charts-mirror
 * [new branch]      gh-pages   -> origin/gh-pages
 * [new branch]      master     -> origin/master
Previous HEAD position was 6f4bc38 restore bug
Switched to a new branch 'gh-pages'
Branch 'gh-pages' set up to track remote branch 'gh-pages' from 'origin'.
Warning: Permanently added the RSA host key for IP address '140.82.113.3' to the list of known hosts.
Already up to date.
Branch 'gh-pages' set up to track remote branch 'gh-pages' from 'origin'.
  % Total    % Received % Xferd  Average Speed   Time    Time     Time  Current
                                 Dload  Upload   Total   Spent    Left  Speed
  0     0    0     0    0     0      0      0 --:--:-- --:--:-- --:--:--     0100 7961k  100 7961k    0     0  85.5M      0 --:--:-- --:--:-- --:--:-- 86.3M
[2020-03-31 13:04:30] airflow-6.5.0.tgz update done.
[2020-03-31 13:04:33] spend time is: 60
[2020-03-31 13:04:33] spend time is: 60
[2020-03-31 13:04:33] spend time is: 60
[2020-03-31 13:04:33] spend time is: 60
[2020-03-31 13:04:33] spend time is: 60
[2020-03-31 13:04:33] spend time is: 60
[2020-03-31 13:04:33] spend time is: 60
[2020-03-31 13:04:33] spend time is: 60
[2020-03-31 13:04:33] spend time is: 60
[2020-03-31 13:04:43] spend time is: 70
[2020-03-31 13:04:43] spend time is: 70
[2020-03-31 13:04:43] spend time is: 70
[2020-03-31 13:04:43] spend time is: 70
[2020-03-31 13:04:43] spend time is: 70
[2020-03-31 13:04:43] spend time is: 70
[2020-03-31 13:04:43] spend time is: 70
[2020-03-31 13:04:43] spend time is: 70
[2020-03-31 13:04:43] spend time is: 70
[2020-03-31 13:04:44] spend time is: 70
[2020-03-31 13:04:44] spend time is: 70
[2020-03-31 13:04:47] anchore-engine-1.5.0.tgz update done.
[2020-03-31 13:04:53] spend time is: 80
[2020-03-31 13:04:53] spend time is: 80
[2020-03-31 13:04:53] spend time is: 80
[2020-03-31 13:04:53] spend time is: 80
[2020-03-31 13:04:53] spend time is: 80
[2020-03-31 13:04:53] spend time is: 80
[2020-03-31 13:04:53] spend time is: 80
[2020-03-31 13:04:53] spend time is: 80
[2020-03-31 13:04:53] spend time is: 80
[2020-03-31 13:04:53] spend time is: 80
[2020-03-31 13:05:03] spend time is: 90
[2020-03-31 13:05:03] spend time is: 90
[2020-03-31 13:05:03] spend time is: 90
[2020-03-31 13:05:03] spend time is: 90
[2020-03-31 13:05:03] spend time is: 90
[2020-03-31 13:05:03] spend time is: 90
[2020-03-31 13:05:03] spend time is: 90
[2020-03-31 13:05:03] spend time is: 90
[2020-03-31 13:05:03] spend time is: 90
[2020-03-31 13:05:03] spend time is: 90
[2020-03-31 13:05:04] spend time is: 90
[2020-03-31 13:05:13] spend time is: 100
[2020-03-31 13:05:13] spend time is: 100
[2020-03-31 13:05:13] spend time is: 100
[2020-03-31 13:05:13] spend time is: 100
[2020-03-31 13:05:13] spend time is: 100
[2020-03-31 13:05:13] spend time is: 100
[2020-03-31 13:05:13] spend time is: 100
[2020-03-31 13:05:13] spend time is: 100
[2020-03-31 13:05:13] spend time is: 100
[2020-03-31 13:05:14] spend time is: 100
[2020-03-31 13:05:23] spend time is: 110
[2020-03-31 13:05:23] spend time is: 110
[2020-03-31 13:05:23] spend time is: 110
[2020-03-31 13:05:23] spend time is: 110
[2020-03-31 13:05:23] spend time is: 110
[2020-03-31 13:05:23] spend time is: 110
[2020-03-31 13:05:23] spend time is: 110
[2020-03-31 13:05:23] spend time is: 110
[2020-03-31 13:05:23] spend time is: 110
[2020-03-31 13:05:23] spend time is: 110
[2020-03-31 13:05:23] spend time is: 110
[2020-03-31 13:05:33] spend time is: 120
[2020-03-31 13:05:33] spend time is: 120
[2020-03-31 13:05:33] spend time is: 120
[2020-03-31 13:05:33] spend time is: 120
[2020-03-31 13:05:33] spend time is: 120
[2020-03-31 13:05:33] spend time is: 120
[2020-03-31 13:05:33] spend time is: 120
[2020-03-31 13:05:33] spend time is: 120
[2020-03-31 13:05:33] spend time is: 120
[2020-03-31 13:05:33] spend time is: 120
[2020-03-31 13:05:43] spend time is: 130
[2020-03-31 13:05:43] spend time is: 130
[2020-03-31 13:05:43] spend time is: 130
[2020-03-31 13:05:43] spend time is: 130
[2020-03-31 13:05:43] spend time is: 130
[2020-03-31 13:05:43] spend time is: 130
[2020-03-31 13:05:43] spend time is: 130
[2020-03-31 13:05:43] spend time is: 130
[2020-03-31 13:05:43] spend time is: 130
[2020-03-31 13:05:43] spend time is: 130
[2020-03-31 13:05:43] spend time is: 130
[2020-03-31 13:05:53] spend time is: 140
[2020-03-31 13:05:53] spend time is: 140
[2020-03-31 13:05:53] spend time is: 140
[2020-03-31 13:05:53] spend time is: 140
[2020-03-31 13:05:53] spend time is: 140
[2020-03-31 13:05:53] spend time is: 140
[2020-03-31 13:05:53] spend time is: 140
[2020-03-31 13:05:53] spend time is: 140
[2020-03-31 13:05:53] spend time is: 140
[2020-03-31 13:05:53] spend time is: 140
[2020-03-31 13:05:53] spend time is: 140
[2020-03-31 13:06:03] spend time is: 150
[2020-03-31 13:06:03] spend time is: 150
[2020-03-31 13:06:03] spend time is: 150
[2020-03-31 13:06:03] spend time is: 150
[2020-03-31 13:06:03] spend time is: 150
[2020-03-31 13:06:03] spend time is: 150
[2020-03-31 13:06:03] spend time is: 150
[2020-03-31 13:06:03] spend time is: 150
[2020-03-31 13:06:03] spend time is: 150
[2020-03-31 13:06:03] spend time is: 150
[2020-03-31 13:06:03] spend time is: 150
[2020-03-31 13:06:04] spend time is: 150
[2020-03-31 13:06:13] spend time is: 160
[2020-03-31 13:06:13] spend time is: 160
[2020-03-31 13:06:13] spend time is: 160
[2020-03-31 13:06:13] spend time is: 160
[2020-03-31 13:06:13] spend time is: 160
[2020-03-31 13:06:13] spend time is: 160
[2020-03-31 13:06:13] spend time is: 160
[2020-03-31 13:06:13] spend time is: 160
[2020-03-31 13:06:14] spend time is: 160
[2020-03-31 13:06:23] spend time is: 170
[2020-03-31 13:06:23] spend time is: 170
[2020-03-31 13:06:23] spend time is: 170
[2020-03-31 13:06:23] spend time is: 170
[2020-03-31 13:06:23] spend time is: 170
[2020-03-31 13:06:23] spend time is: 170
[2020-03-31 13:06:23] spend time is: 170
[2020-03-31 13:06:23] spend time is: 170
[2020-03-31 13:06:23] spend time is: 170
[2020-03-31 13:06:23] spend time is: 170
[2020-03-31 13:06:23] spend time is: 170
[2020-03-31 13:06:23] spend time is: 170
[2020-03-31 13:06:33] spend time is: 180
[2020-03-31 13:06:33] spend time is: 180
[2020-03-31 13:06:33] spend time is: 180
[2020-03-31 13:06:33] spend time is: 180
[2020-03-31 13:06:33] spend time is: 180
[2020-03-31 13:06:33] spend time is: 180
[2020-03-31 13:06:33] spend time is: 180
[2020-03-31 13:06:33] spend time is: 180
[2020-03-31 13:06:33] spend time is: 180
[2020-03-31 13:06:33] spend time is: 180
[2020-03-31 13:06:33] spend time is: 180
[2020-03-31 13:06:43] spend time is: 190
[2020-03-31 13:06:43] spend time is: 190
[2020-03-31 13:06:43] spend time is: 190
[2020-03-31 13:06:43] spend time is: 190
[2020-03-31 13:06:43] spend time is: 190
[2020-03-31 13:06:43] spend time is: 190
[2020-03-31 13:06:43] spend time is: 190
[2020-03-31 13:06:43] spend time is: 190
[2020-03-31 13:06:53] spend time is: 200
[2020-03-31 13:06:53] spend time is: 200
[2020-03-31 13:06:53] spend time is: 200
[2020-03-31 13:06:53] spend time is: 200
[2020-03-31 13:06:53] spend time is: 200
[2020-03-31 13:06:53] spend time is: 200
[2020-03-31 13:06:53] spend time is: 200
[2020-03-31 13:06:53] spend time is: 200
[2020-03-31 13:06:53] spend time is: 200
[2020-03-31 13:06:53] spend time is: 200
[2020-03-31 13:06:54] spend time is: 200
[2020-03-31 13:07:03] spend time is: 210
[2020-03-31 13:07:03] spend time is: 210
[2020-03-31 13:07:03] spend time is: 210
[2020-03-31 13:07:03] spend time is: 210
[2020-03-31 13:07:03] spend time is: 210
[2020-03-31 13:07:03] spend time is: 210
[2020-03-31 13:07:03] spend time is: 210
[2020-03-31 13:07:03] spend time is: 210
[2020-03-31 13:07:03] spend time is: 210
[2020-03-31 13:07:03] spend time is: 210
[2020-03-31 13:07:06] elastic-stack-1.9.0.tgz update done.
[2020-03-31 13:07:13] spend time is: 220
[2020-03-31 13:07:13] spend time is: 220
[2020-03-31 13:07:13] spend time is: 220
[2020-03-31 13:07:13] spend time is: 220
[2020-03-31 13:07:13] spend time is: 220
[2020-03-31 13:07:13] spend time is: 220
[2020-03-31 13:07:13] spend time is: 220
[2020-03-31 13:07:13] spend time is: 220
[2020-03-31 13:07:13] spend time is: 220
[2020-03-31 13:07:13] spend time is: 220
[2020-03-31 13:07:14] spend time is: 220
[2020-03-31 13:07:23] spend time is: 230
[2020-03-31 13:07:23] spend time is: 230
[2020-03-31 13:07:23] spend time is: 230
[2020-03-31 13:07:23] spend time is: 230
[2020-03-31 13:07:23] spend time is: 230
[2020-03-31 13:07:23] spend time is: 230
[2020-03-31 13:07:23] spend time is: 230
[2020-03-31 13:07:23] spend time is: 230
[2020-03-31 13:07:23] spend time is: 230
[2020-03-31 13:07:23] spend time is: 230
[2020-03-31 13:07:24] spend time is: 230
[2020-03-31 13:07:33] spend time is: 240
[2020-03-31 13:07:33] spend time is: 240
[2020-03-31 13:07:33] spend time is: 240
[2020-03-31 13:07:33] spend time is: 240
[2020-03-31 13:07:33] spend time is: 240
[2020-03-31 13:07:33] spend time is: 240
[2020-03-31 13:07:33] spend time is: 240
[2020-03-31 13:07:33] spend time is: 240
[2020-03-31 13:07:33] spend time is: 240
[2020-03-31 13:07:34] spend time is: 240
[2020-03-31 13:07:43] spend time is: 250
[2020-03-31 13:07:43] spend time is: 250
[2020-03-31 13:07:43] spend time is: 250
[2020-03-31 13:07:43] spend time is: 250
[2020-03-31 13:07:43] spend time is: 250
[2020-03-31 13:07:43] spend time is: 250
[2020-03-31 13:07:43] spend time is: 250
[2020-03-31 13:07:43] spend time is: 250
[2020-03-31 13:07:43] spend time is: 250
[2020-03-31 13:07:43] spend time is: 250
[2020-03-31 13:07:43] spend time is: 250
[2020-03-31 13:07:53] spend time is: 260
[2020-03-31 13:07:53] spend time is: 260
[2020-03-31 13:07:53] spend time is: 260
[2020-03-31 13:07:53] spend time is: 260
[2020-03-31 13:07:53] spend time is: 260
[2020-03-31 13:07:53] spend time is: 260
[2020-03-31 13:07:53] spend time is: 260
[2020-03-31 13:07:53] spend time is: 260
[2020-03-31 13:07:53] spend time is: 260
[2020-03-31 13:07:54] spend time is: 260
[2020-03-31 13:08:03] spend time is: 270
[2020-03-31 13:08:03] spend time is: 270
[2020-03-31 13:08:03] spend time is: 270
[2020-03-31 13:08:03] spend time is: 270
[2020-03-31 13:08:03] spend time is: 270
[2020-03-31 13:08:03] spend time is: 270
[2020-03-31 13:08:03] spend time is: 270
[2020-03-31 13:08:03] spend time is: 270
[2020-03-31 13:08:03] spend time is: 270
[2020-03-31 13:08:03] spend time is: 270
[2020-03-31 13:08:03] spend time is: 270
[2020-03-31 13:08:13] spend time is: 280
[2020-03-31 13:08:13] spend time is: 280
[2020-03-31 13:08:13] spend time is: 280
[2020-03-31 13:08:13] spend time is: 280
[2020-03-31 13:08:13] spend time is: 280
[2020-03-31 13:08:13] spend time is: 280
[2020-03-31 13:08:13] spend time is: 280
[2020-03-31 13:08:13] spend time is: 280
[2020-03-31 13:08:13] spend time is: 280
[2020-03-31 13:08:13] spend time is: 280
[2020-03-31 13:08:23] spend time is: 290
[2020-03-31 13:08:23] spend time is: 290
[2020-03-31 13:08:23] spend time is: 290
[2020-03-31 13:08:23] spend time is: 290
[2020-03-31 13:08:23] spend time is: 290
[2020-03-31 13:08:23] spend time is: 290
[2020-03-31 13:08:23] spend time is: 290
[2020-03-31 13:08:23] spend time is: 290
[2020-03-31 13:08:23] spend time is: 290
[2020-03-31 13:08:23] spend time is: 290
[2020-03-31 13:08:33] spend time is: 300
[2020-03-31 13:08:33] spend time is: 300
[2020-03-31 13:08:33] spend time is: 300
[2020-03-31 13:08:33] spend time is: 300
Warning: Permanently added the RSA host key for IP address '140.82.114.3' to the list of known hosts.
Already up to date.
Already up to date.
fatal: Unable to create '/home/travis/build/babyshen/helm-charts-mirror/.git/index.lock': File exists.

Another git process seems to be running in this repository, e.g.
an editor opened by 'git commit'. Please make sure all processes
are terminated then try again. If it still fails, a git process
may have crashed in this repository earlier:
remove the file manually to continue.
Already up to date.
fatal: Unable to create '/home/travis/build/babyshen/helm-charts-mirror/.git/index.lock': File exists.

Another git process seems to be running in this repository, e.g.
an editor opened by 'git commit'. Please make sure all processes
are terminated then try again. If it still fails, a git process
may have crashed in this repository earlier:
remove the file manually to continue.
Already up to date.
fatal: Unable to create '/home/travis/build/babyshen/helm-charts-mirror/.git/index.lock': File exists.

Another git process seems to be running in this repository, e.g.
an editor opened by 'git commit'. Please make sure all processes
are terminated then try again. If it still fails, a git process
may have crashed in this repository earlier:
remove the file manually to continue.
[gh-pages 2a4c630] Synchronizing completion at 2020-03-31
 7 files changed, 786 insertions(+), 300 deletions(-)
 rewrite airflow-6.5.0.tgz (71%)
 create mode 100644 anchore-engine-1.5.0.tgz
 rewrite elastic-stack-1.9.0.tgz (98%)
 create mode 100644 travis_wait_2152.log
To github.com:babyshen/helm-charts-mirror.git
   093d715..2a4c630  gh-pages -> gh-pages
Branch 'gh-pages' set up to track remote branch 'gh-pages' from 'origin'.
[2020-03-31 13:08:43] spend time is: 310
[2020-03-31 13:08:43] spend time is: 310
[2020-03-31 13:08:43] spend time is: 310
[2020-03-31 13:08:43] spend time is: 310
[2020-03-31 13:08:43] spend time is: 310
[2020-03-31 13:08:43] spend time is: 310
[2020-03-31 13:08:43] spend time is: 310
[2020-03-31 13:08:43] spend time is: 310
[2020-03-31 13:08:53] grafana-5.0.10.tgz update done.
[2020-03-31 13:08:53] spend time is: 320
[2020-03-31 13:08:53] spend time is: 320
[2020-03-31 13:08:53] spend time is: 320
[2020-03-31 13:08:53] spend time is: 320
[2020-03-31 13:08:53] spend time is: 320
[2020-03-31 13:08:53] spend time is: 320
[2020-03-31 13:09:03] spend time is: 330
[2020-03-31 13:09:03] spend time is: 330
[2020-03-31 13:09:03] spend time is: 330
[2020-03-31 13:09:03] spend time is: 330
[2020-03-31 13:09:03] spend time is: 330
[2020-03-31 13:09:03] spend time is: 330
[2020-03-31 13:09:03] spend time is: 330
[2020-03-31 13:09:13] spend time is: 340
[2020-03-31 13:09:13] spend time is: 340
[2020-03-31 13:09:13] spend time is: 340
[2020-03-31 13:09:13] spend time is: 340
[2020-03-31 13:09:13] spend time is: 340
[2020-03-31 13:09:13] spend time is: 340
[2020-03-31 13:09:13] spend time is: 340
[2020-03-31 13:09:23] spend time is: 350
[2020-03-31 13:09:23] spend time is: 350
[2020-03-31 13:09:23] spend time is: 350
[2020-03-31 13:09:23] spend time is: 350
[2020-03-31 13:09:23] spend time is: 350
[2020-03-31 13:09:23] spend time is: 350
[2020-03-31 13:09:23] spend time is: 350
[2020-03-31 13:09:23] spend time is: 350
[2020-03-31 13:09:24] graylog-1.6.2.tgz update done.
[2020-03-31 13:09:31] hazelcast-3.1.1.tgz update done.
[2020-03-31 13:09:33] spend time is: 360
[2020-03-31 13:09:33] spend time is: 360
[2020-03-31 13:09:33] spend time is: 360
[2020-03-31 13:09:33] spend time is: 360
[2020-03-31 13:09:33] spend time is: 360
[2020-03-31 13:09:33] spend time is: 360
[2020-03-31 13:09:33] spend time is: 360
[2020-03-31 13:09:33] spend time is: 360
[2020-03-31 13:09:43] spend time is: 370
[2020-03-31 13:09:43] spend time is: 370
[2020-03-31 13:09:43] spend time is: 370
[2020-03-31 13:09:43] spend time is: 370
[2020-03-31 13:09:43] spend time is: 370
[2020-03-31 13:09:43] spend time is: 370
[2020-03-31 13:09:43] spend time is: 370
[2020-03-31 13:09:53] spend time is: 380
[2020-03-31 13:09:53] spend time is: 380
[2020-03-31 13:09:53] spend time is: 380
[2020-03-31 13:09:53] spend time is: 380
[2020-03-31 13:09:53] spend time is: 380
[2020-03-31 13:09:53] spend time is: 380
[2020-03-31 13:09:53] spend time is: 380
[2020-03-31 13:09:53] spend time is: 380
[2020-03-31 13:10:03] spend time is: 390
[2020-03-31 13:10:03] spend time is: 390
[2020-03-31 13:10:03] spend time is: 390
[2020-03-31 13:10:03] spend time is: 390
[2020-03-31 13:10:03] spend time is: 390
[2020-03-31 13:10:03] spend time is: 390
[2020-03-31 13:10:03] spend time is: 390
[2020-03-31 13:10:13] spend time is: 400
[2020-03-31 13:10:13] spend time is: 400
[2020-03-31 13:10:13] spend time is: 400
[2020-03-31 13:10:13] spend time is: 400
[2020-03-31 13:10:13] spend time is: 400
[2020-03-31 13:10:13] spend time is: 400
[2020-03-31 13:10:13] spend time is: 400
[2020-03-31 13:10:14] janusgraph-0.2.1.tgz update done.
[2020-03-31 13:10:23] spend time is: 410
[2020-03-31 13:10:23] spend time is: 410
[2020-03-31 13:10:23] spend time is: 410
[2020-03-31 13:10:23] spend time is: 410
[2020-03-31 13:10:23] spend time is: 410
[2020-03-31 13:10:23] spend time is: 410
[2020-03-31 13:10:23] spend time is: 410
[2020-03-31 13:10:33] spend time is: 420
[2020-03-31 13:10:33] spend time is: 420
[2020-03-31 13:10:33] spend time is: 420
[2020-03-31 13:10:33] spend time is: 420
[2020-03-31 13:10:33] spend time is: 420
[2020-03-31 13:10:33] spend time is: 420
[2020-03-31 13:10:33] spend time is: 420
[2020-03-31 13:10:43] spend time is: 430
[2020-03-31 13:10:43] spend time is: 430
[2020-03-31 13:10:43] spend time is: 430
[2020-03-31 13:10:43] spend time is: 430
[2020-03-31 13:10:43] spend time is: 430
[2020-03-31 13:10:43] spend time is: 430
[2020-03-31 13:10:43] spend time is: 430
[2020-03-31 13:10:43] spend time is: 430
[2020-03-31 13:10:53] spend time is: 440
[2020-03-31 13:10:53] spend time is: 440
[2020-03-31 13:10:53] spend time is: 440
[2020-03-31 13:10:53] spend time is: 440
[2020-03-31 13:10:53] spend time is: 440
[2020-03-31 13:10:53] spend time is: 440
[2020-03-31 13:10:53] spend time is: 440
[2020-03-31 13:10:53] spend time is: 440
[2020-03-31 13:11:03] spend time is: 450
[2020-03-31 13:11:03] spend time is: 450
[2020-03-31 13:11:03] spend time is: 450
[2020-03-31 13:11:03] spend time is: 450
[2020-03-31 13:11:03] spend time is: 450
[2020-03-31 13:11:03] spend time is: 450
[2020-03-31 13:11:03] spend time is: 450
[2020-03-31 13:11:13] spend time is: 460
[2020-03-31 13:11:13] spend time is: 460
[2020-03-31 13:11:13] spend time is: 460
[2020-03-31 13:11:13] spend time is: 460
[2020-03-31 13:11:13] spend time is: 460
[2020-03-31 13:11:13] spend time is: 460
[2020-03-31 13:11:13] spend time is: 460
[2020-03-31 13:11:23] spend time is: 470
[2020-03-31 13:11:23] spend time is: 470
[2020-03-31 13:11:23] spend time is: 470
[2020-03-31 13:11:23] spend time is: 470
[2020-03-31 13:11:23] spend time is: 470
[2020-03-31 13:11:23] spend time is: 470
[2020-03-31 13:11:23] spend time is: 470
[2020-03-31 13:11:23] spend time is: 470
[2020-03-31 13:11:33] spend time is: 480
[2020-03-31 13:11:33] spend time is: 480
[2020-03-31 13:11:33] spend time is: 480
[2020-03-31 13:11:33] spend time is: 480
[2020-03-31 13:11:33] spend time is: 480
[2020-03-31 13:11:33] spend time is: 480
[2020-03-31 13:11:33] spend time is: 480
[2020-03-31 13:11:33] spend time is: 480
[2020-03-31 13:11:43] spend time is: 490
[2020-03-31 13:11:43] spend time is: 490
[2020-03-31 13:11:43] spend time is: 490
[2020-03-31 13:11:43] spend time is: 490
[2020-03-31 13:11:43] spend time is: 490
[2020-03-31 13:11:43] spend time is: 490
[2020-03-31 13:11:43] spend time is: 490
[2020-03-31 13:11:53] spend time is: 500
[2020-03-31 13:11:53] spend time is: 500
[2020-03-31 13:11:53] spend time is: 500
[2020-03-31 13:11:53] spend time is: 500
[2020-03-31 13:11:53] spend time is: 500
[2020-03-31 13:11:53] spend time is: 500
[2020-03-31 13:11:53] spend time is: 500
[2020-03-31 13:12:03] spend time is: 510
[2020-03-31 13:12:03] spend time is: 510
[2020-03-31 13:12:03] spend time is: 510
[2020-03-31 13:12:03] spend time is: 510
[2020-03-31 13:12:03] spend time is: 510
[2020-03-31 13:12:03] spend time is: 510
[2020-03-31 13:12:03] spend time is: 510
[2020-03-31 13:12:03] spend time is: 510
[2020-03-31 13:12:13] spend time is: 520
[2020-03-31 13:12:13] spend time is: 520
[2020-03-31 13:12:13] spend time is: 520
[2020-03-31 13:12:13] spend time is: 520
[2020-03-31 13:12:13] spend time is: 520
[2020-03-31 13:12:13] spend time is: 520
[2020-03-31 13:12:13] spend time is: 520
[2020-03-31 13:12:13] spend time is: 520
[2020-03-31 13:12:23] spend time is: 530
[2020-03-31 13:12:23] spend time is: 530
[2020-03-31 13:12:23] spend time is: 530
[2020-03-31 13:12:23] spend time is: 530
[2020-03-31 13:12:23] spend time is: 530
[2020-03-31 13:12:23] spend time is: 530
[2020-03-31 13:12:23] spend time is: 530
[2020-03-31 13:12:23] spend time is: 530
[2020-03-31 13:12:33] spend time is: 540
[2020-03-31 13:12:33] spend time is: 540
[2020-03-31 13:12:33] spend time is: 540
[2020-03-31 13:12:33] spend time is: 540
[2020-03-31 13:12:33] spend time is: 540
[2020-03-31 13:12:33] spend time is: 540
[2020-03-31 13:12:33] spend time is: 540
[2020-03-31 13:12:33] spend time is: 540
[2020-03-31 13:12:43] spend time is: 550
[2020-03-31 13:12:43] spend time is: 550
[2020-03-31 13:12:43] spend time is: 550
[2020-03-31 13:12:43] spend time is: 550
[2020-03-31 13:12:43] spend time is: 550
[2020-03-31 13:12:43] spend time is: 550
[2020-03-31 13:12:43] spend time is: 550
[2020-03-31 13:12:43] spend time is: 550
[2020-03-31 13:12:53] spend time is: 560
[2020-03-31 13:12:53] spend time is: 560
[2020-03-31 13:12:53] spend time is: 560
[2020-03-31 13:12:53] spend time is: 560
[2020-03-31 13:12:53] spend time is: 560
[2020-03-31 13:12:53] spend time is: 560
[2020-03-31 13:12:53] spend time is: 560
[2020-03-31 13:12:53] spend time is: 560
[2020-03-31 13:13:03] spend time is: 570
[2020-03-31 13:13:03] spend time is: 570
[2020-03-31 13:13:03] spend time is: 570
[2020-03-31 13:13:03] spend time is: 570
[2020-03-31 13:13:03] spend time is: 570
[2020-03-31 13:13:03] spend time is: 570
[2020-03-31 13:13:03] spend time is: 570
[2020-03-31 13:13:03] spend time is: 570
[2020-03-31 13:13:13] spend time is: 580
[2020-03-31 13:13:13] spend time is: 580
[2020-03-31 13:13:13] spend time is: 580
[2020-03-31 13:13:13] spend time is: 580
[2020-03-31 13:13:13] spend time is: 580
[2020-03-31 13:13:13] spend time is: 580
[2020-03-31 13:13:13] spend time is: 580
[2020-03-31 13:13:23] spend time is: 590
[2020-03-31 13:13:23] spend time is: 590
[2020-03-31 13:13:23] spend time is: 590
[2020-03-31 13:13:23] spend time is: 590
[2020-03-31 13:13:23] spend time is: 590
[2020-03-31 13:13:23] spend time is: 590
[2020-03-31 13:13:23] spend time is: 590
[2020-03-31 13:13:23] spend time is: 590
[2020-03-31 13:13:33] spend time is: 600
Already up to date.
