Fetching origin
Warning: Permanently added the RSA host key for IP address '192.30.253.113' to the list of known hosts.
From github.com:babyshen/helm-charts-mirror
 * [new branch]      gh-pages   -> origin/gh-pages
 * [new branch]      master     -> origin/master
Previous HEAD position was 6f4bc38 restore bug
Switched to a new branch 'gh-pages'
Branch 'gh-pages' set up to track remote branch 'gh-pages' from 'origin'.
Warning: Permanently added the RSA host key for IP address '192.30.253.112' to the list of known hosts.
Already up to date.
Branch 'gh-pages' set up to track remote branch 'gh-pages' from 'origin'.
  % Total    % Received % Xferd  Average Speed   Time    Time     Time  Current
                                 Dload  Upload   Total   Spent    Left  Speed
  0     0    0     0    0     0      0      0 --:--:-- --:--:-- --:--:--     0100 7657k  100 7657k    0     0  74.4M      0 --:--:-- --:--:-- --:--:-- 74.7M
[2020-02-20 06:46:41] airflow-6.0.2.tgz update done.
[2020-02-20 06:46:41] airflow-6.0.1.tgz update done.
[2020-02-20 06:46:41] airflow-6.0.0.tgz update done.
[2020-02-20 06:46:47] spend time is: 60
[2020-02-20 06:46:47] spend time is: 60
[2020-02-20 06:46:47] spend time is: 60
[2020-02-20 06:46:47] spend time is: 60
[2020-02-20 06:46:47] spend time is: 60
[2020-02-20 06:46:47] spend time is: 60
[2020-02-20 06:46:47] spend time is: 60
[2020-02-20 06:46:47] spend time is: 60
[2020-02-20 06:46:47] spend time is: 60
[2020-02-20 06:46:47] spend time is: 60
[2020-02-20 06:46:47] spend time is: 60
[2020-02-20 06:46:57] spend time is: 70
[2020-02-20 06:46:57] spend time is: 70
[2020-02-20 06:46:57] spend time is: 70
[2020-02-20 06:46:57] spend time is: 70
[2020-02-20 06:46:57] anchore-engine-1.4.4.tgz update done.
[2020-02-20 06:46:57] spend time is: 70
[2020-02-20 06:46:57] spend time is: 70
[2020-02-20 06:46:57] spend time is: 70
[2020-02-20 06:46:57] spend time is: 70
[2020-02-20 06:46:57] spend time is: 70
[2020-02-20 06:47:07] spend time is: 80
[2020-02-20 06:47:07] spend time is: 80
[2020-02-20 06:47:07] spend time is: 80
[2020-02-20 06:47:07] spend time is: 80
[2020-02-20 06:47:07] spend time is: 80
[2020-02-20 06:47:07] spend time is: 80
[2020-02-20 06:47:07] spend time is: 80
[2020-02-20 06:47:07] spend time is: 80
[2020-02-20 06:47:07] spend time is: 80
[2020-02-20 06:47:07] spend time is: 80
[2020-02-20 06:47:07] spend time is: 80
[2020-02-20 06:47:17] spend time is: 90
[2020-02-20 06:47:17] spend time is: 90
[2020-02-20 06:47:17] spend time is: 90
[2020-02-20 06:47:17] spend time is: 90
[2020-02-20 06:47:17] spend time is: 90
[2020-02-20 06:47:17] spend time is: 90
[2020-02-20 06:47:17] spend time is: 90
[2020-02-20 06:47:17] spend time is: 90
[2020-02-20 06:47:17] spend time is: 90
[2020-02-20 06:47:17] spend time is: 90
[2020-02-20 06:47:27] spend time is: 100
[2020-02-20 06:47:27] spend time is: 100
[2020-02-20 06:47:27] spend time is: 100
[2020-02-20 06:47:27] spend time is: 100
[2020-02-20 06:47:27] spend time is: 100
[2020-02-20 06:47:27] spend time is: 100
[2020-02-20 06:47:27] spend time is: 100
[2020-02-20 06:47:27] spend time is: 100
[2020-02-20 06:47:27] spend time is: 100
[2020-02-20 06:47:27] spend time is: 100
[2020-02-20 06:47:27] spend time is: 100
[2020-02-20 06:47:32] cluster-autoscaler-6.5.0.tgz update done.
[2020-02-20 06:47:37] spend time is: 110
[2020-02-20 06:47:37] spend time is: 110
[2020-02-20 06:47:37] spend time is: 110
[2020-02-20 06:47:37] spend time is: 110
[2020-02-20 06:47:37] spend time is: 110
[2020-02-20 06:47:37] spend time is: 110
[2020-02-20 06:47:37] spend time is: 110
[2020-02-20 06:47:37] spend time is: 110
[2020-02-20 06:47:37] spend time is: 110
[2020-02-20 06:47:38] spend time is: 110
[2020-02-20 06:47:47] spend time is: 120
[2020-02-20 06:47:47] spend time is: 120
[2020-02-20 06:47:47] spend time is: 120
[2020-02-20 06:47:47] spend time is: 120
[2020-02-20 06:47:47] spend time is: 120
[2020-02-20 06:47:47] spend time is: 120
[2020-02-20 06:47:47] spend time is: 120
[2020-02-20 06:47:47] spend time is: 120
[2020-02-20 06:47:47] spend time is: 120
[2020-02-20 06:47:47] spend time is: 120
[2020-02-20 06:47:47] spend time is: 120
[2020-02-20 06:47:57] spend time is: 130
[2020-02-20 06:47:57] spend time is: 130
[2020-02-20 06:47:57] spend time is: 130
[2020-02-20 06:47:57] spend time is: 130
[2020-02-20 06:47:57] spend time is: 130
[2020-02-20 06:47:57] spend time is: 130
[2020-02-20 06:47:57] spend time is: 130
[2020-02-20 06:47:57] spend time is: 130
[2020-02-20 06:47:57] spend time is: 130
[2020-02-20 06:48:06] coredns-1.9.3.tgz update done.
[2020-02-20 06:48:07] spend time is: 140
[2020-02-20 06:48:07] spend time is: 140
[2020-02-20 06:48:07] spend time is: 140
[2020-02-20 06:48:07] spend time is: 140
[2020-02-20 06:48:07] spend time is: 140
[2020-02-20 06:48:07] spend time is: 140
[2020-02-20 06:48:07] spend time is: 140
[2020-02-20 06:48:07] spend time is: 140
[2020-02-20 06:48:07] spend time is: 140
[2020-02-20 06:48:07] spend time is: 140
[2020-02-20 06:48:07] spend time is: 140
[2020-02-20 06:48:14] datadog-1.39.9.tgz update done.
[2020-02-20 06:48:17] spend time is: 150
[2020-02-20 06:48:17] spend time is: 150
[2020-02-20 06:48:17] spend time is: 150
[2020-02-20 06:48:17] spend time is: 150
[2020-02-20 06:48:17] spend time is: 150
[2020-02-20 06:48:17] spend time is: 150
[2020-02-20 06:48:17] spend time is: 150
[2020-02-20 06:48:17] spend time is: 150
[2020-02-20 06:48:17] spend time is: 150
[2020-02-20 06:48:17] spend time is: 150
[2020-02-20 06:48:17] spend time is: 150
[2020-02-20 06:48:27] spend time is: 160
[2020-02-20 06:48:27] spend time is: 160
[2020-02-20 06:48:27] spend time is: 160
[2020-02-20 06:48:27] spend time is: 160
[2020-02-20 06:48:27] spend time is: 160
[2020-02-20 06:48:27] spend time is: 160
[2020-02-20 06:48:27] spend time is: 160
[2020-02-20 06:48:27] spend time is: 160
[2020-02-20 06:48:27] spend time is: 160
[2020-02-20 06:48:27] spend time is: 160
[2020-02-20 06:48:28] spend time is: 160
[2020-02-20 06:48:37] spend time is: 170
[2020-02-20 06:48:37] spend time is: 170
[2020-02-20 06:48:37] spend time is: 170
[2020-02-20 06:48:37] spend time is: 170
[2020-02-20 06:48:37] spend time is: 170
[2020-02-20 06:48:37] spend time is: 170
[2020-02-20 06:48:37] spend time is: 170
[2020-02-20 06:48:37] spend time is: 170
[2020-02-20 06:48:37] spend time is: 170
[2020-02-20 06:48:37] spend time is: 170
[2020-02-20 06:48:38] dokuwiki-6.0.8.tgz update done.
[2020-02-20 06:48:38] spend time is: 170
[2020-02-20 06:48:45] drone-2.7.0.tgz update done.
[2020-02-20 06:48:47] spend time is: 180
[2020-02-20 06:48:47] spend time is: 180
[2020-02-20 06:48:47] spend time is: 180
[2020-02-20 06:48:47] spend time is: 180
[2020-02-20 06:48:47] spend time is: 180
[2020-02-20 06:48:47] spend time is: 180
[2020-02-20 06:48:47] spend time is: 180
[2020-02-20 06:48:47] spend time is: 180
[2020-02-20 06:48:47] spend time is: 180
[2020-02-20 06:48:47] spend time is: 180
[2020-02-20 06:48:47] spend time is: 180
[2020-02-20 06:48:57] spend time is: 190
[2020-02-20 06:48:57] spend time is: 190
[2020-02-20 06:48:57] spend time is: 190
[2020-02-20 06:48:57] spend time is: 190
[2020-02-20 06:48:57] spend time is: 190
[2020-02-20 06:48:57] spend time is: 190
[2020-02-20 06:48:57] spend time is: 190
[2020-02-20 06:48:57] spend time is: 190
[2020-02-20 06:48:57] spend time is: 190
[2020-02-20 06:49:07] spend time is: 200
[2020-02-20 06:49:07] spend time is: 200
[2020-02-20 06:49:07] spend time is: 200
[2020-02-20 06:49:07] spend time is: 200
[2020-02-20 06:49:07] spend time is: 200
[2020-02-20 06:49:07] spend time is: 200
[2020-02-20 06:49:07] spend time is: 200
[2020-02-20 06:49:07] spend time is: 200
[2020-02-20 06:49:07] spend time is: 200
[2020-02-20 06:49:07] spend time is: 200
[2020-02-20 06:49:07] spend time is: 200
[2020-02-20 06:49:08] elastic-stack-1.8.0.tgz update done.
[2020-02-20 06:49:08] spend time is: 200
[2020-02-20 06:49:17] spend time is: 210
[2020-02-20 06:49:17] spend time is: 210
[2020-02-20 06:49:17] spend time is: 210
[2020-02-20 06:49:17] spend time is: 210
[2020-02-20 06:49:17] spend time is: 210
[2020-02-20 06:49:17] spend time is: 210
[2020-02-20 06:49:17] spend time is: 210
[2020-02-20 06:49:17] spend time is: 210
[2020-02-20 06:49:17] spend time is: 210
[2020-02-20 06:49:17] spend time is: 210
[2020-02-20 06:49:26] external-dns-2.18.0.tgz update done.
[2020-02-20 06:49:27] spend time is: 220
[2020-02-20 06:49:27] spend time is: 220
[2020-02-20 06:49:27] spend time is: 220
[2020-02-20 06:49:27] spend time is: 220
[2020-02-20 06:49:27] spend time is: 220
[2020-02-20 06:49:27] spend time is: 220
[2020-02-20 06:49:27] spend time is: 220
[2020-02-20 06:49:27] spend time is: 220
[2020-02-20 06:49:27] spend time is: 220
[2020-02-20 06:49:37] spend time is: 230
[2020-02-20 06:49:37] spend time is: 230
[2020-02-20 06:49:37] spend time is: 230
[2020-02-20 06:49:37] spend time is: 230
[2020-02-20 06:49:37] spend time is: 230
[2020-02-20 06:49:37] spend time is: 230
[2020-02-20 06:49:37] spend time is: 230
[2020-02-20 06:49:37] spend time is: 230
[2020-02-20 06:49:37] spend time is: 230
[2020-02-20 06:49:47] spend time is: 240
[2020-02-20 06:49:47] spend time is: 240
[2020-02-20 06:49:47] spend time is: 240
[2020-02-20 06:49:47] spend time is: 240
[2020-02-20 06:49:47] spend time is: 240
[2020-02-20 06:49:47] spend time is: 240
[2020-02-20 06:49:47] spend time is: 240
[2020-02-20 06:49:47] spend time is: 240
[2020-02-20 06:49:47] spend time is: 240
[2020-02-20 06:49:48] fluent-bit-2.8.10.tgz update done.
[2020-02-20 06:49:48] spend time is: 240
[2020-02-20 06:49:48] fluent-bit-2.8.9.tgz update done.
[2020-02-20 06:49:57] spend time is: 250
[2020-02-20 06:49:57] spend time is: 250
[2020-02-20 06:49:57] spend time is: 250
[2020-02-20 06:49:57] spend time is: 250
[2020-02-20 06:49:57] spend time is: 250
[2020-02-20 06:49:57] spend time is: 250
[2020-02-20 06:49:57] spend time is: 250
[2020-02-20 06:49:57] spend time is: 250
[2020-02-20 06:49:57] spend time is: 250
[2020-02-20 06:49:57] spend time is: 250
[2020-02-20 06:49:57] spend time is: 250
[2020-02-20 06:49:57] spend time is: 250
[2020-02-20 06:50:07] spend time is: 260
[2020-02-20 06:50:07] spend time is: 260
[2020-02-20 06:50:07] spend time is: 260
[2020-02-20 06:50:07] spend time is: 260
[2020-02-20 06:50:07] spend time is: 260
[2020-02-20 06:50:07] spend time is: 260
[2020-02-20 06:50:07] spend time is: 260
[2020-02-20 06:50:07] spend time is: 260
[2020-02-20 06:50:07] spend time is: 260
[2020-02-20 06:50:07] spend time is: 260
[2020-02-20 06:50:07] spend time is: 260
[2020-02-20 06:50:17] spend time is: 270
[2020-02-20 06:50:17] spend time is: 270
[2020-02-20 06:50:17] spend time is: 270
[2020-02-20 06:50:17] spend time is: 270
[2020-02-20 06:50:17] spend time is: 270
[2020-02-20 06:50:17] spend time is: 270
[2020-02-20 06:50:17] spend time is: 270
[2020-02-20 06:50:17] spend time is: 270
[2020-02-20 06:50:17] spend time is: 270
[2020-02-20 06:50:18] spend time is: 270
[2020-02-20 06:50:27] spend time is: 280
[2020-02-20 06:50:27] spend time is: 280
[2020-02-20 06:50:27] spend time is: 280
[2020-02-20 06:50:27] spend time is: 280
[2020-02-20 06:50:27] spend time is: 280
[2020-02-20 06:50:27] spend time is: 280
[2020-02-20 06:50:27] spend time is: 280
[2020-02-20 06:50:27] spend time is: 280
[2020-02-20 06:50:27] spend time is: 280
[2020-02-20 06:50:27] spend time is: 280
[2020-02-20 06:50:28] gitlab-ce-0.2.2.tgz update done.
[2020-02-20 06:50:37] spend time is: 290
[2020-02-20 06:50:37] spend time is: 290
[2020-02-20 06:50:37] spend time is: 290
[2020-02-20 06:50:37] spend time is: 290
[2020-02-20 06:50:37] spend time is: 290
[2020-02-20 06:50:37] spend time is: 290
[2020-02-20 06:50:37] spend time is: 290
[2020-02-20 06:50:37] spend time is: 290
[2020-02-20 06:50:37] spend time is: 290
[2020-02-20 06:50:37] spend time is: 290
[2020-02-20 06:50:37] spend time is: 290
[2020-02-20 06:50:39] grafana-5.0.0.tgz update done.
[2020-02-20 06:50:47] spend time is: 300
[2020-02-20 06:50:47] spend time is: 300
[2020-02-20 06:50:47] spend time is: 300
[2020-02-20 06:50:47] spend time is: 300
Already up to date.
Already up to date.
fatal: Unable to create '/home/travis/build/babyshen/helm-charts-mirror/.git/index.lock': File exists.

Another git process seems to be running in this repository, e.g.
an editor opened by 'git commit'. Please make sure all processes
are terminated then try again. If it still fails, a git process
may have crashed in this repository earlier:
remove the file manually to continue.
Already up to date.
fatal: Unable to create '/home/travis/build/babyshen/helm-charts-mirror/.git/index.lock': File exists.

Another git process seems to be running in this repository, e.g.
an editor opened by 'git commit'. Please make sure all processes
are terminated then try again. If it still fails, a git process
may have crashed in this repository earlier:
remove the file manually to continue.
Already up to date.
fatal: Unable to create '/home/travis/build/babyshen/helm-charts-mirror/.git/index.lock': File exists.

Another git process seems to be running in this repository, e.g.
an editor opened by 'git commit'. Please make sure all processes
are terminated then try again. If it still fails, a git process
may have crashed in this repository earlier:
remove the file manually to continue.
[gh-pages e2bb717] Synchronizing completion at 2020-02-20
 19 files changed, 2379 insertions(+), 302 deletions(-)
 rewrite airflow-6.0.0.tgz (69%)
 create mode 100644 airflow-6.0.1.tgz
 create mode 100644 airflow-6.0.2.tgz
 create mode 100644 anchore-engine-1.4.4.tgz
 create mode 100644 cluster-autoscaler-6.5.0.tgz
 create mode 100644 coredns-1.9.3.tgz
 create mode 100644 datadog-1.39.9.tgz
 create mode 100644 dokuwiki-6.0.8.tgz
 create mode 100644 drone-2.7.0.tgz
 rewrite elastic-stack-1.8.0.tgz (98%)
 create mode 100644 external-dns-2.18.0.tgz
 create mode 100644 fluent-bit-2.8.10.tgz
 create mode 100644 fluent-bit-2.8.9.tgz
 rewrite gitlab-ce-0.2.2.tgz (100%)
 create mode 100644 grafana-5.0.0.tgz
 create mode 100644 travis_wait_2031.log
To github.com:babyshen/helm-charts-mirror.git
   212a372..e2bb717  gh-pages -> gh-pages
Branch 'gh-pages' set up to track remote branch 'gh-pages' from 'origin'.
[2020-02-20 06:50:57] spend time is: 310
[2020-02-20 06:50:57] spend time is: 310
[2020-02-20 06:50:57] spend time is: 310
[2020-02-20 06:50:57] spend time is: 310
[2020-02-20 06:50:57] spend time is: 310
[2020-02-20 06:50:57] spend time is: 310
[2020-02-20 06:50:57] spend time is: 310
[2020-02-20 06:50:58] spend time is: 310
[2020-02-20 06:51:07] spend time is: 320
[2020-02-20 06:51:07] spend time is: 320
[2020-02-20 06:51:07] spend time is: 320
[2020-02-20 06:51:07] spend time is: 320
[2020-02-20 06:51:07] spend time is: 320
[2020-02-20 06:51:07] spend time is: 320
[2020-02-20 06:51:07] spend time is: 320
[2020-02-20 06:51:07] spend time is: 320
[2020-02-20 06:51:13] graylog-1.5.8.tgz update done.
[2020-02-20 06:51:13] graylog-1.5.7.tgz update done.
[2020-02-20 06:51:13] graylog-1.5.6.tgz update done.
[2020-02-20 06:51:17] spend time is: 330
[2020-02-20 06:51:17] spend time is: 330
[2020-02-20 06:51:17] spend time is: 330
[2020-02-20 06:51:17] spend time is: 330
[2020-02-20 06:51:17] spend time is: 330
[2020-02-20 06:51:17] spend time is: 330
[2020-02-20 06:51:17] spend time is: 330
[2020-02-20 06:51:17] spend time is: 330
[2020-02-20 06:51:20] hazelcast-3.0.2.tgz update done.
[2020-02-20 06:51:20] hazelcast-3.0.1.tgz update done.
[2020-02-20 06:51:27] spend time is: 340
[2020-02-20 06:51:27] spend time is: 340
[2020-02-20 06:51:27] spend time is: 340
[2020-02-20 06:51:27] spend time is: 340
[2020-02-20 06:51:27] spend time is: 340
[2020-02-20 06:51:27] spend time is: 340
[2020-02-20 06:51:27] spend time is: 340
[2020-02-20 06:51:27] spend time is: 340
[2020-02-20 06:51:29] hlf-ca-1.2.0.tgz update done.
[2020-02-20 06:51:37] spend time is: 350
[2020-02-20 06:51:37] spend time is: 350
[2020-02-20 06:51:37] spend time is: 350
[2020-02-20 06:51:37] spend time is: 350
[2020-02-20 06:51:37] spend time is: 350
[2020-02-20 06:51:37] spend time is: 350
[2020-02-20 06:51:37] spend time is: 350
[2020-02-20 06:51:42] influxdb-4.2.3.tgz update done.
[2020-02-20 06:51:42] influxdb-4.2.2.tgz update done.
[2020-02-20 06:51:43] influxdb-4.2.1.tgz update done.
[2020-02-20 06:51:43] influxdb-4.2.0.tgz update done.
[2020-02-20 06:51:43] influxdb-4.1.1.tgz update done.
[2020-02-20 06:51:43] influxdb-4.1.0.tgz update done.
[2020-02-20 06:51:44] influxdb-4.0.1.tgz update done.
[2020-02-20 06:51:44] influxdb-4.0.0.tgz update done.
[2020-02-20 06:51:44] influxdb-3.2.1.tgz update done.
[2020-02-20 06:51:47] spend time is: 360
[2020-02-20 06:51:47] spend time is: 360
[2020-02-20 06:51:47] spend time is: 360
[2020-02-20 06:51:47] spend time is: 360
[2020-02-20 06:51:47] spend time is: 360
[2020-02-20 06:51:47] spend time is: 360
[2020-02-20 06:51:47] spend time is: 360
[2020-02-20 06:51:52] instana-agent-1.0.23.tgz update done.
[2020-02-20 06:51:57] spend time is: 370
[2020-02-20 06:51:57] spend time is: 370
[2020-02-20 06:51:57] spend time is: 370
[2020-02-20 06:51:57] spend time is: 370
[2020-02-20 06:51:57] spend time is: 370
[2020-02-20 06:51:57] spend time is: 370
[2020-02-20 06:51:57] spend time is: 370
[2020-02-20 06:51:57] spend time is: 370
[2020-02-20 06:52:00] janusgraph-0.2.1.tgz update done.
[2020-02-20 06:52:07] spend time is: 380
[2020-02-20 06:52:07] spend time is: 380
[2020-02-20 06:52:07] spend time is: 380
[2020-02-20 06:52:07] spend time is: 380
[2020-02-20 06:52:07] spend time is: 380
[2020-02-20 06:52:07] spend time is: 380
[2020-02-20 06:52:07] spend time is: 380
[2020-02-20 06:52:07] spend time is: 380
[2020-02-20 06:52:11] jenkins-1.9.19.tgz update done.
[2020-02-20 06:52:11] jenkins-1.9.18.tgz update done.
[2020-02-20 06:52:17] spend time is: 390
[2020-02-20 06:52:17] spend time is: 390
[2020-02-20 06:52:17] spend time is: 390
[2020-02-20 06:52:17] spend time is: 390
[2020-02-20 06:52:17] spend time is: 390
[2020-02-20 06:52:17] spend time is: 390
[2020-02-20 06:52:17] spend time is: 390
[2020-02-20 06:52:17] spend time is: 390
[2020-02-20 06:52:27] spend time is: 400
[2020-02-20 06:52:27] spend time is: 400
[2020-02-20 06:52:27] spend time is: 400
[2020-02-20 06:52:27] spend time is: 400
[2020-02-20 06:52:27] spend time is: 400
[2020-02-20 06:52:27] spend time is: 400
[2020-02-20 06:52:27] spend time is: 400
[2020-02-20 06:52:27] spend time is: 400
[2020-02-20 06:52:37] spend time is: 410
[2020-02-20 06:52:37] spend time is: 410
[2020-02-20 06:52:37] spend time is: 410
[2020-02-20 06:52:37] spend time is: 410
[2020-02-20 06:52:37] spend time is: 410
[2020-02-20 06:52:37] spend time is: 410
[2020-02-20 06:52:37] spend time is: 410
[2020-02-20 06:52:37] spend time is: 410
[2020-02-20 06:52:47] spend time is: 420
[2020-02-20 06:52:47] spend time is: 420
[2020-02-20 06:52:47] spend time is: 420
[2020-02-20 06:52:47] spend time is: 420
[2020-02-20 06:52:47] spend time is: 420
[2020-02-20 06:52:47] spend time is: 420
[2020-02-20 06:52:47] spend time is: 420
[2020-02-20 06:52:47] spend time is: 420
[2020-02-20 06:52:57] spend time is: 430
[2020-02-20 06:52:57] spend time is: 430
[2020-02-20 06:52:57] spend time is: 430
[2020-02-20 06:52:57] spend time is: 430
[2020-02-20 06:52:57] spend time is: 430
[2020-02-20 06:52:57] spend time is: 430
[2020-02-20 06:52:57] spend time is: 430
[2020-02-20 06:52:57] spend time is: 430
[2020-02-20 06:53:01] kapacitor-1.2.0.tgz update done.
[2020-02-20 06:53:01] kapacitor-1.1.4.tgz update done.
[2020-02-20 06:53:07] spend time is: 440
[2020-02-20 06:53:07] spend time is: 440
[2020-02-20 06:53:07] spend time is: 440
[2020-02-20 06:53:07] spend time is: 440
[2020-02-20 06:53:07] spend time is: 440
[2020-02-20 06:53:07] spend time is: 440
[2020-02-20 06:53:07] spend time is: 440
[2020-02-20 06:53:17] spend time is: 450
[2020-02-20 06:53:17] spend time is: 450
[2020-02-20 06:53:17] spend time is: 450
[2020-02-20 06:53:17] spend time is: 450
[2020-02-20 06:53:17] spend time is: 450
[2020-02-20 06:53:17] spend time is: 450
[2020-02-20 06:53:17] spend time is: 450
[2020-02-20 06:53:17] spend time is: 450
[2020-02-20 06:53:27] spend time is: 460
[2020-02-20 06:53:27] spend time is: 460
[2020-02-20 06:53:27] spend time is: 460
[2020-02-20 06:53:27] spend time is: 460
[2020-02-20 06:53:27] spend time is: 460
[2020-02-20 06:53:27] spend time is: 460
[2020-02-20 06:53:27] spend time is: 460
[2020-02-20 06:53:37] spend time is: 470
[2020-02-20 06:53:37] spend time is: 470
[2020-02-20 06:53:37] spend time is: 470
[2020-02-20 06:53:37] spend time is: 470
[2020-02-20 06:53:37] spend time is: 470
[2020-02-20 06:53:37] spend time is: 470
[2020-02-20 06:53:37] spend time is: 470
[2020-02-20 06:53:47] spend time is: 480
[2020-02-20 06:53:47] spend time is: 480
[2020-02-20 06:53:47] spend time is: 480
[2020-02-20 06:53:47] spend time is: 480
[2020-02-20 06:53:47] spend time is: 480
[2020-02-20 06:53:47] spend time is: 480
[2020-02-20 06:53:47] spend time is: 480
[2020-02-20 06:53:47] spend time is: 480
[2020-02-20 06:53:57] spend time is: 490
[2020-02-20 06:53:57] spend time is: 490
[2020-02-20 06:53:57] spend time is: 490
[2020-02-20 06:53:57] spend time is: 490
[2020-02-20 06:53:57] spend time is: 490
[2020-02-20 06:53:57] spend time is: 490
[2020-02-20 06:53:57] spend time is: 490
[2020-02-20 06:53:57] spend time is: 490
[2020-02-20 06:54:07] spend time is: 500
[2020-02-20 06:54:07] spend time is: 500
[2020-02-20 06:54:07] spend time is: 500
[2020-02-20 06:54:07] spend time is: 500
[2020-02-20 06:54:07] spend time is: 500
[2020-02-20 06:54:07] spend time is: 500
[2020-02-20 06:54:07] spend time is: 500
[2020-02-20 06:54:07] spend time is: 500
[2020-02-20 06:54:11] kubewatch-1.0.6.tgz update done.
[2020-02-20 06:54:16] kured-1.4.3.tgz update done.
[2020-02-20 06:54:17] spend time is: 510
[2020-02-20 06:54:17] spend time is: 510
[2020-02-20 06:54:17] spend time is: 510
[2020-02-20 06:54:17] spend time is: 510
[2020-02-20 06:54:17] spend time is: 510
[2020-02-20 06:54:17] spend time is: 510
[2020-02-20 06:54:17] spend time is: 510
[2020-02-20 06:54:17] spend time is: 510
[2020-02-20 06:54:27] magento-6.0.0.tgz update done.
[2020-02-20 06:54:27] spend time is: 520
[2020-02-20 06:54:27] spend time is: 520
[2020-02-20 06:54:27] spend time is: 520
[2020-02-20 06:54:27] spend time is: 520
[2020-02-20 06:54:27] spend time is: 520
[2020-02-20 06:54:27] spend time is: 520
[2020-02-20 06:54:37] spend time is: 530
[2020-02-20 06:54:37] spend time is: 530
[2020-02-20 06:54:37] spend time is: 530
[2020-02-20 06:54:37] spend time is: 530
[2020-02-20 06:54:37] spend time is: 530
[2020-02-20 06:54:37] spend time is: 530
[2020-02-20 06:54:37] spend time is: 530
[2020-02-20 06:54:39] mariadb-7.3.10.tgz update done.
[2020-02-20 06:54:47] spend time is: 540
[2020-02-20 06:54:47] spend time is: 540
[2020-02-20 06:54:47] spend time is: 540
[2020-02-20 06:54:47] spend time is: 540
[2020-02-20 06:54:47] spend time is: 540
[2020-02-20 06:54:47] spend time is: 540
[2020-02-20 06:54:47] spend time is: 540
[2020-02-20 06:54:57] spend time is: 550
[2020-02-20 06:54:57] spend time is: 550
[2020-02-20 06:54:57] spend time is: 550
[2020-02-20 06:54:57] spend time is: 550
[2020-02-20 06:54:57] spend time is: 550
[2020-02-20 06:54:57] spend time is: 550
[2020-02-20 06:54:57] spend time is: 550
[2020-02-20 06:54:57] spend time is: 550
[2020-02-20 06:55:07] spend time is: 560
[2020-02-20 06:55:07] spend time is: 560
[2020-02-20 06:55:07] spend time is: 560
[2020-02-20 06:55:07] spend time is: 560
[2020-02-20 06:55:07] spend time is: 560
[2020-02-20 06:55:07] spend time is: 560
[2020-02-20 06:55:07] spend time is: 560
[2020-02-20 06:55:07] spend time is: 560
[2020-02-20 06:55:17] spend time is: 570
[2020-02-20 06:55:17] spend time is: 570
[2020-02-20 06:55:17] spend time is: 570
[2020-02-20 06:55:17] spend time is: 570
[2020-02-20 06:55:17] spend time is: 570
[2020-02-20 06:55:17] spend time is: 570
[2020-02-20 06:55:17] spend time is: 570
[2020-02-20 06:55:26] metabase-0.10.4.tgz update done.
[2020-02-20 06:55:27] spend time is: 580
[2020-02-20 06:55:27] spend time is: 580
[2020-02-20 06:55:27] spend time is: 580
[2020-02-20 06:55:27] spend time is: 580
[2020-02-20 06:55:27] spend time is: 580
[2020-02-20 06:55:27] spend time is: 580
[2020-02-20 06:55:27] spend time is: 580
[2020-02-20 06:55:27] spend time is: 580
[2020-02-20 06:55:37] spend time is: 590
[2020-02-20 06:55:37] spend time is: 590
[2020-02-20 06:55:37] spend time is: 590
[2020-02-20 06:55:37] spend time is: 590
[2020-02-20 06:55:37] spend time is: 590
[2020-02-20 06:55:37] spend time is: 590
[2020-02-20 06:55:37] spend time is: 590
[2020-02-20 06:55:39] minecraft-1.1.7.tgz update done.
[2020-02-20 06:55:43] minio-5.0.11.tgz update done.
[2020-02-20 06:55:43] minio-5.0.10.tgz update done.
[2020-02-20 06:55:43] minio-5.0.9.tgz update done.
[2020-02-20 06:55:43] minio-5.0.8.tgz update done.
[2020-02-20 06:55:44] minio-5.0.7.tgz update done.
[2020-02-20 06:55:47] spend time is: 600
Warning: Permanently added the RSA host key for IP address '140.82.114.4' to the list of known hosts.
Already up to date.
[gh-pages bf18fda] Synchronizing completion at 2020-02-20
 34 files changed, 278 insertions(+), 1 deletion(-)
 create mode 100644 graylog-1.5.7.tgz
 create mode 100644 graylog-1.5.8.tgz
 create mode 100644 hazelcast-3.0.1.tgz
 create mode 100644 hazelcast-3.0.2.tgz
 rewrite hlf-ca-1.2.0.tgz (99%)
 create mode 100644 influxdb-3.2.1.tgz
 create mode 100644 influxdb-4.0.0.tgz
 create mode 100644 influxdb-4.0.1.tgz
 create mode 100644 influxdb-4.1.0.tgz
 create mode 100644 influxdb-4.1.1.tgz
 create mode 100644 influxdb-4.2.0.tgz
 create mode 100644 influxdb-4.2.1.tgz
 create mode 100644 influxdb-4.2.2.tgz
 create mode 100644 influxdb-4.2.3.tgz
 create mode 100644 instana-agent-1.0.23.tgz
 create mode 100644 jenkins-1.9.18.tgz
 create mode 100644 jenkins-1.9.19.tgz
 create mode 100644 kapacitor-1.1.4.tgz
 create mode 100644 kapacitor-1.2.0.tgz
 create mode 100644 kubewatch-1.0.6.tgz
 create mode 100644 kured-1.4.3.tgz
 rewrite magento-6.0.0.tgz (99%)
 create mode 100644 mariadb-7.3.10.tgz
 create mode 100644 metabase-0.10.4.tgz
 create mode 100644 minecraft-1.1.7.tgz
 create mode 100644 minio-5.0.10.tgz
 create mode 100644 minio-5.0.11.tgz
 create mode 100644 minio-5.0.7.tgz
 create mode 100644 minio-5.0.8.tgz
 create mode 100644 minio-5.0.9.tgz
To github.com:babyshen/helm-charts-mirror.git
   e2bb717..bf18fda  gh-pages -> gh-pages
Branch 'gh-pages' set up to track remote branch 'gh-pages' from 'origin'.
[2020-02-20 06:55:57] spend time is: 610
[2020-02-20 06:55:57] spend time is: 610
[2020-02-20 06:55:57] spend time is: 610
[2020-02-20 06:55:57] spend time is: 610
[2020-02-20 06:55:57] spend time is: 610
[2020-02-20 06:55:57] spend time is: 610
[2020-02-20 06:55:57] spend time is: 610
[2020-02-20 06:55:57] spend time is: 610
[2020-02-20 06:56:04] mission-control-0.4.3.tgz update done.
[2020-02-20 06:56:07] spend time is: 620
[2020-02-20 06:56:07] spend time is: 620
[2020-02-20 06:56:07] spend time is: 620
[2020-02-20 06:56:07] spend time is: 620
[2020-02-20 06:56:07] spend time is: 620
[2020-02-20 06:56:07] spend time is: 620
[2020-02-20 06:56:07] spend time is: 620
[2020-02-20 06:56:07] spend time is: 620
[2020-02-20 06:56:17] spend time is: 630
[2020-02-20 06:56:17] spend time is: 630
[2020-02-20 06:56:17] spend time is: 630
[2020-02-20 06:56:17] spend time is: 630
[2020-02-20 06:56:17] spend time is: 630
[2020-02-20 06:56:17] spend time is: 630
[2020-02-20 06:56:17] spend time is: 630
[2020-02-20 06:56:17] spend time is: 630
[2020-02-20 06:56:27] spend time is: 640
[2020-02-20 06:56:27] spend time is: 640
[2020-02-20 06:56:27] spend time is: 640
[2020-02-20 06:56:27] spend time is: 640
[2020-02-20 06:56:27] spend time is: 640
[2020-02-20 06:56:27] spend time is: 640
[2020-02-20 06:56:27] spend time is: 640
[2020-02-20 06:56:28] spend time is: 640
[2020-02-20 06:56:37] spend time is: 650
[2020-02-20 06:56:37] spend time is: 650
[2020-02-20 06:56:37] spend time is: 650
[2020-02-20 06:56:37] spend time is: 650
[2020-02-20 06:56:37] spend time is: 650
[2020-02-20 06:56:37] spend time is: 650
[2020-02-20 06:56:37] spend time is: 650
[2020-02-20 06:56:38] moodle-7.2.0.tgz update done.
[2020-02-20 06:56:38] spend time is: 650
[2020-02-20 06:56:47] spend time is: 660
[2020-02-20 06:56:47] spend time is: 660
[2020-02-20 06:56:47] spend time is: 660
[2020-02-20 06:56:47] spend time is: 660
[2020-02-20 06:56:47] spend time is: 660
[2020-02-20 06:56:47] spend time is: 660
[2020-02-20 06:56:47] spend time is: 660
[2020-02-20 06:56:47] spend time is: 660
[2020-02-20 06:56:57] spend time is: 670
[2020-02-20 06:56:57] spend time is: 670
[2020-02-20 06:56:57] spend time is: 670
[2020-02-20 06:56:57] spend time is: 670
[2020-02-20 06:56:57] spend time is: 670
[2020-02-20 06:56:57] spend time is: 670
[2020-02-20 06:56:57] spend time is: 670
[2020-02-20 06:57:06] nats-4.3.2.tgz update done.
[2020-02-20 06:57:07] spend time is: 680
[2020-02-20 06:57:07] spend time is: 680
[2020-02-20 06:57:07] spend time is: 680
[2020-02-20 06:57:07] spend time is: 680
[2020-02-20 06:57:07] spend time is: 680
[2020-02-20 06:57:07] spend time is: 680
[2020-02-20 06:57:07] spend time is: 680
[2020-02-20 06:57:17] spend time is: 690
[2020-02-20 06:57:17] spend time is: 690
[2020-02-20 06:57:17] spend time is: 690
[2020-02-20 06:57:17] spend time is: 690
[2020-02-20 06:57:17] spend time is: 690
[2020-02-20 06:57:17] spend time is: 690
[2020-02-20 06:57:17] spend time is: 690
[2020-02-20 06:57:17] spend time is: 690
[2020-02-20 06:57:18] newrelic-infrastructure-0.13.23.tgz update done.
[2020-02-20 06:57:27] spend time is: 700
[2020-02-20 06:57:27] spend time is: 700
[2020-02-20 06:57:27] spend time is: 700
[2020-02-20 06:57:27] spend time is: 700
[2020-02-20 06:57:27] spend time is: 700
[2020-02-20 06:57:27] spend time is: 700
[2020-02-20 06:57:27] spend time is: 700
[2020-02-20 06:57:27] spend time is: 700
[2020-02-20 06:57:31] nginx-ingress-1.31.0.tgz update done.
[2020-02-20 06:57:32] nginx-ingress-1.30.3.tgz update done.
[2020-02-20 06:57:32] nginx-ingress-1.30.2.tgz update done.
[2020-02-20 06:57:37] spend time is: 710
[2020-02-20 06:57:37] spend time is: 710
[2020-02-20 06:57:37] spend time is: 710
[2020-02-20 06:57:37] spend time is: 710
[2020-02-20 06:57:37] spend time is: 710
[2020-02-20 06:57:37] spend time is: 710
[2020-02-20 06:57:37] spend time is: 710
[2020-02-20 06:57:37] spend time is: 710
[2020-02-20 06:57:47] spend time is: 720
[2020-02-20 06:57:47] spend time is: 720
[2020-02-20 06:57:47] spend time is: 720
[2020-02-20 06:57:47] spend time is: 720
[2020-02-20 06:57:47] spend time is: 720
[2020-02-20 06:57:47] spend time is: 720
[2020-02-20 06:57:47] spend time is: 720
[2020-02-20 06:57:57] spend time is: 730
[2020-02-20 06:57:57] spend time is: 730
[2020-02-20 06:57:57] spend time is: 730
[2020-02-20 06:57:57] spend time is: 730
[2020-02-20 06:57:57] spend time is: 730
[2020-02-20 06:57:57] spend time is: 730
[2020-02-20 06:57:57] spend time is: 730
[2020-02-20 06:57:57] spend time is: 730
[2020-02-20 06:58:07] spend time is: 740
[2020-02-20 06:58:07] spend time is: 740
[2020-02-20 06:58:07] spend time is: 740
[2020-02-20 06:58:07] spend time is: 740
[2020-02-20 06:58:07] spend time is: 740
[2020-02-20 06:58:07] spend time is: 740
[2020-02-20 06:58:07] spend time is: 740
[2020-02-20 06:58:07] spend time is: 740
[2020-02-20 06:58:17] spend time is: 750
[2020-02-20 06:58:17] spend time is: 750
[2020-02-20 06:58:17] spend time is: 750
[2020-02-20 06:58:17] spend time is: 750
[2020-02-20 06:58:17] spend time is: 750
[2020-02-20 06:58:17] spend time is: 750
[2020-02-20 06:58:17] spend time is: 750
[2020-02-20 06:58:17] spend time is: 750
[2020-02-20 06:58:27] spend time is: 760
[2020-02-20 06:58:27] spend time is: 760
[2020-02-20 06:58:27] spend time is: 760
[2020-02-20 06:58:27] spend time is: 760
[2020-02-20 06:58:27] spend time is: 760
[2020-02-20 06:58:27] spend time is: 760
[2020-02-20 06:58:27] spend time is: 760
[2020-02-20 06:58:27] spend time is: 760
[2020-02-20 06:58:37] spend time is: 770
[2020-02-20 06:58:37] spend time is: 770
[2020-02-20 06:58:37] spend time is: 770
[2020-02-20 06:58:37] spend time is: 770
[2020-02-20 06:58:37] spend time is: 770
[2020-02-20 06:58:37] spend time is: 770
[2020-02-20 06:58:37] spend time is: 770
[2020-02-20 06:58:39] openebs-1.7.0.tgz update done.
[2020-02-20 06:58:40] openebs-1.6.1.tgz update done.
[2020-02-20 06:58:47] spend time is: 780
[2020-02-20 06:58:47] spend time is: 780
[2020-02-20 06:58:47] spend time is: 780
[2020-02-20 06:58:47] spend time is: 780
[2020-02-20 06:58:47] spend time is: 780
[2020-02-20 06:58:47] spend time is: 780
[2020-02-20 06:58:47] spend time is: 780
[2020-02-20 06:58:57] spend time is: 790
[2020-02-20 06:58:57] spend time is: 790
[2020-02-20 06:58:57] spend time is: 790
[2020-02-20 06:58:57] spend time is: 790
[2020-02-20 06:58:57] spend time is: 790
[2020-02-20 06:58:57] spend time is: 790
[2020-02-20 06:58:57] spend time is: 790
[2020-02-20 06:58:57] spend time is: 790
[2020-02-20 06:59:07] spend time is: 800
[2020-02-20 06:59:07] spend time is: 800
[2020-02-20 06:59:07] spend time is: 800
[2020-02-20 06:59:07] spend time is: 800
[2020-02-20 06:59:07] spend time is: 800
[2020-02-20 06:59:07] spend time is: 800
[2020-02-20 06:59:07] spend time is: 800
[2020-02-20 06:59:07] spend time is: 800
[2020-02-20 06:59:17] spend time is: 810
[2020-02-20 06:59:17] spend time is: 810
[2020-02-20 06:59:17] spend time is: 810
[2020-02-20 06:59:17] spend time is: 810
[2020-02-20 06:59:17] spend time is: 810
[2020-02-20 06:59:17] spend time is: 810
[2020-02-20 06:59:17] spend time is: 810
[2020-02-20 06:59:17] spend time is: 810
[2020-02-20 06:59:27] spend time is: 820
[2020-02-20 06:59:27] spend time is: 820
[2020-02-20 06:59:27] spend time is: 820
[2020-02-20 06:59:27] spend time is: 820
[2020-02-20 06:59:27] spend time is: 820
[2020-02-20 06:59:27] spend time is: 820
[2020-02-20 06:59:27] spend time is: 820
[2020-02-20 06:59:37] spend time is: 830
[2020-02-20 06:59:37] spend time is: 830
[2020-02-20 06:59:37] spend time is: 830
[2020-02-20 06:59:37] spend time is: 830
[2020-02-20 06:59:37] spend time is: 830
[2020-02-20 06:59:37] spend time is: 830
[2020-02-20 06:59:37] spend time is: 830
[2020-02-20 06:59:47] spend time is: 840
[2020-02-20 06:59:47] spend time is: 840
[2020-02-20 06:59:47] spend time is: 840
[2020-02-20 06:59:47] spend time is: 840
[2020-02-20 06:59:47] spend time is: 840
[2020-02-20 06:59:47] spend time is: 840
[2020-02-20 06:59:47] spend time is: 840
[2020-02-20 06:59:48] pgadmin-1.2.0.tgz update done.
[2020-02-20 06:59:50] phabricator-9.0.9.tgz update done.
[2020-02-20 06:59:57] spend time is: 850
[2020-02-20 06:59:57] spend time is: 850
[2020-02-20 06:59:57] spend time is: 850
[2020-02-20 06:59:57] spend time is: 850
[2020-02-20 06:59:57] spend time is: 850
[2020-02-20 06:59:57] spend time is: 850
[2020-02-20 06:59:57] spend time is: 850
[2020-02-20 07:00:07] spend time is: 860
[2020-02-20 07:00:07] spend time is: 860
[2020-02-20 07:00:07] spend time is: 860
[2020-02-20 07:00:07] spend time is: 860
[2020-02-20 07:00:07] spend time is: 860
[2020-02-20 07:00:07] spend time is: 860
[2020-02-20 07:00:07] spend time is: 860
[2020-02-20 07:00:07] spend time is: 860
[2020-02-20 07:00:17] spend time is: 870
[2020-02-20 07:00:17] spend time is: 870
[2020-02-20 07:00:17] spend time is: 870
[2020-02-20 07:00:17] spend time is: 870
[2020-02-20 07:00:17] spend time is: 870
[2020-02-20 07:00:17] spend time is: 870
[2020-02-20 07:00:17] spend time is: 870
[2020-02-20 07:00:23] phpmyadmin-4.3.0.tgz update done.
[2020-02-20 07:00:27] spend time is: 880
[2020-02-20 07:00:27] spend time is: 880
[2020-02-20 07:00:27] spend time is: 880
[2020-02-20 07:00:27] spend time is: 880
[2020-02-20 07:00:27] spend time is: 880
[2020-02-20 07:00:27] spend time is: 880
[2020-02-20 07:00:27] spend time is: 880
[2020-02-20 07:00:27] spend time is: 880
[2020-02-20 07:00:35] postgresql-8.3.4.tgz update done.
[2020-02-20 07:00:37] spend time is: 890
[2020-02-20 07:00:37] spend time is: 890
[2020-02-20 07:00:37] spend time is: 890
[2020-02-20 07:00:37] spend time is: 890
[2020-02-20 07:00:37] spend time is: 890
[2020-02-20 07:00:37] spend time is: 890
[2020-02-20 07:00:37] spend time is: 890
[2020-02-20 07:00:47] spend time is: 900
Warning: Permanently added the RSA host key for IP address '140.82.113.3' to the list of known hosts.
Already up to date.
