Fetching origin
Warning: Permanently added the RSA host key for IP address '140.82.113.3' to the list of known hosts.
From github.com:babyshen/helm-charts-mirror
 * [new branch]      gh-pages   -> origin/gh-pages
 * [new branch]      master     -> origin/master
Previous HEAD position was 6f4bc38 restore bug
Switched to a new branch 'gh-pages'
Branch 'gh-pages' set up to track remote branch 'gh-pages' from 'origin'.
Already up to date.
Branch 'gh-pages' set up to track remote branch 'gh-pages' from 'origin'.
  % Total    % Received % Xferd  Average Speed   Time    Time     Time  Current
                                 Dload  Upload   Total   Spent    Left  Speed
  0     0    0     0    0     0      0      0 --:--:-- --:--:-- --:--:--     0  0     0    0     0    0     0      0      0 --:--:-- --:--:-- --:--:--     0100 6234k  100 6234k    0     0  47.3M      0 --:--:-- --:--:-- --:--:-- 47.1M
[2019-09-20 05:32:40] spend time is: 50
[2019-09-20 05:32:40] spend time is: 50
[2019-09-20 05:32:40] spend time is: 50
[2019-09-20 05:32:40] spend time is: 50
[2019-09-20 05:32:40] spend time is: 50
[2019-09-20 05:32:40] spend time is: 50
[2019-09-20 05:32:40] spend time is: 50
[2019-09-20 05:32:40] spend time is: 50
[2019-09-20 05:32:50] spend time is: 60
[2019-09-20 05:32:50] spend time is: 60
[2019-09-20 05:32:50] spend time is: 60
[2019-09-20 05:32:50] spend time is: 60
[2019-09-20 05:32:50] spend time is: 60
[2019-09-20 05:32:50] spend time is: 60
[2019-09-20 05:32:50] spend time is: 60
[2019-09-20 05:32:50] spend time is: 60
[2019-09-20 05:32:50] spend time is: 60
[2019-09-20 05:32:51] spend time is: 60
[2019-09-20 05:33:00] spend time is: 70
[2019-09-20 05:33:00] spend time is: 70
[2019-09-20 05:33:00] spend time is: 70
[2019-09-20 05:33:00] spend time is: 70
[2019-09-20 05:33:00] spend time is: 70
[2019-09-20 05:33:00] spend time is: 70
[2019-09-20 05:33:00] spend time is: 70
[2019-09-20 05:33:00] spend time is: 70
[2019-09-20 05:33:00] spend time is: 70
[2019-09-20 05:33:00] spend time is: 70
[2019-09-20 05:33:01] spend time is: 70
[2019-09-20 05:33:10] spend time is: 80
[2019-09-20 05:33:10] spend time is: 80
[2019-09-20 05:33:10] spend time is: 80
[2019-09-20 05:33:10] spend time is: 80
[2019-09-20 05:33:10] spend time is: 80
[2019-09-20 05:33:10] spend time is: 80
[2019-09-20 05:33:10] spend time is: 80
[2019-09-20 05:33:10] spend time is: 80
[2019-09-20 05:33:10] spend time is: 80
[2019-09-20 05:33:20] spend time is: 90
[2019-09-20 05:33:20] spend time is: 90
[2019-09-20 05:33:20] spend time is: 90
[2019-09-20 05:33:20] spend time is: 90
[2019-09-20 05:33:20] spend time is: 90
[2019-09-20 05:33:20] spend time is: 90
[2019-09-20 05:33:20] spend time is: 90
[2019-09-20 05:33:20] spend time is: 90
[2019-09-20 05:33:20] spend time is: 90
[2019-09-20 05:33:20] spend time is: 90
[2019-09-20 05:33:30] spend time is: 100
[2019-09-20 05:33:30] spend time is: 100
[2019-09-20 05:33:30] spend time is: 100
[2019-09-20 05:33:30] spend time is: 100
[2019-09-20 05:33:30] spend time is: 100
[2019-09-20 05:33:30] spend time is: 100
[2019-09-20 05:33:30] spend time is: 100
[2019-09-20 05:33:30] spend time is: 100
[2019-09-20 05:33:30] spend time is: 100
[2019-09-20 05:33:40] spend time is: 110
[2019-09-20 05:33:40] spend time is: 110
[2019-09-20 05:33:40] spend time is: 110
[2019-09-20 05:33:40] spend time is: 110
[2019-09-20 05:33:40] spend time is: 110
[2019-09-20 05:33:40] spend time is: 110
[2019-09-20 05:33:40] spend time is: 110
[2019-09-20 05:33:40] spend time is: 110
[2019-09-20 05:33:40] spend time is: 110
[2019-09-20 05:33:40] spend time is: 110
[2019-09-20 05:33:41] spend time is: 110
[2019-09-20 05:33:50] spend time is: 120
[2019-09-20 05:33:50] spend time is: 120
[2019-09-20 05:33:50] spend time is: 120
[2019-09-20 05:33:50] spend time is: 120
[2019-09-20 05:33:50] spend time is: 120
[2019-09-20 05:33:50] spend time is: 120
[2019-09-20 05:33:50] spend time is: 120
[2019-09-20 05:33:50] spend time is: 120
[2019-09-20 05:34:00] spend time is: 130
[2019-09-20 05:34:00] spend time is: 130
[2019-09-20 05:34:00] spend time is: 130
[2019-09-20 05:34:00] spend time is: 130
[2019-09-20 05:34:00] spend time is: 130
[2019-09-20 05:34:00] spend time is: 130
[2019-09-20 05:34:00] spend time is: 130
[2019-09-20 05:34:00] spend time is: 130
[2019-09-20 05:34:00] spend time is: 130
[2019-09-20 05:34:01] spend time is: 130
[2019-09-20 05:34:10] spend time is: 140
[2019-09-20 05:34:10] spend time is: 140
[2019-09-20 05:34:10] spend time is: 140
[2019-09-20 05:34:10] spend time is: 140
[2019-09-20 05:34:10] spend time is: 140
[2019-09-20 05:34:10] spend time is: 140
[2019-09-20 05:34:10] spend time is: 140
[2019-09-20 05:34:10] spend time is: 140
[2019-09-20 05:34:10] spend time is: 140
[2019-09-20 05:34:10] spend time is: 140
[2019-09-20 05:34:20] spend time is: 150
[2019-09-20 05:34:20] spend time is: 150
[2019-09-20 05:34:20] spend time is: 150
[2019-09-20 05:34:20] spend time is: 150
[2019-09-20 05:34:20] spend time is: 150
[2019-09-20 05:34:20] spend time is: 150
[2019-09-20 05:34:20] spend time is: 150
[2019-09-20 05:34:20] spend time is: 150
[2019-09-20 05:34:20] spend time is: 150
[2019-09-20 05:34:20] spend time is: 150
[2019-09-20 05:34:30] spend time is: 160
[2019-09-20 05:34:30] spend time is: 160
[2019-09-20 05:34:30] spend time is: 160
[2019-09-20 05:34:30] spend time is: 160
[2019-09-20 05:34:30] spend time is: 160
[2019-09-20 05:34:30] spend time is: 160
[2019-09-20 05:34:30] spend time is: 160
[2019-09-20 05:34:30] spend time is: 160
[2019-09-20 05:34:30] spend time is: 160
[2019-09-20 05:34:30] spend time is: 160
[2019-09-20 05:34:30] spend time is: 160
[2019-09-20 05:34:40] spend time is: 170
[2019-09-20 05:34:40] spend time is: 170
[2019-09-20 05:34:40] spend time is: 170
[2019-09-20 05:34:40] spend time is: 170
[2019-09-20 05:34:40] spend time is: 170
[2019-09-20 05:34:40] spend time is: 170
[2019-09-20 05:34:40] spend time is: 170
[2019-09-20 05:34:40] spend time is: 170
[2019-09-20 05:34:40] spend time is: 170
[2019-09-20 05:34:40] spend time is: 170
[2019-09-20 05:34:41] spend time is: 170
[2019-09-20 05:34:46] elastic-stack-1.8.0.tgz update done.
[2019-09-20 05:34:50] spend time is: 180
[2019-09-20 05:34:50] spend time is: 180
[2019-09-20 05:34:50] spend time is: 180
[2019-09-20 05:34:50] spend time is: 180
[2019-09-20 05:34:50] spend time is: 180
[2019-09-20 05:34:50] spend time is: 180
[2019-09-20 05:34:50] spend time is: 180
[2019-09-20 05:34:50] spend time is: 180
[2019-09-20 05:34:50] spend time is: 180
[2019-09-20 05:34:50] spend time is: 180
[2019-09-20 05:34:57] etcd-operator-0.9.1.tgz update done.
[2019-09-20 05:35:00] spend time is: 190
[2019-09-20 05:35:00] spend time is: 190
[2019-09-20 05:35:00] spend time is: 190
[2019-09-20 05:35:00] spend time is: 190
[2019-09-20 05:35:00] spend time is: 190
[2019-09-20 05:35:00] spend time is: 190
[2019-09-20 05:35:00] spend time is: 190
[2019-09-20 05:35:00] spend time is: 190
[2019-09-20 05:35:00] spend time is: 190
[2019-09-20 05:35:02] external-dns-2.6.3.tgz update done.
[2019-09-20 05:35:02] external-dns-2.6.2.tgz update done.
[2019-09-20 05:35:10] spend time is: 200
[2019-09-20 05:35:10] spend time is: 200
[2019-09-20 05:35:10] spend time is: 200
[2019-09-20 05:35:10] spend time is: 200
[2019-09-20 05:35:10] spend time is: 200
[2019-09-20 05:35:10] spend time is: 200
[2019-09-20 05:35:10] spend time is: 200
[2019-09-20 05:35:10] spend time is: 200
[2019-09-20 05:35:10] spend time is: 200
[2019-09-20 05:35:11] spend time is: 200
[2019-09-20 05:35:20] spend time is: 210
[2019-09-20 05:35:20] spend time is: 210
[2019-09-20 05:35:20] spend time is: 210
[2019-09-20 05:35:20] spend time is: 210
[2019-09-20 05:35:20] spend time is: 210
[2019-09-20 05:35:20] spend time is: 210
[2019-09-20 05:35:20] spend time is: 210
[2019-09-20 05:35:20] spend time is: 210
[2019-09-20 05:35:20] spend time is: 210
[2019-09-20 05:35:20] spend time is: 210
[2019-09-20 05:35:30] spend time is: 220
[2019-09-20 05:35:30] spend time is: 220
[2019-09-20 05:35:30] spend time is: 220
[2019-09-20 05:35:30] spend time is: 220
[2019-09-20 05:35:30] spend time is: 220
[2019-09-20 05:35:30] spend time is: 220
[2019-09-20 05:35:30] spend time is: 220
[2019-09-20 05:35:30] spend time is: 220
[2019-09-20 05:35:31] spend time is: 220
[2019-09-20 05:35:31] spend time is: 220
[2019-09-20 05:35:40] spend time is: 230
[2019-09-20 05:35:40] spend time is: 230
[2019-09-20 05:35:40] spend time is: 230
[2019-09-20 05:35:40] spend time is: 230
[2019-09-20 05:35:40] spend time is: 230
[2019-09-20 05:35:40] spend time is: 230
[2019-09-20 05:35:40] spend time is: 230
[2019-09-20 05:35:40] spend time is: 230
[2019-09-20 05:35:40] spend time is: 230
[2019-09-20 05:35:40] spend time is: 230
[2019-09-20 05:35:40] spend time is: 230
[2019-09-20 05:35:50] spend time is: 240
[2019-09-20 05:35:50] spend time is: 240
[2019-09-20 05:35:50] spend time is: 240
[2019-09-20 05:35:50] spend time is: 240
[2019-09-20 05:35:50] spend time is: 240
[2019-09-20 05:35:50] spend time is: 240
[2019-09-20 05:35:50] spend time is: 240
[2019-09-20 05:35:50] spend time is: 240
[2019-09-20 05:35:50] spend time is: 240
[2019-09-20 05:35:50] spend time is: 240
[2019-09-20 05:35:51] spend time is: 240
[2019-09-20 05:36:00] spend time is: 250
[2019-09-20 05:36:00] spend time is: 250
[2019-09-20 05:36:00] spend time is: 250
[2019-09-20 05:36:00] spend time is: 250
[2019-09-20 05:36:00] spend time is: 250
[2019-09-20 05:36:00] spend time is: 250
[2019-09-20 05:36:00] spend time is: 250
[2019-09-20 05:36:00] spend time is: 250
[2019-09-20 05:36:00] spend time is: 250
[2019-09-20 05:36:05] grafana-3.8.14.tgz update done.
[2019-09-20 05:36:10] spend time is: 260
[2019-09-20 05:36:10] spend time is: 260
[2019-09-20 05:36:10] spend time is: 260
[2019-09-20 05:36:10] spend time is: 260
[2019-09-20 05:36:10] spend time is: 260
[2019-09-20 05:36:10] spend time is: 260
[2019-09-20 05:36:10] spend time is: 260
[2019-09-20 05:36:10] spend time is: 260
[2019-09-20 05:36:10] spend time is: 260
[2019-09-20 05:36:10] spend time is: 260
[2019-09-20 05:36:20] spend time is: 270
[2019-09-20 05:36:20] spend time is: 270
[2019-09-20 05:36:20] spend time is: 270
[2019-09-20 05:36:20] spend time is: 270
[2019-09-20 05:36:20] spend time is: 270
[2019-09-20 05:36:20] spend time is: 270
[2019-09-20 05:36:20] spend time is: 270
[2019-09-20 05:36:20] spend time is: 270
[2019-09-20 05:36:20] spend time is: 270
[2019-09-20 05:36:21] spend time is: 270
[2019-09-20 05:36:24] graylog-1.3.3.tgz update done.
[2019-09-20 05:36:30] spend time is: 280
[2019-09-20 05:36:30] spend time is: 280
[2019-09-20 05:36:30] spend time is: 280
[2019-09-20 05:36:30] spend time is: 280
[2019-09-20 05:36:30] spend time is: 280
[2019-09-20 05:36:30] spend time is: 280
[2019-09-20 05:36:30] spend time is: 280
[2019-09-20 05:36:30] spend time is: 280
[2019-09-20 05:36:30] spend time is: 280
[2019-09-20 05:36:30] spend time is: 280
[2019-09-20 05:36:40] spend time is: 290
[2019-09-20 05:36:40] spend time is: 290
[2019-09-20 05:36:40] spend time is: 290
[2019-09-20 05:36:40] spend time is: 290
[2019-09-20 05:36:40] spend time is: 290
[2019-09-20 05:36:40] spend time is: 290
[2019-09-20 05:36:40] spend time is: 290
[2019-09-20 05:36:40] spend time is: 290
[2019-09-20 05:36:40] spend time is: 290
[2019-09-20 05:36:40] spend time is: 290
[2019-09-20 05:36:40] spend time is: 290
[2019-09-20 05:36:49] janusgraph-0.2.1.tgz update done.
[2019-09-20 05:36:50] spend time is: 300
[2019-09-20 05:36:50] spend time is: 300
[2019-09-20 05:36:50] spend time is: 300
[2019-09-20 05:36:50] spend time is: 300
Warning: Permanently added the RSA host key for IP address '192.30.253.112' to the list of known hosts.
Already up to date.
Already up to date.
fatal: Unable to create '/home/travis/build/babyshen/helm-charts-mirror/.git/index.lock': File exists.

Another git process seems to be running in this repository, e.g.
an editor opened by 'git commit'. Please make sure all processes
are terminated then try again. If it still fails, a git process
may have crashed in this repository earlier:
remove the file manually to continue.
Already up to date.
fatal: Unable to create '/home/travis/build/babyshen/helm-charts-mirror/.git/index.lock': File exists.

Another git process seems to be running in this repository, e.g.
an editor opened by 'git commit'. Please make sure all processes
are terminated then try again. If it still fails, a git process
may have crashed in this repository earlier:
remove the file manually to continue.
Already up to date.
fatal: Unable to create '/home/travis/build/babyshen/helm-charts-mirror/.git/index.lock': File exists.

Another git process seems to be running in this repository, e.g.
an editor opened by 'git commit'. Please make sure all processes
are terminated then try again. If it still fails, a git process
may have crashed in this repository earlier:
remove the file manually to continue.
[gh-pages 8d17308] Synchronizing completion at 2019-09-20
 11 files changed, 1259 insertions(+), 303 deletions(-)
 rewrite elastic-stack-1.8.0.tgz (98%)
 create mode 100644 etcd-operator-0.9.1.tgz
 create mode 100644 external-dns-2.6.2.tgz
 create mode 100644 external-dns-2.6.3.tgz
 create mode 100644 grafana-3.8.14.tgz
 rewrite graylog-1.3.3.tgz (62%)
 rewrite janusgraph-0.2.1.tgz (99%)
 create mode 100644 travis_wait_2052.log
To github.com:babyshen/helm-charts-mirror.git
   4092a38..8d17308  gh-pages -> gh-pages
Branch 'gh-pages' set up to track remote branch 'gh-pages' from 'origin'.
[2019-09-20 05:37:00] spend time is: 310
[2019-09-20 05:37:00] spend time is: 310
[2019-09-20 05:37:00] spend time is: 310
[2019-09-20 05:37:00] spend time is: 310
[2019-09-20 05:37:00] spend time is: 310
[2019-09-20 05:37:00] spend time is: 310
[2019-09-20 05:37:00] spend time is: 310
[2019-09-20 05:37:00] spend time is: 310
[2019-09-20 05:37:04] jenkins-1.7.2.tgz update done.
[2019-09-20 05:37:04] jenkins-1.7.1.tgz update done.
[2019-09-20 05:37:10] spend time is: 320
[2019-09-20 05:37:10] spend time is: 320
[2019-09-20 05:37:10] spend time is: 320
[2019-09-20 05:37:10] spend time is: 320
[2019-09-20 05:37:10] spend time is: 320
[2019-09-20 05:37:10] spend time is: 320
[2019-09-20 05:37:10] spend time is: 320
[2019-09-20 05:37:10] spend time is: 320
[2019-09-20 05:37:20] spend time is: 330
[2019-09-20 05:37:20] spend time is: 330
[2019-09-20 05:37:20] spend time is: 330
[2019-09-20 05:37:20] spend time is: 330
[2019-09-20 05:37:20] spend time is: 330
[2019-09-20 05:37:20] spend time is: 330
[2019-09-20 05:37:20] spend time is: 330
[2019-09-20 05:37:30] spend time is: 340
[2019-09-20 05:37:30] spend time is: 340
[2019-09-20 05:37:30] spend time is: 340
[2019-09-20 05:37:30] spend time is: 340
[2019-09-20 05:37:30] spend time is: 340
[2019-09-20 05:37:30] spend time is: 340
[2019-09-20 05:37:30] spend time is: 340
[2019-09-20 05:37:40] spend time is: 350
[2019-09-20 05:37:40] spend time is: 350
[2019-09-20 05:37:40] spend time is: 350
[2019-09-20 05:37:40] spend time is: 350
[2019-09-20 05:37:40] spend time is: 350
[2019-09-20 05:37:40] spend time is: 350
[2019-09-20 05:37:40] spend time is: 350
[2019-09-20 05:37:45] k8s-spot-termination-handler-1.4.5.tgz update done.
[2019-09-20 05:37:47] kafka-manager-2.2.0.tgz update done.
[2019-09-20 05:37:50] spend time is: 360
[2019-09-20 05:37:50] spend time is: 360
[2019-09-20 05:37:50] spend time is: 360
[2019-09-20 05:37:50] spend time is: 360
[2019-09-20 05:37:50] spend time is: 360
[2019-09-20 05:37:50] spend time is: 360
[2019-09-20 05:37:50] spend time is: 360
[2019-09-20 05:37:50] spend time is: 360
[2019-09-20 05:38:00] spend time is: 370
[2019-09-20 05:38:00] spend time is: 370
[2019-09-20 05:38:00] spend time is: 370
[2019-09-20 05:38:00] spend time is: 370
[2019-09-20 05:38:00] spend time is: 370
[2019-09-20 05:38:00] spend time is: 370
[2019-09-20 05:38:00] spend time is: 370
[2019-09-20 05:38:10] spend time is: 380
[2019-09-20 05:38:10] spend time is: 380
[2019-09-20 05:38:10] spend time is: 380
[2019-09-20 05:38:10] spend time is: 380
[2019-09-20 05:38:10] spend time is: 380
[2019-09-20 05:38:10] spend time is: 380
[2019-09-20 05:38:10] spend time is: 380
[2019-09-20 05:38:10] spend time is: 380
[2019-09-20 05:38:13] kong-0.18.0.tgz update done.
[2019-09-20 05:38:20] spend time is: 390
[2019-09-20 05:38:20] spend time is: 390
[2019-09-20 05:38:20] spend time is: 390
[2019-09-20 05:38:20] spend time is: 390
[2019-09-20 05:38:20] spend time is: 390
[2019-09-20 05:38:20] spend time is: 390
[2019-09-20 05:38:20] spend time is: 390
[2019-09-20 05:38:20] spend time is: 390
[2019-09-20 05:38:26] kube-ops-view-1.1.0.tgz update done.
[2019-09-20 05:38:30] spend time is: 400
[2019-09-20 05:38:30] spend time is: 400
[2019-09-20 05:38:30] spend time is: 400
[2019-09-20 05:38:30] spend time is: 400
[2019-09-20 05:38:30] spend time is: 400
[2019-09-20 05:38:30] spend time is: 400
[2019-09-20 05:38:30] spend time is: 400
[2019-09-20 05:38:30] spend time is: 400
[2019-09-20 05:38:40] spend time is: 410
[2019-09-20 05:38:40] spend time is: 410
[2019-09-20 05:38:40] spend time is: 410
[2019-09-20 05:38:40] spend time is: 410
[2019-09-20 05:38:40] spend time is: 410
[2019-09-20 05:38:40] spend time is: 410
[2019-09-20 05:38:40] spend time is: 410
[2019-09-20 05:38:44] kubernetes-dashboard-1.9.0.tgz update done.
[2019-09-20 05:38:50] spend time is: 420
[2019-09-20 05:38:50] spend time is: 420
[2019-09-20 05:38:50] spend time is: 420
[2019-09-20 05:38:50] spend time is: 420
[2019-09-20 05:38:50] spend time is: 420
[2019-09-20 05:38:50] spend time is: 420
[2019-09-20 05:38:50] spend time is: 420
[2019-09-20 05:39:00] spend time is: 430
[2019-09-20 05:39:00] spend time is: 430
[2019-09-20 05:39:00] spend time is: 430
[2019-09-20 05:39:00] spend time is: 430
[2019-09-20 05:39:00] spend time is: 430
[2019-09-20 05:39:00] spend time is: 430
[2019-09-20 05:39:00] spend time is: 430
[2019-09-20 05:39:10] spend time is: 440
[2019-09-20 05:39:10] spend time is: 440
[2019-09-20 05:39:10] spend time is: 440
[2019-09-20 05:39:10] spend time is: 440
[2019-09-20 05:39:10] spend time is: 440
[2019-09-20 05:39:10] spend time is: 440
[2019-09-20 05:39:10] spend time is: 440
[2019-09-20 05:39:10] spend time is: 440
[2019-09-20 05:39:15] mariadb-6.9.0.tgz update done.
[2019-09-20 05:39:20] spend time is: 450
[2019-09-20 05:39:20] spend time is: 450
[2019-09-20 05:39:20] spend time is: 450
[2019-09-20 05:39:20] spend time is: 450
[2019-09-20 05:39:20] spend time is: 450
[2019-09-20 05:39:20] spend time is: 450
[2019-09-20 05:39:20] spend time is: 450
[2019-09-20 05:39:20] spend time is: 450
[2019-09-20 05:39:30] spend time is: 460
[2019-09-20 05:39:30] spend time is: 460
[2019-09-20 05:39:30] spend time is: 460
[2019-09-20 05:39:30] spend time is: 460
[2019-09-20 05:39:30] spend time is: 460
[2019-09-20 05:39:30] spend time is: 460
[2019-09-20 05:39:30] spend time is: 460
[2019-09-20 05:39:40] spend time is: 470
[2019-09-20 05:39:40] spend time is: 470
[2019-09-20 05:39:40] spend time is: 470
[2019-09-20 05:39:40] spend time is: 470
[2019-09-20 05:39:40] spend time is: 470
[2019-09-20 05:39:40] spend time is: 470
[2019-09-20 05:39:40] spend time is: 470
[2019-09-20 05:39:50] spend time is: 480
[2019-09-20 05:39:50] spend time is: 480
[2019-09-20 05:39:50] spend time is: 480
[2019-09-20 05:39:50] spend time is: 480
[2019-09-20 05:39:50] spend time is: 480
[2019-09-20 05:39:50] spend time is: 480
[2019-09-20 05:39:51] memcached-2.10.1.tgz update done.
[2019-09-20 05:39:51] spend time is: 480
[2019-09-20 05:40:00] spend time is: 490
[2019-09-20 05:40:00] spend time is: 490
[2019-09-20 05:40:00] spend time is: 490
[2019-09-20 05:40:00] spend time is: 490
[2019-09-20 05:40:00] spend time is: 490
[2019-09-20 05:40:00] spend time is: 490
[2019-09-20 05:40:00] spend time is: 490
[2019-09-20 05:40:00] spend time is: 490
[2019-09-20 05:40:10] spend time is: 500
[2019-09-20 05:40:10] spend time is: 500
[2019-09-20 05:40:10] spend time is: 500
[2019-09-20 05:40:10] minio-2.5.15.tgz update done.
[2019-09-20 05:40:10] spend time is: 500
[2019-09-20 05:40:10] minio-2.5.14.tgz update done.
[2019-09-20 05:40:10] spend time is: 500
[2019-09-20 05:40:20] spend time is: 510
[2019-09-20 05:40:20] spend time is: 510
[2019-09-20 05:40:20] spend time is: 510
[2019-09-20 05:40:20] spend time is: 510
[2019-09-20 05:40:20] spend time is: 510
[2019-09-20 05:40:20] spend time is: 510
[2019-09-20 05:40:20] spend time is: 510
[2019-09-20 05:40:20] spend time is: 510
[2019-09-20 05:40:30] spend time is: 520
[2019-09-20 05:40:30] spend time is: 520
[2019-09-20 05:40:30] spend time is: 520
[2019-09-20 05:40:30] spend time is: 520
[2019-09-20 05:40:30] spend time is: 520
[2019-09-20 05:40:30] spend time is: 520
[2019-09-20 05:40:30] spend time is: 520
[2019-09-20 05:40:30] spend time is: 520
[2019-09-20 05:40:40] spend time is: 530
[2019-09-20 05:40:40] spend time is: 530
[2019-09-20 05:40:40] spend time is: 530
[2019-09-20 05:40:40] spend time is: 530
[2019-09-20 05:40:40] spend time is: 530
[2019-09-20 05:40:40] spend time is: 530
[2019-09-20 05:40:40] spend time is: 530
[2019-09-20 05:40:46] mongodb-replicaset-3.10.1.tgz update done.
[2019-09-20 05:40:47] mongodb-replicaset-3.10.0.tgz update done.
[2019-09-20 05:40:50] spend time is: 540
[2019-09-20 05:40:50] spend time is: 540
[2019-09-20 05:40:50] spend time is: 540
[2019-09-20 05:40:50] spend time is: 540
[2019-09-20 05:40:50] spend time is: 540
[2019-09-20 05:40:50] spend time is: 540
[2019-09-20 05:40:50] spend time is: 540
[2019-09-20 05:40:50] spend time is: 540
[2019-09-20 05:41:00] spend time is: 550
[2019-09-20 05:41:00] spend time is: 550
[2019-09-20 05:41:00] spend time is: 550
[2019-09-20 05:41:00] spend time is: 550
[2019-09-20 05:41:00] spend time is: 550
[2019-09-20 05:41:00] spend time is: 550
[2019-09-20 05:41:00] spend time is: 550
[2019-09-20 05:41:00] spend time is: 550
[2019-09-20 05:41:10] spend time is: 560
[2019-09-20 05:41:10] spend time is: 560
[2019-09-20 05:41:10] spend time is: 560
[2019-09-20 05:41:10] spend time is: 560
[2019-09-20 05:41:10] spend time is: 560
[2019-09-20 05:41:10] spend time is: 560
[2019-09-20 05:41:10] spend time is: 560
[2019-09-20 05:41:10] spend time is: 560
[2019-09-20 05:41:20] spend time is: 570
[2019-09-20 05:41:20] spend time is: 570
[2019-09-20 05:41:20] spend time is: 570
[2019-09-20 05:41:20] spend time is: 570
[2019-09-20 05:41:20] spend time is: 570
[2019-09-20 05:41:20] spend time is: 570
[2019-09-20 05:41:20] spend time is: 570
[2019-09-20 05:41:30] spend time is: 580
[2019-09-20 05:41:30] spend time is: 580
[2019-09-20 05:41:30] spend time is: 580
[2019-09-20 05:41:30] spend time is: 580
[2019-09-20 05:41:30] spend time is: 580
[2019-09-20 05:41:30] spend time is: 580
[2019-09-20 05:41:30] spend time is: 580
[2019-09-20 05:41:30] spend time is: 580
[2019-09-20 05:41:40] spend time is: 590
[2019-09-20 05:41:40] spend time is: 590
[2019-09-20 05:41:40] spend time is: 590
[2019-09-20 05:41:40] spend time is: 590
[2019-09-20 05:41:40] spend time is: 590
[2019-09-20 05:41:40] spend time is: 590
[2019-09-20 05:41:40] spend time is: 590
[2019-09-20 05:41:50] spend time is: 600
Warning: Permanently added the RSA host key for IP address '140.82.114.4' to the list of known hosts.
Already up to date.
[gh-pages 1a40346] Synchronizing completion at 2019-09-20
 15 files changed, 246 insertions(+), 1 deletion(-)
 create mode 100644 jenkins-1.7.1.tgz
 create mode 100644 jenkins-1.7.2.tgz
 create mode 100644 k8s-spot-termination-handler-1.4.5.tgz
 create mode 100644 kafka-manager-2.2.0.tgz
 create mode 100644 kong-0.18.0.tgz
 rewrite kube-ops-view-1.1.0.tgz (99%)
 create mode 100644 kubernetes-dashboard-1.9.0.tgz
 create mode 100644 mariadb-6.9.0.tgz
 create mode 100644 memcached-2.10.1.tgz
 create mode 100644 minio-2.5.14.tgz
 create mode 100644 minio-2.5.15.tgz
 create mode 100644 mongodb-replicaset-3.10.0.tgz
 create mode 100644 mongodb-replicaset-3.10.1.tgz
To github.com:babyshen/helm-charts-mirror.git
   8d17308..1a40346  gh-pages -> gh-pages
Branch 'gh-pages' set up to track remote branch 'gh-pages' from 'origin'.
[2019-09-20 05:42:00] spend time is: 610
[2019-09-20 05:42:00] spend time is: 610
[2019-09-20 05:42:00] spend time is: 610
[2019-09-20 05:42:00] spend time is: 610
[2019-09-20 05:42:00] spend time is: 610
[2019-09-20 05:42:00] spend time is: 610
[2019-09-20 05:42:00] spend time is: 610
[2019-09-20 05:42:06] node-problem-detector-1.6.0.tgz update done.
[2019-09-20 05:42:08] node-red-1.3.3.tgz update done.
[2019-09-20 05:42:08] node-red-1.3.2.tgz update done.
[2019-09-20 05:42:10] spend time is: 620
[2019-09-20 05:42:10] spend time is: 620
[2019-09-20 05:42:10] spend time is: 620
[2019-09-20 05:42:10] spend time is: 620
[2019-09-20 05:42:10] spend time is: 620
[2019-09-20 05:42:10] spend time is: 620
[2019-09-20 05:42:10] spend time is: 620
[2019-09-20 05:42:10] spend time is: 620
[2019-09-20 05:42:13] odoo-11.1.5.tgz update done.
[2019-09-20 05:42:20] spend time is: 630
[2019-09-20 05:42:20] spend time is: 630
[2019-09-20 05:42:20] spend time is: 630
[2019-09-20 05:42:20] spend time is: 630
[2019-09-20 05:42:20] spend time is: 630
[2019-09-20 05:42:20] spend time is: 630
[2019-09-20 05:42:20] spend time is: 630
[2019-09-20 05:42:30] spend time is: 640
[2019-09-20 05:42:30] spend time is: 640
[2019-09-20 05:42:30] spend time is: 640
[2019-09-20 05:42:30] spend time is: 640
[2019-09-20 05:42:30] spend time is: 640
[2019-09-20 05:42:30] spend time is: 640
[2019-09-20 05:42:30] spend time is: 640
[2019-09-20 05:42:40] spend time is: 650
[2019-09-20 05:42:40] spend time is: 650
[2019-09-20 05:42:40] spend time is: 650
[2019-09-20 05:42:40] spend time is: 650
[2019-09-20 05:42:40] spend time is: 650
[2019-09-20 05:42:40] spend time is: 650
[2019-09-20 05:42:40] spend time is: 650
[2019-09-20 05:42:50] spend time is: 660
[2019-09-20 05:42:50] spend time is: 660
[2019-09-20 05:42:50] spend time is: 660
[2019-09-20 05:42:50] spend time is: 660
[2019-09-20 05:42:50] spend time is: 660
[2019-09-20 05:42:50] spend time is: 660
[2019-09-20 05:42:50] spend time is: 660
[2019-09-20 05:43:00] spend time is: 670
[2019-09-20 05:43:00] spend time is: 670
[2019-09-20 05:43:00] spend time is: 670
[2019-09-20 05:43:00] spend time is: 670
[2019-09-20 05:43:00] spend time is: 670
[2019-09-20 05:43:00] spend time is: 670
[2019-09-20 05:43:00] spend time is: 670
[2019-09-20 05:43:10] spend time is: 680
[2019-09-20 05:43:10] spend time is: 680
[2019-09-20 05:43:10] spend time is: 680
[2019-09-20 05:43:10] spend time is: 680
[2019-09-20 05:43:10] spend time is: 680
[2019-09-20 05:43:10] spend time is: 680
[2019-09-20 05:43:10] spend time is: 680
[2019-09-20 05:43:10] spend time is: 680
[2019-09-20 05:43:20] spend time is: 690
[2019-09-20 05:43:20] spend time is: 690
[2019-09-20 05:43:20] spend time is: 690
[2019-09-20 05:43:20] spend time is: 690
[2019-09-20 05:43:20] spend time is: 690
[2019-09-20 05:43:20] spend time is: 690
[2019-09-20 05:43:20] spend time is: 690
[2019-09-20 05:43:24] parse-10.0.0.tgz update done.
[2019-09-20 05:43:30] spend time is: 700
[2019-09-20 05:43:30] spend time is: 700
[2019-09-20 05:43:30] spend time is: 700
[2019-09-20 05:43:30] spend time is: 700
[2019-09-20 05:43:30] spend time is: 700
[2019-09-20 05:43:30] spend time is: 700
[2019-09-20 05:43:30] spend time is: 700
[2019-09-20 05:43:38] percona-xtradb-cluster-1.0.2.tgz update done.
[2019-09-20 05:43:40] spend time is: 710
[2019-09-20 05:43:40] spend time is: 710
[2019-09-20 05:43:40] spend time is: 710
[2019-09-20 05:43:40] spend time is: 710
[2019-09-20 05:43:40] spend time is: 710
[2019-09-20 05:43:40] spend time is: 710
[2019-09-20 05:43:40] spend time is: 710
[2019-09-20 05:43:40] spend time is: 710
[2019-09-20 05:43:41] phabricator-7.0.7.tgz update done.
[2019-09-20 05:43:50] spend time is: 720
[2019-09-20 05:43:50] spend time is: 720
[2019-09-20 05:43:50] spend time is: 720
[2019-09-20 05:43:50] spend time is: 720
[2019-09-20 05:43:50] spend time is: 720
[2019-09-20 05:43:50] spend time is: 720
[2019-09-20 05:43:50] spend time is: 720
[2019-09-20 05:43:50] spend time is: 720
[2019-09-20 05:44:00] spend time is: 730
[2019-09-20 05:44:00] spend time is: 730
[2019-09-20 05:44:00] spend time is: 730
[2019-09-20 05:44:00] spend time is: 730
[2019-09-20 05:44:00] spend time is: 730
[2019-09-20 05:44:00] spend time is: 730
[2019-09-20 05:44:00] spend time is: 730
[2019-09-20 05:44:10] spend time is: 740
[2019-09-20 05:44:10] spend time is: 740
[2019-09-20 05:44:10] spend time is: 740
[2019-09-20 05:44:10] spend time is: 740
[2019-09-20 05:44:10] spend time is: 740
[2019-09-20 05:44:10] spend time is: 740
[2019-09-20 05:44:10] spend time is: 740
[2019-09-20 05:44:18] postgresql-6.3.7.tgz update done.
[2019-09-20 05:44:20] spend time is: 750
[2019-09-20 05:44:20] spend time is: 750
[2019-09-20 05:44:20] spend time is: 750
[2019-09-20 05:44:20] spend time is: 750
[2019-09-20 05:44:20] spend time is: 750
[2019-09-20 05:44:20] spend time is: 750
[2019-09-20 05:44:20] spend time is: 750
[2019-09-20 05:44:20] spend time is: 750
[2019-09-20 05:44:30] spend time is: 760
[2019-09-20 05:44:30] spend time is: 760
[2019-09-20 05:44:30] spend time is: 760
[2019-09-20 05:44:30] spend time is: 760
[2019-09-20 05:44:30] spend time is: 760
[2019-09-20 05:44:30] spend time is: 760
[2019-09-20 05:44:30] spend time is: 760
[2019-09-20 05:44:40] spend time is: 770
[2019-09-20 05:44:40] spend time is: 770
[2019-09-20 05:44:40] spend time is: 770
[2019-09-20 05:44:40] spend time is: 770
[2019-09-20 05:44:40] spend time is: 770
[2019-09-20 05:44:40] spend time is: 770
[2019-09-20 05:44:40] spend time is: 770
[2019-09-20 05:44:40] spend time is: 770
[2019-09-20 05:44:50] spend time is: 780
[2019-09-20 05:44:50] spend time is: 780
[2019-09-20 05:44:50] spend time is: 780
[2019-09-20 05:44:50] spend time is: 780
[2019-09-20 05:44:50] spend time is: 780
[2019-09-20 05:44:50] spend time is: 780
[2019-09-20 05:44:50] spend time is: 780
[2019-09-20 05:45:00] spend time is: 790
[2019-09-20 05:45:00] spend time is: 790
[2019-09-20 05:45:00] spend time is: 790
[2019-09-20 05:45:00] spend time is: 790
[2019-09-20 05:45:00] spend time is: 790
[2019-09-20 05:45:00] spend time is: 790
[2019-09-20 05:45:00] spend time is: 790
[2019-09-20 05:45:01] spend time is: 790
[2019-09-20 05:45:10] spend time is: 800
[2019-09-20 05:45:10] spend time is: 800
[2019-09-20 05:45:10] spend time is: 800
[2019-09-20 05:45:10] spend time is: 800
[2019-09-20 05:45:10] spend time is: 800
[2019-09-20 05:45:10] spend time is: 800
[2019-09-20 05:45:10] spend time is: 800
[2019-09-20 05:45:20] spend time is: 810
[2019-09-20 05:45:20] spend time is: 810
[2019-09-20 05:45:20] spend time is: 810
[2019-09-20 05:45:20] spend time is: 810
[2019-09-20 05:45:20] spend time is: 810
[2019-09-20 05:45:20] spend time is: 810
[2019-09-20 05:45:20] spend time is: 810
[2019-09-20 05:45:20] spend time is: 810
[2019-09-20 05:45:30] spend time is: 820
[2019-09-20 05:45:30] spend time is: 820
[2019-09-20 05:45:30] spend time is: 820
[2019-09-20 05:45:30] spend time is: 820
[2019-09-20 05:45:30] spend time is: 820
[2019-09-20 05:45:30] spend time is: 820
[2019-09-20 05:45:30] spend time is: 820
[2019-09-20 05:45:33] prometheus-operator-6.11.0.tgz update done.
[2019-09-20 05:45:40] spend time is: 830
[2019-09-20 05:45:40] spend time is: 830
[2019-09-20 05:45:40] spend time is: 830
[2019-09-20 05:45:40] spend time is: 830
[2019-09-20 05:45:40] spend time is: 830
[2019-09-20 05:45:40] spend time is: 830
[2019-09-20 05:45:40] spend time is: 830
[2019-09-20 05:45:50] spend time is: 840
[2019-09-20 05:45:50] spend time is: 840
[2019-09-20 05:45:50] spend time is: 840
[2019-09-20 05:45:50] spend time is: 840
[2019-09-20 05:45:50] spend time is: 840
[2019-09-20 05:45:50] spend time is: 840
[2019-09-20 05:45:50] spend time is: 840
[2019-09-20 05:46:00] spend time is: 850
[2019-09-20 05:46:00] spend time is: 850
[2019-09-20 05:46:00] spend time is: 850
[2019-09-20 05:46:00] spend time is: 850
[2019-09-20 05:46:00] spend time is: 850
[2019-09-20 05:46:00] spend time is: 850
[2019-09-20 05:46:00] spend time is: 850
[2019-09-20 05:46:00] spend time is: 850
[2019-09-20 05:46:05] rabbitmq-6.7.2.tgz update done.
[2019-09-20 05:46:05] rabbitmq-6.7.1.tgz update done.
[2019-09-20 05:46:05] rabbitmq-6.7.0.tgz update done.
[2019-09-20 05:46:06] rabbitmq-6.6.0.tgz update done.
[2019-09-20 05:46:06] rabbitmq-6.5.0.tgz update done.
[2019-09-20 05:46:10] spend time is: 860
[2019-09-20 05:46:10] spend time is: 860
[2019-09-20 05:46:10] spend time is: 860
[2019-09-20 05:46:10] spend time is: 860
[2019-09-20 05:46:10] spend time is: 860
[2019-09-20 05:46:10] spend time is: 860
[2019-09-20 05:46:10] spend time is: 860
[2019-09-20 05:46:20] spend time is: 870
[2019-09-20 05:46:20] spend time is: 870
[2019-09-20 05:46:20] spend time is: 870
[2019-09-20 05:46:20] spend time is: 870
[2019-09-20 05:46:20] spend time is: 870
[2019-09-20 05:46:20] spend time is: 870
[2019-09-20 05:46:20] spend time is: 870
[2019-09-20 05:46:20] spend time is: 870
[2019-09-20 05:46:28] rabbitmq-ha-1.32.3.tgz update done.
[2019-09-20 05:46:28] rabbitmq-ha-1.32.2.tgz update done.
[2019-09-20 05:46:28] rabbitmq-ha-1.32.1.tgz update done.
[2019-09-20 05:46:30] spend time is: 880
[2019-09-20 05:46:30] spend time is: 880
[2019-09-20 05:46:30] spend time is: 880
[2019-09-20 05:46:30] spend time is: 880
[2019-09-20 05:46:30] spend time is: 880
[2019-09-20 05:46:30] spend time is: 880
[2019-09-20 05:46:30] spend time is: 880
[2019-09-20 05:46:39] redis-9.1.11.tgz update done.
[2019-09-20 05:46:40] spend time is: 890
[2019-09-20 05:46:40] spend time is: 890
[2019-09-20 05:46:40] spend time is: 890
[2019-09-20 05:46:40] spend time is: 890
[2019-09-20 05:46:40] spend time is: 890
[2019-09-20 05:46:40] spend time is: 890
[2019-09-20 05:46:40] spend time is: 890
[2019-09-20 05:46:50] spend time is: 900
Already up to date.
[gh-pages e7e79a8] Synchronizing completion at 2019-09-20
 20 files changed, 252 insertions(+), 1 deletion(-)
 create mode 100644 node-problem-detector-1.6.0.tgz
 create mode 100644 node-red-1.3.2.tgz
 create mode 100644 node-red-1.3.3.tgz
 create mode 100644 odoo-11.1.5.tgz
 create mode 100644 parse-10.0.0.tgz
 create mode 100644 percona-xtradb-cluster-1.0.2.tgz
 create mode 100644 phabricator-7.0.7.tgz
 create mode 100644 postgresql-6.3.7.tgz
 create mode 100644 rabbitmq-6.5.0.tgz
 create mode 100644 rabbitmq-6.6.0.tgz
 create mode 100644 rabbitmq-6.7.0.tgz
 create mode 100644 rabbitmq-6.7.1.tgz
 create mode 100644 rabbitmq-6.7.2.tgz
 create mode 100644 rabbitmq-ha-1.32.1.tgz
 create mode 100644 rabbitmq-ha-1.32.2.tgz
 create mode 100644 rabbitmq-ha-1.32.3.tgz
 create mode 100644 redis-9.1.11.tgz
To github.com:babyshen/helm-charts-mirror.git
   1a40346..e7e79a8  gh-pages -> gh-pages
Branch 'gh-pages' set up to track remote branch 'gh-pages' from 'origin'.
[2019-09-20 05:47:00] spend time is: 910
[2019-09-20 05:47:00] spend time is: 910
[2019-09-20 05:47:00] spend time is: 910
[2019-09-20 05:47:00] spend time is: 910
[2019-09-20 05:47:00] spend time is: 910
[2019-09-20 05:47:00] spend time is: 910
[2019-09-20 05:47:00] spend time is: 910
[2019-09-20 05:47:10] redis-ha-3.7.9.tgz update done.
[2019-09-20 05:47:10] redis-ha-3.7.8.tgz update done.
[2019-09-20 05:47:10] spend time is: 920
[2019-09-20 05:47:10] spend time is: 920
[2019-09-20 05:47:10] spend time is: 920
[2019-09-20 05:47:10] spend time is: 920
[2019-09-20 05:47:10] spend time is: 920
[2019-09-20 05:47:18] redmine-12.2.5.tgz update done.
[2019-09-20 05:47:20] spend time is: 930
[2019-09-20 05:47:20] spend time is: 930
[2019-09-20 05:47:20] spend time is: 930
[2019-09-20 05:47:20] spend time is: 930
[2019-09-20 05:47:20] spend time is: 930
[2019-09-20 05:47:20] spend time is: 930
[2019-09-20 05:47:20] spend time is: 930
[2019-09-20 05:47:30] spend time is: 940
[2019-09-20 05:47:30] spend time is: 940
[2019-09-20 05:47:30] spend time is: 940
[2019-09-20 05:47:30] spend time is: 940
[2019-09-20 05:47:30] spend time is: 940
[2019-09-20 05:47:30] spend time is: 940
[2019-09-20 05:47:30] spend time is: 940
[2019-09-20 05:47:30] spend time is: 940
[2019-09-20 05:47:40] spend time is: 950
[2019-09-20 05:47:40] spend time is: 950
[2019-09-20 05:47:40] spend time is: 950
[2019-09-20 05:47:40] spend time is: 950
[2019-09-20 05:47:40] spend time is: 950
[2019-09-20 05:47:40] spend time is: 950
[2019-09-20 05:47:40] spend time is: 950
[2019-09-20 05:47:41] spend time is: 950
[2019-09-20 05:47:48] sematext-agent-1.0.18.tgz update done.
[2019-09-20 05:47:48] sematext-agent-1.0.17.tgz update done.
[2019-09-20 05:47:50] spend time is: 960
[2019-09-20 05:47:50] spend time is: 960
[2019-09-20 05:47:50] spend time is: 960
[2019-09-20 05:47:50] spend time is: 960
[2019-09-20 05:47:50] spend time is: 960
[2019-09-20 05:47:50] spend time is: 960
[2019-09-20 05:47:50] spend time is: 960
[2019-09-20 05:47:53] sentry-2.1.2.tgz update done.
[2019-09-20 05:47:53] sentry-2.1.1.tgz update done.
[2019-09-20 05:48:00] spend time is: 970
[2019-09-20 05:48:00] spend time is: 970
[2019-09-20 05:48:00] spend time is: 970
[2019-09-20 05:48:00] spend time is: 970
[2019-09-20 05:48:00] spend time is: 970
[2019-09-20 05:48:00] spend time is: 970
[2019-09-20 05:48:00] spend time is: 970
[2019-09-20 05:48:02] sonarqube-2.3.0.tgz update done.
[2019-09-20 05:48:02] sonarqube-2.2.0.tgz update done.
[2019-09-20 05:48:10] spend time is: 980
[2019-09-20 05:48:10] spend time is: 980
[2019-09-20 05:48:10] spend time is: 980
[2019-09-20 05:48:10] spend time is: 980
[2019-09-20 05:48:10] spend time is: 980
[2019-09-20 05:48:10] spend time is: 980
[2019-09-20 05:48:10] spend time is: 980
[2019-09-20 05:48:10] spend time is: 980
[2019-09-20 05:48:20] spend time is: 990
[2019-09-20 05:48:20] spend time is: 990
[2019-09-20 05:48:20] spend time is: 990
[2019-09-20 05:48:20] spend time is: 990
[2019-09-20 05:48:20] spend time is: 990
[2019-09-20 05:48:20] spend time is: 990
[2019-09-20 05:48:20] spend time is: 990
[2019-09-20 05:48:20] spend time is: 990
[2019-09-20 05:48:30] spend time is: 1000
[2019-09-20 05:48:30] spend time is: 1000
[2019-09-20 05:48:30] spend time is: 1000
[2019-09-20 05:48:30] spend time is: 1000
[2019-09-20 05:48:30] spend time is: 1000
[2019-09-20 05:48:30] spend time is: 1000
[2019-09-20 05:48:30] spend time is: 1000
[2019-09-20 05:48:33] spring-cloud-data-flow-2.4.3.tgz update done.
[2019-09-20 05:48:40] spend time is: 1010
[2019-09-20 05:48:40] spend time is: 1010
[2019-09-20 05:48:40] spend time is: 1010
[2019-09-20 05:48:40] spend time is: 1010
[2019-09-20 05:48:40] spend time is: 1010
[2019-09-20 05:48:40] spend time is: 1010
[2019-09-20 05:48:40] spend time is: 1010
[2019-09-20 05:48:40] spend time is: 1010
[2019-09-20 05:48:50] spend time is: 1020
[2019-09-20 05:48:50] spend time is: 1020
[2019-09-20 05:48:50] spend time is: 1020
[2019-09-20 05:48:50] spend time is: 1020
[2019-09-20 05:48:50] spend time is: 1020
[2019-09-20 05:48:50] spend time is: 1020
[2019-09-20 05:48:50] spend time is: 1020
[2019-09-20 05:48:50] spend time is: 1020
[2019-09-20 05:48:55] sumologic-fluentd-1.1.1.tgz update done.
[2019-09-20 05:49:00] spend time is: 1030
[2019-09-20 05:49:00] spend time is: 1030
[2019-09-20 05:49:00] spend time is: 1030
[2019-09-20 05:49:00] spend time is: 1030
[2019-09-20 05:49:00] spend time is: 1030
[2019-09-20 05:49:00] spend time is: 1030
[2019-09-20 05:49:00] spend time is: 1030
[2019-09-20 05:49:01] sysdig-1.4.16.tgz update done.
[2019-09-20 05:49:09] testlink-6.3.0.tgz update done.
[2019-09-20 05:49:10] spend time is: 1040
[2019-09-20 05:49:10] spend time is: 1040
[2019-09-20 05:49:10] spend time is: 1040
[2019-09-20 05:49:10] spend time is: 1040
[2019-09-20 05:49:10] spend time is: 1040
[2019-09-20 05:49:10] spend time is: 1040
[2019-09-20 05:49:10] spend time is: 1040
[2019-09-20 05:49:10] spend time is: 1040
[2019-09-20 05:49:19] traefik-1.78.2.tgz update done.
[2019-09-20 05:49:20] traefik-1.78.1.tgz update done.
[2019-09-20 05:49:20] spend time is: 1050
[2019-09-20 05:49:20] spend time is: 1050
[2019-09-20 05:49:20] spend time is: 1050
[2019-09-20 05:49:20] spend time is: 1050
[2019-09-20 05:49:20] spend time is: 1050
[2019-09-20 05:49:20] spend time is: 1050
[2019-09-20 05:49:30] spend time is: 1060
[2019-09-20 05:49:30] spend time is: 1060
[2019-09-20 05:49:30] spend time is: 1060
[2019-09-20 05:49:30] spend time is: 1060
[2019-09-20 05:49:30] spend time is: 1060
[2019-09-20 05:49:30] spend time is: 1060
[2019-09-20 05:49:30] spend time is: 1060
[2019-09-20 05:49:40] spend time is: 1070
[2019-09-20 05:49:40] spend time is: 1070
[2019-09-20 05:49:40] spend time is: 1070
[2019-09-20 05:49:40] spend time is: 1070
[2019-09-20 05:49:40] spend time is: 1070
[2019-09-20 05:49:40] spend time is: 1070
[2019-09-20 05:49:40] spend time is: 1070
[2019-09-20 05:49:40] spend time is: 1070
[2019-09-20 05:49:50] spend time is: 1080
[2019-09-20 05:49:50] spend time is: 1080
[2019-09-20 05:49:50] spend time is: 1080
[2019-09-20 05:49:50] spend time is: 1080
[2019-09-20 05:49:50] spend time is: 1080
[2019-09-20 05:49:50] spend time is: 1080
[2019-09-20 05:49:50] spend time is: 1080
[2019-09-20 05:49:50] spend time is: 1080
[2019-09-20 05:49:57] wordpress-7.3.5.tgz update done.
[2019-09-20 05:50:00] spend time is: 1090
[2019-09-20 05:50:00] spend time is: 1090
[2019-09-20 05:50:00] spend time is: 1090
[2019-09-20 05:50:00] spend time is: 1090
[2019-09-20 05:50:00] spend time is: 1090
[2019-09-20 05:50:00] spend time is: 1090
[2019-09-20 05:50:00] spend time is: 1090
[2019-09-20 05:50:01] spend time is: 1090
[2019-09-20 05:50:10] spend time is: 1100
[2019-09-20 05:50:10] spend time is: 1100
[2019-09-20 05:50:10] spend time is: 1100
[2019-09-20 05:50:10] spend time is: 1100
[2019-09-20 05:50:10] spend time is: 1100
[2019-09-20 05:50:10] spend time is: 1100
[2019-09-20 05:50:10] spend time is: 1100
[2019-09-20 05:50:18] xray-0.4.2.tgz update done.
[2019-09-20 05:50:20] spend time is: 1110
[2019-09-20 05:50:20] spend time is: 1110
[2019-09-20 05:50:20] spend time is: 1110
[2019-09-20 05:50:20] spend time is: 1110
[2019-09-20 05:50:20] spend time is: 1110
Warning: Permanently added the RSA host key for IP address '192.30.253.113' to the list of known hosts.
Already up to date.
