Fetching origin
Warning: Permanently added the RSA host key for IP address '140.82.113.3' to the list of known hosts.
From github.com:babyshen/helm-charts-mirror
 * [new branch]      gh-pages   -> origin/gh-pages
 * [new branch]      master     -> origin/master
Previous HEAD position was 6f4bc38 restore bug
Switched to a new branch 'gh-pages'
Branch 'gh-pages' set up to track remote branch 'gh-pages' from 'origin'.
Already up to date.
Branch 'gh-pages' set up to track remote branch 'gh-pages' from 'origin'.
  % Total    % Received % Xferd  Average Speed   Time    Time     Time  Current
                                 Dload  Upload   Total   Spent    Left  Speed
  0     0    0     0    0     0      0      0 --:--:-- --:--:-- --:--:--     0100 6585k  100 6585k    0     0  74.9M      0 --:--:-- --:--:-- --:--:-- 75.6M
[2019-10-22 05:49:58] airflow-4.1.3.tgz update done.
[2019-10-22 05:49:58] airflow-4.1.2.tgz update done.
[2019-10-22 05:50:05] spend time is: 60
[2019-10-22 05:50:05] spend time is: 60
[2019-10-22 05:50:05] spend time is: 60
[2019-10-22 05:50:05] spend time is: 60
[2019-10-22 05:50:05] ambassador-4.4.1.tgz update done.
[2019-10-22 05:50:05] spend time is: 60
[2019-10-22 05:50:05] spend time is: 60
[2019-10-22 05:50:05] spend time is: 60
[2019-10-22 05:50:05] spend time is: 60
[2019-10-22 05:50:05] spend time is: 60
[2019-10-22 05:50:15] spend time is: 70
[2019-10-22 05:50:15] spend time is: 70
[2019-10-22 05:50:15] spend time is: 70
[2019-10-22 05:50:15] spend time is: 70
[2019-10-22 05:50:15] spend time is: 70
[2019-10-22 05:50:15] spend time is: 70
[2019-10-22 05:50:15] spend time is: 70
[2019-10-22 05:50:15] spend time is: 70
[2019-10-22 05:50:15] spend time is: 70
[2019-10-22 05:50:15] spend time is: 70
[2019-10-22 05:50:25] spend time is: 80
[2019-10-22 05:50:25] spend time is: 80
[2019-10-22 05:50:25] spend time is: 80
[2019-10-22 05:50:25] spend time is: 80
[2019-10-22 05:50:25] spend time is: 80
[2019-10-22 05:50:25] spend time is: 80
[2019-10-22 05:50:25] spend time is: 80
[2019-10-22 05:50:25] spend time is: 80
[2019-10-22 05:50:25] spend time is: 80
[2019-10-22 05:50:25] spend time is: 80
[2019-10-22 05:50:35] spend time is: 90
[2019-10-22 05:50:35] spend time is: 90
[2019-10-22 05:50:35] spend time is: 90
[2019-10-22 05:50:35] spend time is: 90
[2019-10-22 05:50:35] spend time is: 90
[2019-10-22 05:50:35] spend time is: 90
[2019-10-22 05:50:35] spend time is: 90
[2019-10-22 05:50:35] spend time is: 90
[2019-10-22 05:50:35] spend time is: 90
[2019-10-22 05:50:45] spend time is: 100
[2019-10-22 05:50:45] spend time is: 100
[2019-10-22 05:50:45] spend time is: 100
[2019-10-22 05:50:45] spend time is: 100
[2019-10-22 05:50:45] spend time is: 100
[2019-10-22 05:50:45] spend time is: 100
[2019-10-22 05:50:45] spend time is: 100
[2019-10-22 05:50:45] spend time is: 100
[2019-10-22 05:50:45] spend time is: 100
[2019-10-22 05:50:45] spend time is: 100
[2019-10-22 05:50:45] spend time is: 100
[2019-10-22 05:50:55] spend time is: 110
[2019-10-22 05:50:55] spend time is: 110
[2019-10-22 05:50:55] spend time is: 110
[2019-10-22 05:50:55] spend time is: 110
[2019-10-22 05:50:55] spend time is: 110
[2019-10-22 05:50:55] spend time is: 110
[2019-10-22 05:50:55] spend time is: 110
[2019-10-22 05:50:55] spend time is: 110
[2019-10-22 05:50:55] spend time is: 110
[2019-10-22 05:50:56] spend time is: 110
[2019-10-22 05:51:05] spend time is: 120
[2019-10-22 05:51:05] spend time is: 120
[2019-10-22 05:51:05] spend time is: 120
[2019-10-22 05:51:05] spend time is: 120
[2019-10-22 05:51:05] spend time is: 120
[2019-10-22 05:51:05] spend time is: 120
[2019-10-22 05:51:05] spend time is: 120
[2019-10-22 05:51:05] spend time is: 120
[2019-10-22 05:51:05] spend time is: 120
[2019-10-22 05:51:05] spend time is: 120
[2019-10-22 05:51:14] consul-3.9.2.tgz update done.
[2019-10-22 05:51:15] spend time is: 130
[2019-10-22 05:51:15] spend time is: 130
[2019-10-22 05:51:15] spend time is: 130
[2019-10-22 05:51:15] spend time is: 130
[2019-10-22 05:51:15] spend time is: 130
[2019-10-22 05:51:15] spend time is: 130
[2019-10-22 05:51:15] spend time is: 130
[2019-10-22 05:51:15] spend time is: 130
[2019-10-22 05:51:15] spend time is: 130
[2019-10-22 05:51:25] spend time is: 140
[2019-10-22 05:51:25] spend time is: 140
[2019-10-22 05:51:25] spend time is: 140
[2019-10-22 05:51:25] spend time is: 140
[2019-10-22 05:51:25] spend time is: 140
[2019-10-22 05:51:25] spend time is: 140
[2019-10-22 05:51:25] spend time is: 140
[2019-10-22 05:51:25] spend time is: 140
[2019-10-22 05:51:25] spend time is: 140
[2019-10-22 05:51:35] spend time is: 150
[2019-10-22 05:51:35] spend time is: 150
[2019-10-22 05:51:35] spend time is: 150
[2019-10-22 05:51:35] spend time is: 150
[2019-10-22 05:51:35] spend time is: 150
[2019-10-22 05:51:35] spend time is: 150
[2019-10-22 05:51:35] spend time is: 150
[2019-10-22 05:51:35] spend time is: 150
[2019-10-22 05:51:35] spend time is: 150
[2019-10-22 05:51:35] spend time is: 150
[2019-10-22 05:51:35] spend time is: 150
[2019-10-22 05:51:35] spend time is: 150
[2019-10-22 05:51:44] distributed-tensorflow-0.1.2.tgz update done.
[2019-10-22 05:51:45] spend time is: 160
[2019-10-22 05:51:45] spend time is: 160
[2019-10-22 05:51:45] spend time is: 160
[2019-10-22 05:51:45] spend time is: 160
[2019-10-22 05:51:45] spend time is: 160
[2019-10-22 05:51:45] spend time is: 160
[2019-10-22 05:51:45] spend time is: 160
[2019-10-22 05:51:45] spend time is: 160
[2019-10-22 05:51:45] spend time is: 160
[2019-10-22 05:51:55] spend time is: 170
[2019-10-22 05:51:55] spend time is: 170
[2019-10-22 05:51:55] spend time is: 170
[2019-10-22 05:51:55] spend time is: 170
[2019-10-22 05:51:55] spend time is: 170
[2019-10-22 05:51:55] spend time is: 170
[2019-10-22 05:51:55] spend time is: 170
[2019-10-22 05:51:55] spend time is: 170
[2019-10-22 05:51:55] spend time is: 170
[2019-10-22 05:51:55] spend time is: 170
[2019-10-22 05:52:05] spend time is: 180
[2019-10-22 05:52:05] spend time is: 180
[2019-10-22 05:52:05] spend time is: 180
[2019-10-22 05:52:05] spend time is: 180
[2019-10-22 05:52:05] spend time is: 180
[2019-10-22 05:52:05] spend time is: 180
[2019-10-22 05:52:05] spend time is: 180
[2019-10-22 05:52:05] spend time is: 180
[2019-10-22 05:52:05] spend time is: 180
[2019-10-22 05:52:05] spend time is: 180
[2019-10-22 05:52:15] spend time is: 190
[2019-10-22 05:52:15] spend time is: 190
[2019-10-22 05:52:15] spend time is: 190
[2019-10-22 05:52:15] spend time is: 190
[2019-10-22 05:52:15] spend time is: 190
[2019-10-22 05:52:15] spend time is: 190
[2019-10-22 05:52:15] spend time is: 190
[2019-10-22 05:52:15] spend time is: 190
[2019-10-22 05:52:16] elastic-stack-1.8.0.tgz update done.
[2019-10-22 05:52:25] spend time is: 200
[2019-10-22 05:52:25] spend time is: 200
[2019-10-22 05:52:25] spend time is: 200
[2019-10-22 05:52:25] spend time is: 200
[2019-10-22 05:52:25] spend time is: 200
[2019-10-22 05:52:25] spend time is: 200
[2019-10-22 05:52:25] spend time is: 200
[2019-10-22 05:52:25] spend time is: 200
[2019-10-22 05:52:25] spend time is: 200
[2019-10-22 05:52:28] envoy-1.7.0.tgz update done.
[2019-10-22 05:52:35] spend time is: 210
[2019-10-22 05:52:35] spend time is: 210
[2019-10-22 05:52:35] spend time is: 210
[2019-10-22 05:52:35] spend time is: 210
[2019-10-22 05:52:35] spend time is: 210
[2019-10-22 05:52:35] spend time is: 210
[2019-10-22 05:52:35] spend time is: 210
[2019-10-22 05:52:35] spend time is: 210
[2019-10-22 05:52:35] spend time is: 210
[2019-10-22 05:52:45] spend time is: 220
[2019-10-22 05:52:45] spend time is: 220
[2019-10-22 05:52:45] spend time is: 220
[2019-10-22 05:52:45] spend time is: 220
[2019-10-22 05:52:45] spend time is: 220
[2019-10-22 05:52:45] spend time is: 220
[2019-10-22 05:52:45] spend time is: 220
[2019-10-22 05:52:45] spend time is: 220
[2019-10-22 05:52:55] spend time is: 230
[2019-10-22 05:52:55] spend time is: 230
[2019-10-22 05:52:55] spend time is: 230
[2019-10-22 05:52:55] spend time is: 230
[2019-10-22 05:52:55] spend time is: 230
[2019-10-22 05:52:55] spend time is: 230
[2019-10-22 05:52:55] spend time is: 230
[2019-10-22 05:52:55] spend time is: 230
[2019-10-22 05:53:05] spend time is: 240
[2019-10-22 05:53:05] spend time is: 240
[2019-10-22 05:53:05] spend time is: 240
[2019-10-22 05:53:05] spend time is: 240
[2019-10-22 05:53:05] spend time is: 240
[2019-10-22 05:53:05] spend time is: 240
[2019-10-22 05:53:05] spend time is: 240
[2019-10-22 05:53:05] spend time is: 240
[2019-10-22 05:53:05] spend time is: 240
[2019-10-22 05:53:15] spend time is: 250
[2019-10-22 05:53:15] spend time is: 250
[2019-10-22 05:53:15] spend time is: 250
[2019-10-22 05:53:15] spend time is: 250
[2019-10-22 05:53:15] spend time is: 250
[2019-10-22 05:53:15] spend time is: 250
[2019-10-22 05:53:15] spend time is: 250
[2019-10-22 05:53:15] spend time is: 250
[2019-10-22 05:53:16] spend time is: 250
[2019-10-22 05:53:25] spend time is: 260
[2019-10-22 05:53:25] spend time is: 260
[2019-10-22 05:53:25] spend time is: 260
[2019-10-22 05:53:25] spend time is: 260
[2019-10-22 05:53:25] spend time is: 260
[2019-10-22 05:53:25] spend time is: 260
[2019-10-22 05:53:25] spend time is: 260
[2019-10-22 05:53:25] spend time is: 260
[2019-10-22 05:53:25] spend time is: 260
[2019-10-22 05:53:25] spend time is: 260
[2019-10-22 05:53:25] spend time is: 260
[2019-10-22 05:53:35] spend time is: 270
[2019-10-22 05:53:35] spend time is: 270
[2019-10-22 05:53:35] spend time is: 270
[2019-10-22 05:53:35] spend time is: 270
[2019-10-22 05:53:35] spend time is: 270
[2019-10-22 05:53:35] spend time is: 270
[2019-10-22 05:53:35] spend time is: 270
[2019-10-22 05:53:35] spend time is: 270
[2019-10-22 05:53:35] spend time is: 270
[2019-10-22 05:53:45] spend time is: 280
[2019-10-22 05:53:45] spend time is: 280
[2019-10-22 05:53:45] spend time is: 280
[2019-10-22 05:53:45] spend time is: 280
[2019-10-22 05:53:45] spend time is: 280
[2019-10-22 05:53:45] spend time is: 280
[2019-10-22 05:53:45] spend time is: 280
[2019-10-22 05:53:45] spend time is: 280
[2019-10-22 05:53:45] spend time is: 280
[2019-10-22 05:53:55] spend time is: 290
[2019-10-22 05:53:55] spend time is: 290
[2019-10-22 05:53:55] spend time is: 290
[2019-10-22 05:53:55] spend time is: 290
[2019-10-22 05:53:55] spend time is: 290
[2019-10-22 05:53:55] spend time is: 290
[2019-10-22 05:53:55] spend time is: 290
[2019-10-22 05:53:55] spend time is: 290
[2019-10-22 05:54:05] spend time is: 300
[2019-10-22 05:54:05] spend time is: 300
[2019-10-22 05:54:05] spend time is: 300
[2019-10-22 05:54:06] graylog-1.3.6.tgz update done.
[2019-10-22 05:54:06] spend time is: 300
Warning: Permanently added the RSA host key for IP address '192.30.253.113' to the list of known hosts.
Already up to date.
Already up to date.
fatal: Unable to create '/home/travis/build/babyshen/helm-charts-mirror/.git/index.lock': File exists.

Another git process seems to be running in this repository, e.g.
an editor opened by 'git commit'. Please make sure all processes
are terminated then try again. If it still fails, a git process
may have crashed in this repository earlier:
remove the file manually to continue.
Already up to date.
fatal: Unable to create '/home/travis/build/babyshen/helm-charts-mirror/.git/index.lock': File exists.

Another git process seems to be running in this repository, e.g.
an editor opened by 'git commit'. Please make sure all processes
are terminated then try again. If it still fails, a git process
may have crashed in this repository earlier:
remove the file manually to continue.
[gh-pages 848f261] Synchronizing completion at 2019-10-22
 12 files changed, 1271 insertions(+), 300 deletions(-)
 rewrite airflow-4.1.2.tgz (98%)
 create mode 100644 airflow-4.1.3.tgz
 create mode 100644 ambassador-4.4.1.tgz
 create mode 100644 consul-3.9.2.tgz
 create mode 100644 distributed-tensorflow-0.1.2.tgz
 rewrite elastic-stack-1.8.0.tgz (99%)
 create mode 100644 envoy-1.7.0.tgz
 rewrite graylog-1.3.6.tgz (99%)
 create mode 100644 travis_wait_2111.log
warning: fetch updated the current branch head.
fast-forwarding your working tree from
commit 91e155d1988e582eae106c7442c005f669ed2ed8.
error: Your local changes to the following files would be overwritten by merge:
	airflow-4.1.2.tgz
	chart-list.json
	elastic-stack-1.8.0.tgz
	graylog-1.3.6.tgz
	index.yaml
	last_install
Please commit your changes or stash them before you merge.
error: The following untracked working tree files would be overwritten by merge:
	airflow-4.1.3.tgz
	ambassador-4.4.1.tgz
	consul-3.9.2.tgz
	distributed-tensorflow-0.1.2.tgz
	envoy-1.7.0.tgz
	travis_wait_2111.log
Please move or remove them before you merge.
Aborting
fatal: Cannot fast-forward your working tree.
After making sure that you saved anything precious from
$ git diff 91e155d1988e582eae106c7442c005f669ed2ed8
output, run
$ git reset --hard
to recover.
To github.com:babyshen/helm-charts-mirror.git
   91e155d..848f261  gh-pages -> gh-pages
Branch 'gh-pages' set up to track remote branch 'gh-pages' from 'origin'.
[2019-10-22 05:54:15] spend time is: 310
[2019-10-22 05:54:15] spend time is: 310
[2019-10-22 05:54:15] spend time is: 310
[2019-10-22 05:54:15] spend time is: 310
[2019-10-22 05:54:15] spend time is: 310
[2019-10-22 05:54:15] spend time is: 310
[2019-10-22 05:54:15] spend time is: 310
[2019-10-22 05:54:25] spend time is: 320
[2019-10-22 05:54:25] spend time is: 320
[2019-10-22 05:54:25] spend time is: 320
[2019-10-22 05:54:25] spend time is: 320
[2019-10-22 05:54:25] spend time is: 320
[2019-10-22 05:54:25] spend time is: 320
[2019-10-22 05:54:25] spend time is: 320
[2019-10-22 05:54:35] spend time is: 330
[2019-10-22 05:54:35] spend time is: 330
[2019-10-22 05:54:35] spend time is: 330
[2019-10-22 05:54:35] spend time is: 330
[2019-10-22 05:54:35] spend time is: 330
[2019-10-22 05:54:35] spend time is: 330
[2019-10-22 05:54:35] spend time is: 330
[2019-10-22 05:54:36] spend time is: 330
[2019-10-22 05:54:45] spend time is: 340
[2019-10-22 05:54:45] spend time is: 340
[2019-10-22 05:54:45] spend time is: 340
[2019-10-22 05:54:45] spend time is: 340
[2019-10-22 05:54:45] spend time is: 340
[2019-10-22 05:54:45] spend time is: 340
[2019-10-22 05:54:45] spend time is: 340
[2019-10-22 05:54:46] ipfs-0.3.1.tgz update done.
[2019-10-22 05:54:51] janusgraph-0.2.1.tgz update done.
[2019-10-22 05:54:55] spend time is: 350
[2019-10-22 05:54:55] spend time is: 350
[2019-10-22 05:54:55] spend time is: 350
[2019-10-22 05:54:55] spend time is: 350
[2019-10-22 05:54:55] spend time is: 350
[2019-10-22 05:54:55] spend time is: 350
[2019-10-22 05:54:55] spend time is: 350
[2019-10-22 05:55:05] spend time is: 360
[2019-10-22 05:55:05] spend time is: 360
[2019-10-22 05:55:05] spend time is: 360
[2019-10-22 05:55:05] spend time is: 360
[2019-10-22 05:55:05] spend time is: 360
[2019-10-22 05:55:05] spend time is: 360
[2019-10-22 05:55:05] spend time is: 360
[2019-10-22 05:55:15] spend time is: 370
[2019-10-22 05:55:15] spend time is: 370
[2019-10-22 05:55:15] spend time is: 370
[2019-10-22 05:55:15] spend time is: 370
[2019-10-22 05:55:15] spend time is: 370
[2019-10-22 05:55:15] spend time is: 370
[2019-10-22 05:55:15] spend time is: 370
[2019-10-22 05:55:25] spend time is: 380
[2019-10-22 05:55:25] spend time is: 380
[2019-10-22 05:55:25] spend time is: 380
[2019-10-22 05:55:25] spend time is: 380
[2019-10-22 05:55:25] spend time is: 380
[2019-10-22 05:55:25] spend time is: 380
[2019-10-22 05:55:25] spend time is: 380
[2019-10-22 05:55:35] spend time is: 390
[2019-10-22 05:55:35] spend time is: 390
[2019-10-22 05:55:35] spend time is: 390
[2019-10-22 05:55:35] spend time is: 390
[2019-10-22 05:55:35] spend time is: 390
[2019-10-22 05:55:35] spend time is: 390
[2019-10-22 05:55:35] spend time is: 390
[2019-10-22 05:55:45] spend time is: 400
[2019-10-22 05:55:45] spend time is: 400
[2019-10-22 05:55:45] spend time is: 400
[2019-10-22 05:55:45] spend time is: 400
[2019-10-22 05:55:45] spend time is: 400
[2019-10-22 05:55:45] spend time is: 400
[2019-10-22 05:55:45] spend time is: 400
[2019-10-22 05:55:55] spend time is: 410
[2019-10-22 05:55:55] spend time is: 410
[2019-10-22 05:55:55] spend time is: 410
[2019-10-22 05:55:55] spend time is: 410
[2019-10-22 05:55:55] spend time is: 410
[2019-10-22 05:55:55] spend time is: 410
[2019-10-22 05:55:55] spend time is: 410
[2019-10-22 05:56:05] spend time is: 420
[2019-10-22 05:56:05] spend time is: 420
[2019-10-22 05:56:05] spend time is: 420
[2019-10-22 05:56:05] spend time is: 420
[2019-10-22 05:56:05] spend time is: 420
[2019-10-22 05:56:05] spend time is: 420
[2019-10-22 05:56:05] spend time is: 420
[2019-10-22 05:56:15] spend time is: 430
[2019-10-22 05:56:15] spend time is: 430
[2019-10-22 05:56:15] kong-0.23.0.tgz update done.
[2019-10-22 05:56:15] spend time is: 430
[2019-10-22 05:56:15] spend time is: 430
[2019-10-22 05:56:25] spend time is: 440
[2019-10-22 05:56:25] spend time is: 440
[2019-10-22 05:56:25] spend time is: 440
[2019-10-22 05:56:25] spend time is: 440
[2019-10-22 05:56:25] spend time is: 440
[2019-10-22 05:56:25] spend time is: 440
[2019-10-22 05:56:25] spend time is: 440
[2019-10-22 05:56:30] kube-ops-view-1.1.0.tgz update done.
[2019-10-22 05:56:35] spend time is: 450
[2019-10-22 05:56:35] spend time is: 450
[2019-10-22 05:56:35] spend time is: 450
[2019-10-22 05:56:35] spend time is: 450
[2019-10-22 05:56:35] spend time is: 450
[2019-10-22 05:56:35] spend time is: 450
[2019-10-22 05:56:35] spend time is: 450
[2019-10-22 05:56:41] kube2iam-2.0.2.tgz update done.
[2019-10-22 05:56:45] spend time is: 460
[2019-10-22 05:56:45] spend time is: 460
[2019-10-22 05:56:45] spend time is: 460
[2019-10-22 05:56:45] spend time is: 460
[2019-10-22 05:56:45] spend time is: 460
[2019-10-22 05:56:45] spend time is: 460
[2019-10-22 05:56:45] spend time is: 460
[2019-10-22 05:56:55] spend time is: 470
[2019-10-22 05:56:55] spend time is: 470
[2019-10-22 05:56:55] spend time is: 470
[2019-10-22 05:56:55] spend time is: 470
[2019-10-22 05:56:55] spend time is: 470
[2019-10-22 05:56:55] spend time is: 470
[2019-10-22 05:56:55] spend time is: 470
[2019-10-22 05:57:04] locust-1.1.2.tgz update done.
[2019-10-22 05:57:05] spend time is: 480
[2019-10-22 05:57:05] spend time is: 480
[2019-10-22 05:57:05] spend time is: 480
[2019-10-22 05:57:05] spend time is: 480
[2019-10-22 05:57:05] spend time is: 480
[2019-10-22 05:57:05] spend time is: 480
[2019-10-22 05:57:05] spend time is: 480
[2019-10-22 05:57:15] spend time is: 490
[2019-10-22 05:57:15] spend time is: 490
[2019-10-22 05:57:15] spend time is: 490
[2019-10-22 05:57:15] spend time is: 490
[2019-10-22 05:57:15] spend time is: 490
[2019-10-22 05:57:15] spend time is: 490
[2019-10-22 05:57:15] spend time is: 490
[2019-10-22 05:57:25] spend time is: 500
[2019-10-22 05:57:25] spend time is: 500
[2019-10-22 05:57:25] spend time is: 500
[2019-10-22 05:57:25] spend time is: 500
[2019-10-22 05:57:25] spend time is: 500
[2019-10-22 05:57:25] spend time is: 500
[2019-10-22 05:57:25] spend time is: 500
[2019-10-22 05:57:25] spend time is: 500
[2019-10-22 05:57:35] spend time is: 510
[2019-10-22 05:57:35] spend time is: 510
[2019-10-22 05:57:35] spend time is: 510
[2019-10-22 05:57:35] spend time is: 510
[2019-10-22 05:57:35] spend time is: 510
[2019-10-22 05:57:35] spend time is: 510
[2019-10-22 05:57:35] spend time is: 510
[2019-10-22 05:57:45] spend time is: 520
[2019-10-22 05:57:45] spend time is: 520
[2019-10-22 05:57:45] spend time is: 520
[2019-10-22 05:57:45] spend time is: 520
[2019-10-22 05:57:45] spend time is: 520
[2019-10-22 05:57:45] spend time is: 520
[2019-10-22 05:57:45] spend time is: 520
[2019-10-22 05:57:46] spend time is: 520
[2019-10-22 05:57:55] spend time is: 530
[2019-10-22 05:57:55] spend time is: 530
[2019-10-22 05:57:55] spend time is: 530
[2019-10-22 05:57:55] spend time is: 530
[2019-10-22 05:57:55] spend time is: 530
[2019-10-22 05:57:55] spend time is: 530
[2019-10-22 05:57:55] spend time is: 530
[2019-10-22 05:58:05] spend time is: 540
[2019-10-22 05:58:05] spend time is: 540
[2019-10-22 05:58:05] spend time is: 540
[2019-10-22 05:58:05] spend time is: 540
[2019-10-22 05:58:05] spend time is: 540
[2019-10-22 05:58:05] spend time is: 540
[2019-10-22 05:58:05] spend time is: 540
[2019-10-22 05:58:11] metallb-0.12.0.tgz update done.
[2019-10-22 05:58:15] spend time is: 550
[2019-10-22 05:58:15] spend time is: 550
[2019-10-22 05:58:15] spend time is: 550
[2019-10-22 05:58:15] spend time is: 550
[2019-10-22 05:58:15] spend time is: 550
[2019-10-22 05:58:15] spend time is: 550
[2019-10-22 05:58:15] spend time is: 550
[2019-10-22 05:58:25] spend time is: 560
[2019-10-22 05:58:25] spend time is: 560
[2019-10-22 05:58:25] spend time is: 560
[2019-10-22 05:58:25] spend time is: 560
[2019-10-22 05:58:25] spend time is: 560
[2019-10-22 05:58:25] spend time is: 560
[2019-10-22 05:58:25] spend time is: 560
[2019-10-22 05:58:35] spend time is: 570
[2019-10-22 05:58:35] spend time is: 570
[2019-10-22 05:58:35] spend time is: 570
[2019-10-22 05:58:35] spend time is: 570
[2019-10-22 05:58:35] spend time is: 570
[2019-10-22 05:58:35] spend time is: 570
[2019-10-22 05:58:35] spend time is: 570
[2019-10-22 05:58:45] spend time is: 580
[2019-10-22 05:58:45] spend time is: 580
[2019-10-22 05:58:45] spend time is: 580
[2019-10-22 05:58:45] spend time is: 580
[2019-10-22 05:58:45] spend time is: 580
[2019-10-22 05:58:45] spend time is: 580
[2019-10-22 05:58:45] spend time is: 580
[2019-10-22 05:58:55] spend time is: 590
[2019-10-22 05:58:55] spend time is: 590
[2019-10-22 05:58:55] spend time is: 590
[2019-10-22 05:58:55] spend time is: 590
[2019-10-22 05:58:55] spend time is: 590
[2019-10-22 05:58:55] spend time is: 590
[2019-10-22 05:58:55] spend time is: 590
[2019-10-22 05:59:05] spend time is: 600
Warning: Permanently added the RSA host key for IP address '140.82.113.4' to the list of known hosts.
Already up to date.
