Fetching origin
Warning: Permanently added the RSA host key for IP address '192.30.253.112' to the list of known hosts.
From github.com:babyshen/helm-charts-mirror
 * [new branch]      gh-pages   -> origin/gh-pages
 * [new branch]      master     -> origin/master
Previous HEAD position was 6f4bc38 restore bug
Switched to a new branch 'gh-pages'
Branch 'gh-pages' set up to track remote branch 'gh-pages' from 'origin'.
Warning: Permanently added the RSA host key for IP address '140.82.113.3' to the list of known hosts.
Already up to date.
Branch 'gh-pages' set up to track remote branch 'gh-pages' from 'origin'.
  % Total    % Received % Xferd  Average Speed   Time    Time     Time  Current
                                 Dload  Upload   Total   Spent    Left  Speed
  0     0    0     0    0     0      0      0 --:--:-- --:--:-- --:--:--     0100 5940k  100 5940k    0     0  53.9M      0 --:--:-- --:--:-- --:--:-- 54.2M
[2019-08-22 05:20:40] airflow-4.0.4.tgz update done.
[2019-08-22 05:20:44] spend time is: 50
[2019-08-22 05:20:44] spend time is: 50
[2019-08-22 05:20:44] spend time is: 50
[2019-08-22 05:20:44] spend time is: 50
[2019-08-22 05:20:44] spend time is: 50
[2019-08-22 05:20:44] spend time is: 50
[2019-08-22 05:20:44] spend time is: 50
[2019-08-22 05:20:44] spend time is: 50
[2019-08-22 05:20:44] spend time is: 50
[2019-08-22 05:20:49] anchore-engine-1.2.1.tgz update done.
[2019-08-22 05:20:54] spend time is: 60
[2019-08-22 05:20:54] spend time is: 60
[2019-08-22 05:20:54] spend time is: 60
[2019-08-22 05:20:54] spend time is: 60
[2019-08-22 05:20:54] spend time is: 60
[2019-08-22 05:20:54] spend time is: 60
[2019-08-22 05:20:54] spend time is: 60
[2019-08-22 05:20:54] spend time is: 60
[2019-08-22 05:20:54] spend time is: 60
[2019-08-22 05:20:54] spend time is: 60
[2019-08-22 05:20:54] spend time is: 60
[2019-08-22 05:21:04] spend time is: 70
[2019-08-22 05:21:04] spend time is: 70
[2019-08-22 05:21:04] spend time is: 70
[2019-08-22 05:21:04] spend time is: 70
[2019-08-22 05:21:04] spend time is: 70
[2019-08-22 05:21:04] spend time is: 70
[2019-08-22 05:21:04] spend time is: 70
[2019-08-22 05:21:04] spend time is: 70
[2019-08-22 05:21:04] spend time is: 70
[2019-08-22 05:21:04] spend time is: 70
[2019-08-22 05:21:14] spend time is: 80
[2019-08-22 05:21:14] spend time is: 80
[2019-08-22 05:21:14] spend time is: 80
[2019-08-22 05:21:14] spend time is: 80
[2019-08-22 05:21:14] spend time is: 80
[2019-08-22 05:21:14] spend time is: 80
[2019-08-22 05:21:14] spend time is: 80
[2019-08-22 05:21:14] spend time is: 80
[2019-08-22 05:21:14] spend time is: 80
[2019-08-22 05:21:24] spend time is: 90
[2019-08-22 05:21:24] spend time is: 90
[2019-08-22 05:21:24] spend time is: 90
[2019-08-22 05:21:24] spend time is: 90
[2019-08-22 05:21:24] spend time is: 90
[2019-08-22 05:21:24] spend time is: 90
[2019-08-22 05:21:24] spend time is: 90
[2019-08-22 05:21:24] spend time is: 90
[2019-08-22 05:21:24] spend time is: 90
[2019-08-22 05:21:24] spend time is: 90
[2019-08-22 05:21:24] spend time is: 90
[2019-08-22 05:21:24] spend time is: 90
[2019-08-22 05:21:30] concourse-8.2.3.tgz update done.
[2019-08-22 05:21:34] spend time is: 100
[2019-08-22 05:21:34] spend time is: 100
[2019-08-22 05:21:34] spend time is: 100
[2019-08-22 05:21:34] spend time is: 100
[2019-08-22 05:21:34] spend time is: 100
[2019-08-22 05:21:34] spend time is: 100
[2019-08-22 05:21:34] spend time is: 100
[2019-08-22 05:21:34] spend time is: 100
[2019-08-22 05:21:34] spend time is: 100
[2019-08-22 05:21:44] spend time is: 110
[2019-08-22 05:21:44] spend time is: 110
[2019-08-22 05:21:44] spend time is: 110
[2019-08-22 05:21:44] spend time is: 110
[2019-08-22 05:21:44] spend time is: 110
[2019-08-22 05:21:44] spend time is: 110
[2019-08-22 05:21:44] spend time is: 110
[2019-08-22 05:21:44] spend time is: 110
[2019-08-22 05:21:44] spend time is: 110
[2019-08-22 05:21:54] spend time is: 120
[2019-08-22 05:21:54] spend time is: 120
[2019-08-22 05:21:54] spend time is: 120
[2019-08-22 05:21:54] spend time is: 120
[2019-08-22 05:21:54] spend time is: 120
[2019-08-22 05:21:54] spend time is: 120
[2019-08-22 05:21:54] spend time is: 120
[2019-08-22 05:21:54] spend time is: 120
[2019-08-22 05:21:55] spend time is: 120
[2019-08-22 05:22:04] spend time is: 130
[2019-08-22 05:22:04] spend time is: 130
[2019-08-22 05:22:04] spend time is: 130
[2019-08-22 05:22:04] spend time is: 130
[2019-08-22 05:22:04] spend time is: 130
[2019-08-22 05:22:04] spend time is: 130
[2019-08-22 05:22:04] spend time is: 130
[2019-08-22 05:22:04] spend time is: 130
[2019-08-22 05:22:04] spend time is: 130
[2019-08-22 05:22:12] dokuwiki-5.2.1.tgz update done.
[2019-08-22 05:22:14] spend time is: 140
[2019-08-22 05:22:14] spend time is: 140
[2019-08-22 05:22:14] spend time is: 140
[2019-08-22 05:22:14] spend time is: 140
[2019-08-22 05:22:14] spend time is: 140
[2019-08-22 05:22:14] spend time is: 140
[2019-08-22 05:22:14] spend time is: 140
[2019-08-22 05:22:14] spend time is: 140
[2019-08-22 05:22:14] spend time is: 140
[2019-08-22 05:22:14] spend time is: 140
[2019-08-22 05:22:20] drupal-5.1.1.tgz update done.
[2019-08-22 05:22:24] spend time is: 150
[2019-08-22 05:22:24] spend time is: 150
[2019-08-22 05:22:24] spend time is: 150
[2019-08-22 05:22:24] spend time is: 150
[2019-08-22 05:22:24] spend time is: 150
[2019-08-22 05:22:24] spend time is: 150
[2019-08-22 05:22:24] spend time is: 150
[2019-08-22 05:22:24] spend time is: 150
[2019-08-22 05:22:24] spend time is: 150
[2019-08-22 05:22:24] spend time is: 150
[2019-08-22 05:22:24] spend time is: 150
[2019-08-22 05:22:34] spend time is: 160
[2019-08-22 05:22:34] spend time is: 160
[2019-08-22 05:22:34] spend time is: 160
[2019-08-22 05:22:34] spend time is: 160
[2019-08-22 05:22:34] spend time is: 160
[2019-08-22 05:22:34] spend time is: 160
[2019-08-22 05:22:34] spend time is: 160
[2019-08-22 05:22:34] spend time is: 160
[2019-08-22 05:22:34] spend time is: 160
[2019-08-22 05:22:34] spend time is: 160
[2019-08-22 05:22:34] spend time is: 160
[2019-08-22 05:22:35] elastic-stack-1.8.0.tgz update done.
[2019-08-22 05:22:35] spend time is: 160
[2019-08-22 05:22:41] elasticsearch-exporter-1.8.1.tgz update done.
[2019-08-22 05:22:44] spend time is: 170
[2019-08-22 05:22:44] spend time is: 170
[2019-08-22 05:22:44] spend time is: 170
[2019-08-22 05:22:44] spend time is: 170
[2019-08-22 05:22:44] spend time is: 170
[2019-08-22 05:22:44] spend time is: 170
[2019-08-22 05:22:44] spend time is: 170
[2019-08-22 05:22:44] spend time is: 170
[2019-08-22 05:22:44] spend time is: 170
[2019-08-22 05:22:44] spend time is: 170
[2019-08-22 05:22:44] spend time is: 170
[2019-08-22 05:22:45] etcd-operator-0.9.0.tgz update done.
[2019-08-22 05:22:45] spend time is: 170
[2019-08-22 05:22:49] external-dns-2.5.4.tgz update done.
[2019-08-22 05:22:54] spend time is: 180
[2019-08-22 05:22:54] spend time is: 180
[2019-08-22 05:22:54] spend time is: 180
[2019-08-22 05:22:54] spend time is: 180
[2019-08-22 05:22:54] spend time is: 180
[2019-08-22 05:22:54] spend time is: 180
[2019-08-22 05:22:54] spend time is: 180
[2019-08-22 05:22:54] spend time is: 180
[2019-08-22 05:22:54] spend time is: 180
[2019-08-22 05:22:54] spend time is: 180
[2019-08-22 05:22:59] falco-1.0.5.tgz update done.
[2019-08-22 05:23:04] spend time is: 190
[2019-08-22 05:23:04] spend time is: 190
[2019-08-22 05:23:04] spend time is: 190
[2019-08-22 05:23:04] spend time is: 190
[2019-08-22 05:23:04] spend time is: 190
[2019-08-22 05:23:04] spend time is: 190
[2019-08-22 05:23:04] spend time is: 190
[2019-08-22 05:23:04] spend time is: 190
[2019-08-22 05:23:04] spend time is: 190
[2019-08-22 05:23:04] spend time is: 190
[2019-08-22 05:23:05] spend time is: 190
[2019-08-22 05:23:14] spend time is: 200
[2019-08-22 05:23:14] spend time is: 200
[2019-08-22 05:23:14] spend time is: 200
[2019-08-22 05:23:14] spend time is: 200
[2019-08-22 05:23:14] spend time is: 200
[2019-08-22 05:23:14] spend time is: 200
[2019-08-22 05:23:14] spend time is: 200
[2019-08-22 05:23:14] spend time is: 200
[2019-08-22 05:23:14] spend time is: 200
[2019-08-22 05:23:14] spend time is: 200
[2019-08-22 05:23:15] spend time is: 200
[2019-08-22 05:23:21] ghost-7.1.1.tgz update done.
[2019-08-22 05:23:24] spend time is: 210
[2019-08-22 05:23:24] spend time is: 210
[2019-08-22 05:23:24] spend time is: 210
[2019-08-22 05:23:24] spend time is: 210
[2019-08-22 05:23:24] spend time is: 210
[2019-08-22 05:23:24] spend time is: 210
[2019-08-22 05:23:24] spend time is: 210
[2019-08-22 05:23:24] spend time is: 210
[2019-08-22 05:23:24] spend time is: 210
[2019-08-22 05:23:34] spend time is: 220
[2019-08-22 05:23:34] spend time is: 220
[2019-08-22 05:23:34] spend time is: 220
[2019-08-22 05:23:34] spend time is: 220
[2019-08-22 05:23:34] spend time is: 220
[2019-08-22 05:23:34] spend time is: 220
[2019-08-22 05:23:34] spend time is: 220
[2019-08-22 05:23:34] spend time is: 220
[2019-08-22 05:23:34] spend time is: 220
[2019-08-22 05:23:34] spend time is: 220
[2019-08-22 05:23:34] spend time is: 220
[2019-08-22 05:23:44] spend time is: 230
[2019-08-22 05:23:44] spend time is: 230
[2019-08-22 05:23:44] spend time is: 230
[2019-08-22 05:23:44] spend time is: 230
[2019-08-22 05:23:44] spend time is: 230
[2019-08-22 05:23:44] spend time is: 230
[2019-08-22 05:23:44] spend time is: 230
[2019-08-22 05:23:44] spend time is: 230
[2019-08-22 05:23:44] spend time is: 230
[2019-08-22 05:23:54] spend time is: 240
[2019-08-22 05:23:54] spend time is: 240
[2019-08-22 05:23:54] spend time is: 240
[2019-08-22 05:23:54] spend time is: 240
[2019-08-22 05:23:54] spend time is: 240
[2019-08-22 05:23:54] spend time is: 240
[2019-08-22 05:23:54] spend time is: 240
[2019-08-22 05:23:54] spend time is: 240
[2019-08-22 05:23:54] spend time is: 240
[2019-08-22 05:24:04] spend time is: 250
[2019-08-22 05:24:04] spend time is: 250
[2019-08-22 05:24:04] spend time is: 250
[2019-08-22 05:24:04] spend time is: 250
[2019-08-22 05:24:04] spend time is: 250
[2019-08-22 05:24:04] spend time is: 250
[2019-08-22 05:24:04] spend time is: 250
[2019-08-22 05:24:04] spend time is: 250
[2019-08-22 05:24:04] graylog-1.3.1.tgz update done.
[2019-08-22 05:24:04] spend time is: 250
[2019-08-22 05:24:04] spend time is: 250
[2019-08-22 05:24:12] hlf-ca-1.1.8.tgz update done.
[2019-08-22 05:24:14] spend time is: 260
[2019-08-22 05:24:14] spend time is: 260
[2019-08-22 05:24:14] spend time is: 260
[2019-08-22 05:24:14] spend time is: 260
[2019-08-22 05:24:14] spend time is: 260
[2019-08-22 05:24:14] spend time is: 260
[2019-08-22 05:24:14] spend time is: 260
[2019-08-22 05:24:14] spend time is: 260
[2019-08-22 05:24:14] spend time is: 260
[2019-08-22 05:24:24] spend time is: 270
[2019-08-22 05:24:24] spend time is: 270
[2019-08-22 05:24:24] spend time is: 270
[2019-08-22 05:24:24] spend time is: 270
[2019-08-22 05:24:24] spend time is: 270
[2019-08-22 05:24:24] spend time is: 270
[2019-08-22 05:24:24] spend time is: 270
[2019-08-22 05:24:24] spend time is: 270
[2019-08-22 05:24:25] spend time is: 270
[2019-08-22 05:24:25] instana-agent-1.0.13.tgz update done.
[2019-08-22 05:24:25] spend time is: 270
[2019-08-22 05:24:29] janusgraph-0.2.1.tgz update done.
[2019-08-22 05:24:29] jasperreports-6.1.1.tgz update done.
[2019-08-22 05:24:34] spend time is: 280
[2019-08-22 05:24:34] spend time is: 280
[2019-08-22 05:24:34] spend time is: 280
[2019-08-22 05:24:34] spend time is: 280
[2019-08-22 05:24:34] spend time is: 280
[2019-08-22 05:24:34] spend time is: 280
[2019-08-22 05:24:34] spend time is: 280
[2019-08-22 05:24:35] jenkins-1.5.7.tgz update done.
[2019-08-22 05:24:35] spend time is: 280
[2019-08-22 05:24:35] jenkins-1.5.6.tgz update done.
[2019-08-22 05:24:35] spend time is: 280
[2019-08-22 05:24:35] jenkins-1.5.5.tgz update done.
[2019-08-22 05:24:44] spend time is: 290
[2019-08-22 05:24:44] spend time is: 290
[2019-08-22 05:24:44] spend time is: 290
[2019-08-22 05:24:44] spend time is: 290
[2019-08-22 05:24:44] spend time is: 290
[2019-08-22 05:24:44] spend time is: 290
[2019-08-22 05:24:44] spend time is: 290
[2019-08-22 05:24:44] spend time is: 290
[2019-08-22 05:24:44] spend time is: 290
[2019-08-22 05:24:44] spend time is: 290
[2019-08-22 05:24:44] spend time is: 290
[2019-08-22 05:24:54] spend time is: 300
[2019-08-22 05:24:54] spend time is: 300
[2019-08-22 05:24:54] spend time is: 300
[2019-08-22 05:24:54] joomla-6.1.1.tgz update done.
[2019-08-22 05:24:54] spend time is: 300
Warning: Permanently added the RSA host key for IP address '192.30.253.113' to the list of known hosts.
Already up to date.
Already up to date.
fatal: Unable to create '/home/travis/build/babyshen/helm-charts-mirror/.git/index.lock': File exists.

Another git process seems to be running in this repository, e.g.
an editor opened by 'git commit'. Please make sure all processes
are terminated then try again. If it still fails, a git process
may have crashed in this repository earlier:
remove the file manually to continue.
Already up to date.
fatal: Unable to create '/home/travis/build/babyshen/helm-charts-mirror/.git/index.lock': File exists.

Another git process seems to be running in this repository, e.g.
an editor opened by 'git commit'. Please make sure all processes
are terminated then try again. If it still fails, a git process
may have crashed in this repository earlier:
remove the file manually to continue.
Already up to date.
fatal: Unable to create '/home/travis/build/babyshen/helm-charts-mirror/.git/index.lock': File exists.

Another git process seems to be running in this repository, e.g.
an editor opened by 'git commit'. Please make sure all processes
are terminated then try again. If it still fails, a git process
may have crashed in this repository earlier:
remove the file manually to continue.
[gh-pages 5f8188c] Synchronizing completion at 2019-08-22
 24 files changed, 1870 insertions(+), 301 deletions(-)
 create mode 100644 airflow-4.0.4.tgz
 rewrite anchore-engine-1.2.1.tgz (99%)
 create mode 100644 concourse-8.2.3.tgz
 create mode 100644 dokuwiki-5.2.1.tgz
 create mode 100644 drupal-5.1.1.tgz
 rewrite elastic-stack-1.8.0.tgz (99%)
 create mode 100644 elasticsearch-exporter-1.8.1.tgz
 create mode 100644 etcd-operator-0.9.0.tgz
 create mode 100644 external-dns-2.5.4.tgz
 create mode 100644 falco-1.0.5.tgz
 create mode 100644 ghost-7.1.1.tgz
 rewrite graylog-1.3.1.tgz (99%)
 rewrite hlf-ca-1.1.8.tgz (99%)
 create mode 100644 instana-agent-1.0.13.tgz
 create mode 100644 jasperreports-6.1.1.tgz
 create mode 100644 jenkins-1.5.5.tgz
 create mode 100644 jenkins-1.5.6.tgz
 create mode 100644 jenkins-1.5.7.tgz
 create mode 100644 joomla-6.1.1.tgz
 create mode 100644 travis_wait_1952.log
To github.com:babyshen/helm-charts-mirror.git
   e1516fe..5f8188c  gh-pages -> gh-pages
Branch 'gh-pages' set up to track remote branch 'gh-pages' from 'origin'.
[2019-08-22 05:25:04] spend time is: 310
[2019-08-22 05:25:04] spend time is: 310
[2019-08-22 05:25:04] spend time is: 310
[2019-08-22 05:25:04] spend time is: 310
[2019-08-22 05:25:04] spend time is: 310
[2019-08-22 05:25:04] spend time is: 310
[2019-08-22 05:25:04] spend time is: 310
[2019-08-22 05:25:04] spend time is: 310
[2019-08-22 05:25:14] spend time is: 320
[2019-08-22 05:25:14] spend time is: 320
[2019-08-22 05:25:14] spend time is: 320
[2019-08-22 05:25:14] spend time is: 320
[2019-08-22 05:25:14] spend time is: 320
[2019-08-22 05:25:14] spend time is: 320
[2019-08-22 05:25:14] spend time is: 320
[2019-08-22 05:25:14] spend time is: 320
[2019-08-22 05:25:24] spend time is: 330
[2019-08-22 05:25:24] spend time is: 330
[2019-08-22 05:25:24] spend time is: 330
[2019-08-22 05:25:24] spend time is: 330
[2019-08-22 05:25:24] spend time is: 330
[2019-08-22 05:25:24] spend time is: 330
[2019-08-22 05:25:24] spend time is: 330
[2019-08-22 05:25:34] spend time is: 340
[2019-08-22 05:25:34] spend time is: 340
[2019-08-22 05:25:34] spend time is: 340
[2019-08-22 05:25:34] spend time is: 340
[2019-08-22 05:25:34] spend time is: 340
[2019-08-22 05:25:34] spend time is: 340
[2019-08-22 05:25:34] spend time is: 340
[2019-08-22 05:25:34] spend time is: 340
[2019-08-22 05:25:40] kong-0.16.1.tgz update done.
[2019-08-22 05:25:40] kong-0.16.0.tgz update done.
[2019-08-22 05:25:44] spend time is: 350
[2019-08-22 05:25:44] spend time is: 350
[2019-08-22 05:25:44] spend time is: 350
[2019-08-22 05:25:44] spend time is: 350
[2019-08-22 05:25:44] spend time is: 350
[2019-08-22 05:25:44] spend time is: 350
[2019-08-22 05:25:44] spend time is: 350
[2019-08-22 05:25:52] kube-ops-view-1.1.0.tgz update done.
[2019-08-22 05:25:54] spend time is: 360
[2019-08-22 05:25:54] spend time is: 360
[2019-08-22 05:25:54] spend time is: 360
[2019-08-22 05:25:54] spend time is: 360
[2019-08-22 05:25:54] spend time is: 360
[2019-08-22 05:25:54] spend time is: 360
[2019-08-22 05:25:54] spend time is: 360
[2019-08-22 05:25:54] spend time is: 360
[2019-08-22 05:26:04] spend time is: 370
[2019-08-22 05:26:04] spend time is: 370
[2019-08-22 05:26:04] spend time is: 370
[2019-08-22 05:26:04] spend time is: 370
[2019-08-22 05:26:04] spend time is: 370
[2019-08-22 05:26:04] spend time is: 370
[2019-08-22 05:26:04] spend time is: 370
[2019-08-22 05:26:04] spend time is: 370
[2019-08-22 05:26:14] spend time is: 380
[2019-08-22 05:26:14] spend time is: 380
[2019-08-22 05:26:14] spend time is: 380
[2019-08-22 05:26:14] spend time is: 380
[2019-08-22 05:26:14] spend time is: 380
[2019-08-22 05:26:14] spend time is: 380
[2019-08-22 05:26:14] spend time is: 380
[2019-08-22 05:26:24] spend time is: 390
[2019-08-22 05:26:24] spend time is: 390
[2019-08-22 05:26:24] spend time is: 390
[2019-08-22 05:26:24] spend time is: 390
[2019-08-22 05:26:24] spend time is: 390
[2019-08-22 05:26:24] spend time is: 390
[2019-08-22 05:26:24] spend time is: 390
[2019-08-22 05:26:27] magento-5.1.4.tgz update done.
[2019-08-22 05:26:34] spend time is: 400
[2019-08-22 05:26:34] spend time is: 400
[2019-08-22 05:26:34] spend time is: 400
[2019-08-22 05:26:34] spend time is: 400
[2019-08-22 05:26:34] spend time is: 400
[2019-08-22 05:26:34] spend time is: 400
[2019-08-22 05:26:34] spend time is: 400
[2019-08-22 05:26:34] spend time is: 400
[2019-08-22 05:26:39] mariadb-6.8.1.tgz update done.
[2019-08-22 05:26:44] spend time is: 410
[2019-08-22 05:26:44] spend time is: 410
[2019-08-22 05:26:44] spend time is: 410
[2019-08-22 05:26:44] spend time is: 410
[2019-08-22 05:26:44] spend time is: 410
[2019-08-22 05:26:44] spend time is: 410
[2019-08-22 05:26:44] spend time is: 410
[2019-08-22 05:26:45] spend time is: 410
[2019-08-22 05:26:54] spend time is: 420
[2019-08-22 05:26:54] spend time is: 420
[2019-08-22 05:26:54] spend time is: 420
[2019-08-22 05:26:54] spend time is: 420
[2019-08-22 05:26:54] spend time is: 420
[2019-08-22 05:26:54] spend time is: 420
[2019-08-22 05:26:54] spend time is: 420
[2019-08-22 05:26:54] spend time is: 420
[2019-08-22 05:27:01] mediawiki-8.1.1.tgz update done.
[2019-08-22 05:27:04] spend time is: 430
[2019-08-22 05:27:04] spend time is: 430
[2019-08-22 05:27:04] spend time is: 430
[2019-08-22 05:27:04] spend time is: 430
[2019-08-22 05:27:04] spend time is: 430
[2019-08-22 05:27:04] spend time is: 430
[2019-08-22 05:27:04] spend time is: 430
[2019-08-22 05:27:04] spend time is: 430
[2019-08-22 05:27:14] spend time is: 440
[2019-08-22 05:27:14] spend time is: 440
[2019-08-22 05:27:14] spend time is: 440
[2019-08-22 05:27:14] spend time is: 440
[2019-08-22 05:27:14] spend time is: 440
[2019-08-22 05:27:14] spend time is: 440
[2019-08-22 05:27:14] spend time is: 440
[2019-08-22 05:27:14] spend time is: 440
[2019-08-22 05:27:24] spend time is: 450
[2019-08-22 05:27:24] spend time is: 450
[2019-08-22 05:27:24] spend time is: 450
[2019-08-22 05:27:24] spend time is: 450
[2019-08-22 05:27:24] spend time is: 450
[2019-08-22 05:27:24] spend time is: 450
[2019-08-22 05:27:24] spend time is: 450
[2019-08-22 05:27:25] spend time is: 450
[2019-08-22 05:27:34] spend time is: 460
[2019-08-22 05:27:34] spend time is: 460
[2019-08-22 05:27:34] spend time is: 460
[2019-08-22 05:27:34] spend time is: 460
[2019-08-22 05:27:34] spend time is: 460
[2019-08-22 05:27:34] spend time is: 460
[2019-08-22 05:27:34] spend time is: 460
[2019-08-22 05:27:35] spend time is: 460
[2019-08-22 05:27:42] mongodb-7.2.1.tgz update done.
[2019-08-22 05:27:44] spend time is: 470
[2019-08-22 05:27:44] spend time is: 470
[2019-08-22 05:27:44] spend time is: 470
[2019-08-22 05:27:44] spend time is: 470
[2019-08-22 05:27:44] spend time is: 470
[2019-08-22 05:27:44] spend time is: 470
[2019-08-22 05:27:44] spend time is: 470
[2019-08-22 05:27:44] spend time is: 470
[2019-08-22 05:27:54] spend time is: 480
[2019-08-22 05:27:54] spend time is: 480
[2019-08-22 05:27:54] spend time is: 480
[2019-08-22 05:27:54] spend time is: 480
[2019-08-22 05:27:54] spend time is: 480
[2019-08-22 05:27:54] spend time is: 480
[2019-08-22 05:27:54] spend time is: 480
[2019-08-22 05:27:54] spend time is: 480
[2019-08-22 05:28:04] spend time is: 490
[2019-08-22 05:28:04] spend time is: 490
[2019-08-22 05:28:04] spend time is: 490
[2019-08-22 05:28:04] spend time is: 490
[2019-08-22 05:28:04] spend time is: 490
[2019-08-22 05:28:04] spend time is: 490
[2019-08-22 05:28:04] spend time is: 490
[2019-08-22 05:28:04] spend time is: 490
[2019-08-22 05:28:09] moodle-6.1.1.tgz update done.
[2019-08-22 05:28:14] spend time is: 500
[2019-08-22 05:28:14] spend time is: 500
[2019-08-22 05:28:14] spend time is: 500
[2019-08-22 05:28:14] spend time is: 500
[2019-08-22 05:28:14] spend time is: 500
[2019-08-22 05:28:14] spend time is: 500
[2019-08-22 05:28:14] spend time is: 500
[2019-08-22 05:28:24] spend time is: 510
[2019-08-22 05:28:24] spend time is: 510
[2019-08-22 05:28:24] spend time is: 510
[2019-08-22 05:28:24] spend time is: 510
[2019-08-22 05:28:24] spend time is: 510
[2019-08-22 05:28:24] spend time is: 510
[2019-08-22 05:28:24] spend time is: 510
[2019-08-22 05:28:34] spend time is: 520
[2019-08-22 05:28:34] spend time is: 520
[2019-08-22 05:28:34] spend time is: 520
[2019-08-22 05:28:34] spend time is: 520
[2019-08-22 05:28:34] spend time is: 520
[2019-08-22 05:28:34] spend time is: 520
[2019-08-22 05:28:34] spend time is: 520
[2019-08-22 05:28:34] spend time is: 520
[2019-08-22 05:28:41] newrelic-infrastructure-0.13.8.tgz update done.
[2019-08-22 05:28:44] spend time is: 530
[2019-08-22 05:28:44] spend time is: 530
[2019-08-22 05:28:44] spend time is: 530
[2019-08-22 05:28:44] spend time is: 530
[2019-08-22 05:28:44] spend time is: 530
[2019-08-22 05:28:44] spend time is: 530
[2019-08-22 05:28:44] spend time is: 530
[2019-08-22 05:28:44] spend time is: 530
[2019-08-22 05:28:54] spend time is: 540
[2019-08-22 05:28:54] spend time is: 540
[2019-08-22 05:28:54] spend time is: 540
[2019-08-22 05:28:54] spend time is: 540
[2019-08-22 05:28:54] spend time is: 540
[2019-08-22 05:28:54] spend time is: 540
[2019-08-22 05:28:54] spend time is: 540
[2019-08-22 05:28:54] spend time is: 540
[2019-08-22 05:29:04] spend time is: 550
[2019-08-22 05:29:04] spend time is: 550
[2019-08-22 05:29:04] spend time is: 550
[2019-08-22 05:29:04] spend time is: 550
[2019-08-22 05:29:04] spend time is: 550
[2019-08-22 05:29:04] spend time is: 550
[2019-08-22 05:29:04] spend time is: 550
[2019-08-22 05:29:04] spend time is: 550
[2019-08-22 05:29:14] spend time is: 560
[2019-08-22 05:29:14] spend time is: 560
[2019-08-22 05:29:14] spend time is: 560
[2019-08-22 05:29:14] spend time is: 560
[2019-08-22 05:29:14] spend time is: 560
[2019-08-22 05:29:14] spend time is: 560
[2019-08-22 05:29:14] spend time is: 560
[2019-08-22 05:29:15] spend time is: 560
[2019-08-22 05:29:18] odoo-10.1.1.tgz update done.
[2019-08-22 05:29:24] spend time is: 570
[2019-08-22 05:29:24] spend time is: 570
[2019-08-22 05:29:24] spend time is: 570
[2019-08-22 05:29:24] spend time is: 570
[2019-08-22 05:29:24] spend time is: 570
[2019-08-22 05:29:24] spend time is: 570
[2019-08-22 05:29:24] spend time is: 570
[2019-08-22 05:29:24] spend time is: 570
[2019-08-22 05:29:34] opencart-6.1.1.tgz update done.
[2019-08-22 05:29:34] spend time is: 580
[2019-08-22 05:29:34] spend time is: 580
[2019-08-22 05:29:34] spend time is: 580
[2019-08-22 05:29:34] spend time is: 580
[2019-08-22 05:29:34] spend time is: 580
[2019-08-22 05:29:34] spend time is: 580
[2019-08-22 05:29:44] spend time is: 590
[2019-08-22 05:29:44] spend time is: 590
[2019-08-22 05:29:44] spend time is: 590
[2019-08-22 05:29:44] spend time is: 590
[2019-08-22 05:29:44] spend time is: 590
[2019-08-22 05:29:44] spend time is: 590
[2019-08-22 05:29:44] spend time is: 590
[2019-08-22 05:29:44] spend time is: 590
[2019-08-22 05:29:53] orangehrm-6.1.1.tgz update done.
[2019-08-22 05:29:54] spend time is: 600
Already up to date.
[gh-pages c2824aa] Synchronizing completion at 2019-08-22
 14 files changed, 272 insertions(+), 1 deletion(-)
 rewrite kong-0.16.0.tgz (99%)
 create mode 100644 kong-0.16.1.tgz
 rewrite kube-ops-view-1.1.0.tgz (100%)
 rewrite magento-5.1.4.tgz (99%)
 create mode 100644 mariadb-6.8.1.tgz
 create mode 100644 mediawiki-8.1.1.tgz
 create mode 100644 mongodb-7.2.1.tgz
 create mode 100644 moodle-6.1.1.tgz
 create mode 100644 newrelic-infrastructure-0.13.8.tgz
 create mode 100644 odoo-10.1.1.tgz
 create mode 100644 opencart-6.1.1.tgz
 create mode 100644 orangehrm-6.1.1.tgz
To github.com:babyshen/helm-charts-mirror.git
   5f8188c..c2824aa  gh-pages -> gh-pages
Branch 'gh-pages' set up to track remote branch 'gh-pages' from 'origin'.
[2019-08-22 05:30:04] spend time is: 610
[2019-08-22 05:30:04] spend time is: 610
[2019-08-22 05:30:04] spend time is: 610
[2019-08-22 05:30:04] spend time is: 610
[2019-08-22 05:30:04] spend time is: 610
[2019-08-22 05:30:04] spend time is: 610
[2019-08-22 05:30:04] spend time is: 610
[2019-08-22 05:30:04] spend time is: 610
[2019-08-22 05:30:06] osclass-6.1.1.tgz update done.
[2019-08-22 05:30:14] spend time is: 620
[2019-08-22 05:30:14] spend time is: 620
[2019-08-22 05:30:14] spend time is: 620
[2019-08-22 05:30:14] spend time is: 620
[2019-08-22 05:30:14] spend time is: 620
[2019-08-22 05:30:14] spend time is: 620
[2019-08-22 05:30:14] spend time is: 620
[2019-08-22 05:30:15] owncloud-6.1.1.tgz update done.
[2019-08-22 05:30:24] spend time is: 630
[2019-08-22 05:30:24] spend time is: 630
[2019-08-22 05:30:24] spend time is: 630
[2019-08-22 05:30:24] spend time is: 630
[2019-08-22 05:30:24] spend time is: 630
[2019-08-22 05:30:24] spend time is: 630
[2019-08-22 05:30:24] spend time is: 630
[2019-08-22 05:30:24] spend time is: 630
[2019-08-22 05:30:27] parse-9.1.1.tgz update done.
[2019-08-22 05:30:34] spend time is: 640
[2019-08-22 05:30:34] spend time is: 640
[2019-08-22 05:30:34] spend time is: 640
[2019-08-22 05:30:34] spend time is: 640
[2019-08-22 05:30:34] spend time is: 640
[2019-08-22 05:30:34] spend time is: 640
[2019-08-22 05:30:34] spend time is: 640
[2019-08-22 05:30:34] spend time is: 640
[2019-08-22 05:30:44] spend time is: 650
[2019-08-22 05:30:44] spend time is: 650
[2019-08-22 05:30:44] spend time is: 650
[2019-08-22 05:30:44] spend time is: 650
[2019-08-22 05:30:44] spend time is: 650
[2019-08-22 05:30:44] spend time is: 650
[2019-08-22 05:30:44] spend time is: 650
[2019-08-22 05:30:44] spend time is: 650
[2019-08-22 05:30:54] spend time is: 660
[2019-08-22 05:30:54] spend time is: 660
[2019-08-22 05:30:54] spend time is: 660
[2019-08-22 05:30:54] spend time is: 660
[2019-08-22 05:30:54] spend time is: 660
[2019-08-22 05:30:54] spend time is: 660
[2019-08-22 05:30:54] spend time is: 660
[2019-08-22 05:31:00] phpbb-6.1.1.tgz update done.
[2019-08-22 05:31:04] spend time is: 670
[2019-08-22 05:31:04] spend time is: 670
[2019-08-22 05:31:04] spend time is: 670
[2019-08-22 05:31:04] spend time is: 670
[2019-08-22 05:31:04] spend time is: 670
[2019-08-22 05:31:04] spend time is: 670
[2019-08-22 05:31:04] spend time is: 670
[2019-08-22 05:31:04] spend time is: 670
[2019-08-22 05:31:14] spend time is: 680
[2019-08-22 05:31:14] spend time is: 680
[2019-08-22 05:31:14] spend time is: 680
[2019-08-22 05:31:14] spend time is: 680
[2019-08-22 05:31:14] spend time is: 680
[2019-08-22 05:31:14] spend time is: 680
[2019-08-22 05:31:14] spend time is: 680
[2019-08-22 05:31:14] spend time is: 680
[2019-08-22 05:31:15] postgresql-6.3.1.tgz update done.
[2019-08-22 05:31:24] spend time is: 690
[2019-08-22 05:31:24] spend time is: 690
[2019-08-22 05:31:24] spend time is: 690
[2019-08-22 05:31:24] spend time is: 690
[2019-08-22 05:31:24] spend time is: 690
[2019-08-22 05:31:24] spend time is: 690
[2019-08-22 05:31:24] spend time is: 690
[2019-08-22 05:31:24] spend time is: 690
[2019-08-22 05:31:34] spend time is: 700
[2019-08-22 05:31:34] spend time is: 700
[2019-08-22 05:31:34] spend time is: 700
[2019-08-22 05:31:34] spend time is: 700
[2019-08-22 05:31:34] spend time is: 700
[2019-08-22 05:31:34] spend time is: 700
[2019-08-22 05:31:34] spend time is: 700
[2019-08-22 05:31:37] prestashop-8.1.1.tgz update done.
[2019-08-22 05:31:44] spend time is: 710
[2019-08-22 05:31:44] spend time is: 710
[2019-08-22 05:31:44] spend time is: 710
[2019-08-22 05:31:44] spend time is: 710
[2019-08-22 05:31:44] spend time is: 710
[2019-08-22 05:31:44] spend time is: 710
[2019-08-22 05:31:44] spend time is: 710
[2019-08-22 05:31:45] spend time is: 710
[2019-08-22 05:31:54] spend time is: 720
[2019-08-22 05:31:54] spend time is: 720
[2019-08-22 05:31:54] spend time is: 720
[2019-08-22 05:31:54] spend time is: 720
[2019-08-22 05:31:54] spend time is: 720
[2019-08-22 05:31:54] spend time is: 720
[2019-08-22 05:31:54] spend time is: 720
[2019-08-22 05:32:04] spend time is: 730
[2019-08-22 05:32:04] spend time is: 730
[2019-08-22 05:32:04] spend time is: 730
[2019-08-22 05:32:04] spend time is: 730
[2019-08-22 05:32:04] spend time is: 730
[2019-08-22 05:32:04] spend time is: 730
[2019-08-22 05:32:04] spend time is: 730
[2019-08-22 05:32:04] spend time is: 730
[2019-08-22 05:32:14] spend time is: 740
[2019-08-22 05:32:14] spend time is: 740
[2019-08-22 05:32:14] spend time is: 740
[2019-08-22 05:32:14] spend time is: 740
[2019-08-22 05:32:14] spend time is: 740
[2019-08-22 05:32:14] spend time is: 740
[2019-08-22 05:32:14] spend time is: 740
[2019-08-22 05:32:14] spend time is: 740
[2019-08-22 05:32:15] prometheus-cloudwatch-exporter-0.4.10.tgz update done.
[2019-08-22 05:32:24] spend time is: 750
[2019-08-22 05:32:24] spend time is: 750
[2019-08-22 05:32:24] spend time is: 750
[2019-08-22 05:32:24] spend time is: 750
[2019-08-22 05:32:24] spend time is: 750
[2019-08-22 05:32:24] spend time is: 750
[2019-08-22 05:32:24] spend time is: 750
[2019-08-22 05:32:25] prometheus-operator-6.7.3.tgz update done.
[2019-08-22 05:32:34] spend time is: 760
[2019-08-22 05:32:34] spend time is: 760
[2019-08-22 05:32:34] spend time is: 760
[2019-08-22 05:32:34] spend time is: 760
[2019-08-22 05:32:34] spend time is: 760
[2019-08-22 05:32:34] spend time is: 760
[2019-08-22 05:32:34] spend time is: 760
[2019-08-22 05:32:44] spend time is: 770
[2019-08-22 05:32:44] spend time is: 770
[2019-08-22 05:32:44] spend time is: 770
[2019-08-22 05:32:44] spend time is: 770
[2019-08-22 05:32:44] spend time is: 770
[2019-08-22 05:32:44] spend time is: 770
[2019-08-22 05:32:44] spend time is: 770
[2019-08-22 05:32:44] spend time is: 770
[2019-08-22 05:32:54] spend time is: 780
[2019-08-22 05:32:54] spend time is: 780
[2019-08-22 05:32:54] rabbitmq-6.4.1.tgz update done.
[2019-08-22 05:32:54] spend time is: 780
[2019-08-22 05:32:54] spend time is: 780
[2019-08-22 05:32:54] spend time is: 780
[2019-08-22 05:32:54] spend time is: 780
[2019-08-22 05:33:04] spend time is: 790
[2019-08-22 05:33:04] spend time is: 790
[2019-08-22 05:33:04] spend time is: 790
[2019-08-22 05:33:04] spend time is: 790
[2019-08-22 05:33:04] spend time is: 790
[2019-08-22 05:33:04] spend time is: 790
[2019-08-22 05:33:04] spend time is: 790
[2019-08-22 05:33:04] spend time is: 790
[2019-08-22 05:33:14] spend time is: 800
[2019-08-22 05:33:14] spend time is: 800
[2019-08-22 05:33:14] spend time is: 800
[2019-08-22 05:33:14] spend time is: 800
[2019-08-22 05:33:14] spend time is: 800
[2019-08-22 05:33:14] spend time is: 800
[2019-08-22 05:33:14] spend time is: 800
[2019-08-22 05:33:14] spend time is: 800
[2019-08-22 05:33:24] redis-9.1.1.tgz update done.
[2019-08-22 05:33:24] spend time is: 810
[2019-08-22 05:33:24] spend time is: 810
[2019-08-22 05:33:24] spend time is: 810
[2019-08-22 05:33:24] spend time is: 810
[2019-08-22 05:33:24] spend time is: 810
[2019-08-22 05:33:24] spend time is: 810
[2019-08-22 05:33:34] spend time is: 820
[2019-08-22 05:33:34] spend time is: 820
[2019-08-22 05:33:34] spend time is: 820
[2019-08-22 05:33:34] spend time is: 820
[2019-08-22 05:33:34] spend time is: 820
[2019-08-22 05:33:34] spend time is: 820
[2019-08-22 05:33:34] spend time is: 820
[2019-08-22 05:33:44] spend time is: 830
[2019-08-22 05:33:44] spend time is: 830
[2019-08-22 05:33:44] spend time is: 830
[2019-08-22 05:33:44] spend time is: 830
[2019-08-22 05:33:44] spend time is: 830
[2019-08-22 05:33:44] spend time is: 830
[2019-08-22 05:33:44] spend time is: 830
[2019-08-22 05:33:54] spend time is: 840
[2019-08-22 05:33:54] redmine-12.1.1.tgz update done.
[2019-08-22 05:33:54] spend time is: 840
[2019-08-22 05:33:54] redmine-12.1.0.tgz update done.
[2019-08-22 05:33:54] spend time is: 840
[2019-08-22 05:33:54] spend time is: 840
[2019-08-22 05:33:54] spend time is: 840
[2019-08-22 05:34:04] spend time is: 850
[2019-08-22 05:34:04] spend time is: 850
[2019-08-22 05:34:04] spend time is: 850
[2019-08-22 05:34:04] spend time is: 850
[2019-08-22 05:34:04] spend time is: 850
[2019-08-22 05:34:04] spend time is: 850
[2019-08-22 05:34:04] spend time is: 850
[2019-08-22 05:34:04] spend time is: 850
[2019-08-22 05:34:08] rocketchat-1.1.9.tgz update done.
[2019-08-22 05:34:08] rocketchat-1.1.8.tgz update done.
[2019-08-22 05:34:14] spend time is: 860
[2019-08-22 05:34:14] spend time is: 860
[2019-08-22 05:34:14] spend time is: 860
[2019-08-22 05:34:14] spend time is: 860
[2019-08-22 05:34:14] spend time is: 860
[2019-08-22 05:34:14] spend time is: 860
[2019-08-22 05:34:14] spend time is: 860
[2019-08-22 05:34:14] spend time is: 860
[2019-08-22 05:34:24] spend time is: 870
[2019-08-22 05:34:24] spend time is: 870
[2019-08-22 05:34:24] spend time is: 870
[2019-08-22 05:34:24] spend time is: 870
[2019-08-22 05:34:24] spend time is: 870
[2019-08-22 05:34:24] spend time is: 870
[2019-08-22 05:34:24] spend time is: 870
[2019-08-22 05:34:24] spend time is: 870
[2019-08-22 05:34:34] spend time is: 880
[2019-08-22 05:34:34] spend time is: 880
[2019-08-22 05:34:34] spend time is: 880
[2019-08-22 05:34:34] spend time is: 880
[2019-08-22 05:34:34] spend time is: 880
[2019-08-22 05:34:34] spend time is: 880
[2019-08-22 05:34:34] spend time is: 880
[2019-08-22 05:34:44] spend time is: 890
[2019-08-22 05:34:44] spend time is: 890
[2019-08-22 05:34:44] spend time is: 890
[2019-08-22 05:34:44] spend time is: 890
[2019-08-22 05:34:44] spend time is: 890
[2019-08-22 05:34:44] spend time is: 890
[2019-08-22 05:34:44] spend time is: 890
[2019-08-22 05:34:44] spend time is: 890
[2019-08-22 05:34:54] spend time is: 900
Already up to date.
