Fetching origin
Warning: Permanently added the RSA host key for IP address '140.82.114.3' to the list of known hosts.
From github.com:babyshen/helm-charts-mirror
 * [new branch]      gh-pages   -> origin/gh-pages
 * [new branch]      master     -> origin/master
Previous HEAD position was 6f4bc38 restore bug
Switched to a new branch 'gh-pages'
Branch 'gh-pages' set up to track remote branch 'gh-pages' from 'origin'.
Already up to date.
Branch 'gh-pages' set up to track remote branch 'gh-pages' from 'origin'.
  % Total    % Received % Xferd  Average Speed   Time    Time     Time  Current
                                 Dload  Upload   Total   Spent    Left  Speed
  0     0    0     0    0     0      0      0 --:--:-- --:--:-- --:--:--     0100 6011k  100 6011k    0     0  65.5M      0 --:--:-- --:--:-- --:--:-- 65.9M
[2019-08-30 05:23:57] airflow-4.0.7.tgz update done.
[2019-08-30 05:24:04] spend time is: 60
[2019-08-30 05:24:04] spend time is: 60
[2019-08-30 05:24:04] spend time is: 60
[2019-08-30 05:24:04] spend time is: 60
[2019-08-30 05:24:04] spend time is: 60
[2019-08-30 05:24:04] spend time is: 60
[2019-08-30 05:24:04] spend time is: 60
[2019-08-30 05:24:04] spend time is: 60
[2019-08-30 05:24:04] spend time is: 60
[2019-08-30 05:24:04] spend time is: 60
[2019-08-30 05:24:07] anchore-engine-1.2.1.tgz update done.
[2019-08-30 05:24:14] spend time is: 70
[2019-08-30 05:24:14] spend time is: 70
[2019-08-30 05:24:14] spend time is: 70
[2019-08-30 05:24:14] spend time is: 70
[2019-08-30 05:24:14] spend time is: 70
[2019-08-30 05:24:14] spend time is: 70
[2019-08-30 05:24:14] spend time is: 70
[2019-08-30 05:24:14] spend time is: 70
[2019-08-30 05:24:14] spend time is: 70
[2019-08-30 05:24:24] spend time is: 80
[2019-08-30 05:24:24] spend time is: 80
[2019-08-30 05:24:24] spend time is: 80
[2019-08-30 05:24:24] spend time is: 80
[2019-08-30 05:24:24] spend time is: 80
[2019-08-30 05:24:24] spend time is: 80
[2019-08-30 05:24:24] spend time is: 80
[2019-08-30 05:24:24] spend time is: 80
[2019-08-30 05:24:24] spend time is: 80
[2019-08-30 05:24:34] spend time is: 90
[2019-08-30 05:24:34] spend time is: 90
[2019-08-30 05:24:34] spend time is: 90
[2019-08-30 05:24:34] spend time is: 90
[2019-08-30 05:24:34] spend time is: 90
[2019-08-30 05:24:34] spend time is: 90
[2019-08-30 05:24:34] spend time is: 90
[2019-08-30 05:24:34] spend time is: 90
[2019-08-30 05:24:34] spend time is: 90
[2019-08-30 05:24:34] spend time is: 90
[2019-08-30 05:24:34] spend time is: 90
[2019-08-30 05:24:34] spend time is: 90
[2019-08-30 05:24:37] cloudserver-1.0.3.tgz update done.
[2019-08-30 05:24:42] cluster-overprovisioner-0.2.3.tgz update done.
[2019-08-30 05:24:43] cluster-overprovisioner-0.2.2.tgz update done.
[2019-08-30 05:24:44] spend time is: 100
[2019-08-30 05:24:44] spend time is: 100
[2019-08-30 05:24:44] spend time is: 100
[2019-08-30 05:24:44] spend time is: 100
[2019-08-30 05:24:44] spend time is: 100
[2019-08-30 05:24:44] spend time is: 100
[2019-08-30 05:24:44] spend time is: 100
[2019-08-30 05:24:44] spend time is: 100
[2019-08-30 05:24:44] spend time is: 100
[2019-08-30 05:24:44] spend time is: 100
[2019-08-30 05:24:54] spend time is: 110
[2019-08-30 05:24:54] spend time is: 110
[2019-08-30 05:24:54] spend time is: 110
[2019-08-30 05:24:54] spend time is: 110
[2019-08-30 05:24:54] spend time is: 110
[2019-08-30 05:24:54] spend time is: 110
[2019-08-30 05:24:54] spend time is: 110
[2019-08-30 05:24:54] spend time is: 110
[2019-08-30 05:24:54] spend time is: 110
[2019-08-30 05:24:54] spend time is: 110
[2019-08-30 05:25:04] spend time is: 120
[2019-08-30 05:25:04] spend time is: 120
[2019-08-30 05:25:04] spend time is: 120
[2019-08-30 05:25:04] spend time is: 120
[2019-08-30 05:25:04] spend time is: 120
[2019-08-30 05:25:04] spend time is: 120
[2019-08-30 05:25:04] spend time is: 120
[2019-08-30 05:25:04] spend time is: 120
[2019-08-30 05:25:04] spend time is: 120
[2019-08-30 05:25:04] spend time is: 120
[2019-08-30 05:25:04] spend time is: 120
[2019-08-30 05:25:14] spend time is: 130
[2019-08-30 05:25:14] spend time is: 130
[2019-08-30 05:25:14] spend time is: 130
[2019-08-30 05:25:14] spend time is: 130
[2019-08-30 05:25:14] spend time is: 130
[2019-08-30 05:25:14] spend time is: 130
[2019-08-30 05:25:14] spend time is: 130
[2019-08-30 05:25:14] spend time is: 130
[2019-08-30 05:25:14] spend time is: 130
[2019-08-30 05:25:14] spend time is: 130
[2019-08-30 05:25:14] spend time is: 130
[2019-08-30 05:25:24] spend time is: 140
[2019-08-30 05:25:24] spend time is: 140
[2019-08-30 05:25:24] spend time is: 140
[2019-08-30 05:25:24] spend time is: 140
[2019-08-30 05:25:24] spend time is: 140
[2019-08-30 05:25:24] spend time is: 140
[2019-08-30 05:25:24] spend time is: 140
[2019-08-30 05:25:24] spend time is: 140
[2019-08-30 05:25:24] spend time is: 140
[2019-08-30 05:25:28] distribution-0.4.2.tgz update done.
[2019-08-30 05:25:34] spend time is: 150
[2019-08-30 05:25:34] spend time is: 150
[2019-08-30 05:25:34] spend time is: 150
[2019-08-30 05:25:34] spend time is: 150
[2019-08-30 05:25:34] spend time is: 150
[2019-08-30 05:25:34] spend time is: 150
[2019-08-30 05:25:34] spend time is: 150
[2019-08-30 05:25:34] spend time is: 150
[2019-08-30 05:25:34] spend time is: 150
[2019-08-30 05:25:34] spend time is: 150
[2019-08-30 05:25:44] spend time is: 160
[2019-08-30 05:25:44] spend time is: 160
[2019-08-30 05:25:44] spend time is: 160
[2019-08-30 05:25:44] spend time is: 160
[2019-08-30 05:25:44] spend time is: 160
[2019-08-30 05:25:44] spend time is: 160
[2019-08-30 05:25:44] spend time is: 160
[2019-08-30 05:25:44] spend time is: 160
[2019-08-30 05:25:44] spend time is: 160
[2019-08-30 05:25:44] spend time is: 160
[2019-08-30 05:25:54] spend time is: 170
[2019-08-30 05:25:54] spend time is: 170
[2019-08-30 05:25:54] spend time is: 170
[2019-08-30 05:25:54] spend time is: 170
[2019-08-30 05:25:54] spend time is: 170
[2019-08-30 05:25:54] spend time is: 170
[2019-08-30 05:25:54] spend time is: 170
[2019-08-30 05:25:54] spend time is: 170
[2019-08-30 05:25:54] spend time is: 170
[2019-08-30 05:25:54] spend time is: 170
[2019-08-30 05:25:55] elastic-stack-1.8.0.tgz update done.
[2019-08-30 05:26:04] spend time is: 180
[2019-08-30 05:26:04] spend time is: 180
[2019-08-30 05:26:04] spend time is: 180
[2019-08-30 05:26:04] spend time is: 180
[2019-08-30 05:26:04] spend time is: 180
[2019-08-30 05:26:04] spend time is: 180
[2019-08-30 05:26:04] spend time is: 180
[2019-08-30 05:26:04] spend time is: 180
[2019-08-30 05:26:04] spend time is: 180
[2019-08-30 05:26:05] spend time is: 180
[2019-08-30 05:26:14] spend time is: 190
[2019-08-30 05:26:14] spend time is: 190
[2019-08-30 05:26:14] spend time is: 190
[2019-08-30 05:26:14] spend time is: 190
[2019-08-30 05:26:14] spend time is: 190
[2019-08-30 05:26:14] spend time is: 190
[2019-08-30 05:26:14] spend time is: 190
[2019-08-30 05:26:14] spend time is: 190
[2019-08-30 05:26:14] spend time is: 190
[2019-08-30 05:26:14] spend time is: 190
[2019-08-30 05:26:24] spend time is: 200
[2019-08-30 05:26:24] spend time is: 200
[2019-08-30 05:26:24] spend time is: 200
[2019-08-30 05:26:24] spend time is: 200
[2019-08-30 05:26:24] spend time is: 200
[2019-08-30 05:26:24] spend time is: 200
[2019-08-30 05:26:24] spend time is: 200
[2019-08-30 05:26:24] spend time is: 200
[2019-08-30 05:26:24] spend time is: 200
[2019-08-30 05:26:24] spend time is: 200
[2019-08-30 05:26:34] spend time is: 210
[2019-08-30 05:26:34] spend time is: 210
[2019-08-30 05:26:34] spend time is: 210
[2019-08-30 05:26:34] spend time is: 210
[2019-08-30 05:26:34] spend time is: 210
[2019-08-30 05:26:34] spend time is: 210
[2019-08-30 05:26:34] spend time is: 210
[2019-08-30 05:26:34] spend time is: 210
[2019-08-30 05:26:34] spend time is: 210
[2019-08-30 05:26:43] ghost-7.1.6.tgz update done.
[2019-08-30 05:26:43] ghost-7.1.7.tgz update done.
[2019-08-30 05:26:43] ghost-7.1.5.tgz update done.
[2019-08-30 05:26:44] spend time is: 220
[2019-08-30 05:26:44] spend time is: 220
[2019-08-30 05:26:44] spend time is: 220
[2019-08-30 05:26:44] spend time is: 220
[2019-08-30 05:26:44] spend time is: 220
[2019-08-30 05:26:44] spend time is: 220
[2019-08-30 05:26:44] spend time is: 220
[2019-08-30 05:26:44] spend time is: 220
[2019-08-30 05:26:44] spend time is: 220
[2019-08-30 05:26:44] spend time is: 220
[2019-08-30 05:26:45] spend time is: 220
[2019-08-30 05:26:54] spend time is: 230
[2019-08-30 05:26:54] spend time is: 230
[2019-08-30 05:26:54] spend time is: 230
[2019-08-30 05:26:54] spend time is: 230
[2019-08-30 05:26:54] spend time is: 230
[2019-08-30 05:26:54] spend time is: 230
[2019-08-30 05:26:54] spend time is: 230
[2019-08-30 05:26:54] spend time is: 230
[2019-08-30 05:26:54] spend time is: 230
[2019-08-30 05:26:54] spend time is: 230
[2019-08-30 05:27:04] spend time is: 240
[2019-08-30 05:27:04] spend time is: 240
[2019-08-30 05:27:04] spend time is: 240
[2019-08-30 05:27:04] spend time is: 240
[2019-08-30 05:27:04] spend time is: 240
[2019-08-30 05:27:04] spend time is: 240
[2019-08-30 05:27:04] spend time is: 240
[2019-08-30 05:27:04] spend time is: 240
[2019-08-30 05:27:04] spend time is: 240
[2019-08-30 05:27:05] spend time is: 240
[2019-08-30 05:27:05] spend time is: 240
[2019-08-30 05:27:11] grafana-3.8.5.tgz update done.
[2019-08-30 05:27:14] spend time is: 250
[2019-08-30 05:27:14] spend time is: 250
[2019-08-30 05:27:14] spend time is: 250
[2019-08-30 05:27:14] spend time is: 250
[2019-08-30 05:27:14] spend time is: 250
[2019-08-30 05:27:14] spend time is: 250
[2019-08-30 05:27:14] spend time is: 250
[2019-08-30 05:27:14] spend time is: 250
[2019-08-30 05:27:14] spend time is: 250
[2019-08-30 05:27:14] spend time is: 250
[2019-08-30 05:27:24] spend time is: 260
[2019-08-30 05:27:24] spend time is: 260
[2019-08-30 05:27:24] spend time is: 260
[2019-08-30 05:27:24] spend time is: 260
[2019-08-30 05:27:24] spend time is: 260
[2019-08-30 05:27:24] spend time is: 260
[2019-08-30 05:27:24] spend time is: 260
[2019-08-30 05:27:24] spend time is: 260
[2019-08-30 05:27:24] spend time is: 260
[2019-08-30 05:27:24] spend time is: 260
[2019-08-30 05:27:24] spend time is: 260
[2019-08-30 05:27:28] graylog-1.3.3.tgz update done.
[2019-08-30 05:27:34] spend time is: 270
[2019-08-30 05:27:34] spend time is: 270
[2019-08-30 05:27:34] spend time is: 270
[2019-08-30 05:27:34] spend time is: 270
[2019-08-30 05:27:34] spend time is: 270
[2019-08-30 05:27:34] spend time is: 270
[2019-08-30 05:27:34] spend time is: 270
[2019-08-30 05:27:34] spend time is: 270
[2019-08-30 05:27:34] spend time is: 270
[2019-08-30 05:27:34] spend time is: 270
[2019-08-30 05:27:35] spend time is: 270
[2019-08-30 05:27:41] home-assistant-0.9.6.tgz update done.
[2019-08-30 05:27:44] spend time is: 280
[2019-08-30 05:27:44] spend time is: 280
[2019-08-30 05:27:44] spend time is: 280
[2019-08-30 05:27:44] spend time is: 280
[2019-08-30 05:27:44] spend time is: 280
[2019-08-30 05:27:44] spend time is: 280
[2019-08-30 05:27:44] spend time is: 280
[2019-08-30 05:27:44] spend time is: 280
[2019-08-30 05:27:44] spend time is: 280
[2019-08-30 05:27:44] spend time is: 280
[2019-08-30 05:27:53] janusgraph-0.2.1.tgz update done.
[2019-08-30 05:27:54] spend time is: 290
[2019-08-30 05:27:54] spend time is: 290
[2019-08-30 05:27:54] spend time is: 290
[2019-08-30 05:27:54] spend time is: 290
[2019-08-30 05:27:54] spend time is: 290
[2019-08-30 05:27:54] spend time is: 290
[2019-08-30 05:27:54] spend time is: 290
[2019-08-30 05:27:54] spend time is: 290
[2019-08-30 05:27:54] spend time is: 290
[2019-08-30 05:27:55] spend time is: 290
[2019-08-30 05:28:04] spend time is: 300
[2019-08-30 05:28:04] spend time is: 300
[2019-08-30 05:28:04] spend time is: 300
[2019-08-30 05:28:04] spend time is: 300
Warning: Permanently added the RSA host key for IP address '140.82.114.4' to the list of known hosts.
Already up to date.
Already up to date.
fatal: Unable to create '/home/travis/build/babyshen/helm-charts-mirror/.git/index.lock': File exists.

Another git process seems to be running in this repository, e.g.
an editor opened by 'git commit'. Please make sure all processes
are terminated then try again. If it still fails, a git process
may have crashed in this repository earlier:
remove the file manually to continue.
Already up to date.
fatal: Unable to create '/home/travis/build/babyshen/helm-charts-mirror/.git/index.lock': File exists.

Another git process seems to be running in this repository, e.g.
an editor opened by 'git commit'. Please make sure all processes
are terminated then try again. If it still fails, a git process
may have crashed in this repository earlier:
remove the file manually to continue.
Already up to date.
fatal: Unable to create '/home/travis/build/babyshen/helm-charts-mirror/.git/index.lock': File exists.

Another git process seems to be running in this repository, e.g.
an editor opened by 'git commit'. Please make sure all processes
are terminated then try again. If it still fails, a git process
may have crashed in this repository earlier:
remove the file manually to continue.
[gh-pages dc8fcef] Synchronizing completion at 2019-08-30
 18 files changed, 1237 insertions(+), 299 deletions(-)
 create mode 100644 airflow-4.0.7.tgz
 rewrite anchore-engine-1.2.1.tgz (99%)
 rewrite cloudserver-1.0.3.tgz (99%)
 create mode 100644 cluster-overprovisioner-0.2.2.tgz
 create mode 100644 cluster-overprovisioner-0.2.3.tgz
 rewrite distribution-0.4.2.tgz (99%)
 rewrite elastic-stack-1.8.0.tgz (98%)
 create mode 100644 ghost-7.1.5.tgz
 create mode 100644 ghost-7.1.6.tgz
 create mode 100644 ghost-7.1.7.tgz
 create mode 100644 grafana-3.8.5.tgz
 rewrite graylog-1.3.3.tgz (99%)
 create mode 100644 home-assistant-0.9.6.tgz
 create mode 100644 travis_wait_1918.log
To github.com:babyshen/helm-charts-mirror.git
   de87828..dc8fcef  gh-pages -> gh-pages
Branch 'gh-pages' set up to track remote branch 'gh-pages' from 'origin'.
[2019-08-30 05:28:14] spend time is: 310
[2019-08-30 05:28:14] spend time is: 310
[2019-08-30 05:28:14] spend time is: 310
[2019-08-30 05:28:14] spend time is: 310
[2019-08-30 05:28:14] spend time is: 310
[2019-08-30 05:28:14] spend time is: 310
[2019-08-30 05:28:14] spend time is: 310
[2019-08-30 05:28:14] spend time is: 310
[2019-08-30 05:28:24] spend time is: 320
[2019-08-30 05:28:24] spend time is: 320
[2019-08-30 05:28:24] spend time is: 320
[2019-08-30 05:28:24] spend time is: 320
[2019-08-30 05:28:24] spend time is: 320
[2019-08-30 05:28:24] spend time is: 320
[2019-08-30 05:28:24] spend time is: 320
[2019-08-30 05:28:34] spend time is: 330
[2019-08-30 05:28:34] spend time is: 330
[2019-08-30 05:28:34] spend time is: 330
[2019-08-30 05:28:34] spend time is: 330
[2019-08-30 05:28:34] spend time is: 330
[2019-08-30 05:28:34] spend time is: 330
[2019-08-30 05:28:34] spend time is: 330
[2019-08-30 05:28:44] spend time is: 340
[2019-08-30 05:28:44] spend time is: 340
[2019-08-30 05:28:44] spend time is: 340
[2019-08-30 05:28:44] spend time is: 340
[2019-08-30 05:28:44] spend time is: 340
[2019-08-30 05:28:44] spend time is: 340
[2019-08-30 05:28:44] spend time is: 340
[2019-08-30 05:28:54] spend time is: 350
[2019-08-30 05:28:54] spend time is: 350
[2019-08-30 05:28:54] spend time is: 350
[2019-08-30 05:28:54] spend time is: 350
[2019-08-30 05:28:54] spend time is: 350
[2019-08-30 05:28:54] spend time is: 350
[2019-08-30 05:28:54] spend time is: 350
[2019-08-30 05:28:54] spend time is: 350
[2019-08-30 05:29:04] spend time is: 360
[2019-08-30 05:29:04] spend time is: 360
[2019-08-30 05:29:04] spend time is: 360
[2019-08-30 05:29:04] spend time is: 360
[2019-08-30 05:29:04] spend time is: 360
[2019-08-30 05:29:04] spend time is: 360
[2019-08-30 05:29:04] spend time is: 360
[2019-08-30 05:29:04] spend time is: 360
[2019-08-30 05:29:14] spend time is: 370
[2019-08-30 05:29:14] spend time is: 370
[2019-08-30 05:29:14] spend time is: 370
[2019-08-30 05:29:14] spend time is: 370
[2019-08-30 05:29:14] spend time is: 370
[2019-08-30 05:29:14] spend time is: 370
[2019-08-30 05:29:14] spend time is: 370
[2019-08-30 05:29:14] spend time is: 370
[2019-08-30 05:29:21] kube-ops-view-1.1.0.tgz update done.
[2019-08-30 05:29:24] spend time is: 380
[2019-08-30 05:29:24] spend time is: 380
[2019-08-30 05:29:24] spend time is: 380
[2019-08-30 05:29:24] spend time is: 380
[2019-08-30 05:29:24] spend time is: 380
[2019-08-30 05:29:24] spend time is: 380
[2019-08-30 05:29:24] spend time is: 380
[2019-08-30 05:29:24] spend time is: 380
[2019-08-30 05:29:34] spend time is: 390
[2019-08-30 05:29:34] spend time is: 390
[2019-08-30 05:29:34] spend time is: 390
[2019-08-30 05:29:34] spend time is: 390
[2019-08-30 05:29:34] spend time is: 390
[2019-08-30 05:29:34] spend time is: 390
[2019-08-30 05:29:34] spend time is: 390
[2019-08-30 05:29:34] spend time is: 390
[2019-08-30 05:29:44] spend time is: 400
[2019-08-30 05:29:44] spend time is: 400
[2019-08-30 05:29:44] spend time is: 400
[2019-08-30 05:29:44] spend time is: 400
[2019-08-30 05:29:44] spend time is: 400
[2019-08-30 05:29:44] spend time is: 400
[2019-08-30 05:29:44] spend time is: 400
[2019-08-30 05:29:45] spend time is: 400
[2019-08-30 05:29:54] spend time is: 410
[2019-08-30 05:29:54] spend time is: 410
[2019-08-30 05:29:54] spend time is: 410
[2019-08-30 05:29:54] spend time is: 410
[2019-08-30 05:29:54] spend time is: 410
[2019-08-30 05:29:54] spend time is: 410
[2019-08-30 05:29:54] spend time is: 410
[2019-08-30 05:29:54] spend time is: 410
[2019-08-30 05:30:04] spend time is: 420
[2019-08-30 05:30:04] spend time is: 420
[2019-08-30 05:30:04] spend time is: 420
[2019-08-30 05:30:04] spend time is: 420
[2019-08-30 05:30:04] spend time is: 420
[2019-08-30 05:30:04] spend time is: 420
[2019-08-30 05:30:04] spend time is: 420
[2019-08-30 05:30:04] spend time is: 420
[2019-08-30 05:30:09] mariadb-6.8.3.tgz update done.
[2019-08-30 05:30:14] spend time is: 430
[2019-08-30 05:30:14] spend time is: 430
[2019-08-30 05:30:14] spend time is: 430
[2019-08-30 05:30:14] spend time is: 430
[2019-08-30 05:30:14] spend time is: 430
[2019-08-30 05:30:14] spend time is: 430
[2019-08-30 05:30:14] spend time is: 430
[2019-08-30 05:30:24] spend time is: 440
[2019-08-30 05:30:24] spend time is: 440
[2019-08-30 05:30:24] spend time is: 440
[2019-08-30 05:30:24] spend time is: 440
[2019-08-30 05:30:24] spend time is: 440
[2019-08-30 05:30:24] spend time is: 440
[2019-08-30 05:30:24] spend time is: 440
[2019-08-30 05:30:34] spend time is: 450
[2019-08-30 05:30:34] spend time is: 450
[2019-08-30 05:30:34] spend time is: 450
[2019-08-30 05:30:34] spend time is: 450
[2019-08-30 05:30:34] spend time is: 450
[2019-08-30 05:30:34] spend time is: 450
[2019-08-30 05:30:34] spend time is: 450
[2019-08-30 05:30:34] spend time is: 450
[2019-08-30 05:30:44] spend time is: 460
[2019-08-30 05:30:44] spend time is: 460
[2019-08-30 05:30:44] spend time is: 460
[2019-08-30 05:30:44] spend time is: 460
[2019-08-30 05:30:44] spend time is: 460
[2019-08-30 05:30:44] spend time is: 460
[2019-08-30 05:30:44] spend time is: 460
[2019-08-30 05:30:54] spend time is: 470
[2019-08-30 05:30:54] spend time is: 470
[2019-08-30 05:30:54] spend time is: 470
[2019-08-30 05:30:54] spend time is: 470
[2019-08-30 05:30:54] spend time is: 470
[2019-08-30 05:30:54] spend time is: 470
[2019-08-30 05:30:55] metrics-server-2.8.4.tgz update done.
[2019-08-30 05:30:55] spend time is: 470
[2019-08-30 05:30:55] metrics-server-2.8.3.tgz update done.
[2019-08-30 05:31:04] spend time is: 480
[2019-08-30 05:31:04] spend time is: 480
[2019-08-30 05:31:04] spend time is: 480
[2019-08-30 05:31:04] spend time is: 480
[2019-08-30 05:31:04] spend time is: 480
[2019-08-30 05:31:04] spend time is: 480
[2019-08-30 05:31:04] spend time is: 480
[2019-08-30 05:31:14] spend time is: 490
[2019-08-30 05:31:14] spend time is: 490
[2019-08-30 05:31:14] spend time is: 490
[2019-08-30 05:31:14] spend time is: 490
[2019-08-30 05:31:14] spend time is: 490
[2019-08-30 05:31:14] spend time is: 490
[2019-08-30 05:31:14] spend time is: 490
[2019-08-30 05:31:24] spend time is: 500
[2019-08-30 05:31:24] spend time is: 500
[2019-08-30 05:31:24] spend time is: 500
[2019-08-30 05:31:24] spend time is: 500
[2019-08-30 05:31:24] spend time is: 500
[2019-08-30 05:31:24] spend time is: 500
[2019-08-30 05:31:24] spend time is: 500
[2019-08-30 05:31:24] spend time is: 500
[2019-08-30 05:31:34] spend time is: 510
[2019-08-30 05:31:34] spend time is: 510
[2019-08-30 05:31:34] spend time is: 510
[2019-08-30 05:31:34] spend time is: 510
[2019-08-30 05:31:34] spend time is: 510
[2019-08-30 05:31:34] spend time is: 510
[2019-08-30 05:31:34] spend time is: 510
[2019-08-30 05:31:34] spend time is: 510
[2019-08-30 05:31:44] spend time is: 520
[2019-08-30 05:31:44] spend time is: 520
[2019-08-30 05:31:44] spend time is: 520
[2019-08-30 05:31:44] spend time is: 520
[2019-08-30 05:31:44] spend time is: 520
[2019-08-30 05:31:44] spend time is: 520
[2019-08-30 05:31:44] spend time is: 520
[2019-08-30 05:31:44] spend time is: 520
[2019-08-30 05:31:54] spend time is: 530
[2019-08-30 05:31:54] spend time is: 530
[2019-08-30 05:31:54] spend time is: 530
[2019-08-30 05:31:54] spend time is: 530
[2019-08-30 05:31:54] spend time is: 530
[2019-08-30 05:31:54] spend time is: 530
[2019-08-30 05:31:54] spend time is: 530
[2019-08-30 05:31:54] spend time is: 530
[2019-08-30 05:32:04] spend time is: 540
[2019-08-30 05:32:04] spend time is: 540
[2019-08-30 05:32:04] spend time is: 540
[2019-08-30 05:32:04] spend time is: 540
[2019-08-30 05:32:04] spend time is: 540
[2019-08-30 05:32:04] spend time is: 540
[2019-08-30 05:32:04] spend time is: 540
[2019-08-30 05:32:04] spend time is: 540
[2019-08-30 05:32:14] spend time is: 550
[2019-08-30 05:32:14] spend time is: 550
[2019-08-30 05:32:14] spend time is: 550
[2019-08-30 05:32:14] spend time is: 550
[2019-08-30 05:32:14] spend time is: 550
[2019-08-30 05:32:14] spend time is: 550
[2019-08-30 05:32:14] spend time is: 550
[2019-08-30 05:32:14] spend time is: 550
[2019-08-30 05:32:19] nextcloud-1.7.1.tgz update done.
[2019-08-30 05:32:24] spend time is: 560
[2019-08-30 05:32:24] spend time is: 560
[2019-08-30 05:32:24] spend time is: 560
[2019-08-30 05:32:24] spend time is: 560
[2019-08-30 05:32:24] spend time is: 560
[2019-08-30 05:32:24] spend time is: 560
[2019-08-30 05:32:24] spend time is: 560
[2019-08-30 05:32:24] spend time is: 560
[2019-08-30 05:32:34] spend time is: 570
[2019-08-30 05:32:34] spend time is: 570
[2019-08-30 05:32:34] spend time is: 570
[2019-08-30 05:32:34] spend time is: 570
[2019-08-30 05:32:34] spend time is: 570
[2019-08-30 05:32:34] spend time is: 570
[2019-08-30 05:32:34] spend time is: 570
[2019-08-30 05:32:34] spend time is: 570
[2019-08-30 05:32:44] spend time is: 580
[2019-08-30 05:32:44] spend time is: 580
[2019-08-30 05:32:44] spend time is: 580
[2019-08-30 05:32:44] spend time is: 580
[2019-08-30 05:32:44] spend time is: 580
[2019-08-30 05:32:44] spend time is: 580
[2019-08-30 05:32:44] spend time is: 580
[2019-08-30 05:32:44] spend time is: 580
[2019-08-30 05:32:52] odoo-11.0.0.tgz update done.
[2019-08-30 05:32:53] odoo-10.1.3.tgz update done.
[2019-08-30 05:32:54] spend time is: 590
[2019-08-30 05:32:54] spend time is: 590
[2019-08-30 05:32:54] spend time is: 590
[2019-08-30 05:32:54] spend time is: 590
[2019-08-30 05:32:54] spend time is: 590
[2019-08-30 05:32:54] spend time is: 590
[2019-08-30 05:32:54] spend time is: 590
[2019-08-30 05:32:54] spend time is: 590
[2019-08-30 05:33:04] spend time is: 600
Warning: Permanently added the RSA host key for IP address '192.30.253.113' to the list of known hosts.
Already up to date.
[gh-pages aac3700] Synchronizing completion at 2019-08-30
 9 files changed, 253 insertions(+), 1 deletion(-)
 rewrite kube-ops-view-1.1.0.tgz (97%)
 create mode 100644 mariadb-6.8.3.tgz
 create mode 100644 metrics-server-2.8.3.tgz
 create mode 100644 metrics-server-2.8.4.tgz
 create mode 100644 nextcloud-1.7.1.tgz
 create mode 100644 odoo-10.1.3.tgz
 create mode 100644 odoo-11.0.0.tgz
To github.com:babyshen/helm-charts-mirror.git
   dc8fcef..aac3700  gh-pages -> gh-pages
Branch 'gh-pages' set up to track remote branch 'gh-pages' from 'origin'.
[2019-08-30 05:33:14] spend time is: 610
[2019-08-30 05:33:14] spend time is: 610
[2019-08-30 05:33:14] spend time is: 610
[2019-08-30 05:33:14] spend time is: 610
[2019-08-30 05:33:14] spend time is: 610
[2019-08-30 05:33:14] spend time is: 610
[2019-08-30 05:33:14] spend time is: 610
[2019-08-30 05:33:14] spend time is: 610
[2019-08-30 05:33:22] openebs-1.1.3.tgz update done.
[2019-08-30 05:33:24] spend time is: 620
[2019-08-30 05:33:24] spend time is: 620
[2019-08-30 05:33:24] spend time is: 620
[2019-08-30 05:33:24] spend time is: 620
[2019-08-30 05:33:24] spend time is: 620
[2019-08-30 05:33:24] spend time is: 620
[2019-08-30 05:33:24] spend time is: 620
[2019-08-30 05:33:24] spend time is: 620
[2019-08-30 05:33:27] openvpn-3.13.9.tgz update done.
[2019-08-30 05:33:34] spend time is: 630
[2019-08-30 05:33:34] spend time is: 630
[2019-08-30 05:33:34] spend time is: 630
[2019-08-30 05:33:34] spend time is: 630
[2019-08-30 05:33:34] spend time is: 630
[2019-08-30 05:33:34] spend time is: 630
[2019-08-30 05:33:34] spend time is: 630
[2019-08-30 05:33:34] spend time is: 630
[2019-08-30 05:33:44] spend time is: 640
[2019-08-30 05:33:44] spend time is: 640
[2019-08-30 05:33:44] spend time is: 640
[2019-08-30 05:33:44] spend time is: 640
[2019-08-30 05:33:44] spend time is: 640
[2019-08-30 05:33:44] spend time is: 640
[2019-08-30 05:33:44] spend time is: 640
[2019-08-30 05:33:44] spend time is: 640
[2019-08-30 05:33:54] spend time is: 650
[2019-08-30 05:33:54] spend time is: 650
[2019-08-30 05:33:54] spend time is: 650
[2019-08-30 05:33:54] spend time is: 650
[2019-08-30 05:33:54] spend time is: 650
[2019-08-30 05:33:54] spend time is: 650
[2019-08-30 05:33:54] spend time is: 650
[2019-08-30 05:33:54] spend time is: 650
[2019-08-30 05:34:04] spend time is: 660
[2019-08-30 05:34:04] spend time is: 660
[2019-08-30 05:34:04] spend time is: 660
[2019-08-30 05:34:04] spend time is: 660
[2019-08-30 05:34:04] spend time is: 660
[2019-08-30 05:34:04] spend time is: 660
[2019-08-30 05:34:04] spend time is: 660
[2019-08-30 05:34:04] spend time is: 660
[2019-08-30 05:34:14] spend time is: 670
[2019-08-30 05:34:14] spend time is: 670
[2019-08-30 05:34:14] spend time is: 670
[2019-08-30 05:34:14] spend time is: 670
[2019-08-30 05:34:14] spend time is: 670
[2019-08-30 05:34:14] spend time is: 670
[2019-08-30 05:34:14] spend time is: 670
[2019-08-30 05:34:18] phabricator-7.0.1.tgz update done.
[2019-08-30 05:34:24] spend time is: 680
[2019-08-30 05:34:24] spend time is: 680
[2019-08-30 05:34:24] spend time is: 680
[2019-08-30 05:34:24] spend time is: 680
[2019-08-30 05:34:24] spend time is: 680
[2019-08-30 05:34:24] spend time is: 680
[2019-08-30 05:34:24] spend time is: 680
[2019-08-30 05:34:24] spend time is: 680
[2019-08-30 05:34:34] spend time is: 690
[2019-08-30 05:34:34] spend time is: 690
[2019-08-30 05:34:34] spend time is: 690
[2019-08-30 05:34:34] spend time is: 690
[2019-08-30 05:34:34] spend time is: 690
[2019-08-30 05:34:34] spend time is: 690
[2019-08-30 05:34:34] spend time is: 690
[2019-08-30 05:34:34] spend time is: 690
[2019-08-30 05:34:44] spend time is: 700
[2019-08-30 05:34:44] spend time is: 700
[2019-08-30 05:34:44] spend time is: 700
[2019-08-30 05:34:44] spend time is: 700
[2019-08-30 05:34:44] spend time is: 700
[2019-08-30 05:34:44] spend time is: 700
[2019-08-30 05:34:44] spend time is: 700
[2019-08-30 05:34:54] spend time is: 710
[2019-08-30 05:34:54] spend time is: 710
[2019-08-30 05:34:54] spend time is: 710
[2019-08-30 05:34:54] spend time is: 710
[2019-08-30 05:34:54] spend time is: 710
[2019-08-30 05:34:54] spend time is: 710
[2019-08-30 05:34:54] spend time is: 710
[2019-08-30 05:34:54] spend time is: 710
[2019-08-30 05:35:04] spend time is: 720
[2019-08-30 05:35:04] spend time is: 720
[2019-08-30 05:35:04] spend time is: 720
[2019-08-30 05:35:04] spend time is: 720
[2019-08-30 05:35:04] spend time is: 720
[2019-08-30 05:35:04] spend time is: 720
[2019-08-30 05:35:04] spend time is: 720
[2019-08-30 05:35:04] spend time is: 720
[2019-08-30 05:35:14] spend time is: 730
[2019-08-30 05:35:14] spend time is: 730
[2019-08-30 05:35:14] spend time is: 730
[2019-08-30 05:35:14] spend time is: 730
[2019-08-30 05:35:14] spend time is: 730
[2019-08-30 05:35:14] spend time is: 730
[2019-08-30 05:35:14] spend time is: 730
[2019-08-30 05:35:24] spend time is: 740
[2019-08-30 05:35:24] spend time is: 740
[2019-08-30 05:35:24] spend time is: 740
[2019-08-30 05:35:24] spend time is: 740
[2019-08-30 05:35:24] spend time is: 740
[2019-08-30 05:35:24] spend time is: 740
[2019-08-30 05:35:24] spend time is: 740
[2019-08-30 05:35:24] spend time is: 740
[2019-08-30 05:35:34] spend time is: 750
[2019-08-30 05:35:34] spend time is: 750
[2019-08-30 05:35:34] spend time is: 750
[2019-08-30 05:35:34] spend time is: 750
[2019-08-30 05:35:34] spend time is: 750
[2019-08-30 05:35:34] spend time is: 750
[2019-08-30 05:35:34] spend time is: 750
[2019-08-30 05:35:34] spend time is: 750
[2019-08-30 05:35:44] spend time is: 760
[2019-08-30 05:35:44] spend time is: 760
[2019-08-30 05:35:44] spend time is: 760
[2019-08-30 05:35:44] spend time is: 760
[2019-08-30 05:35:44] spend time is: 760
[2019-08-30 05:35:44] spend time is: 760
[2019-08-30 05:35:44] spend time is: 760
[2019-08-30 05:35:54] spend time is: 770
[2019-08-30 05:35:54] spend time is: 770
[2019-08-30 05:35:54] spend time is: 770
[2019-08-30 05:35:54] spend time is: 770
[2019-08-30 05:35:54] spend time is: 770
[2019-08-30 05:35:54] spend time is: 770
[2019-08-30 05:35:54] spend time is: 770
[2019-08-30 05:35:54] spend time is: 770
[2019-08-30 05:36:04] spend time is: 780
[2019-08-30 05:36:04] spend time is: 780
[2019-08-30 05:36:04] spend time is: 780
[2019-08-30 05:36:04] spend time is: 780
[2019-08-30 05:36:04] spend time is: 780
[2019-08-30 05:36:04] spend time is: 780
[2019-08-30 05:36:04] spend time is: 780
[2019-08-30 05:36:14] spend time is: 790
[2019-08-30 05:36:14] spend time is: 790
[2019-08-30 05:36:14] spend time is: 790
[2019-08-30 05:36:14] spend time is: 790
[2019-08-30 05:36:14] spend time is: 790
[2019-08-30 05:36:14] spend time is: 790
[2019-08-30 05:36:14] spend time is: 790
[2019-08-30 05:36:15] spend time is: 790
[2019-08-30 05:36:24] spend time is: 800
[2019-08-30 05:36:24] spend time is: 800
[2019-08-30 05:36:24] spend time is: 800
[2019-08-30 05:36:24] spend time is: 800
[2019-08-30 05:36:24] spend time is: 800
[2019-08-30 05:36:24] spend time is: 800
[2019-08-30 05:36:24] spend time is: 800
[2019-08-30 05:36:34] spend time is: 810
[2019-08-30 05:36:34] spend time is: 810
[2019-08-30 05:36:34] spend time is: 810
[2019-08-30 05:36:34] spend time is: 810
[2019-08-30 05:36:34] spend time is: 810
[2019-08-30 05:36:34] spend time is: 810
[2019-08-30 05:36:34] spend time is: 810
[2019-08-30 05:36:44] spend time is: 820
[2019-08-30 05:36:44] spend time is: 820
[2019-08-30 05:36:44] spend time is: 820
[2019-08-30 05:36:44] spend time is: 820
[2019-08-30 05:36:44] spend time is: 820
[2019-08-30 05:36:44] spend time is: 820
[2019-08-30 05:36:44] spend time is: 820
[2019-08-30 05:36:44] spend time is: 820
[2019-08-30 05:36:54] rabbitmq-ha-1.32.0.tgz update done.
[2019-08-30 05:36:54] spend time is: 830
[2019-08-30 05:36:54] spend time is: 830
[2019-08-30 05:36:54] spend time is: 830
[2019-08-30 05:36:54] spend time is: 830
[2019-08-30 05:36:54] spend time is: 830
[2019-08-30 05:36:54] spend time is: 830
[2019-08-30 05:37:04] spend time is: 840
[2019-08-30 05:37:04] spend time is: 840
[2019-08-30 05:37:04] spend time is: 840
[2019-08-30 05:37:04] spend time is: 840
[2019-08-30 05:37:04] spend time is: 840
[2019-08-30 05:37:04] spend time is: 840
[2019-08-30 05:37:04] spend time is: 840
[2019-08-30 05:37:04] spend time is: 840
[2019-08-30 05:37:14] spend time is: 850
[2019-08-30 05:37:14] spend time is: 850
[2019-08-30 05:37:14] spend time is: 850
[2019-08-30 05:37:14] spend time is: 850
[2019-08-30 05:37:14] spend time is: 850
[2019-08-30 05:37:14] spend time is: 850
[2019-08-30 05:37:14] spend time is: 850
[2019-08-30 05:37:24] spend time is: 860
[2019-08-30 05:37:24] spend time is: 860
[2019-08-30 05:37:24] spend time is: 860
[2019-08-30 05:37:24] spend time is: 860
[2019-08-30 05:37:24] spend time is: 860
[2019-08-30 05:37:24] spend time is: 860
[2019-08-30 05:37:24] spend time is: 860
[2019-08-30 05:37:24] spend time is: 860
[2019-08-30 05:37:28] redis-ha-3.7.2.tgz update done.
[2019-08-30 05:37:34] spend time is: 870
[2019-08-30 05:37:34] spend time is: 870
[2019-08-30 05:37:34] spend time is: 870
[2019-08-30 05:37:34] spend time is: 870
[2019-08-30 05:37:34] spend time is: 870
[2019-08-30 05:37:34] spend time is: 870
[2019-08-30 05:37:34] spend time is: 870
[2019-08-30 05:37:35] redmine-12.2.0.tgz update done.
[2019-08-30 05:37:44] spend time is: 880
[2019-08-30 05:37:44] spend time is: 880
[2019-08-30 05:37:44] spend time is: 880
[2019-08-30 05:37:44] spend time is: 880
[2019-08-30 05:37:44] spend time is: 880
[2019-08-30 05:37:44] spend time is: 880
[2019-08-30 05:37:44] spend time is: 880
[2019-08-30 05:37:54] spend time is: 890
[2019-08-30 05:37:54] spend time is: 890
[2019-08-30 05:37:54] spend time is: 890
[2019-08-30 05:37:54] spend time is: 890
[2019-08-30 05:37:54] spend time is: 890
[2019-08-30 05:37:54] spend time is: 890
[2019-08-30 05:37:54] spend time is: 890
[2019-08-30 05:37:54] spend time is: 890
[2019-08-30 05:38:04] spend time is: 900
Warning: Permanently added the RSA host key for IP address '140.82.113.3' to the list of known hosts.
Already up to date.
