Fetching origin
Warning: Permanently added the RSA host key for IP address '140.82.114.3' to the list of known hosts.
From github.com:babyshen/helm-charts-mirror
 * [new branch]      gh-pages   -> origin/gh-pages
 * [new branch]      master     -> origin/master
Previous HEAD position was 6f4bc38 restore bug
Switched to a new branch 'gh-pages'
Branch 'gh-pages' set up to track remote branch 'gh-pages' from 'origin'.
Already up to date.
Branch 'gh-pages' set up to track remote branch 'gh-pages' from 'origin'.
  % Total    % Received % Xferd  Average Speed   Time    Time     Time  Current
                                 Dload  Upload   Total   Spent    Left  Speed
  0     0    0     0    0     0      0      0 --:--:-- --:--:-- --:--:--     0100 6327k  100 6327k    0     0  50.6M      0 --:--:-- --:--:-- --:--:-- 51.0M
[2019-10-01 05:39:35] airflow-4.1.0.tgz update done.
[2019-10-01 05:39:42] spend time is: 60
[2019-10-01 05:39:42] spend time is: 60
[2019-10-01 05:39:42] spend time is: 60
[2019-10-01 05:39:42] spend time is: 60
[2019-10-01 05:39:42] spend time is: 60
[2019-10-01 05:39:42] spend time is: 60
[2019-10-01 05:39:42] spend time is: 60
[2019-10-01 05:39:42] spend time is: 60
[2019-10-01 05:39:42] spend time is: 60
[2019-10-01 05:39:42] spend time is: 60
[2019-10-01 05:39:52] spend time is: 70
[2019-10-01 05:39:52] spend time is: 70
[2019-10-01 05:39:52] spend time is: 70
[2019-10-01 05:39:52] spend time is: 70
[2019-10-01 05:39:52] spend time is: 70
[2019-10-01 05:39:52] spend time is: 70
[2019-10-01 05:39:52] spend time is: 70
[2019-10-01 05:39:52] spend time is: 70
[2019-10-01 05:39:52] spend time is: 70
[2019-10-01 05:39:52] spend time is: 70
[2019-10-01 05:40:02] spend time is: 80
[2019-10-01 05:40:02] spend time is: 80
[2019-10-01 05:40:02] spend time is: 80
[2019-10-01 05:40:02] spend time is: 80
[2019-10-01 05:40:02] spend time is: 80
[2019-10-01 05:40:02] spend time is: 80
[2019-10-01 05:40:02] spend time is: 80
[2019-10-01 05:40:02] spend time is: 80
[2019-10-01 05:40:03] spend time is: 80
[2019-10-01 05:40:03] spend time is: 80
[2019-10-01 05:40:12] spend time is: 90
[2019-10-01 05:40:12] spend time is: 90
[2019-10-01 05:40:12] spend time is: 90
[2019-10-01 05:40:12] spend time is: 90
[2019-10-01 05:40:12] spend time is: 90
[2019-10-01 05:40:12] spend time is: 90
[2019-10-01 05:40:12] spend time is: 90
[2019-10-01 05:40:12] spend time is: 90
[2019-10-01 05:40:12] spend time is: 90
[2019-10-01 05:40:13] spend time is: 90
[2019-10-01 05:40:22] spend time is: 100
[2019-10-01 05:40:22] spend time is: 100
[2019-10-01 05:40:22] spend time is: 100
[2019-10-01 05:40:22] spend time is: 100
[2019-10-01 05:40:22] spend time is: 100
[2019-10-01 05:40:22] spend time is: 100
[2019-10-01 05:40:22] spend time is: 100
[2019-10-01 05:40:22] spend time is: 100
[2019-10-01 05:40:22] spend time is: 100
[2019-10-01 05:40:22] spend time is: 100
[2019-10-01 05:40:27] cluster-overprovisioner-0.2.5.tgz update done.
[2019-10-01 05:40:32] spend time is: 110
[2019-10-01 05:40:32] spend time is: 110
[2019-10-01 05:40:32] spend time is: 110
[2019-10-01 05:40:32] spend time is: 110
[2019-10-01 05:40:32] spend time is: 110
[2019-10-01 05:40:32] spend time is: 110
[2019-10-01 05:40:32] spend time is: 110
[2019-10-01 05:40:32] spend time is: 110
[2019-10-01 05:40:32] spend time is: 110
[2019-10-01 05:40:32] spend time is: 110
[2019-10-01 05:40:42] spend time is: 120
[2019-10-01 05:40:42] spend time is: 120
[2019-10-01 05:40:42] spend time is: 120
[2019-10-01 05:40:42] spend time is: 120
[2019-10-01 05:40:42] spend time is: 120
[2019-10-01 05:40:42] spend time is: 120
[2019-10-01 05:40:42] spend time is: 120
[2019-10-01 05:40:42] spend time is: 120
[2019-10-01 05:40:42] spend time is: 120
[2019-10-01 05:40:52] spend time is: 130
[2019-10-01 05:40:52] spend time is: 130
[2019-10-01 05:40:52] spend time is: 130
[2019-10-01 05:40:52] spend time is: 130
[2019-10-01 05:40:52] spend time is: 130
[2019-10-01 05:40:52] spend time is: 130
[2019-10-01 05:40:52] spend time is: 130
[2019-10-01 05:40:52] spend time is: 130
[2019-10-01 05:40:53] spend time is: 130
[2019-10-01 05:41:00] dask-3.1.0.tgz update done.
[2019-10-01 05:41:02] spend time is: 140
[2019-10-01 05:41:02] spend time is: 140
[2019-10-01 05:41:02] spend time is: 140
[2019-10-01 05:41:02] spend time is: 140
[2019-10-01 05:41:02] spend time is: 140
[2019-10-01 05:41:02] spend time is: 140
[2019-10-01 05:41:02] spend time is: 140
[2019-10-01 05:41:02] spend time is: 140
[2019-10-01 05:41:03] spend time is: 140
[2019-10-01 05:41:12] spend time is: 150
[2019-10-01 05:41:12] spend time is: 150
[2019-10-01 05:41:12] spend time is: 150
[2019-10-01 05:41:12] spend time is: 150
[2019-10-01 05:41:12] spend time is: 150
[2019-10-01 05:41:12] spend time is: 150
[2019-10-01 05:41:12] spend time is: 150
[2019-10-01 05:41:12] spend time is: 150
[2019-10-01 05:41:13] spend time is: 150
[2019-10-01 05:41:22] spend time is: 160
[2019-10-01 05:41:22] spend time is: 160
[2019-10-01 05:41:22] spend time is: 160
[2019-10-01 05:41:22] spend time is: 160
[2019-10-01 05:41:22] spend time is: 160
[2019-10-01 05:41:22] spend time is: 160
[2019-10-01 05:41:22] spend time is: 160
[2019-10-01 05:41:22] spend time is: 160
[2019-10-01 05:41:32] spend time is: 170
[2019-10-01 05:41:32] spend time is: 170
[2019-10-01 05:41:32] spend time is: 170
[2019-10-01 05:41:32] spend time is: 170
[2019-10-01 05:41:32] spend time is: 170
[2019-10-01 05:41:32] spend time is: 170
[2019-10-01 05:41:32] spend time is: 170
[2019-10-01 05:41:32] spend time is: 170
[2019-10-01 05:41:32] spend time is: 170
[2019-10-01 05:41:32] spend time is: 170
[2019-10-01 05:41:32] spend time is: 170
[2019-10-01 05:41:42] spend time is: 180
[2019-10-01 05:41:42] spend time is: 180
[2019-10-01 05:41:42] spend time is: 180
[2019-10-01 05:41:42] spend time is: 180
[2019-10-01 05:41:42] spend time is: 180
[2019-10-01 05:41:42] spend time is: 180
[2019-10-01 05:41:42] spend time is: 180
[2019-10-01 05:41:42] spend time is: 180
[2019-10-01 05:41:42] spend time is: 180
[2019-10-01 05:41:51] elastic-stack-1.8.0.tgz update done.
[2019-10-01 05:41:52] spend time is: 190
[2019-10-01 05:41:52] spend time is: 190
[2019-10-01 05:41:52] spend time is: 190
[2019-10-01 05:41:52] spend time is: 190
[2019-10-01 05:41:52] spend time is: 190
[2019-10-01 05:41:52] spend time is: 190
[2019-10-01 05:41:52] spend time is: 190
[2019-10-01 05:41:52] spend time is: 190
[2019-10-01 05:41:52] spend time is: 190
[2019-10-01 05:41:52] spend time is: 190
[2019-10-01 05:42:01] envoy-1.6.0.tgz update done.
[2019-10-01 05:42:02] spend time is: 200
[2019-10-01 05:42:02] spend time is: 200
[2019-10-01 05:42:02] spend time is: 200
[2019-10-01 05:42:02] spend time is: 200
[2019-10-01 05:42:02] spend time is: 200
[2019-10-01 05:42:02] spend time is: 200
[2019-10-01 05:42:02] spend time is: 200
[2019-10-01 05:42:02] spend time is: 200
[2019-10-01 05:42:02] spend time is: 200
[2019-10-01 05:42:12] spend time is: 210
[2019-10-01 05:42:12] spend time is: 210
[2019-10-01 05:42:12] spend time is: 210
[2019-10-01 05:42:12] spend time is: 210
[2019-10-01 05:42:12] spend time is: 210
[2019-10-01 05:42:12] spend time is: 210
[2019-10-01 05:42:12] spend time is: 210
[2019-10-01 05:42:12] spend time is: 210
[2019-10-01 05:42:12] spend time is: 210
[2019-10-01 05:42:22] spend time is: 220
[2019-10-01 05:42:22] spend time is: 220
[2019-10-01 05:42:22] spend time is: 220
[2019-10-01 05:42:22] spend time is: 220
[2019-10-01 05:42:22] spend time is: 220
[2019-10-01 05:42:22] spend time is: 220
[2019-10-01 05:42:22] spend time is: 220
[2019-10-01 05:42:22] spend time is: 220
[2019-10-01 05:42:22] spend time is: 220
[2019-10-01 05:42:32] spend time is: 230
[2019-10-01 05:42:32] spend time is: 230
[2019-10-01 05:42:32] spend time is: 230
[2019-10-01 05:42:32] spend time is: 230
[2019-10-01 05:42:32] spend time is: 230
[2019-10-01 05:42:32] spend time is: 230
[2019-10-01 05:42:32] spend time is: 230
[2019-10-01 05:42:32] spend time is: 230
[2019-10-01 05:42:42] spend time is: 240
[2019-10-01 05:42:42] spend time is: 240
[2019-10-01 05:42:42] spend time is: 240
[2019-10-01 05:42:42] spend time is: 240
[2019-10-01 05:42:42] spend time is: 240
[2019-10-01 05:42:42] spend time is: 240
[2019-10-01 05:42:42] spend time is: 240
[2019-10-01 05:42:42] spend time is: 240
[2019-10-01 05:42:52] spend time is: 250
[2019-10-01 05:42:52] spend time is: 250
[2019-10-01 05:42:52] spend time is: 250
[2019-10-01 05:42:52] spend time is: 250
[2019-10-01 05:42:52] spend time is: 250
[2019-10-01 05:42:52] spend time is: 250
[2019-10-01 05:42:52] spend time is: 250
[2019-10-01 05:42:52] spend time is: 250
[2019-10-01 05:42:52] spend time is: 250
[2019-10-01 05:43:02] spend time is: 260
[2019-10-01 05:43:02] spend time is: 260
[2019-10-01 05:43:02] spend time is: 260
[2019-10-01 05:43:02] spend time is: 260
[2019-10-01 05:43:02] spend time is: 260
[2019-10-01 05:43:02] spend time is: 260
[2019-10-01 05:43:02] spend time is: 260
[2019-10-01 05:43:02] spend time is: 260
[2019-10-01 05:43:02] spend time is: 260
[2019-10-01 05:43:07] gitlab-ee-0.2.2.tgz update done.
[2019-10-01 05:43:12] spend time is: 270
[2019-10-01 05:43:12] spend time is: 270
[2019-10-01 05:43:12] spend time is: 270
[2019-10-01 05:43:12] spend time is: 270
[2019-10-01 05:43:12] spend time is: 270
[2019-10-01 05:43:12] spend time is: 270
[2019-10-01 05:43:12] spend time is: 270
[2019-10-01 05:43:12] spend time is: 270
[2019-10-01 05:43:12] spend time is: 270
[2019-10-01 05:43:22] spend time is: 280
[2019-10-01 05:43:22] spend time is: 280
[2019-10-01 05:43:22] spend time is: 280
[2019-10-01 05:43:22] spend time is: 280
[2019-10-01 05:43:22] spend time is: 280
[2019-10-01 05:43:22] spend time is: 280
[2019-10-01 05:43:22] spend time is: 280
[2019-10-01 05:43:22] spend time is: 280
[2019-10-01 05:43:22] spend time is: 280
[2019-10-01 05:43:32] spend time is: 290
[2019-10-01 05:43:32] spend time is: 290
[2019-10-01 05:43:32] spend time is: 290
[2019-10-01 05:43:32] spend time is: 290
[2019-10-01 05:43:32] spend time is: 290
[2019-10-01 05:43:32] spend time is: 290
[2019-10-01 05:43:32] spend time is: 290
[2019-10-01 05:43:32] spend time is: 290
[2019-10-01 05:43:32] spend time is: 290
[2019-10-01 05:43:32] spend time is: 290
[2019-10-01 05:43:37] graylog-1.3.3.tgz update done.
[2019-10-01 05:43:42] spend time is: 300
[2019-10-01 05:43:42] spend time is: 300
[2019-10-01 05:43:42] spend time is: 300
[2019-10-01 05:43:42] spend time is: 300
Warning: Permanently added the RSA host key for IP address '192.30.253.113' to the list of known hosts.
Already up to date.
warning: fetch updated the current branch head.
fast-forwarding your working tree from
commit 3c39309b85026bbd0ceabafd4d0b9bdcda830d04.
warning: fetch updated the current branch head.
fast-forwarding your working tree from
commit 3c39309b85026bbd0ceabafd4d0b9bdcda830d04.
warning: fetch updated the current branch head.
fast-forwarding your working tree from
commit 3c39309b85026bbd0ceabafd4d0b9bdcda830d04.
error: Unable to create '/home/travis/build/babyshen/helm-charts-mirror/.git/index.lock': File exists.

Another git process seems to be running in this repository, e.g.
an editor opened by 'git commit'. Please make sure all processes
are terminated then try again. If it still fails, a git process
may have crashed in this repository earlier:
remove the file manually to continue.
fatal: Cannot fast-forward your working tree.
After making sure that you saved anything precious from
$ git diff 3c39309b85026bbd0ceabafd4d0b9bdcda830d04
output, run
$ git reset --hard
to recover.
error: Unable to create '/home/travis/build/babyshen/helm-charts-mirror/.git/index.lock': File exists.

Another git process seems to be running in this repository, e.g.
an editor opened by 'git commit'. Please make sure all processes
are terminated then try again. If it still fails, a git process
may have crashed in this repository earlier:
remove the file manually to continue.
fatal: Cannot fast-forward your working tree.
After making sure that you saved anything precious from
$ git diff 3c39309b85026bbd0ceabafd4d0b9bdcda830d04
output, run
$ git reset --hard
to recover.
error: Your local changes to the following files would be overwritten by merge:
	airflow-4.1.0.tgz
	chart-list.json
	elastic-stack-1.8.0.tgz
	gitlab-ee-0.2.2.tgz
	graylog-1.3.3.tgz
	index.yaml
	last_install
Please commit your changes or stash them before you merge.
error: The following untracked working tree files would be overwritten by merge:
	cluster-overprovisioner-0.2.5.tgz
	dask-3.1.0.tgz
	envoy-1.6.0.tgz
	travis_wait_2001.log
Please move or remove them before you merge.
Aborting
fatal: Cannot fast-forward your working tree.
After making sure that you saved anything precious from
$ git diff 3c39309b85026bbd0ceabafd4d0b9bdcda830d04
output, run
$ git reset --hard
to recover.
[gh-pages ee917ed] Synchronizing completion at 2019-10-01
 11 files changed, 1304 insertions(+), 301 deletions(-)
 rewrite airflow-4.1.0.tgz (98%)
 create mode 100644 cluster-overprovisioner-0.2.5.tgz
 create mode 100644 dask-3.1.0.tgz
 rewrite elastic-stack-1.8.0.tgz (98%)
 create mode 100644 envoy-1.6.0.tgz
 rewrite gitlab-ee-0.2.2.tgz (99%)
 rewrite graylog-1.3.3.tgz (99%)
 create mode 100644 travis_wait_2001.log
To github.com:babyshen/helm-charts-mirror.git
   3c39309..ee917ed  gh-pages -> gh-pages
Branch 'gh-pages' set up to track remote branch 'gh-pages' from 'origin'.
[2019-10-01 05:43:52] spend time is: 310
[2019-10-01 05:43:52] spend time is: 310
[2019-10-01 05:43:52] spend time is: 310
[2019-10-01 05:43:52] spend time is: 310
[2019-10-01 05:43:52] spend time is: 310
[2019-10-01 05:43:52] spend time is: 310
[2019-10-01 05:43:52] spend time is: 310
[2019-10-01 05:44:02] spend time is: 320
[2019-10-01 05:44:02] spend time is: 320
[2019-10-01 05:44:02] spend time is: 320
[2019-10-01 05:44:02] spend time is: 320
[2019-10-01 05:44:02] spend time is: 320
[2019-10-01 05:44:02] spend time is: 320
[2019-10-01 05:44:02] spend time is: 320
[2019-10-01 05:44:11] instana-agent-1.0.14.tgz update done.
[2019-10-01 05:44:12] spend time is: 330
[2019-10-01 05:44:12] spend time is: 330
[2019-10-01 05:44:12] spend time is: 330
[2019-10-01 05:44:12] spend time is: 330
[2019-10-01 05:44:12] spend time is: 330
[2019-10-01 05:44:12] spend time is: 330
[2019-10-01 05:44:12] spend time is: 330
[2019-10-01 05:44:17] janusgraph-0.2.1.tgz update done.
[2019-10-01 05:44:22] spend time is: 340
[2019-10-01 05:44:22] spend time is: 340
[2019-10-01 05:44:22] spend time is: 340
[2019-10-01 05:44:22] spend time is: 340
[2019-10-01 05:44:22] spend time is: 340
[2019-10-01 05:44:22] spend time is: 340
[2019-10-01 05:44:22] spend time is: 340
[2019-10-01 05:44:32] spend time is: 350
[2019-10-01 05:44:32] spend time is: 350
[2019-10-01 05:44:32] spend time is: 350
[2019-10-01 05:44:32] spend time is: 350
[2019-10-01 05:44:32] spend time is: 350
[2019-10-01 05:44:32] spend time is: 350
[2019-10-01 05:44:32] spend time is: 350
[2019-10-01 05:44:32] spend time is: 350
[2019-10-01 05:44:42] spend time is: 360
[2019-10-01 05:44:42] spend time is: 360
[2019-10-01 05:44:42] spend time is: 360
[2019-10-01 05:44:42] spend time is: 360
[2019-10-01 05:44:42] spend time is: 360
[2019-10-01 05:44:42] spend time is: 360
[2019-10-01 05:44:42] spend time is: 360
[2019-10-01 05:44:52] spend time is: 370
[2019-10-01 05:44:52] spend time is: 370
[2019-10-01 05:44:52] spend time is: 370
[2019-10-01 05:44:52] spend time is: 370
[2019-10-01 05:44:52] spend time is: 370
[2019-10-01 05:44:52] spend time is: 370
[2019-10-01 05:44:52] spend time is: 370
[2019-10-01 05:45:02] spend time is: 380
[2019-10-01 05:45:02] spend time is: 380
[2019-10-01 05:45:02] spend time is: 380
[2019-10-01 05:45:02] spend time is: 380
[2019-10-01 05:45:02] spend time is: 380
[2019-10-01 05:45:02] spend time is: 380
[2019-10-01 05:45:02] spend time is: 380
[2019-10-01 05:45:12] spend time is: 390
[2019-10-01 05:45:12] spend time is: 390
[2019-10-01 05:45:12] spend time is: 390
[2019-10-01 05:45:12] spend time is: 390
[2019-10-01 05:45:12] spend time is: 390
[2019-10-01 05:45:12] spend time is: 390
[2019-10-01 05:45:12] spend time is: 390
[2019-10-01 05:45:12] spend time is: 390
[2019-10-01 05:45:22] spend time is: 400
[2019-10-01 05:45:22] spend time is: 400
[2019-10-01 05:45:22] spend time is: 400
[2019-10-01 05:45:22] spend time is: 400
[2019-10-01 05:45:22] spend time is: 400
[2019-10-01 05:45:22] spend time is: 400
[2019-10-01 05:45:22] spend time is: 400
[2019-10-01 05:45:32] spend time is: 410
[2019-10-01 05:45:32] spend time is: 410
[2019-10-01 05:45:32] spend time is: 410
[2019-10-01 05:45:32] spend time is: 410
[2019-10-01 05:45:32] spend time is: 410
[2019-10-01 05:45:32] spend time is: 410
[2019-10-01 05:45:32] spend time is: 410
[2019-10-01 05:45:42] spend time is: 420
[2019-10-01 05:45:42] spend time is: 420
[2019-10-01 05:45:42] spend time is: 420
[2019-10-01 05:45:42] spend time is: 420
[2019-10-01 05:45:42] spend time is: 420
[2019-10-01 05:45:42] spend time is: 420
[2019-10-01 05:45:42] spend time is: 420
[2019-10-01 05:45:42] spend time is: 420
[2019-10-01 05:45:50] kube-ops-view-1.1.0.tgz update done.
[2019-10-01 05:45:52] spend time is: 430
[2019-10-01 05:45:52] spend time is: 430
[2019-10-01 05:45:52] spend time is: 430
[2019-10-01 05:45:52] spend time is: 430
[2019-10-01 05:45:52] spend time is: 430
[2019-10-01 05:45:52] spend time is: 430
[2019-10-01 05:45:52] spend time is: 430
[2019-10-01 05:45:52] spend time is: 430
[2019-10-01 05:46:02] spend time is: 440
[2019-10-01 05:46:02] spend time is: 440
[2019-10-01 05:46:02] spend time is: 440
[2019-10-01 05:46:02] spend time is: 440
[2019-10-01 05:46:02] spend time is: 440
[2019-10-01 05:46:02] spend time is: 440
[2019-10-01 05:46:02] spend time is: 440
[2019-10-01 05:46:09] kubernetes-dashboard-1.10.0.tgz update done.
[2019-10-01 05:46:12] spend time is: 450
[2019-10-01 05:46:12] spend time is: 450
[2019-10-01 05:46:12] spend time is: 450
[2019-10-01 05:46:12] spend time is: 450
[2019-10-01 05:46:12] spend time is: 450
[2019-10-01 05:46:12] spend time is: 450
[2019-10-01 05:46:12] spend time is: 450
[2019-10-01 05:46:22] spend time is: 460
[2019-10-01 05:46:22] spend time is: 460
[2019-10-01 05:46:22] spend time is: 460
[2019-10-01 05:46:22] spend time is: 460
[2019-10-01 05:46:22] spend time is: 460
[2019-10-01 05:46:22] spend time is: 460
[2019-10-01 05:46:22] spend time is: 460
[2019-10-01 05:46:32] spend time is: 470
[2019-10-01 05:46:32] spend time is: 470
[2019-10-01 05:46:32] spend time is: 470
[2019-10-01 05:46:32] spend time is: 470
[2019-10-01 05:46:32] spend time is: 470
[2019-10-01 05:46:32] spend time is: 470
[2019-10-01 05:46:32] spend time is: 470
[2019-10-01 05:46:42] spend time is: 480
[2019-10-01 05:46:42] spend time is: 480
[2019-10-01 05:46:42] spend time is: 480
[2019-10-01 05:46:42] spend time is: 480
[2019-10-01 05:46:42] spend time is: 480
[2019-10-01 05:46:42] spend time is: 480
[2019-10-01 05:46:42] spend time is: 480
[2019-10-01 05:46:52] spend time is: 490
[2019-10-01 05:46:52] spend time is: 490
[2019-10-01 05:46:52] spend time is: 490
[2019-10-01 05:46:52] spend time is: 490
[2019-10-01 05:46:52] spend time is: 490
[2019-10-01 05:46:52] spend time is: 490
[2019-10-01 05:47:02] spend time is: 500
[2019-10-01 05:47:02] spend time is: 500
[2019-10-01 05:47:02] spend time is: 500
[2019-10-01 05:47:02] spend time is: 500
[2019-10-01 05:47:02] spend time is: 500
[2019-10-01 05:47:02] spend time is: 500
[2019-10-01 05:47:02] spend time is: 500
[2019-10-01 05:47:02] spend time is: 500
[2019-10-01 05:47:12] spend time is: 510
[2019-10-01 05:47:12] spend time is: 510
[2019-10-01 05:47:12] spend time is: 510
[2019-10-01 05:47:12] spend time is: 510
[2019-10-01 05:47:12] spend time is: 510
[2019-10-01 05:47:12] spend time is: 510
[2019-10-01 05:47:12] spend time is: 510
[2019-10-01 05:47:22] spend time is: 520
[2019-10-01 05:47:22] spend time is: 520
[2019-10-01 05:47:22] spend time is: 520
[2019-10-01 05:47:22] spend time is: 520
[2019-10-01 05:47:22] spend time is: 520
[2019-10-01 05:47:22] spend time is: 520
[2019-10-01 05:47:22] spend time is: 520
[2019-10-01 05:47:32] spend time is: 530
[2019-10-01 05:47:32] spend time is: 530
[2019-10-01 05:47:32] spend time is: 530
[2019-10-01 05:47:32] spend time is: 530
[2019-10-01 05:47:32] spend time is: 530
[2019-10-01 05:47:32] spend time is: 530
[2019-10-01 05:47:32] spend time is: 530
[2019-10-01 05:47:42] spend time is: 540
[2019-10-01 05:47:42] spend time is: 540
[2019-10-01 05:47:42] spend time is: 540
[2019-10-01 05:47:42] spend time is: 540
[2019-10-01 05:47:42] spend time is: 540
[2019-10-01 05:47:42] spend time is: 540
[2019-10-01 05:47:42] spend time is: 540
[2019-10-01 05:47:52] spend time is: 550
[2019-10-01 05:47:52] spend time is: 550
[2019-10-01 05:47:52] spend time is: 550
[2019-10-01 05:47:52] spend time is: 550
[2019-10-01 05:47:52] spend time is: 550
[2019-10-01 05:47:52] spend time is: 550
[2019-10-01 05:47:52] spend time is: 550
[2019-10-01 05:47:53] mission-control-0.4.3.tgz update done.
[2019-10-01 05:48:02] spend time is: 560
[2019-10-01 05:48:02] spend time is: 560
[2019-10-01 05:48:02] spend time is: 560
[2019-10-01 05:48:02] spend time is: 560
[2019-10-01 05:48:02] spend time is: 560
[2019-10-01 05:48:02] spend time is: 560
[2019-10-01 05:48:02] spend time is: 560
[2019-10-01 05:48:12] spend time is: 570
[2019-10-01 05:48:12] spend time is: 570
[2019-10-01 05:48:12] spend time is: 570
[2019-10-01 05:48:12] spend time is: 570
[2019-10-01 05:48:12] spend time is: 570
[2019-10-01 05:48:12] spend time is: 570
[2019-10-01 05:48:12] spend time is: 570
[2019-10-01 05:48:22] spend time is: 580
[2019-10-01 05:48:22] spend time is: 580
[2019-10-01 05:48:22] spend time is: 580
[2019-10-01 05:48:22] spend time is: 580
[2019-10-01 05:48:22] spend time is: 580
[2019-10-01 05:48:22] spend time is: 580
[2019-10-01 05:48:22] spend time is: 580
[2019-10-01 05:48:32] spend time is: 590
[2019-10-01 05:48:32] spend time is: 590
[2019-10-01 05:48:32] spend time is: 590
[2019-10-01 05:48:32] spend time is: 590
[2019-10-01 05:48:32] spend time is: 590
[2019-10-01 05:48:32] spend time is: 590
[2019-10-01 05:48:32] spend time is: 590
[2019-10-01 05:48:42] spend time is: 600
Already up to date.
[gh-pages 92ee1da] Synchronizing completion at 2019-10-01
 7 files changed, 285 insertions(+), 1 deletion(-)
 create mode 100644 instana-agent-1.0.14.tgz
 rewrite kube-ops-view-1.1.0.tgz (97%)
 create mode 100644 kubernetes-dashboard-1.10.0.tgz
 rewrite mission-control-0.4.3.tgz (99%)
To github.com:babyshen/helm-charts-mirror.git
   ee917ed..92ee1da  gh-pages -> gh-pages
Branch 'gh-pages' set up to track remote branch 'gh-pages' from 'origin'.
[2019-10-01 05:48:52] spend time is: 610
[2019-10-01 05:48:52] spend time is: 610
[2019-10-01 05:48:52] spend time is: 610
[2019-10-01 05:48:52] spend time is: 610
[2019-10-01 05:48:52] spend time is: 610
[2019-10-01 05:48:52] spend time is: 610
[2019-10-01 05:48:52] spend time is: 610
[2019-10-01 05:48:53] spend time is: 610
[2019-10-01 05:49:02] spend time is: 620
[2019-10-01 05:49:02] spend time is: 620
[2019-10-01 05:49:02] spend time is: 620
[2019-10-01 05:49:02] spend time is: 620
[2019-10-01 05:49:02] spend time is: 620
[2019-10-01 05:49:02] spend time is: 620
[2019-10-01 05:49:02] spend time is: 620
[2019-10-01 05:49:08] nextcloud-1.7.2.tgz update done.
[2019-10-01 05:49:12] spend time is: 630
[2019-10-01 05:49:12] spend time is: 630
[2019-10-01 05:49:12] spend time is: 630
[2019-10-01 05:49:12] spend time is: 630
[2019-10-01 05:49:12] spend time is: 630
[2019-10-01 05:49:12] spend time is: 630
[2019-10-01 05:49:12] spend time is: 630
[2019-10-01 05:49:15] nginx-ingress-1.23.0.tgz update done.
[2019-10-01 05:49:22] spend time is: 640
[2019-10-01 05:49:22] spend time is: 640
[2019-10-01 05:49:22] spend time is: 640
[2019-10-01 05:49:22] spend time is: 640
[2019-10-01 05:49:22] spend time is: 640
[2019-10-01 05:49:22] spend time is: 640
[2019-10-01 05:49:22] spend time is: 640
[2019-10-01 05:49:32] spend time is: 650
[2019-10-01 05:49:32] spend time is: 650
[2019-10-01 05:49:32] spend time is: 650
[2019-10-01 05:49:32] spend time is: 650
[2019-10-01 05:49:32] spend time is: 650
[2019-10-01 05:49:32] spend time is: 650
[2019-10-01 05:49:32] spend time is: 650
[2019-10-01 05:49:32] spend time is: 650
[2019-10-01 05:49:38] node-problem-detector-1.6.1.tgz update done.
[2019-10-01 05:49:42] spend time is: 660
[2019-10-01 05:49:42] spend time is: 660
[2019-10-01 05:49:42] spend time is: 660
[2019-10-01 05:49:42] spend time is: 660
[2019-10-01 05:49:42] spend time is: 660
[2019-10-01 05:49:42] spend time is: 660
[2019-10-01 05:49:42] spend time is: 660
[2019-10-01 05:49:52] spend time is: 670
[2019-10-01 05:49:52] spend time is: 670
[2019-10-01 05:49:52] spend time is: 670
[2019-10-01 05:49:52] spend time is: 670
[2019-10-01 05:49:52] spend time is: 670
[2019-10-01 05:49:52] spend time is: 670
[2019-10-01 05:49:52] spend time is: 670
[2019-10-01 05:49:52] spend time is: 670
[2019-10-01 05:50:02] spend time is: 680
[2019-10-01 05:50:02] spend time is: 680
[2019-10-01 05:50:02] spend time is: 680
[2019-10-01 05:50:02] spend time is: 680
[2019-10-01 05:50:02] spend time is: 680
[2019-10-01 05:50:02] spend time is: 680
[2019-10-01 05:50:02] spend time is: 680
[2019-10-01 05:50:12] spend time is: 690
[2019-10-01 05:50:12] spend time is: 690
[2019-10-01 05:50:12] spend time is: 690
[2019-10-01 05:50:12] spend time is: 690
[2019-10-01 05:50:12] spend time is: 690
[2019-10-01 05:50:12] spend time is: 690
[2019-10-01 05:50:12] spend time is: 690
[2019-10-01 05:50:22] spend time is: 700
[2019-10-01 05:50:22] spend time is: 700
[2019-10-01 05:50:22] spend time is: 700
[2019-10-01 05:50:22] spend time is: 700
[2019-10-01 05:50:22] spend time is: 700
[2019-10-01 05:50:22] spend time is: 700
[2019-10-01 05:50:22] spend time is: 700
[2019-10-01 05:50:32] spend time is: 710
[2019-10-01 05:50:32] spend time is: 710
[2019-10-01 05:50:32] spend time is: 710
[2019-10-01 05:50:32] spend time is: 710
[2019-10-01 05:50:32] spend time is: 710
[2019-10-01 05:50:32] spend time is: 710
[2019-10-01 05:50:32] spend time is: 710
[2019-10-01 05:50:37] osclass-6.2.3.tgz update done.
[2019-10-01 05:50:42] spend time is: 720
[2019-10-01 05:50:42] spend time is: 720
[2019-10-01 05:50:42] spend time is: 720
[2019-10-01 05:50:42] spend time is: 720
[2019-10-01 05:50:42] spend time is: 720
[2019-10-01 05:50:42] spend time is: 720
[2019-10-01 05:50:42] spend time is: 720
[2019-10-01 05:50:43] spend time is: 720
[2019-10-01 05:50:52] spend time is: 730
[2019-10-01 05:50:52] spend time is: 730
[2019-10-01 05:50:52] spend time is: 730
[2019-10-01 05:50:52] spend time is: 730
[2019-10-01 05:50:52] spend time is: 730
[2019-10-01 05:50:52] spend time is: 730
[2019-10-01 05:50:52] spend time is: 730
[2019-10-01 05:51:02] spend time is: 740
[2019-10-01 05:51:02] spend time is: 740
[2019-10-01 05:51:02] spend time is: 740
[2019-10-01 05:51:02] spend time is: 740
[2019-10-01 05:51:02] spend time is: 740
[2019-10-01 05:51:02] spend time is: 740
[2019-10-01 05:51:02] spend time is: 740
[2019-10-01 05:51:12] spend time is: 750
[2019-10-01 05:51:12] spend time is: 750
[2019-10-01 05:51:12] spend time is: 750
[2019-10-01 05:51:12] spend time is: 750
[2019-10-01 05:51:12] spend time is: 750
[2019-10-01 05:51:12] spend time is: 750
[2019-10-01 05:51:12] spend time is: 750
[2019-10-01 05:51:22] spend time is: 760
[2019-10-01 05:51:22] spend time is: 760
[2019-10-01 05:51:22] spend time is: 760
[2019-10-01 05:51:22] spend time is: 760
[2019-10-01 05:51:22] spend time is: 760
[2019-10-01 05:51:22] spend time is: 760
[2019-10-01 05:51:22] spend time is: 760
[2019-10-01 05:51:22] spend time is: 760
[2019-10-01 05:51:32] spend time is: 770
[2019-10-01 05:51:32] spend time is: 770
[2019-10-01 05:51:32] spend time is: 770
[2019-10-01 05:51:32] spend time is: 770
[2019-10-01 05:51:32] spend time is: 770
[2019-10-01 05:51:32] spend time is: 770
[2019-10-01 05:51:32] spend time is: 770
[2019-10-01 05:51:42] spend time is: 780
[2019-10-01 05:51:42] spend time is: 780
[2019-10-01 05:51:42] spend time is: 780
[2019-10-01 05:51:42] spend time is: 780
[2019-10-01 05:51:42] spend time is: 780
[2019-10-01 05:51:42] spend time is: 780
[2019-10-01 05:51:42] spend time is: 780
[2019-10-01 05:51:52] spend time is: 790
[2019-10-01 05:51:52] spend time is: 790
[2019-10-01 05:51:52] spend time is: 790
[2019-10-01 05:51:52] spend time is: 790
[2019-10-01 05:51:52] spend time is: 790
[2019-10-01 05:51:52] spend time is: 790
[2019-10-01 05:51:52] spend time is: 790
[2019-10-01 05:51:55] pomerium-3.0.0.tgz update done.
[2019-10-01 05:51:55] pomerium-2.0.3.tgz update done.
[2019-10-01 05:51:55] pomerium-2.0.2.tgz update done.
[2019-10-01 05:51:57] postgresql-6.3.10.tgz update done.
[2019-10-01 05:52:02] spend time is: 800
[2019-10-01 05:52:02] spend time is: 800
[2019-10-01 05:52:02] spend time is: 800
[2019-10-01 05:52:02] spend time is: 800
[2019-10-01 05:52:02] spend time is: 800
[2019-10-01 05:52:02] spend time is: 800
[2019-10-01 05:52:02] spend time is: 800
[2019-10-01 05:52:12] spend time is: 810
[2019-10-01 05:52:12] spend time is: 810
[2019-10-01 05:52:12] spend time is: 810
[2019-10-01 05:52:12] spend time is: 810
[2019-10-01 05:52:12] spend time is: 810
[2019-10-01 05:52:12] spend time is: 810
[2019-10-01 05:52:12] spend time is: 810
[2019-10-01 05:52:12] spend time is: 810
[2019-10-01 05:52:22] spend time is: 820
[2019-10-01 05:52:22] spend time is: 820
[2019-10-01 05:52:22] spend time is: 820
[2019-10-01 05:52:22] spend time is: 820
[2019-10-01 05:52:22] spend time is: 820
[2019-10-01 05:52:22] spend time is: 820
[2019-10-01 05:52:22] spend time is: 820
[2019-10-01 05:52:32] spend time is: 830
[2019-10-01 05:52:32] spend time is: 830
[2019-10-01 05:52:32] spend time is: 830
[2019-10-01 05:52:32] spend time is: 830
[2019-10-01 05:52:32] spend time is: 830
[2019-10-01 05:52:32] spend time is: 830
[2019-10-01 05:52:32] spend time is: 830
[2019-10-01 05:52:42] spend time is: 840
[2019-10-01 05:52:42] spend time is: 840
[2019-10-01 05:52:42] spend time is: 840
[2019-10-01 05:52:42] spend time is: 840
[2019-10-01 05:52:42] spend time is: 840
[2019-10-01 05:52:42] spend time is: 840
[2019-10-01 05:52:42] spend time is: 840
[2019-10-01 05:52:42] spend time is: 840
[2019-10-01 05:52:52] spend time is: 850
[2019-10-01 05:52:52] spend time is: 850
[2019-10-01 05:52:52] spend time is: 850
[2019-10-01 05:52:52] spend time is: 850
[2019-10-01 05:52:52] spend time is: 850
[2019-10-01 05:52:52] spend time is: 850
[2019-10-01 05:52:52] spend time is: 850
[2019-10-01 05:53:02] spend time is: 860
[2019-10-01 05:53:02] spend time is: 860
[2019-10-01 05:53:02] spend time is: 860
[2019-10-01 05:53:02] spend time is: 860
[2019-10-01 05:53:02] spend time is: 860
[2019-10-01 05:53:02] spend time is: 860
[2019-10-01 05:53:02] spend time is: 860
[2019-10-01 05:53:12] spend time is: 870
[2019-10-01 05:53:12] spend time is: 870
[2019-10-01 05:53:12] spend time is: 870
[2019-10-01 05:53:12] spend time is: 870
[2019-10-01 05:53:12] spend time is: 870
[2019-10-01 05:53:12] spend time is: 870
[2019-10-01 05:53:12] spend time is: 870
[2019-10-01 05:53:12] spend time is: 870
[2019-10-01 05:53:22] spend time is: 880
[2019-10-01 05:53:22] spend time is: 880
[2019-10-01 05:53:22] spend time is: 880
[2019-10-01 05:53:22] spend time is: 880
[2019-10-01 05:53:22] spend time is: 880
[2019-10-01 05:53:22] spend time is: 880
[2019-10-01 05:53:22] spend time is: 880
[2019-10-01 05:53:32] spend time is: 890
[2019-10-01 05:53:32] spend time is: 890
[2019-10-01 05:53:32] spend time is: 890
[2019-10-01 05:53:32] spend time is: 890
[2019-10-01 05:53:32] spend time is: 890
[2019-10-01 05:53:32] spend time is: 890
[2019-10-01 05:53:32] spend time is: 890
[2019-10-01 05:53:42] spend time is: 900
Warning: Permanently added the RSA host key for IP address '140.82.114.4' to the list of known hosts.
Already up to date.
