Fetching origin
Warning: Permanently added the RSA host key for IP address '140.82.113.4' to the list of known hosts.
From github.com:babyshen/helm-charts-mirror
 * [new branch]      gh-pages   -> origin/gh-pages
 * [new branch]      master     -> origin/master
Previous HEAD position was 6f4bc38 restore bug
Switched to a new branch 'gh-pages'
Branch 'gh-pages' set up to track remote branch 'gh-pages' from 'origin'.
Warning: Permanently added the RSA host key for IP address '192.30.253.113' to the list of known hosts.
Already up to date.
Branch 'gh-pages' set up to track remote branch 'gh-pages' from 'origin'.
  % Total    % Received % Xferd  Average Speed   Time    Time     Time  Current
                                 Dload  Upload   Total   Spent    Left  Speed
  0     0    0     0    0     0      0      0 --:--:-- --:--:-- --:--:--     0100 7664k  100 7664k    0     0  63.1M      0 --:--:-- --:--:-- --:--:-- 63.4M
[2020-02-21 06:47:54] airflow-6.0.2.tgz update done.
[2020-02-21 06:47:56] spend time is: 60
[2020-02-21 06:47:56] spend time is: 60
[2020-02-21 06:47:56] spend time is: 60
[2020-02-21 06:47:56] spend time is: 60
[2020-02-21 06:47:56] spend time is: 60
[2020-02-21 06:47:56] spend time is: 60
[2020-02-21 06:47:56] spend time is: 60
[2020-02-21 06:47:56] spend time is: 60
[2020-02-21 06:47:56] spend time is: 60
[2020-02-21 06:47:56] spend time is: 60
[2020-02-21 06:47:56] spend time is: 60
[2020-02-21 06:47:57] spend time is: 60
[2020-02-21 06:48:06] spend time is: 70
[2020-02-21 06:48:06] spend time is: 70
[2020-02-21 06:48:06] spend time is: 70
[2020-02-21 06:48:06] spend time is: 70
[2020-02-21 06:48:06] spend time is: 70
[2020-02-21 06:48:06] spend time is: 70
[2020-02-21 06:48:06] spend time is: 70
[2020-02-21 06:48:06] spend time is: 70
[2020-02-21 06:48:06] spend time is: 70
[2020-02-21 06:48:06] spend time is: 70
[2020-02-21 06:48:16] spend time is: 80
[2020-02-21 06:48:16] spend time is: 80
[2020-02-21 06:48:16] spend time is: 80
[2020-02-21 06:48:16] spend time is: 80
[2020-02-21 06:48:16] spend time is: 80
[2020-02-21 06:48:16] spend time is: 80
[2020-02-21 06:48:16] spend time is: 80
[2020-02-21 06:48:16] spend time is: 80
[2020-02-21 06:48:16] spend time is: 80
[2020-02-21 06:48:16] spend time is: 80
[2020-02-21 06:48:26] spend time is: 90
[2020-02-21 06:48:26] spend time is: 90
[2020-02-21 06:48:26] spend time is: 90
[2020-02-21 06:48:26] spend time is: 90
[2020-02-21 06:48:26] spend time is: 90
[2020-02-21 06:48:26] spend time is: 90
[2020-02-21 06:48:26] spend time is: 90
[2020-02-21 06:48:26] spend time is: 90
[2020-02-21 06:48:26] spend time is: 90
[2020-02-21 06:48:26] spend time is: 90
[2020-02-21 06:48:36] spend time is: 100
[2020-02-21 06:48:36] spend time is: 100
[2020-02-21 06:48:36] spend time is: 100
[2020-02-21 06:48:36] spend time is: 100
[2020-02-21 06:48:36] spend time is: 100
[2020-02-21 06:48:36] spend time is: 100
[2020-02-21 06:48:36] spend time is: 100
[2020-02-21 06:48:36] spend time is: 100
[2020-02-21 06:48:36] spend time is: 100
[2020-02-21 06:48:37] spend time is: 100
[2020-02-21 06:48:45] cloudserver-1.0.4.tgz update done.
[2020-02-21 06:48:45] cluster-autoscaler-6.6.0.tgz update done.
[2020-02-21 06:48:46] spend time is: 110
[2020-02-21 06:48:46] spend time is: 110
[2020-02-21 06:48:46] spend time is: 110
[2020-02-21 06:48:46] spend time is: 110
[2020-02-21 06:48:46] spend time is: 110
[2020-02-21 06:48:46] spend time is: 110
[2020-02-21 06:48:46] spend time is: 110
[2020-02-21 06:48:46] spend time is: 110
[2020-02-21 06:48:46] spend time is: 110
[2020-02-21 06:48:56] spend time is: 120
[2020-02-21 06:48:56] spend time is: 120
[2020-02-21 06:48:56] spend time is: 120
[2020-02-21 06:48:56] spend time is: 120
[2020-02-21 06:48:56] spend time is: 120
[2020-02-21 06:48:56] spend time is: 120
[2020-02-21 06:48:56] spend time is: 120
[2020-02-21 06:48:56] spend time is: 120
[2020-02-21 06:48:56] spend time is: 120
[2020-02-21 06:48:56] spend time is: 120
[2020-02-21 06:48:56] spend time is: 120
[2020-02-21 06:49:06] spend time is: 130
[2020-02-21 06:49:06] spend time is: 130
[2020-02-21 06:49:06] spend time is: 130
[2020-02-21 06:49:06] spend time is: 130
[2020-02-21 06:49:06] spend time is: 130
[2020-02-21 06:49:06] spend time is: 130
[2020-02-21 06:49:06] spend time is: 130
[2020-02-21 06:49:06] spend time is: 130
[2020-02-21 06:49:07] spend time is: 130
[2020-02-21 06:49:07] spend time is: 130
[2020-02-21 06:49:16] spend time is: 140
[2020-02-21 06:49:16] spend time is: 140
[2020-02-21 06:49:16] spend time is: 140
[2020-02-21 06:49:16] spend time is: 140
[2020-02-21 06:49:16] spend time is: 140
[2020-02-21 06:49:16] spend time is: 140
[2020-02-21 06:49:16] spend time is: 140
[2020-02-21 06:49:16] spend time is: 140
[2020-02-21 06:49:16] spend time is: 140
[2020-02-21 06:49:26] spend time is: 150
[2020-02-21 06:49:26] spend time is: 150
[2020-02-21 06:49:26] spend time is: 150
[2020-02-21 06:49:26] spend time is: 150
[2020-02-21 06:49:26] spend time is: 150
[2020-02-21 06:49:26] spend time is: 150
[2020-02-21 06:49:26] spend time is: 150
[2020-02-21 06:49:26] spend time is: 150
[2020-02-21 06:49:26] spend time is: 150
[2020-02-21 06:49:26] spend time is: 150
[2020-02-21 06:49:36] spend time is: 160
[2020-02-21 06:49:36] spend time is: 160
[2020-02-21 06:49:36] spend time is: 160
[2020-02-21 06:49:36] spend time is: 160
[2020-02-21 06:49:36] spend time is: 160
[2020-02-21 06:49:36] spend time is: 160
[2020-02-21 06:49:36] spend time is: 160
[2020-02-21 06:49:36] spend time is: 160
[2020-02-21 06:49:36] spend time is: 160
[2020-02-21 06:49:46] spend time is: 170
[2020-02-21 06:49:46] spend time is: 170
[2020-02-21 06:49:46] spend time is: 170
[2020-02-21 06:49:46] spend time is: 170
[2020-02-21 06:49:46] spend time is: 170
[2020-02-21 06:49:46] spend time is: 170
[2020-02-21 06:49:46] spend time is: 170
[2020-02-21 06:49:46] spend time is: 170
[2020-02-21 06:49:46] spend time is: 170
[2020-02-21 06:49:46] spend time is: 170
[2020-02-21 06:49:56] spend time is: 180
[2020-02-21 06:49:56] spend time is: 180
[2020-02-21 06:49:56] spend time is: 180
[2020-02-21 06:49:56] spend time is: 180
[2020-02-21 06:49:56] spend time is: 180
[2020-02-21 06:49:56] spend time is: 180
[2020-02-21 06:49:56] spend time is: 180
[2020-02-21 06:49:56] spend time is: 180
[2020-02-21 06:49:56] spend time is: 180
[2020-02-21 06:49:56] spend time is: 180
[2020-02-21 06:50:06] spend time is: 190
[2020-02-21 06:50:06] spend time is: 190
[2020-02-21 06:50:06] spend time is: 190
[2020-02-21 06:50:06] spend time is: 190
[2020-02-21 06:50:06] spend time is: 190
[2020-02-21 06:50:06] spend time is: 190
[2020-02-21 06:50:06] spend time is: 190
[2020-02-21 06:50:06] spend time is: 190
[2020-02-21 06:50:06] spend time is: 190
[2020-02-21 06:50:07] spend time is: 190
[2020-02-21 06:50:16] spend time is: 200
[2020-02-21 06:50:16] spend time is: 200
[2020-02-21 06:50:16] spend time is: 200
[2020-02-21 06:50:16] spend time is: 200
[2020-02-21 06:50:16] spend time is: 200
[2020-02-21 06:50:16] spend time is: 200
[2020-02-21 06:50:16] spend time is: 200
[2020-02-21 06:50:16] spend time is: 200
[2020-02-21 06:50:16] spend time is: 200
[2020-02-21 06:50:21] elastic-stack-1.8.0.tgz update done.
[2020-02-21 06:50:26] spend time is: 210
[2020-02-21 06:50:26] spend time is: 210
[2020-02-21 06:50:26] spend time is: 210
[2020-02-21 06:50:26] spend time is: 210
[2020-02-21 06:50:26] spend time is: 210
[2020-02-21 06:50:26] spend time is: 210
[2020-02-21 06:50:26] spend time is: 210
[2020-02-21 06:50:26] spend time is: 210
[2020-02-21 06:50:26] spend time is: 210
[2020-02-21 06:50:26] spend time is: 210
[2020-02-21 06:50:26] spend time is: 210
[2020-02-21 06:50:36] spend time is: 220
[2020-02-21 06:50:36] spend time is: 220
[2020-02-21 06:50:36] spend time is: 220
[2020-02-21 06:50:36] spend time is: 220
[2020-02-21 06:50:36] spend time is: 220
[2020-02-21 06:50:36] spend time is: 220
[2020-02-21 06:50:36] spend time is: 220
[2020-02-21 06:50:36] spend time is: 220
[2020-02-21 06:50:36] spend time is: 220
[2020-02-21 06:50:36] spend time is: 220
[2020-02-21 06:50:37] spend time is: 220
[2020-02-21 06:50:40] external-dns-2.19.0.tgz update done.
[2020-02-21 06:50:46] spend time is: 230
[2020-02-21 06:50:46] spend time is: 230
[2020-02-21 06:50:46] spend time is: 230
[2020-02-21 06:50:46] spend time is: 230
[2020-02-21 06:50:46] spend time is: 230
[2020-02-21 06:50:46] spend time is: 230
[2020-02-21 06:50:46] spend time is: 230
[2020-02-21 06:50:46] spend time is: 230
[2020-02-21 06:50:46] spend time is: 230
[2020-02-21 06:50:56] spend time is: 240
[2020-02-21 06:50:56] spend time is: 240
[2020-02-21 06:50:56] spend time is: 240
[2020-02-21 06:50:56] spend time is: 240
[2020-02-21 06:50:56] spend time is: 240
[2020-02-21 06:50:56] spend time is: 240
[2020-02-21 06:50:56] spend time is: 240
[2020-02-21 06:50:56] spend time is: 240
[2020-02-21 06:50:56] spend time is: 240
[2020-02-21 06:51:06] spend time is: 250
[2020-02-21 06:51:06] spend time is: 250
[2020-02-21 06:51:06] spend time is: 250
[2020-02-21 06:51:06] spend time is: 250
[2020-02-21 06:51:06] spend time is: 250
[2020-02-21 06:51:06] spend time is: 250
[2020-02-21 06:51:06] spend time is: 250
[2020-02-21 06:51:06] spend time is: 250
[2020-02-21 06:51:06] spend time is: 250
[2020-02-21 06:51:06] spend time is: 250
[2020-02-21 06:51:06] spend time is: 250
[2020-02-21 06:51:16] spend time is: 260
[2020-02-21 06:51:16] spend time is: 260
[2020-02-21 06:51:16] spend time is: 260
[2020-02-21 06:51:16] spend time is: 260
[2020-02-21 06:51:16] spend time is: 260
[2020-02-21 06:51:16] spend time is: 260
[2020-02-21 06:51:16] spend time is: 260
[2020-02-21 06:51:16] spend time is: 260
[2020-02-21 06:51:16] spend time is: 260
[2020-02-21 06:51:26] spend time is: 270
[2020-02-21 06:51:26] spend time is: 270
[2020-02-21 06:51:26] spend time is: 270
[2020-02-21 06:51:26] spend time is: 270
[2020-02-21 06:51:26] spend time is: 270
[2020-02-21 06:51:26] spend time is: 270
[2020-02-21 06:51:26] spend time is: 270
[2020-02-21 06:51:26] spend time is: 270
[2020-02-21 06:51:26] spend time is: 270
[2020-02-21 06:51:26] spend time is: 270
[2020-02-21 06:51:26] spend time is: 270
[2020-02-21 06:51:36] spend time is: 280
[2020-02-21 06:51:36] spend time is: 280
[2020-02-21 06:51:36] spend time is: 280
[2020-02-21 06:51:36] spend time is: 280
[2020-02-21 06:51:36] spend time is: 280
[2020-02-21 06:51:36] spend time is: 280
[2020-02-21 06:51:36] spend time is: 280
[2020-02-21 06:51:36] spend time is: 280
[2020-02-21 06:51:36] spend time is: 280
[2020-02-21 06:51:36] spend time is: 280
[2020-02-21 06:51:36] spend time is: 280
[2020-02-21 06:51:37] spend time is: 280
[2020-02-21 06:51:42] gitlab-ce-0.2.2.tgz update done.
[2020-02-21 06:51:44] gitlab-ee-0.2.2.tgz update done.
[2020-02-21 06:51:46] spend time is: 290
[2020-02-21 06:51:46] spend time is: 290
[2020-02-21 06:51:46] spend time is: 290
[2020-02-21 06:51:46] spend time is: 290
[2020-02-21 06:51:46] spend time is: 290
[2020-02-21 06:51:46] spend time is: 290
[2020-02-21 06:51:46] spend time is: 290
[2020-02-21 06:51:46] spend time is: 290
[2020-02-21 06:51:46] spend time is: 290
[2020-02-21 06:51:46] spend time is: 290
[2020-02-21 06:51:56] spend time is: 300
[2020-02-21 06:51:56] spend time is: 300
[2020-02-21 06:51:56] spend time is: 300
[2020-02-21 06:51:56] spend time is: 300
Warning: Permanently added the RSA host key for IP address '140.82.113.3' to the list of known hosts.
Already up to date.
Already up to date.
Already up to date.
fatal: Unable to create '/home/travis/build/babyshen/helm-charts-mirror/.git/index.lock': File exists.

Another git process seems to be running in this repository, e.g.
an editor opened by 'git commit'. Please make sure all processes
are terminated then try again. If it still fails, a git process
may have crashed in this repository earlier:
remove the file manually to continue.
fatal: Unable to create '/home/travis/build/babyshen/helm-charts-mirror/.git/index.lock': File exists.

Another git process seems to be running in this repository, e.g.
an editor opened by 'git commit'. Please make sure all processes
are terminated then try again. If it still fails, a git process
may have crashed in this repository earlier:
remove the file manually to continue.
Already up to date.
fatal: Unable to create '/home/travis/build/babyshen/helm-charts-mirror/.git/index.lock': File exists.

Another git process seems to be running in this repository, e.g.
an editor opened by 'git commit'. Please make sure all processes
are terminated then try again. If it still fails, a git process
may have crashed in this repository earlier:
remove the file manually to continue.
[gh-pages d261ad6] Synchronizing completion at 2020-02-21
 11 files changed, 865 insertions(+), 302 deletions(-)
 rewrite airflow-6.0.2.tgz (66%)
 rewrite cloudserver-1.0.4.tgz (99%)
 create mode 100644 cluster-autoscaler-6.6.0.tgz
 rewrite elastic-stack-1.8.0.tgz (98%)
 create mode 100644 external-dns-2.19.0.tgz
 rewrite gitlab-ce-0.2.2.tgz (100%)
 rewrite gitlab-ee-0.2.2.tgz (99%)
 create mode 100644 travis_wait_2175.log
To github.com:babyshen/helm-charts-mirror.git
   a3e3f74..d261ad6  gh-pages -> gh-pages
Branch 'gh-pages' set up to track remote branch 'gh-pages' from 'origin'.
[2020-02-21 06:52:06] spend time is: 310
[2020-02-21 06:52:06] spend time is: 310
[2020-02-21 06:52:06] spend time is: 310
[2020-02-21 06:52:06] spend time is: 310
[2020-02-21 06:52:06] spend time is: 310
[2020-02-21 06:52:06] spend time is: 310
[2020-02-21 06:52:06] spend time is: 310
[2020-02-21 06:52:06] spend time is: 310
[2020-02-21 06:52:16] spend time is: 320
[2020-02-21 06:52:16] spend time is: 320
[2020-02-21 06:52:16] spend time is: 320
[2020-02-21 06:52:16] spend time is: 320
[2020-02-21 06:52:16] spend time is: 320
[2020-02-21 06:52:16] spend time is: 320
[2020-02-21 06:52:16] spend time is: 320
[2020-02-21 06:52:16] spend time is: 320
[2020-02-21 06:52:26] spend time is: 330
[2020-02-21 06:52:26] spend time is: 330
[2020-02-21 06:52:26] spend time is: 330
[2020-02-21 06:52:26] spend time is: 330
[2020-02-21 06:52:26] spend time is: 330
[2020-02-21 06:52:26] spend time is: 330
[2020-02-21 06:52:26] spend time is: 330
[2020-02-21 06:52:28] graylog-1.5.8.tgz update done.
[2020-02-21 06:52:36] spend time is: 340
[2020-02-21 06:52:36] spend time is: 340
[2020-02-21 06:52:36] spend time is: 340
[2020-02-21 06:52:36] spend time is: 340
[2020-02-21 06:52:36] spend time is: 340
[2020-02-21 06:52:36] spend time is: 340
[2020-02-21 06:52:36] spend time is: 340
[2020-02-21 06:52:36] spend time is: 340
[2020-02-21 06:52:44] hlf-ca-1.2.0.tgz update done.
[2020-02-21 06:52:46] spend time is: 350
[2020-02-21 06:52:46] spend time is: 350
[2020-02-21 06:52:46] spend time is: 350
[2020-02-21 06:52:46] spend time is: 350
[2020-02-21 06:52:46] spend time is: 350
[2020-02-21 06:52:46] spend time is: 350
[2020-02-21 06:52:46] spend time is: 350
[2020-02-21 06:52:56] spend time is: 360
[2020-02-21 06:52:56] spend time is: 360
[2020-02-21 06:52:56] spend time is: 360
[2020-02-21 06:52:56] spend time is: 360
[2020-02-21 06:52:56] spend time is: 360
[2020-02-21 06:52:56] spend time is: 360
[2020-02-21 06:52:56] spend time is: 360
[2020-02-21 06:52:56] spend time is: 360
[2020-02-21 06:53:06] spend time is: 370
[2020-02-21 06:53:06] spend time is: 370
[2020-02-21 06:53:06] spend time is: 370
[2020-02-21 06:53:06] spend time is: 370
[2020-02-21 06:53:06] spend time is: 370
[2020-02-21 06:53:06] spend time is: 370
[2020-02-21 06:53:06] spend time is: 370
[2020-02-21 06:53:06] spend time is: 370
[2020-02-21 06:53:13] janusgraph-0.2.1.tgz update done.
[2020-02-21 06:53:16] spend time is: 380
[2020-02-21 06:53:16] spend time is: 380
[2020-02-21 06:53:16] spend time is: 380
[2020-02-21 06:53:16] spend time is: 380
[2020-02-21 06:53:16] spend time is: 380
[2020-02-21 06:53:16] spend time is: 380
[2020-02-21 06:53:16] spend time is: 380
[2020-02-21 06:53:16] spend time is: 380
[2020-02-21 06:53:26] spend time is: 390
[2020-02-21 06:53:26] spend time is: 390
[2020-02-21 06:53:26] spend time is: 390
[2020-02-21 06:53:26] spend time is: 390
[2020-02-21 06:53:26] spend time is: 390
[2020-02-21 06:53:26] spend time is: 390
[2020-02-21 06:53:26] spend time is: 390
[2020-02-21 06:53:26] spend time is: 390
[2020-02-21 06:53:36] spend time is: 400
[2020-02-21 06:53:36] spend time is: 400
[2020-02-21 06:53:36] spend time is: 400
[2020-02-21 06:53:36] spend time is: 400
[2020-02-21 06:53:36] spend time is: 400
[2020-02-21 06:53:36] spend time is: 400
[2020-02-21 06:53:36] spend time is: 400
[2020-02-21 06:53:36] spend time is: 400
[2020-02-21 06:53:46] spend time is: 410
[2020-02-21 06:53:46] spend time is: 410
[2020-02-21 06:53:46] spend time is: 410
[2020-02-21 06:53:46] spend time is: 410
[2020-02-21 06:53:46] spend time is: 410
[2020-02-21 06:53:46] spend time is: 410
[2020-02-21 06:53:46] spend time is: 410
[2020-02-21 06:53:46] spend time is: 410
[2020-02-21 06:53:56] spend time is: 420
[2020-02-21 06:53:56] spend time is: 420
[2020-02-21 06:53:56] spend time is: 420
[2020-02-21 06:53:56] spend time is: 420
[2020-02-21 06:53:56] spend time is: 420
[2020-02-21 06:53:56] spend time is: 420
[2020-02-21 06:53:56] spend time is: 420
[2020-02-21 06:54:06] spend time is: 430
[2020-02-21 06:54:06] spend time is: 430
[2020-02-21 06:54:06] spend time is: 430
[2020-02-21 06:54:06] spend time is: 430
[2020-02-21 06:54:06] spend time is: 430
[2020-02-21 06:54:06] spend time is: 430
[2020-02-21 06:54:06] spend time is: 430
[2020-02-21 06:54:06] spend time is: 430
[2020-02-21 06:54:13] kafka-manager-2.2.1.tgz update done.
[2020-02-21 06:54:16] spend time is: 440
[2020-02-21 06:54:16] spend time is: 440
[2020-02-21 06:54:16] spend time is: 440
[2020-02-21 06:54:16] spend time is: 440
[2020-02-21 06:54:16] spend time is: 440
[2020-02-21 06:54:16] spend time is: 440
[2020-02-21 06:54:16] spend time is: 440
[2020-02-21 06:54:26] spend time is: 450
[2020-02-21 06:54:26] spend time is: 450
[2020-02-21 06:54:26] spend time is: 450
[2020-02-21 06:54:26] spend time is: 450
[2020-02-21 06:54:26] spend time is: 450
[2020-02-21 06:54:26] spend time is: 450
[2020-02-21 06:54:26] spend time is: 450
[2020-02-21 06:54:26] spend time is: 450
[2020-02-21 06:54:36] spend time is: 460
[2020-02-21 06:54:36] spend time is: 460
[2020-02-21 06:54:36] spend time is: 460
[2020-02-21 06:54:36] spend time is: 460
[2020-02-21 06:54:36] spend time is: 460
[2020-02-21 06:54:36] spend time is: 460
[2020-02-21 06:54:36] spend time is: 460
[2020-02-21 06:54:46] spend time is: 470
[2020-02-21 06:54:46] spend time is: 470
[2020-02-21 06:54:46] spend time is: 470
[2020-02-21 06:54:46] spend time is: 470
[2020-02-21 06:54:46] spend time is: 470
[2020-02-21 06:54:46] spend time is: 470
[2020-02-21 06:54:46] spend time is: 470
[2020-02-21 06:54:56] spend time is: 480
[2020-02-21 06:54:56] spend time is: 480
[2020-02-21 06:54:56] spend time is: 480
[2020-02-21 06:54:56] spend time is: 480
[2020-02-21 06:54:56] spend time is: 480
[2020-02-21 06:54:56] spend time is: 480
[2020-02-21 06:54:56] spend time is: 480
[2020-02-21 06:54:56] spend time is: 480
[2020-02-21 06:55:01] kube-state-metrics-2.7.1.tgz update done.
[2020-02-21 06:55:01] kube-state-metrics-2.7.0.tgz update done.
[2020-02-21 06:55:06] spend time is: 490
[2020-02-21 06:55:06] spend time is: 490
[2020-02-21 06:55:06] spend time is: 490
[2020-02-21 06:55:06] spend time is: 490
[2020-02-21 06:55:06] spend time is: 490
[2020-02-21 06:55:06] spend time is: 490
[2020-02-21 06:55:06] spend time is: 490
[2020-02-21 06:55:06] spend time is: 490
[2020-02-21 06:55:16] spend time is: 500
[2020-02-21 06:55:16] spend time is: 500
[2020-02-21 06:55:16] spend time is: 500
[2020-02-21 06:55:16] spend time is: 500
[2020-02-21 06:55:16] spend time is: 500
[2020-02-21 06:55:16] spend time is: 500
[2020-02-21 06:55:16] spend time is: 500
[2020-02-21 06:55:16] spend time is: 500
[2020-02-21 06:55:26] spend time is: 510
[2020-02-21 06:55:26] spend time is: 510
[2020-02-21 06:55:26] spend time is: 510
[2020-02-21 06:55:26] spend time is: 510
[2020-02-21 06:55:26] spend time is: 510
[2020-02-21 06:55:26] spend time is: 510
[2020-02-21 06:55:26] spend time is: 510
[2020-02-21 06:55:26] spend time is: 510
[2020-02-21 06:55:36] spend time is: 520
[2020-02-21 06:55:36] spend time is: 520
[2020-02-21 06:55:36] spend time is: 520
[2020-02-21 06:55:36] spend time is: 520
[2020-02-21 06:55:36] spend time is: 520
[2020-02-21 06:55:36] spend time is: 520
[2020-02-21 06:55:36] spend time is: 520
[2020-02-21 06:55:46] spend time is: 530
[2020-02-21 06:55:46] spend time is: 530
[2020-02-21 06:55:46] spend time is: 530
[2020-02-21 06:55:46] spend time is: 530
[2020-02-21 06:55:46] spend time is: 530
[2020-02-21 06:55:46] spend time is: 530
[2020-02-21 06:55:46] spend time is: 530
[2020-02-21 06:55:46] spend time is: 530
[2020-02-21 06:55:56] spend time is: 540
[2020-02-21 06:55:56] spend time is: 540
[2020-02-21 06:55:56] spend time is: 540
[2020-02-21 06:55:56] spend time is: 540
[2020-02-21 06:55:56] spend time is: 540
[2020-02-21 06:55:56] spend time is: 540
[2020-02-21 06:55:56] spend time is: 540
[2020-02-21 06:56:06] spend time is: 550
[2020-02-21 06:56:06] spend time is: 550
[2020-02-21 06:56:06] spend time is: 550
[2020-02-21 06:56:06] spend time is: 550
[2020-02-21 06:56:06] spend time is: 550
[2020-02-21 06:56:06] spend time is: 550
[2020-02-21 06:56:06] spend time is: 550
[2020-02-21 06:56:06] spend time is: 550
[2020-02-21 06:56:16] spend time is: 560
[2020-02-21 06:56:16] spend time is: 560
[2020-02-21 06:56:16] spend time is: 560
[2020-02-21 06:56:16] spend time is: 560
[2020-02-21 06:56:16] spend time is: 560
[2020-02-21 06:56:16] spend time is: 560
[2020-02-21 06:56:16] spend time is: 560
[2020-02-21 06:56:26] spend time is: 570
[2020-02-21 06:56:26] spend time is: 570
[2020-02-21 06:56:26] spend time is: 570
[2020-02-21 06:56:26] spend time is: 570
[2020-02-21 06:56:26] spend time is: 570
[2020-02-21 06:56:26] spend time is: 570
[2020-02-21 06:56:26] spend time is: 570
[2020-02-21 06:56:26] spend time is: 570
[2020-02-21 06:56:36] spend time is: 580
[2020-02-21 06:56:36] spend time is: 580
[2020-02-21 06:56:36] spend time is: 580
[2020-02-21 06:56:36] spend time is: 580
[2020-02-21 06:56:36] spend time is: 580
[2020-02-21 06:56:36] spend time is: 580
[2020-02-21 06:56:36] spend time is: 580
[2020-02-21 06:56:36] spend time is: 580
[2020-02-21 06:56:46] spend time is: 590
[2020-02-21 06:56:46] spend time is: 590
[2020-02-21 06:56:46] spend time is: 590
[2020-02-21 06:56:46] spend time is: 590
[2020-02-21 06:56:46] spend time is: 590
[2020-02-21 06:56:46] spend time is: 590
[2020-02-21 06:56:46] spend time is: 590
[2020-02-21 06:56:46] spend time is: 590
[2020-02-21 06:56:56] spend time is: 600
Already up to date.
