Fetching origin
Warning: Permanently added the RSA host key for IP address '192.30.253.113' to the list of known hosts.
From github.com:babyshen/helm-charts-mirror
 * [new branch]      gh-pages   -> origin/gh-pages
 * [new branch]      master     -> origin/master
Previous HEAD position was 6f4bc38 restore bug
Switched to a new branch 'gh-pages'
Branch 'gh-pages' set up to track remote branch 'gh-pages' from 'origin'.
Already up to date.
Branch 'gh-pages' set up to track remote branch 'gh-pages' from 'origin'.
  % Total    % Received % Xferd  Average Speed   Time    Time     Time  Current
                                 Dload  Upload   Total   Spent    Left  Speed
  0     0    0     0    0     0      0      0 --:--:-- --:--:-- --:--:--     0100 5172k  100 5172k    0     0  49.1M      0 --:--:-- --:--:-- --:--:-- 49.5M
[2019-06-15 04:45:31] spend time is: 40
[2019-06-15 04:45:31] spend time is: 40
[2019-06-15 04:45:31] spend time is: 40
[2019-06-15 04:45:31] spend time is: 40
[2019-06-15 04:45:31] airflow-3.0.0.tgz update done.
[2019-06-15 04:45:31] spend time is: 40
[2019-06-15 04:45:31] spend time is: 40
[2019-06-15 04:45:31] spend time is: 40
[2019-06-15 04:45:31] spend time is: 40
[2019-06-15 04:45:31] spend time is: 40
[2019-06-15 04:45:41] spend time is: 50
[2019-06-15 04:45:41] spend time is: 50
[2019-06-15 04:45:41] spend time is: 50
[2019-06-15 04:45:41] spend time is: 50
[2019-06-15 04:45:41] spend time is: 50
[2019-06-15 04:45:41] spend time is: 50
[2019-06-15 04:45:41] spend time is: 50
[2019-06-15 04:45:41] spend time is: 50
[2019-06-15 04:45:41] spend time is: 50
[2019-06-15 04:45:41] spend time is: 50
[2019-06-15 04:45:41] spend time is: 50
[2019-06-15 04:45:42] spend time is: 50
[2019-06-15 04:45:51] spend time is: 60
[2019-06-15 04:45:51] spend time is: 60
[2019-06-15 04:45:51] spend time is: 60
[2019-06-15 04:45:51] spend time is: 60
[2019-06-15 04:45:51] spend time is: 60
[2019-06-15 04:45:51] spend time is: 60
[2019-06-15 04:45:51] spend time is: 60
[2019-06-15 04:45:51] spend time is: 60
[2019-06-15 04:45:51] spend time is: 60
[2019-06-15 04:45:51] spend time is: 60
[2019-06-15 04:45:51] spend time is: 60
[2019-06-15 04:46:01] spend time is: 70
[2019-06-15 04:46:01] spend time is: 70
[2019-06-15 04:46:01] spend time is: 70
[2019-06-15 04:46:01] spend time is: 70
[2019-06-15 04:46:01] spend time is: 70
[2019-06-15 04:46:01] spend time is: 70
[2019-06-15 04:46:01] spend time is: 70
[2019-06-15 04:46:01] spend time is: 70
[2019-06-15 04:46:01] spend time is: 70
[2019-06-15 04:46:01] spend time is: 70
[2019-06-15 04:46:02] spend time is: 70
[2019-06-15 04:46:11] spend time is: 80
[2019-06-15 04:46:11] spend time is: 80
[2019-06-15 04:46:11] spend time is: 80
[2019-06-15 04:46:11] spend time is: 80
[2019-06-15 04:46:11] spend time is: 80
[2019-06-15 04:46:11] spend time is: 80
[2019-06-15 04:46:11] spend time is: 80
[2019-06-15 04:46:11] spend time is: 80
[2019-06-15 04:46:11] spend time is: 80
[2019-06-15 04:46:11] spend time is: 80
[2019-06-15 04:46:11] spend time is: 80
[2019-06-15 04:46:21] spend time is: 90
[2019-06-15 04:46:21] spend time is: 90
[2019-06-15 04:46:21] spend time is: 90
[2019-06-15 04:46:21] spend time is: 90
[2019-06-15 04:46:21] spend time is: 90
[2019-06-15 04:46:21] spend time is: 90
[2019-06-15 04:46:21] spend time is: 90
[2019-06-15 04:46:21] spend time is: 90
[2019-06-15 04:46:21] spend time is: 90
[2019-06-15 04:46:21] spend time is: 90
[2019-06-15 04:46:21] spend time is: 90
[2019-06-15 04:46:21] spend time is: 90
[2019-06-15 04:46:31] spend time is: 100
[2019-06-15 04:46:31] spend time is: 100
[2019-06-15 04:46:31] spend time is: 100
[2019-06-15 04:46:31] spend time is: 100
[2019-06-15 04:46:31] spend time is: 100
[2019-06-15 04:46:31] spend time is: 100
[2019-06-15 04:46:31] spend time is: 100
[2019-06-15 04:46:31] spend time is: 100
[2019-06-15 04:46:31] spend time is: 100
[2019-06-15 04:46:31] spend time is: 100
[2019-06-15 04:46:31] spend time is: 100
[2019-06-15 04:46:38] distribution-0.4.2.tgz update done.
[2019-06-15 04:46:41] spend time is: 110
[2019-06-15 04:46:41] spend time is: 110
[2019-06-15 04:46:41] spend time is: 110
[2019-06-15 04:46:41] spend time is: 110
[2019-06-15 04:46:41] spend time is: 110
[2019-06-15 04:46:41] spend time is: 110
[2019-06-15 04:46:41] spend time is: 110
[2019-06-15 04:46:41] spend time is: 110
[2019-06-15 04:46:41] spend time is: 110
[2019-06-15 04:46:41] spend time is: 110
[2019-06-15 04:46:41] spend time is: 110
[2019-06-15 04:46:41] spend time is: 110
[2019-06-15 04:46:51] spend time is: 120
[2019-06-15 04:46:51] spend time is: 120
[2019-06-15 04:46:51] spend time is: 120
[2019-06-15 04:46:51] spend time is: 120
[2019-06-15 04:46:51] spend time is: 120
[2019-06-15 04:46:51] spend time is: 120
[2019-06-15 04:46:51] spend time is: 120
[2019-06-15 04:46:51] spend time is: 120
[2019-06-15 04:46:51] spend time is: 120
[2019-06-15 04:46:51] spend time is: 120
[2019-06-15 04:46:51] spend time is: 120
[2019-06-15 04:46:52] spend time is: 120
[2019-06-15 04:47:00] elastic-stack-1.7.0.tgz update done.
[2019-06-15 04:47:01] spend time is: 130
[2019-06-15 04:47:01] spend time is: 130
[2019-06-15 04:47:01] spend time is: 130
[2019-06-15 04:47:01] spend time is: 130
[2019-06-15 04:47:01] spend time is: 130
[2019-06-15 04:47:01] spend time is: 130
[2019-06-15 04:47:01] spend time is: 130
[2019-06-15 04:47:01] spend time is: 130
[2019-06-15 04:47:01] spend time is: 130
[2019-06-15 04:47:01] spend time is: 130
[2019-06-15 04:47:01] spend time is: 130
[2019-06-15 04:47:02] spend time is: 130
[2019-06-15 04:47:05] elasticsearch-exporter-1.4.0.tgz update done.
[2019-06-15 04:47:11] spend time is: 140
[2019-06-15 04:47:11] spend time is: 140
[2019-06-15 04:47:11] spend time is: 140
[2019-06-15 04:47:11] spend time is: 140
[2019-06-15 04:47:11] spend time is: 140
[2019-06-15 04:47:11] spend time is: 140
[2019-06-15 04:47:11] spend time is: 140
[2019-06-15 04:47:11] spend time is: 140
[2019-06-15 04:47:11] spend time is: 140
[2019-06-15 04:47:11] spend time is: 140
[2019-06-15 04:47:11] spend time is: 140
[2019-06-15 04:47:11] spend time is: 140
[2019-06-15 04:47:17] falco-0.7.8.tgz update done.
[2019-06-15 04:47:21] spend time is: 150
[2019-06-15 04:47:21] spend time is: 150
[2019-06-15 04:47:21] spend time is: 150
[2019-06-15 04:47:21] spend time is: 150
[2019-06-15 04:47:21] spend time is: 150
[2019-06-15 04:47:21] spend time is: 150
[2019-06-15 04:47:21] spend time is: 150
[2019-06-15 04:47:21] spend time is: 150
[2019-06-15 04:47:21] spend time is: 150
[2019-06-15 04:47:21] spend time is: 150
[2019-06-15 04:47:21] spend time is: 150
[2019-06-15 04:47:21] spend time is: 150
[2019-06-15 04:47:31] spend time is: 160
[2019-06-15 04:47:31] spend time is: 160
[2019-06-15 04:47:31] spend time is: 160
[2019-06-15 04:47:31] spend time is: 160
[2019-06-15 04:47:31] spend time is: 160
[2019-06-15 04:47:31] spend time is: 160
[2019-06-15 04:47:31] spend time is: 160
[2019-06-15 04:47:31] spend time is: 160
[2019-06-15 04:47:31] spend time is: 160
[2019-06-15 04:47:31] spend time is: 160
[2019-06-15 04:47:32] spend time is: 160
[2019-06-15 04:47:41] spend time is: 170
[2019-06-15 04:47:41] spend time is: 170
[2019-06-15 04:47:41] spend time is: 170
[2019-06-15 04:47:41] spend time is: 170
[2019-06-15 04:47:41] spend time is: 170
[2019-06-15 04:47:41] spend time is: 170
[2019-06-15 04:47:41] spend time is: 170
[2019-06-15 04:47:41] spend time is: 170
[2019-06-15 04:47:41] spend time is: 170
[2019-06-15 04:47:41] spend time is: 170
[2019-06-15 04:47:41] spend time is: 170
[2019-06-15 04:47:51] spend time is: 180
[2019-06-15 04:47:51] spend time is: 180
[2019-06-15 04:47:51] spend time is: 180
[2019-06-15 04:47:51] spend time is: 180
[2019-06-15 04:47:51] spend time is: 180
[2019-06-15 04:47:51] spend time is: 180
[2019-06-15 04:47:51] spend time is: 180
[2019-06-15 04:47:51] spend time is: 180
[2019-06-15 04:47:51] spend time is: 180
[2019-06-15 04:47:51] spend time is: 180
[2019-06-15 04:47:51] spend time is: 180
[2019-06-15 04:47:51] spend time is: 180
[2019-06-15 04:47:51] spend time is: 180
[2019-06-15 04:48:01] spend time is: 190
[2019-06-15 04:48:01] spend time is: 190
[2019-06-15 04:48:01] spend time is: 190
[2019-06-15 04:48:01] spend time is: 190
[2019-06-15 04:48:01] spend time is: 190
[2019-06-15 04:48:01] spend time is: 190
[2019-06-15 04:48:01] spend time is: 190
[2019-06-15 04:48:01] spend time is: 190
[2019-06-15 04:48:01] spend time is: 190
[2019-06-15 04:48:01] spend time is: 190
[2019-06-15 04:48:01] spend time is: 190
[2019-06-15 04:48:01] spend time is: 190
[2019-06-15 04:48:09] graylog-1.2.0.tgz update done.
[2019-06-15 04:48:11] spend time is: 200
[2019-06-15 04:48:11] spend time is: 200
[2019-06-15 04:48:11] spend time is: 200
[2019-06-15 04:48:11] spend time is: 200
[2019-06-15 04:48:11] spend time is: 200
[2019-06-15 04:48:11] spend time is: 200
[2019-06-15 04:48:11] spend time is: 200
[2019-06-15 04:48:11] spend time is: 200
[2019-06-15 04:48:11] spend time is: 200
[2019-06-15 04:48:11] spend time is: 200
[2019-06-15 04:48:11] spend time is: 200
[2019-06-15 04:48:21] spend time is: 210
[2019-06-15 04:48:21] spend time is: 210
[2019-06-15 04:48:21] spend time is: 210
[2019-06-15 04:48:21] spend time is: 210
[2019-06-15 04:48:21] spend time is: 210
[2019-06-15 04:48:21] spend time is: 210
[2019-06-15 04:48:21] spend time is: 210
[2019-06-15 04:48:21] spend time is: 210
[2019-06-15 04:48:21] spend time is: 210
[2019-06-15 04:48:21] spend time is: 210
[2019-06-15 04:48:21] spend time is: 210
[2019-06-15 04:48:22] spend time is: 210
[2019-06-15 04:48:29] janusgraph-0.2.0.tgz update done.
[2019-06-15 04:48:31] spend time is: 220
[2019-06-15 04:48:31] spend time is: 220
[2019-06-15 04:48:31] spend time is: 220
[2019-06-15 04:48:31] spend time is: 220
[2019-06-15 04:48:31] spend time is: 220
[2019-06-15 04:48:31] spend time is: 220
[2019-06-15 04:48:31] spend time is: 220
[2019-06-15 04:48:31] spend time is: 220
[2019-06-15 04:48:31] spend time is: 220
[2019-06-15 04:48:31] spend time is: 220
[2019-06-15 04:48:31] spend time is: 220
[2019-06-15 04:48:31] spend time is: 220
[2019-06-15 04:48:41] spend time is: 230
[2019-06-15 04:48:41] spend time is: 230
[2019-06-15 04:48:41] spend time is: 230
[2019-06-15 04:48:41] spend time is: 230
[2019-06-15 04:48:41] spend time is: 230
[2019-06-15 04:48:41] spend time is: 230
[2019-06-15 04:48:41] spend time is: 230
[2019-06-15 04:48:41] spend time is: 230
[2019-06-15 04:48:41] spend time is: 230
[2019-06-15 04:48:41] spend time is: 230
[2019-06-15 04:48:41] spend time is: 230
[2019-06-15 04:48:42] spend time is: 230
[2019-06-15 04:48:42] spend time is: 230
[2019-06-15 04:48:51] spend time is: 240
[2019-06-15 04:48:51] spend time is: 240
[2019-06-15 04:48:51] spend time is: 240
[2019-06-15 04:48:51] spend time is: 240
[2019-06-15 04:48:51] spend time is: 240
[2019-06-15 04:48:51] spend time is: 240
[2019-06-15 04:48:51] spend time is: 240
[2019-06-15 04:48:51] spend time is: 240
[2019-06-15 04:48:51] spend time is: 240
[2019-06-15 04:48:51] spend time is: 240
[2019-06-15 04:48:51] spend time is: 240
[2019-06-15 04:48:51] spend time is: 240
[2019-06-15 04:49:01] spend time is: 250
[2019-06-15 04:49:01] spend time is: 250
[2019-06-15 04:49:01] spend time is: 250
[2019-06-15 04:49:01] spend time is: 250
[2019-06-15 04:49:01] spend time is: 250
[2019-06-15 04:49:01] spend time is: 250
[2019-06-15 04:49:01] spend time is: 250
[2019-06-15 04:49:01] spend time is: 250
[2019-06-15 04:49:01] spend time is: 250
[2019-06-15 04:49:01] spend time is: 250
[2019-06-15 04:49:02] spend time is: 250
[2019-06-15 04:49:10] kong-0.12.1.tgz update done.
[2019-06-15 04:49:11] spend time is: 260
[2019-06-15 04:49:11] spend time is: 260
[2019-06-15 04:49:11] spend time is: 260
[2019-06-15 04:49:11] spend time is: 260
[2019-06-15 04:49:11] spend time is: 260
[2019-06-15 04:49:11] spend time is: 260
[2019-06-15 04:49:11] spend time is: 260
[2019-06-15 04:49:11] spend time is: 260
[2019-06-15 04:49:11] spend time is: 260
[2019-06-15 04:49:11] spend time is: 260
[2019-06-15 04:49:11] spend time is: 260
[2019-06-15 04:49:12] spend time is: 260
[2019-06-15 04:49:17] kube-ops-view-1.0.1.tgz update done.
[2019-06-15 04:49:21] spend time is: 270
[2019-06-15 04:49:21] spend time is: 270
[2019-06-15 04:49:21] spend time is: 270
[2019-06-15 04:49:21] spend time is: 270
[2019-06-15 04:49:21] spend time is: 270
[2019-06-15 04:49:21] spend time is: 270
[2019-06-15 04:49:21] spend time is: 270
[2019-06-15 04:49:21] spend time is: 270
[2019-06-15 04:49:21] spend time is: 270
[2019-06-15 04:49:21] spend time is: 270
[2019-06-15 04:49:21] spend time is: 270
[2019-06-15 04:49:21] spend time is: 270
[2019-06-15 04:49:31] spend time is: 280
[2019-06-15 04:49:31] spend time is: 280
[2019-06-15 04:49:31] spend time is: 280
[2019-06-15 04:49:31] spend time is: 280
[2019-06-15 04:49:31] spend time is: 280
[2019-06-15 04:49:31] spend time is: 280
[2019-06-15 04:49:31] spend time is: 280
[2019-06-15 04:49:31] spend time is: 280
[2019-06-15 04:49:31] spend time is: 280
[2019-06-15 04:49:31] spend time is: 280
[2019-06-15 04:49:31] spend time is: 280
[2019-06-15 04:49:31] spend time is: 280
[2019-06-15 04:49:35] logstash-1.13.0.tgz update done.
[2019-06-15 04:49:41] spend time is: 290
[2019-06-15 04:49:41] spend time is: 290
[2019-06-15 04:49:41] spend time is: 290
[2019-06-15 04:49:41] spend time is: 290
[2019-06-15 04:49:41] spend time is: 290
[2019-06-15 04:49:41] spend time is: 290
[2019-06-15 04:49:41] spend time is: 290
[2019-06-15 04:49:41] spend time is: 290
[2019-06-15 04:49:41] spend time is: 290
[2019-06-15 04:49:41] spend time is: 290
[2019-06-15 04:49:51] spend time is: 300
[2019-06-15 04:49:51] spend time is: 300
[2019-06-15 04:49:51] spend time is: 300
[2019-06-15 04:49:51] spend time is: 300
Warning: Permanently added the RSA host key for IP address '192.30.253.112' to the list of known hosts.
Already up to date.
Already up to date.
fatal: Unable to create '/home/travis/build/babyshen/helm-charts-mirror/.git/index.lock': File exists.

Another git process seems to be running in this repository, e.g.
an editor opened by 'git commit'. Please make sure all processes
are terminated then try again. If it still fails, a git process
may have crashed in this repository earlier:
remove the file manually to continue.
Already up to date.
fatal: Unable to create '/home/travis/build/babyshen/helm-charts-mirror/.git/index.lock': File exists.

Another git process seems to be running in this repository, e.g.
an editor opened by 'git commit'. Please make sure all processes
are terminated then try again. If it still fails, a git process
may have crashed in this repository earlier:
remove the file manually to continue.
Already up to date.
fatal: Unable to create '/home/travis/build/babyshen/helm-charts-mirror/.git/index.lock': File exists.

Another git process seems to be running in this repository, e.g.
an editor opened by 'git commit'. Please make sure all processes
are terminated then try again. If it still fails, a git process
may have crashed in this repository earlier:
remove the file manually to continue.
[gh-pages 82ca746] Synchronizing completion at 2019-06-15
 14 files changed, 910 insertions(+), 295 deletions(-)
 rewrite airflow-3.0.0.tgz (99%)
 rewrite distribution-0.4.2.tgz (99%)
 rewrite elastic-stack-1.7.0.tgz (98%)
 create mode 100644 elasticsearch-exporter-1.4.0.tgz
 create mode 100644 falco-0.7.8.tgz
 rewrite graylog-1.2.0.tgz (98%)
 rewrite kong-0.12.1.tgz (99%)
 rewrite kube-ops-view-1.0.1.tgz (84%)
 create mode 100644 logstash-1.13.0.tgz
 create mode 100644 travis_wait_1955.log
To github.com:babyshen/helm-charts-mirror.git
   8574863..82ca746  gh-pages -> gh-pages
Branch 'gh-pages' set up to track remote branch 'gh-pages' from 'origin'.
[2019-06-15 04:50:01] spend time is: 310
[2019-06-15 04:50:01] spend time is: 310
[2019-06-15 04:50:01] spend time is: 310
[2019-06-15 04:50:01] spend time is: 310
[2019-06-15 04:50:01] spend time is: 310
[2019-06-15 04:50:01] spend time is: 310
[2019-06-15 04:50:01] spend time is: 310
[2019-06-15 04:50:01] spend time is: 310
[2019-06-15 04:50:02] spend time is: 310
[2019-06-15 04:50:11] spend time is: 320
[2019-06-15 04:50:11] spend time is: 320
[2019-06-15 04:50:11] spend time is: 320
[2019-06-15 04:50:11] spend time is: 320
[2019-06-15 04:50:11] spend time is: 320
[2019-06-15 04:50:11] spend time is: 320
[2019-06-15 04:50:11] spend time is: 320
[2019-06-15 04:50:11] spend time is: 320
[2019-06-15 04:50:11] spend time is: 320
[2019-06-15 04:50:21] spend time is: 330
[2019-06-15 04:50:21] spend time is: 330
[2019-06-15 04:50:21] spend time is: 330
[2019-06-15 04:50:21] spend time is: 330
[2019-06-15 04:50:21] spend time is: 330
[2019-06-15 04:50:21] spend time is: 330
[2019-06-15 04:50:21] spend time is: 330
[2019-06-15 04:50:21] spend time is: 330
[2019-06-15 04:50:26] minecraft-1.0.2.tgz update done.
[2019-06-15 04:50:31] spend time is: 340
[2019-06-15 04:50:31] spend time is: 340
[2019-06-15 04:50:31] spend time is: 340
[2019-06-15 04:50:31] spend time is: 340
[2019-06-15 04:50:31] spend time is: 340
[2019-06-15 04:50:31] spend time is: 340
[2019-06-15 04:50:31] spend time is: 340
[2019-06-15 04:50:31] spend time is: 340
[2019-06-15 04:50:41] spend time is: 350
[2019-06-15 04:50:41] spend time is: 350
[2019-06-15 04:50:41] spend time is: 350
[2019-06-15 04:50:41] spend time is: 350
[2019-06-15 04:50:41] spend time is: 350
[2019-06-15 04:50:41] spend time is: 350
[2019-06-15 04:50:41] spend time is: 350
[2019-06-15 04:50:41] spend time is: 350
[2019-06-15 04:50:41] spend time is: 350
[2019-06-15 04:50:51] spend time is: 360
[2019-06-15 04:50:51] spend time is: 360
[2019-06-15 04:50:51] spend time is: 360
[2019-06-15 04:50:51] spend time is: 360
[2019-06-15 04:50:51] spend time is: 360
[2019-06-15 04:50:51] spend time is: 360
[2019-06-15 04:50:51] spend time is: 360
[2019-06-15 04:50:51] spend time is: 360
[2019-06-15 04:50:51] spend time is: 360
[2019-06-15 04:51:01] spend time is: 370
[2019-06-15 04:51:01] spend time is: 370
[2019-06-15 04:51:01] spend time is: 370
[2019-06-15 04:51:01] spend time is: 370
[2019-06-15 04:51:01] spend time is: 370
[2019-06-15 04:51:01] spend time is: 370
[2019-06-15 04:51:01] spend time is: 370
[2019-06-15 04:51:01] spend time is: 370
[2019-06-15 04:51:01] spend time is: 370
[2019-06-15 04:51:11] spend time is: 380
[2019-06-15 04:51:11] spend time is: 380
[2019-06-15 04:51:11] spend time is: 380
[2019-06-15 04:51:11] spend time is: 380
[2019-06-15 04:51:11] spend time is: 380
[2019-06-15 04:51:11] spend time is: 380
[2019-06-15 04:51:11] spend time is: 380
[2019-06-15 04:51:11] spend time is: 380
[2019-06-15 04:51:11] spend time is: 380
[2019-06-15 04:51:21] spend time is: 390
[2019-06-15 04:51:21] spend time is: 390
[2019-06-15 04:51:21] spend time is: 390
[2019-06-15 04:51:21] spend time is: 390
[2019-06-15 04:51:21] spend time is: 390
[2019-06-15 04:51:21] spend time is: 390
[2019-06-15 04:51:21] spend time is: 390
[2019-06-15 04:51:21] spend time is: 390
[2019-06-15 04:51:21] spend time is: 390
[2019-06-15 04:51:27] nextcloud-1.2.2.tgz update done.
[2019-06-15 04:51:31] spend time is: 400
[2019-06-15 04:51:31] spend time is: 400
[2019-06-15 04:51:31] spend time is: 400
[2019-06-15 04:51:31] spend time is: 400
[2019-06-15 04:51:31] spend time is: 400
[2019-06-15 04:51:31] spend time is: 400
[2019-06-15 04:51:31] spend time is: 400
[2019-06-15 04:51:31] spend time is: 400
[2019-06-15 04:51:41] spend time is: 410
[2019-06-15 04:51:41] spend time is: 410
[2019-06-15 04:51:41] spend time is: 410
[2019-06-15 04:51:41] spend time is: 410
[2019-06-15 04:51:41] spend time is: 410
[2019-06-15 04:51:41] spend time is: 410
[2019-06-15 04:51:41] spend time is: 410
[2019-06-15 04:51:41] spend time is: 410
[2019-06-15 04:51:41] spend time is: 410
[2019-06-15 04:51:51] spend time is: 420
[2019-06-15 04:51:51] spend time is: 420
[2019-06-15 04:51:51] spend time is: 420
[2019-06-15 04:51:51] spend time is: 420
[2019-06-15 04:51:51] spend time is: 420
[2019-06-15 04:51:51] spend time is: 420
[2019-06-15 04:51:51] spend time is: 420
[2019-06-15 04:51:51] spend time is: 420
[2019-06-15 04:51:51] spend time is: 420
[2019-06-15 04:52:01] spend time is: 430
[2019-06-15 04:52:01] spend time is: 430
[2019-06-15 04:52:01] spend time is: 430
[2019-06-15 04:52:01] spend time is: 430
[2019-06-15 04:52:01] spend time is: 430
[2019-06-15 04:52:01] spend time is: 430
[2019-06-15 04:52:01] spend time is: 430
[2019-06-15 04:52:01] spend time is: 430
[2019-06-15 04:52:01] spend time is: 430
[2019-06-15 04:52:11] spend time is: 440
[2019-06-15 04:52:11] spend time is: 440
[2019-06-15 04:52:11] spend time is: 440
[2019-06-15 04:52:11] spend time is: 440
[2019-06-15 04:52:11] spend time is: 440
[2019-06-15 04:52:11] spend time is: 440
[2019-06-15 04:52:11] spend time is: 440
[2019-06-15 04:52:11] spend time is: 440
[2019-06-15 04:52:11] spend time is: 440
[2019-06-15 04:52:21] spend time is: 450
[2019-06-15 04:52:21] spend time is: 450
[2019-06-15 04:52:21] spend time is: 450
[2019-06-15 04:52:21] spend time is: 450
[2019-06-15 04:52:21] spend time is: 450
[2019-06-15 04:52:21] spend time is: 450
[2019-06-15 04:52:21] spend time is: 450
[2019-06-15 04:52:21] spend time is: 450
[2019-06-15 04:52:31] spend time is: 460
[2019-06-15 04:52:31] spend time is: 460
[2019-06-15 04:52:31] spend time is: 460
[2019-06-15 04:52:31] spend time is: 460
[2019-06-15 04:52:31] spend time is: 460
[2019-06-15 04:52:31] spend time is: 460
[2019-06-15 04:52:31] spend time is: 460
[2019-06-15 04:52:31] spend time is: 460
[2019-06-15 04:52:39] parse-6.2.11.tgz update done.
[2019-06-15 04:52:41] spend time is: 470
[2019-06-15 04:52:41] spend time is: 470
[2019-06-15 04:52:41] spend time is: 470
[2019-06-15 04:52:41] spend time is: 470
[2019-06-15 04:52:41] spend time is: 470
[2019-06-15 04:52:41] spend time is: 470
[2019-06-15 04:52:41] spend time is: 470
[2019-06-15 04:52:41] spend time is: 470
[2019-06-15 04:52:41] spend time is: 470
[2019-06-15 04:52:51] spend time is: 480
[2019-06-15 04:52:51] spend time is: 480
[2019-06-15 04:52:51] spend time is: 480
[2019-06-15 04:52:51] spend time is: 480
[2019-06-15 04:52:51] spend time is: 480
[2019-06-15 04:52:51] spend time is: 480
[2019-06-15 04:52:51] spend time is: 480
[2019-06-15 04:52:51] spend time is: 480
[2019-06-15 04:52:51] spend time is: 480
[2019-06-15 04:53:01] spend time is: 490
[2019-06-15 04:53:01] spend time is: 490
[2019-06-15 04:53:01] spend time is: 490
[2019-06-15 04:53:01] spend time is: 490
[2019-06-15 04:53:01] spend time is: 490
[2019-06-15 04:53:01] spend time is: 490
[2019-06-15 04:53:01] spend time is: 490
[2019-06-15 04:53:01] spend time is: 490
[2019-06-15 04:53:01] spend time is: 490
[2019-06-15 04:53:11] spend time is: 500
[2019-06-15 04:53:11] spend time is: 500
[2019-06-15 04:53:11] spend time is: 500
[2019-06-15 04:53:11] spend time is: 500
[2019-06-15 04:53:11] spend time is: 500
[2019-06-15 04:53:11] spend time is: 500
[2019-06-15 04:53:11] spend time is: 500
[2019-06-15 04:53:11] spend time is: 500
[2019-06-15 04:53:21] spend time is: 510
[2019-06-15 04:53:21] spend time is: 510
[2019-06-15 04:53:21] spend time is: 510
[2019-06-15 04:53:21] spend time is: 510
[2019-06-15 04:53:21] spend time is: 510
[2019-06-15 04:53:21] spend time is: 510
[2019-06-15 04:53:21] spend time is: 510
[2019-06-15 04:53:21] spend time is: 510
[2019-06-15 04:53:31] spend time is: 520
[2019-06-15 04:53:31] spend time is: 520
[2019-06-15 04:53:31] spend time is: 520
[2019-06-15 04:53:31] spend time is: 520
[2019-06-15 04:53:31] spend time is: 520
[2019-06-15 04:53:31] spend time is: 520
[2019-06-15 04:53:31] spend time is: 520
[2019-06-15 04:53:31] spend time is: 520
[2019-06-15 04:53:31] spend time is: 520
[2019-06-15 04:53:41] spend time is: 530
[2019-06-15 04:53:41] spend time is: 530
[2019-06-15 04:53:41] spend time is: 530
[2019-06-15 04:53:41] spend time is: 530
[2019-06-15 04:53:41] spend time is: 530
[2019-06-15 04:53:41] spend time is: 530
[2019-06-15 04:53:41] spend time is: 530
[2019-06-15 04:53:41] spend time is: 530
[2019-06-15 04:53:51] spend time is: 540
[2019-06-15 04:53:51] spend time is: 540
[2019-06-15 04:53:51] spend time is: 540
[2019-06-15 04:53:51] spend time is: 540
[2019-06-15 04:53:51] spend time is: 540
[2019-06-15 04:53:51] spend time is: 540
[2019-06-15 04:53:51] spend time is: 540
[2019-06-15 04:53:51] spend time is: 540
[2019-06-15 04:54:01] spend time is: 550
[2019-06-15 04:54:01] spend time is: 550
[2019-06-15 04:54:01] spend time is: 550
[2019-06-15 04:54:01] spend time is: 550
[2019-06-15 04:54:01] spend time is: 550
[2019-06-15 04:54:01] spend time is: 550
[2019-06-15 04:54:01] spend time is: 550
[2019-06-15 04:54:01] spend time is: 550
[2019-06-15 04:54:01] spend time is: 550
[2019-06-15 04:54:06] prometheus-cloudwatch-exporter-0.4.7.tgz update done.
[2019-06-15 04:54:11] spend time is: 560
[2019-06-15 04:54:11] spend time is: 560
[2019-06-15 04:54:11] spend time is: 560
[2019-06-15 04:54:11] spend time is: 560
[2019-06-15 04:54:11] spend time is: 560
[2019-06-15 04:54:11] spend time is: 560
[2019-06-15 04:54:11] spend time is: 560
[2019-06-15 04:54:11] spend time is: 560
[2019-06-15 04:54:11] spend time is: 560
[2019-06-15 04:54:21] spend time is: 570
[2019-06-15 04:54:21] spend time is: 570
[2019-06-15 04:54:21] spend time is: 570
[2019-06-15 04:54:21] spend time is: 570
[2019-06-15 04:54:21] spend time is: 570
[2019-06-15 04:54:21] spend time is: 570
[2019-06-15 04:54:21] spend time is: 570
[2019-06-15 04:54:21] spend time is: 570
[2019-06-15 04:54:21] spend time is: 570
[2019-06-15 04:54:31] spend time is: 580
[2019-06-15 04:54:31] spend time is: 580
[2019-06-15 04:54:31] spend time is: 580
[2019-06-15 04:54:31] spend time is: 580
[2019-06-15 04:54:31] spend time is: 580
[2019-06-15 04:54:31] spend time is: 580
[2019-06-15 04:54:31] spend time is: 580
[2019-06-15 04:54:31] spend time is: 580
[2019-06-15 04:54:41] spend time is: 590
[2019-06-15 04:54:41] spend time is: 590
[2019-06-15 04:54:41] spend time is: 590
[2019-06-15 04:54:41] spend time is: 590
[2019-06-15 04:54:41] spend time is: 590
[2019-06-15 04:54:41] spend time is: 590
[2019-06-15 04:54:41] spend time is: 590
[2019-06-15 04:54:41] spend time is: 590
[2019-06-15 04:54:41] spend time is: 590
[2019-06-15 04:54:51] spend time is: 600
Already up to date.
