Fetching origin
Warning: Permanently added the RSA host key for IP address '140.82.113.4' to the list of known hosts.
From github.com:babyshen/helm-charts-mirror
 * [new branch]      gh-pages   -> origin/gh-pages
 * [new branch]      master     -> origin/master
Previous HEAD position was 6f4bc38 restore bug
Switched to a new branch 'gh-pages'
Branch 'gh-pages' set up to track remote branch 'gh-pages' from 'origin'.
Already up to date.
Branch 'gh-pages' set up to track remote branch 'gh-pages' from 'origin'.
  % Total    % Received % Xferd  Average Speed   Time    Time     Time  Current
                                 Dload  Upload   Total   Spent    Left  Speed
  0     0    0     0    0     0      0      0 --:--:-- --:--:-- --:--:--     0100 7558k  100 7558k    0     0  75.6M      0 --:--:-- --:--:-- --:--:-- 76.0M
[2020-02-11 06:41:21] airflow-6.0.0.tgz update done.
[2020-02-11 06:41:27] spend time is: 60
[2020-02-11 06:41:27] spend time is: 60
[2020-02-11 06:41:27] spend time is: 60
[2020-02-11 06:41:27] spend time is: 60
[2020-02-11 06:41:27] spend time is: 60
[2020-02-11 06:41:27] spend time is: 60
[2020-02-11 06:41:27] spend time is: 60
[2020-02-11 06:41:27] spend time is: 60
[2020-02-11 06:41:27] spend time is: 60
[2020-02-11 06:41:27] spend time is: 60
[2020-02-11 06:41:37] spend time is: 70
[2020-02-11 06:41:37] spend time is: 70
[2020-02-11 06:41:37] spend time is: 70
[2020-02-11 06:41:37] spend time is: 70
[2020-02-11 06:41:37] spend time is: 70
[2020-02-11 06:41:37] spend time is: 70
[2020-02-11 06:41:37] spend time is: 70
[2020-02-11 06:41:37] spend time is: 70
[2020-02-11 06:41:37] spend time is: 70
[2020-02-11 06:41:47] spend time is: 80
[2020-02-11 06:41:47] spend time is: 80
[2020-02-11 06:41:47] spend time is: 80
[2020-02-11 06:41:47] spend time is: 80
[2020-02-11 06:41:47] spend time is: 80
[2020-02-11 06:41:47] spend time is: 80
[2020-02-11 06:41:47] spend time is: 80
[2020-02-11 06:41:47] spend time is: 80
[2020-02-11 06:41:47] spend time is: 80
[2020-02-11 06:41:47] spend time is: 80
[2020-02-11 06:41:47] spend time is: 80
[2020-02-11 06:41:48] spend time is: 80
[2020-02-11 06:41:57] spend time is: 90
[2020-02-11 06:41:57] spend time is: 90
[2020-02-11 06:41:57] spend time is: 90
[2020-02-11 06:41:57] spend time is: 90
[2020-02-11 06:41:57] spend time is: 90
[2020-02-11 06:41:57] spend time is: 90
[2020-02-11 06:41:57] spend time is: 90
[2020-02-11 06:41:57] spend time is: 90
[2020-02-11 06:41:57] spend time is: 90
[2020-02-11 06:41:57] spend time is: 90
[2020-02-11 06:41:57] spend time is: 90
[2020-02-11 06:42:07] spend time is: 100
[2020-02-11 06:42:07] spend time is: 100
[2020-02-11 06:42:07] spend time is: 100
[2020-02-11 06:42:07] spend time is: 100
[2020-02-11 06:42:07] spend time is: 100
[2020-02-11 06:42:07] spend time is: 100
[2020-02-11 06:42:07] spend time is: 100
[2020-02-11 06:42:07] spend time is: 100
[2020-02-11 06:42:07] spend time is: 100
[2020-02-11 06:42:07] spend time is: 100
[2020-02-11 06:42:08] spend time is: 100
[2020-02-11 06:42:17] spend time is: 110
[2020-02-11 06:42:17] spend time is: 110
[2020-02-11 06:42:17] spend time is: 110
[2020-02-11 06:42:17] spend time is: 110
[2020-02-11 06:42:17] spend time is: 110
[2020-02-11 06:42:17] spend time is: 110
[2020-02-11 06:42:17] spend time is: 110
[2020-02-11 06:42:17] spend time is: 110
[2020-02-11 06:42:17] spend time is: 110
[2020-02-11 06:42:17] spend time is: 110
[2020-02-11 06:42:18] cockroachdb-3.0.5.tgz update done.
[2020-02-11 06:42:27] spend time is: 120
[2020-02-11 06:42:27] spend time is: 120
[2020-02-11 06:42:27] spend time is: 120
[2020-02-11 06:42:27] spend time is: 120
[2020-02-11 06:42:27] spend time is: 120
[2020-02-11 06:42:27] spend time is: 120
[2020-02-11 06:42:27] spend time is: 120
[2020-02-11 06:42:27] spend time is: 120
[2020-02-11 06:42:37] spend time is: 130
[2020-02-11 06:42:37] spend time is: 130
[2020-02-11 06:42:37] spend time is: 130
[2020-02-11 06:42:37] spend time is: 130
[2020-02-11 06:42:37] spend time is: 130
[2020-02-11 06:42:37] spend time is: 130
[2020-02-11 06:42:37] spend time is: 130
[2020-02-11 06:42:37] spend time is: 130
[2020-02-11 06:42:37] spend time is: 130
[2020-02-11 06:42:37] spend time is: 130
[2020-02-11 06:42:47] spend time is: 140
[2020-02-11 06:42:47] spend time is: 140
[2020-02-11 06:42:47] spend time is: 140
[2020-02-11 06:42:47] spend time is: 140
[2020-02-11 06:42:47] spend time is: 140
[2020-02-11 06:42:47] spend time is: 140
[2020-02-11 06:42:47] spend time is: 140
[2020-02-11 06:42:47] spend time is: 140
[2020-02-11 06:42:47] spend time is: 140
[2020-02-11 06:42:47] spend time is: 140
[2020-02-11 06:42:48] spend time is: 140
[2020-02-11 06:42:57] spend time is: 150
[2020-02-11 06:42:57] spend time is: 150
[2020-02-11 06:42:57] spend time is: 150
[2020-02-11 06:42:57] spend time is: 150
[2020-02-11 06:42:57] spend time is: 150
[2020-02-11 06:42:57] spend time is: 150
[2020-02-11 06:42:57] spend time is: 150
[2020-02-11 06:42:57] spend time is: 150
[2020-02-11 06:42:57] spend time is: 150
[2020-02-11 06:43:07] spend time is: 160
[2020-02-11 06:43:07] spend time is: 160
[2020-02-11 06:43:07] spend time is: 160
[2020-02-11 06:43:07] spend time is: 160
[2020-02-11 06:43:07] spend time is: 160
[2020-02-11 06:43:07] spend time is: 160
[2020-02-11 06:43:07] spend time is: 160
[2020-02-11 06:43:07] spend time is: 160
[2020-02-11 06:43:07] spend time is: 160
[2020-02-11 06:43:17] spend time is: 170
[2020-02-11 06:43:17] spend time is: 170
[2020-02-11 06:43:17] spend time is: 170
[2020-02-11 06:43:17] spend time is: 170
[2020-02-11 06:43:17] spend time is: 170
[2020-02-11 06:43:17] spend time is: 170
[2020-02-11 06:43:17] spend time is: 170
[2020-02-11 06:43:17] spend time is: 170
[2020-02-11 06:43:17] spend time is: 170
[2020-02-11 06:43:17] spend time is: 170
[2020-02-11 06:43:17] spend time is: 170
[2020-02-11 06:43:27] spend time is: 180
[2020-02-11 06:43:27] spend time is: 180
[2020-02-11 06:43:27] spend time is: 180
[2020-02-11 06:43:27] spend time is: 180
[2020-02-11 06:43:27] spend time is: 180
[2020-02-11 06:43:27] spend time is: 180
[2020-02-11 06:43:27] spend time is: 180
[2020-02-11 06:43:27] spend time is: 180
[2020-02-11 06:43:27] spend time is: 180
[2020-02-11 06:43:27] spend time is: 180
[2020-02-11 06:43:27] spend time is: 180
[2020-02-11 06:43:37] spend time is: 190
[2020-02-11 06:43:37] spend time is: 190
[2020-02-11 06:43:37] spend time is: 190
[2020-02-11 06:43:37] spend time is: 190
[2020-02-11 06:43:37] spend time is: 190
[2020-02-11 06:43:37] spend time is: 190
[2020-02-11 06:43:37] spend time is: 190
[2020-02-11 06:43:37] spend time is: 190
[2020-02-11 06:43:37] spend time is: 190
[2020-02-11 06:43:38] spend time is: 190
[2020-02-11 06:43:46] elastic-stack-1.8.0.tgz update done.
[2020-02-11 06:43:47] spend time is: 200
[2020-02-11 06:43:47] spend time is: 200
[2020-02-11 06:43:47] spend time is: 200
[2020-02-11 06:43:47] spend time is: 200
[2020-02-11 06:43:47] spend time is: 200
[2020-02-11 06:43:47] spend time is: 200
[2020-02-11 06:43:47] spend time is: 200
[2020-02-11 06:43:47] spend time is: 200
[2020-02-11 06:43:47] spend time is: 200
[2020-02-11 06:43:47] spend time is: 200
[2020-02-11 06:43:47] spend time is: 200
[2020-02-11 06:43:57] spend time is: 210
[2020-02-11 06:43:57] spend time is: 210
[2020-02-11 06:43:57] spend time is: 210
[2020-02-11 06:43:57] spend time is: 210
[2020-02-11 06:43:57] spend time is: 210
[2020-02-11 06:43:57] spend time is: 210
[2020-02-11 06:43:57] spend time is: 210
[2020-02-11 06:43:57] spend time is: 210
[2020-02-11 06:43:57] spend time is: 210
[2020-02-11 06:43:58] spend time is: 210
[2020-02-11 06:44:07] spend time is: 220
[2020-02-11 06:44:07] spend time is: 220
[2020-02-11 06:44:07] spend time is: 220
[2020-02-11 06:44:07] spend time is: 220
[2020-02-11 06:44:07] spend time is: 220
[2020-02-11 06:44:07] spend time is: 220
[2020-02-11 06:44:07] spend time is: 220
[2020-02-11 06:44:07] spend time is: 220
[2020-02-11 06:44:07] spend time is: 220
[2020-02-11 06:44:07] spend time is: 220
[2020-02-11 06:44:07] spend time is: 220
[2020-02-11 06:44:17] spend time is: 230
[2020-02-11 06:44:17] spend time is: 230
[2020-02-11 06:44:17] spend time is: 230
[2020-02-11 06:44:17] spend time is: 230
[2020-02-11 06:44:17] spend time is: 230
[2020-02-11 06:44:17] spend time is: 230
[2020-02-11 06:44:17] spend time is: 230
[2020-02-11 06:44:17] spend time is: 230
[2020-02-11 06:44:17] spend time is: 230
[2020-02-11 06:44:17] spend time is: 230
[2020-02-11 06:44:27] spend time is: 240
[2020-02-11 06:44:27] spend time is: 240
[2020-02-11 06:44:27] spend time is: 240
[2020-02-11 06:44:27] spend time is: 240
[2020-02-11 06:44:27] spend time is: 240
[2020-02-11 06:44:27] spend time is: 240
[2020-02-11 06:44:27] spend time is: 240
[2020-02-11 06:44:27] spend time is: 240
[2020-02-11 06:44:27] spend time is: 240
[2020-02-11 06:44:27] spend time is: 240
[2020-02-11 06:44:37] spend time is: 250
[2020-02-11 06:44:37] spend time is: 250
[2020-02-11 06:44:37] spend time is: 250
[2020-02-11 06:44:37] spend time is: 250
[2020-02-11 06:44:37] spend time is: 250
[2020-02-11 06:44:37] spend time is: 250
[2020-02-11 06:44:37] spend time is: 250
[2020-02-11 06:44:37] spend time is: 250
[2020-02-11 06:44:38] spend time is: 250
[2020-02-11 06:44:42] ghost-9.1.6.tgz update done.
[2020-02-11 06:44:42] ghost-9.1.5.tgz update done.
[2020-02-11 06:44:47] spend time is: 260
[2020-02-11 06:44:47] spend time is: 260
[2020-02-11 06:44:47] spend time is: 260
[2020-02-11 06:44:47] spend time is: 260
[2020-02-11 06:44:47] spend time is: 260
[2020-02-11 06:44:47] spend time is: 260
[2020-02-11 06:44:47] spend time is: 260
[2020-02-11 06:44:47] spend time is: 260
[2020-02-11 06:44:47] spend time is: 260
[2020-02-11 06:44:47] spend time is: 260
[2020-02-11 06:44:57] spend time is: 270
[2020-02-11 06:44:57] spend time is: 270
[2020-02-11 06:44:57] spend time is: 270
[2020-02-11 06:44:57] spend time is: 270
[2020-02-11 06:44:57] spend time is: 270
[2020-02-11 06:44:57] spend time is: 270
[2020-02-11 06:44:57] spend time is: 270
[2020-02-11 06:44:57] spend time is: 270
[2020-02-11 06:44:57] spend time is: 270
[2020-02-11 06:44:57] spend time is: 270
[2020-02-11 06:45:07] spend time is: 280
[2020-02-11 06:45:07] spend time is: 280
[2020-02-11 06:45:07] spend time is: 280
[2020-02-11 06:45:07] spend time is: 280
[2020-02-11 06:45:07] spend time is: 280
[2020-02-11 06:45:07] spend time is: 280
[2020-02-11 06:45:07] spend time is: 280
[2020-02-11 06:45:07] spend time is: 280
[2020-02-11 06:45:07] spend time is: 280
[2020-02-11 06:45:07] spend time is: 280
[2020-02-11 06:45:07] spend time is: 280
[2020-02-11 06:45:07] spend time is: 280
[2020-02-11 06:45:17] spend time is: 290
[2020-02-11 06:45:17] spend time is: 290
[2020-02-11 06:45:17] spend time is: 290
[2020-02-11 06:45:17] spend time is: 290
[2020-02-11 06:45:17] spend time is: 290
[2020-02-11 06:45:17] spend time is: 290
[2020-02-11 06:45:17] spend time is: 290
[2020-02-11 06:45:17] spend time is: 290
[2020-02-11 06:45:17] spend time is: 290
[2020-02-11 06:45:17] spend time is: 290
[2020-02-11 06:45:17] spend time is: 290
[2020-02-11 06:45:17] spend time is: 290
[2020-02-11 06:45:27] spend time is: 300
[2020-02-11 06:45:27] spend time is: 300
[2020-02-11 06:45:27] spend time is: 300
[2020-02-11 06:45:27] spend time is: 300
Warning: Permanently added the RSA host key for IP address '140.82.114.3' to the list of known hosts.
Already up to date.
Already up to date.
Already up to date.
fatal: Unable to create '/home/travis/build/babyshen/helm-charts-mirror/.git/index.lock': File exists.

Another git process seems to be running in this repository, e.g.
an editor opened by 'git commit'. Please make sure all processes
are terminated then try again. If it still fails, a git process
may have crashed in this repository earlier:
remove the file manually to continue.
fatal: Unable to create '/home/travis/build/babyshen/helm-charts-mirror/.git/index.lock': File exists.

Another git process seems to be running in this repository, e.g.
an editor opened by 'git commit'. Please make sure all processes
are terminated then try again. If it still fails, a git process
may have crashed in this repository earlier:
remove the file manually to continue.
Already up to date.
fatal: Unable to create '/home/travis/build/babyshen/helm-charts-mirror/.git/index.lock': File exists.

Another git process seems to be running in this repository, e.g.
an editor opened by 'git commit'. Please make sure all processes
are terminated then try again. If it still fails, a git process
may have crashed in this repository earlier:
remove the file manually to continue.
[gh-pages 537c13b] Synchronizing completion at 2020-02-11
 9 files changed, 949 insertions(+), 304 deletions(-)
 rewrite airflow-6.0.0.tgz (71%)
 create mode 100644 cockroachdb-3.0.5.tgz
 rewrite elastic-stack-1.8.0.tgz (98%)
 create mode 100644 ghost-9.1.5.tgz
 create mode 100644 ghost-9.1.6.tgz
 create mode 100644 travis_wait_2178.log
To github.com:babyshen/helm-charts-mirror.git
   4ae4cb6..537c13b  gh-pages -> gh-pages
Branch 'gh-pages' set up to track remote branch 'gh-pages' from 'origin'.
[2020-02-11 06:45:37] spend time is: 310
[2020-02-11 06:45:37] spend time is: 310
[2020-02-11 06:45:37] spend time is: 310
[2020-02-11 06:45:37] spend time is: 310
[2020-02-11 06:45:37] spend time is: 310
[2020-02-11 06:45:37] spend time is: 310
[2020-02-11 06:45:37] spend time is: 310
[2020-02-11 06:45:47] graylog-1.5.5.tgz update done.
[2020-02-11 06:45:47] spend time is: 320
[2020-02-11 06:45:47] spend time is: 320
[2020-02-11 06:45:47] spend time is: 320
[2020-02-11 06:45:47] spend time is: 320
[2020-02-11 06:45:47] spend time is: 320
[2020-02-11 06:45:47] spend time is: 320
[2020-02-11 06:45:47] spend time is: 320
[2020-02-11 06:45:53] hazelcast-3.0.0.tgz update done.
[2020-02-11 06:45:57] spend time is: 330
[2020-02-11 06:45:57] spend time is: 330
[2020-02-11 06:45:57] spend time is: 330
[2020-02-11 06:45:57] spend time is: 330
[2020-02-11 06:45:57] spend time is: 330
[2020-02-11 06:45:57] spend time is: 330
[2020-02-11 06:45:57] spend time is: 330
[2020-02-11 06:45:57] spend time is: 330
[2020-02-11 06:46:07] spend time is: 340
[2020-02-11 06:46:07] spend time is: 340
[2020-02-11 06:46:07] spend time is: 340
[2020-02-11 06:46:07] spend time is: 340
[2020-02-11 06:46:07] spend time is: 340
[2020-02-11 06:46:07] spend time is: 340
[2020-02-11 06:46:07] spend time is: 340
[2020-02-11 06:46:07] spend time is: 340
[2020-02-11 06:46:17] spend time is: 350
[2020-02-11 06:46:17] spend time is: 350
[2020-02-11 06:46:17] spend time is: 350
[2020-02-11 06:46:17] spend time is: 350
[2020-02-11 06:46:17] spend time is: 350
[2020-02-11 06:46:17] spend time is: 350
[2020-02-11 06:46:17] spend time is: 350
[2020-02-11 06:46:17] spend time is: 350
[2020-02-11 06:46:27] spend time is: 360
[2020-02-11 06:46:27] spend time is: 360
[2020-02-11 06:46:27] spend time is: 360
[2020-02-11 06:46:27] spend time is: 360
[2020-02-11 06:46:27] spend time is: 360
[2020-02-11 06:46:27] spend time is: 360
[2020-02-11 06:46:27] spend time is: 360
[2020-02-11 06:46:27] spend time is: 360
[2020-02-11 06:46:30] janusgraph-0.2.1.tgz update done.
[2020-02-11 06:46:37] spend time is: 370
[2020-02-11 06:46:37] spend time is: 370
[2020-02-11 06:46:37] spend time is: 370
[2020-02-11 06:46:37] spend time is: 370
[2020-02-11 06:46:37] spend time is: 370
[2020-02-11 06:46:37] spend time is: 370
[2020-02-11 06:46:37] spend time is: 370
[2020-02-11 06:46:37] spend time is: 370
[2020-02-11 06:46:47] spend time is: 380
[2020-02-11 06:46:47] spend time is: 380
[2020-02-11 06:46:47] spend time is: 380
[2020-02-11 06:46:47] spend time is: 380
[2020-02-11 06:46:47] spend time is: 380
[2020-02-11 06:46:47] spend time is: 380
[2020-02-11 06:46:47] spend time is: 380
[2020-02-11 06:46:47] spend time is: 380
[2020-02-11 06:46:57] spend time is: 390
[2020-02-11 06:46:57] spend time is: 390
[2020-02-11 06:46:57] spend time is: 390
[2020-02-11 06:46:57] spend time is: 390
[2020-02-11 06:46:57] spend time is: 390
[2020-02-11 06:46:57] spend time is: 390
[2020-02-11 06:46:57] spend time is: 390
[2020-02-11 06:46:57] spend time is: 390
[2020-02-11 06:47:07] spend time is: 400
[2020-02-11 06:47:07] spend time is: 400
[2020-02-11 06:47:07] spend time is: 400
[2020-02-11 06:47:07] spend time is: 400
[2020-02-11 06:47:07] spend time is: 400
[2020-02-11 06:47:07] spend time is: 400
[2020-02-11 06:47:07] spend time is: 400
[2020-02-11 06:47:07] spend time is: 400
[2020-02-11 06:47:17] spend time is: 410
[2020-02-11 06:47:17] spend time is: 410
[2020-02-11 06:47:17] spend time is: 410
[2020-02-11 06:47:17] spend time is: 410
[2020-02-11 06:47:17] spend time is: 410
[2020-02-11 06:47:17] spend time is: 410
[2020-02-11 06:47:17] spend time is: 410
[2020-02-11 06:47:27] spend time is: 420
[2020-02-11 06:47:27] spend time is: 420
[2020-02-11 06:47:27] spend time is: 420
[2020-02-11 06:47:27] spend time is: 420
[2020-02-11 06:47:27] spend time is: 420
[2020-02-11 06:47:27] spend time is: 420
[2020-02-11 06:47:27] spend time is: 420
[2020-02-11 06:47:27] spend time is: 420
[2020-02-11 06:47:37] spend time is: 430
[2020-02-11 06:47:37] spend time is: 430
[2020-02-11 06:47:37] spend time is: 430
[2020-02-11 06:47:37] spend time is: 430
[2020-02-11 06:47:37] spend time is: 430
[2020-02-11 06:47:37] spend time is: 430
[2020-02-11 06:47:37] spend time is: 430
[2020-02-11 06:47:37] spend time is: 430
[2020-02-11 06:47:47] spend time is: 440
[2020-02-11 06:47:47] spend time is: 440
[2020-02-11 06:47:47] spend time is: 440
[2020-02-11 06:47:47] spend time is: 440
[2020-02-11 06:47:47] spend time is: 440
[2020-02-11 06:47:47] spend time is: 440
[2020-02-11 06:47:47] spend time is: 440
[2020-02-11 06:47:47] spend time is: 440
[2020-02-11 06:47:57] spend time is: 450
[2020-02-11 06:47:57] spend time is: 450
[2020-02-11 06:47:57] spend time is: 450
[2020-02-11 06:47:57] spend time is: 450
[2020-02-11 06:47:57] spend time is: 450
[2020-02-11 06:47:57] spend time is: 450
[2020-02-11 06:47:57] spend time is: 450
[2020-02-11 06:48:07] spend time is: 460
[2020-02-11 06:48:07] spend time is: 460
[2020-02-11 06:48:07] spend time is: 460
[2020-02-11 06:48:07] spend time is: 460
[2020-02-11 06:48:07] spend time is: 460
[2020-02-11 06:48:07] spend time is: 460
[2020-02-11 06:48:07] spend time is: 460
[2020-02-11 06:48:07] spend time is: 460
[2020-02-11 06:48:17] spend time is: 470
[2020-02-11 06:48:17] spend time is: 470
[2020-02-11 06:48:17] spend time is: 470
[2020-02-11 06:48:17] spend time is: 470
[2020-02-11 06:48:17] spend time is: 470
[2020-02-11 06:48:17] spend time is: 470
[2020-02-11 06:48:17] spend time is: 470
[2020-02-11 06:48:27] spend time is: 480
[2020-02-11 06:48:27] spend time is: 480
[2020-02-11 06:48:27] spend time is: 480
[2020-02-11 06:48:27] spend time is: 480
[2020-02-11 06:48:27] spend time is: 480
[2020-02-11 06:48:27] spend time is: 480
[2020-02-11 06:48:27] spend time is: 480
[2020-02-11 06:48:37] spend time is: 490
[2020-02-11 06:48:37] spend time is: 490
[2020-02-11 06:48:37] spend time is: 490
[2020-02-11 06:48:37] spend time is: 490
[2020-02-11 06:48:37] spend time is: 490
[2020-02-11 06:48:37] spend time is: 490
[2020-02-11 06:48:37] spend time is: 490
[2020-02-11 06:48:47] spend time is: 500
[2020-02-11 06:48:47] spend time is: 500
[2020-02-11 06:48:47] spend time is: 500
[2020-02-11 06:48:47] spend time is: 500
[2020-02-11 06:48:47] spend time is: 500
[2020-02-11 06:48:47] spend time is: 500
[2020-02-11 06:48:47] spend time is: 500
[2020-02-11 06:48:47] spend time is: 500
[2020-02-11 06:48:57] spend time is: 510
[2020-02-11 06:48:57] spend time is: 510
[2020-02-11 06:48:57] spend time is: 510
[2020-02-11 06:48:57] spend time is: 510
[2020-02-11 06:48:57] spend time is: 510
[2020-02-11 06:48:57] spend time is: 510
[2020-02-11 06:48:57] spend time is: 510
[2020-02-11 06:48:57] spend time is: 510
[2020-02-11 06:49:04] mariadb-7.3.8.tgz update done.
[2020-02-11 06:49:07] spend time is: 520
[2020-02-11 06:49:07] spend time is: 520
[2020-02-11 06:49:07] spend time is: 520
[2020-02-11 06:49:07] spend time is: 520
[2020-02-11 06:49:07] spend time is: 520
[2020-02-11 06:49:07] spend time is: 520
[2020-02-11 06:49:07] spend time is: 520
[2020-02-11 06:49:07] spend time is: 520
[2020-02-11 06:49:17] spend time is: 530
[2020-02-11 06:49:17] spend time is: 530
[2020-02-11 06:49:17] spend time is: 530
[2020-02-11 06:49:17] spend time is: 530
[2020-02-11 06:49:17] spend time is: 530
[2020-02-11 06:49:17] spend time is: 530
[2020-02-11 06:49:17] spend time is: 530
[2020-02-11 06:49:27] spend time is: 540
[2020-02-11 06:49:27] spend time is: 540
[2020-02-11 06:49:27] spend time is: 540
[2020-02-11 06:49:27] spend time is: 540
[2020-02-11 06:49:27] spend time is: 540
[2020-02-11 06:49:27] spend time is: 540
[2020-02-11 06:49:27] spend time is: 540
[2020-02-11 06:49:27] spend time is: 540
[2020-02-11 06:49:37] spend time is: 550
[2020-02-11 06:49:37] spend time is: 550
[2020-02-11 06:49:37] spend time is: 550
[2020-02-11 06:49:37] spend time is: 550
[2020-02-11 06:49:37] spend time is: 550
[2020-02-11 06:49:37] spend time is: 550
[2020-02-11 06:49:37] spend time is: 550
[2020-02-11 06:49:37] spend time is: 550
[2020-02-11 06:49:47] spend time is: 560
[2020-02-11 06:49:47] spend time is: 560
[2020-02-11 06:49:47] spend time is: 560
[2020-02-11 06:49:47] spend time is: 560
[2020-02-11 06:49:47] spend time is: 560
[2020-02-11 06:49:47] spend time is: 560
[2020-02-11 06:49:47] spend time is: 560
[2020-02-11 06:49:47] spend time is: 560
[2020-02-11 06:49:57] spend time is: 570
[2020-02-11 06:49:57] spend time is: 570
[2020-02-11 06:49:57] spend time is: 570
[2020-02-11 06:49:57] spend time is: 570
[2020-02-11 06:49:57] spend time is: 570
[2020-02-11 06:49:57] spend time is: 570
[2020-02-11 06:49:57] spend time is: 570
[2020-02-11 06:50:07] spend time is: 580
[2020-02-11 06:50:07] spend time is: 580
[2020-02-11 06:50:07] spend time is: 580
[2020-02-11 06:50:07] spend time is: 580
[2020-02-11 06:50:07] spend time is: 580
[2020-02-11 06:50:07] spend time is: 580
[2020-02-11 06:50:07] spend time is: 580
[2020-02-11 06:50:17] spend time is: 590
[2020-02-11 06:50:17] spend time is: 590
[2020-02-11 06:50:17] spend time is: 590
[2020-02-11 06:50:17] spend time is: 590
[2020-02-11 06:50:17] spend time is: 590
[2020-02-11 06:50:17] spend time is: 590
[2020-02-11 06:50:17] spend time is: 590
[2020-02-11 06:50:17] spend time is: 590
[2020-02-11 06:50:22] mongodb-7.8.3.tgz update done.
[2020-02-11 06:50:27] spend time is: 600
Warning: Permanently added the RSA host key for IP address '140.82.114.4' to the list of known hosts.
Already up to date.
