Fetching origin
Warning: Permanently added the RSA host key for IP address '140.82.114.3' to the list of known hosts.
From github.com:babyshen/helm-charts-mirror
 * [new branch]      gh-pages   -> origin/gh-pages
 * [new branch]      master     -> origin/master
Previous HEAD position was 6f4bc38 restore bug
Switched to a new branch 'gh-pages'
Branch 'gh-pages' set up to track remote branch 'gh-pages' from 'origin'.
warning: Pulling without specifying how to reconcile divergent branches is
discouraged. You can squelch this message by running one of the following
commands sometime before your next pull:

  git config pull.rebase false  # merge (the default strategy)
  git config pull.rebase true   # rebase
  git config pull.ff only       # fast-forward only

You can replace "git config" with "git config --global" to set a default
preference for all repositories. You can also pass --rebase, --no-rebase,
or --ff-only on the command line to override the configured default per
invocation.

Already up to date.
Branch 'gh-pages' set up to track remote branch 'gh-pages' from 'origin'.
  % Total    % Received % Xferd  Average Speed   Time    Time     Time  Current
                                 Dload  Upload   Total   Spent    Left  Speed
  0     0    0     0    0     0      0      0 --:--:-- --:--:-- --:--:--     0100 8557k  100 8557k    0     0  86.6M      0 --:--:-- --:--:-- --:--:-- 87.0M
[2020-08-21 14:29:59] spend time is: 60
[2020-08-21 14:29:59] spend time is: 60
[2020-08-21 14:29:59] spend time is: 60
[2020-08-21 14:29:59] spend time is: 60
[2020-08-21 14:29:59] spend time is: 60
[2020-08-21 14:29:59] spend time is: 60
[2020-08-21 14:29:59] spend time is: 60
[2020-08-21 14:29:59] spend time is: 60
[2020-08-21 14:30:02] airflow-7.5.0.tgz update done.
[2020-08-21 14:30:09] spend time is: 70
[2020-08-21 14:30:09] spend time is: 70
[2020-08-21 14:30:09] spend time is: 70
[2020-08-21 14:30:09] spend time is: 70
[2020-08-21 14:30:09] spend time is: 70
[2020-08-21 14:30:09] spend time is: 70
[2020-08-21 14:30:09] spend time is: 70
[2020-08-21 14:30:09] spend time is: 70
[2020-08-21 14:30:09] spend time is: 70
[2020-08-21 14:30:10] spend time is: 70
[2020-08-21 14:30:19] spend time is: 80
[2020-08-21 14:30:19] spend time is: 80
[2020-08-21 14:30:19] spend time is: 80
[2020-08-21 14:30:19] spend time is: 80
[2020-08-21 14:30:19] spend time is: 80
[2020-08-21 14:30:19] spend time is: 80
[2020-08-21 14:30:19] spend time is: 80
[2020-08-21 14:30:19] spend time is: 80
[2020-08-21 14:30:19] spend time is: 80
[2020-08-21 14:30:29] spend time is: 90
[2020-08-21 14:30:29] spend time is: 90
[2020-08-21 14:30:29] spend time is: 90
[2020-08-21 14:30:29] spend time is: 90
[2020-08-21 14:30:29] spend time is: 90
[2020-08-21 14:30:29] spend time is: 90
[2020-08-21 14:30:29] spend time is: 90
[2020-08-21 14:30:29] spend time is: 90
[2020-08-21 14:30:29] spend time is: 90
[2020-08-21 14:30:29] spend time is: 90
[2020-08-21 14:30:39] spend time is: 100
[2020-08-21 14:30:39] spend time is: 100
[2020-08-21 14:30:39] spend time is: 100
[2020-08-21 14:30:39] spend time is: 100
[2020-08-21 14:30:39] spend time is: 100
[2020-08-21 14:30:39] spend time is: 100
[2020-08-21 14:30:39] spend time is: 100
[2020-08-21 14:30:39] spend time is: 100
[2020-08-21 14:30:49] spend time is: 110
[2020-08-21 14:30:49] spend time is: 110
[2020-08-21 14:30:49] spend time is: 110
[2020-08-21 14:30:49] spend time is: 110
[2020-08-21 14:30:49] spend time is: 110
[2020-08-21 14:30:49] spend time is: 110
[2020-08-21 14:30:49] spend time is: 110
[2020-08-21 14:30:49] spend time is: 110
[2020-08-21 14:30:49] spend time is: 110
[2020-08-21 14:30:49] spend time is: 110
[2020-08-21 14:30:57] chaoskube-3.2.0.tgz update done.
[2020-08-21 14:30:59] spend time is: 120
[2020-08-21 14:30:59] spend time is: 120
[2020-08-21 14:30:59] spend time is: 120
[2020-08-21 14:30:59] spend time is: 120
[2020-08-21 14:30:59] spend time is: 120
[2020-08-21 14:30:59] spend time is: 120
[2020-08-21 14:30:59] spend time is: 120
[2020-08-21 14:30:59] spend time is: 120
[2020-08-21 14:31:07] cloudserver-1.0.4.tgz update done.
[2020-08-21 14:31:09] spend time is: 130
[2020-08-21 14:31:09] spend time is: 130
[2020-08-21 14:31:09] spend time is: 130
[2020-08-21 14:31:09] spend time is: 130
[2020-08-21 14:31:09] spend time is: 130
[2020-08-21 14:31:09] spend time is: 130
[2020-08-21 14:31:09] spend time is: 130
[2020-08-21 14:31:09] spend time is: 130
[2020-08-21 14:31:09] spend time is: 130
[2020-08-21 14:31:19] spend time is: 140
[2020-08-21 14:31:19] spend time is: 140
[2020-08-21 14:31:19] spend time is: 140
[2020-08-21 14:31:19] spend time is: 140
[2020-08-21 14:31:19] spend time is: 140
[2020-08-21 14:31:19] spend time is: 140
[2020-08-21 14:31:19] spend time is: 140
[2020-08-21 14:31:19] spend time is: 140
[2020-08-21 14:31:29] spend time is: 150
[2020-08-21 14:31:29] spend time is: 150
[2020-08-21 14:31:29] spend time is: 150
[2020-08-21 14:31:29] spend time is: 150
[2020-08-21 14:31:29] spend time is: 150
[2020-08-21 14:31:29] spend time is: 150
[2020-08-21 14:31:29] spend time is: 150
[2020-08-21 14:31:29] spend time is: 150
[2020-08-21 14:31:39] spend time is: 160
[2020-08-21 14:31:39] spend time is: 160
[2020-08-21 14:31:39] spend time is: 160
[2020-08-21 14:31:39] spend time is: 160
[2020-08-21 14:31:39] spend time is: 160
[2020-08-21 14:31:39] spend time is: 160
[2020-08-21 14:31:39] spend time is: 160
[2020-08-21 14:31:39] spend time is: 160
[2020-08-21 14:31:49] spend time is: 170
[2020-08-21 14:31:49] spend time is: 170
[2020-08-21 14:31:49] spend time is: 170
[2020-08-21 14:31:49] spend time is: 170
[2020-08-21 14:31:49] spend time is: 170
[2020-08-21 14:31:49] spend time is: 170
[2020-08-21 14:31:49] spend time is: 170
[2020-08-21 14:31:49] spend time is: 170
[2020-08-21 14:31:59] spend time is: 180
[2020-08-21 14:31:59] spend time is: 180
[2020-08-21 14:31:59] spend time is: 180
[2020-08-21 14:31:59] spend time is: 180
[2020-08-21 14:31:59] spend time is: 180
[2020-08-21 14:31:59] spend time is: 180
[2020-08-21 14:31:59] spend time is: 180
[2020-08-21 14:31:59] spend time is: 180
[2020-08-21 14:31:59] spend time is: 180
[2020-08-21 14:32:09] spend time is: 190
[2020-08-21 14:32:09] spend time is: 190
[2020-08-21 14:32:09] spend time is: 190
[2020-08-21 14:32:09] spend time is: 190
[2020-08-21 14:32:09] spend time is: 190
[2020-08-21 14:32:09] spend time is: 190
[2020-08-21 14:32:09] spend time is: 190
[2020-08-21 14:32:09] spend time is: 190
[2020-08-21 14:32:09] spend time is: 190
[2020-08-21 14:32:09] spend time is: 190
[2020-08-21 14:32:19] spend time is: 200
[2020-08-21 14:32:19] spend time is: 200
[2020-08-21 14:32:19] spend time is: 200
[2020-08-21 14:32:19] spend time is: 200
[2020-08-21 14:32:19] spend time is: 200
[2020-08-21 14:32:19] spend time is: 200
[2020-08-21 14:32:19] spend time is: 200
[2020-08-21 14:32:19] spend time is: 200
[2020-08-21 14:32:19] spend time is: 200
[2020-08-21 14:32:29] spend time is: 210
[2020-08-21 14:32:29] spend time is: 210
[2020-08-21 14:32:29] spend time is: 210
[2020-08-21 14:32:29] spend time is: 210
[2020-08-21 14:32:29] spend time is: 210
[2020-08-21 14:32:29] spend time is: 210
[2020-08-21 14:32:29] spend time is: 210
[2020-08-21 14:32:29] spend time is: 210
[2020-08-21 14:32:29] spend time is: 210
[2020-08-21 14:32:39] spend time is: 220
[2020-08-21 14:32:39] spend time is: 220
[2020-08-21 14:32:39] spend time is: 220
[2020-08-21 14:32:39] spend time is: 220
[2020-08-21 14:32:39] spend time is: 220
[2020-08-21 14:32:39] spend time is: 220
[2020-08-21 14:32:39] spend time is: 220
[2020-08-21 14:32:39] spend time is: 220
[2020-08-21 14:32:39] spend time is: 220
[2020-08-21 14:32:49] spend time is: 230
[2020-08-21 14:32:49] spend time is: 230
[2020-08-21 14:32:49] spend time is: 230
[2020-08-21 14:32:49] spend time is: 230
[2020-08-21 14:32:49] spend time is: 230
[2020-08-21 14:32:49] spend time is: 230
[2020-08-21 14:32:49] spend time is: 230
[2020-08-21 14:32:49] spend time is: 230
[2020-08-21 14:32:49] spend time is: 230
[2020-08-21 14:32:59] spend time is: 240
[2020-08-21 14:32:59] spend time is: 240
[2020-08-21 14:32:59] spend time is: 240
[2020-08-21 14:32:59] spend time is: 240
[2020-08-21 14:32:59] spend time is: 240
[2020-08-21 14:32:59] spend time is: 240
[2020-08-21 14:32:59] spend time is: 240
[2020-08-21 14:32:59] spend time is: 240
[2020-08-21 14:32:59] spend time is: 240
[2020-08-21 14:33:07] elastic-stack-2.0.3.tgz update done.
[2020-08-21 14:33:09] spend time is: 250
[2020-08-21 14:33:09] spend time is: 250
[2020-08-21 14:33:09] spend time is: 250
[2020-08-21 14:33:09] spend time is: 250
[2020-08-21 14:33:09] spend time is: 250
[2020-08-21 14:33:09] spend time is: 250
[2020-08-21 14:33:09] spend time is: 250
[2020-08-21 14:33:09] spend time is: 250
[2020-08-21 14:33:19] spend time is: 260
[2020-08-21 14:33:19] spend time is: 260
[2020-08-21 14:33:19] spend time is: 260
[2020-08-21 14:33:19] spend time is: 260
[2020-08-21 14:33:19] spend time is: 260
[2020-08-21 14:33:19] spend time is: 260
[2020-08-21 14:33:19] spend time is: 260
[2020-08-21 14:33:19] spend time is: 260
[2020-08-21 14:33:29] spend time is: 270
[2020-08-21 14:33:29] spend time is: 270
[2020-08-21 14:33:29] spend time is: 270
[2020-08-21 14:33:29] spend time is: 270
[2020-08-21 14:33:29] spend time is: 270
[2020-08-21 14:33:29] spend time is: 270
[2020-08-21 14:33:29] spend time is: 270
[2020-08-21 14:33:29] spend time is: 270
[2020-08-21 14:33:39] spend time is: 280
[2020-08-21 14:33:39] spend time is: 280
[2020-08-21 14:33:39] spend time is: 280
[2020-08-21 14:33:39] spend time is: 280
[2020-08-21 14:33:39] spend time is: 280
[2020-08-21 14:33:39] spend time is: 280
[2020-08-21 14:33:39] spend time is: 280
[2020-08-21 14:33:39] spend time is: 280
[2020-08-21 14:33:49] spend time is: 290
[2020-08-21 14:33:49] spend time is: 290
[2020-08-21 14:33:49] spend time is: 290
[2020-08-21 14:33:49] spend time is: 290
[2020-08-21 14:33:49] spend time is: 290
[2020-08-21 14:33:49] spend time is: 290
[2020-08-21 14:33:49] spend time is: 290
[2020-08-21 14:33:49] spend time is: 290
[2020-08-21 14:33:49] spend time is: 290
[2020-08-21 14:33:49] spend time is: 290
[2020-08-21 14:33:59] spend time is: 300
[2020-08-21 14:33:59] spend time is: 300
[2020-08-21 14:33:59] spend time is: 300
[2020-08-21 14:33:59] spend time is: 300
warning: Pulling without specifying how to reconcile divergent branches is
discouraged. You can squelch this message by running one of the following
commands sometime before your next pull:

  git config pull.rebase false  # merge (the default strategy)
  git config pull.rebase true   # rebase
  git config pull.ff only       # fast-forward only

You can replace "git config" with "git config --global" to set a default
preference for all repositories. You can also pass --rebase, --no-rebase,
or --ff-only on the command line to override the configured default per
invocation.

warning: Pulling without specifying how to reconcile divergent branches is
discouraged. You can squelch this message by running one of the following
commands sometime before your next pull:

  git config pull.rebase false  # merge (the default strategy)
  git config pull.rebase true   # rebase
  git config pull.ff only       # fast-forward only

You can replace "git config" with "git config --global" to set a default
preference for all repositories. You can also pass --rebase, --no-rebase,
or --ff-only on the command line to override the configured default per
invocation.

warning: Pulling without specifying how to reconcile divergent branches is
discouraged. You can squelch this message by running one of the following
commands sometime before your next pull:

  git config pull.rebase false  # merge (the default strategy)
  git config pull.rebase true   # rebase
  git config pull.ff only       # fast-forward only

You can replace "git config" with "git config --global" to set a default
preference for all repositories. You can also pass --rebase, --no-rebase,
or --ff-only on the command line to override the configured default per
invocation.

warning: Pulling without specifying how to reconcile divergent branches is
discouraged. You can squelch this message by running one of the following
commands sometime before your next pull:

  git config pull.rebase false  # merge (the default strategy)
  git config pull.rebase true   # rebase
  git config pull.ff only       # fast-forward only

You can replace "git config" with "git config --global" to set a default
preference for all repositories. You can also pass --rebase, --no-rebase,
or --ff-only on the command line to override the configured default per
invocation.

Already up to date.
Already up to date.
fatal: Unable to create '/home/travis/build/babyshen/helm-charts-mirror/.git/index.lock': File exists.

Another git process seems to be running in this repository, e.g.
an editor opened by 'git commit'. Please make sure all processes
are terminated then try again. If it still fails, a git process
may have crashed in this repository earlier:
remove the file manually to continue.
Already up to date.
fatal: Unable to create '/home/travis/build/babyshen/helm-charts-mirror/.git/index.lock': File exists.

Another git process seems to be running in this repository, e.g.
an editor opened by 'git commit'. Please make sure all processes
are terminated then try again. If it still fails, a git process
may have crashed in this repository earlier:
remove the file manually to continue.
Already up to date.
fatal: Unable to create '/home/travis/build/babyshen/helm-charts-mirror/.git/index.lock': File exists.

Another git process seems to be running in this repository, e.g.
an editor opened by 'git commit'. Please make sure all processes
are terminated then try again. If it still fails, a git process
may have crashed in this repository earlier:
remove the file manually to continue.
[gh-pages da0d634] Synchronizing completion at 2020-08-21
 8 files changed, 723 insertions(+), 305 deletions(-)
 rewrite airflow-7.5.0.tgz (62%)
 create mode 100644 chaoskube-3.2.0.tgz
 rewrite cloudserver-1.0.4.tgz (99%)
 rewrite elastic-stack-2.0.3.tgz (98%)
 create mode 100644 travis_wait_2044.log
To github.com:babyshen/helm-charts-mirror.git
   88661bc..da0d634  gh-pages -> gh-pages
Branch 'gh-pages' set up to track remote branch 'gh-pages' from 'origin'.
[2020-08-21 14:34:09] spend time is: 310
[2020-08-21 14:34:09] spend time is: 310
[2020-08-21 14:34:09] spend time is: 310
[2020-08-21 14:34:09] spend time is: 310
[2020-08-21 14:34:09] spend time is: 310
[2020-08-21 14:34:09] spend time is: 310
[2020-08-21 14:34:09] spend time is: 310
[2020-08-21 14:34:19] spend time is: 320
[2020-08-21 14:34:19] spend time is: 320
[2020-08-21 14:34:19] spend time is: 320
[2020-08-21 14:34:19] spend time is: 320
[2020-08-21 14:34:19] spend time is: 320
[2020-08-21 14:34:19] spend time is: 320
[2020-08-21 14:34:19] spend time is: 320
[2020-08-21 14:34:29] spend time is: 330
[2020-08-21 14:34:29] spend time is: 330
[2020-08-21 14:34:29] spend time is: 330
[2020-08-21 14:34:29] spend time is: 330
[2020-08-21 14:34:29] spend time is: 330
[2020-08-21 14:34:29] spend time is: 330
[2020-08-21 14:34:29] spend time is: 330
[2020-08-21 14:34:39] spend time is: 340
[2020-08-21 14:34:39] spend time is: 340
[2020-08-21 14:34:39] spend time is: 340
[2020-08-21 14:34:39] spend time is: 340
[2020-08-21 14:34:39] spend time is: 340
[2020-08-21 14:34:39] spend time is: 340
[2020-08-21 14:34:39] spend time is: 340
[2020-08-21 14:34:49] spend time is: 350
[2020-08-21 14:34:49] spend time is: 350
[2020-08-21 14:34:49] spend time is: 350
[2020-08-21 14:34:49] spend time is: 350
[2020-08-21 14:34:49] spend time is: 350
[2020-08-21 14:34:49] spend time is: 350
[2020-08-21 14:34:49] spend time is: 350
[2020-08-21 14:34:59] spend time is: 360
[2020-08-21 14:34:59] spend time is: 360
[2020-08-21 14:34:59] spend time is: 360
[2020-08-21 14:34:59] spend time is: 360
[2020-08-21 14:34:59] spend time is: 360
[2020-08-21 14:34:59] spend time is: 360
[2020-08-21 14:34:59] spend time is: 360
[2020-08-21 14:35:05] gitlab-ee-0.2.2.tgz update done.
[2020-08-21 14:35:09] spend time is: 370
[2020-08-21 14:35:09] spend time is: 370
[2020-08-21 14:35:09] spend time is: 370
[2020-08-21 14:35:09] spend time is: 370
[2020-08-21 14:35:09] spend time is: 370
[2020-08-21 14:35:09] spend time is: 370
[2020-08-21 14:35:09] spend time is: 370
[2020-08-21 14:35:19] spend time is: 380
[2020-08-21 14:35:19] spend time is: 380
[2020-08-21 14:35:19] spend time is: 380
[2020-08-21 14:35:19] spend time is: 380
[2020-08-21 14:35:19] spend time is: 380
[2020-08-21 14:35:19] spend time is: 380
[2020-08-21 14:35:19] spend time is: 380
[2020-08-21 14:35:29] spend time is: 390
[2020-08-21 14:35:29] spend time is: 390
[2020-08-21 14:35:29] spend time is: 390
[2020-08-21 14:35:29] spend time is: 390
[2020-08-21 14:35:29] spend time is: 390
[2020-08-21 14:35:29] spend time is: 390
[2020-08-21 14:35:29] spend time is: 390
[2020-08-21 14:35:39] spend time is: 400
[2020-08-21 14:35:39] spend time is: 400
[2020-08-21 14:35:39] spend time is: 400
[2020-08-21 14:35:39] spend time is: 400
[2020-08-21 14:35:39] spend time is: 400
[2020-08-21 14:35:39] spend time is: 400
[2020-08-21 14:35:39] spend time is: 400
[2020-08-21 14:35:49] spend time is: 410
[2020-08-21 14:35:49] spend time is: 410
[2020-08-21 14:35:49] spend time is: 410
[2020-08-21 14:35:49] spend time is: 410
[2020-08-21 14:35:49] spend time is: 410
[2020-08-21 14:35:49] spend time is: 410
[2020-08-21 14:35:49] spend time is: 410
[2020-08-21 14:35:58] graylog-1.6.10.tgz update done.
[2020-08-21 14:35:59] spend time is: 420
[2020-08-21 14:35:59] spend time is: 420
[2020-08-21 14:35:59] spend time is: 420
[2020-08-21 14:35:59] spend time is: 420
[2020-08-21 14:35:59] spend time is: 420
[2020-08-21 14:35:59] spend time is: 420
[2020-08-21 14:36:09] spend time is: 430
[2020-08-21 14:36:09] spend time is: 430
[2020-08-21 14:36:09] spend time is: 430
[2020-08-21 14:36:09] spend time is: 430
[2020-08-21 14:36:09] spend time is: 430
[2020-08-21 14:36:09] spend time is: 430
[2020-08-21 14:36:19] spend time is: 440
[2020-08-21 14:36:19] spend time is: 440
[2020-08-21 14:36:19] spend time is: 440
[2020-08-21 14:36:19] spend time is: 440
[2020-08-21 14:36:19] spend time is: 440
[2020-08-21 14:36:19] spend time is: 440
[2020-08-21 14:36:19] spend time is: 440
[2020-08-21 14:36:29] spend time is: 450
[2020-08-21 14:36:29] spend time is: 450
[2020-08-21 14:36:29] spend time is: 450
[2020-08-21 14:36:29] spend time is: 450
[2020-08-21 14:36:29] spend time is: 450
[2020-08-21 14:36:29] spend time is: 450
[2020-08-21 14:36:29] spend time is: 450
[2020-08-21 14:36:39] spend time is: 460
[2020-08-21 14:36:39] spend time is: 460
[2020-08-21 14:36:39] spend time is: 460
[2020-08-21 14:36:39] spend time is: 460
[2020-08-21 14:36:39] spend time is: 460
[2020-08-21 14:36:39] spend time is: 460
[2020-08-21 14:36:48] instana-agent-1.0.30.tgz update done.
[2020-08-21 14:36:49] spend time is: 470
[2020-08-21 14:36:49] spend time is: 470
[2020-08-21 14:36:49] spend time is: 470
[2020-08-21 14:36:49] spend time is: 470
[2020-08-21 14:36:49] spend time is: 470
[2020-08-21 14:36:49] spend time is: 470
[2020-08-21 14:36:49] spend time is: 470
[2020-08-21 14:36:58] janusgraph-0.2.3.tgz update done.
[2020-08-21 14:36:59] spend time is: 480
[2020-08-21 14:36:59] spend time is: 480
[2020-08-21 14:36:59] spend time is: 480
[2020-08-21 14:36:59] spend time is: 480
[2020-08-21 14:36:59] spend time is: 480
[2020-08-21 14:36:59] spend time is: 480
[2020-08-21 14:36:59] spend time is: 480
[2020-08-21 14:37:09] spend time is: 490
[2020-08-21 14:37:09] spend time is: 490
[2020-08-21 14:37:09] spend time is: 490
[2020-08-21 14:37:09] spend time is: 490
[2020-08-21 14:37:09] spend time is: 490
[2020-08-21 14:37:09] spend time is: 490
[2020-08-21 14:37:09] spend time is: 490
[2020-08-21 14:37:11] jenkins-2.5.2.tgz update done.
[2020-08-21 14:37:19] spend time is: 500
[2020-08-21 14:37:19] spend time is: 500
[2020-08-21 14:37:19] spend time is: 500
[2020-08-21 14:37:19] spend time is: 500
[2020-08-21 14:37:19] spend time is: 500
[2020-08-21 14:37:19] spend time is: 500
[2020-08-21 14:37:19] spend time is: 500
[2020-08-21 14:37:29] spend time is: 510
[2020-08-21 14:37:29] spend time is: 510
[2020-08-21 14:37:29] spend time is: 510
[2020-08-21 14:37:29] spend time is: 510
[2020-08-21 14:37:29] spend time is: 510
[2020-08-21 14:37:29] spend time is: 510
[2020-08-21 14:37:29] spend time is: 510
[2020-08-21 14:37:39] spend time is: 520
[2020-08-21 14:37:39] spend time is: 520
[2020-08-21 14:37:39] spend time is: 520
[2020-08-21 14:37:39] spend time is: 520
[2020-08-21 14:37:39] spend time is: 520
[2020-08-21 14:37:39] spend time is: 520
[2020-08-21 14:37:39] spend time is: 520
[2020-08-21 14:37:49] spend time is: 530
[2020-08-21 14:37:49] spend time is: 530
[2020-08-21 14:37:49] spend time is: 530
[2020-08-21 14:37:49] spend time is: 530
[2020-08-21 14:37:49] spend time is: 530
[2020-08-21 14:37:49] spend time is: 530
[2020-08-21 14:37:49] spend time is: 530
[2020-08-21 14:37:59] spend time is: 540
[2020-08-21 14:37:59] spend time is: 540
[2020-08-21 14:37:59] spend time is: 540
[2020-08-21 14:37:59] spend time is: 540
[2020-08-21 14:37:59] spend time is: 540
[2020-08-21 14:37:59] spend time is: 540
[2020-08-21 14:37:59] spend time is: 540
[2020-08-21 14:38:09] spend time is: 550
[2020-08-21 14:38:09] spend time is: 550
[2020-08-21 14:38:09] spend time is: 550
[2020-08-21 14:38:09] spend time is: 550
[2020-08-21 14:38:09] spend time is: 550
[2020-08-21 14:38:09] spend time is: 550
[2020-08-21 14:38:09] spend time is: 550
[2020-08-21 14:38:19] spend time is: 560
[2020-08-21 14:38:19] spend time is: 560
[2020-08-21 14:38:19] spend time is: 560
[2020-08-21 14:38:19] spend time is: 560
[2020-08-21 14:38:19] spend time is: 560
[2020-08-21 14:38:19] spend time is: 560
[2020-08-21 14:38:19] spend time is: 560
[2020-08-21 14:38:29] spend time is: 570
[2020-08-21 14:38:29] spend time is: 570
[2020-08-21 14:38:29] spend time is: 570
[2020-08-21 14:38:29] spend time is: 570
[2020-08-21 14:38:29] spend time is: 570
[2020-08-21 14:38:29] spend time is: 570
[2020-08-21 14:38:29] spend time is: 570
[2020-08-21 14:38:39] spend time is: 580
[2020-08-21 14:38:39] spend time is: 580
[2020-08-21 14:38:39] spend time is: 580
[2020-08-21 14:38:39] spend time is: 580
[2020-08-21 14:38:39] spend time is: 580
[2020-08-21 14:38:39] spend time is: 580
[2020-08-21 14:38:39] spend time is: 580
[2020-08-21 14:38:49] spend time is: 590
[2020-08-21 14:38:49] spend time is: 590
[2020-08-21 14:38:49] spend time is: 590
[2020-08-21 14:38:49] spend time is: 590
[2020-08-21 14:38:49] spend time is: 590
[2020-08-21 14:38:49] spend time is: 590
[2020-08-21 14:38:49] spend time is: 590
[2020-08-21 14:38:59] spend time is: 600
warning: Pulling without specifying how to reconcile divergent branches is
discouraged. You can squelch this message by running one of the following
commands sometime before your next pull:

  git config pull.rebase false  # merge (the default strategy)
  git config pull.rebase true   # rebase
  git config pull.ff only       # fast-forward only

You can replace "git config" with "git config --global" to set a default
preference for all repositories. You can also pass --rebase, --no-rebase,
or --ff-only on the command line to override the configured default per
invocation.

Already up to date.
[gh-pages e824a4b] Synchronizing completion at 2020-08-21
 7 files changed, 231 insertions(+), 1 deletion(-)
 rewrite gitlab-ee-0.2.2.tgz (99%)
 create mode 100644 instana-agent-1.0.30.tgz
 create mode 100644 jenkins-2.5.2.tgz
To github.com:babyshen/helm-charts-mirror.git
   da0d634..e824a4b  gh-pages -> gh-pages
Branch 'gh-pages' set up to track remote branch 'gh-pages' from 'origin'.
[2020-08-21 14:39:09] spend time is: 610
[2020-08-21 14:39:09] spend time is: 610
[2020-08-21 14:39:09] spend time is: 610
[2020-08-21 14:39:09] spend time is: 610
[2020-08-21 14:39:09] spend time is: 610
[2020-08-21 14:39:09] spend time is: 610
[2020-08-21 14:39:09] spend time is: 610
[2020-08-21 14:39:19] spend time is: 620
[2020-08-21 14:39:19] spend time is: 620
[2020-08-21 14:39:19] spend time is: 620
[2020-08-21 14:39:19] spend time is: 620
[2020-08-21 14:39:19] spend time is: 620
[2020-08-21 14:39:19] spend time is: 620
[2020-08-21 14:39:19] spend time is: 620
[2020-08-21 14:39:29] spend time is: 630
[2020-08-21 14:39:29] spend time is: 630
[2020-08-21 14:39:29] spend time is: 630
[2020-08-21 14:39:29] spend time is: 630
[2020-08-21 14:39:29] spend time is: 630
[2020-08-21 14:39:29] spend time is: 630
[2020-08-21 14:39:29] spend time is: 630
[2020-08-21 14:39:39] spend time is: 640
[2020-08-21 14:39:39] spend time is: 640
[2020-08-21 14:39:39] spend time is: 640
[2020-08-21 14:39:39] spend time is: 640
[2020-08-21 14:39:39] spend time is: 640
[2020-08-21 14:39:39] spend time is: 640
[2020-08-21 14:39:49] spend time is: 650
[2020-08-21 14:39:49] spend time is: 650
[2020-08-21 14:39:49] spend time is: 650
[2020-08-21 14:39:49] spend time is: 650
[2020-08-21 14:39:49] spend time is: 650
[2020-08-21 14:39:49] spend time is: 650
[2020-08-21 14:39:49] spend time is: 650
[2020-08-21 14:39:59] spend time is: 660
[2020-08-21 14:39:59] spend time is: 660
[2020-08-21 14:39:59] spend time is: 660
[2020-08-21 14:39:59] spend time is: 660
[2020-08-21 14:39:59] spend time is: 660
[2020-08-21 14:39:59] spend time is: 660
[2020-08-21 14:39:59] spend time is: 660
[2020-08-21 14:40:09] spend time is: 670
[2020-08-21 14:40:09] spend time is: 670
[2020-08-21 14:40:09] spend time is: 670
[2020-08-21 14:40:09] spend time is: 670
[2020-08-21 14:40:09] spend time is: 670
[2020-08-21 14:40:09] spend time is: 670
[2020-08-21 14:40:09] spend time is: 670
[2020-08-21 14:40:19] spend time is: 680
[2020-08-21 14:40:19] spend time is: 680
[2020-08-21 14:40:19] spend time is: 680
[2020-08-21 14:40:19] spend time is: 680
[2020-08-21 14:40:19] spend time is: 680
[2020-08-21 14:40:19] spend time is: 680
[2020-08-21 14:40:19] spend time is: 680
[2020-08-21 14:40:29] spend time is: 690
[2020-08-21 14:40:29] spend time is: 690
[2020-08-21 14:40:29] spend time is: 690
[2020-08-21 14:40:29] spend time is: 690
[2020-08-21 14:40:29] spend time is: 690
[2020-08-21 14:40:29] spend time is: 690
[2020-08-21 14:40:29] spend time is: 690
[2020-08-21 14:40:39] spend time is: 700
[2020-08-21 14:40:39] spend time is: 700
[2020-08-21 14:40:39] spend time is: 700
[2020-08-21 14:40:39] spend time is: 700
[2020-08-21 14:40:39] spend time is: 700
[2020-08-21 14:40:39] spend time is: 700
[2020-08-21 14:40:39] spend time is: 700
[2020-08-21 14:40:49] spend time is: 710
[2020-08-21 14:40:49] spend time is: 710
[2020-08-21 14:40:49] spend time is: 710
[2020-08-21 14:40:49] spend time is: 710
[2020-08-21 14:40:49] spend time is: 710
[2020-08-21 14:40:49] spend time is: 710
[2020-08-21 14:40:49] spend time is: 710
[2020-08-21 14:40:59] spend time is: 720
[2020-08-21 14:40:59] spend time is: 720
[2020-08-21 14:40:59] spend time is: 720
[2020-08-21 14:40:59] spend time is: 720
[2020-08-21 14:40:59] spend time is: 720
[2020-08-21 14:40:59] spend time is: 720
[2020-08-21 14:40:59] spend time is: 720
[2020-08-21 14:41:09] spend time is: 730
[2020-08-21 14:41:09] spend time is: 730
[2020-08-21 14:41:09] spend time is: 730
[2020-08-21 14:41:09] spend time is: 730
[2020-08-21 14:41:09] spend time is: 730
[2020-08-21 14:41:09] spend time is: 730
[2020-08-21 14:41:09] spend time is: 730
[2020-08-21 14:41:12] metallb-0.12.1.tgz update done.
[2020-08-21 14:41:19] spend time is: 740
[2020-08-21 14:41:19] spend time is: 740
[2020-08-21 14:41:19] spend time is: 740
[2020-08-21 14:41:19] spend time is: 740
[2020-08-21 14:41:19] spend time is: 740
[2020-08-21 14:41:19] spend time is: 740
[2020-08-21 14:41:19] spend time is: 740
[2020-08-21 14:41:29] spend time is: 750
[2020-08-21 14:41:29] spend time is: 750
[2020-08-21 14:41:29] spend time is: 750
[2020-08-21 14:41:29] spend time is: 750
[2020-08-21 14:41:29] spend time is: 750
[2020-08-21 14:41:29] spend time is: 750
[2020-08-21 14:41:29] spend time is: 750
[2020-08-21 14:41:39] spend time is: 760
[2020-08-21 14:41:39] spend time is: 760
[2020-08-21 14:41:39] spend time is: 760
[2020-08-21 14:41:39] spend time is: 760
[2020-08-21 14:41:39] spend time is: 760
[2020-08-21 14:41:39] spend time is: 760
[2020-08-21 14:41:49] spend time is: 770
[2020-08-21 14:41:49] spend time is: 770
[2020-08-21 14:41:49] spend time is: 770
[2020-08-21 14:41:49] spend time is: 770
[2020-08-21 14:41:49] spend time is: 770
[2020-08-21 14:41:49] spend time is: 770
[2020-08-21 14:41:49] mission-control-0.4.4.tgz update done.
[2020-08-21 14:41:49] spend time is: 770
[2020-08-21 14:41:59] spend time is: 780
[2020-08-21 14:41:59] spend time is: 780
[2020-08-21 14:41:59] spend time is: 780
[2020-08-21 14:41:59] spend time is: 780
[2020-08-21 14:41:59] spend time is: 780
[2020-08-21 14:41:59] spend time is: 780
[2020-08-21 14:41:59] spend time is: 780
[2020-08-21 14:42:09] spend time is: 790
[2020-08-21 14:42:09] spend time is: 790
[2020-08-21 14:42:09] spend time is: 790
[2020-08-21 14:42:09] spend time is: 790
[2020-08-21 14:42:09] spend time is: 790
[2020-08-21 14:42:09] spend time is: 790
[2020-08-21 14:42:09] spend time is: 790
[2020-08-21 14:42:19] spend time is: 800
[2020-08-21 14:42:19] spend time is: 800
[2020-08-21 14:42:19] spend time is: 800
[2020-08-21 14:42:19] spend time is: 800
[2020-08-21 14:42:19] spend time is: 800
[2020-08-21 14:42:19] spend time is: 800
[2020-08-21 14:42:19] spend time is: 800
[2020-08-21 14:42:29] spend time is: 810
[2020-08-21 14:42:29] spend time is: 810
[2020-08-21 14:42:29] spend time is: 810
[2020-08-21 14:42:29] spend time is: 810
[2020-08-21 14:42:29] spend time is: 810
[2020-08-21 14:42:29] spend time is: 810
[2020-08-21 14:42:29] spend time is: 810
[2020-08-21 14:42:39] spend time is: 820
[2020-08-21 14:42:39] spend time is: 820
[2020-08-21 14:42:39] spend time is: 820
[2020-08-21 14:42:39] spend time is: 820
[2020-08-21 14:42:39] spend time is: 820
[2020-08-21 14:42:39] spend time is: 820
[2020-08-21 14:42:39] spend time is: 820
[2020-08-21 14:42:49] spend time is: 830
[2020-08-21 14:42:49] spend time is: 830
[2020-08-21 14:42:49] spend time is: 830
[2020-08-21 14:42:49] spend time is: 830
[2020-08-21 14:42:49] spend time is: 830
[2020-08-21 14:42:49] spend time is: 830
[2020-08-21 14:42:49] spend time is: 830
[2020-08-21 14:42:59] spend time is: 840
[2020-08-21 14:42:59] spend time is: 840
[2020-08-21 14:42:59] spend time is: 840
[2020-08-21 14:42:59] spend time is: 840
[2020-08-21 14:42:59] spend time is: 840
[2020-08-21 14:42:59] spend time is: 840
[2020-08-21 14:42:59] spend time is: 840
[2020-08-21 14:43:09] spend time is: 850
[2020-08-21 14:43:09] spend time is: 850
[2020-08-21 14:43:09] spend time is: 850
[2020-08-21 14:43:09] spend time is: 850
[2020-08-21 14:43:09] spend time is: 850
[2020-08-21 14:43:09] spend time is: 850
[2020-08-21 14:43:09] spend time is: 850
[2020-08-21 14:43:19] spend time is: 860
[2020-08-21 14:43:19] spend time is: 860
[2020-08-21 14:43:19] spend time is: 860
[2020-08-21 14:43:19] spend time is: 860
[2020-08-21 14:43:19] spend time is: 860
[2020-08-21 14:43:19] spend time is: 860
[2020-08-21 14:43:19] spend time is: 860
[2020-08-21 14:43:29] spend time is: 870
[2020-08-21 14:43:29] spend time is: 870
[2020-08-21 14:43:29] spend time is: 870
[2020-08-21 14:43:29] spend time is: 870
[2020-08-21 14:43:29] spend time is: 870
[2020-08-21 14:43:29] spend time is: 870
[2020-08-21 14:43:29] spend time is: 870
[2020-08-21 14:43:36] nginx-ingress-1.41.3.tgz update done.
[2020-08-21 14:43:39] spend time is: 880
[2020-08-21 14:43:39] spend time is: 880
[2020-08-21 14:43:39] spend time is: 880
[2020-08-21 14:43:39] spend time is: 880
[2020-08-21 14:43:39] spend time is: 880
[2020-08-21 14:43:39] spend time is: 880
[2020-08-21 14:43:39] spend time is: 880
[2020-08-21 14:43:49] spend time is: 890
[2020-08-21 14:43:49] spend time is: 890
[2020-08-21 14:43:49] spend time is: 890
[2020-08-21 14:43:49] spend time is: 890
[2020-08-21 14:43:49] spend time is: 890
[2020-08-21 14:43:49] spend time is: 890
[2020-08-21 14:43:49] spend time is: 890
[2020-08-21 14:43:59] spend time is: 900
warning: Pulling without specifying how to reconcile divergent branches is
discouraged. You can squelch this message by running one of the following
commands sometime before your next pull:

  git config pull.rebase false  # merge (the default strategy)
  git config pull.rebase true   # rebase
  git config pull.ff only       # fast-forward only

You can replace "git config" with "git config --global" to set a default
preference for all repositories. You can also pass --rebase, --no-rebase,
or --ff-only on the command line to override the configured default per
invocation.

Warning: Permanently added the RSA host key for IP address '140.82.114.4' to the list of known hosts.
Already up to date.
