Fetching origin
Warning: Permanently added the RSA host key for IP address '140.82.114.3' to the list of known hosts.
From github.com:babyshen/helm-charts-mirror
 * [new branch]      gh-pages   -> origin/gh-pages
 * [new branch]      master     -> origin/master
Previous HEAD position was 6f4bc38 restore bug
Switched to a new branch 'gh-pages'
Branch 'gh-pages' set up to track remote branch 'gh-pages' from 'origin'.
Already up to date.
Branch 'gh-pages' set up to track remote branch 'gh-pages' from 'origin'.
  % Total    % Received % Xferd  Average Speed   Time    Time     Time  Current
                                 Dload  Upload   Total   Spent    Left  Speed
  0     0    0     0    0     0      0      0 --:--:-- --:--:-- --:--:--     0100 8184k  100 8184k    0     0  77.4M      0 --:--:-- --:--:-- --:--:-- 77.5M
[2020-05-10 13:31:45] airflow-6.9.2.tgz update done.
[2020-05-10 13:31:45] airflow-6.9.3.tgz update done.
[2020-05-10 13:31:46] airflow-6.9.1.tgz update done.
[2020-05-10 13:31:46] airflow-6.9.0.tgz update done.
[2020-05-10 13:31:46] airflow-6.8.1.tgz update done.
[2020-05-10 13:31:48] spend time is: 60
[2020-05-10 13:31:48] spend time is: 60
[2020-05-10 13:31:48] spend time is: 60
[2020-05-10 13:31:48] spend time is: 60
[2020-05-10 13:31:48] spend time is: 60
[2020-05-10 13:31:48] spend time is: 60
[2020-05-10 13:31:58] spend time is: 70
[2020-05-10 13:31:58] spend time is: 70
[2020-05-10 13:31:58] spend time is: 70
[2020-05-10 13:31:58] spend time is: 70
[2020-05-10 13:31:58] spend time is: 70
[2020-05-10 13:31:58] spend time is: 70
[2020-05-10 13:31:58] spend time is: 70
[2020-05-10 13:32:08] spend time is: 80
[2020-05-10 13:32:08] spend time is: 80
[2020-05-10 13:32:08] spend time is: 80
[2020-05-10 13:32:08] spend time is: 80
[2020-05-10 13:32:08] spend time is: 80
[2020-05-10 13:32:08] spend time is: 80
[2020-05-10 13:32:08] spend time is: 80
[2020-05-10 13:32:08] spend time is: 80
[2020-05-10 13:32:10] anchore-engine-1.6.3.tgz update done.
[2020-05-10 13:32:18] spend time is: 90
[2020-05-10 13:32:18] spend time is: 90
[2020-05-10 13:32:18] spend time is: 90
[2020-05-10 13:32:18] spend time is: 90
[2020-05-10 13:32:18] spend time is: 90
[2020-05-10 13:32:18] spend time is: 90
[2020-05-10 13:32:28] spend time is: 100
[2020-05-10 13:32:28] spend time is: 100
[2020-05-10 13:32:28] spend time is: 100
[2020-05-10 13:32:28] spend time is: 100
[2020-05-10 13:32:28] spend time is: 100
[2020-05-10 13:32:28] spend time is: 100
[2020-05-10 13:32:28] spend time is: 100
[2020-05-10 13:32:28] spend time is: 100
[2020-05-10 13:32:38] spend time is: 110
[2020-05-10 13:32:38] spend time is: 110
[2020-05-10 13:32:38] spend time is: 110
[2020-05-10 13:32:38] spend time is: 110
[2020-05-10 13:32:38] spend time is: 110
[2020-05-10 13:32:38] spend time is: 110
[2020-05-10 13:32:38] spend time is: 110
[2020-05-10 13:32:38] spend time is: 110
[2020-05-10 13:32:48] spend time is: 120
[2020-05-10 13:32:48] spend time is: 120
[2020-05-10 13:32:48] spend time is: 120
[2020-05-10 13:32:48] spend time is: 120
[2020-05-10 13:32:48] spend time is: 120
[2020-05-10 13:32:48] spend time is: 120
[2020-05-10 13:32:48] spend time is: 120
[2020-05-10 13:32:58] spend time is: 130
[2020-05-10 13:32:58] spend time is: 130
[2020-05-10 13:32:58] spend time is: 130
[2020-05-10 13:32:58] spend time is: 130
[2020-05-10 13:32:58] spend time is: 130
[2020-05-10 13:32:58] spend time is: 130
[2020-05-10 13:32:58] spend time is: 130
[2020-05-10 13:32:58] spend time is: 130
[2020-05-10 13:33:08] spend time is: 140
[2020-05-10 13:33:08] spend time is: 140
[2020-05-10 13:33:08] spend time is: 140
[2020-05-10 13:33:08] spend time is: 140
[2020-05-10 13:33:08] spend time is: 140
[2020-05-10 13:33:08] spend time is: 140
[2020-05-10 13:33:08] spend time is: 140
[2020-05-10 13:33:18] spend time is: 150
[2020-05-10 13:33:18] spend time is: 150
[2020-05-10 13:33:18] spend time is: 150
[2020-05-10 13:33:18] spend time is: 150
[2020-05-10 13:33:18] spend time is: 150
[2020-05-10 13:33:18] spend time is: 150
[2020-05-10 13:33:28] spend time is: 160
[2020-05-10 13:33:28] spend time is: 160
[2020-05-10 13:33:28] spend time is: 160
[2020-05-10 13:33:28] spend time is: 160
[2020-05-10 13:33:28] spend time is: 160
[2020-05-10 13:33:28] spend time is: 160
[2020-05-10 13:33:28] spend time is: 160
[2020-05-10 13:33:38] spend time is: 170
[2020-05-10 13:33:38] spend time is: 170
[2020-05-10 13:33:38] spend time is: 170
[2020-05-10 13:33:38] spend time is: 170
[2020-05-10 13:33:38] spend time is: 170
[2020-05-10 13:33:38] spend time is: 170
[2020-05-10 13:33:38] spend time is: 170
[2020-05-10 13:33:48] spend time is: 180
[2020-05-10 13:33:48] spend time is: 180
[2020-05-10 13:33:48] spend time is: 180
[2020-05-10 13:33:48] spend time is: 180
[2020-05-10 13:33:48] spend time is: 180
[2020-05-10 13:33:48] spend time is: 180
[2020-05-10 13:33:58] spend time is: 190
[2020-05-10 13:33:58] spend time is: 190
[2020-05-10 13:33:58] spend time is: 190
[2020-05-10 13:33:58] spend time is: 190
[2020-05-10 13:33:58] spend time is: 190
[2020-05-10 13:33:58] spend time is: 190
[2020-05-10 13:33:59] datadog-2.3.0.tgz update done.
[2020-05-10 13:33:59] datadog-2.2.12.tgz update done.
[2020-05-10 13:33:59] datadog-2.2.11.tgz update done.
[2020-05-10 13:33:59] datadog-2.2.10.tgz update done.
[2020-05-10 13:34:08] spend time is: 200
[2020-05-10 13:34:08] spend time is: 200
[2020-05-10 13:34:08] spend time is: 200
[2020-05-10 13:34:08] spend time is: 200
[2020-05-10 13:34:08] spend time is: 200
[2020-05-10 13:34:08] spend time is: 200
[2020-05-10 13:34:18] spend time is: 210
[2020-05-10 13:34:18] spend time is: 210
[2020-05-10 13:34:18] spend time is: 210
[2020-05-10 13:34:18] spend time is: 210
[2020-05-10 13:34:18] spend time is: 210
[2020-05-10 13:34:18] spend time is: 210
[2020-05-10 13:34:19] spend time is: 210
[2020-05-10 13:34:28] spend time is: 220
[2020-05-10 13:34:28] spend time is: 220
[2020-05-10 13:34:28] spend time is: 220
[2020-05-10 13:34:28] spend time is: 220
[2020-05-10 13:34:28] spend time is: 220
[2020-05-10 13:34:28] spend time is: 220
[2020-05-10 13:34:29] spend time is: 220
[2020-05-10 13:34:38] spend time is: 230
[2020-05-10 13:34:38] spend time is: 230
[2020-05-10 13:34:38] spend time is: 230
[2020-05-10 13:34:38] spend time is: 230
[2020-05-10 13:34:38] spend time is: 230
[2020-05-10 13:34:38] spend time is: 230
[2020-05-10 13:34:38] spend time is: 230
[2020-05-10 13:34:48] spend time is: 240
[2020-05-10 13:34:48] spend time is: 240
[2020-05-10 13:34:48] spend time is: 240
[2020-05-10 13:34:48] spend time is: 240
[2020-05-10 13:34:48] spend time is: 240
[2020-05-10 13:34:48] spend time is: 240
[2020-05-10 13:34:48] spend time is: 240
[2020-05-10 13:34:48] spend time is: 240
[2020-05-10 13:34:58] spend time is: 250
[2020-05-10 13:34:58] spend time is: 250
[2020-05-10 13:34:58] spend time is: 250
[2020-05-10 13:34:58] spend time is: 250
[2020-05-10 13:34:58] spend time is: 250
[2020-05-10 13:34:58] spend time is: 250
[2020-05-10 13:34:58] spend time is: 250
[2020-05-10 13:34:59] spend time is: 250
[2020-05-10 13:35:08] spend time is: 260
[2020-05-10 13:35:08] spend time is: 260
[2020-05-10 13:35:08] spend time is: 260
[2020-05-10 13:35:08] spend time is: 260
[2020-05-10 13:35:08] spend time is: 260
[2020-05-10 13:35:08] spend time is: 260
[2020-05-10 13:35:18] spend time is: 270
[2020-05-10 13:35:18] spend time is: 270
[2020-05-10 13:35:18] spend time is: 270
[2020-05-10 13:35:18] spend time is: 270
[2020-05-10 13:35:18] spend time is: 270
[2020-05-10 13:35:18] spend time is: 270
[2020-05-10 13:35:18] spend time is: 270
[2020-05-10 13:35:19] elastic-stack-2.0.0.tgz update done.
[2020-05-10 13:35:28] spend time is: 280
[2020-05-10 13:35:28] spend time is: 280
[2020-05-10 13:35:28] spend time is: 280
[2020-05-10 13:35:28] spend time is: 280
[2020-05-10 13:35:28] spend time is: 280
[2020-05-10 13:35:28] spend time is: 280
[2020-05-10 13:35:29] spend time is: 280
[2020-05-10 13:35:31] elasticsearch-exporter-3.3.0.tgz update done.
[2020-05-10 13:35:38] spend time is: 290
[2020-05-10 13:35:38] spend time is: 290
[2020-05-10 13:35:38] spend time is: 290
[2020-05-10 13:35:38] spend time is: 290
[2020-05-10 13:35:38] spend time is: 290
[2020-05-10 13:35:38] spend time is: 290
[2020-05-10 13:35:38] spend time is: 290
[2020-05-10 13:35:38] spend time is: 290
[2020-05-10 13:35:48] spend time is: 300
[2020-05-10 13:35:48] spend time is: 300
[2020-05-10 13:35:48] spend time is: 300
Warning: Permanently added the RSA host key for IP address '140.82.112.3' to the list of known hosts.
Already up to date.
Already up to date.
fatal: Unable to create '/home/travis/build/babyshen/helm-charts-mirror/.git/index.lock': File exists.

Another git process seems to be running in this repository, e.g.
an editor opened by 'git commit'. Please make sure all processes
are terminated then try again. If it still fails, a git process
may have crashed in this repository earlier:
remove the file manually to continue.
Already up to date.
fatal: Unable to create '/home/travis/build/babyshen/helm-charts-mirror/.git/index.lock': File exists.

Another git process seems to be running in this repository, e.g.
an editor opened by 'git commit'. Please make sure all processes
are terminated then try again. If it still fails, a git process
may have crashed in this repository earlier:
remove the file manually to continue.
[gh-pages ee45b87] Synchronizing completion at 2020-05-10
 17 files changed, 1539 insertions(+), 367 deletions(-)
 rewrite airflow-6.8.1.tgz (73%)
 create mode 100644 airflow-6.9.0.tgz
 create mode 100644 airflow-6.9.1.tgz
 create mode 100644 airflow-6.9.2.tgz
 create mode 100644 airflow-6.9.3.tgz
 create mode 100644 airflow-6.9.4.tgz
 create mode 100644 anchore-engine-1.6.3.tgz
 create mode 100644 datadog-2.2.10.tgz
 create mode 100644 datadog-2.2.11.tgz
 create mode 100644 datadog-2.2.12.tgz
 create mode 100644 datadog-2.3.0.tgz
 rewrite elastic-stack-2.0.0.tgz (98%)
 create mode 100644 elasticsearch-exporter-3.3.0.tgz
 create mode 100644 travis_wait_2137.log
To github.com:babyshen/helm-charts-mirror.git
   fa05709..ee45b87  gh-pages -> gh-pages
Branch 'gh-pages' set up to track remote branch 'gh-pages' from 'origin'.
[2020-05-10 13:35:58] spend time is: 310
[2020-05-10 13:35:58] spend time is: 310
[2020-05-10 13:35:58] spend time is: 310
[2020-05-10 13:35:58] spend time is: 310
[2020-05-10 13:35:58] spend time is: 310
[2020-05-10 13:35:58] spend time is: 310
[2020-05-10 13:36:08] spend time is: 320
[2020-05-10 13:36:08] spend time is: 320
[2020-05-10 13:36:08] spend time is: 320
[2020-05-10 13:36:08] spend time is: 320
[2020-05-10 13:36:08] spend time is: 320
[2020-05-10 13:36:18] spend time is: 330
[2020-05-10 13:36:18] spend time is: 330
[2020-05-10 13:36:18] spend time is: 330
[2020-05-10 13:36:18] spend time is: 330
[2020-05-10 13:36:18] spend time is: 330
[2020-05-10 13:36:28] spend time is: 340
[2020-05-10 13:36:28] spend time is: 340
[2020-05-10 13:36:28] spend time is: 340
[2020-05-10 13:36:28] spend time is: 340
[2020-05-10 13:36:28] spend time is: 340
[2020-05-10 13:36:28] spend time is: 340
[2020-05-10 13:36:38] spend time is: 350
[2020-05-10 13:36:38] spend time is: 350
[2020-05-10 13:36:38] spend time is: 350
[2020-05-10 13:36:38] spend time is: 350
[2020-05-10 13:36:38] spend time is: 350
[2020-05-10 13:36:48] spend time is: 360
[2020-05-10 13:36:48] spend time is: 360
[2020-05-10 13:36:48] spend time is: 360
[2020-05-10 13:36:48] spend time is: 360
[2020-05-10 13:36:48] spend time is: 360
[2020-05-10 13:36:49] spend time is: 360
[2020-05-10 13:36:55] fluentd-2.4.1.tgz update done.
[2020-05-10 13:36:58] spend time is: 370
[2020-05-10 13:36:58] spend time is: 370
[2020-05-10 13:36:58] spend time is: 370
[2020-05-10 13:36:58] spend time is: 370
[2020-05-10 13:36:58] spend time is: 370
[2020-05-10 13:37:08] spend time is: 380
[2020-05-10 13:37:08] spend time is: 380
[2020-05-10 13:37:08] spend time is: 380
[2020-05-10 13:37:08] spend time is: 380
[2020-05-10 13:37:08] spend time is: 380
[2020-05-10 13:37:18] spend time is: 390
[2020-05-10 13:37:18] spend time is: 390
[2020-05-10 13:37:18] spend time is: 390
[2020-05-10 13:37:18] spend time is: 390
[2020-05-10 13:37:18] spend time is: 390
[2020-05-10 13:37:18] spend time is: 390
[2020-05-10 13:37:28] spend time is: 400
[2020-05-10 13:37:28] spend time is: 400
[2020-05-10 13:37:28] spend time is: 400
[2020-05-10 13:37:28] spend time is: 400
[2020-05-10 13:37:28] spend time is: 400
[2020-05-10 13:37:38] spend time is: 410
[2020-05-10 13:37:38] spend time is: 410
[2020-05-10 13:37:38] spend time is: 410
[2020-05-10 13:37:38] spend time is: 410
[2020-05-10 13:37:38] spend time is: 410
[2020-05-10 13:37:48] spend time is: 420
[2020-05-10 13:37:48] spend time is: 420
[2020-05-10 13:37:48] spend time is: 420
[2020-05-10 13:37:48] spend time is: 420
[2020-05-10 13:37:48] spend time is: 420
[2020-05-10 13:37:48] spend time is: 420
[2020-05-10 13:37:58] spend time is: 430
[2020-05-10 13:37:58] spend time is: 430
[2020-05-10 13:37:58] spend time is: 430
[2020-05-10 13:37:58] spend time is: 430
[2020-05-10 13:37:58] spend time is: 430
[2020-05-10 13:37:58] spend time is: 430
[2020-05-10 13:38:08] spend time is: 440
[2020-05-10 13:38:08] spend time is: 440
[2020-05-10 13:38:08] spend time is: 440
[2020-05-10 13:38:08] spend time is: 440
[2020-05-10 13:38:08] spend time is: 440
[2020-05-10 13:38:14] grafana-5.0.24.tgz update done.
[2020-05-10 13:38:14] grafana-5.0.23.tgz update done.
[2020-05-10 13:38:18] spend time is: 450
[2020-05-10 13:38:18] spend time is: 450
[2020-05-10 13:38:18] spend time is: 450
[2020-05-10 13:38:18] spend time is: 450
[2020-05-10 13:38:18] spend time is: 450
[2020-05-10 13:38:18] spend time is: 450
[2020-05-10 13:38:28] spend time is: 460
[2020-05-10 13:38:28] spend time is: 460
[2020-05-10 13:38:28] spend time is: 460
[2020-05-10 13:38:28] spend time is: 460
[2020-05-10 13:38:28] spend time is: 460
[2020-05-10 13:38:38] spend time is: 470
[2020-05-10 13:38:38] spend time is: 470
[2020-05-10 13:38:38] spend time is: 470
[2020-05-10 13:38:38] spend time is: 470
[2020-05-10 13:38:38] spend time is: 470
[2020-05-10 13:38:38] spend time is: 470
[2020-05-10 13:38:48] spend time is: 480
[2020-05-10 13:38:48] spend time is: 480
[2020-05-10 13:38:48] spend time is: 480
[2020-05-10 13:38:48] spend time is: 480
[2020-05-10 13:38:48] spend time is: 480
[2020-05-10 13:38:58] spend time is: 490
[2020-05-10 13:38:58] spend time is: 490
[2020-05-10 13:38:58] spend time is: 490
[2020-05-10 13:38:58] spend time is: 490
[2020-05-10 13:38:58] spend time is: 490
[2020-05-10 13:38:58] spend time is: 490
[2020-05-10 13:39:01] graylog-1.6.2.tgz update done.
[2020-05-10 13:39:08] spend time is: 500
[2020-05-10 13:39:08] spend time is: 500
[2020-05-10 13:39:08] spend time is: 500
[2020-05-10 13:39:08] spend time is: 500
[2020-05-10 13:39:08] spend time is: 500
[2020-05-10 13:39:18] spend time is: 510
[2020-05-10 13:39:18] spend time is: 510
[2020-05-10 13:39:18] spend time is: 510
[2020-05-10 13:39:18] spend time is: 510
[2020-05-10 13:39:18] spend time is: 510
[2020-05-10 13:39:28] spend time is: 520
[2020-05-10 13:39:28] spend time is: 520
[2020-05-10 13:39:28] spend time is: 520
[2020-05-10 13:39:28] spend time is: 520
[2020-05-10 13:39:28] spend time is: 520
[2020-05-10 13:39:38] spend time is: 530
[2020-05-10 13:39:38] spend time is: 530
[2020-05-10 13:39:38] spend time is: 530
[2020-05-10 13:39:38] spend time is: 530
[2020-05-10 13:39:38] spend time is: 530
[2020-05-10 13:39:48] spend time is: 540
[2020-05-10 13:39:48] spend time is: 540
[2020-05-10 13:39:48] spend time is: 540
[2020-05-10 13:39:48] spend time is: 540
[2020-05-10 13:39:48] spend time is: 540
[2020-05-10 13:39:58] spend time is: 550
[2020-05-10 13:39:58] spend time is: 550
[2020-05-10 13:39:58] spend time is: 550
[2020-05-10 13:39:58] spend time is: 550
[2020-05-10 13:39:58] spend time is: 550
[2020-05-10 13:39:58] spend time is: 550
[2020-05-10 13:40:08] spend time is: 560
[2020-05-10 13:40:08] spend time is: 560
[2020-05-10 13:40:08] spend time is: 560
[2020-05-10 13:40:08] spend time is: 560
[2020-05-10 13:40:08] spend time is: 560
[2020-05-10 13:40:08] spend time is: 560
[2020-05-10 13:40:13] janusgraph-0.2.1.tgz update done.
[2020-05-10 13:40:18] spend time is: 570
[2020-05-10 13:40:18] spend time is: 570
[2020-05-10 13:40:18] spend time is: 570
[2020-05-10 13:40:18] spend time is: 570
[2020-05-10 13:40:18] spend time is: 570
[2020-05-10 13:40:18] spend time is: 570
[2020-05-10 13:40:28] spend time is: 580
[2020-05-10 13:40:28] spend time is: 580
[2020-05-10 13:40:28] spend time is: 580
[2020-05-10 13:40:28] spend time is: 580
[2020-05-10 13:40:28] spend time is: 580
[2020-05-10 13:40:29] jenkins-1.18.1.tgz update done.
[2020-05-10 13:40:38] spend time is: 590
[2020-05-10 13:40:38] spend time is: 590
[2020-05-10 13:40:38] spend time is: 590
[2020-05-10 13:40:38] spend time is: 590
[2020-05-10 13:40:38] spend time is: 590
[2020-05-10 13:40:38] spend time is: 590
[2020-05-10 13:40:48] spend time is: 600
Already up to date.
