Fetching origin
Warning: Permanently added the RSA host key for IP address '140.82.114.4' to the list of known hosts.
From github.com:babyshen/helm-charts-mirror
 * [new branch]      gh-pages   -> origin/gh-pages
 * [new branch]      master     -> origin/master
Previous HEAD position was 6f4bc38 restore bug
Switched to a new branch 'gh-pages'
Branch 'gh-pages' set up to track remote branch 'gh-pages' from 'origin'.
Already up to date.
Branch 'gh-pages' set up to track remote branch 'gh-pages' from 'origin'.
  % Total    % Received % Xferd  Average Speed   Time    Time     Time  Current
                                 Dload  Upload   Total   Spent    Left  Speed
  0     0    0     0    0     0      0      0 --:--:-- --:--:-- --:--:--     0100 5994k  100 5994k    0     0  49.5M      0 --:--:-- --:--:-- --:--:-- 49.6M
[2019-08-28 05:23:09] spend time is: 50
[2019-08-28 05:23:09] spend time is: 50
[2019-08-28 05:23:09] spend time is: 50
[2019-08-28 05:23:09] spend time is: 50
[2019-08-28 05:23:09] spend time is: 50
[2019-08-28 05:23:09] spend time is: 50
[2019-08-28 05:23:09] spend time is: 50
[2019-08-28 05:23:09] spend time is: 50
[2019-08-28 05:23:09] spend time is: 50
[2019-08-28 05:23:10] spend time is: 50
[2019-08-28 05:23:19] spend time is: 60
[2019-08-28 05:23:19] spend time is: 60
[2019-08-28 05:23:19] spend time is: 60
[2019-08-28 05:23:19] spend time is: 60
[2019-08-28 05:23:19] spend time is: 60
[2019-08-28 05:23:19] spend time is: 60
[2019-08-28 05:23:19] spend time is: 60
[2019-08-28 05:23:19] spend time is: 60
[2019-08-28 05:23:29] spend time is: 70
[2019-08-28 05:23:29] spend time is: 70
[2019-08-28 05:23:29] spend time is: 70
[2019-08-28 05:23:29] spend time is: 70
[2019-08-28 05:23:29] spend time is: 70
[2019-08-28 05:23:29] spend time is: 70
[2019-08-28 05:23:29] spend time is: 70
[2019-08-28 05:23:29] spend time is: 70
[2019-08-28 05:23:29] spend time is: 70
[2019-08-28 05:23:29] spend time is: 70
[2019-08-28 05:23:39] spend time is: 80
[2019-08-28 05:23:39] spend time is: 80
[2019-08-28 05:23:39] spend time is: 80
[2019-08-28 05:23:39] spend time is: 80
[2019-08-28 05:23:39] spend time is: 80
[2019-08-28 05:23:39] spend time is: 80
[2019-08-28 05:23:39] spend time is: 80
[2019-08-28 05:23:39] spend time is: 80
[2019-08-28 05:23:39] spend time is: 80
[2019-08-28 05:23:39] spend time is: 80
[2019-08-28 05:23:39] spend time is: 80
[2019-08-28 05:23:46] cloudserver-1.0.3.tgz update done.
[2019-08-28 05:23:49] spend time is: 90
[2019-08-28 05:23:49] spend time is: 90
[2019-08-28 05:23:49] spend time is: 90
[2019-08-28 05:23:49] spend time is: 90
[2019-08-28 05:23:49] spend time is: 90
[2019-08-28 05:23:49] spend time is: 90
[2019-08-28 05:23:49] spend time is: 90
[2019-08-28 05:23:49] spend time is: 90
[2019-08-28 05:23:49] spend time is: 90
[2019-08-28 05:23:49] spend time is: 90
[2019-08-28 05:23:49] spend time is: 90
[2019-08-28 05:23:59] spend time is: 100
[2019-08-28 05:23:59] spend time is: 100
[2019-08-28 05:23:59] spend time is: 100
[2019-08-28 05:23:59] spend time is: 100
[2019-08-28 05:23:59] spend time is: 100
[2019-08-28 05:23:59] spend time is: 100
[2019-08-28 05:23:59] spend time is: 100
[2019-08-28 05:23:59] spend time is: 100
[2019-08-28 05:23:59] spend time is: 100
[2019-08-28 05:23:59] spend time is: 100
[2019-08-28 05:24:00] spend time is: 100
[2019-08-28 05:24:09] spend time is: 110
[2019-08-28 05:24:09] spend time is: 110
[2019-08-28 05:24:09] spend time is: 110
[2019-08-28 05:24:09] spend time is: 110
[2019-08-28 05:24:09] spend time is: 110
[2019-08-28 05:24:09] spend time is: 110
[2019-08-28 05:24:09] spend time is: 110
[2019-08-28 05:24:09] spend time is: 110
[2019-08-28 05:24:09] spend time is: 110
[2019-08-28 05:24:09] spend time is: 110
[2019-08-28 05:24:10] spend time is: 110
[2019-08-28 05:24:19] spend time is: 120
[2019-08-28 05:24:19] spend time is: 120
[2019-08-28 05:24:19] spend time is: 120
[2019-08-28 05:24:19] spend time is: 120
[2019-08-28 05:24:19] spend time is: 120
[2019-08-28 05:24:19] spend time is: 120
[2019-08-28 05:24:19] spend time is: 120
[2019-08-28 05:24:19] spend time is: 120
[2019-08-28 05:24:19] spend time is: 120
[2019-08-28 05:24:19] spend time is: 120
[2019-08-28 05:24:29] spend time is: 130
[2019-08-28 05:24:29] spend time is: 130
[2019-08-28 05:24:29] spend time is: 130
[2019-08-28 05:24:29] spend time is: 130
[2019-08-28 05:24:29] spend time is: 130
[2019-08-28 05:24:29] spend time is: 130
[2019-08-28 05:24:29] spend time is: 130
[2019-08-28 05:24:29] spend time is: 130
[2019-08-28 05:24:29] spend time is: 130
[2019-08-28 05:24:35] distribution-0.4.2.tgz update done.
[2019-08-28 05:24:39] spend time is: 140
[2019-08-28 05:24:39] spend time is: 140
[2019-08-28 05:24:39] spend time is: 140
[2019-08-28 05:24:39] spend time is: 140
[2019-08-28 05:24:39] spend time is: 140
[2019-08-28 05:24:39] spend time is: 140
[2019-08-28 05:24:39] spend time is: 140
[2019-08-28 05:24:39] spend time is: 140
[2019-08-28 05:24:39] spend time is: 140
[2019-08-28 05:24:39] spend time is: 140
[2019-08-28 05:24:49] spend time is: 150
[2019-08-28 05:24:49] spend time is: 150
[2019-08-28 05:24:49] spend time is: 150
[2019-08-28 05:24:49] spend time is: 150
[2019-08-28 05:24:49] spend time is: 150
[2019-08-28 05:24:49] spend time is: 150
[2019-08-28 05:24:49] spend time is: 150
[2019-08-28 05:24:49] spend time is: 150
[2019-08-28 05:24:49] spend time is: 150
[2019-08-28 05:24:49] spend time is: 150
[2019-08-28 05:24:49] spend time is: 150
[2019-08-28 05:24:49] spend time is: 150
[2019-08-28 05:24:59] spend time is: 160
[2019-08-28 05:24:59] spend time is: 160
[2019-08-28 05:24:59] spend time is: 160
[2019-08-28 05:24:59] spend time is: 160
[2019-08-28 05:24:59] spend time is: 160
[2019-08-28 05:24:59] spend time is: 160
[2019-08-28 05:24:59] spend time is: 160
[2019-08-28 05:24:59] spend time is: 160
[2019-08-28 05:24:59] spend time is: 160
[2019-08-28 05:24:59] spend time is: 160
[2019-08-28 05:25:02] elastic-stack-1.8.0.tgz update done.
[2019-08-28 05:25:04] elasticsearch-1.31.0.tgz update done.
[2019-08-28 05:25:09] spend time is: 170
[2019-08-28 05:25:09] spend time is: 170
[2019-08-28 05:25:09] spend time is: 170
[2019-08-28 05:25:09] spend time is: 170
[2019-08-28 05:25:09] spend time is: 170
[2019-08-28 05:25:09] spend time is: 170
[2019-08-28 05:25:09] spend time is: 170
[2019-08-28 05:25:09] spend time is: 170
[2019-08-28 05:25:09] spend time is: 170
[2019-08-28 05:25:09] spend time is: 170
[2019-08-28 05:25:19] spend time is: 180
[2019-08-28 05:25:19] spend time is: 180
[2019-08-28 05:25:19] spend time is: 180
[2019-08-28 05:25:19] spend time is: 180
[2019-08-28 05:25:19] spend time is: 180
[2019-08-28 05:25:19] spend time is: 180
[2019-08-28 05:25:19] spend time is: 180
[2019-08-28 05:25:19] spend time is: 180
[2019-08-28 05:25:19] spend time is: 180
[2019-08-28 05:25:19] spend time is: 180
[2019-08-28 05:25:20] spend time is: 180
[2019-08-28 05:25:29] spend time is: 190
[2019-08-28 05:25:29] spend time is: 190
[2019-08-28 05:25:29] spend time is: 190
[2019-08-28 05:25:29] spend time is: 190
[2019-08-28 05:25:29] spend time is: 190
[2019-08-28 05:25:29] spend time is: 190
[2019-08-28 05:25:29] spend time is: 190
[2019-08-28 05:25:29] spend time is: 190
[2019-08-28 05:25:29] spend time is: 190
[2019-08-28 05:25:29] spend time is: 190
[2019-08-28 05:25:39] spend time is: 200
[2019-08-28 05:25:39] spend time is: 200
[2019-08-28 05:25:39] spend time is: 200
[2019-08-28 05:25:39] spend time is: 200
[2019-08-28 05:25:39] spend time is: 200
[2019-08-28 05:25:39] spend time is: 200
[2019-08-28 05:25:39] spend time is: 200
[2019-08-28 05:25:39] spend time is: 200
[2019-08-28 05:25:39] spend time is: 200
[2019-08-28 05:25:39] spend time is: 200
[2019-08-28 05:25:49] spend time is: 210
[2019-08-28 05:25:49] spend time is: 210
[2019-08-28 05:25:49] spend time is: 210
[2019-08-28 05:25:49] spend time is: 210
[2019-08-28 05:25:49] spend time is: 210
[2019-08-28 05:25:49] spend time is: 210
[2019-08-28 05:25:49] spend time is: 210
[2019-08-28 05:25:49] spend time is: 210
[2019-08-28 05:25:49] spend time is: 210
[2019-08-28 05:25:59] spend time is: 220
[2019-08-28 05:25:59] spend time is: 220
[2019-08-28 05:25:59] spend time is: 220
[2019-08-28 05:25:59] spend time is: 220
[2019-08-28 05:25:59] spend time is: 220
[2019-08-28 05:25:59] spend time is: 220
[2019-08-28 05:25:59] spend time is: 220
[2019-08-28 05:25:59] spend time is: 220
[2019-08-28 05:25:59] spend time is: 220
[2019-08-28 05:25:59] spend time is: 220
[2019-08-28 05:25:59] spend time is: 220
[2019-08-28 05:26:09] spend time is: 230
[2019-08-28 05:26:09] spend time is: 230
[2019-08-28 05:26:09] spend time is: 230
[2019-08-28 05:26:09] spend time is: 230
[2019-08-28 05:26:09] spend time is: 230
[2019-08-28 05:26:09] spend time is: 230
[2019-08-28 05:26:09] spend time is: 230
[2019-08-28 05:26:09] spend time is: 230
[2019-08-28 05:26:09] spend time is: 230
[2019-08-28 05:26:09] spend time is: 230
[2019-08-28 05:26:19] spend time is: 240
[2019-08-28 05:26:19] spend time is: 240
[2019-08-28 05:26:19] spend time is: 240
[2019-08-28 05:26:19] spend time is: 240
[2019-08-28 05:26:19] spend time is: 240
[2019-08-28 05:26:19] spend time is: 240
[2019-08-28 05:26:19] spend time is: 240
[2019-08-28 05:26:19] spend time is: 240
[2019-08-28 05:26:19] spend time is: 240
[2019-08-28 05:26:19] spend time is: 240
[2019-08-28 05:26:29] spend time is: 250
[2019-08-28 05:26:29] spend time is: 250
[2019-08-28 05:26:29] spend time is: 250
[2019-08-28 05:26:29] spend time is: 250
[2019-08-28 05:26:29] spend time is: 250
[2019-08-28 05:26:29] spend time is: 250
[2019-08-28 05:26:29] spend time is: 250
[2019-08-28 05:26:29] spend time is: 250
[2019-08-28 05:26:29] spend time is: 250
[2019-08-28 05:26:34] graylog-1.3.3.tgz update done.
[2019-08-28 05:26:35] graylog-1.3.1.tgz update done.
[2019-08-28 05:26:39] spend time is: 260
[2019-08-28 05:26:39] spend time is: 260
[2019-08-28 05:26:39] spend time is: 260
[2019-08-28 05:26:39] spend time is: 260
[2019-08-28 05:26:39] spend time is: 260
[2019-08-28 05:26:39] spend time is: 260
[2019-08-28 05:26:39] spend time is: 260
[2019-08-28 05:26:39] spend time is: 260
[2019-08-28 05:26:39] spend time is: 260
[2019-08-28 05:26:39] spend time is: 260
[2019-08-28 05:26:40] spend time is: 260
[2019-08-28 05:26:43] hlf-ca-1.1.8.tgz update done.
[2019-08-28 05:26:49] spend time is: 270
[2019-08-28 05:26:49] spend time is: 270
[2019-08-28 05:26:49] spend time is: 270
[2019-08-28 05:26:49] spend time is: 270
[2019-08-28 05:26:49] spend time is: 270
[2019-08-28 05:26:49] spend time is: 270
[2019-08-28 05:26:49] spend time is: 270
[2019-08-28 05:26:49] spend time is: 270
[2019-08-28 05:26:49] spend time is: 270
[2019-08-28 05:26:49] spend time is: 270
[2019-08-28 05:26:49] spend time is: 270
[2019-08-28 05:26:59] spend time is: 280
[2019-08-28 05:26:59] spend time is: 280
[2019-08-28 05:26:59] spend time is: 280
[2019-08-28 05:26:59] spend time is: 280
[2019-08-28 05:26:59] spend time is: 280
[2019-08-28 05:26:59] spend time is: 280
[2019-08-28 05:26:59] janusgraph-0.2.1.tgz update done.
[2019-08-28 05:26:59] spend time is: 280
[2019-08-28 05:26:59] spend time is: 280
[2019-08-28 05:26:59] spend time is: 280
[2019-08-28 05:27:09] spend time is: 290
[2019-08-28 05:27:09] spend time is: 290
[2019-08-28 05:27:09] spend time is: 290
[2019-08-28 05:27:09] spend time is: 290
[2019-08-28 05:27:09] spend time is: 290
[2019-08-28 05:27:09] spend time is: 290
[2019-08-28 05:27:09] spend time is: 290
[2019-08-28 05:27:09] spend time is: 290
[2019-08-28 05:27:09] spend time is: 290
[2019-08-28 05:27:09] spend time is: 290
[2019-08-28 05:27:19] spend time is: 300
[2019-08-28 05:27:19] spend time is: 300
[2019-08-28 05:27:19] spend time is: 300
[2019-08-28 05:27:19] spend time is: 300
Warning: Permanently added the RSA host key for IP address '140.82.113.4' to the list of known hosts.
Already up to date.
Already up to date.
warning: fetch updated the current branch head.
fast-forwarding your working tree from
commit ce68cd46ed4a3207978d5beb6790ec04ff8ad57f.
warning: fetch updated the current branch head.
fast-forwarding your working tree from
commit ce68cd46ed4a3207978d5beb6790ec04ff8ad57f.
fatal: Unable to create '/home/travis/build/babyshen/helm-charts-mirror/.git/index.lock': File exists.

Another git process seems to be running in this repository, e.g.
an editor opened by 'git commit'. Please make sure all processes
are terminated then try again. If it still fails, a git process
may have crashed in this repository earlier:
remove the file manually to continue.
error: Unable to create '/home/travis/build/babyshen/helm-charts-mirror/.git/index.lock': File exists.

Another git process seems to be running in this repository, e.g.
an editor opened by 'git commit'. Please make sure all processes
are terminated then try again. If it still fails, a git process
may have crashed in this repository earlier:
remove the file manually to continue.
fatal: Cannot fast-forward your working tree.
After making sure that you saved anything precious from
$ git diff ce68cd46ed4a3207978d5beb6790ec04ff8ad57f
output, run
$ git reset --hard
to recover.
error: Your local changes to the following files would be overwritten by merge:
	chart-list.json
	cloudserver-1.0.3.tgz
	distribution-0.4.2.tgz
	elastic-stack-1.8.0.tgz
	graylog-1.3.1.tgz
	hlf-ca-1.1.8.tgz
	index.yaml
	janusgraph-0.2.1.tgz
	last_install
Please commit your changes or stash them before you merge.
error: The following untracked working tree files would be overwritten by merge:
	elasticsearch-1.31.0.tgz
	graylog-1.3.3.tgz
	travis_wait_1967.log
Please move or remove them before you merge.
Aborting
fatal: Cannot fast-forward your working tree.
After making sure that you saved anything precious from
$ git diff ce68cd46ed4a3207978d5beb6790ec04ff8ad57f
output, run
$ git reset --hard
to recover.
[gh-pages 57cc789] Synchronizing completion at 2019-08-28
 12 files changed, 888 insertions(+), 299 deletions(-)
 rewrite cloudserver-1.0.3.tgz (99%)
 rewrite distribution-0.4.2.tgz (99%)
 rewrite elastic-stack-1.8.0.tgz (98%)
 create mode 100644 elasticsearch-1.31.0.tgz
 rewrite graylog-1.3.1.tgz (61%)
 create mode 100644 graylog-1.3.3.tgz
 rewrite hlf-ca-1.1.8.tgz (99%)
 create mode 100644 travis_wait_1967.log
To github.com:babyshen/helm-charts-mirror.git
   ce68cd4..57cc789  gh-pages -> gh-pages
Branch 'gh-pages' set up to track remote branch 'gh-pages' from 'origin'.
[2019-08-28 05:27:29] spend time is: 310
[2019-08-28 05:27:29] spend time is: 310
[2019-08-28 05:27:29] spend time is: 310
[2019-08-28 05:27:29] spend time is: 310
[2019-08-28 05:27:29] spend time is: 310
[2019-08-28 05:27:29] spend time is: 310
[2019-08-28 05:27:29] spend time is: 310
[2019-08-28 05:27:39] spend time is: 320
[2019-08-28 05:27:39] spend time is: 320
[2019-08-28 05:27:39] spend time is: 320
[2019-08-28 05:27:39] spend time is: 320
[2019-08-28 05:27:39] spend time is: 320
[2019-08-28 05:27:39] spend time is: 320
[2019-08-28 05:27:39] spend time is: 320
[2019-08-28 05:27:39] spend time is: 320
[2019-08-28 05:27:49] spend time is: 330
[2019-08-28 05:27:49] spend time is: 330
[2019-08-28 05:27:49] spend time is: 330
[2019-08-28 05:27:49] spend time is: 330
[2019-08-28 05:27:49] spend time is: 330
[2019-08-28 05:27:49] spend time is: 330
[2019-08-28 05:27:49] spend time is: 330
[2019-08-28 05:27:50] spend time is: 330
[2019-08-28 05:27:59] spend time is: 340
[2019-08-28 05:27:59] spend time is: 340
[2019-08-28 05:27:59] spend time is: 340
[2019-08-28 05:27:59] spend time is: 340
[2019-08-28 05:27:59] spend time is: 340
[2019-08-28 05:27:59] spend time is: 340
[2019-08-28 05:27:59] spend time is: 340
[2019-08-28 05:28:09] spend time is: 350
[2019-08-28 05:28:09] spend time is: 350
[2019-08-28 05:28:09] spend time is: 350
[2019-08-28 05:28:09] spend time is: 350
[2019-08-28 05:28:09] spend time is: 350
[2019-08-28 05:28:09] spend time is: 350
[2019-08-28 05:28:09] spend time is: 350
[2019-08-28 05:28:19] spend time is: 360
[2019-08-28 05:28:19] spend time is: 360
[2019-08-28 05:28:19] spend time is: 360
[2019-08-28 05:28:19] spend time is: 360
[2019-08-28 05:28:19] spend time is: 360
[2019-08-28 05:28:19] spend time is: 360
[2019-08-28 05:28:19] spend time is: 360
[2019-08-28 05:28:19] spend time is: 360
[2019-08-28 05:28:25] kube-ops-view-1.1.0.tgz update done.
[2019-08-28 05:28:29] spend time is: 370
[2019-08-28 05:28:29] spend time is: 370
[2019-08-28 05:28:29] spend time is: 370
[2019-08-28 05:28:29] spend time is: 370
[2019-08-28 05:28:29] spend time is: 370
[2019-08-28 05:28:29] spend time is: 370
[2019-08-28 05:28:29] spend time is: 370
[2019-08-28 05:28:29] spend time is: 370
[2019-08-28 05:28:39] spend time is: 380
[2019-08-28 05:28:39] spend time is: 380
[2019-08-28 05:28:39] spend time is: 380
[2019-08-28 05:28:39] spend time is: 380
[2019-08-28 05:28:39] spend time is: 380
[2019-08-28 05:28:39] spend time is: 380
[2019-08-28 05:28:39] spend time is: 380
[2019-08-28 05:28:39] spend time is: 380
[2019-08-28 05:28:49] spend time is: 390
[2019-08-28 05:28:49] spend time is: 390
[2019-08-28 05:28:49] spend time is: 390
[2019-08-28 05:28:49] spend time is: 390
[2019-08-28 05:28:49] spend time is: 390
[2019-08-28 05:28:49] spend time is: 390
[2019-08-28 05:28:49] spend time is: 390
[2019-08-28 05:28:59] spend time is: 400
[2019-08-28 05:28:59] spend time is: 400
[2019-08-28 05:28:59] spend time is: 400
[2019-08-28 05:28:59] spend time is: 400
[2019-08-28 05:28:59] spend time is: 400
[2019-08-28 05:28:59] spend time is: 400
[2019-08-28 05:28:59] spend time is: 400
[2019-08-28 05:28:59] spend time is: 400
[2019-08-28 05:29:09] spend time is: 410
[2019-08-28 05:29:09] spend time is: 410
[2019-08-28 05:29:09] spend time is: 410
[2019-08-28 05:29:09] spend time is: 410
[2019-08-28 05:29:09] spend time is: 410
[2019-08-28 05:29:09] spend time is: 410
[2019-08-28 05:29:09] spend time is: 410
[2019-08-28 05:29:09] spend time is: 410
[2019-08-28 05:29:19] spend time is: 420
[2019-08-28 05:29:19] spend time is: 420
[2019-08-28 05:29:19] spend time is: 420
[2019-08-28 05:29:19] spend time is: 420
[2019-08-28 05:29:19] spend time is: 420
[2019-08-28 05:29:19] spend time is: 420
[2019-08-28 05:29:19] spend time is: 420
[2019-08-28 05:29:29] spend time is: 430
[2019-08-28 05:29:29] spend time is: 430
[2019-08-28 05:29:29] spend time is: 430
[2019-08-28 05:29:29] spend time is: 430
[2019-08-28 05:29:29] spend time is: 430
[2019-08-28 05:29:29] spend time is: 430
[2019-08-28 05:29:29] spend time is: 430
[2019-08-28 05:29:29] spend time is: 430
[2019-08-28 05:29:39] spend time is: 440
[2019-08-28 05:29:39] spend time is: 440
[2019-08-28 05:29:39] spend time is: 440
[2019-08-28 05:29:39] spend time is: 440
[2019-08-28 05:29:39] spend time is: 440
[2019-08-28 05:29:39] spend time is: 440
[2019-08-28 05:29:39] spend time is: 440
[2019-08-28 05:29:39] spend time is: 440
[2019-08-28 05:29:49] spend time is: 450
[2019-08-28 05:29:49] spend time is: 450
[2019-08-28 05:29:49] spend time is: 450
[2019-08-28 05:29:49] spend time is: 450
[2019-08-28 05:29:49] spend time is: 450
[2019-08-28 05:29:49] spend time is: 450
[2019-08-28 05:29:49] spend time is: 450
[2019-08-28 05:29:49] spend time is: 450
[2019-08-28 05:29:59] spend time is: 460
[2019-08-28 05:29:59] spend time is: 460
[2019-08-28 05:29:59] spend time is: 460
[2019-08-28 05:29:59] spend time is: 460
[2019-08-28 05:29:59] spend time is: 460
[2019-08-28 05:29:59] spend time is: 460
[2019-08-28 05:29:59] spend time is: 460
[2019-08-28 05:29:59] spend time is: 460
[2019-08-28 05:30:09] spend time is: 470
[2019-08-28 05:30:09] spend time is: 470
[2019-08-28 05:30:09] spend time is: 470
[2019-08-28 05:30:09] spend time is: 470
[2019-08-28 05:30:09] spend time is: 470
[2019-08-28 05:30:09] spend time is: 470
[2019-08-28 05:30:09] spend time is: 470
[2019-08-28 05:30:19] spend time is: 480
[2019-08-28 05:30:19] spend time is: 480
[2019-08-28 05:30:19] spend time is: 480
[2019-08-28 05:30:19] spend time is: 480
[2019-08-28 05:30:19] spend time is: 480
[2019-08-28 05:30:19] spend time is: 480
[2019-08-28 05:30:19] spend time is: 480
[2019-08-28 05:30:19] spend time is: 480
[2019-08-28 05:30:29] spend time is: 490
[2019-08-28 05:30:29] spend time is: 490
[2019-08-28 05:30:29] spend time is: 490
[2019-08-28 05:30:29] spend time is: 490
[2019-08-28 05:30:29] spend time is: 490
[2019-08-28 05:30:29] spend time is: 490
[2019-08-28 05:30:29] spend time is: 490
[2019-08-28 05:30:39] spend time is: 500
[2019-08-28 05:30:39] spend time is: 500
[2019-08-28 05:30:39] spend time is: 500
[2019-08-28 05:30:39] spend time is: 500
[2019-08-28 05:30:39] spend time is: 500
[2019-08-28 05:30:39] spend time is: 500
[2019-08-28 05:30:39] spend time is: 500
[2019-08-28 05:30:39] spend time is: 500
[2019-08-28 05:30:49] spend time is: 510
[2019-08-28 05:30:49] spend time is: 510
[2019-08-28 05:30:49] spend time is: 510
[2019-08-28 05:30:49] spend time is: 510
[2019-08-28 05:30:49] spend time is: 510
[2019-08-28 05:30:49] spend time is: 510
[2019-08-28 05:30:49] spend time is: 510
[2019-08-28 05:30:49] spend time is: 510
[2019-08-28 05:30:59] spend time is: 520
[2019-08-28 05:30:59] spend time is: 520
[2019-08-28 05:30:59] spend time is: 520
[2019-08-28 05:30:59] spend time is: 520
[2019-08-28 05:30:59] spend time is: 520
[2019-08-28 05:30:59] spend time is: 520
[2019-08-28 05:30:59] spend time is: 520
[2019-08-28 05:31:09] spend time is: 530
[2019-08-28 05:31:09] spend time is: 530
[2019-08-28 05:31:09] spend time is: 530
[2019-08-28 05:31:09] spend time is: 530
[2019-08-28 05:31:09] spend time is: 530
[2019-08-28 05:31:09] spend time is: 530
[2019-08-28 05:31:09] spend time is: 530
[2019-08-28 05:31:19] spend time is: 540
[2019-08-28 05:31:19] spend time is: 540
[2019-08-28 05:31:19] spend time is: 540
[2019-08-28 05:31:19] spend time is: 540
[2019-08-28 05:31:19] spend time is: 540
[2019-08-28 05:31:19] spend time is: 540
[2019-08-28 05:31:19] spend time is: 540
[2019-08-28 05:31:19] spend time is: 540
[2019-08-28 05:31:29] spend time is: 550
[2019-08-28 05:31:29] spend time is: 550
[2019-08-28 05:31:29] spend time is: 550
[2019-08-28 05:31:29] spend time is: 550
[2019-08-28 05:31:29] spend time is: 550
[2019-08-28 05:31:29] spend time is: 550
[2019-08-28 05:31:29] spend time is: 550
[2019-08-28 05:31:29] spend time is: 550
[2019-08-28 05:31:39] spend time is: 560
[2019-08-28 05:31:39] spend time is: 560
[2019-08-28 05:31:39] spend time is: 560
[2019-08-28 05:31:39] spend time is: 560
[2019-08-28 05:31:39] spend time is: 560
[2019-08-28 05:31:39] spend time is: 560
[2019-08-28 05:31:39] spend time is: 560
[2019-08-28 05:31:39] spend time is: 560
[2019-08-28 05:31:49] spend time is: 570
[2019-08-28 05:31:49] spend time is: 570
[2019-08-28 05:31:49] spend time is: 570
[2019-08-28 05:31:49] spend time is: 570
[2019-08-28 05:31:49] spend time is: 570
[2019-08-28 05:31:49] spend time is: 570
[2019-08-28 05:31:49] spend time is: 570
[2019-08-28 05:31:49] spend time is: 570
[2019-08-28 05:31:59] spend time is: 580
[2019-08-28 05:31:59] spend time is: 580
[2019-08-28 05:31:59] spend time is: 580
[2019-08-28 05:31:59] spend time is: 580
[2019-08-28 05:31:59] spend time is: 580
[2019-08-28 05:31:59] spend time is: 580
[2019-08-28 05:31:59] spend time is: 580
[2019-08-28 05:31:59] spend time is: 580
[2019-08-28 05:32:09] spend time is: 590
[2019-08-28 05:32:09] spend time is: 590
[2019-08-28 05:32:09] spend time is: 590
[2019-08-28 05:32:09] spend time is: 590
[2019-08-28 05:32:09] spend time is: 590
[2019-08-28 05:32:09] spend time is: 590
[2019-08-28 05:32:09] spend time is: 590
[2019-08-28 05:32:09] spend time is: 590
[2019-08-28 05:32:19] spend time is: 600
Already up to date.
[gh-pages 0456240] Synchronizing completion at 2019-08-28
 3 files changed, 290 insertions(+), 1 deletion(-)
 rewrite kube-ops-view-1.1.0.tgz (97%)
To github.com:babyshen/helm-charts-mirror.git
   57cc789..0456240  gh-pages -> gh-pages
Branch 'gh-pages' set up to track remote branch 'gh-pages' from 'origin'.
[2019-08-28 05:32:29] spend time is: 610
[2019-08-28 05:32:29] spend time is: 610
[2019-08-28 05:32:29] spend time is: 610
[2019-08-28 05:32:29] spend time is: 610
[2019-08-28 05:32:29] spend time is: 610
[2019-08-28 05:32:29] spend time is: 610
[2019-08-28 05:32:29] spend time is: 610
[2019-08-28 05:32:29] spend time is: 610
[2019-08-28 05:32:39] spend time is: 620
[2019-08-28 05:32:39] spend time is: 620
[2019-08-28 05:32:39] spend time is: 620
[2019-08-28 05:32:39] spend time is: 620
[2019-08-28 05:32:39] spend time is: 620
[2019-08-28 05:32:39] spend time is: 620
[2019-08-28 05:32:39] spend time is: 620
[2019-08-28 05:32:39] spend time is: 620
[2019-08-28 05:32:49] spend time is: 630
[2019-08-28 05:32:49] spend time is: 630
[2019-08-28 05:32:49] spend time is: 630
[2019-08-28 05:32:49] spend time is: 630
[2019-08-28 05:32:49] spend time is: 630
[2019-08-28 05:32:49] spend time is: 630
[2019-08-28 05:32:49] spend time is: 630
[2019-08-28 05:32:49] spend time is: 630
[2019-08-28 05:32:59] spend time is: 640
[2019-08-28 05:32:59] spend time is: 640
[2019-08-28 05:32:59] spend time is: 640
[2019-08-28 05:32:59] spend time is: 640
[2019-08-28 05:32:59] spend time is: 640
[2019-08-28 05:32:59] spend time is: 640
[2019-08-28 05:32:59] spend time is: 640
[2019-08-28 05:33:09] spend time is: 650
[2019-08-28 05:33:09] spend time is: 650
[2019-08-28 05:33:09] spend time is: 650
[2019-08-28 05:33:09] spend time is: 650
[2019-08-28 05:33:09] spend time is: 650
[2019-08-28 05:33:09] spend time is: 650
[2019-08-28 05:33:09] spend time is: 650
[2019-08-28 05:33:19] spend time is: 660
[2019-08-28 05:33:19] spend time is: 660
[2019-08-28 05:33:19] spend time is: 660
[2019-08-28 05:33:19] spend time is: 660
[2019-08-28 05:33:19] spend time is: 660
[2019-08-28 05:33:19] spend time is: 660
[2019-08-28 05:33:19] spend time is: 660
[2019-08-28 05:33:29] spend time is: 670
[2019-08-28 05:33:29] spend time is: 670
[2019-08-28 05:33:29] spend time is: 670
[2019-08-28 05:33:29] spend time is: 670
[2019-08-28 05:33:29] spend time is: 670
[2019-08-28 05:33:29] spend time is: 670
[2019-08-28 05:33:29] spend time is: 670
[2019-08-28 05:33:39] spend time is: 680
[2019-08-28 05:33:39] spend time is: 680
[2019-08-28 05:33:39] spend time is: 680
[2019-08-28 05:33:39] spend time is: 680
[2019-08-28 05:33:39] spend time is: 680
[2019-08-28 05:33:39] spend time is: 680
[2019-08-28 05:33:39] spend time is: 680
[2019-08-28 05:33:49] spend time is: 690
[2019-08-28 05:33:49] spend time is: 690
[2019-08-28 05:33:49] spend time is: 690
[2019-08-28 05:33:49] spend time is: 690
[2019-08-28 05:33:49] spend time is: 690
[2019-08-28 05:33:49] spend time is: 690
[2019-08-28 05:33:49] spend time is: 690
[2019-08-28 05:33:49] spend time is: 690
[2019-08-28 05:33:59] spend time is: 700
[2019-08-28 05:33:59] spend time is: 700
[2019-08-28 05:33:59] spend time is: 700
[2019-08-28 05:33:59] spend time is: 700
[2019-08-28 05:33:59] spend time is: 700
[2019-08-28 05:33:59] spend time is: 700
[2019-08-28 05:33:59] spend time is: 700
[2019-08-28 05:33:59] spend time is: 700
[2019-08-28 05:34:09] spend time is: 710
[2019-08-28 05:34:09] spend time is: 710
[2019-08-28 05:34:09] spend time is: 710
[2019-08-28 05:34:09] spend time is: 710
[2019-08-28 05:34:09] spend time is: 710
[2019-08-28 05:34:09] spend time is: 710
[2019-08-28 05:34:09] spend time is: 710
[2019-08-28 05:34:17] prestashop-8.1.3.tgz update done.
[2019-08-28 05:34:19] spend time is: 720
[2019-08-28 05:34:19] spend time is: 720
[2019-08-28 05:34:19] spend time is: 720
[2019-08-28 05:34:19] spend time is: 720
[2019-08-28 05:34:19] spend time is: 720
[2019-08-28 05:34:19] spend time is: 720
[2019-08-28 05:34:19] spend time is: 720
[2019-08-28 05:34:29] spend time is: 730
[2019-08-28 05:34:29] spend time is: 730
[2019-08-28 05:34:29] spend time is: 730
[2019-08-28 05:34:29] spend time is: 730
[2019-08-28 05:34:29] spend time is: 730
[2019-08-28 05:34:29] spend time is: 730
[2019-08-28 05:34:29] spend time is: 730
[2019-08-28 05:34:29] spend time is: 730
[2019-08-28 05:34:39] spend time is: 740
[2019-08-28 05:34:39] spend time is: 740
[2019-08-28 05:34:39] spend time is: 740
[2019-08-28 05:34:39] spend time is: 740
[2019-08-28 05:34:39] spend time is: 740
[2019-08-28 05:34:39] spend time is: 740
[2019-08-28 05:34:39] spend time is: 740
[2019-08-28 05:34:49] spend time is: 750
[2019-08-28 05:34:49] spend time is: 750
[2019-08-28 05:34:49] spend time is: 750
[2019-08-28 05:34:49] spend time is: 750
[2019-08-28 05:34:49] spend time is: 750
[2019-08-28 05:34:49] spend time is: 750
[2019-08-28 05:34:49] spend time is: 750
[2019-08-28 05:34:49] spend time is: 750
[2019-08-28 05:34:59] spend time is: 760
[2019-08-28 05:34:59] spend time is: 760
[2019-08-28 05:34:59] spend time is: 760
[2019-08-28 05:34:59] spend time is: 760
[2019-08-28 05:34:59] spend time is: 760
[2019-08-28 05:34:59] spend time is: 760
[2019-08-28 05:34:59] spend time is: 760
[2019-08-28 05:35:09] spend time is: 770
[2019-08-28 05:35:09] spend time is: 770
[2019-08-28 05:35:09] spend time is: 770
[2019-08-28 05:35:09] spend time is: 770
[2019-08-28 05:35:09] spend time is: 770
[2019-08-28 05:35:09] spend time is: 770
[2019-08-28 05:35:09] spend time is: 770
[2019-08-28 05:35:10] spend time is: 770
[2019-08-28 05:35:19] spend time is: 780
[2019-08-28 05:35:19] spend time is: 780
[2019-08-28 05:35:19] spend time is: 780
[2019-08-28 05:35:19] spend time is: 780
[2019-08-28 05:35:19] spend time is: 780
[2019-08-28 05:35:19] spend time is: 780
[2019-08-28 05:35:19] spend time is: 780
[2019-08-28 05:35:19] spend time is: 780
[2019-08-28 05:35:29] spend time is: 790
[2019-08-28 05:35:29] spend time is: 790
[2019-08-28 05:35:29] spend time is: 790
[2019-08-28 05:35:29] spend time is: 790
[2019-08-28 05:35:29] spend time is: 790
[2019-08-28 05:35:29] spend time is: 790
[2019-08-28 05:35:29] spend time is: 790
[2019-08-28 05:35:29] spend time is: 790
[2019-08-28 05:35:39] spend time is: 800
[2019-08-28 05:35:39] spend time is: 800
[2019-08-28 05:35:39] spend time is: 800
[2019-08-28 05:35:39] spend time is: 800
[2019-08-28 05:35:39] spend time is: 800
[2019-08-28 05:35:39] spend time is: 800
[2019-08-28 05:35:39] spend time is: 800
[2019-08-28 05:35:49] spend time is: 810
[2019-08-28 05:35:49] spend time is: 810
[2019-08-28 05:35:49] spend time is: 810
[2019-08-28 05:35:49] spend time is: 810
[2019-08-28 05:35:49] spend time is: 810
[2019-08-28 05:35:49] spend time is: 810
[2019-08-28 05:35:49] spend time is: 810
[2019-08-28 05:35:49] spend time is: 810
[2019-08-28 05:35:59] spend time is: 820
[2019-08-28 05:35:59] spend time is: 820
[2019-08-28 05:35:59] spend time is: 820
[2019-08-28 05:35:59] spend time is: 820
[2019-08-28 05:35:59] spend time is: 820
[2019-08-28 05:35:59] spend time is: 820
[2019-08-28 05:35:59] spend time is: 820
[2019-08-28 05:36:05] redis-9.1.3.tgz update done.
[2019-08-28 05:36:09] spend time is: 830
[2019-08-28 05:36:09] spend time is: 830
[2019-08-28 05:36:09] spend time is: 830
[2019-08-28 05:36:09] spend time is: 830
[2019-08-28 05:36:09] spend time is: 830
[2019-08-28 05:36:09] spend time is: 830
[2019-08-28 05:36:09] spend time is: 830
[2019-08-28 05:36:19] spend time is: 840
[2019-08-28 05:36:19] spend time is: 840
[2019-08-28 05:36:19] spend time is: 840
[2019-08-28 05:36:19] spend time is: 840
[2019-08-28 05:36:19] spend time is: 840
[2019-08-28 05:36:19] spend time is: 840
[2019-08-28 05:36:19] spend time is: 840
[2019-08-28 05:36:29] spend time is: 850
[2019-08-28 05:36:29] spend time is: 850
[2019-08-28 05:36:29] spend time is: 850
[2019-08-28 05:36:29] spend time is: 850
[2019-08-28 05:36:29] spend time is: 850
[2019-08-28 05:36:29] spend time is: 850
[2019-08-28 05:36:29] spend time is: 850
[2019-08-28 05:36:29] spend time is: 850
[2019-08-28 05:36:39] spend time is: 860
[2019-08-28 05:36:39] spend time is: 860
[2019-08-28 05:36:39] spend time is: 860
[2019-08-28 05:36:39] spend time is: 860
[2019-08-28 05:36:39] spend time is: 860
[2019-08-28 05:36:39] spend time is: 860
[2019-08-28 05:36:39] spend time is: 860
[2019-08-28 05:36:39] spend time is: 860
[2019-08-28 05:36:49] spend time is: 870
[2019-08-28 05:36:49] spend time is: 870
[2019-08-28 05:36:49] spend time is: 870
[2019-08-28 05:36:49] spend time is: 870
[2019-08-28 05:36:49] spend time is: 870
[2019-08-28 05:36:49] spend time is: 870
[2019-08-28 05:36:49] spend time is: 870
[2019-08-28 05:36:51] rocketchat-1.1.11.tgz update done.
[2019-08-28 05:36:59] spend time is: 880
[2019-08-28 05:36:59] spend time is: 880
[2019-08-28 05:36:59] spend time is: 880
[2019-08-28 05:36:59] spend time is: 880
[2019-08-28 05:36:59] spend time is: 880
[2019-08-28 05:36:59] spend time is: 880
[2019-08-28 05:36:59] spend time is: 880
[2019-08-28 05:36:59] spend time is: 880
[2019-08-28 05:37:09] spend time is: 890
[2019-08-28 05:37:09] spend time is: 890
[2019-08-28 05:37:09] spend time is: 890
[2019-08-28 05:37:09] spend time is: 890
[2019-08-28 05:37:09] spend time is: 890
[2019-08-28 05:37:09] spend time is: 890
[2019-08-28 05:37:09] spend time is: 890
[2019-08-28 05:37:09] spend time is: 890
[2019-08-28 05:37:19] spend time is: 900
Warning: Permanently added the RSA host key for IP address '192.30.253.112' to the list of known hosts.
Already up to date.
