Fetching origin
Warning: Permanently added the RSA host key for IP address '192.30.253.112' to the list of known hosts.
From github.com:babyshen/helm-charts-mirror
 * [new branch]      gh-pages   -> origin/gh-pages
 * [new branch]      master     -> origin/master
Previous HEAD position was 6f4bc38... restore bug
Switched to a new branch 'gh-pages'
Branch 'gh-pages' set up to track remote branch 'gh-pages' from 'origin'.
Already up to date.
Branch 'gh-pages' set up to track remote branch 'gh-pages' from 'origin'.
  % Total    % Received % Xferd  Average Speed   Time    Time     Time  Current
                                 Dload  Upload   Total   Spent    Left  Speed
  0     0    0     0    0     0      0      0 --:--:-- --:--:-- --:--:--     0100 3681k  100 3681k    0     0  13.2M      0 --:--:-- --:--:-- --:--:-- 13.2M
[2019-01-24 03:31:38] airflow-0.13.0.tgz update done.
[2019-01-24 03:31:38] spend time is: 30
[2019-01-24 03:31:38] spend time is: 30
[2019-01-24 03:31:38] spend time is: 30
[2019-01-24 03:31:38] spend time is: 30
[2019-01-24 03:31:38] spend time is: 30
[2019-01-24 03:31:38] spend time is: 30
[2019-01-24 03:31:38] spend time is: 30
[2019-01-24 03:31:38] anchore-engine-0.10.0.tgz update done.
[2019-01-24 03:31:38] spend time is: 30
[2019-01-24 03:31:38] spend time is: 30
[2019-01-24 03:31:38] spend time is: 30
[2019-01-24 03:31:38] spend time is: 30
[2019-01-24 03:31:38] spend time is: 30
[2019-01-24 03:31:38] spend time is: 30
[2019-01-24 03:31:38] spend time is: 30
[2019-01-24 03:31:47] cert-manager-v0.6.0.tgz update done.
[2019-01-24 03:31:48] spend time is: 40
[2019-01-24 03:31:48] spend time is: 40
[2019-01-24 03:31:48] spend time is: 40
[2019-01-24 03:31:48] chaoskube-0.14.0.tgz update done.
[2019-01-24 03:31:48] spend time is: 40
[2019-01-24 03:31:48] spend time is: 40
[2019-01-24 03:31:48] spend time is: 40
[2019-01-24 03:31:48] spend time is: 40
[2019-01-24 03:31:48] spend time is: 40
[2019-01-24 03:31:48] spend time is: 40
[2019-01-24 03:31:48] spend time is: 40
[2019-01-24 03:31:48] spend time is: 40
[2019-01-24 03:31:49] chartmuseum-1.9.0.tgz update done.
[2019-01-24 03:31:53] cluster-overprovisioner-0.1.0.tgz update done.
[2019-01-24 03:31:58] spend time is: 50
[2019-01-24 03:31:58] spend time is: 50
[2019-01-24 03:31:58] spend time is: 50
[2019-01-24 03:31:58] spend time is: 50
[2019-01-24 03:31:58] spend time is: 50
[2019-01-24 03:31:58] spend time is: 50
[2019-01-24 03:31:58] spend time is: 50
[2019-01-24 03:31:58] spend time is: 50
[2019-01-24 03:31:58] spend time is: 50
[2019-01-24 03:31:58] spend time is: 50
[2019-01-24 03:31:58] spend time is: 50
[2019-01-24 03:31:58] spend time is: 50
[2019-01-24 03:31:58] spend time is: 50
[2019-01-24 03:31:58] spend time is: 50
[2019-01-24 03:31:58] spend time is: 50
[2019-01-24 03:32:07] datadog-1.17.0.tgz update done.
[2019-01-24 03:32:08] spend time is: 60
[2019-01-24 03:32:08] spend time is: 60
[2019-01-24 03:32:08] spend time is: 60
[2019-01-24 03:32:08] spend time is: 60
[2019-01-24 03:32:08] spend time is: 60
[2019-01-24 03:32:08] spend time is: 60
[2019-01-24 03:32:08] spend time is: 60
[2019-01-24 03:32:08] spend time is: 60
[2019-01-24 03:32:08] spend time is: 60
[2019-01-24 03:32:08] spend time is: 60
[2019-01-24 03:32:08] spend time is: 60
[2019-01-24 03:32:08] spend time is: 60
[2019-01-24 03:32:08] spend time is: 60
[2019-01-24 03:32:08] spend time is: 60
[2019-01-24 03:32:08] spend time is: 60
[2019-01-24 03:32:08] spend time is: 60
[2019-01-24 03:32:13] docker-registry-1.6.4.tgz update done.
[2019-01-24 03:32:17] drone-2.0.0-rc.1.tgz update done.
[2019-01-24 03:32:18] spend time is: 70
[2019-01-24 03:32:18] spend time is: 70
[2019-01-24 03:32:18] spend time is: 70
[2019-01-24 03:32:18] spend time is: 70
[2019-01-24 03:32:18] spend time is: 70
[2019-01-24 03:32:18] spend time is: 70
[2019-01-24 03:32:18] spend time is: 70
[2019-01-24 03:32:18] spend time is: 70
[2019-01-24 03:32:18] spend time is: 70
[2019-01-24 03:32:18] spend time is: 70
[2019-01-24 03:32:18] spend time is: 70
[2019-01-24 03:32:18] spend time is: 70
[2019-01-24 03:32:18] spend time is: 70
[2019-01-24 03:32:18] spend time is: 70
[2019-01-24 03:32:18] spend time is: 70
[2019-01-24 03:32:23] efs-provisioner-0.1.4.tgz update done.
[2019-01-24 03:32:23] efs-provisioner-0.1.3.tgz update done.
[2019-01-24 03:32:25] elastic-stack-1.4.1.tgz update done.
[2019-01-24 03:32:28] spend time is: 80
[2019-01-24 03:32:28] spend time is: 80
[2019-01-24 03:32:28] spend time is: 80
[2019-01-24 03:32:28] spend time is: 80
[2019-01-24 03:32:28] spend time is: 80
[2019-01-24 03:32:28] spend time is: 80
[2019-01-24 03:32:28] spend time is: 80
[2019-01-24 03:32:28] spend time is: 80
[2019-01-24 03:32:28] spend time is: 80
[2019-01-24 03:32:28] spend time is: 80
[2019-01-24 03:32:28] spend time is: 80
[2019-01-24 03:32:28] spend time is: 80
[2019-01-24 03:32:28] spend time is: 80
[2019-01-24 03:32:28] spend time is: 80
[2019-01-24 03:32:28] spend time is: 80
[2019-01-24 03:32:28] spend time is: 80
[2019-01-24 03:32:38] spend time is: 90
[2019-01-24 03:32:38] spend time is: 90
[2019-01-24 03:32:38] spend time is: 90
[2019-01-24 03:32:38] spend time is: 90
[2019-01-24 03:32:38] spend time is: 90
[2019-01-24 03:32:38] spend time is: 90
[2019-01-24 03:32:38] spend time is: 90
[2019-01-24 03:32:38] spend time is: 90
[2019-01-24 03:32:38] spend time is: 90
[2019-01-24 03:32:38] spend time is: 90
[2019-01-24 03:32:38] spend time is: 90
[2019-01-24 03:32:38] spend time is: 90
[2019-01-24 03:32:39] spend time is: 90
[2019-01-24 03:32:39] spend time is: 90
[2019-01-24 03:32:44] ghost-6.3.5.tgz update done.
[2019-01-24 03:32:48] spend time is: 100
[2019-01-24 03:32:48] spend time is: 100
[2019-01-24 03:32:48] spend time is: 100
[2019-01-24 03:32:48] spend time is: 100
[2019-01-24 03:32:48] spend time is: 100
[2019-01-24 03:32:48] spend time is: 100
[2019-01-24 03:32:48] spend time is: 100
[2019-01-24 03:32:48] spend time is: 100
[2019-01-24 03:32:48] spend time is: 100
[2019-01-24 03:32:48] spend time is: 100
[2019-01-24 03:32:48] spend time is: 100
[2019-01-24 03:32:48] spend time is: 100
[2019-01-24 03:32:48] spend time is: 100
[2019-01-24 03:32:48] spend time is: 100
[2019-01-24 03:32:48] spend time is: 100
[2019-01-24 03:32:48] spend time is: 100
[2019-01-24 03:32:57] grafana-1.25.2.tgz update done.
[2019-01-24 03:32:57] grafana-1.25.3.tgz update done.
[2019-01-24 03:32:58] spend time is: 110
[2019-01-24 03:32:58] spend time is: 110
[2019-01-24 03:32:58] spend time is: 110
[2019-01-24 03:32:58] spend time is: 110
[2019-01-24 03:32:58] spend time is: 110
[2019-01-24 03:32:58] spend time is: 110
[2019-01-24 03:32:58] spend time is: 110
[2019-01-24 03:32:58] spend time is: 110
[2019-01-24 03:32:58] spend time is: 110
[2019-01-24 03:32:58] spend time is: 110
[2019-01-24 03:32:58] spend time is: 110
[2019-01-24 03:32:58] spend time is: 110
[2019-01-24 03:32:58] spend time is: 110
[2019-01-24 03:32:58] spend time is: 110
[2019-01-24 03:33:08] spend time is: 120
[2019-01-24 03:33:08] spend time is: 120
[2019-01-24 03:33:08] spend time is: 120
[2019-01-24 03:33:08] spend time is: 120
[2019-01-24 03:33:08] spend time is: 120
[2019-01-24 03:33:08] spend time is: 120
[2019-01-24 03:33:08] spend time is: 120
[2019-01-24 03:33:08] spend time is: 120
[2019-01-24 03:33:08] spend time is: 120
[2019-01-24 03:33:08] spend time is: 120
[2019-01-24 03:33:08] spend time is: 120
[2019-01-24 03:33:08] hoard-0.6.0.tgz update done.
[2019-01-24 03:33:08] spend time is: 120
[2019-01-24 03:33:08] spend time is: 120
[2019-01-24 03:33:08] spend time is: 120
[2019-01-24 03:33:08] spend time is: 120
[2019-01-24 03:33:09] spend time is: 120
[2019-01-24 03:33:13] janusgraph-0.2.0.tgz update done.
[2019-01-24 03:33:18] spend time is: 130
[2019-01-24 03:33:18] spend time is: 130
[2019-01-24 03:33:18] spend time is: 130
[2019-01-24 03:33:18] spend time is: 130
[2019-01-24 03:33:18] spend time is: 130
[2019-01-24 03:33:18] spend time is: 130
[2019-01-24 03:33:18] spend time is: 130
[2019-01-24 03:33:18] spend time is: 130
[2019-01-24 03:33:18] spend time is: 130
[2019-01-24 03:33:18] spend time is: 130
[2019-01-24 03:33:18] spend time is: 130
[2019-01-24 03:33:18] spend time is: 130
[2019-01-24 03:33:18] spend time is: 130
[2019-01-24 03:33:18] spend time is: 130
[2019-01-24 03:33:28] [2019-01-24 03:33:28] spend time is: 140
spend time is: 140
[2019-01-24 03:33:28] spend time is: 140
[2019-01-24 03:33:28] spend time is: 140
[2019-01-24 03:33:28] spend time is: 140
[2019-01-24 03:33:28] spend time is: 140
[2019-01-24 03:33:28] spend time is: 140
[2019-01-24 03:33:28] spend time is: 140
[2019-01-24 03:33:28] spend time is: 140
[2019-01-24 03:33:28] spend time is: 140
[2019-01-24 03:33:28] spend time is: 140
[2019-01-24 03:33:28] spend time is: 140
[2019-01-24 03:33:28] spend time is: 140
[2019-01-24 03:33:28] spend time is: 140
[2019-01-24 03:33:28] spend time is: 140
[2019-01-24 03:33:28] spend time is: 140
[2019-01-24 03:33:31] kiam-2.0.1-rc5.tgz update done.
[2019-01-24 03:33:38] spend time is: 150
[2019-01-24 03:33:38] spend time is: 150
[2019-01-24 03:33:38] spend time is: 150
[2019-01-24 03:33:38] spend time is: 150
[2019-01-24 03:33:38] spend time is: 150
[2019-01-24 03:33:38] spend time is: 150
[2019-01-24 03:33:38] spend time is: 150
[2019-01-24 03:33:38] spend time is: 150
[2019-01-24 03:33:38] spend time is: 150
[2019-01-24 03:33:38] spend time is: 150
[2019-01-24 03:33:38] spend time is: 150
[2019-01-24 03:33:38] spend time is: 150
[2019-01-24 03:33:38] spend time is: 150
[2019-01-24 03:33:38] spend time is: 150
[2019-01-24 03:33:38] spend time is: 150
[2019-01-24 03:33:38] spend time is: 150
[2019-01-24 03:33:39] kube-ops-view-0.7.0.tgz update done.
[2019-01-24 03:33:48] spend time is: 160
[2019-01-24 03:33:48] spend time is: 160
[2019-01-24 03:33:48] spend time is: 160
[2019-01-24 03:33:48] spend time is: 160
[2019-01-24 03:33:48] spend time is: 160
[2019-01-24 03:33:48] spend time is: 160
[2019-01-24 03:33:48] spend time is: 160
[2019-01-24 03:33:48] spend time is: 160
[2019-01-24 03:33:48] spend time is: 160
[2019-01-24 03:33:48] spend time is: 160
[2019-01-24 03:33:48] spend time is: 160
[2019-01-24 03:33:48] spend time is: 160
[2019-01-24 03:33:48] spend time is: 160
[2019-01-24 03:33:48] spend time is: 160
[2019-01-24 03:33:58] spend time is: 170
[2019-01-24 03:33:58] spend time is: 170
[2019-01-24 03:33:58] spend time is: 170
[2019-01-24 03:33:58] spend time is: 170
[2019-01-24 03:33:58] spend time is: 170
[2019-01-24 03:33:58] spend time is: 170
[2019-01-24 03:33:58] spend time is: 170
[2019-01-24 03:33:58] spend time is: 170
[2019-01-24 03:33:58] spend time is: 170
[2019-01-24 03:33:58] spend time is: 170
[2019-01-24 03:33:58] spend time is: 170
[2019-01-24 03:33:58] spend time is: 170
[2019-01-24 03:33:58] spend time is: 170
[2019-01-24 03:33:58] spend time is: 170
[2019-01-24 03:33:58] spend time is: 170
[2019-01-24 03:34:02] mediawiki-6.0.2.tgz update done.
[2019-01-24 03:34:08] spend time is: 180
[2019-01-24 03:34:08] spend time is: 180
[2019-01-24 03:34:08] spend time is: 180
[2019-01-24 03:34:08] spend time is: 180
[2019-01-24 03:34:08] spend time is: 180
[2019-01-24 03:34:08] spend time is: 180
[2019-01-24 03:34:08] spend time is: 180
[2019-01-24 03:34:08] spend time is: 180
[2019-01-24 03:34:08] spend time is: 180
[2019-01-24 03:34:08] spend time is: 180
[2019-01-24 03:34:08] spend time is: 180
[2019-01-24 03:34:08] spend time is: 180
[2019-01-24 03:34:08] spend time is: 180
[2019-01-24 03:34:08] spend time is: 180
[2019-01-24 03:34:08] spend time is: 180
[2019-01-24 03:34:09] spend time is: 180
[2019-01-24 03:34:09] spend time is: 180
[2019-01-24 03:34:14] mission-control-0.4.3.tgz update done.
[2019-01-24 03:34:18] spend time is: 190
[2019-01-24 03:34:18] spend time is: 190
[2019-01-24 03:34:18] spend time is: 190
[2019-01-24 03:34:18] spend time is: 190
[2019-01-24 03:34:18] spend time is: 190
[2019-01-24 03:34:18] spend time is: 190
[2019-01-24 03:34:18] spend time is: 190
[2019-01-24 03:34:18] spend time is: 190
[2019-01-24 03:34:18] spend time is: 190
[2019-01-24 03:34:18] spend time is: 190
[2019-01-24 03:34:18] spend time is: 190
[2019-01-24 03:34:18] spend time is: 190
[2019-01-24 03:34:18] spend time is: 190
[2019-01-24 03:34:18] spend time is: 190
[2019-01-24 03:34:18] spend time is: 190
[2019-01-24 03:34:18] spend time is: 190
[2019-01-24 03:34:28] spend time is: 200
[2019-01-24 03:34:28] spend time is: 200
[2019-01-24 03:34:28] spend time is: 200
[2019-01-24 03:34:28] spend time is: 200
[2019-01-24 03:34:28] spend time is: 200
[2019-01-24 03:34:28] spend time is: 200
[2019-01-24 03:34:28] spend time is: 200
[2019-01-24 03:34:28] spend time is: 200
[2019-01-24 03:34:28] spend time is: 200
[2019-01-24 03:34:28] spend time is: 200
[2019-01-24 03:34:28] spend time is: 200
[2019-01-24 03:34:28] spend time is: 200
[2019-01-24 03:34:28] spend time is: 200
[2019-01-24 03:34:28] spend time is: 200
[2019-01-24 03:34:28] spend time is: 200
[2019-01-24 03:34:29] spend time is: 200
[2019-01-24 03:34:32] mysqldump-2.1.2.tgz update done.
[2019-01-24 03:34:37] nginx-ingress-1.1.5.tgz update done.
[2019-01-24 03:34:38] spend time is: 210
[2019-01-24 03:34:38] spend time is: 210
[2019-01-24 03:34:38] spend time is: 210
[2019-01-24 03:34:38] spend time is: 210
[2019-01-24 03:34:38] spend time is: 210
[2019-01-24 03:34:38] spend time is: 210
[2019-01-24 03:34:38] spend time is: 210
[2019-01-24 03:34:38] spend time is: 210
[2019-01-24 03:34:38] spend time is: 210
[2019-01-24 03:34:38] spend time is: 210
[2019-01-24 03:34:38] spend time is: 210
[2019-01-24 03:34:38] spend time is: 210
[2019-01-24 03:34:38] spend time is: 210
[2019-01-24 03:34:38] spend time is: 210
[2019-01-24 03:34:39] spend time is: 210
[2019-01-24 03:34:45] node-red-1.0.2.tgz update done.
[2019-01-24 03:34:48] spend time is: 220
[2019-01-24 03:34:48] spend time is: 220
[2019-01-24 03:34:48] spend time is: 220
[2019-01-24 03:34:48] spend time is: 220
[2019-01-24 03:34:48] spend time is: 220
[2019-01-24 03:34:48] spend time is: 220
[2019-01-24 03:34:48] spend time is: 220
[2019-01-24 03:34:48] spend time is: 220
[2019-01-24 03:34:48] spend time is: 220
[2019-01-24 03:34:48] spend time is: 220
[2019-01-24 03:34:48] spend time is: 220
[2019-01-24 03:34:48] spend time is: 220
[2019-01-24 03:34:48] spend time is: 220
[2019-01-24 03:34:48] spend time is: 220
[2019-01-24 03:34:48] spend time is: 220
[2019-01-24 03:34:50] opa-0.2.0.tgz update done.
[2019-01-24 03:34:58] spend time is: 230
[2019-01-24 03:34:58] spend time is: 230
[2019-01-24 03:34:58] spend time is: 230
[2019-01-24 03:34:58] spend time is: 230
[2019-01-24 03:34:58] spend time is: 230
[2019-01-24 03:34:58] spend time is: 230
[2019-01-24 03:34:58] spend time is: 230
[2019-01-24 03:34:58] spend time is: 230
[2019-01-24 03:34:58] spend time is: 230
[2019-01-24 03:34:58] spend time is: 230
[2019-01-24 03:34:58] spend time is: 230
[2019-01-24 03:34:58] spend time is: 230
[2019-01-24 03:34:58] spend time is: 230
[2019-01-24 03:34:58] spend time is: 230
[2019-01-24 03:34:58] spend time is: 230
[2019-01-24 03:35:08] spend time is: 240
[2019-01-24 03:35:08] spend time is: 240
[2019-01-24 03:35:08] spend time is: 240
[2019-01-24 03:35:08] spend time is: 240
[2019-01-24 03:35:08] spend time is: 240
[2019-01-24 03:35:08] spend time is: 240
[2019-01-24 03:35:08] spend time is: 240
[2019-01-24 03:35:08] spend time is: 240
[2019-01-24 03:35:08] spend time is: 240
[2019-01-24 03:35:08] spend time is: 240
[2019-01-24 03:35:08] spend time is: 240
[2019-01-24 03:35:08] spend time is: 240
[2019-01-24 03:35:08] spend time is: 240
[2019-01-24 03:35:08] spend time is: 240
[2019-01-24 03:35:08] spend time is: 240
[2019-01-24 03:35:08] spend time is: 240
[2019-01-24 03:35:18] spend time is: 250
[2019-01-24 03:35:18] spend time is: 250
[2019-01-24 03:35:18] spend time is: 250
[2019-01-24 03:35:18] spend time is: 250
[2019-01-24 03:35:18] spend time is: 250
[2019-01-24 03:35:18] spend time is: 250
[2019-01-24 03:35:18] spend time is: 250
[2019-01-24 03:35:18] spend time is: 250
[2019-01-24 03:35:18] spend time is: 250
[2019-01-24 03:35:18] spend time is: 250
[2019-01-24 03:35:18] spend time is: 250
[2019-01-24 03:35:18] spend time is: 250
[2019-01-24 03:35:18] spend time is: 250
[2019-01-24 03:35:18] spend time is: 250
[2019-01-24 03:35:18] spend time is: 250
[2019-01-24 03:35:18] spend time is: 250
[2019-01-24 03:35:22] postgresql-3.9.3.tgz update done.
[2019-01-24 03:35:28] spend time is: 260
[2019-01-24 03:35:28] spend time is: 260
[2019-01-24 03:35:28] spend time is: 260
[2019-01-24 03:35:28] spend time is: 260
[2019-01-24 03:35:28] spend time is: 260
[2019-01-24 03:35:28] spend time is: 260
[2019-01-24 03:35:28] spend time is: 260
[2019-01-24 03:35:28] spend time is: 260
[2019-01-24 03:35:28] spend time is: 260
[2019-01-24 03:35:28] spend time is: 260
[2019-01-24 03:35:28] spend time is: 260
[2019-01-24 03:35:28] spend time is: 260
[2019-01-24 03:35:28] spend time is: 260
[2019-01-24 03:35:28] spend time is: 260
[2019-01-24 03:35:29] spend time is: 260
[2019-01-24 03:35:38] spend time is: 270
[2019-01-24 03:35:38] spend time is: 270
[2019-01-24 03:35:38] spend time is: 270
[2019-01-24 03:35:38] spend time is: 270
[2019-01-24 03:35:38] spend time is: 270
[2019-01-24 03:35:38] spend time is: 270
[2019-01-24 03:35:38] spend time is: 270
[2019-01-24 03:35:38] spend time is: 270
[2019-01-24 03:35:38] spend time is: 270
[2019-01-24 03:35:38] spend time is: 270
[2019-01-24 03:35:38] spend time is: 270
[2019-01-24 03:35:38] spend time is: 270
[2019-01-24 03:35:38] spend time is: 270
[2019-01-24 03:35:38] spend time is: 270
[2019-01-24 03:35:38] spend time is: 270
[2019-01-24 03:35:38] spend time is: 270
[2019-01-24 03:35:39] spend time is: 270
[2019-01-24 03:35:45] prometheus-operator-1.8.0.tgz update done.
[2019-01-24 03:35:48] spend time is: 280
[2019-01-24 03:35:48] spend time is: 280
[2019-01-24 03:35:48] spend time is: 280
[2019-01-24 03:35:48] spend time is: 280
[2019-01-24 03:35:48] spend time is: 280
[2019-01-24 03:35:48] spend time is: 280
[2019-01-24 03:35:48] spend time is: 280
[2019-01-24 03:35:48] spend time is: 280
[2019-01-24 03:35:48] spend time is: 280
[2019-01-24 03:35:48] spend time is: 280
[2019-01-24 03:35:48] spend time is: 280
[2019-01-24 03:35:48] spend time is: 280
[2019-01-24 03:35:48] spend time is: 280
[2019-01-24 03:35:48] spend time is: 280
[2019-01-24 03:35:48] spend time is: 280
[2019-01-24 03:35:58] spend time is: 290
[2019-01-24 03:35:58] spend time is: 290
[2019-01-24 03:35:58] spend time is: 290
[2019-01-24 03:35:58] spend time is: 290
[2019-01-24 03:35:58] spend time is: 290
[2019-01-24 03:35:58] spend time is: 290
[2019-01-24 03:35:58] spend time is: 290
[2019-01-24 03:35:58] spend time is: 290
[2019-01-24 03:35:58] spend time is: 290
[2019-01-24 03:35:58] spend time is: 290
[2019-01-24 03:35:58] spend time is: 290
[2019-01-24 03:35:58] spend time is: 290
[2019-01-24 03:35:58] spend time is: 290
[2019-01-24 03:35:58] spend time is: 290
[2019-01-24 03:35:58] spend time is: 290
[2019-01-24 03:35:59] spend time is: 290
[2019-01-24 03:35:59] spend time is: 290
[2019-01-24 03:36:08] spend time is: 300
[2019-01-24 03:36:08] spend time is: 300
[2019-01-24 03:36:08] spend time is: 300
[2019-01-24 03:36:08] spend time is: 300
Warning: Permanently added the RSA host key for IP address '192.30.253.113' to the list of known hosts.
Already up to date.
