Fetching origin
Warning: Permanently added the RSA host key for IP address '192.30.253.112' to the list of known hosts.
From github.com:babyshen/helm-charts-mirror
 * [new branch]      gh-pages   -> origin/gh-pages
 * [new branch]      master     -> origin/master
Previous HEAD position was 6f4bc38 restore bug
Switched to a new branch 'gh-pages'
Branch 'gh-pages' set up to track remote branch 'gh-pages' from 'origin'.
Already up to date.
Branch 'gh-pages' set up to track remote branch 'gh-pages' from 'origin'.
  % Total    % Received % Xferd  Average Speed   Time    Time     Time  Current
                                 Dload  Upload   Total   Spent    Left  Speed
  0     0    0     0    0     0      0      0 --:--:-- --:--:-- --:--:--     0100 5964k  100 5964k    0     0  55.2M      0 --:--:-- --:--:-- --:--:-- 55.4M
[2019-08-23 05:21:10] spend time is: 50
[2019-08-23 05:21:10] spend time is: 50
[2019-08-23 05:21:10] spend time is: 50
[2019-08-23 05:21:10] spend time is: 50
[2019-08-23 05:21:10] spend time is: 50
[2019-08-23 05:21:10] spend time is: 50
[2019-08-23 05:21:10] spend time is: 50
[2019-08-23 05:21:10] spend time is: 50
[2019-08-23 05:21:20] spend time is: 60
[2019-08-23 05:21:20] spend time is: 60
[2019-08-23 05:21:20] spend time is: 60
[2019-08-23 05:21:20] spend time is: 60
[2019-08-23 05:21:20] spend time is: 60
[2019-08-23 05:21:20] spend time is: 60
[2019-08-23 05:21:20] spend time is: 60
[2019-08-23 05:21:20] spend time is: 60
[2019-08-23 05:21:20] spend time is: 60
[2019-08-23 05:21:20] spend time is: 60
[2019-08-23 05:21:21] anchore-engine-1.2.1.tgz update done.
[2019-08-23 05:21:21] spend time is: 60
[2019-08-23 05:21:30] spend time is: 70
[2019-08-23 05:21:30] spend time is: 70
[2019-08-23 05:21:30] spend time is: 70
[2019-08-23 05:21:30] spend time is: 70
[2019-08-23 05:21:30] spend time is: 70
[2019-08-23 05:21:30] spend time is: 70
[2019-08-23 05:21:30] spend time is: 70
[2019-08-23 05:21:30] spend time is: 70
[2019-08-23 05:21:30] spend time is: 70
[2019-08-23 05:21:30] spend time is: 70
[2019-08-23 05:21:40] spend time is: 80
[2019-08-23 05:21:40] spend time is: 80
[2019-08-23 05:21:40] spend time is: 80
[2019-08-23 05:21:40] spend time is: 80
[2019-08-23 05:21:40] spend time is: 80
[2019-08-23 05:21:40] spend time is: 80
[2019-08-23 05:21:40] spend time is: 80
[2019-08-23 05:21:40] spend time is: 80
[2019-08-23 05:21:40] spend time is: 80
[2019-08-23 05:21:40] spend time is: 80
[2019-08-23 05:21:40] spend time is: 80
[2019-08-23 05:21:41] spend time is: 80
[2019-08-23 05:21:50] spend time is: 90
[2019-08-23 05:21:50] spend time is: 90
[2019-08-23 05:21:50] spend time is: 90
[2019-08-23 05:21:50] spend time is: 90
[2019-08-23 05:21:50] spend time is: 90
[2019-08-23 05:21:50] spend time is: 90
[2019-08-23 05:21:50] spend time is: 90
[2019-08-23 05:21:50] spend time is: 90
[2019-08-23 05:21:50] spend time is: 90
[2019-08-23 05:21:50] spend time is: 90
[2019-08-23 05:22:00] spend time is: 100
[2019-08-23 05:22:00] spend time is: 100
[2019-08-23 05:22:00] spend time is: 100
[2019-08-23 05:22:00] spend time is: 100
[2019-08-23 05:22:00] spend time is: 100
[2019-08-23 05:22:00] spend time is: 100
[2019-08-23 05:22:00] spend time is: 100
[2019-08-23 05:22:00] spend time is: 100
[2019-08-23 05:22:10] spend time is: 110
[2019-08-23 05:22:10] spend time is: 110
[2019-08-23 05:22:10] spend time is: 110
[2019-08-23 05:22:10] spend time is: 110
[2019-08-23 05:22:10] spend time is: 110
[2019-08-23 05:22:10] spend time is: 110
[2019-08-23 05:22:10] spend time is: 110
[2019-08-23 05:22:10] spend time is: 110
[2019-08-23 05:22:10] spend time is: 110
[2019-08-23 05:22:20] spend time is: 120
[2019-08-23 05:22:20] spend time is: 120
[2019-08-23 05:22:20] spend time is: 120
[2019-08-23 05:22:20] spend time is: 120
[2019-08-23 05:22:20] spend time is: 120
[2019-08-23 05:22:20] spend time is: 120
[2019-08-23 05:22:20] spend time is: 120
[2019-08-23 05:22:20] spend time is: 120
[2019-08-23 05:22:20] spend time is: 120
[2019-08-23 05:22:20] spend time is: 120
[2019-08-23 05:22:30] spend time is: 130
[2019-08-23 05:22:30] spend time is: 130
[2019-08-23 05:22:30] spend time is: 130
[2019-08-23 05:22:30] spend time is: 130
[2019-08-23 05:22:30] spend time is: 130
[2019-08-23 05:22:30] spend time is: 130
[2019-08-23 05:22:30] spend time is: 130
[2019-08-23 05:22:30] spend time is: 130
[2019-08-23 05:22:30] spend time is: 130
[2019-08-23 05:22:31] spend time is: 130
[2019-08-23 05:22:31] spend time is: 130
[2019-08-23 05:22:40] spend time is: 140
[2019-08-23 05:22:40] spend time is: 140
[2019-08-23 05:22:40] spend time is: 140
[2019-08-23 05:22:40] spend time is: 140
[2019-08-23 05:22:40] spend time is: 140
[2019-08-23 05:22:40] spend time is: 140
[2019-08-23 05:22:40] spend time is: 140
[2019-08-23 05:22:40] spend time is: 140
[2019-08-23 05:22:40] spend time is: 140
[2019-08-23 05:22:40] spend time is: 140
[2019-08-23 05:22:40] spend time is: 140
[2019-08-23 05:22:44] dokuwiki-5.2.2.tgz update done.
[2019-08-23 05:22:50] spend time is: 150
[2019-08-23 05:22:50] spend time is: 150
[2019-08-23 05:22:50] spend time is: 150
[2019-08-23 05:22:50] spend time is: 150
[2019-08-23 05:22:50] spend time is: 150
[2019-08-23 05:22:50] spend time is: 150
[2019-08-23 05:22:50] spend time is: 150
[2019-08-23 05:22:50] spend time is: 150
[2019-08-23 05:22:50] spend time is: 150
[2019-08-23 05:22:51] spend time is: 150
[2019-08-23 05:22:51] spend time is: 150
[2019-08-23 05:23:00] spend time is: 160
[2019-08-23 05:23:00] spend time is: 160
[2019-08-23 05:23:00] spend time is: 160
[2019-08-23 05:23:00] spend time is: 160
[2019-08-23 05:23:00] spend time is: 160
[2019-08-23 05:23:00] spend time is: 160
[2019-08-23 05:23:00] spend time is: 160
[2019-08-23 05:23:00] spend time is: 160
[2019-08-23 05:23:00] spend time is: 160
[2019-08-23 05:23:00] spend time is: 160
[2019-08-23 05:23:00] spend time is: 160
[2019-08-23 05:23:10] spend time is: 170
[2019-08-23 05:23:10] spend time is: 170
[2019-08-23 05:23:10] spend time is: 170
[2019-08-23 05:23:10] spend time is: 170
[2019-08-23 05:23:10] spend time is: 170
[2019-08-23 05:23:10] spend time is: 170
[2019-08-23 05:23:10] spend time is: 170
[2019-08-23 05:23:10] spend time is: 170
[2019-08-23 05:23:10] spend time is: 170
[2019-08-23 05:23:20] spend time is: 180
[2019-08-23 05:23:20] spend time is: 180
[2019-08-23 05:23:20] spend time is: 180
[2019-08-23 05:23:20] spend time is: 180
[2019-08-23 05:23:20] spend time is: 180
[2019-08-23 05:23:20] spend time is: 180
[2019-08-23 05:23:20] spend time is: 180
[2019-08-23 05:23:20] spend time is: 180
[2019-08-23 05:23:21] spend time is: 180
[2019-08-23 05:23:30] spend time is: 190
[2019-08-23 05:23:30] spend time is: 190
[2019-08-23 05:23:30] spend time is: 190
[2019-08-23 05:23:30] spend time is: 190
[2019-08-23 05:23:30] spend time is: 190
[2019-08-23 05:23:30] spend time is: 190
[2019-08-23 05:23:30] spend time is: 190
[2019-08-23 05:23:30] spend time is: 190
[2019-08-23 05:23:40] spend time is: 200
[2019-08-23 05:23:40] spend time is: 200
[2019-08-23 05:23:40] spend time is: 200
[2019-08-23 05:23:40] spend time is: 200
[2019-08-23 05:23:40] spend time is: 200
[2019-08-23 05:23:40] spend time is: 200
[2019-08-23 05:23:40] spend time is: 200
[2019-08-23 05:23:40] spend time is: 200
[2019-08-23 05:23:40] spend time is: 200
[2019-08-23 05:23:50] spend time is: 210
[2019-08-23 05:23:50] spend time is: 210
[2019-08-23 05:23:50] spend time is: 210
[2019-08-23 05:23:50] spend time is: 210
[2019-08-23 05:23:50] spend time is: 210
[2019-08-23 05:23:50] spend time is: 210
[2019-08-23 05:23:50] spend time is: 210
[2019-08-23 05:23:59] fluentd-2.0.2.tgz update done.
[2019-08-23 05:23:59] fluentd-2.0.1.tgz update done.
[2019-08-23 05:24:00] spend time is: 220
[2019-08-23 05:24:00] spend time is: 220
[2019-08-23 05:24:00] spend time is: 220
[2019-08-23 05:24:00] spend time is: 220
[2019-08-23 05:24:00] spend time is: 220
[2019-08-23 05:24:00] spend time is: 220
[2019-08-23 05:24:00] spend time is: 220
[2019-08-23 05:24:01] spend time is: 220
[2019-08-23 05:24:09] ghost-7.1.3.tgz update done.
[2019-08-23 05:24:09] ghost-7.1.2.tgz update done.
[2019-08-23 05:24:10] spend time is: 230
[2019-08-23 05:24:10] spend time is: 230
[2019-08-23 05:24:10] spend time is: 230
[2019-08-23 05:24:10] spend time is: 230
[2019-08-23 05:24:10] spend time is: 230
[2019-08-23 05:24:10] spend time is: 230
[2019-08-23 05:24:20] spend time is: 240
[2019-08-23 05:24:20] spend time is: 240
[2019-08-23 05:24:20] spend time is: 240
[2019-08-23 05:24:20] spend time is: 240
[2019-08-23 05:24:20] spend time is: 240
[2019-08-23 05:24:20] spend time is: 240
[2019-08-23 05:24:20] spend time is: 240
[2019-08-23 05:24:30] spend time is: 250
[2019-08-23 05:24:30] spend time is: 250
[2019-08-23 05:24:30] spend time is: 250
[2019-08-23 05:24:30] spend time is: 250
[2019-08-23 05:24:30] spend time is: 250
[2019-08-23 05:24:30] spend time is: 250
[2019-08-23 05:24:30] spend time is: 250
[2019-08-23 05:24:30] spend time is: 250
[2019-08-23 05:24:30] spend time is: 250
[2019-08-23 05:24:34] gitlab-ee-0.2.2.tgz update done.
[2019-08-23 05:24:40] spend time is: 260
[2019-08-23 05:24:40] spend time is: 260
[2019-08-23 05:24:40] spend time is: 260
[2019-08-23 05:24:40] spend time is: 260
[2019-08-23 05:24:40] spend time is: 260
[2019-08-23 05:24:40] spend time is: 260
[2019-08-23 05:24:40] spend time is: 260
[2019-08-23 05:24:50] spend time is: 270
[2019-08-23 05:24:50] spend time is: 270
[2019-08-23 05:24:50] spend time is: 270
[2019-08-23 05:24:50] spend time is: 270
[2019-08-23 05:24:50] spend time is: 270
[2019-08-23 05:24:50] spend time is: 270
[2019-08-23 05:24:50] spend time is: 270
[2019-08-23 05:24:51] spend time is: 270
[2019-08-23 05:24:51] spend time is: 270
[2019-08-23 05:25:00] spend time is: 280
[2019-08-23 05:25:00] spend time is: 280
[2019-08-23 05:25:00] spend time is: 280
[2019-08-23 05:25:00] spend time is: 280
[2019-08-23 05:25:00] spend time is: 280
[2019-08-23 05:25:00] spend time is: 280
[2019-08-23 05:25:00] spend time is: 280
[2019-08-23 05:25:08] graylog-1.3.1.tgz update done.
[2019-08-23 05:25:10] spend time is: 290
[2019-08-23 05:25:10] spend time is: 290
[2019-08-23 05:25:10] spend time is: 290
[2019-08-23 05:25:10] spend time is: 290
[2019-08-23 05:25:10] spend time is: 290
[2019-08-23 05:25:10] spend time is: 290
[2019-08-23 05:25:10] spend time is: 290
[2019-08-23 05:25:11] spend time is: 290
[2019-08-23 05:25:18] hlf-ca-1.1.8.tgz update done.
[2019-08-23 05:25:20] spend time is: 300
[2019-08-23 05:25:20] spend time is: 300
[2019-08-23 05:25:20] spend time is: 300
Already up to date.
Already up to date.
fatal: Unable to create '/home/travis/build/babyshen/helm-charts-mirror/.git/index.lock': File exists.

Another git process seems to be running in this repository, e.g.
an editor opened by 'git commit'. Please make sure all processes
are terminated then try again. If it still fails, a git process
may have crashed in this repository earlier:
remove the file manually to continue.
Already up to date.
fatal: Unable to create '/home/travis/build/babyshen/helm-charts-mirror/.git/index.lock': File exists.

Another git process seems to be running in this repository, e.g.
an editor opened by 'git commit'. Please make sure all processes
are terminated then try again. If it still fails, a git process
may have crashed in this repository earlier:
remove the file manually to continue.
[gh-pages 87a9e99] Synchronizing completion at 2019-08-23
 14 files changed, 1483 insertions(+), 303 deletions(-)
 rewrite anchore-engine-1.2.1.tgz (99%)
 create mode 100644 dokuwiki-5.2.2.tgz
 rewrite elastic-stack-1.8.0.tgz (99%)
 create mode 100644 fluentd-2.0.1.tgz
 create mode 100644 fluentd-2.0.2.tgz
 create mode 100644 ghost-7.1.2.tgz
 create mode 100644 ghost-7.1.3.tgz
 rewrite gitlab-ee-0.2.2.tgz (99%)
 rewrite graylog-1.3.1.tgz (61%)
 rewrite hlf-ca-1.1.8.tgz (99%)
 create mode 100644 travis_wait_1968.log
To github.com:babyshen/helm-charts-mirror.git
   69d4085..87a9e99  gh-pages -> gh-pages
Branch 'gh-pages' set up to track remote branch 'gh-pages' from 'origin'.
[2019-08-23 05:25:30] spend time is: 310
[2019-08-23 05:25:30] spend time is: 310
[2019-08-23 05:25:30] spend time is: 310
[2019-08-23 05:25:30] spend time is: 310
[2019-08-23 05:25:30] spend time is: 310
[2019-08-23 05:25:30] spend time is: 310
[2019-08-23 05:25:40] spend time is: 320
[2019-08-23 05:25:40] spend time is: 320
[2019-08-23 05:25:40] spend time is: 320
[2019-08-23 05:25:40] spend time is: 320
[2019-08-23 05:25:40] spend time is: 320
[2019-08-23 05:25:40] spend time is: 320
[2019-08-23 05:25:50] spend time is: 330
[2019-08-23 05:25:50] spend time is: 330
[2019-08-23 05:25:50] spend time is: 330
[2019-08-23 05:25:50] spend time is: 330
[2019-08-23 05:25:50] spend time is: 330
[2019-08-23 05:25:50] spend time is: 330
[2019-08-23 05:25:53] janusgraph-0.2.1.tgz update done.
[2019-08-23 05:26:00] spend time is: 340
[2019-08-23 05:26:00] spend time is: 340
[2019-08-23 05:26:00] spend time is: 340
[2019-08-23 05:26:00] spend time is: 340
[2019-08-23 05:26:00] spend time is: 340
[2019-08-23 05:26:00] spend time is: 340
[2019-08-23 05:26:10] spend time is: 350
[2019-08-23 05:26:10] spend time is: 350
[2019-08-23 05:26:10] spend time is: 350
[2019-08-23 05:26:10] spend time is: 350
[2019-08-23 05:26:10] spend time is: 350
[2019-08-23 05:26:10] spend time is: 350
[2019-08-23 05:26:20] spend time is: 360
[2019-08-23 05:26:20] spend time is: 360
[2019-08-23 05:26:20] spend time is: 360
[2019-08-23 05:26:20] spend time is: 360
[2019-08-23 05:26:20] spend time is: 360
[2019-08-23 05:26:30] spend time is: 370
[2019-08-23 05:26:30] spend time is: 370
[2019-08-23 05:26:30] spend time is: 370
[2019-08-23 05:26:30] spend time is: 370
[2019-08-23 05:26:30] spend time is: 370
[2019-08-23 05:26:30] spend time is: 370
[2019-08-23 05:26:39] joomla-6.1.2.tgz update done.
[2019-08-23 05:26:40] spend time is: 380
[2019-08-23 05:26:40] spend time is: 380
[2019-08-23 05:26:40] spend time is: 380
[2019-08-23 05:26:40] spend time is: 380
[2019-08-23 05:26:40] spend time is: 380
[2019-08-23 05:26:40] spend time is: 380
[2019-08-23 05:26:50] spend time is: 390
[2019-08-23 05:26:50] spend time is: 390
[2019-08-23 05:26:50] spend time is: 390
[2019-08-23 05:26:50] spend time is: 390
[2019-08-23 05:26:50] spend time is: 390
[2019-08-23 05:27:00] spend time is: 400
[2019-08-23 05:27:00] spend time is: 400
[2019-08-23 05:27:00] spend time is: 400
[2019-08-23 05:27:00] spend time is: 400
[2019-08-23 05:27:00] spend time is: 400
[2019-08-23 05:27:10] spend time is: 410
[2019-08-23 05:27:10] spend time is: 410
[2019-08-23 05:27:10] spend time is: 410
[2019-08-23 05:27:10] spend time is: 410
[2019-08-23 05:27:10] spend time is: 410
[2019-08-23 05:27:20] spend time is: 420
[2019-08-23 05:27:20] spend time is: 420
[2019-08-23 05:27:20] spend time is: 420
[2019-08-23 05:27:20] spend time is: 420
[2019-08-23 05:27:20] spend time is: 420
[2019-08-23 05:27:20] spend time is: 420
[2019-08-23 05:27:30] spend time is: 430
[2019-08-23 05:27:30] spend time is: 430
[2019-08-23 05:27:30] spend time is: 430
[2019-08-23 05:27:30] spend time is: 430
[2019-08-23 05:27:30] spend time is: 430
[2019-08-23 05:27:30] spend time is: 430
[2019-08-23 05:27:32] kong-0.16.1.tgz update done.
[2019-08-23 05:27:40] spend time is: 440
[2019-08-23 05:27:40] spend time is: 440
[2019-08-23 05:27:40] spend time is: 440
[2019-08-23 05:27:40] spend time is: 440
[2019-08-23 05:27:40] spend time is: 440
[2019-08-23 05:27:48] kube-ops-view-1.1.0.tgz update done.
[2019-08-23 05:27:50] spend time is: 450
[2019-08-23 05:27:50] spend time is: 450
[2019-08-23 05:27:50] spend time is: 450
[2019-08-23 05:27:50] spend time is: 450
[2019-08-23 05:27:50] spend time is: 450
[2019-08-23 05:28:00] spend time is: 460
[2019-08-23 05:28:00] spend time is: 460
[2019-08-23 05:28:00] spend time is: 460
[2019-08-23 05:28:00] spend time is: 460
[2019-08-23 05:28:00] spend time is: 460
[2019-08-23 05:28:10] spend time is: 470
[2019-08-23 05:28:10] spend time is: 470
[2019-08-23 05:28:10] spend time is: 470
[2019-08-23 05:28:10] spend time is: 470
[2019-08-23 05:28:10] spend time is: 470
[2019-08-23 05:28:10] spend time is: 470
[2019-08-23 05:28:10] spend time is: 470
[2019-08-23 05:28:20] spend time is: 480
[2019-08-23 05:28:20] spend time is: 480
[2019-08-23 05:28:20] spend time is: 480
[2019-08-23 05:28:20] spend time is: 480
[2019-08-23 05:28:20] spend time is: 480
[2019-08-23 05:28:20] spend time is: 480
[2019-08-23 05:28:30] spend time is: 490
[2019-08-23 05:28:30] spend time is: 490
[2019-08-23 05:28:30] spend time is: 490
[2019-08-23 05:28:30] spend time is: 490
[2019-08-23 05:28:30] spend time is: 490
[2019-08-23 05:28:36] magento-5.1.4.tgz update done.
[2019-08-23 05:28:40] spend time is: 500
[2019-08-23 05:28:40] spend time is: 500
[2019-08-23 05:28:40] spend time is: 500
[2019-08-23 05:28:40] spend time is: 500
[2019-08-23 05:28:40] spend time is: 500
[2019-08-23 05:28:50] spend time is: 510
[2019-08-23 05:28:50] spend time is: 510
[2019-08-23 05:28:50] spend time is: 510
[2019-08-23 05:28:50] spend time is: 510
[2019-08-23 05:28:50] spend time is: 510
[2019-08-23 05:28:53] mariadb-6.8.2.tgz update done.
[2019-08-23 05:29:00] spend time is: 520
[2019-08-23 05:29:00] spend time is: 520
[2019-08-23 05:29:00] spend time is: 520
[2019-08-23 05:29:00] spend time is: 520
[2019-08-23 05:29:00] spend time is: 520
[2019-08-23 05:29:10] spend time is: 530
[2019-08-23 05:29:10] spend time is: 530
[2019-08-23 05:29:10] spend time is: 530
[2019-08-23 05:29:10] spend time is: 530
[2019-08-23 05:29:10] spend time is: 530
[2019-08-23 05:29:10] spend time is: 530
[2019-08-23 05:29:20] spend time is: 540
[2019-08-23 05:29:20] spend time is: 540
[2019-08-23 05:29:20] spend time is: 540
[2019-08-23 05:29:20] spend time is: 540
[2019-08-23 05:29:20] spend time is: 540
[2019-08-23 05:29:24] mediawiki-8.1.2.tgz update done.
[2019-08-23 05:29:30] spend time is: 550
[2019-08-23 05:29:30] spend time is: 550
[2019-08-23 05:29:30] spend time is: 550
[2019-08-23 05:29:30] spend time is: 550
[2019-08-23 05:29:30] spend time is: 550
[2019-08-23 05:29:30] spend time is: 550
[2019-08-23 05:29:40] spend time is: 560
[2019-08-23 05:29:40] spend time is: 560
[2019-08-23 05:29:40] spend time is: 560
[2019-08-23 05:29:40] spend time is: 560
[2019-08-23 05:29:40] spend time is: 560
[2019-08-23 05:29:50] spend time is: 570
[2019-08-23 05:29:50] spend time is: 570
[2019-08-23 05:29:50] spend time is: 570
[2019-08-23 05:29:50] spend time is: 570
[2019-08-23 05:29:50] spend time is: 570
[2019-08-23 05:29:50] spend time is: 570
[2019-08-23 05:30:00] spend time is: 580
[2019-08-23 05:30:00] spend time is: 580
[2019-08-23 05:30:00] spend time is: 580
[2019-08-23 05:30:00] spend time is: 580
[2019-08-23 05:30:00] spend time is: 580
[2019-08-23 05:30:00] spend time is: 580
[2019-08-23 05:30:02] minio-2.5.12.tgz update done.
[2019-08-23 05:30:10] spend time is: 590
[2019-08-23 05:30:10] spend time is: 590
[2019-08-23 05:30:10] spend time is: 590
[2019-08-23 05:30:10] spend time is: 590
[2019-08-23 05:30:10] spend time is: 590
[2019-08-23 05:30:10] spend time is: 590
[2019-08-23 05:30:20] spend time is: 600
Already up to date.
