Fetching origin
Warning: Permanently added the RSA host key for IP address '192.30.253.112' to the list of known hosts.
From github.com:babyshen/helm-charts-mirror
 * [new branch]      gh-pages   -> origin/gh-pages
 * [new branch]      master     -> origin/master
Previous HEAD position was 6f4bc38... restore bug
Switched to a new branch 'gh-pages'
Branch 'gh-pages' set up to track remote branch 'gh-pages' from 'origin'.
Already up to date.
Branch 'gh-pages' set up to track remote branch 'gh-pages' from 'origin'.
  % Total    % Received % Xferd  Average Speed   Time    Time     Time  Current
                                 Dload  Upload   Total   Spent    Left  Speed
  0     0    0     0    0     0      0      0 --:--:-- --:--:-- --:--:--     0100 4412k  100 4412k    0     0  94.5M      0 --:--:-- --:--:-- --:--:-- 95.7M
[2019-04-12 04:13:11] airflow-2.4.4.tgz update done.
[2019-04-12 04:13:18] spend time is: 40
[2019-04-12 04:13:18] spend time is: 40
[2019-04-12 04:13:18] spend time is: 40
[2019-04-12 04:13:18] spend time is: 40
[2019-04-12 04:13:18] spend time is: 40
[2019-04-12 04:13:18] spend time is: 40
[2019-04-12 04:13:18] spend time is: 40
[2019-04-12 04:13:18] spend time is: 40
[2019-04-12 04:13:18] spend time is: 40
[2019-04-12 04:13:18] spend time is: 40
[2019-04-12 04:13:18] spend time is: 40
[2019-04-12 04:13:18] spend time is: 40
[2019-04-12 04:13:18] spend time is: 40
[2019-04-12 04:13:18] spend time is: 40
[2019-04-12 04:13:18] spend time is: 40
[2019-04-12 04:13:28] spend time is: 50
[2019-04-12 04:13:28] spend time is: 50
[2019-04-12 04:13:28] spend time is: 50
[2019-04-12 04:13:28] spend time is: 50
[2019-04-12 04:13:28] spend time is: 50
[2019-04-12 04:13:28] spend time is: 50
[2019-04-12 04:13:28] spend time is: 50
[2019-04-12 04:13:28] spend time is: 50
[2019-04-12 04:13:28] spend time is: 50
[2019-04-12 04:13:28] spend time is: 50
[2019-04-12 04:13:28] spend time is: 50
[2019-04-12 04:13:28] spend time is: 50
[2019-04-12 04:13:28] spend time is: 50
[2019-04-12 04:13:28] spend time is: 50
[2019-04-12 04:13:38] spend time is: 60
[2019-04-12 04:13:38] spend time is: 60
[2019-04-12 04:13:38] spend time is: 60
[2019-04-12 04:13:38] spend time is: 60
[2019-04-12 04:13:38] spend time is: 60
[2019-04-12 04:13:38] spend time is: 60
[2019-04-12 04:13:38] spend time is: 60
[2019-04-12 04:13:38] spend time is: 60
[2019-04-12 04:13:38] spend time is: 60
[2019-04-12 04:13:38] spend time is: 60
[2019-04-12 04:13:38] spend time is: 60
[2019-04-12 04:13:38] spend time is: 60
[2019-04-12 04:13:38] spend time is: 60
[2019-04-12 04:13:48] spend time is: 70
[2019-04-12 04:13:48] spend time is: 70
[2019-04-12 04:13:48] spend time is: 70
[2019-04-12 04:13:48] spend time is: 70
[2019-04-12 04:13:48] spend time is: 70
[2019-04-12 04:13:48] spend time is: 70
[2019-04-12 04:13:48] spend time is: 70
[2019-04-12 04:13:48] spend time is: 70
[2019-04-12 04:13:48] spend time is: 70
[2019-04-12 04:13:48] spend time is: 70
[2019-04-12 04:13:48] spend time is: 70
[2019-04-12 04:13:48] spend time is: 70
[2019-04-12 04:13:48] spend time is: 70
[2019-04-12 04:13:49] spend time is: 70
[2019-04-12 04:13:58] spend time is: 80
[2019-04-12 04:13:58] spend time is: 80
[2019-04-12 04:13:58] spend time is: 80
[2019-04-12 04:13:58] spend time is: 80
[2019-04-12 04:13:58] spend time is: 80
[2019-04-12 04:13:58] spend time is: 80
[2019-04-12 04:13:58] spend time is: 80
[2019-04-12 04:13:58] spend time is: 80
[2019-04-12 04:13:58] spend time is: 80
[2019-04-12 04:13:58] spend time is: 80
[2019-04-12 04:13:58] spend time is: 80
[2019-04-12 04:13:58] spend time is: 80
[2019-04-12 04:13:58] spend time is: 80
[2019-04-12 04:13:59] spend time is: 80
[2019-04-12 04:13:59] spend time is: 80
[2019-04-12 04:13:59] distribution-0.4.2.tgz update done.
[2019-04-12 04:14:05] drone-2.0.0-rc.10.tgz update done.
[2019-04-12 04:14:08] spend time is: 90
[2019-04-12 04:14:08] [2019-04-12 04:14:08] spend time is: 90
spend time is: 90
[2019-04-12 04:14:08] spend time is: 90
[2019-04-12 04:14:08] spend time is: 90
[2019-04-12 04:14:08] spend time is: 90
[2019-04-12 04:14:08] spend time is: 90
[2019-04-12 04:14:08] spend time is: 90
[2019-04-12 04:14:08] spend time is: 90
[2019-04-12 04:14:08] spend time is: 90
[2019-04-12 04:14:08] spend time is: 90
[2019-04-12 04:14:08] spend time is: 90
[2019-04-12 04:14:08] spend time is: 90
[2019-04-12 04:14:08] spend time is: 90
[2019-04-12 04:14:08] spend time is: 90
[2019-04-12 04:14:08] spend time is: 90
[2019-04-12 04:14:15] elastic-stack-1.6.0.tgz update done.
[2019-04-12 04:14:18] spend time is: 100
[2019-04-12 04:14:18] spend time is: 100
[2019-04-12 04:14:18] spend time is: 100
[2019-04-12 04:14:18] spend time is: 100
[2019-04-12 04:14:18] spend time is: 100
[2019-04-12 04:14:18] spend time is: 100
[2019-04-12 04:14:18] spend time is: 100
[2019-04-12 04:14:18] spend time is: 100
[2019-04-12 04:14:18] spend time is: 100
[2019-04-12 04:14:18] spend time is: 100
[2019-04-12 04:14:18] spend time is: 100
[2019-04-12 04:14:18] spend time is: 100
[2019-04-12 04:14:18] spend time is: 100
[2019-04-12 04:14:18] spend time is: 100
[2019-04-12 04:14:19] elasticsearch-curator-1.4.0.tgz update done.
[2019-04-12 04:14:19] spend time is: 100
[2019-04-12 04:14:28] spend time is: 110
[2019-04-12 04:14:28] spend time is: 110
[2019-04-12 04:14:28] spend time is: 110
[2019-04-12 04:14:28] spend time is: 110
[2019-04-12 04:14:28] spend time is: 110
[2019-04-12 04:14:28] spend time is: 110
[2019-04-12 04:14:28] spend time is: 110
[2019-04-12 04:14:28] spend time is: 110
[2019-04-12 04:14:28] spend time is: 110
[2019-04-12 04:14:28] spend time is: 110
[2019-04-12 04:14:28] spend time is: 110
[2019-04-12 04:14:28] spend time is: 110
[2019-04-12 04:14:28] spend time is: 110
[2019-04-12 04:14:38] spend time is: 120
[2019-04-12 04:14:38] spend time is: 120
[2019-04-12 04:14:38] spend time is: 120
[2019-04-12 04:14:38] spend time is: 120
[2019-04-12 04:14:38] spend time is: 120
[2019-04-12 04:14:38] spend time is: 120
[2019-04-12 04:14:38] spend time is: 120
[2019-04-12 04:14:38] spend time is: 120
[2019-04-12 04:14:38] spend time is: 120
[2019-04-12 04:14:38] spend time is: 120
[2019-04-12 04:14:38] spend time is: 120
[2019-04-12 04:14:38] spend time is: 120
[2019-04-12 04:14:42] ghost-6.7.7.tgz update done.
[2019-04-12 04:14:48] spend time is: 130
[2019-04-12 04:14:48] spend time is: 130
[2019-04-12 04:14:48] spend time is: 130
[2019-04-12 04:14:48] spend time is: 130
[2019-04-12 04:14:48] spend time is: 130
[2019-04-12 04:14:48] spend time is: 130
[2019-04-12 04:14:48] spend time is: 130
[2019-04-12 04:14:48] spend time is: 130
[2019-04-12 04:14:48] spend time is: 130
[2019-04-12 04:14:48] spend time is: 130
[2019-04-12 04:14:48] spend time is: 130
[2019-04-12 04:14:48] spend time is: 130
[2019-04-12 04:14:49] spend time is: 130
[2019-04-12 04:14:58] spend time is: 140
[2019-04-12 04:14:58] spend time is: 140
[2019-04-12 04:14:58] spend time is: 140
[2019-04-12 04:14:58] spend time is: 140
[2019-04-12 04:14:58] spend time is: 140
[2019-04-12 04:14:58] spend time is: 140
[2019-04-12 04:14:58] spend time is: 140
[2019-04-12 04:14:58] spend time is: 140
[2019-04-12 04:14:58] spend time is: 140
[2019-04-12 04:14:58] grafana-3.1.0.tgz update done.
[2019-04-12 04:14:58] spend time is: 140
[2019-04-12 04:14:58] spend time is: 140
[2019-04-12 04:14:58] spend time is: 140
[2019-04-12 04:14:58] grafana-3.2.0.tgz update done.
[2019-04-12 04:14:58] spend time is: 140
[2019-04-12 04:14:58] spend time is: 140
[2019-04-12 04:14:58] spend time is: 140
[2019-04-12 04:15:08] spend time is: 150
[2019-04-12 04:15:08] spend time is: 150
[2019-04-12 04:15:08] spend time is: 150
[2019-04-12 04:15:08] spend time is: 150
[2019-04-12 04:15:08] spend time is: 150
[2019-04-12 04:15:08] spend time is: 150
[2019-04-12 04:15:08] spend time is: 150
[2019-04-12 04:15:08] spend time is: 150
[2019-04-12 04:15:08] spend time is: 150
[2019-04-12 04:15:08] spend time is: 150
[2019-04-12 04:15:08] spend time is: 150
[2019-04-12 04:15:08] spend time is: 150
[2019-04-12 04:15:08] spend time is: 150
[2019-04-12 04:15:09] graylog-0.1.3.tgz update done.
[2019-04-12 04:15:09] spend time is: 150
[2019-04-12 04:15:12] hlf-ca-1.1.6.tgz update done.
[2019-04-12 04:15:18] spend time is: 160
[2019-04-12 04:15:18] spend time is: 160
[2019-04-12 04:15:18] spend time is: 160
[2019-04-12 04:15:18] spend time is: 160
[2019-04-12 04:15:18] spend time is: 160
[2019-04-12 04:15:18] spend time is: 160
[2019-04-12 04:15:18] spend time is: 160
[2019-04-12 04:15:18] spend time is: 160
[2019-04-12 04:15:18] spend time is: 160
[2019-04-12 04:15:18] spend time is: 160
[2019-04-12 04:15:18] spend time is: 160
[2019-04-12 04:15:18] spend time is: 160
[2019-04-12 04:15:18] spend time is: 160
[2019-04-12 04:15:21] janusgraph-0.2.0.tgz update done.
[2019-04-12 04:15:24] jenkins-0.37.3.tgz update done.
[2019-04-12 04:15:24] jenkins-0.37.2.tgz update done.
[2019-04-12 04:15:28] spend time is: 170
[2019-04-12 04:15:28] spend time is: 170
[2019-04-12 04:15:28] spend time is: 170
[2019-04-12 04:15:28] spend time is: 170
[2019-04-12 04:15:28] spend time is: 170
[2019-04-12 04:15:28] spend time is: 170
[2019-04-12 04:15:28] spend time is: 170
[2019-04-12 04:15:28] spend time is: 170
[2019-04-12 04:15:28] spend time is: 170
[2019-04-12 04:15:28] spend time is: 170
[2019-04-12 04:15:28] spend time is: 170
[2019-04-12 04:15:28] spend time is: 170
[2019-04-12 04:15:28] spend time is: 170
[2019-04-12 04:15:35] joomla-4.2.1.tgz update done.
[2019-04-12 04:15:38] spend time is: 180
[2019-04-12 04:15:38] spend time is: 180
[2019-04-12 04:15:38] spend time is: 180
[2019-04-12 04:15:38] spend time is: 180
[2019-04-12 04:15:38] spend time is: 180
[2019-04-12 04:15:38] spend time is: 180
[2019-04-12 04:15:38] spend time is: 180
[2019-04-12 04:15:38] spend time is: 180
[2019-04-12 04:15:38] spend time is: 180
[2019-04-12 04:15:38] spend time is: 180
[2019-04-12 04:15:38] spend time is: 180
[2019-04-12 04:15:38] spend time is: 180
[2019-04-12 04:15:48] spend time is: 190
[2019-04-12 04:15:48] spend time is: 190
[2019-04-12 04:15:48] spend time is: 190
[2019-04-12 04:15:48] spend time is: 190
[2019-04-12 04:15:48] spend time is: 190
[2019-04-12 04:15:48] spend time is: 190
[2019-04-12 04:15:48] spend time is: 190
[2019-04-12 04:15:48] spend time is: 190
[2019-04-12 04:15:48] spend time is: 190
[2019-04-12 04:15:48] spend time is: 190
[2019-04-12 04:15:48] spend time is: 190
[2019-04-12 04:15:48] spend time is: 190
[2019-04-12 04:15:48] spend time is: 190
[2019-04-12 04:15:53] kong-0.9.9.tgz update done.
[2019-04-12 04:15:58] spend time is: 200
[2019-04-12 04:15:58] spend time is: 200
[2019-04-12 04:15:58] kube-ops-view-0.7.0.tgz update done.
[2019-04-12 04:15:58] spend time is: 200
[2019-04-12 04:15:58] spend time is: 200
[2019-04-12 04:15:58] spend time is: 200
[2019-04-12 04:15:58] spend time is: 200
[2019-04-12 04:15:58] spend time is: 200
[2019-04-12 04:15:58] spend time is: 200
[2019-04-12 04:15:58] spend time is: 200
[2019-04-12 04:15:58] spend time is: 200
[2019-04-12 04:15:58] spend time is: 200
[2019-04-12 04:15:58] spend time is: 200
[2019-04-12 04:15:58] spend time is: 200
[2019-04-12 04:15:58] spend time is: 200
[2019-04-12 04:16:08] spend time is: 210
[2019-04-12 04:16:08] spend time is: 210
[2019-04-12 04:16:08] spend time is: 210
[2019-04-12 04:16:08] spend time is: 210
[2019-04-12 04:16:08] spend time is: 210
[2019-04-12 04:16:08] spend time is: 210
[2019-04-12 04:16:08] spend time is: 210
[2019-04-12 04:16:08] spend time is: 210
[2019-04-12 04:16:08] spend time is: 210
[2019-04-12 04:16:08] spend time is: 210
[2019-04-12 04:16:08] spend time is: 210
[2019-04-12 04:16:08] spend time is: 210
[2019-04-12 04:16:08] spend time is: 210
[2019-04-12 04:16:17] magic-namespace-0.4.1.tgz update done.
[2019-04-12 04:16:18] spend time is: 220
[2019-04-12 04:16:18] spend time is: 220
[2019-04-12 04:16:18] spend time is: 220
[2019-04-12 04:16:18] spend time is: 220
[2019-04-12 04:16:18] spend time is: 220
[2019-04-12 04:16:18] spend time is: 220
[2019-04-12 04:16:18] spend time is: 220
[2019-04-12 04:16:18] spend time is: 220
[2019-04-12 04:16:18] spend time is: 220
[2019-04-12 04:16:18] spend time is: 220
[2019-04-12 04:16:18] spend time is: 220
[2019-04-12 04:16:18] spend time is: 220
[2019-04-12 04:16:18] spend time is: 220
[2019-04-12 04:16:18] spend time is: 220
[2019-04-12 04:16:28] spend time is: 230
[2019-04-12 04:16:28] spend time is: 230
[2019-04-12 04:16:28] spend time is: 230
[2019-04-12 04:16:28] spend time is: 230
[2019-04-12 04:16:28] spend time is: 230
[2019-04-12 04:16:28] spend time is: 230
[2019-04-12 04:16:28] spend time is: 230
[2019-04-12 04:16:28] spend time is: 230
[2019-04-12 04:16:28] spend time is: 230
[2019-04-12 04:16:28] spend time is: 230
[2019-04-12 04:16:28] spend time is: 230
[2019-04-12 04:16:28] spend time is: 230
[2019-04-12 04:16:28] spend time is: 230
[2019-04-12 04:16:38] spend time is: 240
[2019-04-12 04:16:38] spend time is: 240
[2019-04-12 04:16:38] spend time is: 240
[2019-04-12 04:16:38] spend time is: 240
[2019-04-12 04:16:38] spend time is: 240
[2019-04-12 04:16:38] spend time is: 240
[2019-04-12 04:16:38] spend time is: 240
[2019-04-12 04:16:38] spend time is: 240
[2019-04-12 04:16:38] spend time is: 240
[2019-04-12 04:16:38] spend time is: 240
[2019-04-12 04:16:38] spend time is: 240
[2019-04-12 04:16:38] spend time is: 240
[2019-04-12 04:16:38] spend time is: 240
[2019-04-12 04:16:39] spend time is: 240
[2019-04-12 04:16:48] spend time is: 250
[2019-04-12 04:16:48] spend time is: 250
[2019-04-12 04:16:48] spend time is: 250
[2019-04-12 04:16:48] spend time is: 250
[2019-04-12 04:16:48] spend time is: 250
[2019-04-12 04:16:48] spend time is: 250
[2019-04-12 04:16:48] spend time is: 250
[2019-04-12 04:16:48] spend time is: 250
[2019-04-12 04:16:48] spend time is: 250
[2019-04-12 04:16:48] spend time is: 250
[2019-04-12 04:16:48] spend time is: 250
[2019-04-12 04:16:48] spend time is: 250
[2019-04-12 04:16:48] spend time is: 250
[2019-04-12 04:16:58] spend time is: 260
[2019-04-12 04:16:58] spend time is: 260
[2019-04-12 04:16:58] spend time is: 260
[2019-04-12 04:16:58] spend time is: 260
[2019-04-12 04:16:58] spend time is: 260
[2019-04-12 04:16:58] spend time is: 260
[2019-04-12 04:16:58] spend time is: 260
[2019-04-12 04:16:58] spend time is: 260
[2019-04-12 04:16:58] spend time is: 260
[2019-04-12 04:16:58] spend time is: 260
[2019-04-12 04:16:58] spend time is: 260
[2019-04-12 04:16:58] spend time is: 260
[2019-04-12 04:16:58] spend time is: 260
[2019-04-12 04:17:08] spend time is: 270
[2019-04-12 04:17:08] spend time is: 270
[2019-04-12 04:17:08] spend time is: 270
[2019-04-12 04:17:08] spend time is: 270
[2019-04-12 04:17:08] spend time is: 270
[2019-04-12 04:17:08] spend time is: 270
[2019-04-12 04:17:08] spend time is: 270
[2019-04-12 04:17:08] spend time is: 270
[2019-04-12 04:17:08] spend time is: 270
[2019-04-12 04:17:08] spend time is: 270
[2019-04-12 04:17:08] spend time is: 270
[2019-04-12 04:17:08] spend time is: 270
[2019-04-12 04:17:08] spend time is: 270
[2019-04-12 04:17:08] spend time is: 270
[2019-04-12 04:17:09] spend time is: 270
[2019-04-12 04:17:18] spend time is: 280
[2019-04-12 04:17:18] spend time is: 280
[2019-04-12 04:17:18] spend time is: 280
[2019-04-12 04:17:18] spend time is: 280
[2019-04-12 04:17:18] spend time is: 280
[2019-04-12 04:17:18] spend time is: 280
[2019-04-12 04:17:18] spend time is: 280
[2019-04-12 04:17:18] spend time is: 280
[2019-04-12 04:17:18] spend time is: 280
[2019-04-12 04:17:18] spend time is: 280
[2019-04-12 04:17:18] spend time is: 280
[2019-04-12 04:17:18] spend time is: 280
[2019-04-12 04:17:19] spend time is: 280
[2019-04-12 04:17:28] spend time is: 290
[2019-04-12 04:17:28] spend time is: 290
[2019-04-12 04:17:28] spend time is: 290
[2019-04-12 04:17:28] spend time is: 290
[2019-04-12 04:17:28] spend time is: 290
[2019-04-12 04:17:28] spend time is: 290
[2019-04-12 04:17:28] spend time is: 290
[2019-04-12 04:17:28] spend time is: 290
[2019-04-12 04:17:28] spend time is: 290
[2019-04-12 04:17:28] spend time is: 290
[2019-04-12 04:17:28] spend time is: 290
[2019-04-12 04:17:28] spend time is: 290
[2019-04-12 04:17:28] spend time is: 290
[2019-04-12 04:17:29] spend time is: 290
[2019-04-12 04:17:33] opencart-4.4.1.tgz update done.
[2019-04-12 04:17:38] spend time is: 300
[2019-04-12 04:17:38] spend time is: 300
[2019-04-12 04:17:38] spend time is: 300
[2019-04-12 04:17:38] spend time is: 300
Already up to date.
Already up to date.
fatal: Unable to create '/home/travis/build/babyshen/helm-charts-mirror/.git/index.lock': File exists.

Another git process seems to be running in this repository, e.g.
an editor opened by 'git commit'. Please make sure all processes
are terminated then try again. If it still fails, a git process
may have crashed in this repository earlier:
remove the file manually to continue.
Already up to date.
fatal: Unable to create '/home/travis/build/babyshen/helm-charts-mirror/.git/index.lock': File exists.

Another git process seems to be running in this repository, e.g.
an editor opened by 'git commit'. Please make sure all processes
are terminated then try again. If it still fails, a git process
may have crashed in this repository earlier:
remove the file manually to continue.
Already up to date.
fatal: Unable to create '/home/travis/build/babyshen/helm-charts-mirror/.git/index.lock': File exists.

Another git process seems to be running in this repository, e.g.
an editor opened by 'git commit'. Please make sure all processes
are terminated then try again. If it still fails, a git process
may have crashed in this repository earlier:
remove the file manually to continue.
[gh-pages 44a36f7] Synchronizing completion at 2019-04-12
 22 files changed, 1174 insertions(+), 294 deletions(-)
 rewrite airflow-2.4.4.tgz (99%)
 rewrite distribution-0.4.2.tgz (99%)
 create mode 100644 drone-2.0.0-rc.10.tgz
 rewrite elastic-stack-1.6.0.tgz (98%)
 create mode 100644 elasticsearch-curator-1.4.0.tgz
 create mode 100644 ghost-6.7.7.tgz
 create mode 100644 grafana-3.1.0.tgz
 create mode 100644 grafana-3.2.0.tgz
 rewrite graylog-0.1.3.tgz (95%)
 rewrite hlf-ca-1.1.6.tgz (99%)
 create mode 100644 jenkins-0.37.2.tgz
 create mode 100644 jenkins-0.37.3.tgz
 create mode 100644 joomla-4.2.1.tgz
 rewrite kong-0.9.9.tgz (99%)
 rewrite kube-ops-view-0.7.0.tgz (95%)
 create mode 100644 magic-namespace-0.4.1.tgz
 create mode 100644 opencart-4.4.1.tgz
 create mode 100644 travis_wait_2077.log
To github.com:babyshen/helm-charts-mirror.git
   6916d92..44a36f7  gh-pages -> gh-pages
Branch 'gh-pages' set up to track remote branch 'gh-pages' from 'origin'.
[2019-04-12 04:17:48] spend time is: 310
[2019-04-12 04:17:48] spend time is: 310
[2019-04-12 04:17:48] spend time is: 310
[2019-04-12 04:17:48] spend time is: 310
[2019-04-12 04:17:48] spend time is: 310
[2019-04-12 04:17:48] spend time is: 310
[2019-04-12 04:17:48] spend time is: 310
[2019-04-12 04:17:48] spend time is: 310
[2019-04-12 04:17:48] spend time is: 310
[2019-04-12 04:17:48] spend time is: 310
[2019-04-12 04:17:58] spend time is: 320
[2019-04-12 04:17:58] spend time is: 320
[2019-04-12 04:17:58] spend time is: 320
[2019-04-12 04:17:58] spend time is: 320
[2019-04-12 04:17:58] spend time is: 320
[2019-04-12 04:17:58] spend time is: 320
[2019-04-12 04:17:58] spend time is: 320
[2019-04-12 04:17:58] spend time is: 320
[2019-04-12 04:17:58] spend time is: 320
[2019-04-12 04:17:58] spend time is: 320
[2019-04-12 04:18:08] spend time is: 330
[2019-04-12 04:18:08] spend time is: 330
[2019-04-12 04:18:08] spend time is: 330
[2019-04-12 04:18:08] spend time is: 330
[2019-04-12 04:18:08] spend time is: 330
[2019-04-12 04:18:08] spend time is: 330
[2019-04-12 04:18:08] spend time is: 330
[2019-04-12 04:18:08] spend time is: 330
[2019-04-12 04:18:08] spend time is: 330
[2019-04-12 04:18:08] spend time is: 330
[2019-04-12 04:18:18] spend time is: 340
[2019-04-12 04:18:18] spend time is: 340
[2019-04-12 04:18:18] spend time is: 340
[2019-04-12 04:18:18] spend time is: 340
[2019-04-12 04:18:18] spend time is: 340
[2019-04-12 04:18:18] spend time is: 340
[2019-04-12 04:18:18] spend time is: 340
[2019-04-12 04:18:18] spend time is: 340
[2019-04-12 04:18:18] spend time is: 340
[2019-04-12 04:18:18] spend time is: 340
[2019-04-12 04:18:28] spend time is: 350
[2019-04-12 04:18:28] spend time is: 350
[2019-04-12 04:18:28] spend time is: 350
[2019-04-12 04:18:28] spend time is: 350
[2019-04-12 04:18:28] spend time is: 350
[2019-04-12 04:18:28] spend time is: 350
[2019-04-12 04:18:28] spend time is: 350
[2019-04-12 04:18:28] spend time is: 350
[2019-04-12 04:18:28] spend time is: 350
[2019-04-12 04:18:28] spend time is: 350
[2019-04-12 04:18:32] postgresql-3.17.0.tgz update done.
[2019-04-12 04:18:38] spend time is: 360
[2019-04-12 04:18:38] spend time is: 360
[2019-04-12 04:18:38] spend time is: 360
[2019-04-12 04:18:38] spend time is: 360
[2019-04-12 04:18:38] spend time is: 360
[2019-04-12 04:18:38] spend time is: 360
[2019-04-12 04:18:38] spend time is: 360
[2019-04-12 04:18:38] spend time is: 360
[2019-04-12 04:18:38] spend time is: 360
[2019-04-12 04:18:38] spend time is: 360
[2019-04-12 04:18:48] spend time is: 370
[2019-04-12 04:18:48] spend time is: 370
[2019-04-12 04:18:48] spend time is: 370
[2019-04-12 04:18:48] spend time is: 370
[2019-04-12 04:18:48] spend time is: 370
[2019-04-12 04:18:48] spend time is: 370
[2019-04-12 04:18:48] spend time is: 370
[2019-04-12 04:18:48] spend time is: 370
[2019-04-12 04:18:48] spend time is: 370
[2019-04-12 04:18:48] spend time is: 370
[2019-04-12 04:18:58] spend time is: 380
[2019-04-12 04:18:58] spend time is: 380
[2019-04-12 04:18:58] spend time is: 380
[2019-04-12 04:18:58] spend time is: 380
[2019-04-12 04:18:58] spend time is: 380
[2019-04-12 04:18:58] spend time is: 380
[2019-04-12 04:18:58] spend time is: 380
[2019-04-12 04:18:58] spend time is: 380
[2019-04-12 04:18:58] spend time is: 380
[2019-04-12 04:19:08] spend time is: 390
[2019-04-12 04:19:08] spend time is: 390
[2019-04-12 04:19:08] spend time is: 390
[2019-04-12 04:19:08] spend time is: 390
[2019-04-12 04:19:08] spend time is: 390
[2019-04-12 04:19:08] spend time is: 390
[2019-04-12 04:19:08] spend time is: 390
[2019-04-12 04:19:08] spend time is: 390
[2019-04-12 04:19:08] spend time is: 390
[2019-04-12 04:19:08] spend time is: 390
[2019-04-12 04:19:14] prometheus-operator-5.0.11.tgz update done.
[2019-04-12 04:19:18] spend time is: 400
[2019-04-12 04:19:18] spend time is: 400
[2019-04-12 04:19:18] spend time is: 400
[2019-04-12 04:19:18] spend time is: 400
[2019-04-12 04:19:18] spend time is: 400
[2019-04-12 04:19:18] spend time is: 400
[2019-04-12 04:19:18] spend time is: 400
[2019-04-12 04:19:18] spend time is: 400
[2019-04-12 04:19:18] spend time is: 400
[2019-04-12 04:19:18] spend time is: 400
[2019-04-12 04:19:28] spend time is: 410
[2019-04-12 04:19:28] spend time is: 410
[2019-04-12 04:19:28] spend time is: 410
[2019-04-12 04:19:28] spend time is: 410
[2019-04-12 04:19:28] spend time is: 410
[2019-04-12 04:19:28] spend time is: 410
[2019-04-12 04:19:28] spend time is: 410
[2019-04-12 04:19:28] spend time is: 410
[2019-04-12 04:19:28] spend time is: 410
[2019-04-12 04:19:28] spend time is: 410
[2019-04-12 04:19:38] spend time is: 420
[2019-04-12 04:19:38] spend time is: 420
[2019-04-12 04:19:38] spend time is: 420
[2019-04-12 04:19:38] spend time is: 420
[2019-04-12 04:19:38] spend time is: 420
[2019-04-12 04:19:38] spend time is: 420
[2019-04-12 04:19:38] spend time is: 420
[2019-04-12 04:19:38] spend time is: 420
[2019-04-12 04:19:38] spend time is: 420
[2019-04-12 04:19:38] spend time is: 420
[2019-04-12 04:19:40] rabbitmq-ha-1.24.0.tgz update done.
[2019-04-12 04:19:46] redis-6.4.4.tgz update done.
[2019-04-12 04:19:48] spend time is: 430
[2019-04-12 04:19:48] spend time is: 430
[2019-04-12 04:19:48] spend time is: 430
[2019-04-12 04:19:48] spend time is: 430
[2019-04-12 04:19:48] spend time is: 430
[2019-04-12 04:19:48] spend time is: 430
[2019-04-12 04:19:48] spend time is: 430
[2019-04-12 04:19:48] spend time is: 430
[2019-04-12 04:19:48] spend time is: 430
[2019-04-12 04:19:58] spend time is: 440
[2019-04-12 04:19:58] spend time is: 440
[2019-04-12 04:19:58] spend time is: 440
[2019-04-12 04:19:58] spend time is: 440
[2019-04-12 04:19:58] spend time is: 440
[2019-04-12 04:19:58] spend time is: 440
[2019-04-12 04:19:58] spend time is: 440
[2019-04-12 04:19:58] spend time is: 440
[2019-04-12 04:19:58] spend time is: 440
[2019-04-12 04:20:01] redis-ha-3.3.5.tgz update done.
[2019-04-12 04:20:01] redis-ha-3.3.4.tgz update done.
[2019-04-12 04:20:05] redmine-9.3.1.tgz update done.
[2019-04-12 04:20:05] redmine-9.3.0.tgz update done.
[2019-04-12 04:20:08] spend time is: 450
[2019-04-12 04:20:08] spend time is: 450
[2019-04-12 04:20:08] spend time is: 450
[2019-04-12 04:20:08] spend time is: 450
[2019-04-12 04:20:08] spend time is: 450
[2019-04-12 04:20:08] spend time is: 450
[2019-04-12 04:20:08] spend time is: 450
[2019-04-12 04:20:08] spend time is: 450
[2019-04-12 04:20:08] spend time is: 450
[2019-04-12 04:20:08] spend time is: 450
[2019-04-12 04:20:16] schema-registry-ui-0.4.0.tgz update done.
[2019-04-12 04:20:17] sealed-secrets-1.0.2.tgz update done.
[2019-04-12 04:20:18] spend time is: 460
[2019-04-12 04:20:18] spend time is: 460
[2019-04-12 04:20:18] spend time is: 460
[2019-04-12 04:20:18] spend time is: 460
[2019-04-12 04:20:18] selenium-1.0.7.tgz update done.
[2019-04-12 04:20:18] spend time is: 460
[2019-04-12 04:20:18] selenium-1.0.6.tgz update done.
[2019-04-12 04:20:18] spend time is: 460
[2019-04-12 04:20:18] spend time is: 460
[2019-04-12 04:20:18] spend time is: 460
[2019-04-12 04:20:18] spend time is: 460
[2019-04-12 04:20:28] spend time is: 470
[2019-04-12 04:20:28] spend time is: 470
[2019-04-12 04:20:28] spend time is: 470
[2019-04-12 04:20:28] spend time is: 470
[2019-04-12 04:20:28] spend time is: 470
[2019-04-12 04:20:28] spend time is: 470
[2019-04-12 04:20:28] spend time is: 470
[2019-04-12 04:20:28] spend time is: 470
[2019-04-12 04:20:28] spend time is: 470
[2019-04-12 04:20:28] spend time is: 470
[2019-04-12 04:20:38] spend time is: 480
[2019-04-12 04:20:38] spend time is: 480
[2019-04-12 04:20:38] spend time is: 480
[2019-04-12 04:20:38] spend time is: 480
[2019-04-12 04:20:38] spend time is: 480
[2019-04-12 04:20:38] spend time is: 480
[2019-04-12 04:20:38] spend time is: 480
[2019-04-12 04:20:38] spend time is: 480
[2019-04-12 04:20:38] spend time is: 480
[2019-04-12 04:20:39] spark-history-server-0.5.0.tgz update done.
[2019-04-12 04:20:39] spend time is: 480
[2019-04-12 04:20:48] spend time is: 490
[2019-04-12 04:20:48] spend time is: 490
[2019-04-12 04:20:48] spend time is: 490
[2019-04-12 04:20:48] spend time is: 490
[2019-04-12 04:20:48] spend time is: 490
[2019-04-12 04:20:48] spend time is: 490
[2019-04-12 04:20:48] spend time is: 490
[2019-04-12 04:20:48] spend time is: 490
[2019-04-12 04:20:48] spend time is: 490
[2019-04-12 04:20:51] suitecrm-5.3.1.tgz update done.
[2019-04-12 04:20:51] suitecrm-5.3.0.tgz update done.
[2019-04-12 04:20:58] spend time is: 500
[2019-04-12 04:20:58] spend time is: 500
[2019-04-12 04:20:58] spend time is: 500
[2019-04-12 04:20:58] spend time is: 500
[2019-04-12 04:20:58] spend time is: 500
[2019-04-12 04:20:58] spend time is: 500
[2019-04-12 04:20:58] spend time is: 500
[2019-04-12 04:20:58] spend time is: 500
[2019-04-12 04:20:58] spend time is: 500
[2019-04-12 04:20:58] spend time is: 500
[2019-04-12 04:21:01] sysdig-1.4.2.tgz update done.
[2019-04-12 04:21:01] sysdig-1.4.1.tgz update done.
[2019-04-12 04:21:03] telegraf-1.0.0.tgz update done.
[2019-04-12 04:21:05] testlink-4.3.0.tgz update done.
[2019-04-12 04:21:08] spend time is: 510
[2019-04-12 04:21:08] spend time is: 510
[2019-04-12 04:21:08] spend time is: 510
[2019-04-12 04:21:08] spend time is: 510
[2019-04-12 04:21:08] spend time is: 510
[2019-04-12 04:21:08] spend time is: 510
[2019-04-12 04:21:08] spend time is: 510
[2019-04-12 04:21:08] spend time is: 510
[2019-04-12 04:21:08] spend time is: 510
[2019-04-12 04:21:08] spend time is: 510
[2019-04-12 04:21:10] traefik-1.66.0.tgz update done.
[2019-04-12 04:21:11] traefik-1.65.0.tgz update done.
[2019-04-12 04:21:18] spend time is: 520
[2019-04-12 04:21:18] spend time is: 520
[2019-04-12 04:21:18] spend time is: 520
[2019-04-12 04:21:18] spend time is: 520
[2019-04-12 04:21:18] spend time is: 520
[2019-04-12 04:21:18] spend time is: 520
[2019-04-12 04:21:18] spend time is: 520
[2019-04-12 04:21:18] spend time is: 520
[2019-04-12 04:21:18] spend time is: 520
[2019-04-12 04:21:18] spend time is: 520
[2019-04-12 04:21:25] unifi-0.4.0.tgz update done.
[2019-04-12 04:21:28] spend time is: 530
[2019-04-12 04:21:28] spend time is: 530
[2019-04-12 04:21:28] spend time is: 530
[2019-04-12 04:21:28] spend time is: 530
[2019-04-12 04:21:28] spend time is: 530
[2019-04-12 04:21:28] spend time is: 530
[2019-04-12 04:21:28] spend time is: 530
[2019-04-12 04:21:28] spend time is: 530
[2019-04-12 04:21:28] spend time is: 530
[2019-04-12 04:21:30] wavefront-1.0.0.tgz update done.
[2019-04-12 04:21:32] wordpress-5.8.0.tgz update done.
[2019-04-12 04:21:32] wordpress-5.7.1.tgz update done.
[2019-04-12 04:21:38] spend time is: 540
[2019-04-12 04:21:38] spend time is: 540
[2019-04-12 04:21:38] spend time is: 540
[2019-04-12 04:21:38] spend time is: 540
[2019-04-12 04:21:38] spend time is: 540
[2019-04-12 04:21:38] spend time is: 540
[2019-04-12 04:21:38] spend time is: 540
[2019-04-12 04:21:38] spend time is: 540
[2019-04-12 04:21:38] spend time is: 540
[2019-04-12 04:21:38] spend time is: 540
Already up to date.
