Fetching origin
Warning: Permanently added the RSA host key for IP address '192.30.253.112' to the list of known hosts.
From github.com:babyshen/helm-charts-mirror
 * [new branch]      gh-pages   -> origin/gh-pages
 * [new branch]      master     -> origin/master
Previous HEAD position was 6f4bc38... restore bug
Switched to a new branch 'gh-pages'
Branch 'gh-pages' set up to track remote branch 'gh-pages' from 'origin'.
Already up to date.
Branch 'gh-pages' set up to track remote branch 'gh-pages' from 'origin'.
  % Total    % Received % Xferd  Average Speed   Time    Time     Time  Current
                                 Dload  Upload   Total   Spent    Left  Speed
  0     0    0     0    0     0      0      0 --:--:-- --:--:-- --:--:--     0 17 4469k   17  769k    0     0  4552k      0 --:--:-- --:--:-- --:--:-- 4552k100 4469k  100 4469k    0     0  6444k      0 --:--:-- --:--:-- --:--:-- 6440k
[2019-04-21 04:18:53] spend time is: 30
[2019-04-21 04:18:55] airflow-2.4.4.tgz update done.
[2019-04-21 04:19:00] ark-4.2.2.tgz update done.
[2019-04-21 04:19:03] spend time is: 40
[2019-04-21 04:19:03] spend time is: 40
[2019-04-21 04:19:03] spend time is: 40
[2019-04-21 04:19:03] spend time is: 40
[2019-04-21 04:19:03] spend time is: 40
[2019-04-21 04:19:03] spend time is: 40
[2019-04-21 04:19:03] spend time is: 40
[2019-04-21 04:19:03] spend time is: 40
[2019-04-21 04:19:03] spend time is: 40
[2019-04-21 04:19:03] spend time is: 40
[2019-04-21 04:19:03] spend time is: 40
[2019-04-21 04:19:03] spend time is: 40
[2019-04-21 04:19:03] spend time is: 40
[2019-04-21 04:19:13] spend time is: 50
[2019-04-21 04:19:13] spend time is: 50
[2019-04-21 04:19:13] spend time is: 50
[2019-04-21 04:19:13] spend time is: 50
[2019-04-21 04:19:13] spend time is: 50
[2019-04-21 04:19:13] spend time is: 50
[2019-04-21 04:19:13] spend time is: 50
[2019-04-21 04:19:13] spend time is: 50
[2019-04-21 04:19:13] spend time is: 50
[2019-04-21 04:19:13] spend time is: 50
[2019-04-21 04:19:13] spend time is: 50
[2019-04-21 04:19:13] chartmuseum-2.3.0.tgz update done.
[2019-04-21 04:19:13] spend time is: 50
[2019-04-21 04:19:23] spend time is: 60
[2019-04-21 04:19:23] spend time is: 60
[2019-04-21 04:19:23] spend time is: 60
[2019-04-21 04:19:23] spend time is: 60
[2019-04-21 04:19:23] spend time is: 60
[2019-04-21 04:19:23] spend time is: 60
[2019-04-21 04:19:23] spend time is: 60
[2019-04-21 04:19:23] spend time is: 60
[2019-04-21 04:19:23] spend time is: 60
[2019-04-21 04:19:23] spend time is: 60
[2019-04-21 04:19:23] spend time is: 60
[2019-04-21 04:19:23] spend time is: 60
[2019-04-21 04:19:24] spend time is: 60
[2019-04-21 04:19:33] spend time is: 70
[2019-04-21 04:19:33] spend time is: 70
[2019-04-21 04:19:33] spend time is: 70
[2019-04-21 04:19:33] spend time is: 70
[2019-04-21 04:19:33] spend time is: 70
[2019-04-21 04:19:33] spend time is: 70
[2019-04-21 04:19:33] spend time is: 70
[2019-04-21 04:19:33] spend time is: 70
[2019-04-21 04:19:33] spend time is: 70
[2019-04-21 04:19:33] spend time is: 70
[2019-04-21 04:19:33] spend time is: 70
[2019-04-21 04:19:33] spend time is: 70
[2019-04-21 04:19:33] spend time is: 70
[2019-04-21 04:19:36] datadog-1.27.2.tgz update done.
[2019-04-21 04:19:36] datadog-1.27.1.tgz update done.
[2019-04-21 04:19:43] spend time is: 80
[2019-04-21 04:19:43] spend time is: 80
[2019-04-21 04:19:43] spend time is: 80
[2019-04-21 04:19:43] spend time is: 80
[2019-04-21 04:19:43] spend time is: 80
[2019-04-21 04:19:43] spend time is: 80
[2019-04-21 04:19:43] spend time is: 80
[2019-04-21 04:19:43] spend time is: 80
[2019-04-21 04:19:43] spend time is: 80
[2019-04-21 04:19:43] spend time is: 80
[2019-04-21 04:19:43] spend time is: 80
[2019-04-21 04:19:43] spend time is: 80
[2019-04-21 04:19:43] spend time is: 80
[2019-04-21 04:19:44] spend time is: 80
[2019-04-21 04:19:44] distribution-0.4.2.tgz update done.
[2019-04-21 04:19:52] drupal-3.2.3.tgz update done.
[2019-04-21 04:19:53] spend time is: 90
[2019-04-21 04:19:53] spend time is: 90
[2019-04-21 04:19:53] spend time is: 90
[2019-04-21 04:19:53] spend time is: 90
[2019-04-21 04:19:53] spend time is: 90
[2019-04-21 04:19:53] spend time is: 90
[2019-04-21 04:19:53] spend time is: 90
[2019-04-21 04:19:53] spend time is: 90
[2019-04-21 04:19:53] spend time is: 90
[2019-04-21 04:19:53] spend time is: 90
[2019-04-21 04:19:53] spend time is: 90
[2019-04-21 04:19:53] spend time is: 90
[2019-04-21 04:19:53] spend time is: 90
[2019-04-21 04:20:01] elastic-stack-1.6.0.tgz update done.
[2019-04-21 04:20:02] elasticsearch-1.25.0.tgz update done.
[2019-04-21 04:20:03] spend time is: 100
[2019-04-21 04:20:03] spend time is: 100
[2019-04-21 04:20:03] spend time is: 100
[2019-04-21 04:20:03] spend time is: 100
[2019-04-21 04:20:03] spend time is: 100
[2019-04-21 04:20:03] spend time is: 100
[2019-04-21 04:20:03] spend time is: 100
[2019-04-21 04:20:03] spend time is: 100
[2019-04-21 04:20:03] spend time is: 100
[2019-04-21 04:20:03] spend time is: 100
[2019-04-21 04:20:03] spend time is: 100
[2019-04-21 04:20:03] spend time is: 100
[2019-04-21 04:20:05] elasticsearch-exporter-1.2.0.tgz update done.
[2019-04-21 04:20:13] spend time is: 110
[2019-04-21 04:20:13] spend time is: 110
[2019-04-21 04:20:13] spend time is: 110
[2019-04-21 04:20:13] spend time is: 110
[2019-04-21 04:20:13] spend time is: 110
[2019-04-21 04:20:13] spend time is: 110
[2019-04-21 04:20:13] spend time is: 110
[2019-04-21 04:20:13] spend time is: 110
[2019-04-21 04:20:13] spend time is: 110
[2019-04-21 04:20:13] spend time is: 110
[2019-04-21 04:20:13] spend time is: 110
[2019-04-21 04:20:13] spend time is: 110
[2019-04-21 04:20:13] spend time is: 110
[2019-04-21 04:20:14] spend time is: 110
[2019-04-21 04:20:23] spend time is: 120
[2019-04-21 04:20:23] spend time is: 120
[2019-04-21 04:20:23] spend time is: 120
[2019-04-21 04:20:23] spend time is: 120
[2019-04-21 04:20:23] spend time is: 120
[2019-04-21 04:20:23] spend time is: 120
[2019-04-21 04:20:23] spend time is: 120
[2019-04-21 04:20:23] fluentd-1.7.0.tgz update done.
[2019-04-21 04:20:23] spend time is: 120
[2019-04-21 04:20:23] spend time is: 120
[2019-04-21 04:20:23] spend time is: 120
[2019-04-21 04:20:23] spend time is: 120
[2019-04-21 04:20:23] spend time is: 120
[2019-04-21 04:20:23] spend time is: 120
[2019-04-21 04:20:28] ghost-6.7.8.tgz update done.
[2019-04-21 04:20:28] ghost-6.7.9.tgz update done.
[2019-04-21 04:20:33] spend time is: 130
[2019-04-21 04:20:33] spend time is: 130
[2019-04-21 04:20:33] spend time is: 130
[2019-04-21 04:20:33] spend time is: 130
[2019-04-21 04:20:33] spend time is: 130
[2019-04-21 04:20:33] spend time is: 130
[2019-04-21 04:20:33] spend time is: 130
[2019-04-21 04:20:33] spend time is: 130
[2019-04-21 04:20:33] spend time is: 130
[2019-04-21 04:20:33] spend time is: 130
[2019-04-21 04:20:33] spend time is: 130
[2019-04-21 04:20:33] spend time is: 130
[2019-04-21 04:20:33] spend time is: 130
[2019-04-21 04:20:41] gocd-1.8.1.tgz update done.
[2019-04-21 04:20:43] spend time is: 140
[2019-04-21 04:20:43] spend time is: 140
[2019-04-21 04:20:43] spend time is: 140
[2019-04-21 04:20:43] spend time is: 140
[2019-04-21 04:20:43] spend time is: 140
[2019-04-21 04:20:43] spend time is: 140
[2019-04-21 04:20:43] spend time is: 140
[2019-04-21 04:20:43] spend time is: 140
[2019-04-21 04:20:43] spend time is: 140
[2019-04-21 04:20:43] spend time is: 140
[2019-04-21 04:20:43] spend time is: 140
[2019-04-21 04:20:43] spend time is: 140
[2019-04-21 04:20:43] spend time is: 140
[2019-04-21 04:20:43] spend time is: 140
[2019-04-21 04:20:44] spend time is: 140
[2019-04-21 04:20:53] spend time is: 150
[2019-04-21 04:20:53] spend time is: 150
[2019-04-21 04:20:53] spend time is: 150
[2019-04-21 04:20:53] spend time is: 150
[2019-04-21 04:20:53] spend time is: 150
[2019-04-21 04:20:53] spend time is: 150
[2019-04-21 04:20:53] spend time is: 150
[2019-04-21 04:20:53] spend time is: 150
[2019-04-21 04:20:53] spend time is: 150
[2019-04-21 04:20:53] spend time is: 150
[2019-04-21 04:20:53] spend time is: 150
[2019-04-21 04:20:53] spend time is: 150
[2019-04-21 04:20:53] spend time is: 150
[2019-04-21 04:20:53] spend time is: 150
[2019-04-21 04:20:53] spend time is: 150
[2019-04-21 04:20:55] graylog-0.1.3.tgz update done.
[2019-04-21 04:21:03] spend time is: 160
[2019-04-21 04:21:03] spend time is: 160
[2019-04-21 04:21:03] spend time is: 160
[2019-04-21 04:21:03] spend time is: 160
[2019-04-21 04:21:03] spend time is: 160
[2019-04-21 04:21:03] spend time is: 160
[2019-04-21 04:21:03] spend time is: 160
[2019-04-21 04:21:03] spend time is: 160
[2019-04-21 04:21:03] spend time is: 160
[2019-04-21 04:21:03] spend time is: 160
[2019-04-21 04:21:03] spend time is: 160
[2019-04-21 04:21:03] spend time is: 160
[2019-04-21 04:21:03] spend time is: 160
[2019-04-21 04:21:03] spend time is: 160
[2019-04-21 04:21:07] janusgraph-0.2.0.tgz update done.
[2019-04-21 04:21:11] jenkins-0.39.0.tgz update done.
[2019-04-21 04:21:13] spend time is: 170
[2019-04-21 04:21:13] spend time is: 170
[2019-04-21 04:21:13] spend time is: 170
[2019-04-21 04:21:13] spend time is: 170
[2019-04-21 04:21:13] spend time is: 170
[2019-04-21 04:21:13] spend time is: 170
[2019-04-21 04:21:13] spend time is: 170
[2019-04-21 04:21:13] spend time is: 170
[2019-04-21 04:21:13] spend time is: 170
[2019-04-21 04:21:13] spend time is: 170
[2019-04-21 04:21:13] spend time is: 170
[2019-04-21 04:21:13] spend time is: 170
[2019-04-21 04:21:13] spend time is: 170
[2019-04-21 04:21:13] spend time is: 170
[2019-04-21 04:21:23] spend time is: 180
[2019-04-21 04:21:23] spend time is: 180
[2019-04-21 04:21:23] spend time is: 180
[2019-04-21 04:21:23] spend time is: 180
[2019-04-21 04:21:23] spend time is: 180
[2019-04-21 04:21:23] spend time is: 180
[2019-04-21 04:21:23] spend time is: 180
[2019-04-21 04:21:23] spend time is: 180
[2019-04-21 04:21:23] spend time is: 180
[2019-04-21 04:21:23] spend time is: 180
[2019-04-21 04:21:23] spend time is: 180
[2019-04-21 04:21:23] spend time is: 180
[2019-04-21 04:21:33] spend time is: 190
[2019-04-21 04:21:33] spend time is: 190
[2019-04-21 04:21:33] spend time is: 190
[2019-04-21 04:21:33] spend time is: 190
[2019-04-21 04:21:33] spend time is: 190
[2019-04-21 04:21:33] spend time is: 190
[2019-04-21 04:21:33] spend time is: 190
[2019-04-21 04:21:33] spend time is: 190
[2019-04-21 04:21:33] spend time is: 190
[2019-04-21 04:21:33] spend time is: 190
[2019-04-21 04:21:33] spend time is: 190
[2019-04-21 04:21:33] spend time is: 190
[2019-04-21 04:21:33] spend time is: 190
[2019-04-21 04:21:43] spend time is: 200
[2019-04-21 04:21:43] spend time is: 200
[2019-04-21 04:21:43] spend time is: 200
[2019-04-21 04:21:43] spend time is: 200
[2019-04-21 04:21:43] spend time is: 200
[2019-04-21 04:21:43] spend time is: 200
[2019-04-21 04:21:43] spend time is: 200
[2019-04-21 04:21:43] spend time is: 200
[2019-04-21 04:21:43] spend time is: 200
[2019-04-21 04:21:43] spend time is: 200
[2019-04-21 04:21:43] spend time is: 200
[2019-04-21 04:21:43] spend time is: 200
[2019-04-21 04:21:44] spend time is: 200
[2019-04-21 04:21:44] kube-ops-view-0.7.0.tgz update done.
[2019-04-21 04:21:53] spend time is: 210
[2019-04-21 04:21:53] spend time is: 210
[2019-04-21 04:21:53] spend time is: 210
[2019-04-21 04:21:53] spend time is: 210
[2019-04-21 04:21:53] spend time is: 210
[2019-04-21 04:21:53] spend time is: 210
[2019-04-21 04:21:53] spend time is: 210
[2019-04-21 04:21:53] spend time is: 210
[2019-04-21 04:21:53] spend time is: 210
[2019-04-21 04:21:53] spend time is: 210
[2019-04-21 04:21:53] spend time is: 210
[2019-04-21 04:21:53] spend time is: 210
[2019-04-21 04:21:53] spend time is: 210
[2019-04-21 04:21:58] locust-0.4.0.tgz update done.
[2019-04-21 04:21:59] logdna-agent-1.0.0.tgz update done.
[2019-04-21 04:22:03] spend time is: 220
[2019-04-21 04:22:03] spend time is: 220
[2019-04-21 04:22:03] spend time is: 220
[2019-04-21 04:22:03] spend time is: 220
[2019-04-21 04:22:03] spend time is: 220
[2019-04-21 04:22:03] spend time is: 220
[2019-04-21 04:22:03] spend time is: 220
[2019-04-21 04:22:03] spend time is: 220
[2019-04-21 04:22:03] spend time is: 220
[2019-04-21 04:22:03] spend time is: 220
[2019-04-21 04:22:03] spend time is: 220
[2019-04-21 04:22:03] spend time is: 220
[2019-04-21 04:22:03] spend time is: 220
[2019-04-21 04:22:13] spend time is: 230
[2019-04-21 04:22:13] spend time is: 230
[2019-04-21 04:22:13] spend time is: 230
[2019-04-21 04:22:13] spend time is: 230
[2019-04-21 04:22:13] spend time is: 230
[2019-04-21 04:22:13] spend time is: 230
[2019-04-21 04:22:13] spend time is: 230
[2019-04-21 04:22:13] spend time is: 230
[2019-04-21 04:22:13] spend time is: 230
[2019-04-21 04:22:13] spend time is: 230
[2019-04-21 04:22:13] spend time is: 230
[2019-04-21 04:22:13] spend time is: 230
[2019-04-21 04:22:13] spend time is: 230
[2019-04-21 04:22:23] spend time is: 240
[2019-04-21 04:22:23] spend time is: 240
[2019-04-21 04:22:23] spend time is: 240
[2019-04-21 04:22:23] spend time is: 240
[2019-04-21 04:22:23] spend time is: 240
[2019-04-21 04:22:23] spend time is: 240
[2019-04-21 04:22:23] spend time is: 240
[2019-04-21 04:22:23] spend time is: 240
[2019-04-21 04:22:23] spend time is: 240
[2019-04-21 04:22:23] spend time is: 240
[2019-04-21 04:22:23] spend time is: 240
[2019-04-21 04:22:23] spend time is: 240
[2019-04-21 04:22:28] minio-2.4.13.tgz update done.
[2019-04-21 04:22:33] spend time is: 250
[2019-04-21 04:22:33] spend time is: 250
[2019-04-21 04:22:33] spend time is: 250
[2019-04-21 04:22:33] spend time is: 250
[2019-04-21 04:22:33] spend time is: 250
[2019-04-21 04:22:33] spend time is: 250
[2019-04-21 04:22:33] spend time is: 250
[2019-04-21 04:22:33] spend time is: 250
[2019-04-21 04:22:33] spend time is: 250
[2019-04-21 04:22:33] spend time is: 250
[2019-04-21 04:22:33] spend time is: 250
[2019-04-21 04:22:33] spend time is: 250
[2019-04-21 04:22:33] spend time is: 250
[2019-04-21 04:22:34] mongodb-5.16.2.tgz update done.
[2019-04-21 04:22:43] spend time is: 260
[2019-04-21 04:22:43] spend time is: 260
[2019-04-21 04:22:43] spend time is: 260
[2019-04-21 04:22:43] spend time is: 260
[2019-04-21 04:22:43] spend time is: 260
[2019-04-21 04:22:43] spend time is: 260
[2019-04-21 04:22:43] spend time is: 260
[2019-04-21 04:22:43] spend time is: 260
[2019-04-21 04:22:43] spend time is: 260
[2019-04-21 04:22:43] spend time is: 260
[2019-04-21 04:22:43] spend time is: 260
[2019-04-21 04:22:43] spend time is: 260
[2019-04-21 04:22:44] spend time is: 260
[2019-04-21 04:22:53] spend time is: 270
[2019-04-21 04:22:53] spend time is: 270
[2019-04-21 04:22:53] spend time is: 270
[2019-04-21 04:22:53] spend time is: 270
[2019-04-21 04:22:53] spend time is: 270
[2019-04-21 04:22:53] spend time is: 270
[2019-04-21 04:22:53] spend time is: 270
[2019-04-21 04:22:53] spend time is: 270
[2019-04-21 04:22:53] spend time is: 270
[2019-04-21 04:22:53] spend time is: 270
[2019-04-21 04:22:53] spend time is: 270
[2019-04-21 04:22:53] spend time is: 270
[2019-04-21 04:23:03] spend time is: 280
[2019-04-21 04:23:03] spend time is: 280
[2019-04-21 04:23:03] spend time is: 280
[2019-04-21 04:23:03] spend time is: 280
[2019-04-21 04:23:03] spend time is: 280
[2019-04-21 04:23:03] spend time is: 280
[2019-04-21 04:23:03] spend time is: 280
[2019-04-21 04:23:03] spend time is: 280
[2019-04-21 04:23:03] spend time is: 280
[2019-04-21 04:23:03] spend time is: 280
[2019-04-21 04:23:03] spend time is: 280
[2019-04-21 04:23:03] spend time is: 280
[2019-04-21 04:23:03] spend time is: 280
[2019-04-21 04:23:04] spend time is: 280
[2019-04-21 04:23:13] spend time is: 290
[2019-04-21 04:23:13] spend time is: 290
[2019-04-21 04:23:13] spend time is: 290
[2019-04-21 04:23:13] spend time is: 290
[2019-04-21 04:23:13] spend time is: 290
[2019-04-21 04:23:13] spend time is: 290
[2019-04-21 04:23:13] spend time is: 290
[2019-04-21 04:23:13] spend time is: 290
[2019-04-21 04:23:13] spend time is: 290
[2019-04-21 04:23:13] spend time is: 290
[2019-04-21 04:23:13] spend time is: 290
[2019-04-21 04:23:13] spend time is: 290
[2019-04-21 04:23:23] spend time is: 300
[2019-04-21 04:23:23] spend time is: 300
[2019-04-21 04:23:23] spend time is: 300
[2019-04-21 04:23:23] spend time is: 300
Warning: Permanently added the RSA host key for IP address '192.30.253.113' to the list of known hosts.
Already up to date.
Already up to date.
fatal: Unable to create '/home/travis/build/babyshen/helm-charts-mirror/.git/index.lock': File exists.

Another git process seems to be running in this repository, e.g.
an editor opened by 'git commit'. Please make sure all processes
are terminated then try again. If it still fails, a git process
may have crashed in this repository earlier:
remove the file manually to continue.
Already up to date.
fatal: Unable to create '/home/travis/build/babyshen/helm-charts-mirror/.git/index.lock': File exists.

Another git process seems to be running in this repository, e.g.
an editor opened by 'git commit'. Please make sure all processes
are terminated then try again. If it still fails, a git process
may have crashed in this repository earlier:
remove the file manually to continue.
Already up to date.
fatal: Unable to create '/home/travis/build/babyshen/helm-charts-mirror/.git/index.lock': File exists.

Another git process seems to be running in this repository, e.g.
an editor opened by 'git commit'. Please make sure all processes
are terminated then try again. If it still fails, a git process
may have crashed in this repository earlier:
remove the file manually to continue.
[gh-pages 1fc9e9b] Synchronizing completion at 2019-04-21
 26 files changed, 1541 insertions(+), 288 deletions(-)
 rewrite airflow-2.4.4.tgz (99%)
 create mode 100644 ark-4.2.2.tgz
 create mode 100644 chartmuseum-2.3.0.tgz
 create mode 100644 datadog-1.27.1.tgz
 create mode 100644 datadog-1.27.2.tgz
 rewrite distribution-0.4.2.tgz (99%)
 create mode 100644 drupal-3.2.3.tgz
 rewrite elastic-stack-1.6.0.tgz (98%)
 create mode 100644 elasticsearch-1.25.0.tgz
 create mode 100644 elasticsearch-exporter-1.2.0.tgz
 create mode 100644 fluentd-1.7.0.tgz
 create mode 100644 ghost-6.7.8.tgz
 create mode 100644 ghost-6.7.9.tgz
 create mode 100644 gocd-1.8.1.tgz
 rewrite graylog-0.1.3.tgz (94%)
 create mode 100644 jenkins-0.39.0.tgz
 rewrite kube-ops-view-0.7.0.tgz (83%)
 create mode 100644 locust-0.4.0.tgz
 create mode 100644 logdna-agent-1.0.0.tgz
 create mode 100644 minio-2.4.13.tgz
 create mode 100644 mongodb-5.16.2.tgz
 create mode 100644 travis_wait_2083.log
To github.com:babyshen/helm-charts-mirror.git
   181462d..1fc9e9b  gh-pages -> gh-pages
Branch 'gh-pages' set up to track remote branch 'gh-pages' from 'origin'.
[2019-04-21 04:23:33] openldap-0.4.0.tgz update done.
[2019-04-21 04:23:33] spend time is: 310
[2019-04-21 04:23:33] spend time is: 310
[2019-04-21 04:23:33] spend time is: 310
[2019-04-21 04:23:33] spend time is: 310
[2019-04-21 04:23:33] spend time is: 310
[2019-04-21 04:23:33] spend time is: 310
[2019-04-21 04:23:33] spend time is: 310
[2019-04-21 04:23:33] spend time is: 310
[2019-04-21 04:23:33] spend time is: 310
[2019-04-21 04:23:43] spend time is: 320
[2019-04-21 04:23:43] spend time is: 320
[2019-04-21 04:23:43] spend time is: 320
[2019-04-21 04:23:43] spend time is: 320
[2019-04-21 04:23:43] spend time is: 320
[2019-04-21 04:23:43] spend time is: 320
[2019-04-21 04:23:43] spend time is: 320
[2019-04-21 04:23:43] spend time is: 320
[2019-04-21 04:23:43] spend time is: 320
[2019-04-21 04:23:43] spend time is: 320
[2019-04-21 04:23:53] spend time is: 330
[2019-04-21 04:23:53] spend time is: 330
[2019-04-21 04:23:53] spend time is: 330
[2019-04-21 04:23:53] spend time is: 330
[2019-04-21 04:23:53] spend time is: 330
[2019-04-21 04:23:53] spend time is: 330
[2019-04-21 04:23:53] spend time is: 330
[2019-04-21 04:23:53] spend time is: 330
[2019-04-21 04:23:53] spend time is: 330
[2019-04-21 04:23:53] spend time is: 330
[2019-04-21 04:24:00] percona-0.3.5.tgz update done.
[2019-04-21 04:24:01] percona-xtradb-cluster-0.7.0.tgz update done.
[2019-04-21 04:24:03] spend time is: 340
[2019-04-21 04:24:03] spend time is: 340
[2019-04-21 04:24:03] spend time is: 340
[2019-04-21 04:24:03] spend time is: 340
[2019-04-21 04:24:03] spend time is: 340
[2019-04-21 04:24:03] spend time is: 340
[2019-04-21 04:24:03] spend time is: 340
[2019-04-21 04:24:03] spend time is: 340
[2019-04-21 04:24:03] spend time is: 340
[2019-04-21 04:24:03] spend time is: 340
[2019-04-21 04:24:13] spend time is: 350
[2019-04-21 04:24:13] spend time is: 350
[2019-04-21 04:24:13] spend time is: 350
[2019-04-21 04:24:13] spend time is: 350
[2019-04-21 04:24:13] spend time is: 350
[2019-04-21 04:24:13] spend time is: 350
[2019-04-21 04:24:13] spend time is: 350
[2019-04-21 04:24:13] spend time is: 350
[2019-04-21 04:24:13] spend time is: 350
[2019-04-21 04:24:13] spend time is: 350
[2019-04-21 04:24:23] postgresql-3.18.1.tgz update done.
[2019-04-21 04:24:23] spend time is: 360
[2019-04-21 04:24:23] postgresql-3.18.0.tgz update done.
[2019-04-21 04:24:23] spend time is: 360
[2019-04-21 04:24:23] spend time is: 360
[2019-04-21 04:24:23] spend time is: 360
[2019-04-21 04:24:23] spend time is: 360
[2019-04-21 04:24:23] spend time is: 360
[2019-04-21 04:24:23] spend time is: 360
[2019-04-21 04:24:33] spend time is: 370
[2019-04-21 04:24:33] spend time is: 370
[2019-04-21 04:24:33] spend time is: 370
[2019-04-21 04:24:33] spend time is: 370
[2019-04-21 04:24:33] spend time is: 370
[2019-04-21 04:24:33] spend time is: 370
[2019-04-21 04:24:33] spend time is: 370
[2019-04-21 04:24:33] spend time is: 370
[2019-04-21 04:24:33] spend time is: 370
[2019-04-21 04:24:33] spend time is: 370
[2019-04-21 04:24:43] spend time is: 380
[2019-04-21 04:24:43] spend time is: 380
[2019-04-21 04:24:43] spend time is: 380
[2019-04-21 04:24:43] spend time is: 380
[2019-04-21 04:24:43] spend time is: 380
[2019-04-21 04:24:43] spend time is: 380
[2019-04-21 04:24:43] spend time is: 380
[2019-04-21 04:24:43] presto-0.1.1.tgz update done.
[2019-04-21 04:24:43] spend time is: 380
[2019-04-21 04:24:44] spend time is: 380
[2019-04-21 04:24:44] prometheus-8.10.0.tgz update done.
[2019-04-21 04:24:53] spend time is: 390
[2019-04-21 04:24:53] spend time is: 390
[2019-04-21 04:24:53] spend time is: 390
[2019-04-21 04:24:53] spend time is: 390
[2019-04-21 04:24:53] spend time is: 390
[2019-04-21 04:24:53] spend time is: 390
[2019-04-21 04:24:53] spend time is: 390
[2019-04-21 04:24:53] spend time is: 390
[2019-04-21 04:24:53] spend time is: 390
[2019-04-21 04:24:53] spend time is: 390
[2019-04-21 04:24:59] prometheus-blackbox-exporter-0.2.1.tgz update done.
[2019-04-21 04:25:02] prometheus-mongodb-exporter-1.1.1.tgz update done.
[2019-04-21 04:25:03] spend time is: 400
[2019-04-21 04:25:03] spend time is: 400
[2019-04-21 04:25:03] spend time is: 400
[2019-04-21 04:25:03] spend time is: 400
[2019-04-21 04:25:03] spend time is: 400
[2019-04-21 04:25:03] spend time is: 400
[2019-04-21 04:25:03] spend time is: 400
[2019-04-21 04:25:03] spend time is: 400
[2019-04-21 04:25:03] spend time is: 400
[2019-04-21 04:25:03] spend time is: 400
[2019-04-21 04:25:05] prometheus-operator-5.1.0.tgz update done.
[2019-04-21 04:25:05] prometheus-operator-5.0.13.tgz update done.
[2019-04-21 04:25:05] prometheus-operator-5.0.12.tgz update done.
[2019-04-21 04:25:13] spend time is: 410
[2019-04-21 04:25:13] spend time is: 410
[2019-04-21 04:25:13] spend time is: 410
[2019-04-21 04:25:13] spend time is: 410
[2019-04-21 04:25:13] spend time is: 410
[2019-04-21 04:25:13] spend time is: 410
[2019-04-21 04:25:13] spend time is: 410
[2019-04-21 04:25:13] spend time is: 410
[2019-04-21 04:25:13] spend time is: 410
[2019-04-21 04:25:13] spend time is: 410
[2019-04-21 04:25:16] prometheus-pushgateway-0.4.0.tgz update done.
[2019-04-21 04:25:20] rabbitmq-5.5.0.tgz update done.
[2019-04-21 04:25:20] rabbitmq-5.4.1.tgz update done.
[2019-04-21 04:25:21] rabbitmq-5.4.0.tgz update done.
[2019-04-21 04:25:21] rabbitmq-5.3.0.tgz update done.
[2019-04-21 04:25:21] rabbitmq-5.2.0.tgz update done.
[2019-04-21 04:25:23] spend time is: 420
[2019-04-21 04:25:23] spend time is: 420
[2019-04-21 04:25:23] spend time is: 420
[2019-04-21 04:25:23] spend time is: 420
[2019-04-21 04:25:23] spend time is: 420
[2019-04-21 04:25:23] spend time is: 420
[2019-04-21 04:25:23] spend time is: 420
[2019-04-21 04:25:23] spend time is: 420
[2019-04-21 04:25:23] spend time is: 420
[2019-04-21 04:25:23] spend time is: 420
[2019-04-21 04:25:33] spend time is: 430
[2019-04-21 04:25:33] spend time is: 430
[2019-04-21 04:25:33] spend time is: 430
[2019-04-21 04:25:33] spend time is: 430
[2019-04-21 04:25:33] spend time is: 430
[2019-04-21 04:25:33] rabbitmq-ha-1.25.0.tgz update done.
[2019-04-21 04:25:33] spend time is: 430
[2019-04-21 04:25:33] spend time is: 430
[2019-04-21 04:25:33] spend time is: 430
[2019-04-21 04:25:33] spend time is: 430
[2019-04-21 04:25:40] redis-6.4.5.tgz update done.
[2019-04-21 04:25:43] spend time is: 440
[2019-04-21 04:25:43] spend time is: 440
[2019-04-21 04:25:43] spend time is: 440
[2019-04-21 04:25:43] spend time is: 440
[2019-04-21 04:25:43] spend time is: 440
[2019-04-21 04:25:43] spend time is: 440
[2019-04-21 04:25:43] spend time is: 440
[2019-04-21 04:25:43] spend time is: 440
[2019-04-21 04:25:43] spend time is: 440
[2019-04-21 04:25:43] spend time is: 440
[2019-04-21 04:25:53] spend time is: 450
[2019-04-21 04:25:53] spend time is: 450
[2019-04-21 04:25:53] spend time is: 450
[2019-04-21 04:25:53] spend time is: 450
[2019-04-21 04:25:53] spend time is: 450
[2019-04-21 04:25:53] spend time is: 450
[2019-04-21 04:25:53] spend time is: 450
[2019-04-21 04:25:53] spend time is: 450
[2019-04-21 04:25:53] spend time is: 450
[2019-04-21 04:25:53] spend time is: 450
[2019-04-21 04:25:54] redis-ha-3.4.0.tgz update done.
[2019-04-21 04:26:03] spend time is: 460
[2019-04-21 04:26:03] spend time is: 460
[2019-04-21 04:26:03] spend time is: 460
[2019-04-21 04:26:03] spend time is: 460
[2019-04-21 04:26:03] spend time is: 460
[2019-04-21 04:26:03] spend time is: 460
[2019-04-21 04:26:03] spend time is: 460
[2019-04-21 04:26:03] spend time is: 460
[2019-04-21 04:26:03] spend time is: 460
[2019-04-21 04:26:03] spend time is: 460
[2019-04-21 04:26:13] spend time is: 470
[2019-04-21 04:26:13] spend time is: 470
[2019-04-21 04:26:13] spend time is: 470
[2019-04-21 04:26:13] spend time is: 470
[2019-04-21 04:26:13] spend time is: 470
[2019-04-21 04:26:13] spend time is: 470
[2019-04-21 04:26:13] spend time is: 470
[2019-04-21 04:26:13] spend time is: 470
[2019-04-21 04:26:13] spend time is: 470
[2019-04-21 04:26:13] spend time is: 470
[2019-04-21 04:26:17] sentry-1.3.3.tgz update done.
[2019-04-21 04:26:17] sentry-1.3.2.tgz update done.
[2019-04-21 04:26:23] spend time is: 480
[2019-04-21 04:26:23] spend time is: 480
[2019-04-21 04:26:23] spend time is: 480
[2019-04-21 04:26:23] spend time is: 480
[2019-04-21 04:26:23] spend time is: 480
[2019-04-21 04:26:23] spend time is: 480
[2019-04-21 04:26:23] spend time is: 480
[2019-04-21 04:26:23] spend time is: 480
[2019-04-21 04:26:23] spend time is: 480
[2019-04-21 04:26:23] spend time is: 480
[2019-04-21 04:26:33] spend time is: 490
[2019-04-21 04:26:33] spend time is: 490
[2019-04-21 04:26:33] spend time is: 490
[2019-04-21 04:26:33] spend time is: 490
[2019-04-21 04:26:33] spend time is: 490
[2019-04-21 04:26:33] spend time is: 490
[2019-04-21 04:26:33] spinnaker-1.8.1.tgz update done.
[2019-04-21 04:26:33] spend time is: 490
[2019-04-21 04:26:33] spend time is: 490
[2019-04-21 04:26:33] spend time is: 490
[2019-04-21 04:26:39] spring-cloud-data-flow-2.0.0.tgz update done.
[2019-04-21 04:26:43] spend time is: 500
[2019-04-21 04:26:43] spend time is: 500
[2019-04-21 04:26:43] spend time is: 500
[2019-04-21 04:26:43] spend time is: 500
[2019-04-21 04:26:43] spend time is: 500
[2019-04-21 04:26:43] spend time is: 500
[2019-04-21 04:26:43] spend time is: 500
[2019-04-21 04:26:43] spend time is: 500
[2019-04-21 04:26:43] spend time is: 500
[2019-04-21 04:26:43] spend time is: 500
[2019-04-21 04:26:53] spend time is: 510
[2019-04-21 04:26:53] spend time is: 510
[2019-04-21 04:26:53] spend time is: 510
[2019-04-21 04:26:53] spend time is: 510
[2019-04-21 04:26:53] spend time is: 510
[2019-04-21 04:26:53] spend time is: 510
[2019-04-21 04:26:53] spend time is: 510
[2019-04-21 04:26:53] spend time is: 510
[2019-04-21 04:26:53] spend time is: 510
[2019-04-21 04:26:53] spend time is: 510
[2019-04-21 04:26:54] sysdig-1.4.3.tgz update done.
[2019-04-21 04:27:03] spend time is: 520
[2019-04-21 04:27:03] spend time is: 520
[2019-04-21 04:27:03] spend time is: 520
[2019-04-21 04:27:03] spend time is: 520
[2019-04-21 04:27:03] spend time is: 520
[2019-04-21 04:27:03] spend time is: 520
[2019-04-21 04:27:03] traefik-1.67.0.tgz update done.
[2019-04-21 04:27:03] spend time is: 520
[2019-04-21 04:27:04] spend time is: 520
[2019-04-21 04:27:13] spend time is: 530
[2019-04-21 04:27:13] spend time is: 530
[2019-04-21 04:27:13] spend time is: 530
[2019-04-21 04:27:13] spend time is: 530
[2019-04-21 04:27:13] spend time is: 530
[2019-04-21 04:27:13] spend time is: 530
[2019-04-21 04:27:13] spend time is: 530
[2019-04-21 04:27:13] spend time is: 530
[2019-04-21 04:27:13] spend time is: 530
[2019-04-21 04:27:13] spend time is: 530
[2019-04-21 04:27:19] unbound-1.0.0.tgz update done.
[2019-04-21 04:27:21] velero-1.0.0.tgz update done.
[2019-04-21 04:27:23] spend time is: 540
[2019-04-21 04:27:23] spend time is: 540
[2019-04-21 04:27:23] spend time is: 540
[2019-04-21 04:27:23] spend time is: 540
[2019-04-21 04:27:23] spend time is: 540
[2019-04-21 04:27:23] spend time is: 540
[2019-04-21 04:27:23] spend time is: 540
[2019-04-21 04:27:23] spend time is: 540
[2019-04-21 04:27:23] spend time is: 540
[2019-04-21 04:27:23] spend time is: 540
[2019-04-21 04:27:24] weave-cloud-0.3.2.tgz update done.
[2019-04-21 04:27:26] wordpress-5.9.0.tgz update done.
[2019-04-21 04:27:26] wordpress-5.8.2.tgz update done.
[2019-04-21 04:27:26] wordpress-5.8.1.tgz update done.
[2019-04-21 04:27:33] spend time is: 550
[2019-04-21 04:27:33] spend time is: 550
[2019-04-21 04:27:33] spend time is: 550
[2019-04-21 04:27:33] spend time is: 550
[2019-04-21 04:27:33] spend time is: 550
[2019-04-21 04:27:33] spend time is: 550
[2019-04-21 04:27:33] spend time is: 550
[2019-04-21 04:27:33] spend time is: 550
[2019-04-21 04:27:33] spend time is: 550
[2019-04-21 04:27:33] spend time is: 550
Already up to date.
