Fetching origin
Warning: Permanently added the RSA host key for IP address '192.30.253.113' to the list of known hosts.
From github.com:babyshen/helm-charts-mirror
 * [new branch]      gh-pages   -> origin/gh-pages
 * [new branch]      master     -> origin/master
Previous HEAD position was 6f4bc38... restore bug
Switched to a new branch 'gh-pages'
Branch 'gh-pages' set up to track remote branch 'gh-pages' from 'origin'.
Already up to date.
Branch 'gh-pages' set up to track remote branch 'gh-pages' from 'origin'.
  % Total    % Received % Xferd  Average Speed   Time    Time     Time  Current
                                 Dload  Upload   Total   Spent    Left  Speed
  0     0    0     0    0     0      0      0 --:--:-- --:--:-- --:--:--     0100 4093k  100 4093k    0     0  69.8M      0 --:--:-- --:--:-- --:--:-- 70.1M
[2019-03-11 03:55:48] spend time is: 30
[2019-03-11 03:55:48] airflow-2.1.0.tgz update done.
[2019-03-11 03:55:48] spend time is: 30
[2019-03-11 03:55:48] spend time is: 30
[2019-03-11 03:55:48] spend time is: 30
[2019-03-11 03:55:48] spend time is: 30
[2019-03-11 03:55:48] spend time is: 30
[2019-03-11 03:55:48] spend time is: 30
[2019-03-11 03:55:48] spend time is: 30
[2019-03-11 03:55:48] spend time is: 30
[2019-03-11 03:55:48] spend time is: 30
[2019-03-11 03:55:48] spend time is: 30
[2019-03-11 03:55:48] spend time is: 30
[2019-03-11 03:55:48] spend time is: 30
[2019-03-11 03:55:48] spend time is: 30
[2019-03-11 03:55:50] anchore-engine-0.11.0.tgz update done.
[2019-03-11 03:55:51] ark-4.1.0.tgz update done.
[2019-03-11 03:55:58] spend time is: 40
[2019-03-11 03:55:58] spend time is: 40
[2019-03-11 03:55:58] spend time is: 40
[2019-03-11 03:55:58] spend time is: 40
[2019-03-11 03:55:58] spend time is: 40
[2019-03-11 03:55:58] spend time is: 40
[2019-03-11 03:55:58] spend time is: 40
[2019-03-11 03:55:58] spend time is: 40
[2019-03-11 03:55:58] spend time is: 40
[2019-03-11 03:55:58] spend time is: 40
[2019-03-11 03:55:58] burrow-1.0.5.tgz update done.
[2019-03-11 03:55:58] spend time is: 40
[2019-03-11 03:55:58] spend time is: 40
[2019-03-11 03:55:58] spend time is: 40
[2019-03-11 03:55:58] spend time is: 40
[2019-03-11 03:55:58] spend time is: 40
[2019-03-11 03:56:01] chaoskube-1.0.0.tgz update done.
[2019-03-11 03:56:05] cloudserver-1.0.0.tgz update done.
[2019-03-11 03:56:07] cockroachdb-2.1.1.tgz update done.
[2019-03-11 03:56:08] spend time is: 50
[2019-03-11 03:56:08] spend time is: 50
[2019-03-11 03:56:08] spend time is: 50
[2019-03-11 03:56:08] spend time is: 50
[2019-03-11 03:56:08] spend time is: 50
[2019-03-11 03:56:08] spend time is: 50
[2019-03-11 03:56:08] spend time is: 50
[2019-03-11 03:56:08] spend time is: 50
[2019-03-11 03:56:08] spend time is: 50
[2019-03-11 03:56:08] spend time is: 50
[2019-03-11 03:56:08] spend time is: 50
[2019-03-11 03:56:08] spend time is: 50
[2019-03-11 03:56:08] spend time is: 50
[2019-03-11 03:56:08] spend time is: 50
[2019-03-11 03:56:09] spend time is: 50
[2019-03-11 03:56:10] concourse-4.0.0.tgz update done.
[2019-03-11 03:56:18] spend time is: 60
[2019-03-11 03:56:18] spend time is: 60
[2019-03-11 03:56:18] spend time is: 60
[2019-03-11 03:56:18] spend time is: 60
[2019-03-11 03:56:18] spend time is: 60
[2019-03-11 03:56:18] spend time is: 60
[2019-03-11 03:56:18] spend time is: 60
[2019-03-11 03:56:18] spend time is: 60
[2019-03-11 03:56:18] spend time is: 60
[2019-03-11 03:56:18] spend time is: 60
[2019-03-11 03:56:18] spend time is: 60
[2019-03-11 03:56:18] spend time is: 60
[2019-03-11 03:56:18] spend time is: 60
[2019-03-11 03:56:19] spend time is: 60
[2019-03-11 03:56:19] spend time is: 60
[2019-03-11 03:56:20] coredns-1.2.5.tgz update done.
[2019-03-11 03:56:28] spend time is: 70
[2019-03-11 03:56:28] spend time is: 70
[2019-03-11 03:56:28] spend time is: 70
[2019-03-11 03:56:28] spend time is: 70
[2019-03-11 03:56:28] spend time is: 70
[2019-03-11 03:56:28] spend time is: 70
[2019-03-11 03:56:28] spend time is: 70
[2019-03-11 03:56:28] spend time is: 70
[2019-03-11 03:56:28] spend time is: 70
[2019-03-11 03:56:28] spend time is: 70
[2019-03-11 03:56:28] spend time is: 70
[2019-03-11 03:56:28] spend time is: 70
[2019-03-11 03:56:28] spend time is: 70
[2019-03-11 03:56:28] spend time is: 70
[2019-03-11 03:56:38] spend time is: 80
[2019-03-11 03:56:38] spend time is: 80
[2019-03-11 03:56:38] spend time is: 80
[2019-03-11 03:56:38] spend time is: 80
[2019-03-11 03:56:38] spend time is: 80
[2019-03-11 03:56:38] spend time is: 80
[2019-03-11 03:56:38] spend time is: 80
[2019-03-11 03:56:38] spend time is: 80
[2019-03-11 03:56:38] spend time is: 80
[2019-03-11 03:56:38] spend time is: 80
[2019-03-11 03:56:38] spend time is: 80
[2019-03-11 03:56:38] spend time is: 80
[2019-03-11 03:56:38] spend time is: 80
[2019-03-11 03:56:44] elastic-stack-1.5.0.tgz update done.
[2019-03-11 03:56:48] spend time is: 90
[2019-03-11 03:56:48] spend time is: 90
[2019-03-11 03:56:48] spend time is: 90
[2019-03-11 03:56:48] spend time is: 90
[2019-03-11 03:56:48] spend time is: 90
[2019-03-11 03:56:48] spend time is: 90
[2019-03-11 03:56:48] spend time is: 90
[2019-03-11 03:56:48] spend time is: 90
[2019-03-11 03:56:48] spend time is: 90
[2019-03-11 03:56:48] spend time is: 90
[2019-03-11 03:56:48] spend time is: 90
[2019-03-11 03:56:48] spend time is: 90
[2019-03-11 03:56:48] spend time is: 90
[2019-03-11 03:56:48] spend time is: 90
[2019-03-11 03:56:51] external-dns-1.7.0.tgz update done.
[2019-03-11 03:56:58] spend time is: 100
[2019-03-11 03:56:58] spend time is: 100
[2019-03-11 03:56:58] spend time is: 100
[2019-03-11 03:56:58] spend time is: 100
[2019-03-11 03:56:58] spend time is: 100
[2019-03-11 03:56:58] spend time is: 100
[2019-03-11 03:56:58] spend time is: 100
[2019-03-11 03:56:58] spend time is: 100
[2019-03-11 03:56:58] spend time is: 100
[2019-03-11 03:56:58] spend time is: 100
[2019-03-11 03:56:58] spend time is: 100
[2019-03-11 03:56:58] spend time is: 100
[2019-03-11 03:56:58] spend time is: 100
[2019-03-11 03:56:58] spend time is: 100
[2019-03-11 03:56:58] spend time is: 100
[2019-03-11 03:56:58] spend time is: 100
[2019-03-11 03:57:06] ghost-6.3.17.tgz update done.
[2019-03-11 03:57:08] spend time is: 110
[2019-03-11 03:57:08] spend time is: 110
[2019-03-11 03:57:08] spend time is: 110
[2019-03-11 03:57:08] spend time is: 110
[2019-03-11 03:57:08] spend time is: 110
[2019-03-11 03:57:08] spend time is: 110
[2019-03-11 03:57:08] spend time is: 110
[2019-03-11 03:57:08] spend time is: 110
[2019-03-11 03:57:08] spend time is: 110
[2019-03-11 03:57:08] spend time is: 110
[2019-03-11 03:57:08] spend time is: 110
[2019-03-11 03:57:08] spend time is: 110
[2019-03-11 03:57:08] spend time is: 110
[2019-03-11 03:57:08] spend time is: 110
[2019-03-11 03:57:09] spend time is: 110
[2019-03-11 03:57:17] gocd-1.7.0.tgz update done.
[2019-03-11 03:57:18] spend time is: 120
[2019-03-11 03:57:18] spend time is: 120
[2019-03-11 03:57:18] spend time is: 120
[2019-03-11 03:57:18] spend time is: 120
[2019-03-11 03:57:18] spend time is: 120
[2019-03-11 03:57:18] spend time is: 120
[2019-03-11 03:57:18] spend time is: 120
[2019-03-11 03:57:18] spend time is: 120
[2019-03-11 03:57:18] spend time is: 120
[2019-03-11 03:57:18] spend time is: 120
[2019-03-11 03:57:18] spend time is: 120
[2019-03-11 03:57:18] spend time is: 120
[2019-03-11 03:57:18] spend time is: 120
[2019-03-11 03:57:18] spend time is: 120
[2019-03-11 03:57:18] spend time is: 120
[2019-03-11 03:57:18] spend time is: 120
[2019-03-11 03:57:20] grafana-2.2.4.tgz update done.
[2019-03-11 03:57:21] grafana-2.2.3.tgz update done.
[2019-03-11 03:57:21] grafana-2.2.2.tgz update done.
[2019-03-11 03:57:28] spend time is: 130
[2019-03-11 03:57:28] spend time is: 130
[2019-03-11 03:57:28] spend time is: 130
[2019-03-11 03:57:28] spend time is: 130
[2019-03-11 03:57:28] spend time is: 130
[2019-03-11 03:57:28] spend time is: 130
[2019-03-11 03:57:28] spend time is: 130
[2019-03-11 03:57:28] spend time is: 130
[2019-03-11 03:57:28] spend time is: 130
[2019-03-11 03:57:28] spend time is: 130
[2019-03-11 03:57:28] spend time is: 130
[2019-03-11 03:57:28] spend time is: 130
[2019-03-11 03:57:28] spend time is: 130
[2019-03-11 03:57:28] spend time is: 130
[2019-03-11 03:57:29] graylog-0.1.0.tgz update done.
[2019-03-11 03:57:30] hazelcast-1.3.0.tgz update done.
[2019-03-11 03:57:32] heartbeat-1.0.1.tgz update done.
[2019-03-11 03:57:33] hlf-ca-1.1.6.tgz update done.
[2019-03-11 03:57:38] spend time is: 140
[2019-03-11 03:57:38] spend time is: 140
[2019-03-11 03:57:38] spend time is: 140
[2019-03-11 03:57:38] spend time is: 140
[2019-03-11 03:57:38] spend time is: 140
[2019-03-11 03:57:38] spend time is: 140
[2019-03-11 03:57:38] spend time is: 140
[2019-03-11 03:57:38] spend time is: 140
[2019-03-11 03:57:38] spend time is: 140
[2019-03-11 03:57:38] spend time is: 140
[2019-03-11 03:57:38] spend time is: 140
[2019-03-11 03:57:38] spend time is: 140
[2019-03-11 03:57:38] spend time is: 140
[2019-03-11 03:57:38] spend time is: 140
[2019-03-11 03:57:38] spend time is: 140
[2019-03-11 03:57:40] janusgraph-0.2.0.tgz update done.
[2019-03-11 03:57:40] jasperreports-4.0.4.tgz update done.
[2019-03-11 03:57:43] jenkins-0.33.2.tgz update done.
[2019-03-11 03:57:48] spend time is: 150
[2019-03-11 03:57:48] spend time is: 150
[2019-03-11 03:57:48] spend time is: 150
[2019-03-11 03:57:48] spend time is: 150
[2019-03-11 03:57:48] spend time is: 150
[2019-03-11 03:57:48] spend time is: 150
[2019-03-11 03:57:48] spend time is: 150
[2019-03-11 03:57:48] spend time is: 150
[2019-03-11 03:57:48] spend time is: 150
[2019-03-11 03:57:48] spend time is: 150
[2019-03-11 03:57:48] spend time is: 150
[2019-03-11 03:57:48] spend time is: 150
[2019-03-11 03:57:48] spend time is: 150
[2019-03-11 03:57:48] spend time is: 150
[2019-03-11 03:57:48] spend time is: 150
[2019-03-11 03:57:57] kafka-manager-1.1.1.tgz update done.
[2019-03-11 03:57:58] spend time is: 160
[2019-03-11 03:57:58] spend time is: 160
[2019-03-11 03:57:58] spend time is: 160
[2019-03-11 03:57:58] spend time is: 160
[2019-03-11 03:57:58] spend time is: 160
[2019-03-11 03:57:58] spend time is: 160
[2019-03-11 03:57:58] spend time is: 160
[2019-03-11 03:57:58] spend time is: 160
[2019-03-11 03:57:58] spend time is: 160
[2019-03-11 03:57:58] spend time is: 160
[2019-03-11 03:57:58] spend time is: 160
[2019-03-11 03:57:58] spend time is: 160
[2019-03-11 03:57:58] spend time is: 160
[2019-03-11 03:57:58] spend time is: 160
[2019-03-11 03:58:03] kibana-1.6.0.tgz update done.
[2019-03-11 03:58:08] spend time is: 170
[2019-03-11 03:58:08] spend time is: 170
[2019-03-11 03:58:08] kong-0.9.6.tgz update done.
[2019-03-11 03:58:08] spend time is: 170
[2019-03-11 03:58:08] spend time is: 170
[2019-03-11 03:58:08] spend time is: 170
[2019-03-11 03:58:08] spend time is: 170
[2019-03-11 03:58:08] spend time is: 170
[2019-03-11 03:58:08] spend time is: 170
[2019-03-11 03:58:08] spend time is: 170
[2019-03-11 03:58:08] spend time is: 170
[2019-03-11 03:58:08] spend time is: 170
[2019-03-11 03:58:08] spend time is: 170
[2019-03-11 03:58:08] spend time is: 170
[2019-03-11 03:58:08] spend time is: 170
[2019-03-11 03:58:08] spend time is: 170
[2019-03-11 03:58:12] kube-ops-view-0.7.0.tgz update done.
[2019-03-11 03:58:18] spend time is: 180
[2019-03-11 03:58:18] spend time is: 180
[2019-03-11 03:58:18] kuberhealthy-1.2.3.tgz update done.
[2019-03-11 03:58:18] spend time is: 180
[2019-03-11 03:58:18] spend time is: 180
[2019-03-11 03:58:18] spend time is: 180
[2019-03-11 03:58:18] spend time is: 180
[2019-03-11 03:58:18] spend time is: 180
[2019-03-11 03:58:18] spend time is: 180
[2019-03-11 03:58:18] spend time is: 180
[2019-03-11 03:58:18] spend time is: 180
[2019-03-11 03:58:18] spend time is: 180
[2019-03-11 03:58:18] spend time is: 180
[2019-03-11 03:58:18] spend time is: 180
[2019-03-11 03:58:18] spend time is: 180
[2019-03-11 03:58:22] kured-1.1.1.tgz update done.
[2019-03-11 03:58:24] logstash-1.5.2.tgz update done.
[2019-03-11 03:58:28] spend time is: 190
[2019-03-11 03:58:28] spend time is: 190
[2019-03-11 03:58:28] spend time is: 190
[2019-03-11 03:58:28] spend time is: 190
[2019-03-11 03:58:28] spend time is: 190
[2019-03-11 03:58:28] spend time is: 190
[2019-03-11 03:58:28] spend time is: 190
[2019-03-11 03:58:28] spend time is: 190
[2019-03-11 03:58:28] spend time is: 190
[2019-03-11 03:58:28] spend time is: 190
[2019-03-11 03:58:28] spend time is: 190
[2019-03-11 03:58:28] spend time is: 190
[2019-03-11 03:58:28] spend time is: 190
[2019-03-11 03:58:30] mariadb-5.7.2.tgz update done.
[2019-03-11 03:58:37] mattermost-team-edition-3.0.0.tgz update done.
[2019-03-11 03:58:38] spend time is: 200
[2019-03-11 03:58:38] spend time is: 200
[2019-03-11 03:58:38] spend time is: 200
[2019-03-11 03:58:38] spend time is: 200
[2019-03-11 03:58:38] spend time is: 200
[2019-03-11 03:58:38] spend time is: 200
[2019-03-11 03:58:38] spend time is: 200
[2019-03-11 03:58:38] spend time is: 200
[2019-03-11 03:58:38] spend time is: 200
[2019-03-11 03:58:38] spend time is: 200
[2019-03-11 03:58:38] spend time is: 200
[2019-03-11 03:58:38] spend time is: 200
[2019-03-11 03:58:38] spend time is: 200
[2019-03-11 03:58:39] spend time is: 200
[2019-03-11 03:58:43] memcached-2.7.0.tgz update done.
[2019-03-11 03:58:48] spend time is: 210
[2019-03-11 03:58:48] spend time is: 210
[2019-03-11 03:58:48] spend time is: 210
[2019-03-11 03:58:48] spend time is: 210
[2019-03-11 03:58:48] spend time is: 210
[2019-03-11 03:58:48] spend time is: 210
[2019-03-11 03:58:48] spend time is: 210
[2019-03-11 03:58:48] spend time is: 210
[2019-03-11 03:58:48] spend time is: 210
[2019-03-11 03:58:48] spend time is: 210
[2019-03-11 03:58:48] spend time is: 210
[2019-03-11 03:58:48] spend time is: 210
[2019-03-11 03:58:48] spend time is: 210
[2019-03-11 03:58:48] spend time is: 210
[2019-03-11 03:58:54] mission-control-0.4.3.tgz update done.
[2019-03-11 03:58:54] mongodb-5.8.0.tgz update done.
[2019-03-11 03:58:58] [2019-03-11 03:58:58] spend time is: 220
spend time is: 220
[2019-03-11 03:58:58] spend time is: 220
[2019-03-11 03:58:58] spend time is: 220
[2019-03-11 03:58:58] spend time is: 220
[2019-03-11 03:58:58] spend time is: 220
[2019-03-11 03:58:58] spend time is: 220
[2019-03-11 03:58:58] spend time is: 220
[2019-03-11 03:58:58] spend time is: 220
[2019-03-11 03:58:58] spend time is: 220
[2019-03-11 03:58:58] spend time is: 220
[2019-03-11 03:58:58] spend time is: 220
[2019-03-11 03:58:58] spend time is: 220
[2019-03-11 03:58:58] spend time is: 220
[2019-03-11 03:59:05] moodle-4.0.6.tgz update done.
[2019-03-11 03:59:08] spend time is: 230
[2019-03-11 03:59:08] spend time is: 230
[2019-03-11 03:59:08] spend time is: 230
[2019-03-11 03:59:08] spend time is: 230
[2019-03-11 03:59:08] spend time is: 230
[2019-03-11 03:59:08] spend time is: 230
[2019-03-11 03:59:08] spend time is: 230
[2019-03-11 03:59:08] spend time is: 230
[2019-03-11 03:59:08] spend time is: 230
[2019-03-11 03:59:08] spend time is: 230
[2019-03-11 03:59:08] spend time is: 230
[2019-03-11 03:59:08] spend time is: 230
[2019-03-11 03:59:08] spend time is: 230
[2019-03-11 03:59:08] spend time is: 230
[2019-03-11 03:59:18] spend time is: 240
[2019-03-11 03:59:18] spend time is: 240
[2019-03-11 03:59:18] spend time is: 240
[2019-03-11 03:59:18] spend time is: 240
[2019-03-11 03:59:18] spend time is: 240
[2019-03-11 03:59:18] spend time is: 240
[2019-03-11 03:59:18] spend time is: 240
[2019-03-11 03:59:18] spend time is: 240
[2019-03-11 03:59:18] spend time is: 240
[2019-03-11 03:59:18] spend time is: 240
[2019-03-11 03:59:18] spend time is: 240
[2019-03-11 03:59:18] spend time is: 240
[2019-03-11 03:59:18] spend time is: 240
[2019-03-11 03:59:18] spend time is: 240
[2019-03-11 03:59:19] spend time is: 240
[2019-03-11 03:59:28] spend time is: 250
[2019-03-11 03:59:28] spend time is: 250
[2019-03-11 03:59:28] spend time is: 250
[2019-03-11 03:59:28] spend time is: 250
[2019-03-11 03:59:28] spend time is: 250
[2019-03-11 03:59:28] spend time is: 250
[2019-03-11 03:59:28] spend time is: 250
[2019-03-11 03:59:28] spend time is: 250
[2019-03-11 03:59:28] spend time is: 250
[2019-03-11 03:59:28] spend time is: 250
[2019-03-11 03:59:28] spend time is: 250
[2019-03-11 03:59:28] spend time is: 250
[2019-03-11 03:59:28] spend time is: 250
[2019-03-11 03:59:28] spend time is: 250
[2019-03-11 03:59:35] opa-1.3.0.tgz update done.
[2019-03-11 03:59:38] spend time is: 260
[2019-03-11 03:59:38] spend time is: 260
[2019-03-11 03:59:38] spend time is: 260
[2019-03-11 03:59:38] spend time is: 260
[2019-03-11 03:59:38] spend time is: 260
[2019-03-11 03:59:38] spend time is: 260
[2019-03-11 03:59:38] spend time is: 260
[2019-03-11 03:59:38] spend time is: 260
[2019-03-11 03:59:38] spend time is: 260
[2019-03-11 03:59:38] spend time is: 260
[2019-03-11 03:59:38] spend time is: 260
[2019-03-11 03:59:38] spend time is: 260
[2019-03-11 03:59:38] spend time is: 260
[2019-03-11 03:59:38] spend time is: 260
[2019-03-11 03:59:38] spend time is: 260
[2019-03-11 03:59:42] orangehrm-4.0.3.tgz update done.
[2019-03-11 03:59:48] spend time is: 270
[2019-03-11 03:59:48] spend time is: 270
[2019-03-11 03:59:48] spend time is: 270
[2019-03-11 03:59:48] spend time is: 270
[2019-03-11 03:59:48] spend time is: 270
[2019-03-11 03:59:48] spend time is: 270
[2019-03-11 03:59:48] spend time is: 270
[2019-03-11 03:59:48] spend time is: 270
[2019-03-11 03:59:48] spend time is: 270
[2019-03-11 03:59:48] spend time is: 270
[2019-03-11 03:59:48] spend time is: 270
[2019-03-11 03:59:48] spend time is: 270
[2019-03-11 03:59:48] spend time is: 270
[2019-03-11 03:59:58] spend time is: 280
[2019-03-11 03:59:58] spend time is: 280
[2019-03-11 03:59:58] spend time is: 280
[2019-03-11 03:59:58] spend time is: 280
[2019-03-11 03:59:58] spend time is: 280
[2019-03-11 03:59:58] spend time is: 280
[2019-03-11 03:59:58] spend time is: 280
[2019-03-11 03:59:58] spend time is: 280
[2019-03-11 03:59:58] spend time is: 280
[2019-03-11 03:59:58] spend time is: 280
[2019-03-11 03:59:58] spend time is: 280
[2019-03-11 03:59:58] spend time is: 280
[2019-03-11 03:59:58] spend time is: 280
[2019-03-11 03:59:58] spend time is: 280
[2019-03-11 03:59:58] spend time is: 280
[2019-03-11 04:00:08] spend time is: 290
[2019-03-11 04:00:08] spend time is: 290
[2019-03-11 04:00:08] spend time is: 290
[2019-03-11 04:00:08] spend time is: 290
[2019-03-11 04:00:08] spend time is: 290
[2019-03-11 04:00:08] spend time is: 290
[2019-03-11 04:00:08] spend time is: 290
[2019-03-11 04:00:08] spend time is: 290
[2019-03-11 04:00:08] spend time is: 290
[2019-03-11 04:00:08] spend time is: 290
[2019-03-11 04:00:08] spend time is: 290
[2019-03-11 04:00:08] spend time is: 290
[2019-03-11 04:00:08] spend time is: 290
[2019-03-11 04:00:08] spend time is: 290
[2019-03-11 04:00:08] spend time is: 290
[2019-03-11 04:00:08] spend time is: 290
[2019-03-11 04:00:18] spend time is: 300
[2019-03-11 04:00:18] spend time is: 300
[2019-03-11 04:00:18] spend time is: 300
[2019-03-11 04:00:18] spend time is: 300
Warning: Permanently added the RSA host key for IP address '192.30.253.112' to the list of known hosts.
Already up to date.
Already up to date.
Already up to date.
fatal: Unable to create '/home/travis/build/babyshen/helm-charts-mirror/.git/index.lock': File exists.

Another git process seems to be running in this repository, e.g.
an editor opened by 'git commit'. Please make sure all processes
are terminated then try again. If it still fails, a git process
may have crashed in this repository earlier:
remove the file manually to continue.
fatal: Unable to create '/home/travis/build/babyshen/helm-charts-mirror/.git/index.lock': File exists.

Another git process seems to be running in this repository, e.g.
an editor opened by 'git commit'. Please make sure all processes
are terminated then try again. If it still fails, a git process
may have crashed in this repository earlier:
remove the file manually to continue.
Already up to date.
fatal: Unable to create '/home/travis/build/babyshen/helm-charts-mirror/.git/index.lock': File exists.

Another git process seems to be running in this repository, e.g.
an editor opened by 'git commit'. Please make sure all processes
are terminated then try again. If it still fails, a git process
may have crashed in this repository earlier:
remove the file manually to continue.
[gh-pages 796b15b] Synchronizing completion at 2019-03-11
 42 files changed, 1809 insertions(+), 286 deletions(-)
 rewrite airflow-2.1.0.tgz (97%)
 rewrite anchore-engine-0.11.0.tgz (99%)
 create mode 100644 ark-4.1.0.tgz
 create mode 100644 burrow-1.0.5.tgz
 create mode 100644 chaoskube-1.0.0.tgz
 rewrite cloudserver-1.0.0.tgz (99%)
 create mode 100644 cockroachdb-2.1.1.tgz
 create mode 100644 concourse-4.0.0.tgz
 create mode 100644 coredns-1.2.5.tgz
 rewrite elastic-stack-1.5.0.tgz (99%)
 create mode 100644 external-dns-1.7.0.tgz
 create mode 100644 ghost-6.3.17.tgz
 create mode 100644 gocd-1.7.0.tgz
 create mode 100644 grafana-2.2.2.tgz
 create mode 100644 grafana-2.2.3.tgz
 create mode 100644 grafana-2.2.4.tgz
 rewrite graylog-0.1.0.tgz (99%)
 create mode 100644 hazelcast-1.3.0.tgz
 create mode 100644 heartbeat-1.0.1.tgz
 rewrite hlf-ca-1.1.6.tgz (99%)
 create mode 100644 jasperreports-4.0.4.tgz
 create mode 100644 jenkins-0.33.2.tgz
 create mode 100644 kafka-manager-1.1.1.tgz
 create mode 100644 kibana-1.6.0.tgz
 create mode 100644 kong-0.9.6.tgz
 rewrite kube-ops-view-0.7.0.tgz (84%)
 create mode 100644 kuberhealthy-1.2.3.tgz
 create mode 100644 kured-1.1.1.tgz
 create mode 100644 logstash-1.5.2.tgz
 create mode 100644 mariadb-5.7.2.tgz
 create mode 100644 mattermost-team-edition-3.0.0.tgz
 create mode 100644 memcached-2.7.0.tgz
 rewrite mission-control-0.4.3.tgz (99%)
 create mode 100644 mongodb-5.8.0.tgz
 create mode 100644 moodle-4.0.6.tgz
 create mode 100644 opa-1.3.0.tgz
 create mode 100644 orangehrm-4.0.3.tgz
 create mode 100644 travis_wait_1998.log
To github.com:babyshen/helm-charts-mirror.git
   bb71964..796b15b  gh-pages -> gh-pages
Branch 'gh-pages' set up to track remote branch 'gh-pages' from 'origin'.
[2019-03-11 04:00:28] spend time is: 310
[2019-03-11 04:00:28] spend time is: 310
[2019-03-11 04:00:28] spend time is: 310
[2019-03-11 04:00:28] spend time is: 310
[2019-03-11 04:00:28] spend time is: 310
[2019-03-11 04:00:28] spend time is: 310
[2019-03-11 04:00:28] spend time is: 310
[2019-03-11 04:00:28] spend time is: 310
[2019-03-11 04:00:28] spend time is: 310
[2019-03-11 04:00:28] spend time is: 310
[2019-03-11 04:00:38] spend time is: 320
[2019-03-11 04:00:38] spend time is: 320
[2019-03-11 04:00:38] spend time is: 320
[2019-03-11 04:00:38] spend time is: 320
[2019-03-11 04:00:38] spend time is: 320
[2019-03-11 04:00:38] spend time is: 320
[2019-03-11 04:00:38] spend time is: 320
[2019-03-11 04:00:38] spend time is: 320
[2019-03-11 04:00:38] spend time is: 320
[2019-03-11 04:00:38] spend time is: 320
[2019-03-11 04:00:38] spend time is: 320
[2019-03-11 04:00:48] spend time is: 330
[2019-03-11 04:00:48] spend time is: 330
[2019-03-11 04:00:48] spend time is: 330
[2019-03-11 04:00:48] spend time is: 330
[2019-03-11 04:00:48] spend time is: 330
[2019-03-11 04:00:48] spend time is: 330
[2019-03-11 04:00:48] spend time is: 330
[2019-03-11 04:00:48] prometheus-node-exporter-1.3.2.tgz update done.
[2019-03-11 04:00:48] spend time is: 330
[2019-03-11 04:00:48] prometheus-node-exporter-1.3.1.tgz update done.
[2019-03-11 04:00:48] spend time is: 330
[2019-03-11 04:00:50] prometheus-operator-4.3.2.tgz update done.
[2019-03-11 04:00:58] spend time is: 340
[2019-03-11 04:00:58] spend time is: 340
[2019-03-11 04:00:58] spend time is: 340
[2019-03-11 04:00:58] spend time is: 340
[2019-03-11 04:00:58] spend time is: 340
[2019-03-11 04:00:58] spend time is: 340
[2019-03-11 04:00:58] spend time is: 340
[2019-03-11 04:00:58] spend time is: 340
[2019-03-11 04:00:58] spend time is: 340
[2019-03-11 04:00:58] spend time is: 340
[2019-03-11 04:01:02] rabbitmq-4.3.2.tgz update done.
[2019-03-11 04:01:08] spend time is: 350
[2019-03-11 04:01:08] spend time is: 350
[2019-03-11 04:01:08] spend time is: 350
[2019-03-11 04:01:08] spend time is: 350
[2019-03-11 04:01:08] spend time is: 350
[2019-03-11 04:01:08] spend time is: 350
[2019-03-11 04:01:08] spend time is: 350
[2019-03-11 04:01:08] spend time is: 350
[2019-03-11 04:01:08] spend time is: 350
[2019-03-11 04:01:08] spend time is: 350
[2019-03-11 04:01:08] spend time is: 350
[2019-03-11 04:01:18] spend time is: 360
[2019-03-11 04:01:18] spend time is: 360
[2019-03-11 04:01:18] spend time is: 360
[2019-03-11 04:01:18] spend time is: 360
[2019-03-11 04:01:18] spend time is: 360
[2019-03-11 04:01:18] spend time is: 360
[2019-03-11 04:01:18] spend time is: 360
[2019-03-11 04:01:18] spend time is: 360
[2019-03-11 04:01:18] spend time is: 360
[2019-03-11 04:01:18] spend time is: 360
[2019-03-11 04:01:18] spend time is: 360
[2019-03-11 04:01:28] spend time is: 370
[2019-03-11 04:01:28] spend time is: 370
[2019-03-11 04:01:28] spend time is: 370
[2019-03-11 04:01:28] spend time is: 370
[2019-03-11 04:01:28] spend time is: 370
[2019-03-11 04:01:28] spend time is: 370
[2019-03-11 04:01:28] spend time is: 370
[2019-03-11 04:01:28] spend time is: 370
[2019-03-11 04:01:28] spend time is: 370
[2019-03-11 04:01:28] spend time is: 370
[2019-03-11 04:01:28] spend time is: 370
[2019-03-11 04:01:38] spend time is: 380
[2019-03-11 04:01:38] spend time is: 380
[2019-03-11 04:01:38] spend time is: 380
[2019-03-11 04:01:38] spend time is: 380
[2019-03-11 04:01:38] spend time is: 380
[2019-03-11 04:01:38] spend time is: 380
[2019-03-11 04:01:38] spend time is: 380
[2019-03-11 04:01:38] spend time is: 380
[2019-03-11 04:01:38] spend time is: 380
[2019-03-11 04:01:38] spend time is: 380
[2019-03-11 04:01:38] spend time is: 380
[2019-03-11 04:01:44] selenium-1.0.3.tgz update done.
[2019-03-11 04:01:48] spend time is: 390
[2019-03-11 04:01:48] spend time is: 390
[2019-03-11 04:01:48] spend time is: 390
[2019-03-11 04:01:48] spend time is: 390
[2019-03-11 04:01:48] spend time is: 390
[2019-03-11 04:01:48] spend time is: 390
[2019-03-11 04:01:48] spend time is: 390
[2019-03-11 04:01:48] spend time is: 390
[2019-03-11 04:01:48] spend time is: 390
[2019-03-11 04:01:48] spend time is: 390
[2019-03-11 04:01:48] spend time is: 390
[2019-03-11 04:01:52] seq-0.1.3.tgz update done.
[2019-03-11 04:01:58] spend time is: 400
[2019-03-11 04:01:58] spend time is: 400
[2019-03-11 04:01:58] spend time is: 400
[2019-03-11 04:01:58] spend time is: 400
[2019-03-11 04:01:58] spend time is: 400
[2019-03-11 04:01:58] spend time is: 400
[2019-03-11 04:01:58] spend time is: 400
[2019-03-11 04:01:58] spend time is: 400
[2019-03-11 04:01:58] spend time is: 400
[2019-03-11 04:01:58] spend time is: 400
[2019-03-11 04:01:58] spend time is: 400
[2019-03-11 04:02:03] spark-history-server-0.4.0.tgz update done.
[2019-03-11 04:02:08] spend time is: 410
[2019-03-11 04:02:08] spend time is: 410
[2019-03-11 04:02:08] spend time is: 410
[2019-03-11 04:02:08] spend time is: 410
[2019-03-11 04:02:08] spend time is: 410
[2019-03-11 04:02:08] spend time is: 410
[2019-03-11 04:02:08] spend time is: 410
[2019-03-11 04:02:08] spend time is: 410
[2019-03-11 04:02:08] spend time is: 410
[2019-03-11 04:02:08] spend time is: 410
[2019-03-11 04:02:18] spend time is: 420
[2019-03-11 04:02:18] spend time is: 420
[2019-03-11 04:02:18] spend time is: 420
[2019-03-11 04:02:18] spend time is: 420
[2019-03-11 04:02:18] spend time is: 420
[2019-03-11 04:02:18] spend time is: 420
[2019-03-11 04:02:18] spend time is: 420
[2019-03-11 04:02:18] spend time is: 420
[2019-03-11 04:02:18] spend time is: 420
[2019-03-11 04:02:18] spend time is: 420
[2019-03-11 04:02:28] spend time is: 430
[2019-03-11 04:02:28] spend time is: 430
[2019-03-11 04:02:28] spend time is: 430
[2019-03-11 04:02:28] spend time is: 430
[2019-03-11 04:02:28] spend time is: 430
[2019-03-11 04:02:28] spend time is: 430
[2019-03-11 04:02:28] spend time is: 430
[2019-03-11 04:02:28] spend time is: 430
[2019-03-11 04:02:28] spend time is: 430
[2019-03-11 04:02:28] spend time is: 430
[2019-03-11 04:02:28] spend time is: 430
[2019-03-11 04:02:38] spend time is: 440
[2019-03-11 04:02:38] spend time is: 440
[2019-03-11 04:02:38] spend time is: 440
[2019-03-11 04:02:38] spend time is: 440
[2019-03-11 04:02:38] spend time is: 440
[2019-03-11 04:02:38] spend time is: 440
[2019-03-11 04:02:38] spend time is: 440
[2019-03-11 04:02:38] spend time is: 440
[2019-03-11 04:02:38] spend time is: 440
[2019-03-11 04:02:38] spend time is: 440
[2019-03-11 04:02:48] spend time is: 450
[2019-03-11 04:02:48] spend time is: 450
[2019-03-11 04:02:48] spend time is: 450
[2019-03-11 04:02:48] spend time is: 450
[2019-03-11 04:02:48] spend time is: 450
[2019-03-11 04:02:48] spend time is: 450
[2019-03-11 04:02:48] spend time is: 450
[2019-03-11 04:02:48] spend time is: 450
[2019-03-11 04:02:48] spend time is: 450
[2019-03-11 04:02:48] spend time is: 450
[2019-03-11 04:02:48] spend time is: 450
[2019-03-11 04:02:49] wordpress-5.4.1.tgz update done.
[2019-03-11 04:02:58] spend time is: 460
[2019-03-11 04:02:58] spend time is: 460
[2019-03-11 04:02:58] spend time is: 460
[2019-03-11 04:02:58] spend time is: 460
[2019-03-11 04:02:58] spend time is: 460
[2019-03-11 04:02:58] spend time is: 460
[2019-03-11 04:02:58] spend time is: 460
[2019-03-11 04:02:58] spend time is: 460
[2019-03-11 04:02:58] spend time is: 460
[2019-03-11 04:02:58] spend time is: 460
[2019-03-11 04:02:58] spend time is: 460
Already up to date.
