Fetching origin
Warning: Permanently added the RSA host key for IP address '140.82.113.3' to the list of known hosts.
From github.com:babyshen/helm-charts-mirror
 * [new branch]      gh-pages   -> origin/gh-pages
 * [new branch]      master     -> origin/master
Previous HEAD position was 6f4bc38 restore bug
Switched to a new branch 'gh-pages'
Branch 'gh-pages' set up to track remote branch 'gh-pages' from 'origin'.
Already up to date.
Branch 'gh-pages' set up to track remote branch 'gh-pages' from 'origin'.
  % Total    % Received % Xferd  Average Speed   Time    Time     Time  Current
                                 Dload  Upload   Total   Spent    Left  Speed
  0     0    0     0    0     0      0      0 --:--:-- --:--:-- --:--:--     0100 6865k  100 6865k    0     0  70.3M      0 --:--:-- --:--:-- --:--:-- 70.5M
[2019-11-13 05:59:14] spend time is: 60
[2019-11-13 05:59:14] spend time is: 60
[2019-11-13 05:59:14] spend time is: 60
[2019-11-13 05:59:14] spend time is: 60
[2019-11-13 05:59:14] spend time is: 60
[2019-11-13 05:59:14] spend time is: 60
[2019-11-13 05:59:14] spend time is: 60
[2019-11-13 05:59:14] spend time is: 60
[2019-11-13 05:59:14] spend time is: 60
[2019-11-13 05:59:17] ambassador-4.4.6.tgz update done.
[2019-11-13 05:59:18] ambassador-4.4.5.tgz update done.
[2019-11-13 05:59:24] spend time is: 70
[2019-11-13 05:59:24] spend time is: 70
[2019-11-13 05:59:24] spend time is: 70
[2019-11-13 05:59:24] spend time is: 70
[2019-11-13 05:59:24] spend time is: 70
[2019-11-13 05:59:24] spend time is: 70
[2019-11-13 05:59:24] spend time is: 70
[2019-11-13 05:59:24] spend time is: 70
[2019-11-13 05:59:25] anchore-engine-1.3.5.tgz update done.
[2019-11-13 05:59:25] spend time is: 70
[2019-11-13 05:59:25] anchore-engine-1.3.6.tgz update done.
[2019-11-13 05:59:34] spend time is: 80
[2019-11-13 05:59:34] spend time is: 80
[2019-11-13 05:59:34] spend time is: 80
[2019-11-13 05:59:34] spend time is: 80
[2019-11-13 05:59:34] spend time is: 80
[2019-11-13 05:59:34] spend time is: 80
[2019-11-13 05:59:34] spend time is: 80
[2019-11-13 05:59:34] spend time is: 80
[2019-11-13 05:59:35] spend time is: 80
[2019-11-13 05:59:44] spend time is: 90
[2019-11-13 05:59:44] spend time is: 90
[2019-11-13 05:59:44] spend time is: 90
[2019-11-13 05:59:44] spend time is: 90
[2019-11-13 05:59:44] spend time is: 90
[2019-11-13 05:59:44] spend time is: 90
[2019-11-13 05:59:44] spend time is: 90
[2019-11-13 05:59:44] spend time is: 90
[2019-11-13 05:59:49] cerebro-1.3.0.tgz update done.
[2019-11-13 05:59:54] spend time is: 100
[2019-11-13 05:59:54] spend time is: 100
[2019-11-13 05:59:54] spend time is: 100
[2019-11-13 05:59:54] spend time is: 100
[2019-11-13 05:59:54] spend time is: 100
[2019-11-13 05:59:54] spend time is: 100
[2019-11-13 05:59:54] spend time is: 100
[2019-11-13 05:59:54] spend time is: 100
[2019-11-13 05:59:54] spend time is: 100
[2019-11-13 05:59:54] spend time is: 100
[2019-11-13 06:00:04] spend time is: 110
[2019-11-13 06:00:04] spend time is: 110
[2019-11-13 06:00:04] spend time is: 110
[2019-11-13 06:00:04] spend time is: 110
[2019-11-13 06:00:04] spend time is: 110
[2019-11-13 06:00:04] spend time is: 110
[2019-11-13 06:00:04] spend time is: 110
[2019-11-13 06:00:04] spend time is: 110
[2019-11-13 06:00:04] spend time is: 110
[2019-11-13 06:00:04] spend time is: 110
[2019-11-13 06:00:14] spend time is: 120
[2019-11-13 06:00:14] spend time is: 120
[2019-11-13 06:00:14] spend time is: 120
[2019-11-13 06:00:14] spend time is: 120
[2019-11-13 06:00:14] spend time is: 120
[2019-11-13 06:00:14] spend time is: 120
[2019-11-13 06:00:14] spend time is: 120
[2019-11-13 06:00:14] spend time is: 120
[2019-11-13 06:00:14] spend time is: 120
[2019-11-13 06:00:24] spend time is: 130
[2019-11-13 06:00:24] spend time is: 130
[2019-11-13 06:00:24] spend time is: 130
[2019-11-13 06:00:24] spend time is: 130
[2019-11-13 06:00:24] spend time is: 130
[2019-11-13 06:00:24] spend time is: 130
[2019-11-13 06:00:24] spend time is: 130
[2019-11-13 06:00:24] spend time is: 130
[2019-11-13 06:00:34] spend time is: 140
[2019-11-13 06:00:34] spend time is: 140
[2019-11-13 06:00:34] spend time is: 140
[2019-11-13 06:00:34] spend time is: 140
[2019-11-13 06:00:34] spend time is: 140
[2019-11-13 06:00:34] spend time is: 140
[2019-11-13 06:00:34] spend time is: 140
[2019-11-13 06:00:34] spend time is: 140
[2019-11-13 06:00:35] spend time is: 140
[2019-11-13 06:00:35] spend time is: 140
[2019-11-13 06:00:44] spend time is: 150
[2019-11-13 06:00:44] spend time is: 150
[2019-11-13 06:00:44] spend time is: 150
[2019-11-13 06:00:44] spend time is: 150
[2019-11-13 06:00:44] spend time is: 150
[2019-11-13 06:00:44] spend time is: 150
[2019-11-13 06:00:44] spend time is: 150
[2019-11-13 06:00:44] spend time is: 150
[2019-11-13 06:00:44] spend time is: 150
[2019-11-13 06:00:45] datadog-1.38.3.tgz update done.
[2019-11-13 06:00:54] spend time is: 160
[2019-11-13 06:00:54] spend time is: 160
[2019-11-13 06:00:54] spend time is: 160
[2019-11-13 06:00:54] spend time is: 160
[2019-11-13 06:00:54] spend time is: 160
[2019-11-13 06:00:54] spend time is: 160
[2019-11-13 06:00:54] spend time is: 160
[2019-11-13 06:00:54] spend time is: 160
[2019-11-13 06:01:04] spend time is: 170
[2019-11-13 06:01:04] spend time is: 170
[2019-11-13 06:01:04] spend time is: 170
[2019-11-13 06:01:04] spend time is: 170
[2019-11-13 06:01:04] spend time is: 170
[2019-11-13 06:01:04] spend time is: 170
[2019-11-13 06:01:04] spend time is: 170
[2019-11-13 06:01:04] spend time is: 170
[2019-11-13 06:01:04] spend time is: 170
[2019-11-13 06:01:04] spend time is: 170
[2019-11-13 06:01:05] spend time is: 170
[2019-11-13 06:01:08] dokuwiki-6.0.0.tgz update done.
[2019-11-13 06:01:14] spend time is: 180
[2019-11-13 06:01:14] spend time is: 180
[2019-11-13 06:01:14] spend time is: 180
[2019-11-13 06:01:14] spend time is: 180
[2019-11-13 06:01:14] spend time is: 180
[2019-11-13 06:01:14] spend time is: 180
[2019-11-13 06:01:14] spend time is: 180
[2019-11-13 06:01:14] spend time is: 180
[2019-11-13 06:01:15] drone-2.3.1.tgz update done.
[2019-11-13 06:01:19] drupal-6.0.0.tgz update done.
[2019-11-13 06:01:24] spend time is: 190
[2019-11-13 06:01:24] spend time is: 190
[2019-11-13 06:01:24] spend time is: 190
[2019-11-13 06:01:24] spend time is: 190
[2019-11-13 06:01:24] spend time is: 190
[2019-11-13 06:01:24] spend time is: 190
[2019-11-13 06:01:24] spend time is: 190
[2019-11-13 06:01:24] spend time is: 190
[2019-11-13 06:01:24] spend time is: 190
[2019-11-13 06:01:34] spend time is: 200
[2019-11-13 06:01:34] spend time is: 200
[2019-11-13 06:01:34] spend time is: 200
[2019-11-13 06:01:34] spend time is: 200
[2019-11-13 06:01:34] spend time is: 200
[2019-11-13 06:01:34] spend time is: 200
[2019-11-13 06:01:34] spend time is: 200
[2019-11-13 06:01:34] spend time is: 200
[2019-11-13 06:01:39] elastic-stack-1.8.0.tgz update done.
[2019-11-13 06:01:44] spend time is: 210
[2019-11-13 06:01:44] spend time is: 210
[2019-11-13 06:01:44] spend time is: 210
[2019-11-13 06:01:44] spend time is: 210
[2019-11-13 06:01:44] spend time is: 210
[2019-11-13 06:01:44] spend time is: 210
[2019-11-13 06:01:44] spend time is: 210
[2019-11-13 06:01:44] spend time is: 210
[2019-11-13 06:01:45] spend time is: 210
[2019-11-13 06:01:54] spend time is: 220
[2019-11-13 06:01:54] spend time is: 220
[2019-11-13 06:01:54] spend time is: 220
[2019-11-13 06:01:54] spend time is: 220
[2019-11-13 06:01:54] spend time is: 220
[2019-11-13 06:01:54] spend time is: 220
[2019-11-13 06:01:54] spend time is: 220
[2019-11-13 06:01:54] spend time is: 220
[2019-11-13 06:02:04] spend time is: 230
[2019-11-13 06:02:04] spend time is: 230
[2019-11-13 06:02:04] spend time is: 230
[2019-11-13 06:02:04] spend time is: 230
[2019-11-13 06:02:04] spend time is: 230
[2019-11-13 06:02:04] spend time is: 230
[2019-11-13 06:02:04] spend time is: 230
[2019-11-13 06:02:04] spend time is: 230
[2019-11-13 06:02:04] spend time is: 230
[2019-11-13 06:02:04] spend time is: 230
[2019-11-13 06:02:04] spend time is: 230
[2019-11-13 06:02:14] spend time is: 240
[2019-11-13 06:02:14] spend time is: 240
[2019-11-13 06:02:14] spend time is: 240
[2019-11-13 06:02:14] spend time is: 240
[2019-11-13 06:02:14] spend time is: 240
[2019-11-13 06:02:14] spend time is: 240
[2019-11-13 06:02:14] spend time is: 240
[2019-11-13 06:02:14] spend time is: 240
[2019-11-13 06:02:19] fluent-bit-2.8.1.tgz update done.
[2019-11-13 06:02:24] spend time is: 250
[2019-11-13 06:02:24] spend time is: 250
[2019-11-13 06:02:24] spend time is: 250
[2019-11-13 06:02:24] spend time is: 250
[2019-11-13 06:02:24] spend time is: 250
[2019-11-13 06:02:24] spend time is: 250
[2019-11-13 06:02:24] spend time is: 250
[2019-11-13 06:02:24] spend time is: 250
[2019-11-13 06:02:34] spend time is: 260
[2019-11-13 06:02:34] spend time is: 260
[2019-11-13 06:02:34] spend time is: 260
[2019-11-13 06:02:34] spend time is: 260
[2019-11-13 06:02:34] spend time is: 260
[2019-11-13 06:02:34] spend time is: 260
[2019-11-13 06:02:34] spend time is: 260
[2019-11-13 06:02:34] spend time is: 260
[2019-11-13 06:02:34] spend time is: 260
[2019-11-13 06:02:39] ghost-8.0.6.tgz update done.
[2019-11-13 06:02:44] spend time is: 270
[2019-11-13 06:02:44] spend time is: 270
[2019-11-13 06:02:44] spend time is: 270
[2019-11-13 06:02:44] spend time is: 270
[2019-11-13 06:02:44] spend time is: 270
[2019-11-13 06:02:44] spend time is: 270
[2019-11-13 06:02:44] spend time is: 270
[2019-11-13 06:02:44] spend time is: 270
[2019-11-13 06:02:54] spend time is: 280
[2019-11-13 06:02:54] spend time is: 280
[2019-11-13 06:02:54] spend time is: 280
[2019-11-13 06:02:54] spend time is: 280
[2019-11-13 06:02:54] spend time is: 280
[2019-11-13 06:02:54] spend time is: 280
[2019-11-13 06:02:54] spend time is: 280
[2019-11-13 06:02:54] spend time is: 280
[2019-11-13 06:02:54] spend time is: 280
[2019-11-13 06:03:02] gitlab-ce-0.2.2.tgz update done.
[2019-11-13 06:03:04] spend time is: 290
[2019-11-13 06:03:04] spend time is: 290
[2019-11-13 06:03:04] spend time is: 290
[2019-11-13 06:03:04] spend time is: 290
[2019-11-13 06:03:04] spend time is: 290
[2019-11-13 06:03:04] spend time is: 290
[2019-11-13 06:03:04] gocd-1.19.3.tgz update done.
[2019-11-13 06:03:04] gocd-1.19.1.tgz update done.
[2019-11-13 06:03:04] spend time is: 290
[2019-11-13 06:03:04] spend time is: 290
[2019-11-13 06:03:05] gocd-1.19.0.tgz update done.
[2019-11-13 06:03:05] spend time is: 290
[2019-11-13 06:03:13] grafana-4.0.2.tgz update done.
[2019-11-13 06:03:14] spend time is: 300
[2019-11-13 06:03:14] spend time is: 300
[2019-11-13 06:03:14] spend time is: 300
[2019-11-13 06:03:14] spend time is: 300
Warning: Permanently added the RSA host key for IP address '192.30.253.113' to the list of known hosts.
Already up to date.
Already up to date.
fatal: Unable to create '/home/travis/build/babyshen/helm-charts-mirror/.git/index.lock': File exists.

Another git process seems to be running in this repository, e.g.
an editor opened by 'git commit'. Please make sure all processes
are terminated then try again. If it still fails, a git process
may have crashed in this repository earlier:
remove the file manually to continue.
Already up to date.
fatal: Unable to create '/home/travis/build/babyshen/helm-charts-mirror/.git/index.lock': File exists.

Another git process seems to be running in this repository, e.g.
an editor opened by 'git commit'. Please make sure all processes
are terminated then try again. If it still fails, a git process
may have crashed in this repository earlier:
remove the file manually to continue.
Already up to date.
fatal: Unable to create '/home/travis/build/babyshen/helm-charts-mirror/.git/index.lock': File exists.

Another git process seems to be running in this repository, e.g.
an editor opened by 'git commit'. Please make sure all processes
are terminated then try again. If it still fails, a git process
may have crashed in this repository earlier:
remove the file manually to continue.
[gh-pages ca9be7a] Synchronizing completion at 2019-11-13
 21 files changed, 2245 insertions(+), 357 deletions(-)
 create mode 100644 ambassador-4.4.5.tgz
 create mode 100644 ambassador-4.4.6.tgz
 create mode 100644 anchore-engine-1.3.5.tgz
 create mode 100644 anchore-engine-1.3.6.tgz
 create mode 100644 cerebro-1.3.0.tgz
 create mode 100644 datadog-1.38.3.tgz
 create mode 100644 dokuwiki-6.0.0.tgz
 create mode 100644 drone-2.3.1.tgz
 create mode 100644 drupal-6.0.0.tgz
 rewrite elastic-stack-1.8.0.tgz (98%)
 create mode 100644 fluent-bit-2.8.1.tgz
 create mode 100644 ghost-8.0.6.tgz
 rewrite gitlab-ce-0.2.2.tgz (100%)
 create mode 100644 gocd-1.19.0.tgz
 create mode 100644 gocd-1.19.1.tgz
 create mode 100644 gocd-1.19.3.tgz
 create mode 100644 grafana-4.0.2.tgz
 create mode 100644 travis_wait_1961.log
To github.com:babyshen/helm-charts-mirror.git
   ce6e33f..ca9be7a  gh-pages -> gh-pages
Branch 'gh-pages' set up to track remote branch 'gh-pages' from 'origin'.
[2019-11-13 06:03:24] spend time is: 310
[2019-11-13 06:03:24] spend time is: 310
[2019-11-13 06:03:24] spend time is: 310
[2019-11-13 06:03:24] spend time is: 310
[2019-11-13 06:03:24] spend time is: 310
[2019-11-13 06:03:24] spend time is: 310
[2019-11-13 06:03:34] spend time is: 320
[2019-11-13 06:03:34] spend time is: 320
[2019-11-13 06:03:34] spend time is: 320
[2019-11-13 06:03:34] spend time is: 320
[2019-11-13 06:03:34] spend time is: 320
[2019-11-13 06:03:34] spend time is: 320
[2019-11-13 06:03:34] spend time is: 320
[2019-11-13 06:03:44] spend time is: 330
[2019-11-13 06:03:44] spend time is: 330
[2019-11-13 06:03:44] spend time is: 330
[2019-11-13 06:03:44] spend time is: 330
[2019-11-13 06:03:44] spend time is: 330
[2019-11-13 06:03:44] spend time is: 330
[2019-11-13 06:03:44] spend time is: 330
[2019-11-13 06:03:49] graylog-1.3.9.tgz update done.
[2019-11-13 06:03:54] spend time is: 340
[2019-11-13 06:03:54] spend time is: 340
[2019-11-13 06:03:54] spend time is: 340
[2019-11-13 06:03:54] spend time is: 340
[2019-11-13 06:03:54] spend time is: 340
[2019-11-13 06:03:54] hazelcast-2.8.0.tgz update done.
[2019-11-13 06:03:54] spend time is: 340
[2019-11-13 06:04:04] spend time is: 350
[2019-11-13 06:04:04] spend time is: 350
[2019-11-13 06:04:04] spend time is: 350
[2019-11-13 06:04:04] spend time is: 350
[2019-11-13 06:04:04] spend time is: 350
[2019-11-13 06:04:04] spend time is: 350
[2019-11-13 06:04:04] spend time is: 350
[2019-11-13 06:04:10] home-assistant-0.9.10.tgz update done.
[2019-11-13 06:04:14] spend time is: 360
[2019-11-13 06:04:14] spend time is: 360
[2019-11-13 06:04:14] spend time is: 360
[2019-11-13 06:04:14] spend time is: 360
[2019-11-13 06:04:14] spend time is: 360
[2019-11-13 06:04:14] spend time is: 360
[2019-11-13 06:04:16] hubot-1.0.1.tgz update done.
[2019-11-13 06:04:17] influxdb-3.0.1.tgz update done.
[2019-11-13 06:04:18] influxdb-3.0.0.tgz update done.
[2019-11-13 06:04:18] influxdb-2.0.1.tgz update done.
[2019-11-13 06:04:18] influxdb-2.0.0.tgz update done.
[2019-11-13 06:04:24] spend time is: 370
[2019-11-13 06:04:24] spend time is: 370
[2019-11-13 06:04:24] spend time is: 370
[2019-11-13 06:04:24] spend time is: 370
[2019-11-13 06:04:24] spend time is: 370
[2019-11-13 06:04:24] spend time is: 370
[2019-11-13 06:04:24] spend time is: 370
[2019-11-13 06:04:28] ipfs-0.3.4.tgz update done.
[2019-11-13 06:04:29] ipfs-0.3.3.tgz update done.
[2019-11-13 06:04:35] janusgraph-0.2.1.tgz update done.
[2019-11-13 06:04:35] spend time is: 380
[2019-11-13 06:04:37] jasperreports-7.0.0.tgz update done.
[2019-11-13 06:04:37] jasperreports-6.2.8.tgz update done.
[2019-11-13 06:04:44] spend time is: 390
[2019-11-13 06:04:44] spend time is: 390
[2019-11-13 06:04:44] spend time is: 390
[2019-11-13 06:04:44] spend time is: 390
[2019-11-13 06:04:44] spend time is: 390
[2019-11-13 06:04:44] spend time is: 390
[2019-11-13 06:04:44] spend time is: 390
[2019-11-13 06:04:47] jenkins-1.9.2.tgz update done.
[2019-11-13 06:04:48] jenkins-1.9.1.tgz update done.
[2019-11-13 06:04:48] jenkins-1.9.0.tgz update done.
[2019-11-13 06:04:48] jenkins-1.8.2.tgz update done.
[2019-11-13 06:04:49] jenkins-1.8.1.tgz update done.
[2019-11-13 06:04:49] jenkins-1.8.0.tgz update done.
[2019-11-13 06:04:49] jenkins-1.7.10.tgz update done.
[2019-11-13 06:04:54] spend time is: 400
[2019-11-13 06:04:54] spend time is: 400
[2019-11-13 06:04:54] spend time is: 400
[2019-11-13 06:04:54] spend time is: 400
[2019-11-13 06:04:54] spend time is: 400
[2019-11-13 06:04:54] spend time is: 400
[2019-11-13 06:04:54] spend time is: 400
[2019-11-13 06:05:04] spend time is: 410
[2019-11-13 06:05:04] spend time is: 410
[2019-11-13 06:05:04] spend time is: 410
[2019-11-13 06:05:04] spend time is: 410
[2019-11-13 06:05:04] spend time is: 410
[2019-11-13 06:05:04] spend time is: 410
[2019-11-13 06:05:04] spend time is: 410
[2019-11-13 06:05:14] spend time is: 420
[2019-11-13 06:05:14] spend time is: 420
[2019-11-13 06:05:14] spend time is: 420
[2019-11-13 06:05:14] spend time is: 420
[2019-11-13 06:05:14] spend time is: 420
[2019-11-13 06:05:14] spend time is: 420
[2019-11-13 06:05:21] joomla-7.0.0.tgz update done.
[2019-11-13 06:05:21] joomla-6.1.12.tgz update done.
[2019-11-13 06:05:24] spend time is: 430
[2019-11-13 06:05:24] spend time is: 430
[2019-11-13 06:05:24] spend time is: 430
[2019-11-13 06:05:24] spend time is: 430
[2019-11-13 06:05:24] spend time is: 430
[2019-11-13 06:05:24] spend time is: 430
[2019-11-13 06:05:25] spend time is: 430
[2019-11-13 06:05:34] spend time is: 440
[2019-11-13 06:05:34] spend time is: 440
[2019-11-13 06:05:34] spend time is: 440
[2019-11-13 06:05:34] spend time is: 440
[2019-11-13 06:05:34] spend time is: 440
[2019-11-13 06:05:34] spend time is: 440
[2019-11-13 06:05:34] spend time is: 440
[2019-11-13 06:05:37] k8s-spot-termination-handler-1.4.8.tgz update done.
[2019-11-13 06:05:37] k8s-spot-termination-handler-1.4.7.tgz update done.
[2019-11-13 06:05:44] spend time is: 450
[2019-11-13 06:05:44] spend time is: 450
[2019-11-13 06:05:44] spend time is: 450
[2019-11-13 06:05:44] spend time is: 450
[2019-11-13 06:05:44] karma-1.2.1.tgz update done.
[2019-11-13 06:05:44] spend time is: 450
[2019-11-13 06:05:45] karma-1.2.0.tgz update done.
[2019-11-13 06:05:54] spend time is: 460
[2019-11-13 06:05:54] spend time is: 460
[2019-11-13 06:05:54] spend time is: 460
[2019-11-13 06:05:54] spend time is: 460
[2019-11-13 06:05:54] spend time is: 460
[2019-11-13 06:05:54] spend time is: 460
[2019-11-13 06:05:54] spend time is: 460
[2019-11-13 06:06:04] spend time is: 470
[2019-11-13 06:06:04] spend time is: 470
[2019-11-13 06:06:04] spend time is: 470
[2019-11-13 06:06:04] spend time is: 470
[2019-11-13 06:06:04] spend time is: 470
[2019-11-13 06:06:04] spend time is: 470
[2019-11-13 06:06:04] spend time is: 470
[2019-11-13 06:06:10] kong-0.27.0.tgz update done.
[2019-11-13 06:06:10] kong-0.26.1.tgz update done.
[2019-11-13 06:06:10] kong-0.26.0.tgz update done.
[2019-11-13 06:06:11] kong-0.25.0.tgz update done.
[2019-11-13 06:06:11] kong-0.24.0.tgz update done.
[2019-11-13 06:06:14] spend time is: 480
[2019-11-13 06:06:14] spend time is: 480
[2019-11-13 06:06:14] spend time is: 480
[2019-11-13 06:06:14] spend time is: 480
[2019-11-13 06:06:14] spend time is: 480
[2019-11-13 06:06:14] spend time is: 480
[2019-11-13 06:06:15] spend time is: 480
[2019-11-13 06:06:24] spend time is: 490
[2019-11-13 06:06:24] spend time is: 490
[2019-11-13 06:06:24] spend time is: 490
[2019-11-13 06:06:24] spend time is: 490
[2019-11-13 06:06:24] spend time is: 490
[2019-11-13 06:06:24] spend time is: 490
[2019-11-13 06:06:24] spend time is: 490
[2019-11-13 06:06:27] kube-ops-view-1.1.1.tgz update done.
[2019-11-13 06:06:27] kube-ops-view-1.1.0.tgz update done.
[2019-11-13 06:06:29] kube-slack-1.3.0.tgz update done.
[2019-11-13 06:06:30] kube-slack-1.2.0.tgz update done.
[2019-11-13 06:06:34] spend time is: 500
[2019-11-13 06:06:34] spend time is: 500
[2019-11-13 06:06:34] spend time is: 500
[2019-11-13 06:06:34] spend time is: 500
[2019-11-13 06:06:34] spend time is: 500
[2019-11-13 06:06:34] spend time is: 500
[2019-11-13 06:06:34] spend time is: 500
[2019-11-13 06:06:44] spend time is: 510
[2019-11-13 06:06:44] spend time is: 510
[2019-11-13 06:06:44] spend time is: 510
[2019-11-13 06:06:44] spend time is: 510
[2019-11-13 06:06:44] spend time is: 510
[2019-11-13 06:06:44] spend time is: 510
[2019-11-13 06:06:44] spend time is: 510
[2019-11-13 06:06:48] kubernetes-dashboard-1.10.1.tgz update done.
[2019-11-13 06:06:54] spend time is: 520
[2019-11-13 06:06:54] spend time is: 520
[2019-11-13 06:06:54] spend time is: 520
[2019-11-13 06:06:54] spend time is: 520
[2019-11-13 06:06:54] spend time is: 520
[2019-11-13 06:06:54] spend time is: 520
[2019-11-13 06:06:54] spend time is: 520
[2019-11-13 06:06:57] kubewatch-1.0.0.tgz update done.
[2019-11-13 06:06:57] kubewatch-0.8.13.tgz update done.
[2019-11-13 06:07:01] kured-1.4.1.tgz update done.
[2019-11-13 06:07:04] spend time is: 530
[2019-11-13 06:07:04] spend time is: 530
[2019-11-13 06:07:04] spend time is: 530
[2019-11-13 06:07:04] spend time is: 530
[2019-11-13 06:07:04] spend time is: 530
[2019-11-13 06:07:04] spend time is: 530
[2019-11-13 06:07:04] spend time is: 530
[2019-11-13 06:07:07] logdna-agent-1.3.0.tgz update done.
[2019-11-13 06:07:12] magento-6.0.0.tgz update done.
[2019-11-13 06:07:14] spend time is: 540
[2019-11-13 06:07:14] spend time is: 540
[2019-11-13 06:07:14] spend time is: 540
[2019-11-13 06:07:14] spend time is: 540
[2019-11-13 06:07:14] spend time is: 540
[2019-11-13 06:07:14] spend time is: 540
[2019-11-13 06:07:14] spend time is: 540
[2019-11-13 06:07:24] spend time is: 550
[2019-11-13 06:07:24] spend time is: 550
[2019-11-13 06:07:24] spend time is: 550
[2019-11-13 06:07:24] spend time is: 550
[2019-11-13 06:07:24] spend time is: 550
[2019-11-13 06:07:24] spend time is: 550
[2019-11-13 06:07:26] mariadb-7.0.1.tgz update done.
[2019-11-13 06:07:26] mariadb-7.0.0.tgz update done.
[2019-11-13 06:07:27] mariadb-6.13.0.tgz update done.
[2019-11-13 06:07:34] spend time is: 560
[2019-11-13 06:07:34] spend time is: 560
[2019-11-13 06:07:34] spend time is: 560
[2019-11-13 06:07:34] spend time is: 560
[2019-11-13 06:07:34] spend time is: 560
[2019-11-13 06:07:34] spend time is: 560
[2019-11-13 06:07:34] spend time is: 560
[2019-11-13 06:07:44] spend time is: 570
[2019-11-13 06:07:44] spend time is: 570
[2019-11-13 06:07:44] spend time is: 570
[2019-11-13 06:07:44] spend time is: 570
[2019-11-13 06:07:44] spend time is: 570
[2019-11-13 06:07:44] spend time is: 570
[2019-11-13 06:07:44] spend time is: 570
[2019-11-13 06:07:54] spend time is: 580
[2019-11-13 06:07:54] spend time is: 580
[2019-11-13 06:07:54] spend time is: 580
[2019-11-13 06:07:54] spend time is: 580
[2019-11-13 06:07:54] spend time is: 580
[2019-11-13 06:07:54] spend time is: 580
[2019-11-13 06:07:55] spend time is: 580
[2019-11-13 06:07:57] mediawiki-9.0.0.tgz update done.
[2019-11-13 06:07:57] mediawiki-8.2.11.tgz update done.
[2019-11-13 06:07:58] mediawiki-8.2.10.tgz update done.
[2019-11-13 06:08:04] spend time is: 590
[2019-11-13 06:08:04] spend time is: 590
[2019-11-13 06:08:04] spend time is: 590
[2019-11-13 06:08:04] spend time is: 590
[2019-11-13 06:08:04] spend time is: 590
[2019-11-13 06:08:04] spend time is: 590
[2019-11-13 06:08:04] spend time is: 590
[2019-11-13 06:08:11] memcached-3.2.0.tgz update done.
[2019-11-13 06:08:14] spend time is: 600
Warning: Permanently added the RSA host key for IP address '192.30.253.112' to the list of known hosts.
Already up to date.
[gh-pages b606cc7] Synchronizing completion at 2019-11-13
 50 files changed, 265 insertions(+), 1 deletion(-)
 rewrite graylog-1.3.9.tgz (61%)
 create mode 100644 hazelcast-2.8.0.tgz
 create mode 100644 home-assistant-0.9.10.tgz
 create mode 100644 hubot-1.0.1.tgz
 create mode 100644 influxdb-2.0.0.tgz
 create mode 100644 influxdb-2.0.1.tgz
 create mode 100644 influxdb-3.0.0.tgz
 create mode 100644 influxdb-3.0.1.tgz
 create mode 100644 ipfs-0.3.3.tgz
 create mode 100644 ipfs-0.3.4.tgz
 create mode 100644 jasperreports-6.2.8.tgz
 create mode 100644 jasperreports-7.0.0.tgz
 create mode 100644 jenkins-1.7.10.tgz
 create mode 100644 jenkins-1.8.0.tgz
 create mode 100644 jenkins-1.8.1.tgz
 create mode 100644 jenkins-1.8.2.tgz
 create mode 100644 jenkins-1.9.0.tgz
 create mode 100644 jenkins-1.9.1.tgz
 create mode 100644 jenkins-1.9.2.tgz
 create mode 100644 joomla-6.1.12.tgz
 create mode 100644 joomla-7.0.0.tgz
 create mode 100644 k8s-spot-termination-handler-1.4.7.tgz
 create mode 100644 k8s-spot-termination-handler-1.4.8.tgz
 create mode 100644 karma-1.2.0.tgz
 create mode 100644 karma-1.2.1.tgz
 create mode 100644 kong-0.24.0.tgz
 create mode 100644 kong-0.25.0.tgz
 create mode 100644 kong-0.26.0.tgz
 create mode 100644 kong-0.26.1.tgz
 create mode 100644 kong-0.27.0.tgz
 rewrite kube-ops-view-1.1.0.tgz (99%)
 create mode 100644 kube-ops-view-1.1.1.tgz
 create mode 100644 kube-slack-1.2.0.tgz
 create mode 100644 kube-slack-1.3.0.tgz
 create mode 100644 kubernetes-dashboard-1.10.1.tgz
 create mode 100644 kubewatch-0.8.13.tgz
 create mode 100644 kubewatch-1.0.0.tgz
 create mode 100644 kured-1.4.1.tgz
 create mode 100644 logdna-agent-1.3.0.tgz
 create mode 100644 magento-6.0.0.tgz
 create mode 100644 mariadb-6.13.0.tgz
 create mode 100644 mariadb-7.0.0.tgz
 create mode 100644 mariadb-7.0.1.tgz
 create mode 100644 mediawiki-8.2.10.tgz
 create mode 100644 mediawiki-8.2.11.tgz
 create mode 100644 mediawiki-9.0.0.tgz
 create mode 100644 memcached-3.2.0.tgz
To github.com:babyshen/helm-charts-mirror.git
   ca9be7a..b606cc7  gh-pages -> gh-pages
Branch 'gh-pages' set up to track remote branch 'gh-pages' from 'origin'.
[2019-11-13 06:08:24] spend time is: 610
[2019-11-13 06:08:24] spend time is: 610
[2019-11-13 06:08:24] spend time is: 610
[2019-11-13 06:08:24] spend time is: 610
[2019-11-13 06:08:24] spend time is: 610
[2019-11-13 06:08:24] spend time is: 610
[2019-11-13 06:08:24] spend time is: 610
[2019-11-13 06:08:28] metricbeat-1.7.1.tgz update done.
[2019-11-13 06:08:34] spend time is: 620
[2019-11-13 06:08:34] spend time is: 620
[2019-11-13 06:08:34] spend time is: 620
[2019-11-13 06:08:34] spend time is: 620
[2019-11-13 06:08:34] spend time is: 620
[2019-11-13 06:08:34] spend time is: 620
[2019-11-13 06:08:34] spend time is: 620
[2019-11-13 06:08:40] minio-2.5.18.tgz update done.
[2019-11-13 06:08:40] minio-2.5.17.tgz update done.
[2019-11-13 06:08:44] spend time is: 630
[2019-11-13 06:08:44] spend time is: 630
[2019-11-13 06:08:44] spend time is: 630
[2019-11-13 06:08:44] spend time is: 630
[2019-11-13 06:08:44] spend time is: 630
[2019-11-13 06:08:44] spend time is: 630
[2019-11-13 06:08:44] spend time is: 630
[2019-11-13 06:08:54] spend time is: 640
[2019-11-13 06:08:54] spend time is: 640
[2019-11-13 06:08:54] spend time is: 640
[2019-11-13 06:08:54] spend time is: 640
[2019-11-13 06:08:54] spend time is: 640
[2019-11-13 06:08:54] spend time is: 640
[2019-11-13 06:08:54] spend time is: 640
[2019-11-13 06:09:04] spend time is: 650
[2019-11-13 06:09:04] spend time is: 650
[2019-11-13 06:09:04] spend time is: 650
[2019-11-13 06:09:04] spend time is: 650
[2019-11-13 06:09:04] spend time is: 650
[2019-11-13 06:09:04] spend time is: 650
[2019-11-13 06:09:04] spend time is: 650
[2019-11-13 06:09:14] spend time is: 660
[2019-11-13 06:09:14] spend time is: 660
[2019-11-13 06:09:14] spend time is: 660
[2019-11-13 06:09:14] spend time is: 660
[2019-11-13 06:09:14] spend time is: 660
[2019-11-13 06:09:14] spend time is: 660
[2019-11-13 06:09:22] mongodb-replicaset-3.10.2.tgz update done.
[2019-11-13 06:09:24] spend time is: 670
[2019-11-13 06:09:24] spend time is: 670
[2019-11-13 06:09:24] spend time is: 670
[2019-11-13 06:09:24] spend time is: 670
[2019-11-13 06:09:24] spend time is: 670
[2019-11-13 06:09:24] spend time is: 670
[2019-11-13 06:09:24] spend time is: 670
[2019-11-13 06:09:30] moodle-7.0.0.tgz update done.
[2019-11-13 06:09:31] moodle-6.1.14.tgz update done.
[2019-11-13 06:09:34] spend time is: 680
[2019-11-13 06:09:34] spend time is: 680
[2019-11-13 06:09:34] spend time is: 680
[2019-11-13 06:09:34] spend time is: 680
[2019-11-13 06:09:34] spend time is: 680
[2019-11-13 06:09:34] spend time is: 680
[2019-11-13 06:09:34] spend time is: 680
[2019-11-13 06:09:44] spend time is: 690
[2019-11-13 06:09:44] spend time is: 690
[2019-11-13 06:09:44] spend time is: 690
[2019-11-13 06:09:44] mssql-linux-0.10.1.tgz update done.
[2019-11-13 06:09:44] spend time is: 690
[2019-11-13 06:09:44] spend time is: 690
[2019-11-13 06:09:54] spend time is: 700
[2019-11-13 06:09:54] spend time is: 700
[2019-11-13 06:09:54] spend time is: 700
[2019-11-13 06:09:54] spend time is: 700
[2019-11-13 06:09:54] spend time is: 700
[2019-11-13 06:09:54] spend time is: 700
[2019-11-13 06:09:54] spend time is: 700
[2019-11-13 06:10:04] spend time is: 710
[2019-11-13 06:10:04] spend time is: 710
[2019-11-13 06:10:04] spend time is: 710
[2019-11-13 06:10:04] spend time is: 710
[2019-11-13 06:10:04] spend time is: 710
[2019-11-13 06:10:04] spend time is: 710
[2019-11-13 06:10:11] newrelic-infrastructure-0.13.12.tgz update done.
[2019-11-13 06:10:14] spend time is: 720
[2019-11-13 06:10:14] spend time is: 720
[2019-11-13 06:10:14] spend time is: 720
[2019-11-13 06:10:14] spend time is: 720
[2019-11-13 06:10:14] spend time is: 720
[2019-11-13 06:10:14] spend time is: 720
[2019-11-13 06:10:14] spend time is: 720
[2019-11-13 06:10:20] nfs-client-provisioner-1.2.8.tgz update done.
[2019-11-13 06:10:24] spend time is: 730
[2019-11-13 06:10:24] spend time is: 730
[2019-11-13 06:10:24] nginx-ingress-1.24.7.tgz update done.
[2019-11-13 06:10:24] spend time is: 730
[2019-11-13 06:10:25] nginx-ingress-1.24.6.tgz update done.
[2019-11-13 06:10:25] nginx-ingress-1.24.5.tgz update done.
[2019-11-13 06:10:34] spend time is: 740
[2019-11-13 06:10:34] spend time is: 740
[2019-11-13 06:10:34] spend time is: 740
[2019-11-13 06:10:34] spend time is: 740
[2019-11-13 06:10:34] spend time is: 740
[2019-11-13 06:10:34] spend time is: 740
[2019-11-13 06:10:44] spend time is: 750
[2019-11-13 06:10:44] spend time is: 750
[2019-11-13 06:10:44] spend time is: 750
[2019-11-13 06:10:44] spend time is: 750
[2019-11-13 06:10:44] spend time is: 750
[2019-11-13 06:10:44] spend time is: 750
[2019-11-13 06:10:54] spend time is: 760
[2019-11-13 06:10:54] spend time is: 760
[2019-11-13 06:10:54] spend time is: 760
[2019-11-13 06:10:54] spend time is: 760
[2019-11-13 06:10:54] spend time is: 760
[2019-11-13 06:10:54] spend time is: 760
[2019-11-13 06:10:56] oauth2-proxy-1.2.0.tgz update done.
[2019-11-13 06:11:00] odoo-12.0.0.tgz update done.
[2019-11-13 06:11:01] odoo-11.1.11.tgz update done.
[2019-11-13 06:11:04] spend time is: 770
[2019-11-13 06:11:04] spend time is: 770
[2019-11-13 06:11:04] spend time is: 770
[2019-11-13 06:11:04] spend time is: 770
[2019-11-13 06:11:04] spend time is: 770
[2019-11-13 06:11:04] spend time is: 770
[2019-11-13 06:11:04] spend time is: 770
[2019-11-13 06:11:14] spend time is: 780
[2019-11-13 06:11:14] spend time is: 780
[2019-11-13 06:11:14] spend time is: 780
[2019-11-13 06:11:14] spend time is: 780
[2019-11-13 06:11:14] spend time is: 780
[2019-11-13 06:11:14] spend time is: 780
[2019-11-13 06:11:14] spend time is: 780
[2019-11-13 06:11:22] opencart-7.0.0.tgz update done.
[2019-11-13 06:11:22] opencart-6.2.7.tgz update done.
[2019-11-13 06:11:24] spend time is: 790
[2019-11-13 06:11:24] spend time is: 790
[2019-11-13 06:11:24] spend time is: 790
[2019-11-13 06:11:24] spend time is: 790
[2019-11-13 06:11:24] spend time is: 790
[2019-11-13 06:11:24] spend time is: 790
[2019-11-13 06:11:34] spend time is: 800
[2019-11-13 06:11:34] spend time is: 800
[2019-11-13 06:11:34] spend time is: 800
[2019-11-13 06:11:34] spend time is: 800
[2019-11-13 06:11:34] spend time is: 800
[2019-11-13 06:11:34] spend time is: 800
[2019-11-13 06:11:44] spend time is: 810
[2019-11-13 06:11:44] spend time is: 810
[2019-11-13 06:11:44] spend time is: 810
[2019-11-13 06:11:44] spend time is: 810
[2019-11-13 06:11:44] spend time is: 810
[2019-11-13 06:11:44] spend time is: 810
[2019-11-13 06:11:47] orangehrm-7.0.0.tgz update done.
[2019-11-13 06:11:48] orangehrm-6.2.8.tgz update done.
[2019-11-13 06:11:54] spend time is: 820
[2019-11-13 06:11:54] spend time is: 820
[2019-11-13 06:11:54] spend time is: 820
[2019-11-13 06:11:54] spend time is: 820
[2019-11-13 06:11:54] spend time is: 820
[2019-11-13 06:11:54] spend time is: 820
[2019-11-13 06:11:54] spend time is: 820
[2019-11-13 06:12:00] osclass-7.0.0.tgz update done.
[2019-11-13 06:12:00] osclass-6.2.7.tgz update done.
[2019-11-13 06:12:04] spend time is: 830
[2019-11-13 06:12:04] spend time is: 830
[2019-11-13 06:12:04] spend time is: 830
[2019-11-13 06:12:04] spend time is: 830
[2019-11-13 06:12:04] spend time is: 830
[2019-11-13 06:12:04] spend time is: 830
[2019-11-13 06:12:12] owncloud-7.0.0.tgz update done.
[2019-11-13 06:12:12] owncloud-6.2.9.tgz update done.
[2019-11-13 06:12:14] spend time is: 840
[2019-11-13 06:12:14] spend time is: 840
[2019-11-13 06:12:14] spend time is: 840
[2019-11-13 06:12:14] spend time is: 840
[2019-11-13 06:12:14] spend time is: 840
[2019-11-13 06:12:14] spend time is: 840
[2019-11-13 06:12:14] spend time is: 840
[2019-11-13 06:12:24] spend time is: 850
[2019-11-13 06:12:24] spend time is: 850
[2019-11-13 06:12:24] spend time is: 850
[2019-11-13 06:12:24] spend time is: 850
[2019-11-13 06:12:24] spend time is: 850
[2019-11-13 06:12:24] spend time is: 850
[2019-11-13 06:12:24] spend time is: 850
[2019-11-13 06:12:27] parse-10.2.0.tgz update done.
[2019-11-13 06:12:34] spend time is: 860
[2019-11-13 06:12:34] spend time is: 860
[2019-11-13 06:12:34] spend time is: 860
[2019-11-13 06:12:34] spend time is: 860
[2019-11-13 06:12:34] spend time is: 860
[2019-11-13 06:12:34] spend time is: 860
[2019-11-13 06:12:34] spend time is: 860
[2019-11-13 06:12:44] spend time is: 870
[2019-11-13 06:12:44] spend time is: 870
[2019-11-13 06:12:44] spend time is: 870
[2019-11-13 06:12:44] spend time is: 870
[2019-11-13 06:12:44] spend time is: 870
[2019-11-13 06:12:44] spend time is: 870
[2019-11-13 06:12:48] phabricator-8.0.4.tgz update done.
[2019-11-13 06:12:48] phabricator-8.0.3.tgz update done.
[2019-11-13 06:12:49] phabricator-8.0.2.tgz update done.
[2019-11-13 06:12:54] spend time is: 880
[2019-11-13 06:12:54] spend time is: 880
[2019-11-13 06:12:54] spend time is: 880
[2019-11-13 06:12:54] spend time is: 880
[2019-11-13 06:12:54] spend time is: 880
[2019-11-13 06:12:54] spend time is: 880
[2019-11-13 06:12:54] spend time is: 880
[2019-11-13 06:13:04] spend time is: 890
[2019-11-13 06:13:04] spend time is: 890
[2019-11-13 06:13:04] spend time is: 890
[2019-11-13 06:13:04] spend time is: 890
[2019-11-13 06:13:04] spend time is: 890
[2019-11-13 06:13:04] spend time is: 890
[2019-11-13 06:13:12] phpbb-7.0.0.tgz update done.
[2019-11-13 06:13:14] spend time is: 900
Already up to date.
[gh-pages 225ced0] Synchronizing completion at 2019-11-13
 30 files changed, 269 insertions(+), 1 deletion(-)
 create mode 100644 metricbeat-1.7.1.tgz
 create mode 100644 minio-2.5.17.tgz
 create mode 100644 minio-2.5.18.tgz
 create mode 100644 mongodb-replicaset-3.10.2.tgz
 create mode 100644 moodle-6.1.14.tgz
 create mode 100644 moodle-7.0.0.tgz
 create mode 100644 mssql-linux-0.10.1.tgz
 create mode 100644 newrelic-infrastructure-0.13.12.tgz
 create mode 100644 nfs-client-provisioner-1.2.8.tgz
 create mode 100644 nginx-ingress-1.24.5.tgz
 create mode 100644 nginx-ingress-1.24.6.tgz
 create mode 100644 nginx-ingress-1.24.7.tgz
 create mode 100644 oauth2-proxy-1.2.0.tgz
 create mode 100644 odoo-11.1.11.tgz
 create mode 100644 odoo-12.0.0.tgz
 create mode 100644 opencart-6.2.7.tgz
 create mode 100644 opencart-7.0.0.tgz
 create mode 100644 orangehrm-6.2.8.tgz
 create mode 100644 orangehrm-7.0.0.tgz
 create mode 100644 osclass-6.2.7.tgz
 create mode 100644 osclass-7.0.0.tgz
 create mode 100644 owncloud-6.2.9.tgz
 create mode 100644 owncloud-7.0.0.tgz
 create mode 100644 parse-10.2.0.tgz
 create mode 100644 phabricator-8.0.2.tgz
 create mode 100644 phabricator-8.0.3.tgz
 create mode 100644 phabricator-8.0.4.tgz
 create mode 100644 phpbb-7.0.0.tgz
To github.com:babyshen/helm-charts-mirror.git
   b606cc7..225ced0  gh-pages -> gh-pages
Branch 'gh-pages' set up to track remote branch 'gh-pages' from 'origin'.
[2019-11-13 06:13:24] spend time is: 910
[2019-11-13 06:13:24] spend time is: 910
[2019-11-13 06:13:24] spend time is: 910
[2019-11-13 06:13:24] spend time is: 910
[2019-11-13 06:13:24] spend time is: 910
[2019-11-13 06:13:24] spend time is: 910
[2019-11-13 06:13:24] spend time is: 910
[2019-11-13 06:13:28] phpmyadmin-4.2.2.tgz update done.
[2019-11-13 06:13:29] phpmyadmin-4.2.1.tgz update done.
[2019-11-13 06:13:29] phpmyadmin-4.2.0.tgz update done.
[2019-11-13 06:13:34] spend time is: 920
[2019-11-13 06:13:34] spend time is: 920
[2019-11-13 06:13:34] spend time is: 920
[2019-11-13 06:13:34] spend time is: 920
[2019-11-13 06:13:34] spend time is: 920
[2019-11-13 06:13:34] spend time is: 920
[2019-11-13 06:13:34] spend time is: 920
[2019-11-13 06:13:37] pomerium-4.1.0.tgz update done.
[2019-11-13 06:13:37] pomerium-4.0.4.tgz update done.
[2019-11-13 06:13:37] pomerium-4.0.3.tgz update done.
[2019-11-13 06:13:40] postgresql-7.1.0.tgz update done.
[2019-11-13 06:13:45] postgresql-7.0.2.tgz update done.
[2019-11-13 06:13:45] postgresql-7.0.1.tgz update done.
[2019-11-13 06:13:46] postgresql-7.0.0.tgz update done.
[2019-11-13 06:13:46] postgresql-6.5.9.tgz update done.
[2019-11-13 06:13:46] postgresql-6.5.8.tgz update done.
[2019-11-13 06:13:46] postgresql-6.5.7.tgz update done.
[2019-11-13 06:13:47] postgresql-6.5.6.tgz update done.
[2019-11-13 06:13:47] postgresql-6.5.5.tgz update done.
[2019-11-13 06:13:47] postgresql-6.5.4.tgz update done.
[2019-11-13 06:13:54] spend time is: 940
[2019-11-13 06:13:54] spend time is: 940
[2019-11-13 06:13:54] spend time is: 940
[2019-11-13 06:13:54] spend time is: 940
[2019-11-13 06:13:54] spend time is: 940
[2019-11-13 06:13:54] spend time is: 940
[2019-11-13 06:13:54] spend time is: 940
[2019-11-13 06:14:04] spend time is: 950
[2019-11-13 06:14:04] spend time is: 950
[2019-11-13 06:14:04] spend time is: 950
[2019-11-13 06:14:04] spend time is: 950
[2019-11-13 06:14:04] spend time is: 950
[2019-11-13 06:14:04] spend time is: 950
[2019-11-13 06:14:04] spend time is: 950
[2019-11-13 06:14:14] spend time is: 960
[2019-11-13 06:14:14] spend time is: 960
[2019-11-13 06:14:14] spend time is: 960
[2019-11-13 06:14:14] spend time is: 960
[2019-11-13 06:14:14] spend time is: 960
[2019-11-13 06:14:14] spend time is: 960
[2019-11-13 06:14:14] spend time is: 960
[2019-11-13 06:14:16] prestashop-9.0.0.tgz update done.
[2019-11-13 06:14:16] prestashop-8.2.9.tgz update done.
[2019-11-13 06:14:24] spend time is: 970
[2019-11-13 06:14:24] spend time is: 970
[2019-11-13 06:14:24] spend time is: 970
[2019-11-13 06:14:24] spend time is: 970
[2019-11-13 06:14:24] spend time is: 970
[2019-11-13 06:14:24] spend time is: 970
[2019-11-13 06:14:24] spend time is: 970
[2019-11-13 06:14:32] prometheus-9.3.1.tgz update done.
[2019-11-13 06:14:34] spend time is: 980
[2019-11-13 06:14:34] spend time is: 980
[2019-11-13 06:14:34] spend time is: 980
[2019-11-13 06:14:34] spend time is: 980
[2019-11-13 06:14:34] spend time is: 980
[2019-11-13 06:14:34] spend time is: 980
[2019-11-13 06:14:34] spend time is: 980
[2019-11-13 06:14:44] spend time is: 990
[2019-11-13 06:14:44] spend time is: 990
[2019-11-13 06:14:44] spend time is: 990
[2019-11-13 06:14:44] spend time is: 990
[2019-11-13 06:14:44] spend time is: 990
[2019-11-13 06:14:44] spend time is: 990
[2019-11-13 06:14:54] spend time is: 1000
[2019-11-13 06:14:54] spend time is: 1000
[2019-11-13 06:14:54] spend time is: 1000
[2019-11-13 06:14:54] spend time is: 1000
[2019-11-13 06:14:54] spend time is: 1000
[2019-11-13 06:14:54] spend time is: 1000
[2019-11-13 06:14:54] spend time is: 1000
[2019-11-13 06:15:01] prometheus-blackbox-exporter-1.5.0.tgz update done.
[2019-11-13 06:15:03] prometheus-cloudwatch-exporter-0.5.0.tgz update done.
[2019-11-13 06:15:03] prometheus-cloudwatch-exporter-0.4.13.tgz update done.
[2019-11-13 06:15:04] prometheus-cloudwatch-exporter-0.4.12.tgz update done.
[2019-11-13 06:15:04] spend time is: 1010
[2019-11-13 06:15:04] spend time is: 1010
[2019-11-13 06:15:04] spend time is: 1010
[2019-11-13 06:15:04] spend time is: 1010
[2019-11-13 06:15:04] spend time is: 1010
[2019-11-13 06:15:04] spend time is: 1010
[2019-11-13 06:15:08] prometheus-mongodb-exporter-2.4.0.tgz update done.
[2019-11-13 06:15:10] prometheus-mysql-exporter-0.5.2.tgz update done.
[2019-11-13 06:15:12] prometheus-nats-exporter-2.3.0.tgz update done.
[2019-11-13 06:15:13] prometheus-node-exporter-1.7.3.tgz update done.
[2019-11-13 06:15:13] prometheus-node-exporter-1.7.2.tgz update done.
[2019-11-13 06:15:14] prometheus-node-exporter-1.7.1.tgz update done.
[2019-11-13 06:15:14] prometheus-node-exporter-1.7.0.tgz update done.
[2019-11-13 06:15:14] spend time is: 1020
[2019-11-13 06:15:14] spend time is: 1020
[2019-11-13 06:15:14] spend time is: 1020
[2019-11-13 06:15:14] spend time is: 1020
[2019-11-13 06:15:14] spend time is: 1020
[2019-11-13 06:15:18] prometheus-operator-8.1.8.tgz update done.
[2019-11-13 06:15:18] prometheus-operator-8.1.7.tgz update done.
[2019-11-13 06:15:18] prometheus-operator-8.1.6.tgz update done.
[2019-11-13 06:15:19] prometheus-operator-8.1.5.tgz update done.
[2019-11-13 06:15:19] prometheus-operator-8.1.4.tgz update done.
[2019-11-13 06:15:19] prometheus-operator-8.1.3.tgz update done.
[2019-11-13 06:15:20] prometheus-operator-8.1.2.tgz update done.
[2019-11-13 06:15:20] prometheus-operator-8.1.1.tgz update done.
[2019-11-13 06:15:20] prometheus-operator-8.1.0.tgz update done.
[2019-11-13 06:15:21] prometheus-operator-8.0.1.tgz update done.
[2019-11-13 06:15:21] prometheus-operator-8.0.0.tgz update done.
[2019-11-13 06:15:21] prometheus-operator-7.5.0.tgz update done.
[2019-11-13 06:15:22] prometheus-operator-7.4.0.tgz update done.
[2019-11-13 06:15:22] prometheus-operator-7.3.0.tgz update done.
[2019-11-13 06:15:22] prometheus-operator-7.2.1.tgz update done.
[2019-11-13 06:15:22] prometheus-operator-7.2.0.tgz update done.
[2019-11-13 06:15:23] prometheus-operator-7.1.1.tgz update done.
[2019-11-13 06:15:23] prometheus-operator-7.1.0.tgz update done.
[2019-11-13 06:15:23] prometheus-operator-7.0.0.tgz update done.
[2019-11-13 06:15:24] prometheus-operator-6.21.1.tgz update done.
[2019-11-13 06:15:24] spend time is: 1030
[2019-11-13 06:15:24] prometheus-operator-6.21.0.tgz update done.
[2019-11-13 06:15:24] spend time is: 1030
[2019-11-13 06:15:24] prometheus-operator-6.20.3.tgz update done.
[2019-11-13 06:15:24] spend time is: 1030
[2019-11-13 06:15:25] prometheus-operator-6.20.2.tgz update done.
[2019-11-13 06:15:25] prometheus-operator-6.20.1.tgz update done.
[2019-11-13 06:15:25] prometheus-operator-6.20.0.tgz update done.
[2019-11-13 06:15:26] prometheus-operator-6.19.1.tgz update done.
[2019-11-13 06:15:26] prometheus-operator-6.19.0.tgz update done.
[2019-11-13 06:15:27] prometheus-operator-6.18.2.tgz update done.
[2019-11-13 06:15:27] prometheus-operator-6.18.1.tgz update done.
[2019-11-13 06:15:27] prometheus-operator-6.18.0.tgz update done.
[2019-11-13 06:15:28] prometheus-operator-6.17.2.tgz update done.
[2019-11-13 06:15:28] prometheus-operator-6.17.1.tgz update done.
[2019-11-13 06:15:28] prometheus-operator-6.17.0.tgz update done.
[2019-11-13 06:15:29] prometheus-operator-6.16.2.tgz update done.
[2019-11-13 06:15:29] prometheus-operator-6.16.1.tgz update done.
[2019-11-13 06:15:30] prometheus-operator-6.16.0.tgz update done.
[2019-11-13 06:15:30] prometheus-operator-6.15.0.tgz update done.
[2019-11-13 06:15:30] prometheus-operator-6.14.2.tgz update done.
[2019-11-13 06:15:30] prometheus-operator-6.14.1.tgz update done.
[2019-11-13 06:15:31] prometheus-operator-6.14.0.tgz update done.
[2019-11-13 06:15:31] prometheus-operator-6.13.0.tgz update done.
[2019-11-13 06:15:31] prometheus-operator-6.12.1.tgz update done.
[2019-11-13 06:15:32] prometheus-operator-6.12.0.tgz update done.
[2019-11-13 06:15:32] prometheus-operator-6.11.3.tgz update done.
[2019-11-13 06:15:32] prometheus-operator-6.11.2.tgz update done.
[2019-11-13 06:15:33] prometheus-operator-6.11.1.tgz update done.
[2019-11-13 06:15:34] spend time is: 1040
[2019-11-13 06:15:34] spend time is: 1040
[2019-11-13 06:15:34] spend time is: 1040
[2019-11-13 06:15:34] spend time is: 1040
[2019-11-13 06:15:34] spend time is: 1040
[2019-11-13 06:15:34] spend time is: 1040
[2019-11-13 06:15:34] spend time is: 1040
[2019-11-13 06:15:44] spend time is: 1050
[2019-11-13 06:15:44] spend time is: 1050
[2019-11-13 06:15:44] spend time is: 1050
[2019-11-13 06:15:44] spend time is: 1050
[2019-11-13 06:15:44] spend time is: 1050
[2019-11-13 06:15:44] spend time is: 1050
[2019-11-13 06:15:44] spend time is: 1050
[2019-11-13 06:15:54] spend time is: 1060
[2019-11-13 06:15:54] spend time is: 1060
[2019-11-13 06:15:54] spend time is: 1060
[2019-11-13 06:15:54] spend time is: 1060
[2019-11-13 06:15:54] spend time is: 1060
[2019-11-13 06:15:54] spend time is: 1060
[2019-11-13 06:15:54] spend time is: 1060
[2019-11-13 06:15:56] prometheus-postgres-exporter-1.1.1.tgz update done.
[2019-11-13 06:15:57] prometheus-postgres-exporter-1.1.0.tgz update done.
[2019-11-13 06:15:57] prometheus-postgres-exporter-1.0.0.tgz update done.
[2019-11-13 06:15:59] prometheus-pushgateway-1.2.2.tgz update done.
[2019-11-13 06:16:00] prometheus-pushgateway-1.2.1.tgz update done.
[2019-11-13 06:16:00] prometheus-pushgateway-1.2.0.tgz update done.
[2019-11-13 06:16:00] prometheus-pushgateway-1.1.1.tgz update done.
[2019-11-13 06:16:01] prometheus-pushgateway-1.1.0.tgz update done.
[2019-11-13 06:16:04] spend time is: 1070
[2019-11-13 06:16:04] spend time is: 1070
[2019-11-13 06:16:04] spend time is: 1070
[2019-11-13 06:16:04] spend time is: 1070
[2019-11-13 06:16:04] spend time is: 1070
[2019-11-13 06:16:04] spend time is: 1070
[2019-11-13 06:16:11] rabbitmq-6.12.1.tgz update done.
[2019-11-13 06:16:11] rabbitmq-6.12.0.tgz update done.
[2019-11-13 06:16:11] rabbitmq-6.11.1.tgz update done.
[2019-11-13 06:16:12] rabbitmq-6.11.0.tgz update done.
[2019-11-13 06:16:12] rabbitmq-6.10.1.tgz update done.
[2019-11-13 06:16:12] rabbitmq-6.10.0.tgz update done.
[2019-11-13 06:16:13] rabbitmq-6.9.0.tgz update done.
[2019-11-13 06:16:13] rabbitmq-6.8.5.tgz update done.
[2019-11-13 06:16:13] rabbitmq-6.8.4.tgz update done.
[2019-11-13 06:16:14] rabbitmq-6.8.3.tgz update done.
[2019-11-13 06:16:14] spend time is: 1080
[2019-11-13 06:16:14] spend time is: 1080
[2019-11-13 06:16:14] spend time is: 1080
[2019-11-13 06:16:14] spend time is: 1080
[2019-11-13 06:16:14] spend time is: 1080
[2019-11-13 06:16:14] spend time is: 1080
[2019-11-13 06:16:24] spend time is: 1090
[2019-11-13 06:16:24] spend time is: 1090
[2019-11-13 06:16:24] spend time is: 1090
[2019-11-13 06:16:24] spend time is: 1090
[2019-11-13 06:16:24] spend time is: 1090
[2019-11-13 06:16:24] spend time is: 1090
[2019-11-13 06:16:34] spend time is: 1100
[2019-11-13 06:16:34] spend time is: 1100
[2019-11-13 06:16:34] spend time is: 1100
[2019-11-13 06:16:34] spend time is: 1100
[2019-11-13 06:16:34] spend time is: 1100
[2019-11-13 06:16:34] spend time is: 1100
[2019-11-13 06:16:34] spend time is: 1100
[2019-11-13 06:16:39] rabbitmq-ha-1.36.2.tgz update done.
[2019-11-13 06:16:39] rabbitmq-ha-1.36.1.tgz update done.
[2019-11-13 06:16:40] rabbitmq-ha-1.36.0.tgz update done.
[2019-11-13 06:16:40] rabbitmq-ha-1.35.0.tgz update done.
[2019-11-13 06:16:40] rabbitmq-ha-1.34.1.tgz update done.
[2019-11-13 06:16:40] rabbitmq-ha-1.34.0.tgz update done.
[2019-11-13 06:16:41] rabbitmq-ha-1.33.1.tgz update done.
[2019-11-13 06:16:44] spend time is: 1110
[2019-11-13 06:16:44] spend time is: 1110
[2019-11-13 06:16:44] spend time is: 1110
[2019-11-13 06:16:44] spend time is: 1110
[2019-11-13 06:16:44] spend time is: 1110
[2019-11-13 06:16:44] spend time is: 1110
[2019-11-13 06:16:44] spend time is: 1110
[2019-11-13 06:16:53] redis-9.5.3.tgz update done.
[2019-11-13 06:16:53] redis-9.5.2.tgz update done.
[2019-11-13 06:16:53] redis-9.5.1.tgz update done.
[2019-11-13 06:16:53] redis-9.5.0.tgz update done.
[2019-11-13 06:16:54] redis-9.4.3.tgz update done.
[2019-11-13 06:16:54] spend time is: 1120
[2019-11-13 06:16:54] redis-9.4.2.tgz update done.
[2019-11-13 06:16:54] spend time is: 1120
[2019-11-13 06:16:55] redis-9.4.1.tgz update done.
[2019-11-13 06:16:55] spend time is: 1120
[2019-11-13 06:16:55] redis-9.3.3.tgz update done.
[2019-11-13 06:16:55] redis-9.3.2.tgz update done.
[2019-11-13 06:16:56] redis-9.3.1.tgz update done.
[2019-11-13 06:16:56] redis-9.3.0.tgz update done.
[2019-11-13 06:17:04] spend time is: 1130
[2019-11-13 06:17:04] spend time is: 1130
[2019-11-13 06:17:04] spend time is: 1130
[2019-11-13 06:17:04] spend time is: 1130
[2019-11-13 06:17:04] spend time is: 1130
[2019-11-13 06:17:04] spend time is: 1130
[2019-11-13 06:17:04] spend time is: 1130
[2019-11-13 06:17:14] spend time is: 1140
[2019-11-13 06:17:14] spend time is: 1140
[2019-11-13 06:17:14] spend time is: 1140
[2019-11-13 06:17:14] spend time is: 1140
[2019-11-13 06:17:14] spend time is: 1140
[2019-11-13 06:17:14] spend time is: 1140
[2019-11-13 06:17:14] spend time is: 1140
[2019-11-13 06:17:24] spend time is: 1150
[2019-11-13 06:17:24] spend time is: 1150
[2019-11-13 06:17:24] spend time is: 1150
[2019-11-13 06:17:24] spend time is: 1150
[2019-11-13 06:17:24] spend time is: 1150
[2019-11-13 06:17:24] spend time is: 1150
[2019-11-13 06:17:25] redis-ha-4.0.1.tgz update done.
[2019-11-13 06:17:26] redis-ha-4.0.0.tgz update done.
[2019-11-13 06:17:26] redis-ha-3.11.4.tgz update done.
[2019-11-13 06:17:26] redis-ha-3.11.3.tgz update done.
[2019-11-13 06:17:27] redis-ha-3.11.2.tgz update done.
[2019-11-13 06:17:27] redis-ha-3.11.1.tgz update done.
[2019-11-13 06:17:27] redis-ha-3.11.0.tgz update done.
[2019-11-13 06:17:28] redis-ha-3.10.1.tgz update done.
[2019-11-13 06:17:28] redis-ha-3.10.0.tgz update done.
[2019-11-13 06:17:28] redis-ha-3.9.4.tgz update done.
[2019-11-13 06:17:29] redis-ha-3.9.3.tgz update done.
[2019-11-13 06:17:29] redis-ha-3.9.2.tgz update done.
[2019-11-13 06:17:29] redis-ha-3.9.1.tgz update done.
[2019-11-13 06:17:30] redis-ha-3.9.0.tgz update done.
[2019-11-13 06:17:30] redis-ha-3.8.0.tgz update done.
[2019-11-13 06:17:30] redis-ha-3.7.17.tgz update done.
[2019-11-13 06:17:31] redis-ha-3.7.16.tgz update done.
[2019-11-13 06:17:34] spend time is: 1160
[2019-11-13 06:17:34] spend time is: 1160
[2019-11-13 06:17:34] spend time is: 1160
[2019-11-13 06:17:34] spend time is: 1160
[2019-11-13 06:17:34] spend time is: 1160
[2019-11-13 06:17:34] spend time is: 1160
[2019-11-13 06:17:40] redmine-13.0.0.tgz update done.
[2019-11-13 06:17:40] redmine-12.2.12.tgz update done.
[2019-11-13 06:17:41] redmine-12.2.11.tgz update done.
[2019-11-13 06:17:41] redmine-12.2.10.tgz update done.
[2019-11-13 06:17:41] redmine-12.2.9.tgz update done.
[2019-11-13 06:17:42] redmine-12.2.8.tgz update done.
[2019-11-13 06:17:42] redmine-12.2.7.tgz update done.
[2019-11-13 06:17:44] spend time is: 1170
[2019-11-13 06:17:44] spend time is: 1170
[2019-11-13 06:17:44] spend time is: 1170
[2019-11-13 06:17:44] spend time is: 1170
[2019-11-13 06:17:44] spend time is: 1170
[2019-11-13 06:17:44] spend time is: 1170
[2019-11-13 06:17:44] spend time is: 1170
[2019-11-13 06:17:54] spend time is: 1180
[2019-11-13 06:17:54] spend time is: 1180
[2019-11-13 06:17:54] spend time is: 1180
[2019-11-13 06:17:54] spend time is: 1180
[2019-11-13 06:17:54] spend time is: 1180
[2019-11-13 06:17:54] spend time is: 1180
[2019-11-13 06:17:54] spend time is: 1180
[2019-11-13 06:17:56] reloader-1.2.0.tgz update done.
[2019-11-13 06:18:00] rocketchat-1.1.15.tgz update done.
[2019-11-13 06:18:04] spend time is: 1190
[2019-11-13 06:18:04] spend time is: 1190
[2019-11-13 06:18:04] spend time is: 1190
[2019-11-13 06:18:04] spend time is: 1190
[2019-11-13 06:18:04] spend time is: 1190
[2019-11-13 06:18:04] spend time is: 1190
[2019-11-13 06:18:04] spend time is: 1190
[2019-11-13 06:18:08] sealed-secrets-1.5.0.tgz update done.
[2019-11-13 06:18:11] selenium-1.0.10.tgz update done.
[2019-11-13 06:18:14] spend time is: 1200
Already up to date.
