Fetching origin
Warning: Permanently added the RSA host key for IP address '192.30.253.112' to the list of known hosts.
From github.com:babyshen/helm-charts-mirror
 * [new branch]      gh-pages   -> origin/gh-pages
 * [new branch]      master     -> origin/master
Previous HEAD position was 6f4bc38 restore bug
Switched to a new branch 'gh-pages'
Branch 'gh-pages' set up to track remote branch 'gh-pages' from 'origin'.
Already up to date.
Branch 'gh-pages' set up to track remote branch 'gh-pages' from 'origin'.
  % Total    % Received % Xferd  Average Speed   Time    Time     Time  Current
                                 Dload  Upload   Total   Spent    Left  Speed
  0     0    0     0    0     0      0      0 --:--:-- --:--:-- --:--:--     0100 5155k  100 5155k    0     0  35.6M      0 --:--:-- --:--:-- --:--:-- 35.7M
[2019-06-13 04:42:18] spend time is: 40
[2019-06-13 04:42:18] spend time is: 40
[2019-06-13 04:42:18] spend time is: 40
[2019-06-13 04:42:18] spend time is: 40
[2019-06-13 04:42:18] spend time is: 40
[2019-06-13 04:42:18] spend time is: 40
[2019-06-13 04:42:18] spend time is: 40
[2019-06-13 04:42:19] spend time is: 40
[2019-06-13 04:42:20] airflow-2.8.8.tgz update done.
[2019-06-13 04:42:26] anchore-engine-1.1.0.tgz update done.
[2019-06-13 04:42:28] spend time is: 50
[2019-06-13 04:42:28] spend time is: 50
[2019-06-13 04:42:28] spend time is: 50
[2019-06-13 04:42:28] spend time is: 50
[2019-06-13 04:42:28] spend time is: 50
[2019-06-13 04:42:28] spend time is: 50
[2019-06-13 04:42:28] spend time is: 50
[2019-06-13 04:42:28] spend time is: 50
[2019-06-13 04:42:28] spend time is: 50
[2019-06-13 04:42:28] spend time is: 50
[2019-06-13 04:42:38] spend time is: 60
[2019-06-13 04:42:38] spend time is: 60
[2019-06-13 04:42:38] spend time is: 60
[2019-06-13 04:42:38] spend time is: 60
[2019-06-13 04:42:38] spend time is: 60
[2019-06-13 04:42:38] spend time is: 60
[2019-06-13 04:42:38] spend time is: 60
[2019-06-13 04:42:38] spend time is: 60
[2019-06-13 04:42:38] spend time is: 60
[2019-06-13 04:42:38] spend time is: 60
[2019-06-13 04:42:38] spend time is: 60
[2019-06-13 04:42:39] spend time is: 60
[2019-06-13 04:42:48] spend time is: 70
[2019-06-13 04:42:48] spend time is: 70
[2019-06-13 04:42:48] spend time is: 70
[2019-06-13 04:42:48] spend time is: 70
[2019-06-13 04:42:48] spend time is: 70
[2019-06-13 04:42:48] spend time is: 70
[2019-06-13 04:42:48] spend time is: 70
[2019-06-13 04:42:48] spend time is: 70
[2019-06-13 04:42:48] spend time is: 70
[2019-06-13 04:42:48] spend time is: 70
[2019-06-13 04:42:48] spend time is: 70
[2019-06-13 04:42:50] cloudserver-1.0.2.tgz update done.
[2019-06-13 04:42:51] cluster-autoscaler-0.13.3.tgz update done.
[2019-06-13 04:42:58] spend time is: 80
[2019-06-13 04:42:58] spend time is: 80
[2019-06-13 04:42:58] spend time is: 80
[2019-06-13 04:42:58] spend time is: 80
[2019-06-13 04:42:58] spend time is: 80
[2019-06-13 04:42:58] spend time is: 80
[2019-06-13 04:42:58] spend time is: 80
[2019-06-13 04:42:58] spend time is: 80
[2019-06-13 04:42:58] spend time is: 80
[2019-06-13 04:42:58] spend time is: 80
[2019-06-13 04:42:59] concourse-6.3.0.tgz update done.
[2019-06-13 04:43:08] spend time is: 90
[2019-06-13 04:43:08] spend time is: 90
[2019-06-13 04:43:08] spend time is: 90
[2019-06-13 04:43:08] spend time is: 90
[2019-06-13 04:43:08] spend time is: 90
[2019-06-13 04:43:08] spend time is: 90
[2019-06-13 04:43:08] spend time is: 90
[2019-06-13 04:43:08] spend time is: 90
[2019-06-13 04:43:08] spend time is: 90
[2019-06-13 04:43:08] spend time is: 90
[2019-06-13 04:43:08] spend time is: 90
[2019-06-13 04:43:09] spend time is: 90
[2019-06-13 04:43:18] spend time is: 100
[2019-06-13 04:43:18] spend time is: 100
[2019-06-13 04:43:18] spend time is: 100
[2019-06-13 04:43:18] spend time is: 100
[2019-06-13 04:43:18] spend time is: 100
[2019-06-13 04:43:18] spend time is: 100
[2019-06-13 04:43:18] spend time is: 100
[2019-06-13 04:43:18] spend time is: 100
[2019-06-13 04:43:18] spend time is: 100
[2019-06-13 04:43:18] spend time is: 100
[2019-06-13 04:43:18] spend time is: 100
[2019-06-13 04:43:18] spend time is: 100
[2019-06-13 04:43:28] spend time is: 110
[2019-06-13 04:43:28] spend time is: 110
[2019-06-13 04:43:28] spend time is: 110
[2019-06-13 04:43:28] spend time is: 110
[2019-06-13 04:43:28] spend time is: 110
[2019-06-13 04:43:28] spend time is: 110
[2019-06-13 04:43:28] spend time is: 110
[2019-06-13 04:43:28] spend time is: 110
[2019-06-13 04:43:28] spend time is: 110
[2019-06-13 04:43:28] spend time is: 110
[2019-06-13 04:43:28] spend time is: 110
[2019-06-13 04:43:31] dokuwiki-4.3.2.tgz update done.
[2019-06-13 04:43:37] drupal-3.3.4.tgz update done.
[2019-06-13 04:43:37] drupal-3.3.3.tgz update done.
[2019-06-13 04:43:38] spend time is: 120
[2019-06-13 04:43:38] spend time is: 120
[2019-06-13 04:43:38] spend time is: 120
[2019-06-13 04:43:38] spend time is: 120
[2019-06-13 04:43:38] spend time is: 120
[2019-06-13 04:43:38] spend time is: 120
[2019-06-13 04:43:38] spend time is: 120
[2019-06-13 04:43:38] spend time is: 120
[2019-06-13 04:43:38] spend time is: 120
[2019-06-13 04:43:38] spend time is: 120
[2019-06-13 04:43:38] spend time is: 120
[2019-06-13 04:43:39] spend time is: 120
[2019-06-13 04:43:48] spend time is: 130
[2019-06-13 04:43:48] spend time is: 130
[2019-06-13 04:43:48] spend time is: 130
[2019-06-13 04:43:48] spend time is: 130
[2019-06-13 04:43:48] spend time is: 130
[2019-06-13 04:43:48] spend time is: 130
[2019-06-13 04:43:48] spend time is: 130
[2019-06-13 04:43:48] spend time is: 130
[2019-06-13 04:43:48] spend time is: 130
[2019-06-13 04:43:48] spend time is: 130
[2019-06-13 04:43:49] spend time is: 130
[2019-06-13 04:43:50] elastic-stack-1.7.0.tgz update done.
[2019-06-13 04:43:58] spend time is: 140
[2019-06-13 04:43:58] spend time is: 140
[2019-06-13 04:43:58] spend time is: 140
[2019-06-13 04:43:58] spend time is: 140
[2019-06-13 04:43:58] spend time is: 140
[2019-06-13 04:43:58] spend time is: 140
[2019-06-13 04:43:58] spend time is: 140
[2019-06-13 04:43:58] spend time is: 140
[2019-06-13 04:43:58] spend time is: 140
[2019-06-13 04:43:58] spend time is: 140
[2019-06-13 04:43:59] spend time is: 140
[2019-06-13 04:44:07] falco-0.7.7.tgz update done.
[2019-06-13 04:44:08] spend time is: 150
[2019-06-13 04:44:08] spend time is: 150
[2019-06-13 04:44:08] spend time is: 150
[2019-06-13 04:44:08] spend time is: 150
[2019-06-13 04:44:08] spend time is: 150
[2019-06-13 04:44:08] spend time is: 150
[2019-06-13 04:44:08] spend time is: 150
[2019-06-13 04:44:08] spend time is: 150
[2019-06-13 04:44:08] spend time is: 150
[2019-06-13 04:44:08] spend time is: 150
[2019-06-13 04:44:08] spend time is: 150
[2019-06-13 04:44:08] spend time is: 150
[2019-06-13 04:44:18] spend time is: 160
[2019-06-13 04:44:18] spend time is: 160
[2019-06-13 04:44:18] spend time is: 160
[2019-06-13 04:44:18] spend time is: 160
[2019-06-13 04:44:18] spend time is: 160
[2019-06-13 04:44:18] spend time is: 160
[2019-06-13 04:44:18] spend time is: 160
[2019-06-13 04:44:18] spend time is: 160
[2019-06-13 04:44:18] spend time is: 160
[2019-06-13 04:44:18] spend time is: 160
[2019-06-13 04:44:18] spend time is: 160
[2019-06-13 04:44:18] spend time is: 160
[2019-06-13 04:44:24] ghost-6.7.21.tgz update done.
[2019-06-13 04:44:24] ghost-6.7.20.tgz update done.
[2019-06-13 04:44:24] ghost-6.7.19.tgz update done.
[2019-06-13 04:44:28] spend time is: 170
[2019-06-13 04:44:28] spend time is: 170
[2019-06-13 04:44:28] spend time is: 170
[2019-06-13 04:44:28] spend time is: 170
[2019-06-13 04:44:28] spend time is: 170
[2019-06-13 04:44:28] spend time is: 170
[2019-06-13 04:44:28] spend time is: 170
[2019-06-13 04:44:28] spend time is: 170
[2019-06-13 04:44:28] spend time is: 170
[2019-06-13 04:44:28] spend time is: 170
[2019-06-13 04:44:28] spend time is: 170
[2019-06-13 04:44:29] spend time is: 170
[2019-06-13 04:44:38] spend time is: 180
[2019-06-13 04:44:38] spend time is: 180
[2019-06-13 04:44:38] spend time is: 180
[2019-06-13 04:44:38] spend time is: 180
[2019-06-13 04:44:38] spend time is: 180
[2019-06-13 04:44:38] spend time is: 180
[2019-06-13 04:44:38] spend time is: 180
[2019-06-13 04:44:38] spend time is: 180
[2019-06-13 04:44:38] spend time is: 180
[2019-06-13 04:44:38] spend time is: 180
[2019-06-13 04:44:38] spend time is: 180
[2019-06-13 04:44:38] spend time is: 180
[2019-06-13 04:44:41] gocd-1.11.0.tgz update done.
[2019-06-13 04:44:46] grafana-3.4.2.tgz update done.
[2019-06-13 04:44:48] spend time is: 190
[2019-06-13 04:44:48] spend time is: 190
[2019-06-13 04:44:48] spend time is: 190
[2019-06-13 04:44:48] spend time is: 190
[2019-06-13 04:44:48] spend time is: 190
[2019-06-13 04:44:48] spend time is: 190
[2019-06-13 04:44:48] spend time is: 190
[2019-06-13 04:44:48] spend time is: 190
[2019-06-13 04:44:48] spend time is: 190
[2019-06-13 04:44:48] spend time is: 190
[2019-06-13 04:44:48] spend time is: 190
[2019-06-13 04:44:48] spend time is: 190
[2019-06-13 04:44:58] spend time is: 200
[2019-06-13 04:44:58] spend time is: 200
[2019-06-13 04:44:58] spend time is: 200
[2019-06-13 04:44:58] spend time is: 200
[2019-06-13 04:44:58] spend time is: 200
[2019-06-13 04:44:58] spend time is: 200
[2019-06-13 04:44:58] spend time is: 200
[2019-06-13 04:44:58] spend time is: 200
[2019-06-13 04:44:58] spend time is: 200
[2019-06-13 04:44:58] spend time is: 200
[2019-06-13 04:44:58] spend time is: 200
[2019-06-13 04:44:59] spend time is: 200
[2019-06-13 04:45:00] graylog-1.1.2.tgz update done.
[2019-06-13 04:45:08] spend time is: 210
[2019-06-13 04:45:08] spend time is: 210
[2019-06-13 04:45:08] spend time is: 210
[2019-06-13 04:45:08] spend time is: 210
[2019-06-13 04:45:08] spend time is: 210
[2019-06-13 04:45:08] spend time is: 210
[2019-06-13 04:45:08] spend time is: 210
[2019-06-13 04:45:08] spend time is: 210
[2019-06-13 04:45:08] spend time is: 210
[2019-06-13 04:45:08] spend time is: 210
[2019-06-13 04:45:08] spend time is: 210
[2019-06-13 04:45:08] spend time is: 210
[2019-06-13 04:45:09] spend time is: 210
[2019-06-13 04:45:18] janusgraph-0.2.0.tgz update done.
[2019-06-13 04:45:18] jasperreports-4.2.6.tgz update done.
[2019-06-13 04:45:18] jasperreports-4.2.5.tgz update done.
[2019-06-13 04:45:18] spend time is: 220
[2019-06-13 04:45:18] spend time is: 220
[2019-06-13 04:45:18] spend time is: 220
[2019-06-13 04:45:18] spend time is: 220
[2019-06-13 04:45:18] spend time is: 220
[2019-06-13 04:45:18] spend time is: 220
[2019-06-13 04:45:18] spend time is: 220
[2019-06-13 04:45:18] spend time is: 220
[2019-06-13 04:45:18] spend time is: 220
[2019-06-13 04:45:22] jenkins-1.2.1.tgz update done.
[2019-06-13 04:45:22] jenkins-1.2.0.tgz update done.
[2019-06-13 04:45:28] spend time is: 230
[2019-06-13 04:45:28] spend time is: 230
[2019-06-13 04:45:28] spend time is: 230
[2019-06-13 04:45:28] spend time is: 230
[2019-06-13 04:45:28] spend time is: 230
[2019-06-13 04:45:28] spend time is: 230
[2019-06-13 04:45:28] spend time is: 230
[2019-06-13 04:45:28] spend time is: 230
[2019-06-13 04:45:28] spend time is: 230
[2019-06-13 04:45:28] spend time is: 230
[2019-06-13 04:45:28] spend time is: 230
[2019-06-13 04:45:38] spend time is: 240
[2019-06-13 04:45:38] joomla-4.3.4.tgz update done.
[2019-06-13 04:45:38] joomla-4.3.3.tgz update done.
[2019-06-13 04:45:38] joomla-4.3.2.tgz update done.
[2019-06-13 04:45:38] spend time is: 240
[2019-06-13 04:45:38] spend time is: 240
[2019-06-13 04:45:38] spend time is: 240
[2019-06-13 04:45:38] spend time is: 240
[2019-06-13 04:45:38] spend time is: 240
[2019-06-13 04:45:38] spend time is: 240
[2019-06-13 04:45:38] spend time is: 240
[2019-06-13 04:45:38] spend time is: 240
[2019-06-13 04:45:38] spend time is: 240
[2019-06-13 04:45:48] spend time is: 250
[2019-06-13 04:45:48] spend time is: 250
[2019-06-13 04:45:48] spend time is: 250
[2019-06-13 04:45:48] spend time is: 250
[2019-06-13 04:45:48] spend time is: 250
[2019-06-13 04:45:48] spend time is: 250
[2019-06-13 04:45:48] spend time is: 250
[2019-06-13 04:45:48] spend time is: 250
[2019-06-13 04:45:48] spend time is: 250
[2019-06-13 04:45:48] spend time is: 250
[2019-06-13 04:45:48] spend time is: 250
[2019-06-13 04:45:58] spend time is: 260
[2019-06-13 04:45:58] spend time is: 260
[2019-06-13 04:45:58] spend time is: 260
[2019-06-13 04:45:58] spend time is: 260
[2019-06-13 04:45:58] spend time is: 260
[2019-06-13 04:45:58] spend time is: 260
[2019-06-13 04:45:58] spend time is: 260
[2019-06-13 04:45:58] spend time is: 260
[2019-06-13 04:45:58] spend time is: 260
[2019-06-13 04:45:59] spend time is: 260
[2019-06-13 04:46:01] kong-0.12.1.tgz update done.
[2019-06-13 04:46:07] kube-ops-view-1.0.0.tgz update done.
[2019-06-13 04:46:08] spend time is: 270
[2019-06-13 04:46:08] spend time is: 270
[2019-06-13 04:46:08] kube-ops-view-1.0.1.tgz update done.
[2019-06-13 04:46:08] spend time is: 270
[2019-06-13 04:46:08] spend time is: 270
[2019-06-13 04:46:08] spend time is: 270
[2019-06-13 04:46:08] spend time is: 270
[2019-06-13 04:46:08] spend time is: 270
[2019-06-13 04:46:08] spend time is: 270
[2019-06-13 04:46:08] spend time is: 270
[2019-06-13 04:46:08] spend time is: 270
[2019-06-13 04:46:09] spend time is: 270
[2019-06-13 04:46:18] spend time is: 280
[2019-06-13 04:46:18] spend time is: 280
[2019-06-13 04:46:18] spend time is: 280
[2019-06-13 04:46:18] spend time is: 280
[2019-06-13 04:46:18] spend time is: 280
[2019-06-13 04:46:18] spend time is: 280
[2019-06-13 04:46:18] spend time is: 280
[2019-06-13 04:46:18] spend time is: 280
[2019-06-13 04:46:18] spend time is: 280
[2019-06-13 04:46:18] spend time is: 280
[2019-06-13 04:46:18] spend time is: 280
[2019-06-13 04:46:22] kubewatch-0.8.2.tgz update done.
[2019-06-13 04:46:28] spend time is: 290
[2019-06-13 04:46:28] spend time is: 290
[2019-06-13 04:46:28] spend time is: 290
[2019-06-13 04:46:28] spend time is: 290
[2019-06-13 04:46:28] spend time is: 290
[2019-06-13 04:46:28] spend time is: 290
[2019-06-13 04:46:28] spend time is: 290
[2019-06-13 04:46:28] spend time is: 290
[2019-06-13 04:46:28] spend time is: 290
[2019-06-13 04:46:28] magento-5.1.4.tgz update done.
[2019-06-13 04:46:28] spend time is: 290
[2019-06-13 04:46:29] magento-5.1.3.tgz update done.
[2019-06-13 04:46:29] spend time is: 290
[2019-06-13 04:46:36] mariadb-6.4.3.tgz update done.
[2019-06-13 04:46:37] mariadb-6.4.2.tgz update done.
[2019-06-13 04:46:38] spend time is: 300
[2019-06-13 04:46:38] spend time is: 300
[2019-06-13 04:46:38] spend time is: 300
[2019-06-13 04:46:38] spend time is: 300
Warning: Permanently added the RSA host key for IP address '192.30.253.113' to the list of known hosts.
Already up to date.
Already up to date.
fatal: Unable to create '/home/travis/build/babyshen/helm-charts-mirror/.git/index.lock': File exists.

Another git process seems to be running in this repository, e.g.
an editor opened by 'git commit'. Please make sure all processes
are terminated then try again. If it still fails, a git process
may have crashed in this repository earlier:
remove the file manually to continue.
Already up to date.
fatal: Unable to create '/home/travis/build/babyshen/helm-charts-mirror/.git/index.lock': File exists.

Another git process seems to be running in this repository, e.g.
an editor opened by 'git commit'. Please make sure all processes
are terminated then try again. If it still fails, a git process
may have crashed in this repository earlier:
remove the file manually to continue.
Already up to date.
fatal: Unable to create '/home/travis/build/babyshen/helm-charts-mirror/.git/index.lock': File exists.

Another git process seems to be running in this repository, e.g.
an editor opened by 'git commit'. Please make sure all processes
are terminated then try again. If it still fails, a git process
may have crashed in this repository earlier:
remove the file manually to continue.
[gh-pages 94fa254] Synchronizing completion at 2019-06-13
 36 files changed, 3558 insertions(+), 301 deletions(-)
 create mode 100644 anchore-engine-1.1.0.tgz
 rewrite cloudserver-1.0.2.tgz (99%)
 create mode 100644 cluster-autoscaler-0.13.3.tgz
 create mode 100644 concourse-6.3.0.tgz
 create mode 100644 dokuwiki-4.3.2.tgz
 create mode 100644 drupal-3.3.3.tgz
 create mode 100644 drupal-3.3.4.tgz
 rewrite elastic-stack-1.7.0.tgz (99%)
 create mode 100644 falco-0.7.7.tgz
 create mode 100644 ghost-6.7.19.tgz
 create mode 100644 ghost-6.7.20.tgz
 create mode 100644 ghost-6.7.21.tgz
 create mode 100644 gocd-1.11.0.tgz
 create mode 100644 grafana-3.4.2.tgz
 rewrite graylog-1.1.2.tgz (63%)
 create mode 100644 jasperreports-4.2.5.tgz
 create mode 100644 jasperreports-4.2.6.tgz
 create mode 100644 jenkins-1.2.0.tgz
 create mode 100644 jenkins-1.2.1.tgz
 create mode 100644 joomla-4.3.2.tgz
 create mode 100644 joomla-4.3.3.tgz
 create mode 100644 joomla-4.3.4.tgz
 create mode 100644 kong-0.12.1.tgz
 rewrite kube-ops-view-1.0.0.tgz (100%)
 create mode 100644 kube-ops-view-1.0.1.tgz
 create mode 100644 kubewatch-0.8.2.tgz
 create mode 100644 magento-5.1.3.tgz
 create mode 100644 magento-5.1.4.tgz
 create mode 100644 mariadb-6.4.2.tgz
 create mode 100644 mariadb-6.4.3.tgz
 create mode 100644 travis_wait_2035.log
To github.com:babyshen/helm-charts-mirror.git
   683a5e1..94fa254  gh-pages -> gh-pages
Branch 'gh-pages' set up to track remote branch 'gh-pages' from 'origin'.
[2019-06-13 04:46:48] spend time is: 310
[2019-06-13 04:46:48] spend time is: 310
[2019-06-13 04:46:48] spend time is: 310
[2019-06-13 04:46:48] spend time is: 310
[2019-06-13 04:46:48] spend time is: 310
[2019-06-13 04:46:48] spend time is: 310
[2019-06-13 04:46:48] spend time is: 310
[2019-06-13 04:46:48] spend time is: 310
[2019-06-13 04:46:58] spend time is: 320
[2019-06-13 04:46:58] spend time is: 320
[2019-06-13 04:46:58] spend time is: 320
[2019-06-13 04:46:58] spend time is: 320
[2019-06-13 04:46:58] spend time is: 320
[2019-06-13 04:46:58] spend time is: 320
[2019-06-13 04:46:58] spend time is: 320
[2019-06-13 04:46:58] spend time is: 320
[2019-06-13 04:47:00] mediawiki-6.3.4.tgz update done.
[2019-06-13 04:47:00] mediawiki-6.3.3.tgz update done.
[2019-06-13 04:47:08] memcached-2.8.3.tgz update done.
[2019-06-13 04:47:08] spend time is: 330
[2019-06-13 04:47:08] spend time is: 330
[2019-06-13 04:47:08] spend time is: 330
[2019-06-13 04:47:08] spend time is: 330
[2019-06-13 04:47:08] spend time is: 330
[2019-06-13 04:47:08] spend time is: 330
[2019-06-13 04:47:08] spend time is: 330
[2019-06-13 04:47:15] metricbeat-1.6.4.tgz update done.
[2019-06-13 04:47:18] spend time is: 340
[2019-06-13 04:47:18] metrics-server-2.8.2.tgz update done.
[2019-06-13 04:47:18] spend time is: 340
[2019-06-13 04:47:18] spend time is: 340
[2019-06-13 04:47:18] spend time is: 340
[2019-06-13 04:47:18] spend time is: 340
[2019-06-13 04:47:18] spend time is: 340
[2019-06-13 04:47:18] spend time is: 340
[2019-06-13 04:47:28] spend time is: 350
[2019-06-13 04:47:28] spend time is: 350
[2019-06-13 04:47:28] spend time is: 350
[2019-06-13 04:47:28] spend time is: 350
[2019-06-13 04:47:28] spend time is: 350
[2019-06-13 04:47:28] spend time is: 350
[2019-06-13 04:47:28] spend time is: 350
[2019-06-13 04:47:28] spend time is: 350
[2019-06-13 04:47:32] mission-control-0.4.3.tgz update done.
[2019-06-13 04:47:32] mongodb-5.19.3.tgz update done.
[2019-06-13 04:47:33] mongodb-5.19.2.tgz update done.
[2019-06-13 04:47:38] spend time is: 360
[2019-06-13 04:47:38] spend time is: 360
[2019-06-13 04:47:38] spend time is: 360
[2019-06-13 04:47:38] spend time is: 360
[2019-06-13 04:47:38] spend time is: 360
[2019-06-13 04:47:38] spend time is: 360
[2019-06-13 04:47:38] spend time is: 360
[2019-06-13 04:47:38] spend time is: 360
[2019-06-13 04:47:48] spend time is: 370
[2019-06-13 04:47:48] spend time is: 370
[2019-06-13 04:47:48] spend time is: 370
[2019-06-13 04:47:48] spend time is: 370
[2019-06-13 04:47:48] spend time is: 370
[2019-06-13 04:47:48] spend time is: 370
[2019-06-13 04:47:48] spend time is: 370
[2019-06-13 04:47:48] spend time is: 370
[2019-06-13 04:47:48] spend time is: 370
[2019-06-13 04:47:55] moodle-4.2.7.tgz update done.
[2019-06-13 04:47:55] moodle-4.2.6.tgz update done.
[2019-06-13 04:47:58] spend time is: 380
[2019-06-13 04:47:58] spend time is: 380
[2019-06-13 04:47:58] spend time is: 380
[2019-06-13 04:47:58] spend time is: 380
[2019-06-13 04:47:58] spend time is: 380
[2019-06-13 04:47:58] spend time is: 380
[2019-06-13 04:47:58] spend time is: 380
[2019-06-13 04:47:58] spend time is: 380
[2019-06-13 04:48:08] spend time is: 390
[2019-06-13 04:48:08] spend time is: 390
[2019-06-13 04:48:08] spend time is: 390
[2019-06-13 04:48:08] spend time is: 390
[2019-06-13 04:48:08] spend time is: 390
[2019-06-13 04:48:08] spend time is: 390
[2019-06-13 04:48:08] spend time is: 390
[2019-06-13 04:48:08] spend time is: 390
[2019-06-13 04:48:08] spend time is: 390
[2019-06-13 04:48:12] mysqldump-2.4.2.tgz update done.
[2019-06-13 04:48:14] nats-2.5.7.tgz update done.
[2019-06-13 04:48:14] nats-2.5.6.tgz update done.
[2019-06-13 04:48:18] spend time is: 400
[2019-06-13 04:48:18] spend time is: 400
[2019-06-13 04:48:18] spend time is: 400
[2019-06-13 04:48:18] spend time is: 400
[2019-06-13 04:48:18] spend time is: 400
[2019-06-13 04:48:18] spend time is: 400
[2019-06-13 04:48:18] spend time is: 400
[2019-06-13 04:48:18] spend time is: 400
[2019-06-13 04:48:19] spend time is: 400
[2019-06-13 04:48:23] nextcloud-1.2.1.tgz update done.
[2019-06-13 04:48:23] nextcloud-1.2.0.tgz update done.
[2019-06-13 04:48:27] nginx-ingress-1.6.17.tgz update done.
[2019-06-13 04:48:28] spend time is: 410
[2019-06-13 04:48:28] spend time is: 410
[2019-06-13 04:48:28] spend time is: 410
[2019-06-13 04:48:28] spend time is: 410
[2019-06-13 04:48:28] spend time is: 410
[2019-06-13 04:48:28] spend time is: 410
[2019-06-13 04:48:28] spend time is: 410
[2019-06-13 04:48:28] spend time is: 410
[2019-06-13 04:48:38] spend time is: 420
[2019-06-13 04:48:38] spend time is: 420
[2019-06-13 04:48:38] spend time is: 420
[2019-06-13 04:48:38] spend time is: 420
[2019-06-13 04:48:38] spend time is: 420
[2019-06-13 04:48:38] spend time is: 420
[2019-06-13 04:48:38] spend time is: 420
[2019-06-13 04:48:38] spend time is: 420
[2019-06-13 04:48:38] spend time is: 420
[2019-06-13 04:48:45] oauth2-proxy-0.12.3.tgz update done.
[2019-06-13 04:48:48] spend time is: 430
[2019-06-13 04:48:48] spend time is: 430
[2019-06-13 04:48:48] odoo-8.1.2.tgz update done.
[2019-06-13 04:48:48] spend time is: 430
[2019-06-13 04:48:48] spend time is: 430
[2019-06-13 04:48:48] spend time is: 430
[2019-06-13 04:48:48] spend time is: 430
[2019-06-13 04:48:48] spend time is: 430
[2019-06-13 04:48:58] spend time is: 440
[2019-06-13 04:48:58] spend time is: 440
[2019-06-13 04:48:58] spend time is: 440
[2019-06-13 04:48:58] spend time is: 440
[2019-06-13 04:48:58] spend time is: 440
[2019-06-13 04:48:58] spend time is: 440
[2019-06-13 04:48:58] spend time is: 440
[2019-06-13 04:48:58] spend time is: 440
[2019-06-13 04:48:58] spend time is: 440
[2019-06-13 04:49:00] opencart-4.5.3.tgz update done.
[2019-06-13 04:49:00] opencart-4.5.2.tgz update done.
[2019-06-13 04:49:08] spend time is: 450
[2019-06-13 04:49:08] spend time is: 450
[2019-06-13 04:49:08] spend time is: 450
[2019-06-13 04:49:08] spend time is: 450
[2019-06-13 04:49:08] spend time is: 450
[2019-06-13 04:49:08] spend time is: 450
[2019-06-13 04:49:08] spend time is: 450
[2019-06-13 04:49:08] spend time is: 450
[2019-06-13 04:49:10] openvpn-3.13.0.tgz update done.
[2019-06-13 04:49:10] openvpn-3.12.5.tgz update done.
[2019-06-13 04:49:15] orangehrm-4.4.3.tgz update done.
[2019-06-13 04:49:15] orangehrm-4.4.2.tgz update done.
[2019-06-13 04:49:18] spend time is: 460
[2019-06-13 04:49:18] spend time is: 460
[2019-06-13 04:49:18] spend time is: 460
[2019-06-13 04:49:18] spend time is: 460
[2019-06-13 04:49:18] spend time is: 460
[2019-06-13 04:49:18] spend time is: 460
[2019-06-13 04:49:18] spend time is: 460
[2019-06-13 04:49:18] spend time is: 460
[2019-06-13 04:49:18] spend time is: 460
[2019-06-13 04:49:22] osclass-4.4.3.tgz update done.
[2019-06-13 04:49:22] osclass-4.4.2.tgz update done.
[2019-06-13 04:49:28] spend time is: 470
[2019-06-13 04:49:28] spend time is: 470
[2019-06-13 04:49:28] spend time is: 470
[2019-06-13 04:49:28] spend time is: 470
[2019-06-13 04:49:28] spend time is: 470
[2019-06-13 04:49:28] owncloud-4.3.3.tgz update done.
[2019-06-13 04:49:28] spend time is: 470
[2019-06-13 04:49:29] owncloud-4.3.2.tgz update done.
[2019-06-13 04:49:29] spend time is: 470
[2019-06-13 04:49:38] spend time is: 480
[2019-06-13 04:49:38] spend time is: 480
[2019-06-13 04:49:38] parse-6.2.10.tgz update done.
[2019-06-13 04:49:38] spend time is: 480
[2019-06-13 04:49:38] parse-6.2.9.tgz update done.
[2019-06-13 04:49:38] spend time is: 480
[2019-06-13 04:49:38] spend time is: 480
[2019-06-13 04:49:38] spend time is: 480
[2019-06-13 04:49:48] spend time is: 490
[2019-06-13 04:49:48] spend time is: 490
[2019-06-13 04:49:48] spend time is: 490
[2019-06-13 04:49:48] spend time is: 490
[2019-06-13 04:49:48] spend time is: 490
[2019-06-13 04:49:48] spend time is: 490
[2019-06-13 04:49:48] spend time is: 490
[2019-06-13 04:49:48] spend time is: 490
[2019-06-13 04:49:50] phabricator-4.3.3.tgz update done.
[2019-06-13 04:49:50] phabricator-4.3.2.tgz update done.
[2019-06-13 04:49:58] spend time is: 500
[2019-06-13 04:49:58] spend time is: 500
[2019-06-13 04:49:58] spend time is: 500
[2019-06-13 04:49:58] spend time is: 500
[2019-06-13 04:49:58] spend time is: 500
[2019-06-13 04:49:58] spend time is: 500
[2019-06-13 04:49:58] spend time is: 500
[2019-06-13 04:49:58] spend time is: 500
[2019-06-13 04:49:58] spend time is: 500
[2019-06-13 04:50:05] phpbb-4.4.3.tgz update done.
[2019-06-13 04:50:05] phpbb-4.4.2.tgz update done.
[2019-06-13 04:50:08] spend time is: 510
[2019-06-13 04:50:08] spend time is: 510
[2019-06-13 04:50:08] spend time is: 510
[2019-06-13 04:50:08] spend time is: 510
[2019-06-13 04:50:08] spend time is: 510
[2019-06-13 04:50:08] spend time is: 510
[2019-06-13 04:50:08] spend time is: 510
[2019-06-13 04:50:08] spend time is: 510
[2019-06-13 04:50:08] spend time is: 510
[2019-06-13 04:50:12] phpmyadmin-2.2.5.tgz update done.
[2019-06-13 04:50:16] pomerium-1.1.0.tgz update done.
[2019-06-13 04:50:16] pomerium-1.0.1.tgz update done.
[2019-06-13 04:50:17] postgresql-5.3.8.tgz update done.
[2019-06-13 04:50:17] postgresql-5.3.7.tgz update done.
[2019-06-13 04:50:17] postgresql-5.3.6.tgz update done.
[2019-06-13 04:50:19] postgresql-5.3.5.tgz update done.
[2019-06-13 04:50:28] spend time is: 530
[2019-06-13 04:50:28] spend time is: 530
[2019-06-13 04:50:28] spend time is: 530
[2019-06-13 04:50:28] spend time is: 530
[2019-06-13 04:50:28] spend time is: 530
[2019-06-13 04:50:28] spend time is: 530
[2019-06-13 04:50:28] spend time is: 530
[2019-06-13 04:50:28] spend time is: 530
[2019-06-13 04:50:37] prestashop-6.6.3.tgz update done.
[2019-06-13 04:50:37] prestashop-6.6.2.tgz update done.
[2019-06-13 04:50:38] spend time is: 540
[2019-06-13 04:50:38] spend time is: 540
[2019-06-13 04:50:38] spend time is: 540
[2019-06-13 04:50:38] spend time is: 540
[2019-06-13 04:50:38] spend time is: 540
[2019-06-13 04:50:38] spend time is: 540
[2019-06-13 04:50:38] spend time is: 540
[2019-06-13 04:50:38] spend time is: 540
[2019-06-13 04:50:38] spend time is: 540
[2019-06-13 04:50:48] spend time is: 550
[2019-06-13 04:50:48] spend time is: 550
[2019-06-13 04:50:48] spend time is: 550
[2019-06-13 04:50:48] spend time is: 550
[2019-06-13 04:50:48] spend time is: 550
[2019-06-13 04:50:48] spend time is: 550
[2019-06-13 04:50:48] spend time is: 550
[2019-06-13 04:50:48] spend time is: 550
[2019-06-13 04:50:58] spend time is: 560
[2019-06-13 04:50:58] spend time is: 560
[2019-06-13 04:50:58] spend time is: 560
[2019-06-13 04:50:58] spend time is: 560
[2019-06-13 04:50:58] spend time is: 560
[2019-06-13 04:50:58] spend time is: 560
[2019-06-13 04:50:58] spend time is: 560
[2019-06-13 04:50:58] spend time is: 560
[2019-06-13 04:50:58] spend time is: 560
[2019-06-13 04:51:05] prometheus-adapter-1.2.0.tgz update done.
[2019-06-13 04:51:08] spend time is: 570
[2019-06-13 04:51:08] spend time is: 570
[2019-06-13 04:51:08] spend time is: 570
[2019-06-13 04:51:08] spend time is: 570
[2019-06-13 04:51:08] spend time is: 570
[2019-06-13 04:51:08] spend time is: 570
[2019-06-13 04:51:08] spend time is: 570
[2019-06-13 04:51:08] spend time is: 570
[2019-06-13 04:51:11] prometheus-mysql-exporter-0.3.3.tgz update done.
[2019-06-13 04:51:12] prometheus-nats-exporter-2.0.0.tgz update done.
[2019-06-13 04:51:15] prometheus-operator-5.12.3.tgz update done.
[2019-06-13 04:51:18] spend time is: 580
[2019-06-13 04:51:18] spend time is: 580
[2019-06-13 04:51:18] spend time is: 580
[2019-06-13 04:51:18] spend time is: 580
[2019-06-13 04:51:18] spend time is: 580
[2019-06-13 04:51:18] spend time is: 580
[2019-06-13 04:51:18] spend time is: 580
[2019-06-13 04:51:18] spend time is: 580
[2019-06-13 04:51:18] spend time is: 580
[2019-06-13 04:51:28] spend time is: 590
[2019-06-13 04:51:28] spend time is: 590
[2019-06-13 04:51:28] spend time is: 590
[2019-06-13 04:51:28] spend time is: 590
[2019-06-13 04:51:28] spend time is: 590
[2019-06-13 04:51:28] spend time is: 590
[2019-06-13 04:51:28] spend time is: 590
[2019-06-13 04:51:28] spend time is: 590
[2019-06-13 04:51:28] spend time is: 590
[2019-06-13 04:51:33] prometheus-redis-exporter-2.0.0.tgz update done.
[2019-06-13 04:51:33] prometheus-redis-exporter-1.1.0.tgz update done.
[2019-06-13 04:51:35] prometheus-snmp-exporter-0.0.3.tgz update done.
[2019-06-13 04:51:37] rabbitmq-6.1.0.tgz update done.
[2019-06-13 04:51:37] rabbitmq-6.0.2.tgz update done.
[2019-06-13 04:51:37] rabbitmq-6.0.1.tgz update done.
[2019-06-13 04:51:38] spend time is: 600
Already up to date.
[gh-pages 1b710e2] Synchronizing completion at 2019-06-13
 55 files changed, 322 insertions(+), 1 deletion(-)
 create mode 100644 mediawiki-6.3.3.tgz
 create mode 100644 mediawiki-6.3.4.tgz
 create mode 100644 memcached-2.8.3.tgz
 create mode 100644 metricbeat-1.6.4.tgz
 create mode 100644 metrics-server-2.8.2.tgz
 rewrite mission-control-0.4.3.tgz (99%)
 create mode 100644 mongodb-5.19.2.tgz
 create mode 100644 mongodb-5.19.3.tgz
 create mode 100644 moodle-4.2.6.tgz
 create mode 100644 moodle-4.2.7.tgz
 create mode 100644 mysqldump-2.4.2.tgz
 create mode 100644 nats-2.5.6.tgz
 create mode 100644 nats-2.5.7.tgz
 create mode 100644 nextcloud-1.2.0.tgz
 create mode 100644 nextcloud-1.2.1.tgz
 create mode 100644 nginx-ingress-1.6.17.tgz
 create mode 100644 oauth2-proxy-0.12.3.tgz
 create mode 100644 odoo-8.1.2.tgz
 create mode 100644 opencart-4.5.2.tgz
 create mode 100644 opencart-4.5.3.tgz
 create mode 100644 openvpn-3.12.5.tgz
 create mode 100644 openvpn-3.13.0.tgz
 create mode 100644 orangehrm-4.4.2.tgz
 create mode 100644 orangehrm-4.4.3.tgz
 create mode 100644 osclass-4.4.2.tgz
 create mode 100644 osclass-4.4.3.tgz
 create mode 100644 owncloud-4.3.2.tgz
 create mode 100644 owncloud-4.3.3.tgz
 create mode 100644 parse-6.2.10.tgz
 create mode 100644 parse-6.2.9.tgz
 create mode 100644 phabricator-4.3.2.tgz
 create mode 100644 phabricator-4.3.3.tgz
 create mode 100644 phpbb-4.4.2.tgz
 create mode 100644 phpbb-4.4.3.tgz
 create mode 100644 phpmyadmin-2.2.5.tgz
 create mode 100644 pomerium-1.0.1.tgz
 create mode 100644 pomerium-1.1.0.tgz
 create mode 100644 postgresql-5.3.5.tgz
 create mode 100644 postgresql-5.3.6.tgz
 create mode 100644 postgresql-5.3.7.tgz
 create mode 100644 postgresql-5.3.8.tgz
 create mode 100644 prestashop-6.6.2.tgz
 create mode 100644 prestashop-6.6.3.tgz
 create mode 100644 prometheus-adapter-1.2.0.tgz
 create mode 100644 prometheus-mysql-exporter-0.3.3.tgz
 create mode 100644 prometheus-nats-exporter-2.0.0.tgz
 create mode 100644 prometheus-operator-5.12.3.tgz
 create mode 100644 prometheus-redis-exporter-1.1.0.tgz
 create mode 100644 prometheus-redis-exporter-2.0.0.tgz
 create mode 100644 prometheus-snmp-exporter-0.0.3.tgz
 create mode 100644 rabbitmq-6.0.1.tgz
 create mode 100644 rabbitmq-6.0.2.tgz
 create mode 100644 rabbitmq-6.1.0.tgz
To github.com:babyshen/helm-charts-mirror.git
   94fa254..1b710e2  gh-pages -> gh-pages
Branch 'gh-pages' set up to track remote branch 'gh-pages' from 'origin'.
[2019-06-13 04:51:48] spend time is: 610
[2019-06-13 04:51:48] spend time is: 610
[2019-06-13 04:51:48] spend time is: 610
[2019-06-13 04:51:48] spend time is: 610
[2019-06-13 04:51:48] spend time is: 610
[2019-06-13 04:51:48] spend time is: 610
[2019-06-13 04:51:48] spend time is: 610
[2019-06-13 04:51:48] spend time is: 610
[2019-06-13 04:51:58] spend time is: 620
[2019-06-13 04:51:58] spend time is: 620
[2019-06-13 04:51:58] spend time is: 620
[2019-06-13 04:51:58] spend time is: 620
[2019-06-13 04:51:58] spend time is: 620
[2019-06-13 04:51:58] spend time is: 620
[2019-06-13 04:51:58] spend time is: 620
[2019-06-13 04:51:58] spend time is: 620
[2019-06-13 04:51:58] spend time is: 620
[2019-06-13 04:52:05] redis-8.0.8.tgz update done.
[2019-06-13 04:52:05] redis-8.0.7.tgz update done.
[2019-06-13 04:52:08] spend time is: 630
[2019-06-13 04:52:08] spend time is: 630
[2019-06-13 04:52:08] spend time is: 630
[2019-06-13 04:52:08] spend time is: 630
[2019-06-13 04:52:08] spend time is: 630
[2019-06-13 04:52:08] spend time is: 630
[2019-06-13 04:52:08] spend time is: 630
[2019-06-13 04:52:08] spend time is: 630
[2019-06-13 04:52:18] spend time is: 640
[2019-06-13 04:52:18] spend time is: 640
[2019-06-13 04:52:18] spend time is: 640
[2019-06-13 04:52:18] spend time is: 640
[2019-06-13 04:52:18] spend time is: 640
[2019-06-13 04:52:18] spend time is: 640
[2019-06-13 04:52:18] spend time is: 640
[2019-06-13 04:52:18] spend time is: 640
[2019-06-13 04:52:28] spend time is: 650
[2019-06-13 04:52:28] spend time is: 650
[2019-06-13 04:52:28] spend time is: 650
[2019-06-13 04:52:28] spend time is: 650
[2019-06-13 04:52:28] spend time is: 650
[2019-06-13 04:52:28] spend time is: 650
[2019-06-13 04:52:28] spend time is: 650
[2019-06-13 04:52:28] spend time is: 650
[2019-06-13 04:52:29] redmine-10.0.6.tgz update done.
[2019-06-13 04:52:30] redmine-10.0.5.tgz update done.
[2019-06-13 04:52:30] redmine-10.0.4.tgz update done.
[2019-06-13 04:52:30] redmine-10.0.3.tgz update done.
[2019-06-13 04:52:38] spend time is: 660
[2019-06-13 04:52:38] spend time is: 660
[2019-06-13 04:52:38] spend time is: 660
[2019-06-13 04:52:38] spend time is: 660
[2019-06-13 04:52:38] spend time is: 660
[2019-06-13 04:52:38] spend time is: 660
[2019-06-13 04:52:38] spend time is: 660
[2019-06-13 04:52:39] reloader-1.1.0.tgz update done.
[2019-06-13 04:52:39] spend time is: 660
[2019-06-13 04:52:41] rocketchat-1.1.4.tgz update done.
[2019-06-13 04:52:48] spend time is: 670
[2019-06-13 04:52:48] spend time is: 670
[2019-06-13 04:52:48] spend time is: 670
[2019-06-13 04:52:48] spend time is: 670
[2019-06-13 04:52:48] spend time is: 670
[2019-06-13 04:52:48] spend time is: 670
[2019-06-13 04:52:48] spend time is: 670
[2019-06-13 04:52:48] spend time is: 670
[2019-06-13 04:57:56] sentry-1.5.1.tgz update done.
[2019-06-13 04:57:58] spend time is: 980
[2019-06-13 04:57:58] spend time is: 980
[2019-06-13 04:57:58] spend time is: 980
[2019-06-13 04:57:58] spend time is: 980
[2019-06-13 04:57:58] spend time is: 980
[2019-06-13 04:57:58] spend time is: 980
[2019-06-13 04:57:58] spend time is: 980
[2019-06-13 04:57:58] spend time is: 980
[2019-06-13 04:57:58] spend time is: 980
[2019-06-13 04:58:08] spend time is: 990
[2019-06-13 04:58:08] spend time is: 990
[2019-06-13 04:58:08] spend time is: 990
[2019-06-13 04:58:08] spend time is: 990
[2019-06-13 04:58:08] spend time is: 990
[2019-06-13 04:58:08] spend time is: 990
[2019-06-13 04:58:08] spend time is: 990
[2019-06-13 04:58:08] spend time is: 990
[2019-06-13 04:58:18] spend time is: 1000
[2019-06-13 04:58:18] spend time is: 1000
[2019-06-13 04:58:18] spend time is: 1000
[2019-06-13 04:58:18] spend time is: 1000
[2019-06-13 04:58:18] spend time is: 1000
[2019-06-13 04:58:18] spend time is: 1000
[2019-06-13 04:58:18] spend time is: 1000
[2019-06-13 04:58:18] spend time is: 1000
[2019-06-13 04:58:27] spring-cloud-data-flow-2.2.1.tgz update done.
[2019-06-13 04:58:27] spring-cloud-data-flow-2.2.0.tgz update done.
[2019-06-13 04:58:28] spend time is: 1010
[2019-06-13 04:58:28] spend time is: 1010
[2019-06-13 04:58:28] spend time is: 1010
[2019-06-13 04:58:28] spend time is: 1010
[2019-06-13 04:58:28] spend time is: 1010
[2019-06-13 04:58:28] spend time is: 1010
[2019-06-13 04:58:28] spend time is: 1010
[2019-06-13 04:58:28] spend time is: 1010
[2019-06-13 04:58:34] suitecrm-5.4.4.tgz update done.
[2019-06-13 04:58:35] suitecrm-5.4.3.tgz update done.
[2019-06-13 04:58:38] spend time is: 1020
[2019-06-13 04:58:38] spend time is: 1020
[2019-06-13 04:58:38] spend time is: 1020
[2019-06-13 04:58:38] spend time is: 1020
[2019-06-13 04:58:38] spend time is: 1020
[2019-06-13 04:58:38] spend time is: 1020
[2019-06-13 04:58:38] spend time is: 1020
[2019-06-13 04:58:38] spend time is: 1020
[2019-06-13 04:58:38] spend time is: 1020
[2019-06-13 04:58:48] spend time is: 1030
[2019-06-13 04:58:48] spend time is: 1030
[2019-06-13 04:58:48] spend time is: 1030
[2019-06-13 04:58:48] spend time is: 1030
[2019-06-13 04:58:48] spend time is: 1030
[2019-06-13 04:58:48] spend time is: 1030
[2019-06-13 04:58:48] spend time is: 1030
[2019-06-13 04:58:48] spend time is: 1030
[2019-06-13 04:58:48] spend time is: 1030
[2019-06-13 04:58:51] telegraf-1.1.2.tgz update done.
[2019-06-13 04:58:54] testlink-4.4.3.tgz update done.
[2019-06-13 04:58:54] testlink-4.4.2.tgz update done.
[2019-06-13 04:58:58] spend time is: 1040
[2019-06-13 04:58:58] spend time is: 1040
[2019-06-13 04:58:58] spend time is: 1040
[2019-06-13 04:58:58] spend time is: 1040
[2019-06-13 04:58:58] spend time is: 1040
[2019-06-13 04:58:58] spend time is: 1040
[2019-06-13 04:58:58] spend time is: 1040
[2019-06-13 04:58:58] spend time is: 1040
[2019-06-13 04:59:08] spend time is: 1050
[2019-06-13 04:59:08] spend time is: 1050
[2019-06-13 04:59:08] spend time is: 1050
[2019-06-13 04:59:08] spend time is: 1050
[2019-06-13 04:59:08] spend time is: 1050
[2019-06-13 04:59:08] spend time is: 1050
[2019-06-13 04:59:08] spend time is: 1050
[2019-06-13 04:59:08] spend time is: 1050
[2019-06-13 04:59:08] spend time is: 1050
[2019-06-13 04:59:18] spend time is: 1060
[2019-06-13 04:59:18] spend time is: 1060
[2019-06-13 04:59:18] spend time is: 1060
[2019-06-13 04:59:18] spend time is: 1060
[2019-06-13 04:59:18] spend time is: 1060
[2019-06-13 04:59:18] spend time is: 1060
[2019-06-13 04:59:18] spend time is: 1060
[2019-06-13 04:59:18] spend time is: 1060
[2019-06-13 04:59:28] spend time is: 1070
[2019-06-13 04:59:28] spend time is: 1070
[2019-06-13 04:59:28] spend time is: 1070
[2019-06-13 04:59:28] spend time is: 1070
[2019-06-13 04:59:28] weave-scope-1.1.1.tgz update done.
[2019-06-13 04:59:28] spend time is: 1070
[2019-06-13 04:59:28] spend time is: 1070
[2019-06-13 04:59:28] spend time is: 1070
[2019-06-13 04:59:29] wordpress-5.12.3.tgz update done.
[2019-06-13 04:59:30] wordpress-5.12.2.tgz update done.
[2019-06-13 04:59:30] wordpress-5.12.1.tgz update done.
[2019-06-13 04:59:38] spend time is: 1080
[2019-06-13 04:59:38] spend time is: 1080
[2019-06-13 04:59:38] spend time is: 1080
[2019-06-13 04:59:38] spend time is: 1080
[2019-06-13 04:59:38] spend time is: 1080
[2019-06-13 04:59:38] spend time is: 1080
[2019-06-13 04:59:38] spend time is: 1080
[2019-06-13 04:59:38] spend time is: 1080
[2019-06-13 04:59:46] xray-0.4.2.tgz update done.
Already up to date.
