Fetching origin
Warning: Permanently added the RSA host key for IP address '140.82.113.4' to the list of known hosts.
From github.com:babyshen/helm-charts-mirror
 * [new branch]      gh-pages   -> origin/gh-pages
 * [new branch]      master     -> origin/master
Previous HEAD position was 6f4bc38 restore bug
Switched to a new branch 'gh-pages'
Branch 'gh-pages' set up to track remote branch 'gh-pages' from 'origin'.
Already up to date.
Branch 'gh-pages' set up to track remote branch 'gh-pages' from 'origin'.
  % Total    % Received % Xferd  Average Speed   Time    Time     Time  Current
                                 Dload  Upload   Total   Spent    Left  Speed
  0     0    0     0    0     0      0      0 --:--:-- --:--:-- --:--:--     0100 6367k  100 6367k    0     0  26.0M      0 --:--:-- --:--:-- --:--:-- 26.1M
[2019-10-04 05:40:27] spend time is: 50
[2019-10-04 05:40:27] spend time is: 50
[2019-10-04 05:40:27] spend time is: 50
[2019-10-04 05:40:27] spend time is: 50
[2019-10-04 05:40:27] spend time is: 50
[2019-10-04 05:40:27] spend time is: 50
[2019-10-04 05:40:27] spend time is: 50
[2019-10-04 05:40:27] spend time is: 50
[2019-10-04 05:40:27] spend time is: 50
[2019-10-04 05:40:27] spend time is: 50
[2019-10-04 05:40:27] spend time is: 50
[2019-10-04 05:40:28] aerospike-0.2.9.tgz update done.
[2019-10-04 05:40:28] spend time is: 50
[2019-10-04 05:40:29] airflow-4.1.1.tgz update done.
[2019-10-04 05:40:29] airflow-4.1.2.tgz update done.
[2019-10-04 05:40:35] ambassador-4.2.1.tgz update done.
[2019-10-04 05:40:35] ambassador-4.2.0.tgz update done.
[2019-10-04 05:40:37] spend time is: 60
[2019-10-04 05:40:37] spend time is: 60
[2019-10-04 05:40:37] spend time is: 60
[2019-10-04 05:40:37] spend time is: 60
[2019-10-04 05:40:37] spend time is: 60
[2019-10-04 05:40:37] spend time is: 60
[2019-10-04 05:40:37] spend time is: 60
[2019-10-04 05:40:37] spend time is: 60
[2019-10-04 05:40:37] spend time is: 60
[2019-10-04 05:40:37] spend time is: 60
[2019-10-04 05:40:47] spend time is: 70
[2019-10-04 05:40:47] spend time is: 70
[2019-10-04 05:40:47] spend time is: 70
[2019-10-04 05:40:47] spend time is: 70
[2019-10-04 05:40:47] spend time is: 70
[2019-10-04 05:40:47] spend time is: 70
[2019-10-04 05:40:47] spend time is: 70
[2019-10-04 05:40:47] spend time is: 70
[2019-10-04 05:40:47] spend time is: 70
[2019-10-04 05:40:47] spend time is: 70
[2019-10-04 05:40:57] spend time is: 80
[2019-10-04 05:40:57] spend time is: 80
[2019-10-04 05:40:57] spend time is: 80
[2019-10-04 05:40:57] spend time is: 80
[2019-10-04 05:40:57] spend time is: 80
[2019-10-04 05:40:57] spend time is: 80
[2019-10-04 05:40:57] spend time is: 80
[2019-10-04 05:40:57] spend time is: 80
[2019-10-04 05:41:07] spend time is: 90
[2019-10-04 05:41:07] spend time is: 90
[2019-10-04 05:41:07] spend time is: 90
[2019-10-04 05:41:07] spend time is: 90
[2019-10-04 05:41:07] spend time is: 90
[2019-10-04 05:41:07] spend time is: 90
[2019-10-04 05:41:07] spend time is: 90
[2019-10-04 05:41:07] spend time is: 90
[2019-10-04 05:41:07] spend time is: 90
[2019-10-04 05:41:07] spend time is: 90
[2019-10-04 05:41:07] spend time is: 90
[2019-10-04 05:41:13] cluster-autoscaler-5.1.1.tgz update done.
[2019-10-04 05:41:13] cluster-autoscaler-5.1.0.tgz update done.
[2019-10-04 05:41:17] spend time is: 100
[2019-10-04 05:41:17] spend time is: 100
[2019-10-04 05:41:17] spend time is: 100
[2019-10-04 05:41:17] spend time is: 100
[2019-10-04 05:41:17] spend time is: 100
[2019-10-04 05:41:17] spend time is: 100
[2019-10-04 05:41:17] spend time is: 100
[2019-10-04 05:41:17] spend time is: 100
[2019-10-04 05:41:20] cockroachdb-2.1.14.tgz update done.
[2019-10-04 05:41:27] concourse-8.2.6.tgz update done.
[2019-10-04 05:41:27] spend time is: 110
[2019-10-04 05:41:27] spend time is: 110
[2019-10-04 05:41:27] spend time is: 110
[2019-10-04 05:41:27] spend time is: 110
[2019-10-04 05:41:27] spend time is: 110
[2019-10-04 05:41:27] spend time is: 110
[2019-10-04 05:41:27] spend time is: 110
[2019-10-04 05:41:27] spend time is: 110
[2019-10-04 05:41:27] spend time is: 110
[2019-10-04 05:41:27] spend time is: 110
[2019-10-04 05:41:37] spend time is: 120
[2019-10-04 05:41:37] spend time is: 120
[2019-10-04 05:41:37] spend time is: 120
[2019-10-04 05:41:37] spend time is: 120
[2019-10-04 05:41:37] spend time is: 120
[2019-10-04 05:41:37] spend time is: 120
[2019-10-04 05:41:37] spend time is: 120
[2019-10-04 05:41:37] spend time is: 120
[2019-10-04 05:41:37] spend time is: 120
[2019-10-04 05:41:37] spend time is: 120
[2019-10-04 05:41:37] spend time is: 120
[2019-10-04 05:41:37] spend time is: 120
[2019-10-04 05:41:45] coredns-1.7.4.tgz update done.
[2019-10-04 05:41:47] spend time is: 130
[2019-10-04 05:41:47] spend time is: 130
[2019-10-04 05:41:47] spend time is: 130
[2019-10-04 05:41:47] spend time is: 130
[2019-10-04 05:41:47] spend time is: 130
[2019-10-04 05:41:47] spend time is: 130
[2019-10-04 05:41:47] spend time is: 130
[2019-10-04 05:41:47] spend time is: 130
[2019-10-04 05:41:47] spend time is: 130
[2019-10-04 05:41:47] spend time is: 130
[2019-10-04 05:41:48] spend time is: 130
[2019-10-04 05:41:53] datadog-1.37.0.tgz update done.
[2019-10-04 05:41:57] spend time is: 140
[2019-10-04 05:41:57] spend time is: 140
[2019-10-04 05:41:57] spend time is: 140
[2019-10-04 05:41:57] spend time is: 140
[2019-10-04 05:41:57] spend time is: 140
[2019-10-04 05:41:57] spend time is: 140
[2019-10-04 05:41:57] spend time is: 140
[2019-10-04 05:41:57] spend time is: 140
[2019-10-04 05:41:57] spend time is: 140
[2019-10-04 05:41:57] spend time is: 140
[2019-10-04 05:41:58] spend time is: 140
[2019-10-04 05:42:07] spend time is: 150
[2019-10-04 05:42:07] spend time is: 150
[2019-10-04 05:42:07] spend time is: 150
[2019-10-04 05:42:07] spend time is: 150
[2019-10-04 05:42:07] spend time is: 150
[2019-10-04 05:42:07] spend time is: 150
[2019-10-04 05:42:07] spend time is: 150
[2019-10-04 05:42:07] spend time is: 150
[2019-10-04 05:42:07] spend time is: 150
[2019-10-04 05:42:07] spend time is: 150
[2019-10-04 05:42:09] docker-registry-1.8.3.tgz update done.
[2019-10-04 05:42:17] spend time is: 160
[2019-10-04 05:42:17] spend time is: 160
[2019-10-04 05:42:17] spend time is: 160
[2019-10-04 05:42:17] spend time is: 160
[2019-10-04 05:42:17] spend time is: 160
[2019-10-04 05:42:17] spend time is: 160
[2019-10-04 05:42:17] spend time is: 160
[2019-10-04 05:42:17] spend time is: 160
[2019-10-04 05:42:17] spend time is: 160
[2019-10-04 05:42:17] spend time is: 160
[2019-10-04 05:42:22] drupal-5.2.5.tgz update done.
[2019-10-04 05:42:27] spend time is: 170
[2019-10-04 05:42:27] spend time is: 170
[2019-10-04 05:42:27] spend time is: 170
[2019-10-04 05:42:27] spend time is: 170
[2019-10-04 05:42:27] spend time is: 170
[2019-10-04 05:42:27] spend time is: 170
[2019-10-04 05:42:27] spend time is: 170
[2019-10-04 05:42:27] spend time is: 170
[2019-10-04 05:42:27] spend time is: 170
[2019-10-04 05:42:37] spend time is: 180
[2019-10-04 05:42:37] spend time is: 180
[2019-10-04 05:42:37] spend time is: 180
[2019-10-04 05:42:37] spend time is: 180
[2019-10-04 05:42:37] spend time is: 180
[2019-10-04 05:42:37] spend time is: 180
[2019-10-04 05:42:37] spend time is: 180
[2019-10-04 05:42:37] spend time is: 180
[2019-10-04 05:42:37] spend time is: 180
[2019-10-04 05:42:37] spend time is: 180
[2019-10-04 05:42:37] spend time is: 180
[2019-10-04 05:42:37] spend time is: 180
[2019-10-04 05:42:39] elastic-stack-1.8.0.tgz update done.
[2019-10-04 05:42:45] elasticsearch-curator-2.0.2.tgz update done.
[2019-10-04 05:42:47] spend time is: 190
[2019-10-04 05:42:47] spend time is: 190
[2019-10-04 05:42:47] spend time is: 190
[2019-10-04 05:42:47] spend time is: 190
[2019-10-04 05:42:47] spend time is: 190
[2019-10-04 05:42:47] spend time is: 190
[2019-10-04 05:42:47] spend time is: 190
[2019-10-04 05:42:47] spend time is: 190
[2019-10-04 05:42:47] spend time is: 190
[2019-10-04 05:42:48] spend time is: 190
[2019-10-04 05:42:56] external-dns-2.6.5.tgz update done.
[2019-10-04 05:42:57] spend time is: 200
[2019-10-04 05:42:57] spend time is: 200
[2019-10-04 05:42:57] spend time is: 200
[2019-10-04 05:42:57] spend time is: 200
[2019-10-04 05:42:57] spend time is: 200
[2019-10-04 05:42:57] spend time is: 200
[2019-10-04 05:42:57] spend time is: 200
[2019-10-04 05:42:57] spend time is: 200
[2019-10-04 05:42:57] spend time is: 200
[2019-10-04 05:43:07] spend time is: 210
[2019-10-04 05:43:07] spend time is: 210
[2019-10-04 05:43:07] spend time is: 210
[2019-10-04 05:43:07] spend time is: 210
[2019-10-04 05:43:07] spend time is: 210
[2019-10-04 05:43:07] spend time is: 210
[2019-10-04 05:43:07] spend time is: 210
[2019-10-04 05:43:07] spend time is: 210
[2019-10-04 05:43:07] spend time is: 210
[2019-10-04 05:43:07] spend time is: 210
[2019-10-04 05:43:10] filebeat-3.1.0.tgz update done.
[2019-10-04 05:43:14] fluent-bit-2.7.1.tgz update done.
[2019-10-04 05:43:17] spend time is: 220
[2019-10-04 05:43:17] spend time is: 220
[2019-10-04 05:43:17] spend time is: 220
[2019-10-04 05:43:17] spend time is: 220
[2019-10-04 05:43:17] spend time is: 220
[2019-10-04 05:43:17] spend time is: 220
[2019-10-04 05:43:17] spend time is: 220
[2019-10-04 05:43:17] spend time is: 220
[2019-10-04 05:43:17] spend time is: 220
[2019-10-04 05:43:27] spend time is: 230
[2019-10-04 05:43:27] spend time is: 230
[2019-10-04 05:43:27] spend time is: 230
[2019-10-04 05:43:27] spend time is: 230
[2019-10-04 05:43:27] spend time is: 230
[2019-10-04 05:43:27] spend time is: 230
[2019-10-04 05:43:27] spend time is: 230
[2019-10-04 05:43:27] spend time is: 230
[2019-10-04 05:43:27] spend time is: 230
[2019-10-04 05:43:27] spend time is: 230
[2019-10-04 05:43:28] spend time is: 230
[2019-10-04 05:43:28] gangway-0.3.2.tgz update done.
[2019-10-04 05:43:37] spend time is: 240
[2019-10-04 05:43:37] spend time is: 240
[2019-10-04 05:43:37] spend time is: 240
[2019-10-04 05:43:37] spend time is: 240
[2019-10-04 05:43:37] spend time is: 240
[2019-10-04 05:43:37] spend time is: 240
[2019-10-04 05:43:37] spend time is: 240
[2019-10-04 05:43:37] spend time is: 240
[2019-10-04 05:43:37] spend time is: 240
[2019-10-04 05:43:47] spend time is: 250
[2019-10-04 05:43:47] spend time is: 250
[2019-10-04 05:43:47] spend time is: 250
[2019-10-04 05:43:47] spend time is: 250
[2019-10-04 05:43:47] spend time is: 250
[2019-10-04 05:43:47] spend time is: 250
[2019-10-04 05:43:47] spend time is: 250
[2019-10-04 05:43:47] spend time is: 250
[2019-10-04 05:43:47] spend time is: 250
[2019-10-04 05:43:48] spend time is: 250
[2019-10-04 05:43:54] gocd-1.18.1.tgz update done.
[2019-10-04 05:43:57] spend time is: 260
[2019-10-04 05:43:57] spend time is: 260
[2019-10-04 05:43:57] spend time is: 260
[2019-10-04 05:43:57] spend time is: 260
[2019-10-04 05:43:57] spend time is: 260
[2019-10-04 05:43:57] spend time is: 260
[2019-10-04 05:43:57] spend time is: 260
[2019-10-04 05:43:57] spend time is: 260
[2019-10-04 05:43:57] spend time is: 260
[2019-10-04 05:44:01] grafana-3.8.17.tgz update done.
[2019-10-04 05:44:02] grafana-3.8.16.tgz update done.
[2019-10-04 05:44:07] spend time is: 270
[2019-10-04 05:44:07] spend time is: 270
[2019-10-04 05:44:07] spend time is: 270
[2019-10-04 05:44:07] spend time is: 270
[2019-10-04 05:44:07] spend time is: 270
[2019-10-04 05:44:07] spend time is: 270
[2019-10-04 05:44:07] spend time is: 270
[2019-10-04 05:44:07] spend time is: 270
[2019-10-04 05:44:07] spend time is: 270
[2019-10-04 05:44:17] spend time is: 280
[2019-10-04 05:44:17] spend time is: 280
[2019-10-04 05:44:17] spend time is: 280
[2019-10-04 05:44:17] spend time is: 280
[2019-10-04 05:44:17] spend time is: 280
[2019-10-04 05:44:17] spend time is: 280
[2019-10-04 05:44:17] spend time is: 280
[2019-10-04 05:44:17] spend time is: 280
[2019-10-04 05:44:17] spend time is: 280
[2019-10-04 05:44:17] spend time is: 280
[2019-10-04 05:44:17] spend time is: 280
[2019-10-04 05:44:21] graylog-1.3.3.tgz update done.
[2019-10-04 05:44:27] spend time is: 290
[2019-10-04 05:44:27] spend time is: 290
[2019-10-04 05:44:27] spend time is: 290
[2019-10-04 05:44:27] spend time is: 290
[2019-10-04 05:44:27] spend time is: 290
[2019-10-04 05:44:27] spend time is: 290
[2019-10-04 05:44:27] spend time is: 290
[2019-10-04 05:44:27] spend time is: 290
[2019-10-04 05:44:37] spend time is: 300
[2019-10-04 05:44:37] spend time is: 300
[2019-10-04 05:44:37] spend time is: 300
[2019-10-04 05:44:37] spend time is: 300
Already up to date.
Already up to date.
fatal: Unable to create '/home/travis/build/babyshen/helm-charts-mirror/.git/index.lock': File exists.

Another git process seems to be running in this repository, e.g.
an editor opened by 'git commit'. Please make sure all processes
are terminated then try again. If it still fails, a git process
may have crashed in this repository earlier:
remove the file manually to continue.
Already up to date.
fatal: Unable to create '/home/travis/build/babyshen/helm-charts-mirror/.git/index.lock': File exists.

Another git process seems to be running in this repository, e.g.
an editor opened by 'git commit'. Please make sure all processes
are terminated then try again. If it still fails, a git process
may have crashed in this repository earlier:
remove the file manually to continue.
Already up to date.
fatal: Unable to create '/home/travis/build/babyshen/helm-charts-mirror/.git/index.lock': File exists.

Another git process seems to be running in this repository, e.g.
an editor opened by 'git commit'. Please make sure all processes
are terminated then try again. If it still fails, a git process
may have crashed in this repository earlier:
remove the file manually to continue.
[gh-pages a6b0b23] Synchronizing completion at 2019-10-04
 27 files changed, 2120 insertions(+), 297 deletions(-)
 create mode 100644 aerospike-0.2.9.tgz
 create mode 100644 airflow-4.1.1.tgz
 create mode 100644 airflow-4.1.2.tgz
 create mode 100644 ambassador-4.2.0.tgz
 create mode 100644 ambassador-4.2.1.tgz
 create mode 100644 cluster-autoscaler-5.1.0.tgz
 create mode 100644 cluster-autoscaler-5.1.1.tgz
 create mode 100644 cockroachdb-2.1.14.tgz
 create mode 100644 concourse-8.2.6.tgz
 create mode 100644 coredns-1.7.4.tgz
 create mode 100644 datadog-1.37.0.tgz
 create mode 100644 docker-registry-1.8.3.tgz
 create mode 100644 drupal-5.2.5.tgz
 rewrite elastic-stack-1.8.0.tgz (98%)
 create mode 100644 elasticsearch-curator-2.0.2.tgz
 create mode 100644 external-dns-2.6.5.tgz
 create mode 100644 filebeat-3.1.0.tgz
 create mode 100644 fluent-bit-2.7.1.tgz
 create mode 100644 gangway-0.3.2.tgz
 create mode 100644 gocd-1.18.1.tgz
 create mode 100644 grafana-3.8.16.tgz
 create mode 100644 grafana-3.8.17.tgz
 rewrite graylog-1.3.3.tgz (99%)
 create mode 100644 travis_wait_1992.log
To github.com:babyshen/helm-charts-mirror.git
   8463441..a6b0b23  gh-pages -> gh-pages
Branch 'gh-pages' set up to track remote branch 'gh-pages' from 'origin'.
[2019-10-04 05:44:47] spend time is: 310
[2019-10-04 05:44:47] spend time is: 310
[2019-10-04 05:44:47] spend time is: 310
[2019-10-04 05:44:47] spend time is: 310
[2019-10-04 05:44:47] spend time is: 310
[2019-10-04 05:44:47] spend time is: 310
[2019-10-04 05:44:47] spend time is: 310
[2019-10-04 05:44:53] instana-agent-1.0.15.tgz update done.
[2019-10-04 05:44:57] spend time is: 320
[2019-10-04 05:44:57] spend time is: 320
[2019-10-04 05:44:57] spend time is: 320
[2019-10-04 05:44:57] spend time is: 320
[2019-10-04 05:44:57] spend time is: 320
[2019-10-04 05:44:57] spend time is: 320
[2019-10-04 05:44:57] spend time is: 320
[2019-10-04 05:44:58] janusgraph-0.2.1.tgz update done.
[2019-10-04 05:45:07] spend time is: 330
[2019-10-04 05:45:07] spend time is: 330
[2019-10-04 05:45:07] spend time is: 330
[2019-10-04 05:45:07] spend time is: 330
[2019-10-04 05:45:07] spend time is: 330
[2019-10-04 05:45:07] spend time is: 330
[2019-10-04 05:45:07] spend time is: 330
[2019-10-04 05:45:17] spend time is: 340
[2019-10-04 05:45:17] spend time is: 340
[2019-10-04 05:45:17] spend time is: 340
[2019-10-04 05:45:17] spend time is: 340
[2019-10-04 05:45:17] spend time is: 340
[2019-10-04 05:45:17] spend time is: 340
[2019-10-04 05:45:17] spend time is: 340
[2019-10-04 05:45:27] spend time is: 350
[2019-10-04 05:45:27] spend time is: 350
[2019-10-04 05:45:27] spend time is: 350
[2019-10-04 05:45:27] spend time is: 350
[2019-10-04 05:45:27] spend time is: 350
[2019-10-04 05:45:27] spend time is: 350
[2019-10-04 05:45:27] spend time is: 350
[2019-10-04 05:45:37] spend time is: 360
[2019-10-04 05:45:37] spend time is: 360
[2019-10-04 05:45:37] spend time is: 360
[2019-10-04 05:45:37] spend time is: 360
[2019-10-04 05:45:37] spend time is: 360
[2019-10-04 05:45:37] spend time is: 360
[2019-10-04 05:45:37] spend time is: 360
[2019-10-04 05:45:47] spend time is: 370
[2019-10-04 05:45:47] spend time is: 370
[2019-10-04 05:45:47] spend time is: 370
[2019-10-04 05:45:47] spend time is: 370
[2019-10-04 05:45:47] spend time is: 370
[2019-10-04 05:45:47] spend time is: 370
[2019-10-04 05:45:47] spend time is: 370
[2019-10-04 05:45:47] spend time is: 370
[2019-10-04 05:45:57] spend time is: 380
[2019-10-04 05:45:57] spend time is: 380
[2019-10-04 05:45:57] spend time is: 380
[2019-10-04 05:45:57] spend time is: 380
[2019-10-04 05:45:57] spend time is: 380
[2019-10-04 05:45:57] spend time is: 380
[2019-10-04 05:45:57] spend time is: 380
[2019-10-04 05:45:57] spend time is: 380
[2019-10-04 05:46:07] spend time is: 390
[2019-10-04 05:46:07] spend time is: 390
[2019-10-04 05:46:07] spend time is: 390
[2019-10-04 05:46:07] spend time is: 390
[2019-10-04 05:46:07] spend time is: 390
[2019-10-04 05:46:07] spend time is: 390
[2019-10-04 05:46:07] spend time is: 390
[2019-10-04 05:46:07] spend time is: 390
[2019-10-04 05:46:08] kibana-3.2.4.tgz update done.
[2019-10-04 05:46:17] spend time is: 400
[2019-10-04 05:46:17] spend time is: 400
[2019-10-04 05:46:17] spend time is: 400
[2019-10-04 05:46:17] spend time is: 400
[2019-10-04 05:46:17] spend time is: 400
[2019-10-04 05:46:17] spend time is: 400
[2019-10-04 05:46:17] spend time is: 400
[2019-10-04 05:46:18] kong-0.19.0.tgz update done.
[2019-10-04 05:46:27] spend time is: 410
[2019-10-04 05:46:27] spend time is: 410
[2019-10-04 05:46:27] spend time is: 410
[2019-10-04 05:46:27] spend time is: 410
[2019-10-04 05:46:27] spend time is: 410
[2019-10-04 05:46:27] spend time is: 410
[2019-10-04 05:46:27] spend time is: 410
[2019-10-04 05:46:31] kube-ops-view-1.1.0.tgz update done.
[2019-10-04 05:46:35] kube-state-metrics-2.4.0.tgz update done.
[2019-10-04 05:46:37] spend time is: 420
[2019-10-04 05:46:37] spend time is: 420
[2019-10-04 05:46:37] spend time is: 420
[2019-10-04 05:46:37] spend time is: 420
[2019-10-04 05:46:37] spend time is: 420
[2019-10-04 05:46:37] spend time is: 420
[2019-10-04 05:46:37] spend time is: 420
[2019-10-04 05:46:47] spend time is: 430
[2019-10-04 05:46:47] spend time is: 430
[2019-10-04 05:46:47] spend time is: 430
[2019-10-04 05:46:47] spend time is: 430
[2019-10-04 05:46:47] spend time is: 430
[2019-10-04 05:46:47] spend time is: 430
[2019-10-04 05:46:47] spend time is: 430
[2019-10-04 05:46:57] spend time is: 440
[2019-10-04 05:46:57] spend time is: 440
[2019-10-04 05:46:57] spend time is: 440
[2019-10-04 05:46:57] spend time is: 440
[2019-10-04 05:46:57] spend time is: 440
[2019-10-04 05:46:57] spend time is: 440
[2019-10-04 05:46:57] spend time is: 440
[2019-10-04 05:46:58] kubewatch-0.8.10.tgz update done.
[2019-10-04 05:47:07] logstash-2.3.0.tgz update done.
[2019-10-04 05:47:07] spend time is: 450
[2019-10-04 05:47:07] logstash-2.2.1.tgz update done.
[2019-10-04 05:47:07] spend time is: 450
[2019-10-04 05:47:07] spend time is: 450
[2019-10-04 05:47:07] spend time is: 450
[2019-10-04 05:47:07] spend time is: 450
[2019-10-04 05:47:07] spend time is: 450
[2019-10-04 05:47:17] spend time is: 460
[2019-10-04 05:47:17] spend time is: 460
[2019-10-04 05:47:17] spend time is: 460
[2019-10-04 05:47:17] spend time is: 460
[2019-10-04 05:47:17] spend time is: 460
[2019-10-04 05:47:17] spend time is: 460
[2019-10-04 05:47:17] spend time is: 460
[2019-10-04 05:47:27] spend time is: 470
[2019-10-04 05:47:27] spend time is: 470
[2019-10-04 05:47:27] spend time is: 470
[2019-10-04 05:47:27] spend time is: 470
[2019-10-04 05:47:27] spend time is: 470
[2019-10-04 05:47:27] spend time is: 470
[2019-10-04 05:47:27] spend time is: 470
[2019-10-04 05:47:27] spend time is: 470
[2019-10-04 05:47:37] spend time is: 480
[2019-10-04 05:47:37] spend time is: 480
[2019-10-04 05:47:37] spend time is: 480
[2019-10-04 05:47:37] spend time is: 480
[2019-10-04 05:47:37] spend time is: 480
[2019-10-04 05:47:37] spend time is: 480
[2019-10-04 05:47:37] spend time is: 480
[2019-10-04 05:47:47] spend time is: 490
[2019-10-04 05:47:47] spend time is: 490
[2019-10-04 05:47:47] spend time is: 490
[2019-10-04 05:47:47] spend time is: 490
[2019-10-04 05:47:47] spend time is: 490
[2019-10-04 05:47:47] spend time is: 490
[2019-10-04 05:47:47] spend time is: 490
[2019-10-04 05:47:57] spend time is: 500
[2019-10-04 05:47:57] spend time is: 500
[2019-10-04 05:47:57] spend time is: 500
[2019-10-04 05:47:57] spend time is: 500
[2019-10-04 05:47:57] spend time is: 500
[2019-10-04 05:47:57] spend time is: 500
[2019-10-04 05:47:57] spend time is: 500
[2019-10-04 05:48:00] memcached-3.0.0.tgz update done.
[2019-10-04 05:48:07] spend time is: 510
[2019-10-04 05:48:07] spend time is: 510
[2019-10-04 05:48:07] spend time is: 510
[2019-10-04 05:48:07] spend time is: 510
[2019-10-04 05:48:07] spend time is: 510
[2019-10-04 05:48:07] spend time is: 510
[2019-10-04 05:48:07] spend time is: 510
[2019-10-04 05:48:14] metrics-server-2.8.7.tgz update done.
[2019-10-04 05:48:17] spend time is: 520
[2019-10-04 05:48:17] spend time is: 520
[2019-10-04 05:48:17] spend time is: 520
[2019-10-04 05:48:17] spend time is: 520
[2019-10-04 05:48:17] spend time is: 520
[2019-10-04 05:48:17] spend time is: 520
[2019-10-04 05:48:17] spend time is: 520
[2019-10-04 05:48:27] spend time is: 530
[2019-10-04 05:48:27] spend time is: 530
[2019-10-04 05:48:27] spend time is: 530
[2019-10-04 05:48:27] spend time is: 530
[2019-10-04 05:48:27] spend time is: 530
[2019-10-04 05:48:27] spend time is: 530
[2019-10-04 05:48:27] spend time is: 530
[2019-10-04 05:48:27] spend time is: 530
[2019-10-04 05:48:37] spend time is: 540
[2019-10-04 05:48:37] spend time is: 540
[2019-10-04 05:48:37] spend time is: 540
[2019-10-04 05:48:37] spend time is: 540
[2019-10-04 05:48:37] spend time is: 540
[2019-10-04 05:48:37] spend time is: 540
[2019-10-04 05:48:37] spend time is: 540
[2019-10-04 05:48:37] spend time is: 540
[2019-10-04 05:48:47] spend time is: 550
[2019-10-04 05:48:47] spend time is: 550
[2019-10-04 05:48:47] spend time is: 550
[2019-10-04 05:48:47] spend time is: 550
[2019-10-04 05:48:47] spend time is: 550
[2019-10-04 05:48:47] spend time is: 550
[2019-10-04 05:48:47] spend time is: 550
[2019-10-04 05:48:57] spend time is: 560
[2019-10-04 05:48:57] spend time is: 560
[2019-10-04 05:48:57] spend time is: 560
[2019-10-04 05:48:57] spend time is: 560
[2019-10-04 05:48:57] spend time is: 560
[2019-10-04 05:48:57] spend time is: 560
[2019-10-04 05:48:57] spend time is: 560
[2019-10-04 05:49:07] spend time is: 570
[2019-10-04 05:49:07] spend time is: 570
[2019-10-04 05:49:07] spend time is: 570
[2019-10-04 05:49:07] spend time is: 570
[2019-10-04 05:49:07] spend time is: 570
[2019-10-04 05:49:07] spend time is: 570
[2019-10-04 05:49:07] spend time is: 570
[2019-10-04 05:49:08] spend time is: 570
[2019-10-04 05:49:17] spend time is: 580
[2019-10-04 05:49:17] spend time is: 580
[2019-10-04 05:49:17] spend time is: 580
[2019-10-04 05:49:17] spend time is: 580
[2019-10-04 05:49:17] spend time is: 580
[2019-10-04 05:49:17] spend time is: 580
[2019-10-04 05:49:17] spend time is: 580
[2019-10-04 05:49:20] mysql-1.3.3.tgz update done.
[2019-10-04 05:49:27] spend time is: 590
[2019-10-04 05:49:27] spend time is: 590
[2019-10-04 05:49:27] spend time is: 590
[2019-10-04 05:49:27] spend time is: 590
[2019-10-04 05:49:27] spend time is: 590
[2019-10-04 05:49:27] spend time is: 590
[2019-10-04 05:49:27] spend time is: 590
[2019-10-04 05:49:37] spend time is: 600
Warning: Permanently added the RSA host key for IP address '140.82.114.3' to the list of known hosts.
Already up to date.
