Fetching origin
Warning: Permanently added the RSA host key for IP address '192.30.253.112' to the list of known hosts.
From github.com:babyshen/helm-charts-mirror
 * [new branch]      gh-pages   -> origin/gh-pages
 * [new branch]      master     -> origin/master
Previous HEAD position was 6f4bc38 restore bug
Switched to a new branch 'gh-pages'
Branch 'gh-pages' set up to track remote branch 'gh-pages' from 'origin'.
Already up to date.
Branch 'gh-pages' set up to track remote branch 'gh-pages' from 'origin'.
  % Total    % Received % Xferd  Average Speed   Time    Time     Time  Current
                                 Dload  Upload   Total   Spent    Left  Speed
  0     0    0     0    0     0      0      0 --:--:-- --:--:-- --:--:--     0100 5325k  100 5325k    0     0  28.8M      0 --:--:-- --:--:-- --:--:-- 28.8M
[2019-06-30 04:52:18] airflow-3.0.2.tgz update done.
[2019-06-30 04:52:22] ambassador-2.12.0.tgz update done.
[2019-06-30 04:52:23] spend time is: 50
[2019-06-30 04:52:23] spend time is: 50
[2019-06-30 04:52:23] spend time is: 50
[2019-06-30 04:52:23] spend time is: 50
[2019-06-30 04:52:23] spend time is: 50
[2019-06-30 04:52:23] spend time is: 50
[2019-06-30 04:52:23] spend time is: 50
[2019-06-30 04:52:23] spend time is: 50
[2019-06-30 04:52:23] spend time is: 50
[2019-06-30 04:52:23] spend time is: 50
[2019-06-30 04:52:24] spend time is: 50
[2019-06-30 04:52:25] anchore-engine-1.1.1.tgz update done.
[2019-06-30 04:52:33] spend time is: 60
[2019-06-30 04:52:33] spend time is: 60
[2019-06-30 04:52:33] spend time is: 60
[2019-06-30 04:52:33] spend time is: 60
[2019-06-30 04:52:33] spend time is: 60
[2019-06-30 04:52:33] spend time is: 60
[2019-06-30 04:52:33] spend time is: 60
[2019-06-30 04:52:33] spend time is: 60
[2019-06-30 04:52:33] spend time is: 60
[2019-06-30 04:52:33] spend time is: 60
[2019-06-30 04:52:33] spend time is: 60
[2019-06-30 04:52:33] spend time is: 60
[2019-06-30 04:52:43] spend time is: 70
[2019-06-30 04:52:43] spend time is: 70
[2019-06-30 04:52:43] spend time is: 70
[2019-06-30 04:52:43] spend time is: 70
[2019-06-30 04:52:43] spend time is: 70
[2019-06-30 04:52:43] spend time is: 70
[2019-06-30 04:52:43] spend time is: 70
[2019-06-30 04:52:43] spend time is: 70
[2019-06-30 04:52:43] spend time is: 70
[2019-06-30 04:52:43] spend time is: 70
[2019-06-30 04:52:43] spend time is: 70
[2019-06-30 04:52:43] spend time is: 70
[2019-06-30 04:52:43] spend time is: 70
[2019-06-30 04:52:53] spend time is: 80
[2019-06-30 04:52:53] spend time is: 80
[2019-06-30 04:52:53] spend time is: 80
[2019-06-30 04:52:53] spend time is: 80
[2019-06-30 04:52:53] spend time is: 80
[2019-06-30 04:52:53] spend time is: 80
[2019-06-30 04:52:53] spend time is: 80
[2019-06-30 04:52:53] spend time is: 80
[2019-06-30 04:52:53] spend time is: 80
[2019-06-30 04:52:53] spend time is: 80
[2019-06-30 04:52:53] spend time is: 80
[2019-06-30 04:52:54] spend time is: 80
[2019-06-30 04:53:03] spend time is: 90
[2019-06-30 04:53:03] spend time is: 90
[2019-06-30 04:53:03] spend time is: 90
[2019-06-30 04:53:03] spend time is: 90
[2019-06-30 04:53:03] spend time is: 90
[2019-06-30 04:53:03] spend time is: 90
[2019-06-30 04:53:03] spend time is: 90
[2019-06-30 04:53:03] spend time is: 90
[2019-06-30 04:53:03] spend time is: 90
[2019-06-30 04:53:03] spend time is: 90
[2019-06-30 04:53:03] spend time is: 90
[2019-06-30 04:53:13] spend time is: 100
[2019-06-30 04:53:13] spend time is: 100
[2019-06-30 04:53:13] spend time is: 100
[2019-06-30 04:53:13] spend time is: 100
[2019-06-30 04:53:13] spend time is: 100
[2019-06-30 04:53:13] spend time is: 100
[2019-06-30 04:53:13] spend time is: 100
[2019-06-30 04:53:13] spend time is: 100
[2019-06-30 04:53:13] spend time is: 100
[2019-06-30 04:53:13] spend time is: 100
[2019-06-30 04:53:13] spend time is: 100
[2019-06-30 04:53:14] spend time is: 100
[2019-06-30 04:53:23] spend time is: 110
[2019-06-30 04:53:23] spend time is: 110
[2019-06-30 04:53:23] spend time is: 110
[2019-06-30 04:53:23] spend time is: 110
[2019-06-30 04:53:23] spend time is: 110
[2019-06-30 04:53:23] spend time is: 110
[2019-06-30 04:53:23] spend time is: 110
[2019-06-30 04:53:23] spend time is: 110
[2019-06-30 04:53:23] spend time is: 110
[2019-06-30 04:53:23] spend time is: 110
[2019-06-30 04:53:23] spend time is: 110
[2019-06-30 04:53:30] distribution-0.4.2.tgz update done.
[2019-06-30 04:53:33] spend time is: 120
[2019-06-30 04:53:33] spend time is: 120
[2019-06-30 04:53:33] spend time is: 120
[2019-06-30 04:53:33] spend time is: 120
[2019-06-30 04:53:33] spend time is: 120
[2019-06-30 04:53:33] spend time is: 120
[2019-06-30 04:53:33] spend time is: 120
[2019-06-30 04:53:33] spend time is: 120
[2019-06-30 04:53:33] spend time is: 120
[2019-06-30 04:53:33] spend time is: 120
[2019-06-30 04:53:43] spend time is: 130
[2019-06-30 04:53:43] spend time is: 130
[2019-06-30 04:53:43] spend time is: 130
[2019-06-30 04:53:43] spend time is: 130
[2019-06-30 04:53:43] spend time is: 130
[2019-06-30 04:53:43] spend time is: 130
[2019-06-30 04:53:43] spend time is: 130
[2019-06-30 04:53:43] spend time is: 130
[2019-06-30 04:53:43] spend time is: 130
[2019-06-30 04:53:43] spend time is: 130
[2019-06-30 04:53:43] spend time is: 130
[2019-06-30 04:53:52] elastic-stack-1.8.0.tgz update done.
[2019-06-30 04:53:53] spend time is: 140
[2019-06-30 04:53:53] spend time is: 140
[2019-06-30 04:53:53] spend time is: 140
[2019-06-30 04:53:53] spend time is: 140
[2019-06-30 04:53:53] spend time is: 140
[2019-06-30 04:53:53] spend time is: 140
[2019-06-30 04:53:53] spend time is: 140
[2019-06-30 04:53:53] spend time is: 140
[2019-06-30 04:53:53] spend time is: 140
[2019-06-30 04:53:53] spend time is: 140
[2019-06-30 04:53:53] spend time is: 140
[2019-06-30 04:53:53] spend time is: 140
[2019-06-30 04:54:03] spend time is: 150
[2019-06-30 04:54:03] spend time is: 150
[2019-06-30 04:54:03] spend time is: 150
[2019-06-30 04:54:03] spend time is: 150
[2019-06-30 04:54:03] spend time is: 150
[2019-06-30 04:54:03] spend time is: 150
[2019-06-30 04:54:03] spend time is: 150
[2019-06-30 04:54:03] spend time is: 150
[2019-06-30 04:54:03] spend time is: 150
[2019-06-30 04:54:03] spend time is: 150
[2019-06-30 04:54:03] spend time is: 150
[2019-06-30 04:54:03] spend time is: 150
[2019-06-30 04:54:13] spend time is: 160
[2019-06-30 04:54:13] spend time is: 160
[2019-06-30 04:54:13] spend time is: 160
[2019-06-30 04:54:13] spend time is: 160
[2019-06-30 04:54:13] spend time is: 160
[2019-06-30 04:54:13] spend time is: 160
[2019-06-30 04:54:13] spend time is: 160
[2019-06-30 04:54:13] spend time is: 160
[2019-06-30 04:54:13] spend time is: 160
[2019-06-30 04:54:13] spend time is: 160
[2019-06-30 04:54:13] spend time is: 160
[2019-06-30 04:54:14] spend time is: 160
[2019-06-30 04:54:23] spend time is: 170
[2019-06-30 04:54:23] spend time is: 170
[2019-06-30 04:54:23] spend time is: 170
[2019-06-30 04:54:23] spend time is: 170
[2019-06-30 04:54:23] spend time is: 170
[2019-06-30 04:54:23] spend time is: 170
[2019-06-30 04:54:23] spend time is: 170
[2019-06-30 04:54:23] spend time is: 170
[2019-06-30 04:54:23] spend time is: 170
[2019-06-30 04:54:23] spend time is: 170
[2019-06-30 04:54:23] spend time is: 170
[2019-06-30 04:54:23] spend time is: 170
[2019-06-30 04:54:33] spend time is: 180
[2019-06-30 04:54:33] spend time is: 180
[2019-06-30 04:54:33] spend time is: 180
[2019-06-30 04:54:33] spend time is: 180
[2019-06-30 04:54:33] spend time is: 180
[2019-06-30 04:54:33] spend time is: 180
[2019-06-30 04:54:33] spend time is: 180
[2019-06-30 04:54:33] spend time is: 180
[2019-06-30 04:54:33] spend time is: 180
[2019-06-30 04:54:33] spend time is: 180
[2019-06-30 04:54:33] spend time is: 180
[2019-06-30 04:54:34] spend time is: 180
[2019-06-30 04:54:43] spend time is: 190
[2019-06-30 04:54:43] spend time is: 190
[2019-06-30 04:54:43] spend time is: 190
[2019-06-30 04:54:43] spend time is: 190
[2019-06-30 04:54:43] spend time is: 190
[2019-06-30 04:54:43] spend time is: 190
[2019-06-30 04:54:43] spend time is: 190
[2019-06-30 04:54:43] spend time is: 190
[2019-06-30 04:54:43] spend time is: 190
[2019-06-30 04:54:43] spend time is: 190
[2019-06-30 04:54:43] spend time is: 190
[2019-06-30 04:54:43] spend time is: 190
[2019-06-30 04:54:53] spend time is: 200
[2019-06-30 04:54:53] spend time is: 200
[2019-06-30 04:54:53] spend time is: 200
[2019-06-30 04:54:53] spend time is: 200
[2019-06-30 04:54:53] spend time is: 200
[2019-06-30 04:54:53] spend time is: 200
[2019-06-30 04:54:53] spend time is: 200
[2019-06-30 04:54:53] spend time is: 200
[2019-06-30 04:54:53] spend time is: 200
[2019-06-30 04:54:53] spend time is: 200
[2019-06-30 04:54:53] spend time is: 200
[2019-06-30 04:55:03] spend time is: 210
[2019-06-30 04:55:03] spend time is: 210
[2019-06-30 04:55:03] spend time is: 210
[2019-06-30 04:55:03] spend time is: 210
[2019-06-30 04:55:03] spend time is: 210
[2019-06-30 04:55:03] spend time is: 210
[2019-06-30 04:55:03] spend time is: 210
[2019-06-30 04:55:03] spend time is: 210
[2019-06-30 04:55:03] spend time is: 210
[2019-06-30 04:55:03] spend time is: 210
[2019-06-30 04:55:03] spend time is: 210
[2019-06-30 04:55:03] spend time is: 210
[2019-06-30 04:55:05] graylog-1.2.0.tgz update done.
[2019-06-30 04:55:12] hlf-ca-1.1.6.tgz update done.
[2019-06-30 04:55:13] spend time is: 220
[2019-06-30 04:55:13] spend time is: 220
[2019-06-30 04:55:13] spend time is: 220
[2019-06-30 04:55:13] spend time is: 220
[2019-06-30 04:55:13] spend time is: 220
[2019-06-30 04:55:13] spend time is: 220
[2019-06-30 04:55:13] spend time is: 220
[2019-06-30 04:55:13] spend time is: 220
[2019-06-30 04:55:13] spend time is: 220
[2019-06-30 04:55:13] spend time is: 220
[2019-06-30 04:55:13] spend time is: 220
[2019-06-30 04:55:13] spend time is: 220
[2019-06-30 04:55:23] spend time is: 230
[2019-06-30 04:55:23] spend time is: 230
[2019-06-30 04:55:23] spend time is: 230
[2019-06-30 04:55:23] spend time is: 230
[2019-06-30 04:55:23] spend time is: 230
[2019-06-30 04:55:23] spend time is: 230
[2019-06-30 04:55:23] spend time is: 230
[2019-06-30 04:55:23] spend time is: 230
[2019-06-30 04:55:23] spend time is: 230
[2019-06-30 04:55:23] spend time is: 230
[2019-06-30 04:55:23] spend time is: 230
[2019-06-30 04:55:23] spend time is: 230
[2019-06-30 04:55:25] janusgraph-0.2.1.tgz update done.
[2019-06-30 04:55:33] spend time is: 240
[2019-06-30 04:55:33] spend time is: 240
[2019-06-30 04:55:33] spend time is: 240
[2019-06-30 04:55:33] spend time is: 240
[2019-06-30 04:55:33] spend time is: 240
[2019-06-30 04:55:33] spend time is: 240
[2019-06-30 04:55:33] spend time is: 240
[2019-06-30 04:55:33] spend time is: 240
[2019-06-30 04:55:33] spend time is: 240
[2019-06-30 04:55:33] spend time is: 240
[2019-06-30 04:55:33] spend time is: 240
[2019-06-30 04:55:33] spend time is: 240
[2019-06-30 04:55:43] spend time is: 250
[2019-06-30 04:55:43] spend time is: 250
[2019-06-30 04:55:43] spend time is: 250
[2019-06-30 04:55:43] spend time is: 250
[2019-06-30 04:55:43] spend time is: 250
[2019-06-30 04:55:43] spend time is: 250
[2019-06-30 04:55:43] spend time is: 250
[2019-06-30 04:55:43] spend time is: 250
[2019-06-30 04:55:43] spend time is: 250
[2019-06-30 04:55:43] spend time is: 250
[2019-06-30 04:55:43] spend time is: 250
[2019-06-30 04:55:44] spend time is: 250
[2019-06-30 04:55:53] spend time is: 260
[2019-06-30 04:55:53] spend time is: 260
[2019-06-30 04:55:53] spend time is: 260
[2019-06-30 04:55:53] spend time is: 260
[2019-06-30 04:55:53] spend time is: 260
[2019-06-30 04:55:53] spend time is: 260
[2019-06-30 04:55:53] spend time is: 260
[2019-06-30 04:55:53] spend time is: 260
[2019-06-30 04:55:53] spend time is: 260
[2019-06-30 04:55:53] spend time is: 260
[2019-06-30 04:55:53] spend time is: 260
[2019-06-30 04:55:54] spend time is: 260
[2019-06-30 04:56:03] spend time is: 270
[2019-06-30 04:56:03] spend time is: 270
[2019-06-30 04:56:03] spend time is: 270
[2019-06-30 04:56:03] spend time is: 270
[2019-06-30 04:56:03] spend time is: 270
[2019-06-30 04:56:03] spend time is: 270
[2019-06-30 04:56:03] spend time is: 270
[2019-06-30 04:56:03] spend time is: 270
[2019-06-30 04:56:03] spend time is: 270
[2019-06-30 04:56:03] spend time is: 270
[2019-06-30 04:56:03] spend time is: 270
[2019-06-30 04:56:03] spend time is: 270
[2019-06-30 04:56:13] spend time is: 280
[2019-06-30 04:56:13] spend time is: 280
[2019-06-30 04:56:13] spend time is: 280
[2019-06-30 04:56:13] spend time is: 280
[2019-06-30 04:56:13] spend time is: 280
[2019-06-30 04:56:13] spend time is: 280
[2019-06-30 04:56:13] spend time is: 280
[2019-06-30 04:56:13] spend time is: 280
[2019-06-30 04:56:13] spend time is: 280
[2019-06-30 04:56:13] spend time is: 280
[2019-06-30 04:56:13] spend time is: 280
[2019-06-30 04:56:14] spend time is: 280
[2019-06-30 04:56:16] kube-ops-view-1.1.0.tgz update done.
[2019-06-30 04:56:23] spend time is: 290
[2019-06-30 04:56:23] spend time is: 290
[2019-06-30 04:56:23] spend time is: 290
[2019-06-30 04:56:23] spend time is: 290
[2019-06-30 04:56:23] spend time is: 290
[2019-06-30 04:56:23] spend time is: 290
[2019-06-30 04:56:23] spend time is: 290
[2019-06-30 04:56:23] spend time is: 290
[2019-06-30 04:56:23] spend time is: 290
[2019-06-30 04:56:23] spend time is: 290
[2019-06-30 04:56:23] spend time is: 290
[2019-06-30 04:56:24] spend time is: 290
[2019-06-30 04:56:33] spend time is: 300
[2019-06-30 04:56:33] spend time is: 300
[2019-06-30 04:56:33] spend time is: 300
[2019-06-30 04:56:33] spend time is: 300
Warning: Permanently added the RSA host key for IP address '192.30.253.113' to the list of known hosts.
Already up to date.
Already up to date.
fatal: Unable to create '/home/travis/build/babyshen/helm-charts-mirror/.git/index.lock': File exists.

Another git process seems to be running in this repository, e.g.
an editor opened by 'git commit'. Please make sure all processes
are terminated then try again. If it still fails, a git process
may have crashed in this repository earlier:
remove the file manually to continue.
Already up to date.
fatal: Unable to create '/home/travis/build/babyshen/helm-charts-mirror/.git/index.lock': File exists.

Another git process seems to be running in this repository, e.g.
an editor opened by 'git commit'. Please make sure all processes
are terminated then try again. If it still fails, a git process
may have crashed in this repository earlier:
remove the file manually to continue.
Already up to date.
fatal: Unable to create '/home/travis/build/babyshen/helm-charts-mirror/.git/index.lock': File exists.

Another git process seems to be running in this repository, e.g.
an editor opened by 'git commit'. Please make sure all processes
are terminated then try again. If it still fails, a git process
may have crashed in this repository earlier:
remove the file manually to continue.
[gh-pages ac5e80e] Synchronizing completion at 2019-06-30
 13 files changed, 710 insertions(+), 303 deletions(-)
 rewrite airflow-3.0.2.tgz (98%)
 create mode 100644 ambassador-2.12.0.tgz
 rewrite anchore-engine-1.1.1.tgz (99%)
 rewrite distribution-0.4.2.tgz (99%)
 rewrite elastic-stack-1.8.0.tgz (98%)
 rewrite graylog-1.2.0.tgz (62%)
 rewrite hlf-ca-1.1.6.tgz (99%)
 rewrite kube-ops-view-1.1.0.tgz (84%)
 create mode 100644 travis_wait_1991.log
To github.com:babyshen/helm-charts-mirror.git
   2166102..ac5e80e  gh-pages -> gh-pages
Branch 'gh-pages' set up to track remote branch 'gh-pages' from 'origin'.
[2019-06-30 04:56:43] spend time is: 310
[2019-06-30 04:56:43] spend time is: 310
[2019-06-30 04:56:43] spend time is: 310
[2019-06-30 04:56:43] spend time is: 310
[2019-06-30 04:56:43] spend time is: 310
[2019-06-30 04:56:43] spend time is: 310
[2019-06-30 04:56:43] spend time is: 310
[2019-06-30 04:56:43] spend time is: 310
[2019-06-30 04:56:47] magento-5.1.4.tgz update done.
[2019-06-30 04:56:53] spend time is: 320
[2019-06-30 04:56:53] spend time is: 320
[2019-06-30 04:56:53] spend time is: 320
[2019-06-30 04:56:53] spend time is: 320
[2019-06-30 04:56:53] spend time is: 320
[2019-06-30 04:56:53] spend time is: 320
[2019-06-30 04:56:53] spend time is: 320
[2019-06-30 04:56:53] spend time is: 320
[2019-06-30 04:56:53] spend time is: 320
[2019-06-30 04:57:03] spend time is: 330
[2019-06-30 04:57:03] spend time is: 330
[2019-06-30 04:57:03] spend time is: 330
[2019-06-30 04:57:03] spend time is: 330
[2019-06-30 04:57:03] spend time is: 330
[2019-06-30 04:57:03] spend time is: 330
[2019-06-30 04:57:03] spend time is: 330
[2019-06-30 04:57:03] spend time is: 330
[2019-06-30 04:57:13] spend time is: 340
[2019-06-30 04:57:13] spend time is: 340
[2019-06-30 04:57:13] spend time is: 340
[2019-06-30 04:57:13] spend time is: 340
[2019-06-30 04:57:13] spend time is: 340
[2019-06-30 04:57:13] spend time is: 340
[2019-06-30 04:57:13] spend time is: 340
[2019-06-30 04:57:13] spend time is: 340
[2019-06-30 04:57:23] spend time is: 350
[2019-06-30 04:57:23] spend time is: 350
[2019-06-30 04:57:23] spend time is: 350
[2019-06-30 04:57:23] spend time is: 350
[2019-06-30 04:57:23] spend time is: 350
[2019-06-30 04:57:23] spend time is: 350
[2019-06-30 04:57:23] spend time is: 350
[2019-06-30 04:57:23] spend time is: 350
[2019-06-30 04:57:27] mercure-1.0.6.tgz update done.
[2019-06-30 04:57:33] spend time is: 360
[2019-06-30 04:57:33] spend time is: 360
[2019-06-30 04:57:33] spend time is: 360
[2019-06-30 04:57:33] spend time is: 360
[2019-06-30 04:57:33] spend time is: 360
[2019-06-30 04:57:33] spend time is: 360
[2019-06-30 04:57:33] spend time is: 360
[2019-06-30 04:57:33] spend time is: 360
[2019-06-30 04:57:43] spend time is: 370
[2019-06-30 04:57:43] spend time is: 370
[2019-06-30 04:57:43] spend time is: 370
[2019-06-30 04:57:43] spend time is: 370
[2019-06-30 04:57:43] spend time is: 370
[2019-06-30 04:57:43] spend time is: 370
[2019-06-30 04:57:43] spend time is: 370
[2019-06-30 04:57:43] spend time is: 370
[2019-06-30 04:57:43] spend time is: 370
[2019-06-30 04:57:53] spend time is: 380
[2019-06-30 04:57:53] spend time is: 380
[2019-06-30 04:57:53] spend time is: 380
[2019-06-30 04:57:53] spend time is: 380
[2019-06-30 04:57:53] spend time is: 380
[2019-06-30 04:57:53] spend time is: 380
[2019-06-30 04:57:53] spend time is: 380
[2019-06-30 04:57:53] spend time is: 380
[2019-06-30 04:57:53] spend time is: 380
[2019-06-30 04:58:03] spend time is: 390
[2019-06-30 04:58:03] spend time is: 390
[2019-06-30 04:58:03] spend time is: 390
[2019-06-30 04:58:03] spend time is: 390
[2019-06-30 04:58:03] spend time is: 390
[2019-06-30 04:58:03] spend time is: 390
[2019-06-30 04:58:03] spend time is: 390
[2019-06-30 04:58:03] spend time is: 390
[2019-06-30 04:58:13] spend time is: 400
[2019-06-30 04:58:13] spend time is: 400
[2019-06-30 04:58:13] spend time is: 400
[2019-06-30 04:58:13] spend time is: 400
[2019-06-30 04:58:13] spend time is: 400
[2019-06-30 04:58:13] spend time is: 400
[2019-06-30 04:58:13] spend time is: 400
[2019-06-30 04:58:13] spend time is: 400
[2019-06-30 04:58:23] spend time is: 410
[2019-06-30 04:58:23] spend time is: 410
[2019-06-30 04:58:23] spend time is: 410
[2019-06-30 04:58:23] spend time is: 410
[2019-06-30 04:58:23] spend time is: 410
[2019-06-30 04:58:23] spend time is: 410
[2019-06-30 04:58:23] spend time is: 410
[2019-06-30 04:58:23] spend time is: 410
[2019-06-30 04:58:23] spend time is: 410
[2019-06-30 04:58:33] spend time is: 420
[2019-06-30 04:58:33] spend time is: 420
[2019-06-30 04:58:33] spend time is: 420
[2019-06-30 04:58:33] spend time is: 420
[2019-06-30 04:58:33] spend time is: 420
[2019-06-30 04:58:33] spend time is: 420
[2019-06-30 04:58:33] spend time is: 420
[2019-06-30 04:58:33] spend time is: 420
[2019-06-30 04:58:43] spend time is: 430
[2019-06-30 04:58:43] spend time is: 430
[2019-06-30 04:58:43] spend time is: 430
[2019-06-30 04:58:43] spend time is: 430
[2019-06-30 04:58:43] spend time is: 430
[2019-06-30 04:58:43] spend time is: 430
[2019-06-30 04:58:43] spend time is: 430
[2019-06-30 04:58:43] spend time is: 430
[2019-06-30 04:58:53] spend time is: 440
[2019-06-30 04:58:53] spend time is: 440
[2019-06-30 04:58:53] spend time is: 440
[2019-06-30 04:58:53] spend time is: 440
[2019-06-30 04:58:53] spend time is: 440
[2019-06-30 04:58:53] spend time is: 440
[2019-06-30 04:58:53] spend time is: 440
[2019-06-30 04:58:53] spend time is: 440
[2019-06-30 04:59:03] spend time is: 450
[2019-06-30 04:59:03] spend time is: 450
[2019-06-30 04:59:03] spend time is: 450
[2019-06-30 04:59:03] spend time is: 450
[2019-06-30 04:59:03] spend time is: 450
[2019-06-30 04:59:03] spend time is: 450
[2019-06-30 04:59:03] spend time is: 450
[2019-06-30 04:59:03] spend time is: 450
[2019-06-30 04:59:13] spend time is: 460
[2019-06-30 04:59:13] spend time is: 460
[2019-06-30 04:59:13] spend time is: 460
[2019-06-30 04:59:13] spend time is: 460
[2019-06-30 04:59:13] spend time is: 460
[2019-06-30 04:59:13] spend time is: 460
[2019-06-30 04:59:13] spend time is: 460
[2019-06-30 04:59:13] spend time is: 460
[2019-06-30 04:59:23] spend time is: 470
[2019-06-30 04:59:23] spend time is: 470
[2019-06-30 04:59:23] spend time is: 470
[2019-06-30 04:59:23] spend time is: 470
[2019-06-30 04:59:23] spend time is: 470
[2019-06-30 04:59:23] spend time is: 470
[2019-06-30 04:59:23] spend time is: 470
[2019-06-30 04:59:23] spend time is: 470
[2019-06-30 04:59:33] spend time is: 480
[2019-06-30 04:59:33] spend time is: 480
[2019-06-30 04:59:33] spend time is: 480
[2019-06-30 04:59:33] spend time is: 480
[2019-06-30 04:59:33] spend time is: 480
[2019-06-30 04:59:33] spend time is: 480
[2019-06-30 04:59:33] spend time is: 480
[2019-06-30 04:59:33] spend time is: 480
[2019-06-30 04:59:33] spend time is: 480
[2019-06-30 04:59:43] spend time is: 490
[2019-06-30 04:59:43] spend time is: 490
[2019-06-30 04:59:43] spend time is: 490
[2019-06-30 04:59:43] spend time is: 490
[2019-06-30 04:59:43] spend time is: 490
[2019-06-30 04:59:43] spend time is: 490
[2019-06-30 04:59:43] spend time is: 490
[2019-06-30 04:59:43] spend time is: 490
[2019-06-30 04:59:53] spend time is: 500
[2019-06-30 04:59:53] spend time is: 500
[2019-06-30 04:59:53] spend time is: 500
[2019-06-30 04:59:53] spend time is: 500
[2019-06-30 04:59:53] spend time is: 500
[2019-06-30 04:59:53] spend time is: 500
[2019-06-30 04:59:53] spend time is: 500
[2019-06-30 04:59:53] spend time is: 500
[2019-06-30 05:00:03] spend time is: 510
[2019-06-30 05:00:03] spend time is: 510
[2019-06-30 05:00:03] spend time is: 510
[2019-06-30 05:00:03] spend time is: 510
[2019-06-30 05:00:03] spend time is: 510
[2019-06-30 05:00:03] spend time is: 510
[2019-06-30 05:00:03] spend time is: 510
[2019-06-30 05:00:03] spend time is: 510
[2019-06-30 05:00:03] spend time is: 510
[2019-06-30 05:00:13] spend time is: 520
[2019-06-30 05:00:13] spend time is: 520
[2019-06-30 05:00:13] spend time is: 520
[2019-06-30 05:00:13] spend time is: 520
[2019-06-30 05:00:13] spend time is: 520
[2019-06-30 05:00:13] spend time is: 520
[2019-06-30 05:00:13] spend time is: 520
[2019-06-30 05:00:13] spend time is: 520
[2019-06-30 05:00:23] spend time is: 530
[2019-06-30 05:00:23] spend time is: 530
[2019-06-30 05:00:23] spend time is: 530
[2019-06-30 05:00:23] spend time is: 530
[2019-06-30 05:00:23] spend time is: 530
[2019-06-30 05:00:23] spend time is: 530
[2019-06-30 05:00:23] spend time is: 530
[2019-06-30 05:00:23] spend time is: 530
[2019-06-30 05:00:23] spend time is: 530
[2019-06-30 05:00:33] spend time is: 540
[2019-06-30 05:00:33] spend time is: 540
[2019-06-30 05:00:33] spend time is: 540
[2019-06-30 05:00:33] spend time is: 540
[2019-06-30 05:00:33] spend time is: 540
[2019-06-30 05:00:33] spend time is: 540
[2019-06-30 05:00:33] spend time is: 540
[2019-06-30 05:00:33] spend time is: 540
[2019-06-30 05:00:43] spend time is: 550
[2019-06-30 05:00:43] spend time is: 550
[2019-06-30 05:00:43] spend time is: 550
[2019-06-30 05:00:43] spend time is: 550
[2019-06-30 05:00:43] spend time is: 550
[2019-06-30 05:00:43] spend time is: 550
[2019-06-30 05:00:43] spend time is: 550
[2019-06-30 05:00:43] spend time is: 550
[2019-06-30 05:00:44] spend time is: 550
[2019-06-30 05:00:53] spend time is: 560
[2019-06-30 05:00:53] spend time is: 560
[2019-06-30 05:00:53] spend time is: 560
[2019-06-30 05:00:53] spend time is: 560
[2019-06-30 05:00:53] spend time is: 560
[2019-06-30 05:00:53] spend time is: 560
[2019-06-30 05:00:53] spend time is: 560
[2019-06-30 05:00:53] spend time is: 560
[2019-06-30 05:00:53] spend time is: 560
[2019-06-30 05:01:03] spend time is: 570
[2019-06-30 05:01:03] spend time is: 570
[2019-06-30 05:01:03] spend time is: 570
[2019-06-30 05:01:03] spend time is: 570
[2019-06-30 05:01:03] spend time is: 570
[2019-06-30 05:01:03] spend time is: 570
[2019-06-30 05:01:03] spend time is: 570
[2019-06-30 05:01:03] spend time is: 570
[2019-06-30 05:01:13] spend time is: 580
[2019-06-30 05:01:13] spend time is: 580
[2019-06-30 05:01:13] spend time is: 580
[2019-06-30 05:01:13] spend time is: 580
[2019-06-30 05:01:13] spend time is: 580
[2019-06-30 05:01:13] spend time is: 580
[2019-06-30 05:01:13] spend time is: 580
[2019-06-30 05:01:13] spend time is: 580
[2019-06-30 05:01:23] spend time is: 590
[2019-06-30 05:01:23] spend time is: 590
[2019-06-30 05:01:23] spend time is: 590
[2019-06-30 05:01:23] spend time is: 590
[2019-06-30 05:01:23] spend time is: 590
[2019-06-30 05:01:23] spend time is: 590
[2019-06-30 05:01:23] spend time is: 590
[2019-06-30 05:01:23] spend time is: 590
[2019-06-30 05:01:24] spend time is: 590
[2019-06-30 05:01:33] spend time is: 600
Already up to date.
