Fetching origin
Warning: Permanently added the RSA host key for IP address '192.30.253.112' to the list of known hosts.
From github.com:babyshen/helm-charts-mirror
 * [new branch]      gh-pages   -> origin/gh-pages
 * [new branch]      master     -> origin/master
Previous HEAD position was 6f4bc38 restore bug
Switched to a new branch 'gh-pages'
Branch 'gh-pages' set up to track remote branch 'gh-pages' from 'origin'.
Already up to date.
Branch 'gh-pages' set up to track remote branch 'gh-pages' from 'origin'.
  % Total    % Received % Xferd  Average Speed   Time    Time     Time  Current
                                 Dload  Upload   Total   Spent    Left  Speed
  0     0    0     0    0     0      0      0 --:--:-- --:--:-- --:--:--     0100 7234k  100 7234k    0     0  99.4M      0 --:--:-- --:--:-- --:--:-- 99.5M
[2019-12-27 06:20:46] aerospike-0.3.2.tgz update done.
[2019-12-27 06:20:49] spend time is: 50
[2019-12-27 06:20:49] spend time is: 50
[2019-12-27 06:20:49] spend time is: 50
[2019-12-27 06:20:49] spend time is: 50
[2019-12-27 06:20:49] spend time is: 50
[2019-12-27 06:20:49] spend time is: 50
[2019-12-27 06:20:49] spend time is: 50
[2019-12-27 06:20:49] spend time is: 50
[2019-12-27 06:20:49] spend time is: 50
[2019-12-27 06:20:49] spend time is: 50
[2019-12-27 06:20:49] spend time is: 50
[2019-12-27 06:20:55] ambassador-5.3.0.tgz update done.
[2019-12-27 06:20:55] ambassador-5.2.2.tgz update done.
[2019-12-27 06:20:59] spend time is: 60
[2019-12-27 06:20:59] spend time is: 60
[2019-12-27 06:20:59] spend time is: 60
[2019-12-27 06:20:59] spend time is: 60
[2019-12-27 06:20:59] [2019-12-27 06:20:59] spend time is: 60
spend time is: 60
[2019-12-27 06:20:59] spend time is: 60
[2019-12-27 06:20:59] spend time is: 60
[2019-12-27 06:21:02] anchore-engine-1.4.0.tgz update done.
[2019-12-27 06:21:09] spend time is: 70
[2019-12-27 06:21:09] spend time is: 70
[2019-12-27 06:21:09] spend time is: 70
[2019-12-27 06:21:09] spend time is: 70
[2019-12-27 06:21:09] spend time is: 70
[2019-12-27 06:21:09] spend time is: 70
[2019-12-27 06:21:09] spend time is: 70
[2019-12-27 06:21:09] spend time is: 70
[2019-12-27 06:21:09] spend time is: 70
[2019-12-27 06:21:09] spend time is: 70
[2019-12-27 06:21:19] spend time is: 80
[2019-12-27 06:21:19] bookstack-1.2.0.tgz update done.
[2019-12-27 06:21:19] spend time is: 80
[2019-12-27 06:21:19] spend time is: 80
[2019-12-27 06:21:19] spend time is: 80
[2019-12-27 06:21:19] spend time is: 80
[2019-12-27 06:21:19] spend time is: 80
[2019-12-27 06:21:19] spend time is: 80
[2019-12-27 06:21:19] spend time is: 80
[2019-12-27 06:21:19] spend time is: 80
[2019-12-27 06:21:19] spend time is: 80
[2019-12-27 06:21:19] spend time is: 80
[2019-12-27 06:21:29] spend time is: 90
[2019-12-27 06:21:29] spend time is: 90
[2019-12-27 06:21:29] chartmuseum-2.6.1.tgz update done.
[2019-12-27 06:21:29] spend time is: 90
[2019-12-27 06:21:29] chartmuseum-2.6.0.tgz update done.
[2019-12-27 06:21:29] spend time is: 90
[2019-12-27 06:21:29] spend time is: 90
[2019-12-27 06:21:29] spend time is: 90
[2019-12-27 06:21:29] spend time is: 90
[2019-12-27 06:21:29] spend time is: 90
[2019-12-27 06:21:29] spend time is: 90
[2019-12-27 06:21:29] spend time is: 90
[2019-12-27 06:21:39] spend time is: 100
[2019-12-27 06:21:39] spend time is: 100
[2019-12-27 06:21:39] spend time is: 100
[2019-12-27 06:21:39] spend time is: 100
[2019-12-27 06:21:39] spend time is: 100
[2019-12-27 06:21:39] spend time is: 100
[2019-12-27 06:21:39] spend time is: 100
[2019-12-27 06:21:39] spend time is: 100
[2019-12-27 06:21:39] spend time is: 100
[2019-12-27 06:21:39] spend time is: 100
[2019-12-27 06:21:49] spend time is: 110
[2019-12-27 06:21:49] spend time is: 110
[2019-12-27 06:21:49] spend time is: 110
[2019-12-27 06:21:49] spend time is: 110
[2019-12-27 06:21:49] spend time is: 110
[2019-12-27 06:21:49] spend time is: 110
[2019-12-27 06:21:49] spend time is: 110
[2019-12-27 06:21:49] spend time is: 110
[2019-12-27 06:21:49] spend time is: 110
[2019-12-27 06:21:49] spend time is: 110
[2019-12-27 06:21:50] spend time is: 110
[2019-12-27 06:21:59] spend time is: 120
[2019-12-27 06:21:59] spend time is: 120
[2019-12-27 06:21:59] spend time is: 120
[2019-12-27 06:21:59] spend time is: 120
[2019-12-27 06:21:59] spend time is: 120
[2019-12-27 06:21:59] spend time is: 120
[2019-12-27 06:21:59] spend time is: 120
[2019-12-27 06:21:59] consul-3.9.4.tgz update done.
[2019-12-27 06:21:59] spend time is: 120
[2019-12-27 06:21:59] spend time is: 120
[2019-12-27 06:21:59] spend time is: 120
[2019-12-27 06:21:59] spend time is: 120
[2019-12-27 06:21:59] spend time is: 120
[2019-12-27 06:22:04] coredns-1.8.0.tgz update done.
[2019-12-27 06:22:09] spend time is: 130
[2019-12-27 06:22:09] spend time is: 130
[2019-12-27 06:22:09] spend time is: 130
[2019-12-27 06:22:09] spend time is: 130
[2019-12-27 06:22:09] spend time is: 130
[2019-12-27 06:22:09] spend time is: 130
[2019-12-27 06:22:09] spend time is: 130
[2019-12-27 06:22:09] spend time is: 130
[2019-12-27 06:22:09] dask-3.1.1.tgz update done.
[2019-12-27 06:22:09] spend time is: 130
[2019-12-27 06:22:09] spend time is: 130
[2019-12-27 06:22:09] spend time is: 130
[2019-12-27 06:22:11] datadog-1.39.0.tgz update done.
[2019-12-27 06:22:11] datadog-1.38.17.tgz update done.
[2019-12-27 06:22:11] datadog-1.38.15.tgz update done.
[2019-12-27 06:22:11] datadog-1.38.16.tgz update done.
[2019-12-27 06:22:12] datadog-1.38.13.tgz update done.
[2019-12-27 06:22:12] datadog-1.38.14.tgz update done.
[2019-12-27 06:22:12] datadog-1.38.11.tgz update done.
[2019-12-27 06:22:12] datadog-1.38.10.tgz update done.
[2019-12-27 06:22:12] datadog-1.38.12.tgz update done.
[2019-12-27 06:22:12] datadog-1.38.9.tgz update done.
[2019-12-27 06:22:19] spend time is: 140
[2019-12-27 06:22:19] spend time is: 140
[2019-12-27 06:22:19] spend time is: 140
[2019-12-27 06:22:19] spend time is: 140
[2019-12-27 06:22:19] spend time is: 140
[2019-12-27 06:22:19] spend time is: 140
[2019-12-27 06:22:19] spend time is: 140
[2019-12-27 06:22:19] spend time is: 140
[2019-12-27 06:22:19] spend time is: 140
[2019-12-27 06:22:20] spend time is: 140
[2019-12-27 06:22:25] dex-2.6.0.tgz update done.
[2019-12-27 06:22:29] spend time is: 150
[2019-12-27 06:22:29] spend time is: 150
[2019-12-27 06:22:29] spend time is: 150
[2019-12-27 06:22:29] spend time is: 150
[2019-12-27 06:22:29] spend time is: 150
[2019-12-27 06:22:29] spend time is: 150
[2019-12-27 06:22:29] docker-registry-1.9.0.tgz update done.
[2019-12-27 06:22:29] spend time is: 150
[2019-12-27 06:22:29] spend time is: 150
[2019-12-27 06:22:29] spend time is: 150
[2019-12-27 06:22:29] spend time is: 150
[2019-12-27 06:22:29] spend time is: 150
[2019-12-27 06:22:38] drone-2.4.0.tgz update done.
[2019-12-27 06:22:39] spend time is: 160
[2019-12-27 06:22:39] spend time is: 160
[2019-12-27 06:22:39] spend time is: 160
[2019-12-27 06:22:39] spend time is: 160
[2019-12-27 06:22:39] spend time is: 160
[2019-12-27 06:22:39] spend time is: 160
[2019-12-27 06:22:39] spend time is: 160
[2019-12-27 06:22:39] spend time is: 160
[2019-12-27 06:22:39] spend time is: 160
[2019-12-27 06:22:39] spend time is: 160
[2019-12-27 06:22:39] spend time is: 160
[2019-12-27 06:22:39] spend time is: 160
[2019-12-27 06:22:42] drupal-6.2.1.tgz update done.
[2019-12-27 06:22:49] spend time is: 170
[2019-12-27 06:22:49] spend time is: 170
[2019-12-27 06:22:49] spend time is: 170
[2019-12-27 06:22:49] spend time is: 170
[2019-12-27 06:22:49] spend time is: 170
[2019-12-27 06:22:49] spend time is: 170
[2019-12-27 06:22:49] spend time is: 170
[2019-12-27 06:22:49] spend time is: 170
[2019-12-27 06:22:49] spend time is: 170
[2019-12-27 06:22:49] spend time is: 170
[2019-12-27 06:22:49] spend time is: 170
[2019-12-27 06:22:59] elastic-stack-1.8.0.tgz update done.
[2019-12-27 06:22:59] spend time is: 180
[2019-12-27 06:22:59] spend time is: 180
[2019-12-27 06:22:59] spend time is: 180
[2019-12-27 06:22:59] spend time is: 180
[2019-12-27 06:22:59] spend time is: 180
[2019-12-27 06:22:59] spend time is: 180
[2019-12-27 06:22:59] spend time is: 180
[2019-12-27 06:22:59] spend time is: 180
[2019-12-27 06:22:59] spend time is: 180
[2019-12-27 06:23:09] spend time is: 190
[2019-12-27 06:23:09] spend time is: 190
[2019-12-27 06:23:09] spend time is: 190
[2019-12-27 06:23:09] spend time is: 190
[2019-12-27 06:23:09] spend time is: 190
[2019-12-27 06:23:09] spend time is: 190
[2019-12-27 06:23:09] spend time is: 190
[2019-12-27 06:23:09] spend time is: 190
[2019-12-27 06:23:09] spend time is: 190
[2019-12-27 06:23:09] spend time is: 190
[2019-12-27 06:23:09] spend time is: 190
[2019-12-27 06:23:15] external-dns-2.13.1.tgz update done.
[2019-12-27 06:23:19] spend time is: 200
[2019-12-27 06:23:19] spend time is: 200
[2019-12-27 06:23:19] spend time is: 200
[2019-12-27 06:23:19] spend time is: 200
[2019-12-27 06:23:19] spend time is: 200
[2019-12-27 06:23:19] spend time is: 200
[2019-12-27 06:23:19] spend time is: 200
[2019-12-27 06:23:19] spend time is: 200
[2019-12-27 06:23:19] spend time is: 200
[2019-12-27 06:23:19] spend time is: 200
[2019-12-27 06:23:19] spend time is: 200
[2019-12-27 06:23:19] spend time is: 200
[2019-12-27 06:23:29] spend time is: 210
[2019-12-27 06:23:29] spend time is: 210
[2019-12-27 06:23:29] spend time is: 210
[2019-12-27 06:23:29] spend time is: 210
[2019-12-27 06:23:29] spend time is: 210
[2019-12-27 06:23:29] spend time is: 210
[2019-12-27 06:23:29] spend time is: 210
[2019-12-27 06:23:29] spend time is: 210
[2019-12-27 06:23:29] spend time is: 210
[2019-12-27 06:23:29] spend time is: 210
[2019-12-27 06:23:34] fluent-bit-2.8.5.tgz update done.
[2019-12-27 06:23:34] fluent-bit-2.8.4.tgz update done.
[2019-12-27 06:23:34] fluent-bit-2.8.3.tgz update done.
[2019-12-27 06:23:39] spend time is: 220
[2019-12-27 06:23:39] spend time is: 220
[2019-12-27 06:23:39] spend time is: 220
[2019-12-27 06:23:39] spend time is: 220
[2019-12-27 06:23:39] spend time is: 220
[2019-12-27 06:23:39] spend time is: 220
[2019-12-27 06:23:39] spend time is: 220
[2019-12-27 06:23:39] spend time is: 220
[2019-12-27 06:23:39] spend time is: 220
[2019-12-27 06:23:39] spend time is: 220
[2019-12-27 06:23:49] spend time is: 230
[2019-12-27 06:23:49] spend time is: 230
[2019-12-27 06:23:49] spend time is: 230
[2019-12-27 06:23:49] spend time is: 230
[2019-12-27 06:23:49] spend time is: 230
[2019-12-27 06:23:49] spend time is: 230
[2019-12-27 06:23:49] spend time is: 230
[2019-12-27 06:23:49] spend time is: 230
[2019-12-27 06:23:49] spend time is: 230
[2019-12-27 06:23:49] spend time is: 230
[2019-12-27 06:23:49] spend time is: 230
[2019-12-27 06:23:50] ghost-9.0.4.tgz update done.
[2019-12-27 06:23:59] spend time is: 240
[2019-12-27 06:23:59] spend time is: 240
[2019-12-27 06:23:59] spend time is: 240
[2019-12-27 06:23:59] spend time is: 240
[2019-12-27 06:23:59] spend time is: 240
[2019-12-27 06:23:59] spend time is: 240
[2019-12-27 06:23:59] spend time is: 240
[2019-12-27 06:23:59] spend time is: 240
[2019-12-27 06:23:59] spend time is: 240
[2019-12-27 06:23:59] spend time is: 240
[2019-12-27 06:23:59] spend time is: 240
[2019-12-27 06:24:09] spend time is: 250
[2019-12-27 06:24:09] spend time is: 250
[2019-12-27 06:24:09] spend time is: 250
[2019-12-27 06:24:09] spend time is: 250
[2019-12-27 06:24:09] spend time is: 250
[2019-12-27 06:24:09] spend time is: 250
[2019-12-27 06:24:09] spend time is: 250
[2019-12-27 06:24:09] spend time is: 250
[2019-12-27 06:24:09] spend time is: 250
[2019-12-27 06:24:09] spend time is: 250
[2019-12-27 06:24:12] gocd-1.21.0.tgz update done.
[2019-12-27 06:24:12] gocd-1.20.1.tgz update done.
[2019-12-27 06:24:12] gocd-1.20.0.tgz update done.
[2019-12-27 06:24:19] spend time is: 260
[2019-12-27 06:24:19] spend time is: 260
[2019-12-27 06:24:19] spend time is: 260
[2019-12-27 06:24:19] spend time is: 260
[2019-12-27 06:24:19] spend time is: 260
[2019-12-27 06:24:19] spend time is: 260
[2019-12-27 06:24:19] spend time is: 260
[2019-12-27 06:24:19] spend time is: 260
[2019-12-27 06:24:19] spend time is: 260
[2019-12-27 06:24:19] spend time is: 260
[2019-12-27 06:24:20] grafana-4.2.2.tgz update done.
[2019-12-27 06:24:20] grafana-4.2.0.tgz update done.
[2019-12-27 06:24:20] grafana-4.2.1.tgz update done.
[2019-12-27 06:24:20] grafana-4.1.3.tgz update done.
[2019-12-27 06:24:21] grafana-4.1.2.tgz update done.
[2019-12-27 06:24:21] grafana-4.1.1.tgz update done.
[2019-12-27 06:24:29] spend time is: 270
[2019-12-27 06:24:29] spend time is: 270
[2019-12-27 06:24:29] spend time is: 270
[2019-12-27 06:24:29] spend time is: 270
[2019-12-27 06:24:29] spend time is: 270
[2019-12-27 06:24:29] spend time is: 270
[2019-12-27 06:24:29] spend time is: 270
[2019-12-27 06:24:29] spend time is: 270
[2019-12-27 06:24:29] spend time is: 270
[2019-12-27 06:24:29] spend time is: 270
[2019-12-27 06:24:29] spend time is: 270
[2019-12-27 06:24:39] spend time is: 280
[2019-12-27 06:24:39] spend time is: 280
[2019-12-27 06:24:39] spend time is: 280
[2019-12-27 06:24:39] spend time is: 280
[2019-12-27 06:24:39] spend time is: 280
[2019-12-27 06:24:39] spend time is: 280
[2019-12-27 06:24:39] spend time is: 280
[2019-12-27 06:24:39] spend time is: 280
[2019-12-27 06:24:39] spend time is: 280
[2019-12-27 06:24:39] spend time is: 280
[2019-12-27 06:24:40] graylog-1.4.1.tgz update done.
[2019-12-27 06:24:40] graylog-1.5.0.tgz update done.
[2019-12-27 06:24:40] graylog-1.4.0.tgz update done.
[2019-12-27 06:24:40] graylog-1.3.10.tgz update done.
[2019-12-27 06:24:40] graylog-1.3.9.tgz update done.
[2019-12-27 06:24:42] hackmd-1.2.3.tgz update done.
[2019-12-27 06:24:42] hackmd-1.2.2.tgz update done.
[2019-12-27 06:24:44] hazelcast-2.9.2.tgz update done.
[2019-12-27 06:24:44] hazelcast-2.9.0.tgz update done.
[2019-12-27 06:24:44] hazelcast-2.9.1.tgz update done.
[2019-12-27 06:24:49] spend time is: 290
[2019-12-27 06:24:49] spend time is: 290
[2019-12-27 06:24:49] spend time is: 290
[2019-12-27 06:24:49] spend time is: 290
[2019-12-27 06:24:49] spend time is: 290
[2019-12-27 06:24:49] spend time is: 290
[2019-12-27 06:24:49] spend time is: 290
[2019-12-27 06:24:49] spend time is: 290
[2019-12-27 06:24:49] spend time is: 290
[2019-12-27 06:24:50] spend time is: 290
[2019-12-27 06:24:50] spend time is: 290
[2019-12-27 06:24:54] home-assistant-0.10.0.tgz update done.
[2019-12-27 06:24:55] home-assistant-0.9.11.tgz update done.
[2019-12-27 06:24:59] spend time is: 300
[2019-12-27 06:24:59] spend time is: 300
[2019-12-27 06:24:59] spend time is: 300
[2019-12-27 06:24:59] influxdb-3.0.2.tgz update done.
[2019-12-27 06:24:59] spend time is: 300
Warning: Permanently added the RSA host key for IP address '192.30.253.113' to the list of known hosts.
Already up to date.
Already up to date.
fatal: Unable to create '/home/travis/build/babyshen/helm-charts-mirror/.git/index.lock': File exists.

Another git process seems to be running in this repository, e.g.
an editor opened by 'git commit'. Please make sure all processes
are terminated then try again. If it still fails, a git process
may have crashed in this repository earlier:
remove the file manually to continue.
Already up to date.
fatal: Unable to create '/home/travis/build/babyshen/helm-charts-mirror/.git/index.lock': File exists.

Another git process seems to be running in this repository, e.g.
an editor opened by 'git commit'. Please make sure all processes
are terminated then try again. If it still fails, a git process
may have crashed in this repository earlier:
remove the file manually to continue.
Already up to date.
fatal: Unable to create '/home/travis/build/babyshen/helm-charts-mirror/.git/index.lock': File exists.

Another git process seems to be running in this repository, e.g.
an editor opened by 'git commit'. Please make sure all processes
are terminated then try again. If it still fails, a git process
may have crashed in this repository earlier:
remove the file manually to continue.
[gh-pages 6a74077] Synchronizing completion at 2019-12-27
 56 files changed, 5135 insertions(+), 838 deletions(-)
 create mode 100644 aerospike-0.3.2.tgz
 create mode 100644 ambassador-5.2.2.tgz
 create mode 100644 ambassador-5.3.0.tgz
 create mode 100644 anchore-engine-1.4.0.tgz
 create mode 100644 bookstack-1.2.0.tgz
 create mode 100644 chartmuseum-2.6.0.tgz
 create mode 100644 chartmuseum-2.6.1.tgz
 create mode 100644 consul-3.9.4.tgz
 create mode 100644 coredns-1.8.0.tgz
 create mode 100644 dask-3.1.1.tgz
 create mode 100644 datadog-1.38.10.tgz
 create mode 100644 datadog-1.38.11.tgz
 create mode 100644 datadog-1.38.12.tgz
 create mode 100644 datadog-1.38.13.tgz
 create mode 100644 datadog-1.38.14.tgz
 create mode 100644 datadog-1.38.15.tgz
 create mode 100644 datadog-1.38.16.tgz
 create mode 100644 datadog-1.38.17.tgz
 create mode 100644 datadog-1.38.9.tgz
 create mode 100644 datadog-1.39.0.tgz
 create mode 100644 dex-2.6.0.tgz
 create mode 100644 docker-registry-1.9.0.tgz
 create mode 100644 drone-2.4.0.tgz
 create mode 100644 drupal-6.2.1.tgz
 rewrite elastic-stack-1.8.0.tgz (98%)
 create mode 100644 external-dns-2.13.1.tgz
 create mode 100644 fluent-bit-2.8.3.tgz
 create mode 100644 fluent-bit-2.8.4.tgz
 create mode 100644 fluent-bit-2.8.5.tgz
 create mode 100644 ghost-9.0.4.tgz
 create mode 100644 gocd-1.20.0.tgz
 create mode 100644 gocd-1.20.1.tgz
 create mode 100644 gocd-1.21.0.tgz
 create mode 100644 grafana-4.1.1.tgz
 create mode 100644 grafana-4.1.2.tgz
 create mode 100644 grafana-4.1.3.tgz
 create mode 100644 grafana-4.2.0.tgz
 create mode 100644 grafana-4.2.1.tgz
 create mode 100644 grafana-4.2.2.tgz
 create mode 100644 graylog-1.3.10.tgz
 rewrite graylog-1.3.9.tgz (99%)
 create mode 100644 graylog-1.4.0.tgz
 create mode 100644 graylog-1.4.1.tgz
 create mode 100644 graylog-1.5.0.tgz
 create mode 100644 hackmd-1.2.2.tgz
 create mode 100644 hackmd-1.2.3.tgz
 create mode 100644 hazelcast-2.9.0.tgz
 create mode 100644 hazelcast-2.9.1.tgz
 create mode 100644 hazelcast-2.9.2.tgz
 create mode 100644 home-assistant-0.10.0.tgz
 create mode 100644 home-assistant-0.9.11.tgz
 create mode 100644 influxdb-3.0.2.tgz
 create mode 100644 travis_wait_1996.log
To github.com:babyshen/helm-charts-mirror.git
   dc9ad3f..6a74077  gh-pages -> gh-pages
Branch 'gh-pages' set up to track remote branch 'gh-pages' from 'origin'.
[2019-12-27 06:25:09] spend time is: 310
[2019-12-27 06:25:09] spend time is: 310
[2019-12-27 06:25:09] spend time is: 310
[2019-12-27 06:25:09] spend time is: 310
[2019-12-27 06:25:09] spend time is: 310
[2019-12-27 06:25:09] spend time is: 310
[2019-12-27 06:25:09] spend time is: 310
[2019-12-27 06:25:09] spend time is: 310
[2019-12-27 06:25:14] instana-agent-1.0.20.tgz update done.
[2019-12-27 06:25:15] instana-agent-1.0.19.tgz update done.
[2019-12-27 06:25:17] ipfs-0.4.0.tgz update done.
[2019-12-27 06:25:18] jaeger-operator-2.12.2.tgz update done.
[2019-12-27 06:25:19] jaeger-operator-2.12.1.tgz update done.
[2019-12-27 06:25:19] spend time is: 320
[2019-12-27 06:25:19] jaeger-operator-2.12.0.tgz update done.
[2019-12-27 06:25:19] spend time is: 320
[2019-12-27 06:25:19] jaeger-operator-2.11.0.tgz update done.
[2019-12-27 06:25:19] spend time is: 320
[2019-12-27 06:25:19] spend time is: 320
[2019-12-27 06:25:22] janusgraph-0.2.1.tgz update done.
[2019-12-27 06:25:23] jasperreports-7.0.2.tgz update done.
[2019-12-27 06:25:23] jasperreports-7.0.1.tgz update done.
[2019-12-27 06:25:29] spend time is: 330
[2019-12-27 06:25:29] spend time is: 330
[2019-12-27 06:25:29] spend time is: 330
[2019-12-27 06:25:29] spend time is: 330
[2019-12-27 06:25:29] spend time is: 330
[2019-12-27 06:25:29] spend time is: 330
[2019-12-27 06:25:29] spend time is: 330
[2019-12-27 06:25:29] spend time is: 330
[2019-12-27 06:25:32] jenkins-1.9.11.tgz update done.
[2019-12-27 06:25:32] jenkins-1.9.10.tgz update done.
[2019-12-27 06:25:33] jenkins-1.9.9.tgz update done.
[2019-12-27 06:25:33] jenkins-1.9.8.tgz update done.
[2019-12-27 06:25:33] jenkins-1.9.7.tgz update done.
[2019-12-27 06:25:33] jenkins-1.9.6.tgz update done.
[2019-12-27 06:25:34] jenkins-1.9.5.tgz update done.
[2019-12-27 06:25:34] jenkins-1.9.4.tgz update done.
[2019-12-27 06:25:34] jenkins-1.9.3.tgz update done.
[2019-12-27 06:25:39] spend time is: 340
[2019-12-27 06:25:39] spend time is: 340
[2019-12-27 06:25:39] spend time is: 340
[2019-12-27 06:25:39] spend time is: 340
[2019-12-27 06:25:39] spend time is: 340
[2019-12-27 06:25:39] spend time is: 340
[2019-12-27 06:25:39] spend time is: 340
[2019-12-27 06:25:39] spend time is: 340
[2019-12-27 06:25:49] spend time is: 350
[2019-12-27 06:25:49] spend time is: 350
[2019-12-27 06:25:49] spend time is: 350
[2019-12-27 06:25:49] spend time is: 350
[2019-12-27 06:25:49] spend time is: 350
[2019-12-27 06:25:49] spend time is: 350
[2019-12-27 06:25:49] spend time is: 350
[2019-12-27 06:25:49] spend time is: 350
[2019-12-27 06:25:49] spend time is: 350
[2019-12-27 06:25:59] spend time is: 360
[2019-12-27 06:25:59] spend time is: 360
[2019-12-27 06:25:59] spend time is: 360
[2019-12-27 06:25:59] spend time is: 360
[2019-12-27 06:25:59] spend time is: 360
[2019-12-27 06:25:59] spend time is: 360
[2019-12-27 06:25:59] spend time is: 360
[2019-12-27 06:25:59] spend time is: 360
[2019-12-27 06:26:01] joomla-7.1.2.tgz update done.
[2019-12-27 06:26:01] joomla-7.1.1.tgz update done.
[2019-12-27 06:26:02] joomla-7.1.0.tgz update done.
[2019-12-27 06:26:02] joomla-7.0.1.tgz update done.
[2019-12-27 06:26:09] spend time is: 370
[2019-12-27 06:26:09] spend time is: 370
[2019-12-27 06:26:09] spend time is: 370
[2019-12-27 06:26:09] spend time is: 370
[2019-12-27 06:26:09] spend time is: 370
[2019-12-27 06:26:09] spend time is: 370
[2019-12-27 06:26:09] spend time is: 370
[2019-12-27 06:26:09] spend time is: 370
[2019-12-27 06:26:09] spend time is: 370
[2019-12-27 06:26:19] spend time is: 380
[2019-12-27 06:26:19] spend time is: 380
[2019-12-27 06:26:19] spend time is: 380
[2019-12-27 06:26:19] spend time is: 380
[2019-12-27 06:26:19] spend time is: 380
[2019-12-27 06:26:19] spend time is: 380
[2019-12-27 06:26:19] spend time is: 380
[2019-12-27 06:26:19] spend time is: 380
[2019-12-27 06:26:21] karma-1.4.0.tgz update done.
[2019-12-27 06:26:21] karma-1.3.0.tgz update done.
[2019-12-27 06:26:29] spend time is: 390
[2019-12-27 06:26:29] spend time is: 390
[2019-12-27 06:26:29] spend time is: 390
[2019-12-27 06:26:29] spend time is: 390
[2019-12-27 06:26:29] spend time is: 390
[2019-12-27 06:26:29] spend time is: 390
[2019-12-27 06:26:29] spend time is: 390
[2019-12-27 06:26:29] spend time is: 390
[2019-12-27 06:26:29] spend time is: 390
[2019-12-27 06:26:30] kiam-2.5.3.tgz update done.
[2019-12-27 06:26:34] kibana-3.2.5.tgz update done.
[2019-12-27 06:26:39] spend time is: 400
[2019-12-27 06:26:39] spend time is: 400
[2019-12-27 06:26:39] spend time is: 400
[2019-12-27 06:26:39] spend time is: 400
[2019-12-27 06:26:39] spend time is: 400
[2019-12-27 06:26:39] spend time is: 400
[2019-12-27 06:26:39] spend time is: 400
[2019-12-27 06:26:39] spend time is: 400
[2019-12-27 06:26:43] kong-0.31.0.tgz update done.
[2019-12-27 06:26:43] kong-0.30.1.tgz update done.
[2019-12-27 06:26:43] kong-0.30.0.tgz update done.
[2019-12-27 06:26:43] kong-0.29.0.tgz update done.
[2019-12-27 06:26:44] kong-0.28.0.tgz update done.
[2019-12-27 06:26:44] kong-0.27.2.tgz update done.
[2019-12-27 06:26:44] kong-0.27.1.tgz update done.
[2019-12-27 06:26:49] spend time is: 410
[2019-12-27 06:26:49] spend time is: 410
[2019-12-27 06:26:49] spend time is: 410
[2019-12-27 06:26:49] spend time is: 410
[2019-12-27 06:26:49] spend time is: 410
[2019-12-27 06:26:49] spend time is: 410
[2019-12-27 06:26:49] spend time is: 410
[2019-12-27 06:26:49] spend time is: 410
[2019-12-27 06:26:58] kube-ops-view-1.1.1.tgz update done.
[2019-12-27 06:26:59] spend time is: 420
[2019-12-27 06:26:59] spend time is: 420
[2019-12-27 06:26:59] spend time is: 420
[2019-12-27 06:26:59] spend time is: 420
[2019-12-27 06:26:59] spend time is: 420
[2019-12-27 06:26:59] spend time is: 420
[2019-12-27 06:26:59] spend time is: 420
[2019-12-27 06:26:59] spend time is: 420
[2019-12-27 06:27:01] kube-state-metrics-2.5.0.tgz update done.
[2019-12-27 06:27:08] kube2iam-2.1.0.tgz update done.
[2019-12-27 06:27:08] kube2iam-2.0.3.tgz update done.
[2019-12-27 06:27:09] spend time is: 430
[2019-12-27 06:27:09] spend time is: 430
[2019-12-27 06:27:09] spend time is: 430
[2019-12-27 06:27:09] spend time is: 430
[2019-12-27 06:27:09] spend time is: 430
[2019-12-27 06:27:09] spend time is: 430
[2019-12-27 06:27:09] spend time is: 430
[2019-12-27 06:27:09] spend time is: 430
[2019-12-27 06:27:09] spend time is: 430
[2019-12-27 06:27:19] spend time is: 440
[2019-12-27 06:27:19] spend time is: 440
[2019-12-27 06:27:19] spend time is: 440
[2019-12-27 06:27:19] spend time is: 440
[2019-12-27 06:27:19] spend time is: 440
[2019-12-27 06:27:19] spend time is: 440
[2019-12-27 06:27:19] spend time is: 440
[2019-12-27 06:27:19] spend time is: 440
[2019-12-27 06:27:19] spend time is: 440
[2019-12-27 06:27:23] kubewatch-1.0.1.tgz update done.
[2019-12-27 06:27:26] kured-1.4.2.tgz update done.
[2019-12-27 06:27:28] lamp-1.1.2.tgz update done.
[2019-12-27 06:27:29] spend time is: 450
[2019-12-27 06:27:29] spend time is: 450
[2019-12-27 06:27:29] spend time is: 450
[2019-12-27 06:27:29] spend time is: 450
[2019-12-27 06:27:29] spend time is: 450
[2019-12-27 06:27:29] spend time is: 450
[2019-12-27 06:27:29] spend time is: 450
[2019-12-27 06:27:29] spend time is: 450
[2019-12-27 06:27:30] locust-1.1.3.tgz update done.
[2019-12-27 06:27:33] logstash-2.4.0.tgz update done.
[2019-12-27 06:27:39] spend time is: 460
[2019-12-27 06:27:39] spend time is: 460
[2019-12-27 06:27:39] spend time is: 460
[2019-12-27 06:27:39] spend time is: 460
[2019-12-27 06:27:39] spend time is: 460
[2019-12-27 06:27:39] spend time is: 460
[2019-12-27 06:27:39] spend time is: 460
[2019-12-27 06:27:39] spend time is: 460
[2019-12-27 06:27:47] mariadb-7.3.1.tgz update done.
[2019-12-27 06:27:48] mariadb-7.3.0.tgz update done.
[2019-12-27 06:27:48] mariadb-7.2.1.tgz update done.
[2019-12-27 06:27:48] mariadb-7.2.0.tgz update done.
[2019-12-27 06:27:49] mariadb-7.1.0.tgz update done.
[2019-12-27 06:27:49] spend time is: 470
[2019-12-27 06:27:49] spend time is: 470
[2019-12-27 06:27:49] spend time is: 470
[2019-12-27 06:27:49] spend time is: 470
[2019-12-27 06:27:49] spend time is: 470
[2019-12-27 06:27:49] spend time is: 470
[2019-12-27 06:27:49] spend time is: 470
[2019-12-27 06:27:59] spend time is: 480
[2019-12-27 06:27:59] spend time is: 480
[2019-12-27 06:27:59] spend time is: 480
[2019-12-27 06:27:59] spend time is: 480
[2019-12-27 06:27:59] spend time is: 480
[2019-12-27 06:27:59] spend time is: 480
[2019-12-27 06:27:59] spend time is: 480
[2019-12-27 06:27:59] spend time is: 480
[2019-12-27 06:28:09] spend time is: 490
[2019-12-27 06:28:09] spend time is: 490
[2019-12-27 06:28:09] spend time is: 490
[2019-12-27 06:28:09] spend time is: 490
[2019-12-27 06:28:09] spend time is: 490
[2019-12-27 06:28:09] spend time is: 490
[2019-12-27 06:28:09] spend time is: 490
[2019-12-27 06:28:09] spend time is: 490
[2019-12-27 06:28:13] mediawiki-9.0.1.tgz update done.
[2019-12-27 06:28:19] spend time is: 500
[2019-12-27 06:28:19] spend time is: 500
[2019-12-27 06:28:19] spend time is: 500
[2019-12-27 06:28:19] spend time is: 500
[2019-12-27 06:28:19] spend time is: 500
[2019-12-27 06:28:19] spend time is: 500
[2019-12-27 06:28:19] spend time is: 500
[2019-12-27 06:28:19] spend time is: 500
[2019-12-27 06:28:19] spend time is: 500
[2019-12-27 06:28:24] memcached-3.2.2.tgz update done.
[2019-12-27 06:28:24] memcached-3.2.1.tgz update done.
[2019-12-27 06:28:29] spend time is: 510
[2019-12-27 06:28:29] spend time is: 510
[2019-12-27 06:28:29] mercure-2.0.0.tgz update done.
[2019-12-27 06:28:29] spend time is: 510
[2019-12-27 06:28:29] spend time is: 510
[2019-12-27 06:28:29] spend time is: 510
[2019-12-27 06:28:29] spend time is: 510
[2019-12-27 06:28:29] spend time is: 510
[2019-12-27 06:28:31] metabase-0.9.4.tgz update done.
[2019-12-27 06:28:31] metabase-0.9.3.tgz update done.
[2019-12-27 06:28:31] metabase-0.9.2.tgz update done.
[2019-12-27 06:28:32] metabase-0.9.1.tgz update done.
[2019-12-27 06:28:32] metabase-0.9.0.tgz update done.
[2019-12-27 06:28:39] spend time is: 520
[2019-12-27 06:28:39] spend time is: 520
[2019-12-27 06:28:39] spend time is: 520
[2019-12-27 06:28:39] spend time is: 520
[2019-12-27 06:28:39] spend time is: 520
[2019-12-27 06:28:39] spend time is: 520
[2019-12-27 06:28:39] spend time is: 520
[2019-12-27 06:28:39] spend time is: 520
[2019-12-27 06:28:46] minio-4.0.3.tgz update done.
[2019-12-27 06:28:46] minio-4.0.2.tgz update done.
[2019-12-27 06:28:46] minio-4.0.1.tgz update done.
[2019-12-27 06:28:47] minio-4.0.0.tgz update done.
[2019-12-27 06:28:47] minio-3.0.7.tgz update done.
[2019-12-27 06:28:47] minio-3.0.6.tgz update done.
[2019-12-27 06:28:47] minio-3.0.5.tgz update done.
[2019-12-27 06:28:48] minio-3.0.4.tgz update done.
[2019-12-27 06:28:48] minio-3.0.3.tgz update done.
[2019-12-27 06:28:48] minio-3.0.2.tgz update done.
[2019-12-27 06:28:48] minio-3.0.1.tgz update done.
[2019-12-27 06:28:49] minio-3.0.0.tgz update done.
[2019-12-27 06:28:49] spend time is: 530
[2019-12-27 06:28:49] spend time is: 530
[2019-12-27 06:28:49] spend time is: 530
[2019-12-27 06:28:49] spend time is: 530
[2019-12-27 06:28:49] spend time is: 530
[2019-12-27 06:28:49] spend time is: 530
[2019-12-27 06:28:49] spend time is: 530
[2019-12-27 06:28:50] spend time is: 530
[2019-12-27 06:28:59] spend time is: 540
[2019-12-27 06:28:59] spend time is: 540
[2019-12-27 06:28:59] spend time is: 540
[2019-12-27 06:28:59] spend time is: 540
[2019-12-27 06:28:59] spend time is: 540
[2019-12-27 06:28:59] spend time is: 540
[2019-12-27 06:28:59] spend time is: 540
[2019-12-27 06:28:59] spend time is: 540
[2019-12-27 06:29:02] mongodb-7.6.2.tgz update done.
[2019-12-27 06:29:02] mongodb-7.6.1.tgz update done.
[2019-12-27 06:29:02] mongodb-7.6.0.tgz update done.
[2019-12-27 06:29:03] mongodb-7.5.0.tgz update done.
[2019-12-27 06:29:03] mongodb-7.4.6.tgz update done.
[2019-12-27 06:29:03] mongodb-7.4.5.tgz update done.
[2019-12-27 06:29:09] spend time is: 550
[2019-12-27 06:29:09] spend time is: 550
[2019-12-27 06:29:09] spend time is: 550
[2019-12-27 06:29:09] spend time is: 550
[2019-12-27 06:29:09] spend time is: 550
[2019-12-27 06:29:09] spend time is: 550
[2019-12-27 06:29:09] spend time is: 550
[2019-12-27 06:29:09] spend time is: 550
[2019-12-27 06:29:19] spend time is: 560
[2019-12-27 06:29:19] spend time is: 560
[2019-12-27 06:29:19] spend time is: 560
[2019-12-27 06:29:19] spend time is: 560
[2019-12-27 06:29:19] spend time is: 560
[2019-12-27 06:29:19] spend time is: 560
[2019-12-27 06:29:19] spend time is: 560
[2019-12-27 06:29:19] spend time is: 560
[2019-12-27 06:29:25] mongodb-replicaset-3.11.1.tgz update done.
[2019-12-27 06:29:25] mongodb-replicaset-3.11.0.tgz update done.
[2019-12-27 06:29:25] mongodb-replicaset-3.10.4.tgz update done.
[2019-12-27 06:29:26] mongodb-replicaset-3.10.3.tgz update done.
[2019-12-27 06:29:29] spend time is: 570
[2019-12-27 06:29:29] spend time is: 570
[2019-12-27 06:29:29] spend time is: 570
[2019-12-27 06:29:29] spend time is: 570
[2019-12-27 06:29:29] spend time is: 570
[2019-12-27 06:29:29] spend time is: 570
[2019-12-27 06:29:29] spend time is: 570
[2019-12-27 06:29:29] spend time is: 570
[2019-12-27 06:29:33] moodle-7.0.4.tgz update done.
[2019-12-27 06:29:33] moodle-7.0.3.tgz update done.
[2019-12-27 06:29:33] moodle-7.0.2.tgz update done.
[2019-12-27 06:29:34] moodle-7.0.1.tgz update done.
[2019-12-27 06:29:39] spend time is: 580
[2019-12-27 06:29:39] spend time is: 580
[2019-12-27 06:29:39] spend time is: 580
[2019-12-27 06:29:39] spend time is: 580
[2019-12-27 06:29:39] spend time is: 580
[2019-12-27 06:29:39] spend time is: 580
[2019-12-27 06:29:39] spend time is: 580
[2019-12-27 06:29:39] spend time is: 580
[2019-12-27 06:29:45] mssql-linux-0.10.2.tgz update done.
[2019-12-27 06:29:48] mysql-1.6.2.tgz update done.
[2019-12-27 06:29:49] mysql-1.6.1.tgz update done.
[2019-12-27 06:29:49] mysql-1.6.0.tgz update done.
[2019-12-27 06:29:49] spend time is: 590
[2019-12-27 06:29:49] mysql-1.5.0.tgz update done.
[2019-12-27 06:29:49] spend time is: 590
[2019-12-27 06:29:49] spend time is: 590
[2019-12-27 06:29:49] spend time is: 590
[2019-12-27 06:29:49] spend time is: 590
[2019-12-27 06:29:59] spend time is: 600
Warning: Permanently added the RSA host key for IP address '140.82.114.4' to the list of known hosts.
Already up to date.
[gh-pages 9dcd857] Synchronizing completion at 2019-12-27
 90 files changed, 379 insertions(+), 1 deletion(-)
 create mode 100644 instana-agent-1.0.19.tgz
 create mode 100644 instana-agent-1.0.20.tgz
 create mode 100644 ipfs-0.4.0.tgz
 create mode 100644 jaeger-operator-2.11.0.tgz
 create mode 100644 jaeger-operator-2.12.0.tgz
 create mode 100644 jaeger-operator-2.12.1.tgz
 create mode 100644 jaeger-operator-2.12.2.tgz
 create mode 100644 jasperreports-7.0.1.tgz
 create mode 100644 jasperreports-7.0.2.tgz
 create mode 100644 jenkins-1.9.10.tgz
 create mode 100644 jenkins-1.9.11.tgz
 create mode 100644 jenkins-1.9.3.tgz
 create mode 100644 jenkins-1.9.4.tgz
 create mode 100644 jenkins-1.9.5.tgz
 create mode 100644 jenkins-1.9.6.tgz
 create mode 100644 jenkins-1.9.7.tgz
 create mode 100644 jenkins-1.9.8.tgz
 create mode 100644 jenkins-1.9.9.tgz
 create mode 100644 joomla-7.0.1.tgz
 create mode 100644 joomla-7.1.0.tgz
 create mode 100644 joomla-7.1.1.tgz
 create mode 100644 joomla-7.1.2.tgz
 create mode 100644 karma-1.3.0.tgz
 create mode 100644 karma-1.4.0.tgz
 create mode 100644 kiam-2.5.3.tgz
 create mode 100644 kibana-3.2.5.tgz
 create mode 100644 kong-0.27.1.tgz
 create mode 100644 kong-0.27.2.tgz
 create mode 100644 kong-0.28.0.tgz
 create mode 100644 kong-0.29.0.tgz
 create mode 100644 kong-0.30.0.tgz
 create mode 100644 kong-0.30.1.tgz
 create mode 100644 kong-0.31.0.tgz
 rewrite kube-ops-view-1.1.1.tgz (84%)
 create mode 100644 kube-state-metrics-2.5.0.tgz
 create mode 100644 kube2iam-2.0.3.tgz
 create mode 100644 kube2iam-2.1.0.tgz
 create mode 100644 kubewatch-1.0.1.tgz
 create mode 100644 kured-1.4.2.tgz
 create mode 100644 lamp-1.1.2.tgz
 create mode 100644 locust-1.1.3.tgz
 create mode 100644 logstash-2.4.0.tgz
 create mode 100644 mariadb-7.1.0.tgz
 create mode 100644 mariadb-7.2.0.tgz
 create mode 100644 mariadb-7.2.1.tgz
 create mode 100644 mariadb-7.3.0.tgz
 create mode 100644 mariadb-7.3.1.tgz
 create mode 100644 mediawiki-9.0.1.tgz
 create mode 100644 memcached-3.2.1.tgz
 create mode 100644 memcached-3.2.2.tgz
 create mode 100644 mercure-2.0.0.tgz
 create mode 100644 metabase-0.9.0.tgz
 create mode 100644 metabase-0.9.1.tgz
 create mode 100644 metabase-0.9.2.tgz
 create mode 100644 metabase-0.9.3.tgz
 create mode 100644 metabase-0.9.4.tgz
 create mode 100644 minio-3.0.0.tgz
 create mode 100644 minio-3.0.1.tgz
 create mode 100644 minio-3.0.2.tgz
 create mode 100644 minio-3.0.3.tgz
 create mode 100644 minio-3.0.4.tgz
 create mode 100644 minio-3.0.5.tgz
 create mode 100644 minio-3.0.6.tgz
 create mode 100644 minio-3.0.7.tgz
 create mode 100644 minio-4.0.0.tgz
 create mode 100644 minio-4.0.1.tgz
 create mode 100644 minio-4.0.2.tgz
 create mode 100644 minio-4.0.3.tgz
 create mode 100644 mongodb-7.4.5.tgz
 create mode 100644 mongodb-7.4.6.tgz
 create mode 100644 mongodb-7.5.0.tgz
 create mode 100644 mongodb-7.6.0.tgz
 create mode 100644 mongodb-7.6.1.tgz
 create mode 100644 mongodb-7.6.2.tgz
 create mode 100644 mongodb-replicaset-3.10.3.tgz
 create mode 100644 mongodb-replicaset-3.10.4.tgz
 create mode 100644 mongodb-replicaset-3.11.0.tgz
 create mode 100644 mongodb-replicaset-3.11.1.tgz
 create mode 100644 moodle-7.0.1.tgz
 create mode 100644 moodle-7.0.2.tgz
 create mode 100644 moodle-7.0.3.tgz
 create mode 100644 moodle-7.0.4.tgz
 create mode 100644 mssql-linux-0.10.2.tgz
 create mode 100644 mysql-1.5.0.tgz
 create mode 100644 mysql-1.6.0.tgz
 create mode 100644 mysql-1.6.1.tgz
 create mode 100644 mysql-1.6.2.tgz
To github.com:babyshen/helm-charts-mirror.git
   6a74077..9dcd857  gh-pages -> gh-pages
Branch 'gh-pages' set up to track remote branch 'gh-pages' from 'origin'.
[2019-12-27 06:30:04] nats-4.2.7.tgz update done.
[2019-12-27 06:30:09] spend time is: 610
[2019-12-27 06:30:09] spend time is: 610
[2019-12-27 06:30:09] spend time is: 610
[2019-12-27 06:30:09] spend time is: 610
[2019-12-27 06:30:09] spend time is: 610
[2019-12-27 06:30:09] spend time is: 610
[2019-12-27 06:30:09] spend time is: 610
[2019-12-27 06:30:09] spend time is: 610
[2019-12-27 06:30:12] neo4j-1.2.2.tgz update done.
[2019-12-27 06:30:15] newrelic-infrastructure-0.13.16.tgz update done.
[2019-12-27 06:30:15] newrelic-infrastructure-0.13.15.tgz update done.
[2019-12-27 06:30:15] newrelic-infrastructure-0.13.14.tgz update done.
[2019-12-27 06:30:15] newrelic-infrastructure-0.13.13.tgz update done.
[2019-12-27 06:30:19] spend time is: 620
[2019-12-27 06:30:19] spend time is: 620
[2019-12-27 06:30:19] spend time is: 620
[2019-12-27 06:30:19] spend time is: 620
[2019-12-27 06:30:19] spend time is: 620
[2019-12-27 06:30:19] spend time is: 620
[2019-12-27 06:30:19] spend time is: 620
[2019-12-27 06:30:20] nextcloud-1.9.1.tgz update done.
[2019-12-27 06:30:20] spend time is: 620
[2019-12-27 06:30:20] nextcloud-1.9.0.tgz update done.
[2019-12-27 06:30:20] nextcloud-1.8.2.tgz update done.
[2019-12-27 06:30:20] nextcloud-1.8.1.tgz update done.
[2019-12-27 06:30:25] nfs-server-provisioner-0.3.2.tgz update done.
[2019-12-27 06:30:27] nginx-ingress-1.27.0.tgz update done.
[2019-12-27 06:30:27] nginx-ingress-1.26.2.tgz update done.
[2019-12-27 06:30:28] nginx-ingress-1.26.1.tgz update done.
[2019-12-27 06:30:28] nginx-ingress-1.26.0.tgz update done.
[2019-12-27 06:30:28] nginx-ingress-1.25.2.tgz update done.
[2019-12-27 06:30:28] nginx-ingress-1.25.1.tgz update done.
[2019-12-27 06:30:29] nginx-ingress-1.25.0.tgz update done.
[2019-12-27 06:30:29] spend time is: 630
[2019-12-27 06:30:29] spend time is: 630
[2019-12-27 06:30:29] spend time is: 630
[2019-12-27 06:30:29] spend time is: 630
[2019-12-27 06:30:29] spend time is: 630
[2019-12-27 06:30:29] spend time is: 630
[2019-12-27 06:30:29] spend time is: 630
[2019-12-27 06:30:39] spend time is: 640
[2019-12-27 06:30:39] spend time is: 640
[2019-12-27 06:30:39] spend time is: 640
[2019-12-27 06:30:39] spend time is: 640
[2019-12-27 06:30:39] spend time is: 640
[2019-12-27 06:30:39] spend time is: 640
[2019-12-27 06:30:39] spend time is: 640
[2019-12-27 06:30:39] spend time is: 640
[2019-12-27 06:30:49] spend time is: 650
[2019-12-27 06:30:49] spend time is: 650
[2019-12-27 06:30:49] spend time is: 650
[2019-12-27 06:30:49] spend time is: 650
[2019-12-27 06:30:49] spend time is: 650
[2019-12-27 06:30:49] spend time is: 650
[2019-12-27 06:30:49] spend time is: 650
[2019-12-27 06:30:49] spend time is: 650
[2019-12-27 06:30:55] oauth2-proxy-2.1.1.tgz update done.
[2019-12-27 06:30:55] oauth2-proxy-2.1.0.tgz update done.
[2019-12-27 06:30:55] oauth2-proxy-2.0.0.tgz update done.
[2019-12-27 06:30:59] spend time is: 660
[2019-12-27 06:30:59] spend time is: 660
[2019-12-27 06:30:59] spend time is: 660
[2019-12-27 06:30:59] odoo-12.0.5.tgz update done.
[2019-12-27 06:30:59] spend time is: 660
[2019-12-27 06:30:59] odoo-12.0.4.tgz update done.
[2019-12-27 06:30:59] spend time is: 660
[2019-12-27 06:31:00] odoo-12.0.3.tgz update done.
[2019-12-27 06:31:00] spend time is: 660
[2019-12-27 06:31:00] odoo-12.0.2.tgz update done.
[2019-12-27 06:31:00] odoo-12.0.1.tgz update done.
[2019-12-27 06:31:09] spend time is: 670
[2019-12-27 06:31:09] spend time is: 670
[2019-12-27 06:31:09] spend time is: 670
[2019-12-27 06:31:09] spend time is: 670
[2019-12-27 06:31:09] spend time is: 670
[2019-12-27 06:31:09] spend time is: 670
[2019-12-27 06:31:09] spend time is: 670
[2019-12-27 06:31:09] spend time is: 670
[2019-12-27 06:31:14] opa-1.13.3.tgz update done.
[2019-12-27 06:31:14] opa-1.13.2.tgz update done.
[2019-12-27 06:31:15] opa-1.13.1.tgz update done.
[2019-12-27 06:31:15] opa-1.13.0.tgz update done.
[2019-12-27 06:31:19] opencart-7.0.1.tgz update done.
[2019-12-27 06:31:19] spend time is: 680
[2019-12-27 06:31:19] spend time is: 680
[2019-12-27 06:31:19] spend time is: 680
[2019-12-27 06:31:19] spend time is: 680
[2019-12-27 06:31:19] spend time is: 680
[2019-12-27 06:31:19] spend time is: 680
[2019-12-27 06:31:19] spend time is: 680
[2019-12-27 06:31:29] openebs-1.5.0.tgz update done.
[2019-12-27 06:31:29] openebs-1.4.0.tgz update done.
[2019-12-27 06:31:29] spend time is: 690
[2019-12-27 06:31:29] spend time is: 690
[2019-12-27 06:31:29] spend time is: 690
[2019-12-27 06:31:29] spend time is: 690
[2019-12-27 06:31:29] spend time is: 690
[2019-12-27 06:31:29] spend time is: 690
[2019-12-27 06:31:33] openldap-1.2.3.tgz update done.
[2019-12-27 06:31:35] openvpn-3.15.0.tgz update done.
[2019-12-27 06:31:39] spend time is: 700
[2019-12-27 06:31:39] spend time is: 700
[2019-12-27 06:31:39] spend time is: 700
[2019-12-27 06:31:39] spend time is: 700
[2019-12-27 06:31:39] spend time is: 700
[2019-12-27 06:31:39] spend time is: 700
[2019-12-27 06:31:39] spend time is: 700
[2019-12-27 06:31:39] spend time is: 700
[2019-12-27 06:31:41] orangehrm-7.0.1.tgz update done.
[2019-12-27 06:31:49] spend time is: 710
[2019-12-27 06:31:49] spend time is: 710
[2019-12-27 06:31:49] spend time is: 710
[2019-12-27 06:31:49] spend time is: 710
[2019-12-27 06:31:49] spend time is: 710
[2019-12-27 06:31:49] spend time is: 710
[2019-12-27 06:31:49] spend time is: 710
[2019-12-27 06:31:49] spend time is: 710
[2019-12-27 06:31:51] osclass-7.0.1.tgz update done.
[2019-12-27 06:31:59] spend time is: 720
[2019-12-27 06:31:59] spend time is: 720
[2019-12-27 06:31:59] spend time is: 720
[2019-12-27 06:31:59] spend time is: 720
[2019-12-27 06:31:59] spend time is: 720
[2019-12-27 06:31:59] spend time is: 720
[2019-12-27 06:31:59] spend time is: 720
[2019-12-27 06:31:59] spend time is: 720
[2019-12-27 06:32:00] owncloud-8.0.1.tgz update done.
[2019-12-27 06:32:00] owncloud-8.0.0.tgz update done.
[2019-12-27 06:32:01] owncloud-7.0.1.tgz update done.
[2019-12-27 06:32:09] spend time is: 730
[2019-12-27 06:32:09] spend time is: 730
[2019-12-27 06:32:09] spend time is: 730
[2019-12-27 06:32:09] spend time is: 730
[2019-12-27 06:32:09] spend time is: 730
[2019-12-27 06:32:09] spend time is: 730
[2019-12-27 06:32:09] spend time is: 730
[2019-12-27 06:32:09] spend time is: 730
[2019-12-27 06:32:13] parse-10.3.0.tgz update done.
[2019-12-27 06:32:14] parse-10.2.2.tgz update done.
[2019-12-27 06:32:14] parse-10.2.1.tgz update done.
[2019-12-27 06:32:19] spend time is: 740
[2019-12-27 06:32:19] spend time is: 740
[2019-12-27 06:32:19] spend time is: 740
[2019-12-27 06:32:19] spend time is: 740
[2019-12-27 06:32:19] spend time is: 740
[2019-12-27 06:32:19] spend time is: 740
[2019-12-27 06:32:19] spend time is: 740
[2019-12-27 06:32:19] spend time is: 740
[2019-12-27 06:32:29] spend time is: 750
[2019-12-27 06:32:29] spend time is: 750
[2019-12-27 06:32:29] spend time is: 750
[2019-12-27 06:32:29] spend time is: 750
[2019-12-27 06:32:29] spend time is: 750
[2019-12-27 06:32:29] spend time is: 750
[2019-12-27 06:32:29] spend time is: 750
[2019-12-27 06:32:29] spend time is: 750
[2019-12-27 06:32:31] pgadmin-1.0.5.tgz update done.
[2019-12-27 06:32:31] pgadmin-1.0.4.tgz update done.
[2019-12-27 06:32:31] pgadmin-1.0.3.tgz update done.
[2019-12-27 06:32:31] pgadmin-1.0.2.tgz update done.
[2019-12-27 06:32:32] phabricator-9.0.4.tgz update done.
[2019-12-27 06:32:32] phabricator-9.0.3.tgz update done.
[2019-12-27 06:32:32] phabricator-9.0.2.tgz update done.
[2019-12-27 06:32:33] phabricator-9.0.1.tgz update done.
[2019-12-27 06:32:33] phabricator-9.0.0.tgz update done.
[2019-12-27 06:32:39] spend time is: 760
[2019-12-27 06:32:39] spend time is: 760
[2019-12-27 06:32:39] spend time is: 760
[2019-12-27 06:32:39] spend time is: 760
[2019-12-27 06:32:39] spend time is: 760
[2019-12-27 06:32:39] spend time is: 760
[2019-12-27 06:32:39] spend time is: 760
[2019-12-27 06:32:39] spend time is: 760
[2019-12-27 06:32:49] spend time is: 770
[2019-12-27 06:32:49] spend time is: 770
[2019-12-27 06:32:49] spend time is: 770
[2019-12-27 06:32:49] spend time is: 770
[2019-12-27 06:32:49] spend time is: 770
[2019-12-27 06:32:49] spend time is: 770
[2019-12-27 06:32:49] spend time is: 770
[2019-12-27 06:32:49] spend time is: 770
[2019-12-27 06:32:53] phpbb-7.0.1.tgz update done.
[2019-12-27 06:32:59] spend time is: 780
[2019-12-27 06:32:59] spend time is: 780
[2019-12-27 06:32:59] spend time is: 780
[2019-12-27 06:32:59] spend time is: 780
[2019-12-27 06:32:59] spend time is: 780
[2019-12-27 06:32:59] spend time is: 780
[2019-12-27 06:32:59] spend time is: 780
[2019-12-27 06:32:59] spend time is: 780
[2019-12-27 06:33:02] phpmyadmin-4.2.5.tgz update done.
[2019-12-27 06:33:03] phpmyadmin-4.2.4.tgz update done.
[2019-12-27 06:33:03] phpmyadmin-4.2.3.tgz update done.
[2019-12-27 06:33:09] spend time is: 790
[2019-12-27 06:33:09] spend time is: 790
[2019-12-27 06:33:09] spend time is: 790
[2019-12-27 06:33:09] spend time is: 790
[2019-12-27 06:33:09] spend time is: 790
[2019-12-27 06:33:09] spend time is: 790
[2019-12-27 06:33:09] pomerium-4.1.2.tgz update done.
[2019-12-27 06:33:09] spend time is: 790
[2019-12-27 06:33:10] pomerium-4.1.1.tgz update done.
[2019-12-27 06:33:13] postgresql-8.1.2.tgz update done.
[2019-12-27 06:33:13] postgresql-8.1.1.tgz update done.
[2019-12-27 06:33:13] postgresql-8.1.0.tgz update done.
[2019-12-27 06:33:13] postgresql-8.0.0.tgz update done.
[2019-12-27 06:33:14] postgresql-7.7.3.tgz update done.
[2019-12-27 06:33:14] postgresql-7.7.2.tgz update done.
[2019-12-27 06:33:14] postgresql-7.7.1.tgz update done.
[2019-12-27 06:33:15] postgresql-7.7.0.tgz update done.
[2019-12-27 06:33:15] postgresql-7.6.0.tgz update done.
[2019-12-27 06:33:15] postgresql-7.5.0.tgz update done.
[2019-12-27 06:33:15] postgresql-7.4.0.tgz update done.
[2019-12-27 06:33:16] postgresql-7.3.0.tgz update done.
[2019-12-27 06:33:16] postgresql-7.2.0.tgz update done.
[2019-12-27 06:33:16] postgresql-7.1.1.tgz update done.
[2019-12-27 06:33:19] spend time is: 800
[2019-12-27 06:33:19] spend time is: 800
[2019-12-27 06:33:19] spend time is: 800
[2019-12-27 06:33:19] spend time is: 800
[2019-12-27 06:33:19] spend time is: 800
[2019-12-27 06:33:19] spend time is: 800
[2019-12-27 06:33:19] spend time is: 800
[2019-12-27 06:33:19] spend time is: 800
[2019-12-27 06:33:29] spend time is: 810
[2019-12-27 06:33:29] spend time is: 810
[2019-12-27 06:33:29] spend time is: 810
[2019-12-27 06:33:29] spend time is: 810
[2019-12-27 06:33:29] spend time is: 810
[2019-12-27 06:33:29] spend time is: 810
[2019-12-27 06:33:29] spend time is: 810
[2019-12-27 06:33:29] spend time is: 810
[2019-12-27 06:33:30] spend time is: 810
[2019-12-27 06:33:39] spend time is: 820
[2019-12-27 06:33:39] spend time is: 820
[2019-12-27 06:33:39] spend time is: 820
[2019-12-27 06:33:39] spend time is: 820
[2019-12-27 06:33:39] spend time is: 820
[2019-12-27 06:33:39] spend time is: 820
[2019-12-27 06:33:39] spend time is: 820
[2019-12-27 06:33:39] spend time is: 820
[2019-12-27 06:33:41] prestashop-9.1.0.tgz update done.
[2019-12-27 06:33:41] prestashop-9.0.2.tgz update done.
[2019-12-27 06:33:41] prestashop-9.0.1.tgz update done.
[2019-12-27 06:33:49] spend time is: 830
[2019-12-27 06:33:49] spend time is: 830
[2019-12-27 06:33:49] spend time is: 830
[2019-12-27 06:33:49] spend time is: 830
[2019-12-27 06:33:49] spend time is: 830
[2019-12-27 06:33:49] spend time is: 830
[2019-12-27 06:33:49] spend time is: 830
[2019-12-27 06:33:49] spend time is: 830
[2019-12-27 06:33:55] prometheus-9.7.2.tgz update done.
[2019-12-27 06:33:55] prometheus-9.7.1.tgz update done.
[2019-12-27 06:33:56] prometheus-9.7.0.tgz update done.
[2019-12-27 06:33:56] prometheus-9.6.1.tgz update done.
[2019-12-27 06:33:56] prometheus-9.6.0.tgz update done.
[2019-12-27 06:33:56] prometheus-9.5.6.tgz update done.
[2019-12-27 06:33:57] prometheus-9.5.5.tgz update done.
[2019-12-27 06:33:57] prometheus-9.5.4.tgz update done.
[2019-12-27 06:33:57] prometheus-9.5.3.tgz update done.
[2019-12-27 06:33:57] prometheus-9.5.2.tgz update done.
[2019-12-27 06:33:58] prometheus-9.5.1.tgz update done.
[2019-12-27 06:33:58] prometheus-9.5.0.tgz update done.
[2019-12-27 06:33:58] prometheus-9.4.1.tgz update done.
[2019-12-27 06:33:58] prometheus-9.4.0.tgz update done.
[2019-12-27 06:33:59] prometheus-9.3.3.tgz update done.
[2019-12-27 06:33:59] spend time is: 840
[2019-12-27 06:33:59] prometheus-9.3.2.tgz update done.
[2019-12-27 06:33:59] spend time is: 840
[2019-12-27 06:33:59] spend time is: 840
[2019-12-27 06:33:59] spend time is: 840
[2019-12-27 06:33:59] spend time is: 840
[2019-12-27 06:34:09] spend time is: 850
[2019-12-27 06:34:09] spend time is: 850
[2019-12-27 06:34:09] spend time is: 850
[2019-12-27 06:34:09] spend time is: 850
[2019-12-27 06:34:09] spend time is: 850
[2019-12-27 06:34:09] spend time is: 850
[2019-12-27 06:34:09] spend time is: 850
[2019-12-27 06:34:09] spend time is: 850
[2019-12-27 06:34:19] spend time is: 860
[2019-12-27 06:34:19] spend time is: 860
[2019-12-27 06:34:19] spend time is: 860
[2019-12-27 06:34:19] spend time is: 860
[2019-12-27 06:34:19] spend time is: 860
[2019-12-27 06:34:19] spend time is: 860
[2019-12-27 06:34:19] spend time is: 860
[2019-12-27 06:34:19] spend time is: 860
[2019-12-27 06:34:23] prometheus-blackbox-exporter-1.6.0.tgz update done.
[2019-12-27 06:34:23] prometheus-blackbox-exporter-1.5.1.tgz update done.
[2019-12-27 06:34:29] spend time is: 870
[2019-12-27 06:34:29] spend time is: 870
[2019-12-27 06:34:29] spend time is: 870
[2019-12-27 06:34:29] spend time is: 870
[2019-12-27 06:34:29] spend time is: 870
[2019-12-27 06:34:29] spend time is: 870
[2019-12-27 06:34:29] spend time is: 870
[2019-12-27 06:34:29] spend time is: 870
[2019-12-27 06:34:29] spend time is: 870
[2019-12-27 06:34:32] prometheus-node-exporter-1.8.1.tgz update done.
[2019-12-27 06:34:33] prometheus-node-exporter-1.8.0.tgz update done.
[2019-12-27 06:34:36] prometheus-operator-8.5.0.tgz update done.
[2019-12-27 06:34:36] prometheus-operator-8.4.0.tgz update done.
[2019-12-27 06:34:37] prometheus-operator-8.3.3.tgz update done.
[2019-12-27 06:34:37] prometheus-operator-8.3.2.tgz update done.
[2019-12-27 06:34:37] prometheus-operator-8.3.1.tgz update done.
[2019-12-27 06:34:37] prometheus-operator-8.3.0.tgz update done.
[2019-12-27 06:34:38] prometheus-operator-8.2.4.tgz update done.
[2019-12-27 06:34:38] prometheus-operator-8.2.3.tgz update done.
[2019-12-27 06:34:38] prometheus-operator-8.2.2.tgz update done.
[2019-12-27 06:34:38] prometheus-operator-8.2.1.tgz update done.
[2019-12-27 06:34:39] prometheus-operator-8.2.0.tgz update done.
[2019-12-27 06:34:39] spend time is: 880
[2019-12-27 06:34:39] spend time is: 880
[2019-12-27 06:34:39] spend time is: 880
[2019-12-27 06:34:39] spend time is: 880
[2019-12-27 06:34:39] spend time is: 880
[2019-12-27 06:34:39] spend time is: 880
[2019-12-27 06:34:39] spend time is: 880
[2019-12-27 06:34:39] spend time is: 880
[2019-12-27 06:34:49] spend time is: 890
[2019-12-27 06:34:49] spend time is: 890
[2019-12-27 06:34:49] spend time is: 890
[2019-12-27 06:34:49] spend time is: 890
[2019-12-27 06:34:49] spend time is: 890
[2019-12-27 06:34:49] spend time is: 890
[2019-12-27 06:34:49] spend time is: 890
[2019-12-27 06:34:49] spend time is: 890
[2019-12-27 06:34:59] spend time is: 900
Already up to date.
