Fetching origin
Warning: Permanently added the RSA host key for IP address '192.30.253.113' to the list of known hosts.
From github.com:babyshen/helm-charts-mirror
 * [new branch]      gh-pages   -> origin/gh-pages
 * [new branch]      master     -> origin/master
Previous HEAD position was 6f4bc38 restore bug
Switched to a new branch 'gh-pages'
Branch 'gh-pages' set up to track remote branch 'gh-pages' from 'origin'.
Already up to date.
Branch 'gh-pages' set up to track remote branch 'gh-pages' from 'origin'.
  % Total    % Received % Xferd  Average Speed   Time    Time     Time  Current
                                 Dload  Upload   Total   Spent    Left  Speed
  0     0    0     0    0     0      0      0 --:--:-- --:--:-- --:--:--     0100 5265k  100 5265k    0     0  49.4M      0 --:--:-- --:--:-- --:--:-- 49.9M
[2019-06-27 04:51:10] spend time is: 40
[2019-06-27 04:51:10] spend time is: 40
[2019-06-27 04:51:10] spend time is: 40
[2019-06-27 04:51:10] spend time is: 40
[2019-06-27 04:51:10] spend time is: 40
[2019-06-27 04:51:10] spend time is: 40
[2019-06-27 04:51:10] spend time is: 40
[2019-06-27 04:51:10] spend time is: 40
[2019-06-27 04:51:10] spend time is: 40
[2019-06-27 04:51:10] spend time is: 40
[2019-06-27 04:51:11] spend time is: 40
[2019-06-27 04:51:12] airflow-3.0.2.tgz update done.
[2019-06-27 04:51:20] spend time is: 50
[2019-06-27 04:51:20] spend time is: 50
[2019-06-27 04:51:20] spend time is: 50
[2019-06-27 04:51:20] spend time is: 50
[2019-06-27 04:51:20] spend time is: 50
[2019-06-27 04:51:20] spend time is: 50
[2019-06-27 04:51:20] spend time is: 50
[2019-06-27 04:51:20] spend time is: 50
[2019-06-27 04:51:20] spend time is: 50
[2019-06-27 04:51:20] spend time is: 50
[2019-06-27 04:51:20] spend time is: 50
[2019-06-27 04:51:20] spend time is: 50
[2019-06-27 04:51:30] spend time is: 60
[2019-06-27 04:51:30] spend time is: 60
[2019-06-27 04:51:30] spend time is: 60
[2019-06-27 04:51:30] spend time is: 60
[2019-06-27 04:51:30] spend time is: 60
[2019-06-27 04:51:30] spend time is: 60
[2019-06-27 04:51:30] spend time is: 60
[2019-06-27 04:51:30] spend time is: 60
[2019-06-27 04:51:30] spend time is: 60
[2019-06-27 04:51:30] spend time is: 60
[2019-06-27 04:51:30] spend time is: 60
[2019-06-27 04:51:30] spend time is: 60
[2019-06-27 04:51:40] spend time is: 70
[2019-06-27 04:51:40] spend time is: 70
[2019-06-27 04:51:40] spend time is: 70
[2019-06-27 04:51:40] spend time is: 70
[2019-06-27 04:51:40] spend time is: 70
[2019-06-27 04:51:40] spend time is: 70
[2019-06-27 04:51:40] spend time is: 70
[2019-06-27 04:51:40] spend time is: 70
[2019-06-27 04:51:40] spend time is: 70
[2019-06-27 04:51:40] spend time is: 70
[2019-06-27 04:51:40] spend time is: 70
[2019-06-27 04:51:41] spend time is: 70
[2019-06-27 04:51:50] spend time is: 80
[2019-06-27 04:51:50] spend time is: 80
[2019-06-27 04:51:50] spend time is: 80
[2019-06-27 04:51:50] spend time is: 80
[2019-06-27 04:51:50] spend time is: 80
[2019-06-27 04:51:50] spend time is: 80
[2019-06-27 04:51:50] spend time is: 80
[2019-06-27 04:51:50] spend time is: 80
[2019-06-27 04:51:50] spend time is: 80
[2019-06-27 04:51:50] spend time is: 80
[2019-06-27 04:51:50] spend time is: 80
[2019-06-27 04:51:50] spend time is: 80
[2019-06-27 04:52:00] spend time is: 90
[2019-06-27 04:52:00] spend time is: 90
[2019-06-27 04:52:00] spend time is: 90
[2019-06-27 04:52:00] spend time is: 90
[2019-06-27 04:52:00] spend time is: 90
[2019-06-27 04:52:00] spend time is: 90
[2019-06-27 04:52:00] spend time is: 90
[2019-06-27 04:52:00] spend time is: 90
[2019-06-27 04:52:00] spend time is: 90
[2019-06-27 04:52:00] spend time is: 90
[2019-06-27 04:52:00] spend time is: 90
[2019-06-27 04:52:10] spend time is: 100
[2019-06-27 04:52:10] spend time is: 100
[2019-06-27 04:52:10] spend time is: 100
[2019-06-27 04:52:10] spend time is: 100
[2019-06-27 04:52:10] spend time is: 100
[2019-06-27 04:52:10] spend time is: 100
[2019-06-27 04:52:10] spend time is: 100
[2019-06-27 04:52:10] spend time is: 100
[2019-06-27 04:52:10] spend time is: 100
[2019-06-27 04:52:10] spend time is: 100
[2019-06-27 04:52:10] spend time is: 100
[2019-06-27 04:52:10] spend time is: 100
[2019-06-27 04:52:20] spend time is: 110
[2019-06-27 04:52:20] spend time is: 110
[2019-06-27 04:52:20] spend time is: 110
[2019-06-27 04:52:20] spend time is: 110
[2019-06-27 04:52:20] spend time is: 110
[2019-06-27 04:52:20] spend time is: 110
[2019-06-27 04:52:20] spend time is: 110
[2019-06-27 04:52:20] spend time is: 110
[2019-06-27 04:52:20] spend time is: 110
[2019-06-27 04:52:20] spend time is: 110
[2019-06-27 04:52:20] spend time is: 110
[2019-06-27 04:52:20] spend time is: 110
[2019-06-27 04:52:30] spend time is: 120
[2019-06-27 04:52:30] spend time is: 120
[2019-06-27 04:52:30] spend time is: 120
[2019-06-27 04:52:30] spend time is: 120
[2019-06-27 04:52:30] spend time is: 120
[2019-06-27 04:52:30] spend time is: 120
[2019-06-27 04:52:30] spend time is: 120
[2019-06-27 04:52:30] spend time is: 120
[2019-06-27 04:52:30] spend time is: 120
[2019-06-27 04:52:30] spend time is: 120
[2019-06-27 04:52:30] spend time is: 120
[2019-06-27 04:52:40] spend time is: 130
[2019-06-27 04:52:40] spend time is: 130
[2019-06-27 04:52:40] spend time is: 130
[2019-06-27 04:52:40] spend time is: 130
[2019-06-27 04:52:40] spend time is: 130
[2019-06-27 04:52:40] spend time is: 130
[2019-06-27 04:52:40] spend time is: 130
[2019-06-27 04:52:40] spend time is: 130
[2019-06-27 04:52:40] spend time is: 130
[2019-06-27 04:52:40] spend time is: 130
[2019-06-27 04:52:40] spend time is: 130
[2019-06-27 04:52:45] elastic-stack-1.8.0.tgz update done.
[2019-06-27 04:52:45] elastic-stack-1.7.0.tgz update done.
[2019-06-27 04:52:50] spend time is: 140
[2019-06-27 04:52:50] spend time is: 140
[2019-06-27 04:52:50] spend time is: 140
[2019-06-27 04:52:50] spend time is: 140
[2019-06-27 04:52:50] spend time is: 140
[2019-06-27 04:52:50] spend time is: 140
[2019-06-27 04:52:50] spend time is: 140
[2019-06-27 04:52:50] spend time is: 140
[2019-06-27 04:52:50] spend time is: 140
[2019-06-27 04:52:50] spend time is: 140
[2019-06-27 04:52:50] spend time is: 140
[2019-06-27 04:52:50] spend time is: 140
[2019-06-27 04:53:00] spend time is: 150
[2019-06-27 04:53:00] spend time is: 150
[2019-06-27 04:53:00] spend time is: 150
[2019-06-27 04:53:00] spend time is: 150
[2019-06-27 04:53:00] spend time is: 150
[2019-06-27 04:53:00] spend time is: 150
[2019-06-27 04:53:00] spend time is: 150
[2019-06-27 04:53:00] spend time is: 150
[2019-06-27 04:53:00] spend time is: 150
[2019-06-27 04:53:00] spend time is: 150
[2019-06-27 04:53:01] spend time is: 150
[2019-06-27 04:53:03] falco-0.7.10.tgz update done.
[2019-06-27 04:53:10] spend time is: 160
[2019-06-27 04:53:10] spend time is: 160
[2019-06-27 04:53:10] spend time is: 160
[2019-06-27 04:53:10] spend time is: 160
[2019-06-27 04:53:10] spend time is: 160
[2019-06-27 04:53:10] spend time is: 160
[2019-06-27 04:53:10] spend time is: 160
[2019-06-27 04:53:10] spend time is: 160
[2019-06-27 04:53:10] spend time is: 160
[2019-06-27 04:53:10] spend time is: 160
[2019-06-27 04:53:10] spend time is: 160
[2019-06-27 04:53:10] spend time is: 160
[2019-06-27 04:53:20] spend time is: 170
[2019-06-27 04:53:20] spend time is: 170
[2019-06-27 04:53:20] spend time is: 170
[2019-06-27 04:53:20] spend time is: 170
[2019-06-27 04:53:20] spend time is: 170
[2019-06-27 04:53:20] spend time is: 170
[2019-06-27 04:53:20] spend time is: 170
[2019-06-27 04:53:20] spend time is: 170
[2019-06-27 04:53:20] spend time is: 170
[2019-06-27 04:53:20] spend time is: 170
[2019-06-27 04:53:20] spend time is: 170
[2019-06-27 04:53:21] spend time is: 170
[2019-06-27 04:53:21] ghost-6.7.23.tgz update done.
[2019-06-27 04:53:30] spend time is: 180
[2019-06-27 04:53:30] spend time is: 180
[2019-06-27 04:53:30] spend time is: 180
[2019-06-27 04:53:30] spend time is: 180
[2019-06-27 04:53:30] spend time is: 180
[2019-06-27 04:53:30] spend time is: 180
[2019-06-27 04:53:30] spend time is: 180
[2019-06-27 04:53:30] spend time is: 180
[2019-06-27 04:53:30] spend time is: 180
[2019-06-27 04:53:30] spend time is: 180
[2019-06-27 04:53:30] spend time is: 180
[2019-06-27 04:53:31] spend time is: 180
[2019-06-27 04:53:40] spend time is: 190
[2019-06-27 04:53:40] spend time is: 190
[2019-06-27 04:53:40] spend time is: 190
[2019-06-27 04:53:40] spend time is: 190
[2019-06-27 04:53:40] spend time is: 190
[2019-06-27 04:53:40] spend time is: 190
[2019-06-27 04:53:40] spend time is: 190
[2019-06-27 04:53:40] spend time is: 190
[2019-06-27 04:53:40] spend time is: 190
[2019-06-27 04:53:40] spend time is: 190
[2019-06-27 04:53:41] spend time is: 190
[2019-06-27 04:53:41] spend time is: 190
[2019-06-27 04:53:50] spend time is: 200
[2019-06-27 04:53:50] spend time is: 200
[2019-06-27 04:53:50] spend time is: 200
[2019-06-27 04:53:50] spend time is: 200
[2019-06-27 04:53:50] spend time is: 200
[2019-06-27 04:53:50] spend time is: 200
[2019-06-27 04:53:50] spend time is: 200
[2019-06-27 04:53:50] spend time is: 200
[2019-06-27 04:53:50] spend time is: 200
[2019-06-27 04:53:50] spend time is: 200
[2019-06-27 04:53:50] spend time is: 200
[2019-06-27 04:53:57] graylog-1.2.0.tgz update done.
[2019-06-27 04:54:00] spend time is: 210
[2019-06-27 04:54:00] spend time is: 210
[2019-06-27 04:54:00] spend time is: 210
[2019-06-27 04:54:00] spend time is: 210
[2019-06-27 04:54:00] spend time is: 210
[2019-06-27 04:54:00] spend time is: 210
[2019-06-27 04:54:00] spend time is: 210
[2019-06-27 04:54:00] spend time is: 210
[2019-06-27 04:54:00] spend time is: 210
[2019-06-27 04:54:00] spend time is: 210
[2019-06-27 04:54:00] spend time is: 210
[2019-06-27 04:54:00] spend time is: 210
[2019-06-27 04:54:10] spend time is: 220
[2019-06-27 04:54:10] spend time is: 220
[2019-06-27 04:54:10] spend time is: 220
[2019-06-27 04:54:10] spend time is: 220
[2019-06-27 04:54:10] spend time is: 220
[2019-06-27 04:54:10] spend time is: 220
[2019-06-27 04:54:10] spend time is: 220
[2019-06-27 04:54:10] spend time is: 220
[2019-06-27 04:54:11] spend time is: 220
[2019-06-27 04:54:11] spend time is: 220
[2019-06-27 04:54:11] spend time is: 220
[2019-06-27 04:54:17] janusgraph-0.2.0.tgz update done.
[2019-06-27 04:54:20] spend time is: 230
[2019-06-27 04:54:20] spend time is: 230
[2019-06-27 04:54:20] spend time is: 230
[2019-06-27 04:54:20] spend time is: 230
[2019-06-27 04:54:20] spend time is: 230
[2019-06-27 04:54:20] spend time is: 230
[2019-06-27 04:54:20] spend time is: 230
[2019-06-27 04:54:20] spend time is: 230
[2019-06-27 04:54:20] spend time is: 230
[2019-06-27 04:54:20] spend time is: 230
[2019-06-27 04:54:20] spend time is: 230
[2019-06-27 04:54:30] spend time is: 240
[2019-06-27 04:54:30] spend time is: 240
[2019-06-27 04:54:30] spend time is: 240
[2019-06-27 04:54:30] spend time is: 240
[2019-06-27 04:54:30] spend time is: 240
[2019-06-27 04:54:30] spend time is: 240
[2019-06-27 04:54:30] spend time is: 240
[2019-06-27 04:54:30] spend time is: 240
[2019-06-27 04:54:30] spend time is: 240
[2019-06-27 04:54:30] spend time is: 240
[2019-06-27 04:54:30] spend time is: 240
[2019-06-27 04:54:30] spend time is: 240
[2019-06-27 04:54:40] spend time is: 250
[2019-06-27 04:54:40] spend time is: 250
[2019-06-27 04:54:40] spend time is: 250
[2019-06-27 04:54:40] spend time is: 250
[2019-06-27 04:54:40] spend time is: 250
[2019-06-27 04:54:40] spend time is: 250
[2019-06-27 04:54:40] spend time is: 250
[2019-06-27 04:54:40] spend time is: 250
[2019-06-27 04:54:40] spend time is: 250
[2019-06-27 04:54:40] spend time is: 250
[2019-06-27 04:54:40] spend time is: 250
[2019-06-27 04:54:50] spend time is: 260
[2019-06-27 04:54:50] spend time is: 260
[2019-06-27 04:54:50] spend time is: 260
[2019-06-27 04:54:50] spend time is: 260
[2019-06-27 04:54:50] spend time is: 260
[2019-06-27 04:54:50] spend time is: 260
[2019-06-27 04:54:50] spend time is: 260
[2019-06-27 04:54:50] spend time is: 260
[2019-06-27 04:54:50] spend time is: 260
[2019-06-27 04:54:50] spend time is: 260
[2019-06-27 04:54:50] spend time is: 260
[2019-06-27 04:54:51] spend time is: 260
[2019-06-27 04:55:00] spend time is: 270
[2019-06-27 04:55:00] spend time is: 270
[2019-06-27 04:55:00] spend time is: 270
[2019-06-27 04:55:00] spend time is: 270
[2019-06-27 04:55:00] spend time is: 270
[2019-06-27 04:55:00] spend time is: 270
[2019-06-27 04:55:00] spend time is: 270
[2019-06-27 04:55:00] spend time is: 270
[2019-06-27 04:55:00] kong-0.13.0.tgz update done.
[2019-06-27 04:55:00] spend time is: 270
[2019-06-27 04:55:00] spend time is: 270
[2019-06-27 04:55:01] spend time is: 270
[2019-06-27 04:55:08] kube-ops-view-1.0.1.tgz update done.
[2019-06-27 04:55:10] spend time is: 280
[2019-06-27 04:55:10] spend time is: 280
[2019-06-27 04:55:10] spend time is: 280
[2019-06-27 04:55:10] spend time is: 280
[2019-06-27 04:55:10] spend time is: 280
[2019-06-27 04:55:10] spend time is: 280
[2019-06-27 04:55:10] spend time is: 280
[2019-06-27 04:55:10] spend time is: 280
[2019-06-27 04:55:10] spend time is: 280
[2019-06-27 04:55:11] spend time is: 280
[2019-06-27 04:55:11] spend time is: 280
[2019-06-27 04:55:11] spend time is: 280
[2019-06-27 04:55:20] spend time is: 290
[2019-06-27 04:55:20] spend time is: 290
[2019-06-27 04:55:20] spend time is: 290
[2019-06-27 04:55:20] spend time is: 290
[2019-06-27 04:55:20] spend time is: 290
[2019-06-27 04:55:20] spend time is: 290
[2019-06-27 04:55:20] spend time is: 290
[2019-06-27 04:55:20] spend time is: 290
[2019-06-27 04:55:20] spend time is: 290
[2019-06-27 04:55:20] spend time is: 290
[2019-06-27 04:55:30] spend time is: 300
[2019-06-27 04:55:30] spend time is: 300
[2019-06-27 04:55:30] spend time is: 300
[2019-06-27 04:55:30] spend time is: 300
Warning: Permanently added the RSA host key for IP address '192.30.253.112' to the list of known hosts.
Already up to date.
Already up to date.
fatal: Unable to create '/home/travis/build/babyshen/helm-charts-mirror/.git/index.lock': File exists.

Another git process seems to be running in this repository, e.g.
an editor opened by 'git commit'. Please make sure all processes
are terminated then try again. If it still fails, a git process
may have crashed in this repository earlier:
remove the file manually to continue.
Already up to date.
fatal: Unable to create '/home/travis/build/babyshen/helm-charts-mirror/.git/index.lock': File exists.

Another git process seems to be running in this repository, e.g.
an editor opened by 'git commit'. Please make sure all processes
are terminated then try again. If it still fails, a git process
may have crashed in this repository earlier:
remove the file manually to continue.
Already up to date.
fatal: Unable to create '/home/travis/build/babyshen/helm-charts-mirror/.git/index.lock': File exists.

Another git process seems to be running in this repository, e.g.
an editor opened by 'git commit'. Please make sure all processes
are terminated then try again. If it still fails, a git process
may have crashed in this repository earlier:
remove the file manually to continue.
[gh-pages b4b6c5a] Synchronizing completion at 2019-06-27
 13 files changed, 910 insertions(+), 299 deletions(-)
 rewrite airflow-3.0.2.tgz (98%)
 rewrite elastic-stack-1.7.0.tgz (98%)
 create mode 100644 elastic-stack-1.8.0.tgz
 create mode 100644 falco-0.7.10.tgz
 create mode 100644 ghost-6.7.23.tgz
 rewrite kong-0.13.0.tgz (99%)
 rewrite kube-ops-view-1.0.1.tgz (84%)
 create mode 100644 travis_wait_1982.log
To github.com:babyshen/helm-charts-mirror.git
   f43bc7b..b4b6c5a  gh-pages -> gh-pages
Branch 'gh-pages' set up to track remote branch 'gh-pages' from 'origin'.
[2019-06-27 04:55:40] spend time is: 310
[2019-06-27 04:55:40] spend time is: 310
[2019-06-27 04:55:40] spend time is: 310
[2019-06-27 04:55:40] spend time is: 310
[2019-06-27 04:55:40] spend time is: 310
[2019-06-27 04:55:40] spend time is: 310
[2019-06-27 04:55:40] spend time is: 310
[2019-06-27 04:55:40] spend time is: 310
[2019-06-27 04:55:50] spend time is: 320
[2019-06-27 04:55:50] spend time is: 320
[2019-06-27 04:55:50] spend time is: 320
[2019-06-27 04:55:50] spend time is: 320
[2019-06-27 04:55:50] spend time is: 320
[2019-06-27 04:55:50] spend time is: 320
[2019-06-27 04:55:50] spend time is: 320
[2019-06-27 04:55:50] spend time is: 320
[2019-06-27 04:56:00] spend time is: 330
[2019-06-27 04:56:00] spend time is: 330
[2019-06-27 04:56:00] spend time is: 330
[2019-06-27 04:56:00] spend time is: 330
[2019-06-27 04:56:00] spend time is: 330
[2019-06-27 04:56:00] spend time is: 330
[2019-06-27 04:56:00] spend time is: 330
[2019-06-27 04:56:00] spend time is: 330
[2019-06-27 04:56:10] spend time is: 340
[2019-06-27 04:56:10] spend time is: 340
[2019-06-27 04:56:10] spend time is: 340
[2019-06-27 04:56:10] spend time is: 340
[2019-06-27 04:56:10] spend time is: 340
[2019-06-27 04:56:10] spend time is: 340
[2019-06-27 04:56:10] spend time is: 340
[2019-06-27 04:56:10] spend time is: 340
[2019-06-27 04:56:10] spend time is: 340
[2019-06-27 04:56:20] spend time is: 350
[2019-06-27 04:56:20] spend time is: 350
[2019-06-27 04:56:20] spend time is: 350
[2019-06-27 04:56:20] spend time is: 350
[2019-06-27 04:56:20] spend time is: 350
[2019-06-27 04:56:20] spend time is: 350
[2019-06-27 04:56:20] spend time is: 350
[2019-06-27 04:56:20] spend time is: 350
[2019-06-27 04:56:20] spend time is: 350
[2019-06-27 04:56:30] spend time is: 360
[2019-06-27 04:56:30] spend time is: 360
[2019-06-27 04:56:30] spend time is: 360
[2019-06-27 04:56:30] spend time is: 360
[2019-06-27 04:56:30] spend time is: 360
[2019-06-27 04:56:30] spend time is: 360
[2019-06-27 04:56:30] spend time is: 360
[2019-06-27 04:56:30] spend time is: 360
[2019-06-27 04:56:40] spend time is: 370
[2019-06-27 04:56:40] spend time is: 370
[2019-06-27 04:56:40] spend time is: 370
[2019-06-27 04:56:40] spend time is: 370
[2019-06-27 04:56:40] spend time is: 370
[2019-06-27 04:56:40] spend time is: 370
[2019-06-27 04:56:40] spend time is: 370
[2019-06-27 04:56:40] spend time is: 370
[2019-06-27 04:56:41] spend time is: 370
[2019-06-27 04:56:50] spend time is: 380
[2019-06-27 04:56:50] spend time is: 380
[2019-06-27 04:56:50] spend time is: 380
[2019-06-27 04:56:50] spend time is: 380
[2019-06-27 04:56:50] spend time is: 380
[2019-06-27 04:56:50] spend time is: 380
[2019-06-27 04:56:50] spend time is: 380
[2019-06-27 04:56:50] spend time is: 380
[2019-06-27 04:57:00] spend time is: 390
[2019-06-27 04:57:00] spend time is: 390
[2019-06-27 04:57:00] spend time is: 390
[2019-06-27 04:57:00] spend time is: 390
[2019-06-27 04:57:00] spend time is: 390
[2019-06-27 04:57:00] spend time is: 390
[2019-06-27 04:57:00] spend time is: 390
[2019-06-27 04:57:00] spend time is: 390
[2019-06-27 04:57:10] spend time is: 400
[2019-06-27 04:57:10] spend time is: 400
[2019-06-27 04:57:10] spend time is: 400
[2019-06-27 04:57:10] spend time is: 400
[2019-06-27 04:57:10] spend time is: 400
[2019-06-27 04:57:10] spend time is: 400
[2019-06-27 04:57:10] spend time is: 400
[2019-06-27 04:57:10] spend time is: 400
[2019-06-27 04:57:20] spend time is: 410
[2019-06-27 04:57:20] spend time is: 410
[2019-06-27 04:57:20] spend time is: 410
[2019-06-27 04:57:20] spend time is: 410
[2019-06-27 04:57:20] spend time is: 410
[2019-06-27 04:57:20] spend time is: 410
[2019-06-27 04:57:20] spend time is: 410
[2019-06-27 04:57:20] spend time is: 410
[2019-06-27 04:57:30] spend time is: 420
[2019-06-27 04:57:30] spend time is: 420
[2019-06-27 04:57:30] spend time is: 420
[2019-06-27 04:57:30] spend time is: 420
[2019-06-27 04:57:30] spend time is: 420
[2019-06-27 04:57:30] spend time is: 420
[2019-06-27 04:57:30] spend time is: 420
[2019-06-27 04:57:30] spend time is: 420
[2019-06-27 04:57:30] spend time is: 420
[2019-06-27 04:57:40] spend time is: 430
[2019-06-27 04:57:40] spend time is: 430
[2019-06-27 04:57:40] spend time is: 430
[2019-06-27 04:57:40] spend time is: 430
[2019-06-27 04:57:40] spend time is: 430
[2019-06-27 04:57:40] spend time is: 430
[2019-06-27 04:57:40] spend time is: 430
[2019-06-27 04:57:40] spend time is: 430
[2019-06-27 04:57:50] spend time is: 440
[2019-06-27 04:57:50] spend time is: 440
[2019-06-27 04:57:50] spend time is: 440
[2019-06-27 04:57:50] spend time is: 440
[2019-06-27 04:57:50] spend time is: 440
[2019-06-27 04:57:50] spend time is: 440
[2019-06-27 04:57:50] spend time is: 440
[2019-06-27 04:57:50] spend time is: 440
[2019-06-27 04:58:00] spend time is: 450
[2019-06-27 04:58:00] spend time is: 450
[2019-06-27 04:58:00] spend time is: 450
[2019-06-27 04:58:00] spend time is: 450
[2019-06-27 04:58:00] spend time is: 450
[2019-06-27 04:58:00] spend time is: 450
[2019-06-27 04:58:00] spend time is: 450
[2019-06-27 04:58:00] spend time is: 450
[2019-06-27 04:58:00] spend time is: 450
[2019-06-27 04:58:10] spend time is: 460
[2019-06-27 04:58:10] spend time is: 460
[2019-06-27 04:58:10] spend time is: 460
[2019-06-27 04:58:10] spend time is: 460
[2019-06-27 04:58:10] spend time is: 460
[2019-06-27 04:58:10] spend time is: 460
[2019-06-27 04:58:10] spend time is: 460
[2019-06-27 04:58:10] spend time is: 460
[2019-06-27 04:58:20] spend time is: 470
[2019-06-27 04:58:20] spend time is: 470
[2019-06-27 04:58:20] spend time is: 470
[2019-06-27 04:58:20] spend time is: 470
[2019-06-27 04:58:20] spend time is: 470
[2019-06-27 04:58:20] spend time is: 470
[2019-06-27 04:58:20] spend time is: 470
[2019-06-27 04:58:20] spend time is: 470
[2019-06-27 04:58:30] spend time is: 480
[2019-06-27 04:58:30] spend time is: 480
[2019-06-27 04:58:30] spend time is: 480
[2019-06-27 04:58:30] spend time is: 480
[2019-06-27 04:58:30] spend time is: 480
[2019-06-27 04:58:30] spend time is: 480
[2019-06-27 04:58:30] spend time is: 480
[2019-06-27 04:58:30] spend time is: 480
[2019-06-27 04:58:30] spend time is: 480
[2019-06-27 04:58:40] spend time is: 490
[2019-06-27 04:58:40] spend time is: 490
[2019-06-27 04:58:40] spend time is: 490
[2019-06-27 04:58:40] spend time is: 490
[2019-06-27 04:58:40] spend time is: 490
[2019-06-27 04:58:40] spend time is: 490
[2019-06-27 04:58:40] spend time is: 490
[2019-06-27 04:58:40] spend time is: 490
[2019-06-27 04:58:50] spend time is: 500
[2019-06-27 04:58:50] spend time is: 500
[2019-06-27 04:58:50] spend time is: 500
[2019-06-27 04:58:50] spend time is: 500
[2019-06-27 04:58:50] spend time is: 500
[2019-06-27 04:58:50] spend time is: 500
[2019-06-27 04:58:50] spend time is: 500
[2019-06-27 04:58:50] spend time is: 500
[2019-06-27 04:58:54] phabricator-5.0.1.tgz update done.
[2019-06-27 04:59:00] spend time is: 510
[2019-06-27 04:59:00] spend time is: 510
[2019-06-27 04:59:00] spend time is: 510
[2019-06-27 04:59:00] spend time is: 510
[2019-06-27 04:59:00] spend time is: 510
[2019-06-27 04:59:00] spend time is: 510
[2019-06-27 04:59:00] spend time is: 510
[2019-06-27 04:59:00] spend time is: 510
[2019-06-27 04:59:00] spend time is: 510
[2019-06-27 04:59:10] spend time is: 520
[2019-06-27 04:59:10] spend time is: 520
[2019-06-27 04:59:10] spend time is: 520
[2019-06-27 04:59:10] spend time is: 520
[2019-06-27 04:59:10] spend time is: 520
[2019-06-27 04:59:10] spend time is: 520
[2019-06-27 04:59:10] spend time is: 520
[2019-06-27 04:59:10] spend time is: 520
[2019-06-27 04:59:20] spend time is: 530
[2019-06-27 04:59:20] spend time is: 530
[2019-06-27 04:59:20] spend time is: 530
[2019-06-27 04:59:20] spend time is: 530
[2019-06-27 04:59:20] spend time is: 530
[2019-06-27 04:59:20] spend time is: 530
[2019-06-27 04:59:20] spend time is: 530
[2019-06-27 04:59:20] spend time is: 530
[2019-06-27 04:59:21] postgresql-5.3.10.tgz update done.
[2019-06-27 04:59:30] spend time is: 540
[2019-06-27 04:59:30] spend time is: 540
[2019-06-27 04:59:30] spend time is: 540
[2019-06-27 04:59:30] spend time is: 540
[2019-06-27 04:59:30] spend time is: 540
[2019-06-27 04:59:30] spend time is: 540
[2019-06-27 04:59:30] spend time is: 540
[2019-06-27 04:59:30] spend time is: 540
[2019-06-27 04:59:40] spend time is: 550
[2019-06-27 04:59:40] spend time is: 550
[2019-06-27 04:59:40] spend time is: 550
[2019-06-27 04:59:40] spend time is: 550
[2019-06-27 04:59:40] spend time is: 550
[2019-06-27 04:59:40] spend time is: 550
[2019-06-27 04:59:40] spend time is: 550
[2019-06-27 04:59:40] spend time is: 550
[2019-06-27 04:59:40] spend time is: 550
[2019-06-27 04:59:50] spend time is: 560
[2019-06-27 04:59:50] spend time is: 560
[2019-06-27 04:59:50] spend time is: 560
[2019-06-27 04:59:50] spend time is: 560
[2019-06-27 04:59:50] spend time is: 560
[2019-06-27 04:59:50] spend time is: 560
[2019-06-27 04:59:50] spend time is: 560
[2019-06-27 04:59:50] spend time is: 560
[2019-06-27 05:00:00] spend time is: 570
[2019-06-27 05:00:00] spend time is: 570
[2019-06-27 05:00:00] spend time is: 570
[2019-06-27 05:00:00] spend time is: 570
[2019-06-27 05:00:00] spend time is: 570
[2019-06-27 05:00:00] spend time is: 570
[2019-06-27 05:00:00] spend time is: 570
[2019-06-27 05:00:00] spend time is: 570
[2019-06-27 05:00:10] spend time is: 580
[2019-06-27 05:00:10] spend time is: 580
[2019-06-27 05:00:10] spend time is: 580
[2019-06-27 05:00:10] spend time is: 580
[2019-06-27 05:00:10] spend time is: 580
[2019-06-27 05:00:10] spend time is: 580
[2019-06-27 05:00:10] spend time is: 580
[2019-06-27 05:00:10] spend time is: 580
[2019-06-27 05:00:15] prometheus-mysql-exporter-0.5.0.tgz update done.
[2019-06-27 05:00:16] prometheus-nats-exporter-2.1.0.tgz update done.
[2019-06-27 05:00:19] prometheus-operator-5.13.0.tgz update done.
[2019-06-27 05:00:20] prometheus-operator-5.12.5.tgz update done.
[2019-06-27 05:00:20] spend time is: 590
[2019-06-27 05:00:20] spend time is: 590
[2019-06-27 05:00:20] spend time is: 590
[2019-06-27 05:00:20] spend time is: 590
[2019-06-27 05:00:20] spend time is: 590
[2019-06-27 05:00:20] spend time is: 590
[2019-06-27 05:00:20] spend time is: 590
[2019-06-27 05:00:30] spend time is: 600
Already up to date.
