Fetching origin
Warning: Permanently added the RSA host key for IP address '140.82.114.4' to the list of known hosts.
From github.com:babyshen/helm-charts-mirror
 * [new branch]      gh-pages   -> origin/gh-pages
 * [new branch]      master     -> origin/master
Previous HEAD position was 6f4bc38 restore bug
Switched to a new branch 'gh-pages'
Branch 'gh-pages' set up to track remote branch 'gh-pages' from 'origin'.
Warning: Permanently added the RSA host key for IP address '140.82.113.4' to the list of known hosts.
Already up to date.
Branch 'gh-pages' set up to track remote branch 'gh-pages' from 'origin'.
  % Total    % Received % Xferd  Average Speed   Time    Time     Time  Current
                                 Dload  Upload   Total   Spent    Left  Speed
  0     0    0     0    0     0      0      0 --:--:-- --:--:-- --:--:--     0100 7522k  100 7522k    0     0   103M      0 --:--:-- --:--:-- --:--:--  104M
[2020-02-04 06:39:43] spend time is: 110
[2020-02-04 06:39:43] spend time is: 110
[2020-02-04 06:39:43] spend time is: 110
[2020-02-04 06:39:43] spend time is: 110
[2020-02-04 06:39:43] spend time is: 110
[2020-02-04 06:39:43] spend time is: 110
[2020-02-04 06:39:43] spend time is: 110
[2020-02-04 06:39:43] spend time is: 110
[2020-02-04 06:39:43] spend time is: 110
[2020-02-04 06:39:44] spend time is: 110
[2020-02-04 06:39:53] spend time is: 120
[2020-02-04 06:39:53] spend time is: 120
[2020-02-04 06:39:53] spend time is: 120
[2020-02-04 06:39:53] spend time is: 120
[2020-02-04 06:39:53] spend time is: 120
[2020-02-04 06:39:53] spend time is: 120
[2020-02-04 06:39:53] spend time is: 120
[2020-02-04 06:39:53] spend time is: 120
[2020-02-04 06:39:53] spend time is: 120
[2020-02-04 06:39:53] spend time is: 120
[2020-02-04 06:39:54] spend time is: 120
[2020-02-04 06:40:03] spend time is: 130
[2020-02-04 06:40:03] spend time is: 130
[2020-02-04 06:40:03] spend time is: 130
[2020-02-04 06:40:03] spend time is: 130
[2020-02-04 06:40:03] spend time is: 130
[2020-02-04 06:40:03] spend time is: 130
[2020-02-04 06:40:03] spend time is: 130
[2020-02-04 06:40:03] spend time is: 130
[2020-02-04 06:40:03] spend time is: 130
[2020-02-04 06:40:05] atlantis-3.11.0.tgz update done.
[2020-02-04 06:40:13] spend time is: 140
[2020-02-04 06:40:13] spend time is: 140
[2020-02-04 06:40:13] spend time is: 140
[2020-02-04 06:40:13] spend time is: 140
[2020-02-04 06:40:13] spend time is: 140
[2020-02-04 06:40:13] spend time is: 140
[2020-02-04 06:40:13] spend time is: 140
[2020-02-04 06:40:13] spend time is: 140
[2020-02-04 06:40:13] spend time is: 140
[2020-02-04 06:40:13] spend time is: 140
[2020-02-04 06:40:14] spend time is: 140
[2020-02-04 06:40:23] spend time is: 150
[2020-02-04 06:40:23] spend time is: 150
[2020-02-04 06:40:23] spend time is: 150
[2020-02-04 06:40:23] spend time is: 150
[2020-02-04 06:40:23] spend time is: 150
[2020-02-04 06:40:23] spend time is: 150
[2020-02-04 06:40:23] spend time is: 150
[2020-02-04 06:40:23] spend time is: 150
[2020-02-04 06:40:23] spend time is: 150
[2020-02-04 06:40:23] spend time is: 150
[2020-02-04 06:40:33] spend time is: 160
[2020-02-04 06:40:33] spend time is: 160
[2020-02-04 06:40:33] spend time is: 160
[2020-02-04 06:40:33] spend time is: 160
[2020-02-04 06:40:33] spend time is: 160
[2020-02-04 06:40:33] spend time is: 160
[2020-02-04 06:40:33] spend time is: 160
[2020-02-04 06:40:33] spend time is: 160
[2020-02-04 06:40:33] spend time is: 160
[2020-02-04 06:40:33] spend time is: 160
[2020-02-04 06:40:43] spend time is: 170
[2020-02-04 06:40:43] spend time is: 170
[2020-02-04 06:40:43] spend time is: 170
[2020-02-04 06:40:43] spend time is: 170
[2020-02-04 06:40:43] spend time is: 170
[2020-02-04 06:40:43] spend time is: 170
[2020-02-04 06:40:43] spend time is: 170
[2020-02-04 06:40:43] spend time is: 170
[2020-02-04 06:40:43] spend time is: 170
[2020-02-04 06:40:43] spend time is: 170
[2020-02-04 06:40:43] spend time is: 170
[2020-02-04 06:40:53] spend time is: 180
[2020-02-04 06:40:53] spend time is: 180
[2020-02-04 06:40:53] spend time is: 180
[2020-02-04 06:40:53] spend time is: 180
[2020-02-04 06:40:53] spend time is: 180
[2020-02-04 06:40:53] spend time is: 180
[2020-02-04 06:40:53] spend time is: 180
[2020-02-04 06:40:53] spend time is: 180
[2020-02-04 06:40:53] spend time is: 180
[2020-02-04 06:40:53] spend time is: 180
[2020-02-04 06:40:53] spend time is: 180
[2020-02-04 06:41:03] spend time is: 190
[2020-02-04 06:41:03] spend time is: 190
[2020-02-04 06:41:03] spend time is: 190
[2020-02-04 06:41:03] spend time is: 190
[2020-02-04 06:41:03] spend time is: 190
[2020-02-04 06:41:03] spend time is: 190
[2020-02-04 06:41:03] spend time is: 190
[2020-02-04 06:41:03] spend time is: 190
[2020-02-04 06:41:03] spend time is: 190
[2020-02-04 06:41:03] spend time is: 190
[2020-02-04 06:41:03] spend time is: 190
[2020-02-04 06:41:03] spend time is: 190
[2020-02-04 06:41:13] spend time is: 200
[2020-02-04 06:41:13] spend time is: 200
[2020-02-04 06:41:13] spend time is: 200
[2020-02-04 06:41:13] spend time is: 200
[2020-02-04 06:41:13] spend time is: 200
[2020-02-04 06:41:13] spend time is: 200
[2020-02-04 06:41:13] spend time is: 200
[2020-02-04 06:41:13] spend time is: 200
[2020-02-04 06:41:13] spend time is: 200
[2020-02-04 06:41:13] spend time is: 200
[2020-02-04 06:41:14] spend time is: 200
[2020-02-04 06:41:23] spend time is: 210
[2020-02-04 06:41:23] [2020-02-04 06:41:23] spend time is: 210
spend time is: 210
[2020-02-04 06:41:23] spend time is: 210
[2020-02-04 06:41:23] spend time is: 210
[2020-02-04 06:41:23] spend time is: 210
[2020-02-04 06:41:23] spend time is: 210
[2020-02-04 06:41:23] spend time is: 210
[2020-02-04 06:41:23] spend time is: 210
[2020-02-04 06:41:23] spend time is: 210
[2020-02-04 06:41:23] spend time is: 210
[2020-02-04 06:41:23] spend time is: 210
[2020-02-04 06:41:33] spend time is: 220
[2020-02-04 06:41:33] spend time is: 220
[2020-02-04 06:41:33] spend time is: 220
[2020-02-04 06:41:33] spend time is: 220
[2020-02-04 06:41:33] spend time is: 220
[2020-02-04 06:41:33] spend time is: 220
[2020-02-04 06:41:33] spend time is: 220
[2020-02-04 06:41:33] spend time is: 220
[2020-02-04 06:41:33] spend time is: 220
[2020-02-04 06:41:33] spend time is: 220
[2020-02-04 06:41:42] drupal-6.2.4.tgz update done.
[2020-02-04 06:41:43] spend time is: 230
[2020-02-04 06:41:43] spend time is: 230
[2020-02-04 06:41:43] spend time is: 230
[2020-02-04 06:41:43] spend time is: 230
[2020-02-04 06:41:43] spend time is: 230
[2020-02-04 06:41:43] spend time is: 230
[2020-02-04 06:41:43] spend time is: 230
[2020-02-04 06:41:43] spend time is: 230
[2020-02-04 06:41:43] spend time is: 230
[2020-02-04 06:41:43] spend time is: 230
[2020-02-04 06:41:53] spend time is: 240
[2020-02-04 06:41:53] spend time is: 240
[2020-02-04 06:41:53] spend time is: 240
[2020-02-04 06:41:53] spend time is: 240
[2020-02-04 06:41:53] spend time is: 240
[2020-02-04 06:41:53] spend time is: 240
[2020-02-04 06:41:53] spend time is: 240
[2020-02-04 06:41:53] spend time is: 240
[2020-02-04 06:41:53] spend time is: 240
[2020-02-04 06:41:53] spend time is: 240
[2020-02-04 06:41:53] spend time is: 240
[2020-02-04 06:42:00] elastic-stack-1.8.0.tgz update done.
[2020-02-04 06:42:03] spend time is: 250
[2020-02-04 06:42:03] spend time is: 250
[2020-02-04 06:42:03] spend time is: 250
[2020-02-04 06:42:03] spend time is: 250
[2020-02-04 06:42:03] spend time is: 250
[2020-02-04 06:42:03] spend time is: 250
[2020-02-04 06:42:03] spend time is: 250
[2020-02-04 06:42:03] spend time is: 250
[2020-02-04 06:42:03] spend time is: 250
[2020-02-04 06:42:03] spend time is: 250
[2020-02-04 06:42:13] spend time is: 260
[2020-02-04 06:42:13] spend time is: 260
[2020-02-04 06:42:13] spend time is: 260
[2020-02-04 06:42:13] spend time is: 260
[2020-02-04 06:42:13] spend time is: 260
[2020-02-04 06:42:13] spend time is: 260
[2020-02-04 06:42:13] spend time is: 260
[2020-02-04 06:42:13] spend time is: 260
[2020-02-04 06:42:13] spend time is: 260
[2020-02-04 06:42:13] spend time is: 260
[2020-02-04 06:42:23] spend time is: 270
[2020-02-04 06:42:23] spend time is: 270
[2020-02-04 06:42:23] spend time is: 270
[2020-02-04 06:42:23] spend time is: 270
[2020-02-04 06:42:23] spend time is: 270
[2020-02-04 06:42:23] spend time is: 270
[2020-02-04 06:42:23] spend time is: 270
[2020-02-04 06:42:23] spend time is: 270
[2020-02-04 06:42:23] spend time is: 270
[2020-02-04 06:42:23] spend time is: 270
[2020-02-04 06:42:23] spend time is: 270
[2020-02-04 06:42:33] spend time is: 280
[2020-02-04 06:42:33] spend time is: 280
[2020-02-04 06:42:33] spend time is: 280
[2020-02-04 06:42:33] spend time is: 280
[2020-02-04 06:42:33] spend time is: 280
[2020-02-04 06:42:33] spend time is: 280
[2020-02-04 06:42:33] spend time is: 280
[2020-02-04 06:42:33] spend time is: 280
[2020-02-04 06:42:33] spend time is: 280
[2020-02-04 06:42:33] spend time is: 280
[2020-02-04 06:42:33] spend time is: 280
[2020-02-04 06:42:43] spend time is: 290
[2020-02-04 06:42:43] spend time is: 290
[2020-02-04 06:42:43] spend time is: 290
[2020-02-04 06:42:43] spend time is: 290
[2020-02-04 06:42:43] spend time is: 290
[2020-02-04 06:42:43] spend time is: 290
[2020-02-04 06:42:43] spend time is: 290
[2020-02-04 06:42:43] spend time is: 290
[2020-02-04 06:42:43] spend time is: 290
[2020-02-04 06:42:43] spend time is: 290
[2020-02-04 06:42:53] spend time is: 300
[2020-02-04 06:42:53] spend time is: 300
[2020-02-04 06:42:53] spend time is: 300
[2020-02-04 06:42:53] spend time is: 300
Warning: Permanently added the RSA host key for IP address '192.30.253.112' to the list of known hosts.
Already up to date.
Already up to date.
fatal: Unable to create '/home/travis/build/babyshen/helm-charts-mirror/.git/index.lock': File exists.

Another git process seems to be running in this repository, e.g.
an editor opened by 'git commit'. Please make sure all processes
are terminated then try again. If it still fails, a git process
may have crashed in this repository earlier:
remove the file manually to continue.
Already up to date.
fatal: Unable to create '/home/travis/build/babyshen/helm-charts-mirror/.git/index.lock': File exists.

Another git process seems to be running in this repository, e.g.
an editor opened by 'git commit'. Please make sure all processes
are terminated then try again. If it still fails, a git process
may have crashed in this repository earlier:
remove the file manually to continue.
Already up to date.
fatal: Unable to create '/home/travis/build/babyshen/helm-charts-mirror/.git/index.lock': File exists.

Another git process seems to be running in this repository, e.g.
an editor opened by 'git commit'. Please make sure all processes
are terminated then try again. If it still fails, a git process
may have crashed in this repository earlier:
remove the file manually to continue.
[gh-pages 9ad6623] Synchronizing completion at 2020-02-04
 7 files changed, 772 insertions(+), 296 deletions(-)
 create mode 100644 atlantis-3.11.0.tgz
 create mode 100644 drupal-6.2.4.tgz
 rewrite elastic-stack-1.8.0.tgz (99%)
 create mode 100644 travis_wait_1999.log
To github.com:babyshen/helm-charts-mirror.git
   c4dae4b..9ad6623  gh-pages -> gh-pages
Branch 'gh-pages' set up to track remote branch 'gh-pages' from 'origin'.
[2020-02-04 06:43:03] spend time is: 310
[2020-02-04 06:43:03] spend time is: 310
[2020-02-04 06:43:03] spend time is: 310
[2020-02-04 06:43:03] spend time is: 310
[2020-02-04 06:43:03] spend time is: 310
[2020-02-04 06:43:03] spend time is: 310
[2020-02-04 06:43:03] spend time is: 310
[2020-02-04 06:43:03] spend time is: 310
[2020-02-04 06:43:13] spend time is: 320
[2020-02-04 06:43:13] spend time is: 320
[2020-02-04 06:43:13] spend time is: 320
[2020-02-04 06:43:13] spend time is: 320
[2020-02-04 06:43:13] spend time is: 320
[2020-02-04 06:43:13] spend time is: 320
[2020-02-04 06:43:13] spend time is: 320
[2020-02-04 06:43:13] spend time is: 320
[2020-02-04 06:43:23] spend time is: 330
[2020-02-04 06:43:23] spend time is: 330
[2020-02-04 06:43:23] spend time is: 330
[2020-02-04 06:43:23] spend time is: 330
[2020-02-04 06:43:23] spend time is: 330
[2020-02-04 06:43:23] spend time is: 330
[2020-02-04 06:43:23] spend time is: 330
[2020-02-04 06:43:33] spend time is: 340
[2020-02-04 06:43:33] spend time is: 340
[2020-02-04 06:43:33] spend time is: 340
[2020-02-04 06:43:33] spend time is: 340
[2020-02-04 06:43:33] spend time is: 340
[2020-02-04 06:43:33] spend time is: 340
[2020-02-04 06:43:33] spend time is: 340
[2020-02-04 06:43:43] spend time is: 350
[2020-02-04 06:43:43] spend time is: 350
[2020-02-04 06:43:43] spend time is: 350
[2020-02-04 06:43:43] spend time is: 350
[2020-02-04 06:43:43] spend time is: 350
[2020-02-04 06:43:43] spend time is: 350
[2020-02-04 06:43:43] spend time is: 350
[2020-02-04 06:43:48] grafana-4.5.1.tgz update done.
[2020-02-04 06:43:53] spend time is: 360
[2020-02-04 06:43:53] spend time is: 360
[2020-02-04 06:43:53] spend time is: 360
[2020-02-04 06:43:53] spend time is: 360
[2020-02-04 06:43:53] spend time is: 360
[2020-02-04 06:43:53] spend time is: 360
[2020-02-04 06:43:53] spend time is: 360
[2020-02-04 06:43:53] spend time is: 360
[2020-02-04 06:44:03] spend time is: 370
[2020-02-04 06:44:03] spend time is: 370
[2020-02-04 06:44:03] spend time is: 370
[2020-02-04 06:44:03] spend time is: 370
[2020-02-04 06:44:03] spend time is: 370
[2020-02-04 06:44:03] spend time is: 370
[2020-02-04 06:44:03] spend time is: 370
[2020-02-04 06:44:03] spend time is: 370
[2020-02-04 06:44:13] spend time is: 380
[2020-02-04 06:44:13] spend time is: 380
[2020-02-04 06:44:13] spend time is: 380
[2020-02-04 06:44:13] spend time is: 380
[2020-02-04 06:44:13] spend time is: 380
[2020-02-04 06:44:13] spend time is: 380
[2020-02-04 06:44:13] spend time is: 380
[2020-02-04 06:44:13] spend time is: 380
[2020-02-04 06:44:17] graylog-1.5.3.tgz update done.
[2020-02-04 06:44:17] graylog-1.5.2.tgz update done.
[2020-02-04 06:44:23] spend time is: 390
[2020-02-04 06:44:23] spend time is: 390
[2020-02-04 06:44:23] spend time is: 390
[2020-02-04 06:44:23] spend time is: 390
[2020-02-04 06:44:23] spend time is: 390
[2020-02-04 06:44:23] spend time is: 390
[2020-02-04 06:44:23] spend time is: 390
[2020-02-04 06:44:23] spend time is: 390
[2020-02-04 06:44:33] spend time is: 400
[2020-02-04 06:44:33] spend time is: 400
[2020-02-04 06:44:33] spend time is: 400
[2020-02-04 06:44:33] spend time is: 400
[2020-02-04 06:44:33] spend time is: 400
[2020-02-04 06:44:33] spend time is: 400
[2020-02-04 06:44:33] spend time is: 400
[2020-02-04 06:44:33] spend time is: 400
[2020-02-04 06:44:43] spend time is: 410
[2020-02-04 06:44:43] spend time is: 410
[2020-02-04 06:44:43] spend time is: 410
[2020-02-04 06:44:43] spend time is: 410
[2020-02-04 06:44:43] spend time is: 410
[2020-02-04 06:44:43] spend time is: 410
[2020-02-04 06:44:43] spend time is: 410
[2020-02-04 06:44:43] spend time is: 410
[2020-02-04 06:44:53] spend time is: 420
[2020-02-04 06:44:53] spend time is: 420
[2020-02-04 06:44:53] spend time is: 420
[2020-02-04 06:44:53] spend time is: 420
[2020-02-04 06:44:53] spend time is: 420
[2020-02-04 06:44:53] spend time is: 420
[2020-02-04 06:44:53] spend time is: 420
[2020-02-04 06:44:59] janusgraph-0.2.1.tgz update done.
[2020-02-04 06:45:03] spend time is: 430
[2020-02-04 06:45:03] spend time is: 430
[2020-02-04 06:45:03] spend time is: 430
[2020-02-04 06:45:03] spend time is: 430
[2020-02-04 06:45:03] spend time is: 430
[2020-02-04 06:45:03] spend time is: 430
[2020-02-04 06:45:03] spend time is: 430
[2020-02-04 06:45:03] spend time is: 430
[2020-02-04 06:45:13] spend time is: 440
[2020-02-04 06:45:13] spend time is: 440
[2020-02-04 06:45:13] spend time is: 440
[2020-02-04 06:45:13] spend time is: 440
[2020-02-04 06:45:13] spend time is: 440
[2020-02-04 06:45:13] spend time is: 440
[2020-02-04 06:45:13] spend time is: 440
[2020-02-04 06:45:13] spend time is: 440
[2020-02-04 06:45:23] spend time is: 450
[2020-02-04 06:45:23] spend time is: 450
[2020-02-04 06:45:23] spend time is: 450
[2020-02-04 06:45:23] spend time is: 450
[2020-02-04 06:45:23] spend time is: 450
[2020-02-04 06:45:23] spend time is: 450
[2020-02-04 06:45:23] spend time is: 450
[2020-02-04 06:45:33] spend time is: 460
[2020-02-04 06:45:33] spend time is: 460
[2020-02-04 06:45:33] spend time is: 460
[2020-02-04 06:45:33] spend time is: 460
[2020-02-04 06:45:33] spend time is: 460
[2020-02-04 06:45:33] spend time is: 460
[2020-02-04 06:45:33] spend time is: 460
[2020-02-04 06:45:33] spend time is: 460
[2020-02-04 06:45:43] spend time is: 470
[2020-02-04 06:45:43] spend time is: 470
[2020-02-04 06:45:43] spend time is: 470
[2020-02-04 06:45:43] spend time is: 470
[2020-02-04 06:45:43] spend time is: 470
[2020-02-04 06:45:43] spend time is: 470
[2020-02-04 06:45:43] spend time is: 470
[2020-02-04 06:45:43] spend time is: 470
[2020-02-04 06:45:53] spend time is: 480
[2020-02-04 06:45:53] spend time is: 480
[2020-02-04 06:45:53] spend time is: 480
[2020-02-04 06:45:53] spend time is: 480
[2020-02-04 06:45:53] spend time is: 480
[2020-02-04 06:45:53] spend time is: 480
[2020-02-04 06:45:53] spend time is: 480
[2020-02-04 06:45:53] spend time is: 480
[2020-02-04 06:46:03] spend time is: 490
[2020-02-04 06:46:03] spend time is: 490
[2020-02-04 06:46:03] spend time is: 490
[2020-02-04 06:46:03] spend time is: 490
[2020-02-04 06:46:03] spend time is: 490
[2020-02-04 06:46:03] spend time is: 490
[2020-02-04 06:46:03] spend time is: 490
[2020-02-04 06:46:13] spend time is: 500
[2020-02-04 06:46:13] spend time is: 500
[2020-02-04 06:46:13] spend time is: 500
[2020-02-04 06:46:13] spend time is: 500
[2020-02-04 06:46:13] spend time is: 500
[2020-02-04 06:46:13] spend time is: 500
[2020-02-04 06:46:13] spend time is: 500
[2020-02-04 06:46:13] spend time is: 500
[2020-02-04 06:46:23] spend time is: 510
[2020-02-04 06:46:23] spend time is: 510
[2020-02-04 06:46:23] spend time is: 510
[2020-02-04 06:46:23] spend time is: 510
[2020-02-04 06:46:23] spend time is: 510
[2020-02-04 06:46:23] spend time is: 510
[2020-02-04 06:46:23] spend time is: 510
[2020-02-04 06:46:23] spend time is: 510
[2020-02-04 06:46:33] spend time is: 520
[2020-02-04 06:46:33] spend time is: 520
[2020-02-04 06:46:33] spend time is: 520
[2020-02-04 06:46:33] spend time is: 520
[2020-02-04 06:46:33] spend time is: 520
[2020-02-04 06:46:33] spend time is: 520
[2020-02-04 06:46:33] spend time is: 520
[2020-02-04 06:46:33] spend time is: 520
[2020-02-04 06:46:43] spend time is: 530
[2020-02-04 06:46:43] spend time is: 530
[2020-02-04 06:46:43] spend time is: 530
[2020-02-04 06:46:43] spend time is: 530
[2020-02-04 06:46:43] spend time is: 530
[2020-02-04 06:46:43] spend time is: 530
[2020-02-04 06:46:43] spend time is: 530
[2020-02-04 06:46:43] spend time is: 530
[2020-02-04 06:46:53] spend time is: 540
[2020-02-04 06:46:53] spend time is: 540
[2020-02-04 06:46:53] spend time is: 540
[2020-02-04 06:46:53] spend time is: 540
[2020-02-04 06:46:53] spend time is: 540
[2020-02-04 06:46:53] spend time is: 540
[2020-02-04 06:46:53] spend time is: 540
[2020-02-04 06:46:53] spend time is: 540
[2020-02-04 06:47:03] spend time is: 550
[2020-02-04 06:47:03] spend time is: 550
[2020-02-04 06:47:03] spend time is: 550
[2020-02-04 06:47:03] spend time is: 550
[2020-02-04 06:47:03] spend time is: 550
[2020-02-04 06:47:03] spend time is: 550
[2020-02-04 06:47:03] spend time is: 550
[2020-02-04 06:47:03] spend time is: 550
[2020-02-04 06:47:13] spend time is: 560
[2020-02-04 06:47:13] spend time is: 560
[2020-02-04 06:47:13] spend time is: 560
[2020-02-04 06:47:13] spend time is: 560
[2020-02-04 06:47:13] spend time is: 560
[2020-02-04 06:47:13] spend time is: 560
[2020-02-04 06:47:13] spend time is: 560
[2020-02-04 06:47:23] spend time is: 570
[2020-02-04 06:47:23] spend time is: 570
[2020-02-04 06:47:23] spend time is: 570
[2020-02-04 06:47:23] spend time is: 570
[2020-02-04 06:47:23] spend time is: 570
[2020-02-04 06:47:23] spend time is: 570
[2020-02-04 06:47:23] spend time is: 570
[2020-02-04 06:47:33] spend time is: 580
[2020-02-04 06:47:33] spend time is: 580
[2020-02-04 06:47:33] spend time is: 580
[2020-02-04 06:47:33] spend time is: 580
[2020-02-04 06:47:33] spend time is: 580
[2020-02-04 06:47:33] spend time is: 580
[2020-02-04 06:47:33] spend time is: 580
[2020-02-04 06:47:43] spend time is: 590
[2020-02-04 06:47:43] spend time is: 590
[2020-02-04 06:47:43] spend time is: 590
[2020-02-04 06:47:43] spend time is: 590
[2020-02-04 06:47:43] spend time is: 590
[2020-02-04 06:47:43] spend time is: 590
[2020-02-04 06:47:43] spend time is: 590
[2020-02-04 06:47:43] spend time is: 590
[2020-02-04 06:47:53] spend time is: 600
Already up to date.
[gh-pages 1d86d1d] Synchronizing completion at 2020-02-04
 6 files changed, 239 insertions(+), 1 deletion(-)
 create mode 100644 grafana-4.5.1.tgz
 rewrite graylog-1.5.2.tgz (67%)
 create mode 100644 graylog-1.5.3.tgz
To github.com:babyshen/helm-charts-mirror.git
   9ad6623..1d86d1d  gh-pages -> gh-pages
Branch 'gh-pages' set up to track remote branch 'gh-pages' from 'origin'.
[2020-02-04 06:48:03] spend time is: 610
[2020-02-04 06:48:03] spend time is: 610
[2020-02-04 06:48:03] spend time is: 610
[2020-02-04 06:48:03] spend time is: 610
[2020-02-04 06:48:03] spend time is: 610
[2020-02-04 06:48:03] spend time is: 610
[2020-02-04 06:48:03] spend time is: 610
[2020-02-04 06:48:03] spend time is: 610
[2020-02-04 06:48:13] spend time is: 620
[2020-02-04 06:48:13] spend time is: 620
[2020-02-04 06:48:13] spend time is: 620
[2020-02-04 06:48:13] spend time is: 620
[2020-02-04 06:48:13] spend time is: 620
[2020-02-04 06:48:13] spend time is: 620
[2020-02-04 06:48:13] spend time is: 620
[2020-02-04 06:48:13] spend time is: 620
[2020-02-04 06:48:22] metabase-0.10.2.tgz update done.
[2020-02-04 06:48:22] metabase-0.10.1.tgz update done.
[2020-02-04 06:48:23] spend time is: 630
[2020-02-04 06:48:23] spend time is: 630
[2020-02-04 06:48:23] spend time is: 630
[2020-02-04 06:48:23] spend time is: 630
[2020-02-04 06:48:23] spend time is: 630
[2020-02-04 06:48:23] spend time is: 630
[2020-02-04 06:48:23] spend time is: 630
[2020-02-04 06:48:33] spend time is: 640
[2020-02-04 06:48:33] spend time is: 640
[2020-02-04 06:48:33] spend time is: 640
[2020-02-04 06:48:33] spend time is: 640
[2020-02-04 06:48:33] spend time is: 640
[2020-02-04 06:48:33] spend time is: 640
[2020-02-04 06:48:33] spend time is: 640
[2020-02-04 06:48:33] spend time is: 640
[2020-02-04 06:48:43] spend time is: 650
[2020-02-04 06:48:43] spend time is: 650
[2020-02-04 06:48:43] spend time is: 650
[2020-02-04 06:48:43] spend time is: 650
[2020-02-04 06:48:43] spend time is: 650
[2020-02-04 06:48:43] spend time is: 650
[2020-02-04 06:48:43] spend time is: 650
[2020-02-04 06:48:43] spend time is: 650
[2020-02-04 06:48:53] spend time is: 660
[2020-02-04 06:48:53] spend time is: 660
[2020-02-04 06:48:53] spend time is: 660
[2020-02-04 06:48:53] spend time is: 660
[2020-02-04 06:48:53] spend time is: 660
[2020-02-04 06:48:53] spend time is: 660
[2020-02-04 06:48:53] spend time is: 660
[2020-02-04 06:48:53] spend time is: 660
[2020-02-04 06:48:54] mission-control-0.4.3.tgz update done.
[2020-02-04 06:49:03] spend time is: 670
[2020-02-04 06:49:03] spend time is: 670
[2020-02-04 06:49:03] spend time is: 670
[2020-02-04 06:49:03] spend time is: 670
[2020-02-04 06:49:03] spend time is: 670
[2020-02-04 06:49:03] spend time is: 670
[2020-02-04 06:49:03] spend time is: 670
[2020-02-04 06:49:03] spend time is: 670
[2020-02-04 06:49:13] spend time is: 680
[2020-02-04 06:49:13] spend time is: 680
[2020-02-04 06:49:13] spend time is: 680
[2020-02-04 06:49:13] spend time is: 680
[2020-02-04 06:49:13] spend time is: 680
[2020-02-04 06:49:13] spend time is: 680
[2020-02-04 06:49:13] spend time is: 680
[2020-02-04 06:49:13] spend time is: 680
[2020-02-04 06:49:23] spend time is: 690
[2020-02-04 06:49:23] spend time is: 690
[2020-02-04 06:49:23] spend time is: 690
[2020-02-04 06:49:23] spend time is: 690
[2020-02-04 06:49:23] spend time is: 690
[2020-02-04 06:49:23] spend time is: 690
[2020-02-04 06:49:23] spend time is: 690
[2020-02-04 06:49:23] spend time is: 690
[2020-02-04 06:49:27] moodle-7.1.0.tgz update done.
[2020-02-04 06:49:33] spend time is: 700
[2020-02-04 06:49:33] spend time is: 700
[2020-02-04 06:49:33] spend time is: 700
[2020-02-04 06:49:33] spend time is: 700
[2020-02-04 06:49:33] spend time is: 700
[2020-02-04 06:49:33] spend time is: 700
[2020-02-04 06:49:33] spend time is: 700
[2020-02-04 06:49:33] spend time is: 700
[2020-02-04 06:49:43] spend time is: 710
[2020-02-04 06:49:43] spend time is: 710
[2020-02-04 06:49:43] spend time is: 710
[2020-02-04 06:49:43] spend time is: 710
[2020-02-04 06:49:43] spend time is: 710
[2020-02-04 06:49:43] spend time is: 710
[2020-02-04 06:49:43] spend time is: 710
[2020-02-04 06:49:43] spend time is: 710
[2020-02-04 06:49:53] spend time is: 720
[2020-02-04 06:49:53] spend time is: 720
[2020-02-04 06:49:53] spend time is: 720
[2020-02-04 06:49:53] spend time is: 720
[2020-02-04 06:49:53] spend time is: 720
[2020-02-04 06:49:53] spend time is: 720
[2020-02-04 06:49:53] spend time is: 720
[2020-02-04 06:49:53] spend time is: 720
[2020-02-04 06:49:55] nats-4.2.12.tgz update done.
[2020-02-04 06:50:03] spend time is: 730
[2020-02-04 06:50:03] spend time is: 730
[2020-02-04 06:50:03] spend time is: 730
[2020-02-04 06:50:03] spend time is: 730
[2020-02-04 06:50:03] spend time is: 730
[2020-02-04 06:50:03] spend time is: 730
[2020-02-04 06:50:03] spend time is: 730
[2020-02-04 06:50:03] spend time is: 730
[2020-02-04 06:50:12] nextcloud-1.9.1.tgz update done.
[2020-02-04 06:50:13] spend time is: 740
[2020-02-04 06:50:13] spend time is: 740
[2020-02-04 06:50:13] spend time is: 740
[2020-02-04 06:50:13] spend time is: 740
[2020-02-04 06:50:13] spend time is: 740
[2020-02-04 06:50:13] spend time is: 740
[2020-02-04 06:50:13] spend time is: 740
[2020-02-04 06:50:13] spend time is: 740
[2020-02-04 06:50:18] nfs-server-provisioner-0.5.0.tgz update done.
[2020-02-04 06:50:23] spend time is: 750
[2020-02-04 06:50:23] spend time is: 750
[2020-02-04 06:50:23] spend time is: 750
[2020-02-04 06:50:23] spend time is: 750
[2020-02-04 06:50:23] spend time is: 750
[2020-02-04 06:50:23] spend time is: 750
[2020-02-04 06:50:23] spend time is: 750
[2020-02-04 06:50:23] spend time is: 750
[2020-02-04 06:50:33] spend time is: 760
[2020-02-04 06:50:33] spend time is: 760
[2020-02-04 06:50:33] spend time is: 760
[2020-02-04 06:50:33] spend time is: 760
[2020-02-04 06:50:33] spend time is: 760
[2020-02-04 06:50:33] spend time is: 760
[2020-02-04 06:50:33] spend time is: 760
[2020-02-04 06:50:33] spend time is: 760
[2020-02-04 06:50:43] spend time is: 770
[2020-02-04 06:50:43] spend time is: 770
[2020-02-04 06:50:43] spend time is: 770
[2020-02-04 06:50:43] spend time is: 770
[2020-02-04 06:50:43] spend time is: 770
[2020-02-04 06:50:43] spend time is: 770
[2020-02-04 06:50:43] spend time is: 770
[2020-02-04 06:50:53] spend time is: 780
[2020-02-04 06:50:53] spend time is: 780
[2020-02-04 06:50:53] spend time is: 780
[2020-02-04 06:50:53] spend time is: 780
[2020-02-04 06:50:53] spend time is: 780
[2020-02-04 06:50:53] spend time is: 780
[2020-02-04 06:50:53] spend time is: 780
[2020-02-04 06:50:53] spend time is: 780
[2020-02-04 06:50:54] odoo-13.0.0.tgz update done.
[2020-02-04 06:51:03] spend time is: 790
[2020-02-04 06:51:03] spend time is: 790
[2020-02-04 06:51:03] spend time is: 790
[2020-02-04 06:51:03] spend time is: 790
[2020-02-04 06:51:03] spend time is: 790
[2020-02-04 06:51:03] spend time is: 790
[2020-02-04 06:51:03] spend time is: 790
[2020-02-04 06:51:03] spend time is: 790
[2020-02-04 06:51:13] spend time is: 800
[2020-02-04 06:51:13] spend time is: 800
[2020-02-04 06:51:13] spend time is: 800
[2020-02-04 06:51:13] spend time is: 800
[2020-02-04 06:51:13] spend time is: 800
[2020-02-04 06:51:13] spend time is: 800
[2020-02-04 06:51:13] spend time is: 800
[2020-02-04 06:51:13] spend time is: 800
[2020-02-04 06:51:23] spend time is: 810
[2020-02-04 06:51:23] spend time is: 810
[2020-02-04 06:51:23] spend time is: 810
[2020-02-04 06:51:23] spend time is: 810
[2020-02-04 06:51:23] spend time is: 810
[2020-02-04 06:51:23] spend time is: 810
[2020-02-04 06:51:23] spend time is: 810
[2020-02-04 06:51:33] spend time is: 820
[2020-02-04 06:51:33] spend time is: 820
[2020-02-04 06:51:33] spend time is: 820
[2020-02-04 06:51:33] spend time is: 820
[2020-02-04 06:51:33] spend time is: 820
[2020-02-04 06:51:33] spend time is: 820
[2020-02-04 06:51:33] spend time is: 820
[2020-02-04 06:51:33] spend time is: 820
[2020-02-04 06:51:43] spend time is: 830
[2020-02-04 06:51:43] spend time is: 830
[2020-02-04 06:51:43] spend time is: 830
[2020-02-04 06:51:43] spend time is: 830
[2020-02-04 06:51:43] spend time is: 830
[2020-02-04 06:51:43] spend time is: 830
[2020-02-04 06:51:43] spend time is: 830
[2020-02-04 06:51:53] spend time is: 840
[2020-02-04 06:51:53] spend time is: 840
[2020-02-04 06:51:53] spend time is: 840
[2020-02-04 06:51:53] spend time is: 840
[2020-02-04 06:51:53] spend time is: 840
[2020-02-04 06:51:53] spend time is: 840
[2020-02-04 06:51:53] spend time is: 840
[2020-02-04 06:52:03] spend time is: 850
[2020-02-04 06:52:03] spend time is: 850
[2020-02-04 06:52:03] spend time is: 850
[2020-02-04 06:52:03] spend time is: 850
[2020-02-04 06:52:03] spend time is: 850
[2020-02-04 06:52:03] spend time is: 850
[2020-02-04 06:52:03] spend time is: 850
[2020-02-04 06:52:04] spend time is: 850
[2020-02-04 06:52:13] spend time is: 860
[2020-02-04 06:52:13] spend time is: 860
[2020-02-04 06:52:13] spend time is: 860
[2020-02-04 06:52:13] spend time is: 860
[2020-02-04 06:52:13] spend time is: 860
[2020-02-04 06:52:13] spend time is: 860
[2020-02-04 06:52:13] spend time is: 860
[2020-02-04 06:52:13] spend time is: 860
[2020-02-04 06:52:23] spend time is: 870
[2020-02-04 06:52:23] spend time is: 870
[2020-02-04 06:52:23] spend time is: 870
[2020-02-04 06:52:23] spend time is: 870
[2020-02-04 06:52:23] spend time is: 870
[2020-02-04 06:52:23] spend time is: 870
[2020-02-04 06:52:23] spend time is: 870
[2020-02-04 06:52:32] pgadmin-1.1.0.tgz update done.
[2020-02-04 06:52:33] spend time is: 880
[2020-02-04 06:52:33] spend time is: 880
[2020-02-04 06:52:33] spend time is: 880
[2020-02-04 06:52:33] spend time is: 880
[2020-02-04 06:52:33] spend time is: 880
[2020-02-04 06:52:33] spend time is: 880
[2020-02-04 06:52:33] spend time is: 880
[2020-02-04 06:52:33] spend time is: 880
[2020-02-04 06:52:43] spend time is: 890
[2020-02-04 06:52:43] spend time is: 890
[2020-02-04 06:52:43] spend time is: 890
[2020-02-04 06:52:43] spend time is: 890
[2020-02-04 06:52:43] spend time is: 890
[2020-02-04 06:52:43] spend time is: 890
[2020-02-04 06:52:43] spend time is: 890
[2020-02-04 06:52:43] spend time is: 890
[2020-02-04 06:52:53] spend time is: 900
Already up to date.
[gh-pages 706bad9] Synchronizing completion at 2020-02-04
 11 files changed, 246 insertions(+), 1 deletion(-)
 create mode 100644 metabase-0.10.1.tgz
 create mode 100644 metabase-0.10.2.tgz
 rewrite mission-control-0.4.3.tgz (99%)
 create mode 100644 moodle-7.1.0.tgz
 create mode 100644 nats-4.2.12.tgz
 rewrite nextcloud-1.9.1.tgz (98%)
 create mode 100644 nfs-server-provisioner-0.5.0.tgz
 create mode 100644 odoo-13.0.0.tgz
 create mode 100644 pgadmin-1.1.0.tgz
To github.com:babyshen/helm-charts-mirror.git
   1d86d1d..706bad9  gh-pages -> gh-pages
Branch 'gh-pages' set up to track remote branch 'gh-pages' from 'origin'.
[2020-02-04 06:53:03] spend time is: 910
[2020-02-04 06:53:03] spend time is: 910
[2020-02-04 06:53:03] spend time is: 910
[2020-02-04 06:53:03] spend time is: 910
[2020-02-04 06:53:03] spend time is: 910
[2020-02-04 06:53:03] spend time is: 910
[2020-02-04 06:53:03] spend time is: 910
[2020-02-04 06:53:13] spend time is: 920
[2020-02-04 06:53:13] spend time is: 920
[2020-02-04 06:53:13] spend time is: 920
[2020-02-04 06:53:13] spend time is: 920
[2020-02-04 06:53:13] spend time is: 920
[2020-02-04 06:53:13] spend time is: 920
[2020-02-04 06:53:13] spend time is: 920
[2020-02-04 06:53:13] spend time is: 920
[2020-02-04 06:53:23] spend time is: 930
[2020-02-04 06:53:23] spend time is: 930
[2020-02-04 06:53:23] spend time is: 930
[2020-02-04 06:53:23] spend time is: 930
[2020-02-04 06:53:23] spend time is: 930
[2020-02-04 06:53:23] spend time is: 930
[2020-02-04 06:53:23] spend time is: 930
[2020-02-04 06:53:23] spend time is: 930
[2020-02-04 06:53:33] spend time is: 940
[2020-02-04 06:53:33] spend time is: 940
[2020-02-04 06:53:33] spend time is: 940
[2020-02-04 06:53:33] spend time is: 940
[2020-02-04 06:53:33] spend time is: 940
[2020-02-04 06:53:33] spend time is: 940
[2020-02-04 06:53:33] spend time is: 940
[2020-02-04 06:53:43] spend time is: 950
[2020-02-04 06:53:43] spend time is: 950
[2020-02-04 06:53:43] spend time is: 950
[2020-02-04 06:53:43] spend time is: 950
[2020-02-04 06:53:43] spend time is: 950
[2020-02-04 06:53:43] spend time is: 950
[2020-02-04 06:53:43] spend time is: 950
[2020-02-04 06:53:43] spend time is: 950
[2020-02-04 06:53:53] spend time is: 960
[2020-02-04 06:53:53] spend time is: 960
[2020-02-04 06:53:53] spend time is: 960
[2020-02-04 06:53:53] spend time is: 960
[2020-02-04 06:53:53] spend time is: 960
[2020-02-04 06:53:53] spend time is: 960
[2020-02-04 06:53:53] spend time is: 960
[2020-02-04 06:53:53] spend time is: 960
[2020-02-04 06:54:03] spend time is: 970
[2020-02-04 06:54:03] spend time is: 970
[2020-02-04 06:54:03] spend time is: 970
[2020-02-04 06:54:03] spend time is: 970
[2020-02-04 06:54:03] spend time is: 970
[2020-02-04 06:54:03] spend time is: 970
[2020-02-04 06:54:03] spend time is: 970
[2020-02-04 06:54:03] spend time is: 970
[2020-02-04 06:54:13] spend time is: 980
[2020-02-04 06:54:13] spend time is: 980
[2020-02-04 06:54:13] spend time is: 980
[2020-02-04 06:54:13] spend time is: 980
[2020-02-04 06:54:13] spend time is: 980
[2020-02-04 06:54:13] spend time is: 980
[2020-02-04 06:54:13] spend time is: 980
[2020-02-04 06:54:13] spend time is: 980
[2020-02-04 06:54:23] spend time is: 990
[2020-02-04 06:54:23] spend time is: 990
[2020-02-04 06:54:23] spend time is: 990
[2020-02-04 06:54:23] spend time is: 990
[2020-02-04 06:54:23] spend time is: 990
[2020-02-04 06:54:23] spend time is: 990
[2020-02-04 06:54:23] spend time is: 990
[2020-02-04 06:54:23] spend time is: 990
[2020-02-04 06:54:32] prometheus-blackbox-exporter-3.1.0.tgz update done.
[2020-02-04 06:54:33] spend time is: 1000
[2020-02-04 06:54:33] spend time is: 1000
[2020-02-04 06:54:33] spend time is: 1000
[2020-02-04 06:54:33] spend time is: 1000
[2020-02-04 06:54:33] spend time is: 1000
[2020-02-04 06:54:33] spend time is: 1000
[2020-02-04 06:54:33] spend time is: 1000
[2020-02-04 06:54:33] spend time is: 1000
[2020-02-04 06:54:43] spend time is: 1010
[2020-02-04 06:54:43] spend time is: 1010
[2020-02-04 06:54:43] spend time is: 1010
[2020-02-04 06:54:43] spend time is: 1010
[2020-02-04 06:54:43] spend time is: 1010
[2020-02-04 06:54:43] spend time is: 1010
[2020-02-04 06:54:43] spend time is: 1010
[2020-02-04 06:54:46] prometheus-operator-8.7.0.tgz update done.
[2020-02-04 06:54:53] spend time is: 1020
[2020-02-04 06:54:53] spend time is: 1020
[2020-02-04 06:54:53] spend time is: 1020
[2020-02-04 06:54:53] spend time is: 1020
[2020-02-04 06:54:53] spend time is: 1020
[2020-02-04 06:54:53] spend time is: 1020
[2020-02-04 06:54:53] spend time is: 1020
[2020-02-04 06:54:53] spend time is: 1020
[2020-02-04 06:55:03] spend time is: 1030
[2020-02-04 06:55:03] spend time is: 1030
[2020-02-04 06:55:03] spend time is: 1030
[2020-02-04 06:55:03] spend time is: 1030
[2020-02-04 06:55:03] spend time is: 1030
[2020-02-04 06:55:03] spend time is: 1030
[2020-02-04 06:55:03] spend time is: 1030
[2020-02-04 06:55:13] spend time is: 1040
[2020-02-04 06:55:13] spend time is: 1040
[2020-02-04 06:55:13] spend time is: 1040
[2020-02-04 06:55:13] spend time is: 1040
[2020-02-04 06:55:13] spend time is: 1040
[2020-02-04 06:55:13] spend time is: 1040
[2020-02-04 06:55:13] spend time is: 1040
[2020-02-04 06:55:19] prometheus-pushgateway-1.2.14.tgz update done.
[2020-02-04 06:55:23] spend time is: 1050
[2020-02-04 06:55:23] spend time is: 1050
[2020-02-04 06:55:23] spend time is: 1050
[2020-02-04 06:55:23] spend time is: 1050
[2020-02-04 06:55:23] spend time is: 1050
[2020-02-04 06:55:23] spend time is: 1050
[2020-02-04 06:55:23] spend time is: 1050
[2020-02-04 06:55:23] spend time is: 1050
[2020-02-04 06:55:25] prometheus-redis-exporter-3.2.2.tgz update done.
[2020-02-04 06:55:30] rabbitmq-6.17.0.tgz update done.
[2020-02-04 06:55:33] spend time is: 1060
[2020-02-04 06:55:33] spend time is: 1060
[2020-02-04 06:55:33] spend time is: 1060
[2020-02-04 06:55:33] spend time is: 1060
[2020-02-04 06:55:33] spend time is: 1060
[2020-02-04 06:55:33] spend time is: 1060
[2020-02-04 06:55:33] spend time is: 1060
[2020-02-04 06:55:43] spend time is: 1070
[2020-02-04 06:55:43] spend time is: 1070
[2020-02-04 06:55:43] spend time is: 1070
[2020-02-04 06:55:43] spend time is: 1070
[2020-02-04 06:55:43] spend time is: 1070
[2020-02-04 06:55:43] spend time is: 1070
[2020-02-04 06:55:43] spend time is: 1070
[2020-02-04 06:55:53] spend time is: 1080
[2020-02-04 06:55:53] spend time is: 1080
[2020-02-04 06:55:53] spend time is: 1080
[2020-02-04 06:55:53] spend time is: 1080
[2020-02-04 06:55:53] spend time is: 1080
[2020-02-04 06:55:53] spend time is: 1080
[2020-02-04 06:55:53] spend time is: 1080
[2020-02-04 06:55:53] spend time is: 1080
[2020-02-04 06:56:03] spend time is: 1090
[2020-02-04 06:56:03] spend time is: 1090
[2020-02-04 06:56:03] spend time is: 1090
[2020-02-04 06:56:03] spend time is: 1090
[2020-02-04 06:56:03] spend time is: 1090
[2020-02-04 06:56:03] spend time is: 1090
[2020-02-04 06:56:03] spend time is: 1090
[2020-02-04 06:56:08] redis-10.4.1.tgz update done.
[2020-02-04 06:56:08] redis-10.4.0.tgz update done.
[2020-02-04 06:56:13] spend time is: 1100
[2020-02-04 06:56:13] spend time is: 1100
[2020-02-04 06:56:13] spend time is: 1100
[2020-02-04 06:56:13] spend time is: 1100
[2020-02-04 06:56:13] spend time is: 1100
[2020-02-04 06:56:13] spend time is: 1100
[2020-02-04 06:56:13] spend time is: 1100
[2020-02-04 06:56:13] spend time is: 1100
[2020-02-04 06:56:23] spend time is: 1110
[2020-02-04 06:56:23] spend time is: 1110
[2020-02-04 06:56:23] spend time is: 1110
[2020-02-04 06:56:23] spend time is: 1110
[2020-02-04 06:56:23] spend time is: 1110
[2020-02-04 06:56:23] spend time is: 1110
[2020-02-04 06:56:23] spend time is: 1110
[2020-02-04 06:56:23] spend time is: 1110
[2020-02-04 06:56:33] spend time is: 1120
[2020-02-04 06:56:33] spend time is: 1120
[2020-02-04 06:56:33] spend time is: 1120
[2020-02-04 06:56:33] spend time is: 1120
[2020-02-04 06:56:33] spend time is: 1120
[2020-02-04 06:56:33] spend time is: 1120
[2020-02-04 06:56:33] spend time is: 1120
[2020-02-04 06:56:43] spend time is: 1130
[2020-02-04 06:56:43] spend time is: 1130
[2020-02-04 06:56:43] spend time is: 1130
[2020-02-04 06:56:43] spend time is: 1130
[2020-02-04 06:56:43] spend time is: 1130
[2020-02-04 06:56:43] spend time is: 1130
[2020-02-04 06:56:43] spend time is: 1130
[2020-02-04 06:56:53] spend time is: 1140
[2020-02-04 06:56:53] spend time is: 1140
[2020-02-04 06:56:53] spend time is: 1140
[2020-02-04 06:56:53] spend time is: 1140
[2020-02-04 06:56:53] spend time is: 1140
[2020-02-04 06:56:53] spend time is: 1140
[2020-02-04 06:56:53] spend time is: 1140
[2020-02-04 06:57:03] spend time is: 1150
[2020-02-04 06:57:03] spend time is: 1150
[2020-02-04 06:57:03] spend time is: 1150
[2020-02-04 06:57:03] spend time is: 1150
[2020-02-04 06:57:03] spend time is: 1150
[2020-02-04 06:57:03] spend time is: 1150
[2020-02-04 06:57:03] spend time is: 1150
[2020-02-04 06:57:13] spend time is: 1160
[2020-02-04 06:57:13] spend time is: 1160
[2020-02-04 06:57:13] spend time is: 1160
[2020-02-04 06:57:13] spend time is: 1160
[2020-02-04 06:57:13] spend time is: 1160
[2020-02-04 06:57:13] spend time is: 1160
[2020-02-04 06:57:13] spend time is: 1160
[2020-02-04 06:57:13] spend time is: 1160
[2020-02-04 06:57:23] spend time is: 1170
[2020-02-04 06:57:23] spend time is: 1170
[2020-02-04 06:57:23] spend time is: 1170
[2020-02-04 06:57:23] spend time is: 1170
[2020-02-04 06:57:23] spend time is: 1170
[2020-02-04 06:57:23] spend time is: 1170
[2020-02-04 06:57:23] spend time is: 1170
[2020-02-04 06:57:23] spend time is: 1170
[2020-02-04 06:57:33] spend time is: 1180
[2020-02-04 06:57:33] spend time is: 1180
[2020-02-04 06:57:33] spend time is: 1180
[2020-02-04 06:57:33] spend time is: 1180
[2020-02-04 06:57:33] spend time is: 1180
[2020-02-04 06:57:33] spend time is: 1180
[2020-02-04 06:57:33] spend time is: 1180
[2020-02-04 06:57:43] spend time is: 1190
[2020-02-04 06:57:43] spend time is: 1190
[2020-02-04 06:57:43] spend time is: 1190
[2020-02-04 06:57:43] spend time is: 1190
[2020-02-04 06:57:43] spend time is: 1190
[2020-02-04 06:57:43] spend time is: 1190
[2020-02-04 06:57:43] spend time is: 1190
[2020-02-04 06:57:44] spend time is: 1190
[2020-02-04 06:57:53] spend time is: 1200
Already up to date.
