Fetching origin
Warning: Permanently added the RSA host key for IP address '192.30.253.112' to the list of known hosts.
From github.com:babyshen/helm-charts-mirror
 * [new branch]      gh-pages   -> origin/gh-pages
 * [new branch]      master     -> origin/master
Previous HEAD position was 6f4bc38 restore bug
Switched to a new branch 'gh-pages'
Branch 'gh-pages' set up to track remote branch 'gh-pages' from 'origin'.
Already up to date.
Branch 'gh-pages' set up to track remote branch 'gh-pages' from 'origin'.
  % Total    % Received % Xferd  Average Speed   Time    Time     Time  Current
                                 Dload  Upload   Total   Spent    Left  Speed
  0     0    0     0    0     0      0      0 --:--:-- --:--:-- --:--:--     0100 6193k  100 6193k    0     0  54.1M      0 --:--:-- --:--:-- --:--:-- 54.4M
[2019-09-16 05:31:26] spend time is: 50
[2019-09-16 05:31:26] spend time is: 50
[2019-09-16 05:31:26] spend time is: 50
[2019-09-16 05:31:26] spend time is: 50
[2019-09-16 05:31:26] spend time is: 50
[2019-09-16 05:31:26] spend time is: 50
[2019-09-16 05:31:26] spend time is: 50
[2019-09-16 05:31:26] spend time is: 50
[2019-09-16 05:31:27] spend time is: 50
[2019-09-16 05:31:36] spend time is: 60
[2019-09-16 05:31:36] spend time is: 60
[2019-09-16 05:31:36] spend time is: 60
[2019-09-16 05:31:36] spend time is: 60
[2019-09-16 05:31:36] spend time is: 60
[2019-09-16 05:31:36] spend time is: 60
[2019-09-16 05:31:36] spend time is: 60
[2019-09-16 05:31:36] spend time is: 60
[2019-09-16 05:31:36] spend time is: 60
[2019-09-16 05:31:46] spend time is: 70
[2019-09-16 05:31:46] spend time is: 70
[2019-09-16 05:31:46] spend time is: 70
[2019-09-16 05:31:46] spend time is: 70
[2019-09-16 05:31:46] spend time is: 70
[2019-09-16 05:31:46] spend time is: 70
[2019-09-16 05:31:46] spend time is: 70
[2019-09-16 05:31:46] spend time is: 70
[2019-09-16 05:31:46] spend time is: 70
[2019-09-16 05:31:56] spend time is: 80
[2019-09-16 05:31:56] spend time is: 80
[2019-09-16 05:31:56] spend time is: 80
[2019-09-16 05:31:56] spend time is: 80
[2019-09-16 05:31:56] spend time is: 80
[2019-09-16 05:31:56] spend time is: 80
[2019-09-16 05:31:56] spend time is: 80
[2019-09-16 05:31:56] spend time is: 80
[2019-09-16 05:31:56] spend time is: 80
[2019-09-16 05:31:56] spend time is: 80
[2019-09-16 05:32:06] spend time is: 90
[2019-09-16 05:32:06] spend time is: 90
[2019-09-16 05:32:06] spend time is: 90
[2019-09-16 05:32:06] spend time is: 90
[2019-09-16 05:32:06] spend time is: 90
[2019-09-16 05:32:06] spend time is: 90
[2019-09-16 05:32:06] spend time is: 90
[2019-09-16 05:32:06] spend time is: 90
[2019-09-16 05:32:06] spend time is: 90
[2019-09-16 05:32:06] spend time is: 90
[2019-09-16 05:32:06] spend time is: 90
[2019-09-16 05:32:16] spend time is: 100
[2019-09-16 05:32:16] spend time is: 100
[2019-09-16 05:32:16] spend time is: 100
[2019-09-16 05:32:16] spend time is: 100
[2019-09-16 05:32:16] spend time is: 100
[2019-09-16 05:32:16] spend time is: 100
[2019-09-16 05:32:16] spend time is: 100
[2019-09-16 05:32:16] spend time is: 100
[2019-09-16 05:32:26] spend time is: 110
[2019-09-16 05:32:26] spend time is: 110
[2019-09-16 05:32:26] spend time is: 110
[2019-09-16 05:32:26] spend time is: 110
[2019-09-16 05:32:26] spend time is: 110
[2019-09-16 05:32:26] spend time is: 110
[2019-09-16 05:32:26] spend time is: 110
[2019-09-16 05:32:26] spend time is: 110
[2019-09-16 05:32:26] spend time is: 110
[2019-09-16 05:32:27] spend time is: 110
[2019-09-16 05:32:36] spend time is: 120
[2019-09-16 05:32:36] spend time is: 120
[2019-09-16 05:32:36] spend time is: 120
[2019-09-16 05:32:36] spend time is: 120
[2019-09-16 05:32:36] spend time is: 120
[2019-09-16 05:32:36] spend time is: 120
[2019-09-16 05:32:36] spend time is: 120
[2019-09-16 05:32:36] spend time is: 120
[2019-09-16 05:32:36] spend time is: 120
[2019-09-16 05:32:36] spend time is: 120
[2019-09-16 05:32:37] spend time is: 120
[2019-09-16 05:32:46] spend time is: 130
[2019-09-16 05:32:46] spend time is: 130
[2019-09-16 05:32:46] spend time is: 130
[2019-09-16 05:32:46] spend time is: 130
[2019-09-16 05:32:46] spend time is: 130
[2019-09-16 05:32:46] spend time is: 130
[2019-09-16 05:32:46] spend time is: 130
[2019-09-16 05:32:46] spend time is: 130
[2019-09-16 05:32:46] spend time is: 130
[2019-09-16 05:32:56] spend time is: 140
[2019-09-16 05:32:56] spend time is: 140
[2019-09-16 05:32:56] spend time is: 140
[2019-09-16 05:32:56] spend time is: 140
[2019-09-16 05:32:56] spend time is: 140
[2019-09-16 05:32:56] spend time is: 140
[2019-09-16 05:32:56] spend time is: 140
[2019-09-16 05:32:56] spend time is: 140
[2019-09-16 05:32:56] spend time is: 140
[2019-09-16 05:32:56] spend time is: 140
[2019-09-16 05:32:57] spend time is: 140
[2019-09-16 05:32:57] dex-2.3.1.tgz update done.
[2019-09-16 05:32:57] dex-2.3.0.tgz update done.
[2019-09-16 05:33:06] spend time is: 150
[2019-09-16 05:33:06] spend time is: 150
[2019-09-16 05:33:06] spend time is: 150
[2019-09-16 05:33:06] spend time is: 150
[2019-09-16 05:33:06] spend time is: 150
[2019-09-16 05:33:06] spend time is: 150
[2019-09-16 05:33:06] spend time is: 150
[2019-09-16 05:33:06] spend time is: 150
[2019-09-16 05:33:06] spend time is: 150
[2019-09-16 05:33:06] spend time is: 150
[2019-09-16 05:33:06] spend time is: 150
[2019-09-16 05:33:16] spend time is: 160
[2019-09-16 05:33:16] spend time is: 160
[2019-09-16 05:33:16] spend time is: 160
[2019-09-16 05:33:16] spend time is: 160
[2019-09-16 05:33:16] spend time is: 160
[2019-09-16 05:33:16] spend time is: 160
[2019-09-16 05:33:16] spend time is: 160
[2019-09-16 05:33:16] spend time is: 160
[2019-09-16 05:33:16] spend time is: 160
[2019-09-16 05:33:26] spend time is: 170
[2019-09-16 05:33:26] spend time is: 170
[2019-09-16 05:33:26] spend time is: 170
[2019-09-16 05:33:26] spend time is: 170
[2019-09-16 05:33:26] spend time is: 170
[2019-09-16 05:33:26] spend time is: 170
[2019-09-16 05:33:26] spend time is: 170
[2019-09-16 05:33:26] spend time is: 170
[2019-09-16 05:33:26] spend time is: 170
[2019-09-16 05:33:30] elastic-stack-1.8.0.tgz update done.
[2019-09-16 05:33:36] spend time is: 180
[2019-09-16 05:33:36] spend time is: 180
[2019-09-16 05:33:36] spend time is: 180
[2019-09-16 05:33:36] spend time is: 180
[2019-09-16 05:33:36] spend time is: 180
[2019-09-16 05:33:36] spend time is: 180
[2019-09-16 05:33:36] spend time is: 180
[2019-09-16 05:33:36] spend time is: 180
[2019-09-16 05:33:36] spend time is: 180
[2019-09-16 05:33:37] spend time is: 180
[2019-09-16 05:33:46] spend time is: 190
[2019-09-16 05:33:46] spend time is: 190
[2019-09-16 05:33:46] spend time is: 190
[2019-09-16 05:33:46] spend time is: 190
[2019-09-16 05:33:46] spend time is: 190
[2019-09-16 05:33:46] spend time is: 190
[2019-09-16 05:33:46] spend time is: 190
[2019-09-16 05:33:46] spend time is: 190
[2019-09-16 05:33:56] spend time is: 200
[2019-09-16 05:33:56] spend time is: 200
[2019-09-16 05:33:56] spend time is: 200
[2019-09-16 05:33:56] spend time is: 200
[2019-09-16 05:33:56] spend time is: 200
[2019-09-16 05:33:56] spend time is: 200
[2019-09-16 05:33:56] spend time is: 200
[2019-09-16 05:33:56] spend time is: 200
[2019-09-16 05:33:56] spend time is: 200
[2019-09-16 05:33:56] spend time is: 200
[2019-09-16 05:34:06] spend time is: 210
[2019-09-16 05:34:06] spend time is: 210
[2019-09-16 05:34:06] spend time is: 210
[2019-09-16 05:34:06] spend time is: 210
[2019-09-16 05:34:06] spend time is: 210
[2019-09-16 05:34:06] spend time is: 210
[2019-09-16 05:34:06] spend time is: 210
[2019-09-16 05:34:06] spend time is: 210
[2019-09-16 05:34:06] spend time is: 210
[2019-09-16 05:34:06] spend time is: 210
[2019-09-16 05:34:07] spend time is: 210
[2019-09-16 05:34:16] spend time is: 220
[2019-09-16 05:34:16] spend time is: 220
[2019-09-16 05:34:16] spend time is: 220
[2019-09-16 05:34:16] spend time is: 220
[2019-09-16 05:34:16] spend time is: 220
[2019-09-16 05:34:16] spend time is: 220
[2019-09-16 05:34:16] spend time is: 220
[2019-09-16 05:34:16] spend time is: 220
[2019-09-16 05:34:16] spend time is: 220
[2019-09-16 05:34:16] spend time is: 220
[2019-09-16 05:34:16] spend time is: 220
[2019-09-16 05:34:26] spend time is: 230
[2019-09-16 05:34:26] spend time is: 230
[2019-09-16 05:34:26] spend time is: 230
[2019-09-16 05:34:26] spend time is: 230
[2019-09-16 05:34:26] spend time is: 230
[2019-09-16 05:34:26] spend time is: 230
[2019-09-16 05:34:26] spend time is: 230
[2019-09-16 05:34:26] spend time is: 230
[2019-09-16 05:34:27] spend time is: 230
[2019-09-16 05:34:36] spend time is: 240
[2019-09-16 05:34:36] spend time is: 240
[2019-09-16 05:34:36] spend time is: 240
[2019-09-16 05:34:36] spend time is: 240
[2019-09-16 05:34:36] spend time is: 240
[2019-09-16 05:34:36] spend time is: 240
[2019-09-16 05:34:36] spend time is: 240
[2019-09-16 05:34:36] spend time is: 240
[2019-09-16 05:34:36] spend time is: 240
[2019-09-16 05:34:46] spend time is: 250
[2019-09-16 05:34:46] spend time is: 250
[2019-09-16 05:34:46] spend time is: 250
[2019-09-16 05:34:46] spend time is: 250
[2019-09-16 05:34:46] spend time is: 250
[2019-09-16 05:34:46] spend time is: 250
[2019-09-16 05:34:46] spend time is: 250
[2019-09-16 05:34:46] spend time is: 250
[2019-09-16 05:34:46] spend time is: 250
[2019-09-16 05:34:47] spend time is: 250
[2019-09-16 05:34:47] spend time is: 250
[2019-09-16 05:34:49] grafana-3.8.13.tgz update done.
[2019-09-16 05:34:56] spend time is: 260
[2019-09-16 05:34:56] spend time is: 260
[2019-09-16 05:34:56] spend time is: 260
[2019-09-16 05:34:56] spend time is: 260
[2019-09-16 05:34:56] spend time is: 260
[2019-09-16 05:34:56] spend time is: 260
[2019-09-16 05:34:56] spend time is: 260
[2019-09-16 05:34:56] spend time is: 260
[2019-09-16 05:34:56] spend time is: 260
[2019-09-16 05:34:56] spend time is: 260
[2019-09-16 05:34:56] spend time is: 260
[2019-09-16 05:35:06] spend time is: 270
[2019-09-16 05:35:06] spend time is: 270
[2019-09-16 05:35:06] spend time is: 270
[2019-09-16 05:35:06] spend time is: 270
[2019-09-16 05:35:06] spend time is: 270
[2019-09-16 05:35:06] spend time is: 270
[2019-09-16 05:35:06] spend time is: 270
[2019-09-16 05:35:06] spend time is: 270
[2019-09-16 05:35:07] spend time is: 270
[2019-09-16 05:35:08] graylog-1.3.3.tgz update done.
[2019-09-16 05:35:16] spend time is: 280
[2019-09-16 05:35:16] spend time is: 280
[2019-09-16 05:35:16] spend time is: 280
[2019-09-16 05:35:16] spend time is: 280
[2019-09-16 05:35:16] spend time is: 280
[2019-09-16 05:35:16] spend time is: 280
[2019-09-16 05:35:16] spend time is: 280
[2019-09-16 05:35:16] spend time is: 280
[2019-09-16 05:35:16] spend time is: 280
[2019-09-16 05:35:16] spend time is: 280
[2019-09-16 05:35:26] spend time is: 290
[2019-09-16 05:35:26] spend time is: 290
[2019-09-16 05:35:26] spend time is: 290
[2019-09-16 05:35:26] spend time is: 290
[2019-09-16 05:35:26] spend time is: 290
[2019-09-16 05:35:26] spend time is: 290
[2019-09-16 05:35:26] spend time is: 290
[2019-09-16 05:35:26] spend time is: 290
[2019-09-16 05:35:26] spend time is: 290
[2019-09-16 05:35:26] spend time is: 290
[2019-09-16 05:35:33] janusgraph-0.2.1.tgz update done.
[2019-09-16 05:35:36] spend time is: 300
[2019-09-16 05:35:36] spend time is: 300
[2019-09-16 05:35:36] spend time is: 300
[2019-09-16 05:35:36] spend time is: 300
Warning: Permanently added the RSA host key for IP address '192.30.253.113' to the list of known hosts.
Already up to date.
Already up to date.
fatal: Unable to create '/home/travis/build/babyshen/helm-charts-mirror/.git/index.lock': File exists.

Another git process seems to be running in this repository, e.g.
an editor opened by 'git commit'. Please make sure all processes
are terminated then try again. If it still fails, a git process
may have crashed in this repository earlier:
remove the file manually to continue.
Already up to date.
fatal: Unable to create '/home/travis/build/babyshen/helm-charts-mirror/.git/index.lock': File exists.

Another git process seems to be running in this repository, e.g.
an editor opened by 'git commit'. Please make sure all processes
are terminated then try again. If it still fails, a git process
may have crashed in this repository earlier:
remove the file manually to continue.
Already up to date.
fatal: Unable to create '/home/travis/build/babyshen/helm-charts-mirror/.git/index.lock': File exists.

Another git process seems to be running in this repository, e.g.
an editor opened by 'git commit'. Please make sure all processes
are terminated then try again. If it still fails, a git process
may have crashed in this repository earlier:
remove the file manually to continue.
[gh-pages d683384] Synchronizing completion at 2019-09-16
 10 files changed, 970 insertions(+), 301 deletions(-)
 create mode 100644 dex-2.3.0.tgz
 create mode 100644 dex-2.3.1.tgz
 rewrite elastic-stack-1.8.0.tgz (98%)
 create mode 100644 grafana-3.8.13.tgz
 rewrite graylog-1.3.3.tgz (99%)
 rewrite janusgraph-0.2.1.tgz (77%)
 create mode 100644 travis_wait_1904.log
To github.com:babyshen/helm-charts-mirror.git
   65b05c7..d683384  gh-pages -> gh-pages
Branch 'gh-pages' set up to track remote branch 'gh-pages' from 'origin'.
[2019-09-16 05:35:46] spend time is: 310
[2019-09-16 05:35:46] spend time is: 310
[2019-09-16 05:35:46] spend time is: 310
[2019-09-16 05:35:46] spend time is: 310
[2019-09-16 05:35:46] spend time is: 310
[2019-09-16 05:35:46] spend time is: 310
[2019-09-16 05:35:46] spend time is: 310
[2019-09-16 05:35:46] spend time is: 310
[2019-09-16 05:35:47] jenkins-1.7.0.tgz update done.
[2019-09-16 05:35:47] jenkins-1.6.1.tgz update done.
[2019-09-16 05:35:56] spend time is: 320
[2019-09-16 05:35:56] spend time is: 320
[2019-09-16 05:35:56] spend time is: 320
[2019-09-16 05:35:56] spend time is: 320
[2019-09-16 05:35:56] spend time is: 320
[2019-09-16 05:35:56] spend time is: 320
[2019-09-16 05:35:56] spend time is: 320
[2019-09-16 05:35:56] spend time is: 320
[2019-09-16 05:36:06] spend time is: 330
[2019-09-16 05:36:06] spend time is: 330
[2019-09-16 05:36:06] spend time is: 330
[2019-09-16 05:36:06] spend time is: 330
[2019-09-16 05:36:06] spend time is: 330
[2019-09-16 05:36:06] spend time is: 330
[2019-09-16 05:36:06] spend time is: 330
[2019-09-16 05:36:16] spend time is: 340
[2019-09-16 05:36:16] spend time is: 340
[2019-09-16 05:36:16] spend time is: 340
[2019-09-16 05:36:16] spend time is: 340
[2019-09-16 05:36:16] spend time is: 340
[2019-09-16 05:36:16] spend time is: 340
[2019-09-16 05:36:16] spend time is: 340
[2019-09-16 05:36:16] spend time is: 340
[2019-09-16 05:36:26] spend time is: 350
[2019-09-16 05:36:26] spend time is: 350
[2019-09-16 05:36:26] spend time is: 350
[2019-09-16 05:36:26] spend time is: 350
[2019-09-16 05:36:26] spend time is: 350
[2019-09-16 05:36:26] spend time is: 350
[2019-09-16 05:36:26] spend time is: 350
[2019-09-16 05:36:28] k8s-spot-termination-handler-1.4.4.tgz update done.
[2019-09-16 05:36:36] spend time is: 360
[2019-09-16 05:36:36] spend time is: 360
[2019-09-16 05:36:36] spend time is: 360
[2019-09-16 05:36:36] spend time is: 360
[2019-09-16 05:36:36] spend time is: 360
[2019-09-16 05:36:36] spend time is: 360
[2019-09-16 05:36:36] spend time is: 360
[2019-09-16 05:36:46] spend time is: 370
[2019-09-16 05:36:46] spend time is: 370
[2019-09-16 05:36:46] spend time is: 370
[2019-09-16 05:36:46] spend time is: 370
[2019-09-16 05:36:46] spend time is: 370
[2019-09-16 05:36:46] spend time is: 370
[2019-09-16 05:36:46] spend time is: 370
[2019-09-16 05:36:56] spend time is: 380
[2019-09-16 05:36:56] spend time is: 380
[2019-09-16 05:36:56] spend time is: 380
[2019-09-16 05:36:56] spend time is: 380
[2019-09-16 05:36:56] spend time is: 380
[2019-09-16 05:36:56] spend time is: 380
[2019-09-16 05:36:56] spend time is: 380
[2019-09-16 05:37:06] spend time is: 390
[2019-09-16 05:37:06] spend time is: 390
[2019-09-16 05:37:06] spend time is: 390
[2019-09-16 05:37:06] spend time is: 390
[2019-09-16 05:37:06] spend time is: 390
[2019-09-16 05:37:06] spend time is: 390
[2019-09-16 05:37:06] spend time is: 390
[2019-09-16 05:37:07] kube-ops-view-1.1.0.tgz update done.
[2019-09-16 05:37:16] spend time is: 400
[2019-09-16 05:37:16] spend time is: 400
[2019-09-16 05:37:16] spend time is: 400
[2019-09-16 05:37:16] spend time is: 400
[2019-09-16 05:37:16] spend time is: 400
[2019-09-16 05:37:16] spend time is: 400
[2019-09-16 05:37:16] spend time is: 400
[2019-09-16 05:37:26] spend time is: 410
[2019-09-16 05:37:26] spend time is: 410
[2019-09-16 05:37:26] spend time is: 410
[2019-09-16 05:37:26] spend time is: 410
[2019-09-16 05:37:26] spend time is: 410
[2019-09-16 05:37:26] spend time is: 410
[2019-09-16 05:37:26] spend time is: 410
[2019-09-16 05:37:36] spend time is: 420
[2019-09-16 05:37:36] spend time is: 420
[2019-09-16 05:37:36] spend time is: 420
[2019-09-16 05:37:36] spend time is: 420
[2019-09-16 05:37:36] spend time is: 420
[2019-09-16 05:37:36] spend time is: 420
[2019-09-16 05:37:36] spend time is: 420
[2019-09-16 05:37:36] spend time is: 420
[2019-09-16 05:37:46] spend time is: 430
[2019-09-16 05:37:46] spend time is: 430
[2019-09-16 05:37:46] spend time is: 430
[2019-09-16 05:37:46] spend time is: 430
[2019-09-16 05:37:46] spend time is: 430
[2019-09-16 05:37:46] spend time is: 430
[2019-09-16 05:37:46] spend time is: 430
[2019-09-16 05:37:46] spend time is: 430
[2019-09-16 05:37:56] spend time is: 440
[2019-09-16 05:37:56] spend time is: 440
[2019-09-16 05:37:56] spend time is: 440
[2019-09-16 05:37:56] spend time is: 440
[2019-09-16 05:37:56] spend time is: 440
[2019-09-16 05:37:56] spend time is: 440
[2019-09-16 05:37:56] spend time is: 440
[2019-09-16 05:37:57] spend time is: 440
[2019-09-16 05:38:06] spend time is: 450
[2019-09-16 05:38:06] spend time is: 450
[2019-09-16 05:38:06] spend time is: 450
[2019-09-16 05:38:06] spend time is: 450
[2019-09-16 05:38:06] spend time is: 450
[2019-09-16 05:38:06] spend time is: 450
[2019-09-16 05:38:06] spend time is: 450
[2019-09-16 05:38:16] spend time is: 460
[2019-09-16 05:38:16] spend time is: 460
[2019-09-16 05:38:16] spend time is: 460
[2019-09-16 05:38:16] spend time is: 460
[2019-09-16 05:38:16] spend time is: 460
[2019-09-16 05:38:16] spend time is: 460
[2019-09-16 05:38:16] spend time is: 460
[2019-09-16 05:38:26] spend time is: 470
[2019-09-16 05:38:26] spend time is: 470
[2019-09-16 05:38:26] spend time is: 470
[2019-09-16 05:38:26] spend time is: 470
[2019-09-16 05:38:26] spend time is: 470
[2019-09-16 05:38:26] spend time is: 470
[2019-09-16 05:38:26] spend time is: 470
[2019-09-16 05:38:36] spend time is: 480
[2019-09-16 05:38:36] spend time is: 480
[2019-09-16 05:38:36] spend time is: 480
[2019-09-16 05:38:36] metabase-0.8.1.tgz update done.
[2019-09-16 05:38:36] spend time is: 480
[2019-09-16 05:38:36] spend time is: 480
[2019-09-16 05:38:36] spend time is: 480
[2019-09-16 05:38:46] spend time is: 490
[2019-09-16 05:38:46] spend time is: 490
[2019-09-16 05:38:46] spend time is: 490
[2019-09-16 05:38:46] spend time is: 490
[2019-09-16 05:38:46] spend time is: 490
[2019-09-16 05:38:46] spend time is: 490
[2019-09-16 05:38:46] spend time is: 490
[2019-09-16 05:38:46] spend time is: 490
[2019-09-16 05:38:56] spend time is: 500
[2019-09-16 05:38:56] spend time is: 500
[2019-09-16 05:38:56] spend time is: 500
[2019-09-16 05:38:56] spend time is: 500
[2019-09-16 05:38:56] spend time is: 500
[2019-09-16 05:38:56] spend time is: 500
[2019-09-16 05:38:56] spend time is: 500
[2019-09-16 05:39:06] spend time is: 510
[2019-09-16 05:39:06] spend time is: 510
[2019-09-16 05:39:06] spend time is: 510
[2019-09-16 05:39:06] spend time is: 510
[2019-09-16 05:39:06] spend time is: 510
[2019-09-16 05:39:06] spend time is: 510
[2019-09-16 05:39:06] spend time is: 510
[2019-09-16 05:39:16] spend time is: 520
[2019-09-16 05:39:16] spend time is: 520
[2019-09-16 05:39:16] spend time is: 520
[2019-09-16 05:39:16] spend time is: 520
[2019-09-16 05:39:16] spend time is: 520
[2019-09-16 05:39:16] spend time is: 520
[2019-09-16 05:39:16] spend time is: 520
[2019-09-16 05:39:26] spend time is: 530
[2019-09-16 05:39:26] spend time is: 530
[2019-09-16 05:39:26] spend time is: 530
[2019-09-16 05:39:26] spend time is: 530
[2019-09-16 05:39:26] spend time is: 530
[2019-09-16 05:39:26] spend time is: 530
[2019-09-16 05:39:26] spend time is: 530
[2019-09-16 05:39:36] spend time is: 540
[2019-09-16 05:39:36] spend time is: 540
[2019-09-16 05:39:36] spend time is: 540
[2019-09-16 05:39:36] spend time is: 540
[2019-09-16 05:39:36] spend time is: 540
[2019-09-16 05:39:36] spend time is: 540
[2019-09-16 05:39:36] spend time is: 540
[2019-09-16 05:39:36] spend time is: 540
[2019-09-16 05:39:46] spend time is: 550
[2019-09-16 05:39:46] spend time is: 550
[2019-09-16 05:39:46] spend time is: 550
[2019-09-16 05:39:46] spend time is: 550
[2019-09-16 05:39:46] spend time is: 550
[2019-09-16 05:39:46] spend time is: 550
[2019-09-16 05:39:46] spend time is: 550
[2019-09-16 05:39:56] spend time is: 560
[2019-09-16 05:39:56] spend time is: 560
[2019-09-16 05:39:56] spend time is: 560
[2019-09-16 05:39:56] spend time is: 560
[2019-09-16 05:39:56] spend time is: 560
[2019-09-16 05:39:56] spend time is: 560
[2019-09-16 05:39:56] spend time is: 560
[2019-09-16 05:40:06] spend time is: 570
[2019-09-16 05:40:06] spend time is: 570
[2019-09-16 05:40:06] spend time is: 570
[2019-09-16 05:40:06] spend time is: 570
[2019-09-16 05:40:06] spend time is: 570
[2019-09-16 05:40:06] spend time is: 570
[2019-09-16 05:40:06] spend time is: 570
[2019-09-16 05:40:16] spend time is: 580
[2019-09-16 05:40:16] spend time is: 580
[2019-09-16 05:40:16] spend time is: 580
[2019-09-16 05:40:16] nfs-server-provisioner-0.3.1.tgz update done.
[2019-09-16 05:40:16] spend time is: 580
[2019-09-16 05:40:16] spend time is: 580
[2019-09-16 05:40:16] spend time is: 580
[2019-09-16 05:40:17] spend time is: 580
[2019-09-16 05:40:26] spend time is: 590
[2019-09-16 05:40:26] spend time is: 590
[2019-09-16 05:40:26] spend time is: 590
[2019-09-16 05:40:26] spend time is: 590
[2019-09-16 05:40:26] spend time is: 590
[2019-09-16 05:40:26] spend time is: 590
[2019-09-16 05:40:26] spend time is: 590
[2019-09-16 05:40:36] spend time is: 600
Warning: Permanently added the RSA host key for IP address '140.82.114.4' to the list of known hosts.
Already up to date.
