Fetching origin
Warning: Permanently added the RSA host key for IP address '192.30.253.113' to the list of known hosts.
From github.com:babyshen/helm-charts-mirror
 * [new branch]      gh-pages   -> origin/gh-pages
 * [new branch]      master     -> origin/master
Previous HEAD position was 6f4bc38 restore bug
Switched to a new branch 'gh-pages'
Branch 'gh-pages' set up to track remote branch 'gh-pages' from 'origin'.
Already up to date.
Branch 'gh-pages' set up to track remote branch 'gh-pages' from 'origin'.
  % Total    % Received % Xferd  Average Speed   Time    Time     Time  Current
                                 Dload  Upload   Total   Spent    Left  Speed
  0     0    0     0    0     0      0      0 --:--:-- --:--:-- --:--:--     0100 7549k  100 7549k    0     0   103M      0 --:--:-- --:--:-- --:--:--  105M
[2020-02-09 06:40:37] spend time is: 50
[2020-02-09 06:40:37] spend time is: 50
[2020-02-09 06:40:37] spend time is: 50
[2020-02-09 06:40:37] spend time is: 50
[2020-02-09 06:40:37] spend time is: 50
[2020-02-09 06:40:37] spend time is: 50
[2020-02-09 06:40:37] spend time is: 50
[2020-02-09 06:40:37] spend time is: 50
[2020-02-09 06:40:40] airflow-5.2.5.tgz update done.
[2020-02-09 06:40:41] airflow-6.0.0.tgz update done.
[2020-02-09 06:40:47] spend time is: 60
[2020-02-09 06:40:47] spend time is: 60
[2020-02-09 06:40:47] spend time is: 60
[2020-02-09 06:40:47] spend time is: 60
[2020-02-09 06:40:47] spend time is: 60
[2020-02-09 06:40:47] spend time is: 60
[2020-02-09 06:40:47] spend time is: 60
[2020-02-09 06:40:47] spend time is: 60
[2020-02-09 06:40:47] spend time is: 60
[2020-02-09 06:40:47] spend time is: 60
[2020-02-09 06:40:48] ambassador-5.3.1.tgz update done.
[2020-02-09 06:40:57] spend time is: 70
[2020-02-09 06:40:57] spend time is: 70
[2020-02-09 06:40:57] spend time is: 70
[2020-02-09 06:40:57] spend time is: 70
[2020-02-09 06:40:57] spend time is: 70
[2020-02-09 06:40:57] spend time is: 70
[2020-02-09 06:40:57] spend time is: 70
[2020-02-09 06:40:57] spend time is: 70
[2020-02-09 06:40:57] spend time is: 70
[2020-02-09 06:40:57] spend time is: 70
[2020-02-09 06:40:57] spend time is: 70
[2020-02-09 06:41:07] spend time is: 80
[2020-02-09 06:41:07] spend time is: 80
[2020-02-09 06:41:07] spend time is: 80
[2020-02-09 06:41:07] spend time is: 80
[2020-02-09 06:41:07] spend time is: 80
[2020-02-09 06:41:07] spend time is: 80
[2020-02-09 06:41:07] spend time is: 80
[2020-02-09 06:41:07] spend time is: 80
[2020-02-09 06:41:07] spend time is: 80
[2020-02-09 06:41:07] spend time is: 80
[2020-02-09 06:41:07] spend time is: 80
[2020-02-09 06:41:07] spend time is: 80
[2020-02-09 06:41:17] spend time is: 90
[2020-02-09 06:41:17] spend time is: 90
[2020-02-09 06:41:17] spend time is: 90
[2020-02-09 06:41:17] spend time is: 90
[2020-02-09 06:41:17] spend time is: 90
[2020-02-09 06:41:17] spend time is: 90
[2020-02-09 06:41:17] spend time is: 90
[2020-02-09 06:41:17] spend time is: 90
[2020-02-09 06:41:17] spend time is: 90
[2020-02-09 06:41:18] spend time is: 90
[2020-02-09 06:41:18] spend time is: 90
[2020-02-09 06:41:27] spend time is: 100
[2020-02-09 06:41:27] spend time is: 100
[2020-02-09 06:41:27] spend time is: 100
[2020-02-09 06:41:27] spend time is: 100
[2020-02-09 06:41:27] spend time is: 100
[2020-02-09 06:41:27] spend time is: 100
[2020-02-09 06:41:27] spend time is: 100
[2020-02-09 06:41:27] spend time is: 100
[2020-02-09 06:41:27] spend time is: 100
[2020-02-09 06:41:27] spend time is: 100
[2020-02-09 06:41:27] spend time is: 100
[2020-02-09 06:41:28] spend time is: 100
[2020-02-09 06:41:37] spend time is: 110
[2020-02-09 06:41:37] spend time is: 110
[2020-02-09 06:41:37] cockroachdb-3.0.4.tgz update done.
[2020-02-09 06:41:37] spend time is: 110
[2020-02-09 06:41:37] spend time is: 110
[2020-02-09 06:41:37] cockroachdb-3.0.3.tgz update done.
[2020-02-09 06:41:37] spend time is: 110
[2020-02-09 06:41:37] spend time is: 110
[2020-02-09 06:41:37] spend time is: 110
[2020-02-09 06:41:37] spend time is: 110
[2020-02-09 06:41:37] spend time is: 110
[2020-02-09 06:41:37] spend time is: 110
[2020-02-09 06:41:43] collabora-code-1.0.6.tgz update done.
[2020-02-09 06:41:47] spend time is: 120
[2020-02-09 06:41:47] spend time is: 120
[2020-02-09 06:41:47] spend time is: 120
[2020-02-09 06:41:47] spend time is: 120
[2020-02-09 06:41:47] spend time is: 120
[2020-02-09 06:41:47] spend time is: 120
[2020-02-09 06:41:47] spend time is: 120
[2020-02-09 06:41:47] spend time is: 120
[2020-02-09 06:41:47] spend time is: 120
[2020-02-09 06:41:47] spend time is: 120
[2020-02-09 06:41:47] spend time is: 120
[2020-02-09 06:41:57] spend time is: 130
[2020-02-09 06:41:57] spend time is: 130
[2020-02-09 06:41:57] spend time is: 130
[2020-02-09 06:41:57] spend time is: 130
[2020-02-09 06:41:57] spend time is: 130
[2020-02-09 06:41:57] spend time is: 130
[2020-02-09 06:41:57] spend time is: 130
[2020-02-09 06:41:57] spend time is: 130
[2020-02-09 06:41:57] spend time is: 130
[2020-02-09 06:41:57] spend time is: 130
[2020-02-09 06:41:57] spend time is: 130
[2020-02-09 06:42:07] spend time is: 140
[2020-02-09 06:42:07] spend time is: 140
[2020-02-09 06:42:07] spend time is: 140
[2020-02-09 06:42:07] spend time is: 140
[2020-02-09 06:42:07] spend time is: 140
[2020-02-09 06:42:07] spend time is: 140
[2020-02-09 06:42:07] spend time is: 140
[2020-02-09 06:42:07] spend time is: 140
[2020-02-09 06:42:07] spend time is: 140
[2020-02-09 06:42:07] spend time is: 140
[2020-02-09 06:42:07] spend time is: 140
[2020-02-09 06:42:10] datadog-1.39.8.tgz update done.
[2020-02-09 06:42:10] datadog-1.39.7.tgz update done.
[2020-02-09 06:42:17] spend time is: 150
[2020-02-09 06:42:17] spend time is: 150
[2020-02-09 06:42:17] spend time is: 150
[2020-02-09 06:42:17] spend time is: 150
[2020-02-09 06:42:17] spend time is: 150
[2020-02-09 06:42:17] spend time is: 150
[2020-02-09 06:42:17] spend time is: 150
[2020-02-09 06:42:17] spend time is: 150
[2020-02-09 06:42:17] spend time is: 150
[2020-02-09 06:42:27] spend time is: 160
[2020-02-09 06:42:27] spend time is: 160
[2020-02-09 06:42:27] spend time is: 160
[2020-02-09 06:42:27] spend time is: 160
[2020-02-09 06:42:27] spend time is: 160
[2020-02-09 06:42:27] spend time is: 160
[2020-02-09 06:42:27] spend time is: 160
[2020-02-09 06:42:27] spend time is: 160
[2020-02-09 06:42:27] spend time is: 160
[2020-02-09 06:42:27] spend time is: 160
[2020-02-09 06:42:27] spend time is: 160
[2020-02-09 06:42:37] spend time is: 170
[2020-02-09 06:42:37] spend time is: 170
[2020-02-09 06:42:37] spend time is: 170
[2020-02-09 06:42:37] spend time is: 170
[2020-02-09 06:42:37] spend time is: 170
[2020-02-09 06:42:37] spend time is: 170
[2020-02-09 06:42:37] spend time is: 170
[2020-02-09 06:42:37] spend time is: 170
[2020-02-09 06:42:37] spend time is: 170
[2020-02-09 06:42:37] spend time is: 170
[2020-02-09 06:42:37] spend time is: 170
[2020-02-09 06:42:40] drone-2.6.1.tgz update done.
[2020-02-09 06:42:40] drone-2.6.0.tgz update done.
[2020-02-09 06:42:47] spend time is: 180
[2020-02-09 06:42:47] spend time is: 180
[2020-02-09 06:42:47] spend time is: 180
[2020-02-09 06:42:47] spend time is: 180
[2020-02-09 06:42:47] spend time is: 180
[2020-02-09 06:42:47] spend time is: 180
[2020-02-09 06:42:47] spend time is: 180
[2020-02-09 06:42:47] spend time is: 180
[2020-02-09 06:42:47] spend time is: 180
[2020-02-09 06:42:48] spend time is: 180
[2020-02-09 06:42:48] spend time is: 180
[2020-02-09 06:42:57] spend time is: 190
[2020-02-09 06:42:57] spend time is: 190
[2020-02-09 06:42:57] spend time is: 190
[2020-02-09 06:42:57] spend time is: 190
[2020-02-09 06:42:57] spend time is: 190
[2020-02-09 06:42:57] spend time is: 190
[2020-02-09 06:42:57] spend time is: 190
[2020-02-09 06:42:57] spend time is: 190
[2020-02-09 06:42:57] spend time is: 190
[2020-02-09 06:42:57] spend time is: 190
[2020-02-09 06:43:04] elastic-stack-1.8.0.tgz update done.
[2020-02-09 06:43:07] spend time is: 200
[2020-02-09 06:43:07] spend time is: 200
[2020-02-09 06:43:07] spend time is: 200
[2020-02-09 06:43:07] spend time is: 200
[2020-02-09 06:43:07] spend time is: 200
[2020-02-09 06:43:07] spend time is: 200
[2020-02-09 06:43:07] spend time is: 200
[2020-02-09 06:43:07] spend time is: 200
[2020-02-09 06:43:07] spend time is: 200
[2020-02-09 06:43:10] elasticsearch-exporter-2.3.0.tgz update done.
[2020-02-09 06:43:17] spend time is: 210
[2020-02-09 06:43:17] spend time is: 210
[2020-02-09 06:43:17] spend time is: 210
[2020-02-09 06:43:17] spend time is: 210
[2020-02-09 06:43:17] spend time is: 210
[2020-02-09 06:43:17] spend time is: 210
[2020-02-09 06:43:17] spend time is: 210
[2020-02-09 06:43:17] spend time is: 210
[2020-02-09 06:43:17] spend time is: 210
[2020-02-09 06:43:17] spend time is: 210
[2020-02-09 06:43:27] spend time is: 220
[2020-02-09 06:43:27] spend time is: 220
[2020-02-09 06:43:27] spend time is: 220
[2020-02-09 06:43:27] spend time is: 220
[2020-02-09 06:43:27] spend time is: 220
[2020-02-09 06:43:27] spend time is: 220
[2020-02-09 06:43:27] spend time is: 220
[2020-02-09 06:43:27] spend time is: 220
[2020-02-09 06:43:27] spend time is: 220
[2020-02-09 06:43:27] spend time is: 220
[2020-02-09 06:43:27] spend time is: 220
[2020-02-09 06:43:27] spend time is: 220
[2020-02-09 06:43:37] spend time is: 230
[2020-02-09 06:43:37] spend time is: 230
[2020-02-09 06:43:37] spend time is: 230
[2020-02-09 06:43:37] spend time is: 230
[2020-02-09 06:43:37] spend time is: 230
[2020-02-09 06:43:37] spend time is: 230
[2020-02-09 06:43:37] spend time is: 230
[2020-02-09 06:43:37] spend time is: 230
[2020-02-09 06:43:37] spend time is: 230
[2020-02-09 06:43:37] spend time is: 230
[2020-02-09 06:43:37] spend time is: 230
[2020-02-09 06:43:47] spend time is: 240
[2020-02-09 06:43:47] spend time is: 240
[2020-02-09 06:43:47] spend time is: 240
[2020-02-09 06:43:47] spend time is: 240
[2020-02-09 06:43:47] spend time is: 240
[2020-02-09 06:43:47] spend time is: 240
[2020-02-09 06:43:47] spend time is: 240
[2020-02-09 06:43:47] spend time is: 240
[2020-02-09 06:43:47] spend time is: 240
[2020-02-09 06:43:57] spend time is: 250
[2020-02-09 06:43:57] spend time is: 250
[2020-02-09 06:43:57] spend time is: 250
[2020-02-09 06:43:57] spend time is: 250
[2020-02-09 06:43:57] spend time is: 250
[2020-02-09 06:43:57] spend time is: 250
[2020-02-09 06:43:57] spend time is: 250
[2020-02-09 06:43:57] spend time is: 250
[2020-02-09 06:43:57] spend time is: 250
[2020-02-09 06:43:57] spend time is: 250
[2020-02-09 06:43:58] spend time is: 250
[2020-02-09 06:44:07] spend time is: 260
[2020-02-09 06:44:07] spend time is: 260
[2020-02-09 06:44:07] spend time is: 260
[2020-02-09 06:44:07] spend time is: 260
[2020-02-09 06:44:07] spend time is: 260
[2020-02-09 06:44:07] spend time is: 260
[2020-02-09 06:44:07] spend time is: 260
[2020-02-09 06:44:07] spend time is: 260
[2020-02-09 06:44:07] spend time is: 260
[2020-02-09 06:44:07] spend time is: 260
[2020-02-09 06:44:07] spend time is: 260
[2020-02-09 06:44:08] spend time is: 260
[2020-02-09 06:44:17] spend time is: 270
[2020-02-09 06:44:17] spend time is: 270
[2020-02-09 06:44:17] spend time is: 270
[2020-02-09 06:44:17] spend time is: 270
[2020-02-09 06:44:17] spend time is: 270
[2020-02-09 06:44:17] spend time is: 270
[2020-02-09 06:44:17] spend time is: 270
[2020-02-09 06:44:17] spend time is: 270
[2020-02-09 06:44:17] spend time is: 270
[2020-02-09 06:44:17] spend time is: 270
[2020-02-09 06:44:17] spend time is: 270
[2020-02-09 06:44:18] spend time is: 270
[2020-02-09 06:44:27] spend time is: 280
[2020-02-09 06:44:27] spend time is: 280
[2020-02-09 06:44:27] spend time is: 280
[2020-02-09 06:44:27] spend time is: 280
[2020-02-09 06:44:27] spend time is: 280
[2020-02-09 06:44:27] spend time is: 280
[2020-02-09 06:44:27] spend time is: 280
[2020-02-09 06:44:27] spend time is: 280
[2020-02-09 06:44:27] spend time is: 280
[2020-02-09 06:44:28] spend time is: 280
[2020-02-09 06:44:30] grafana-4.6.3.tgz update done.
[2020-02-09 06:44:37] spend time is: 290
[2020-02-09 06:44:37] spend time is: 290
[2020-02-09 06:44:37] spend time is: 290
[2020-02-09 06:44:37] spend time is: 290
[2020-02-09 06:44:37] spend time is: 290
[2020-02-09 06:44:37] spend time is: 290
[2020-02-09 06:44:37] spend time is: 290
[2020-02-09 06:44:37] spend time is: 290
[2020-02-09 06:44:37] spend time is: 290
[2020-02-09 06:44:37] spend time is: 290
[2020-02-09 06:44:47] spend time is: 300
[2020-02-09 06:44:47] spend time is: 300
[2020-02-09 06:44:47] spend time is: 300
[2020-02-09 06:44:47] spend time is: 300
Warning: Permanently added the RSA host key for IP address '140.82.113.3' to the list of known hosts.
Already up to date.
Already up to date.
fatal: Unable to create '/home/travis/build/babyshen/helm-charts-mirror/.git/index.lock': File exists.

Another git process seems to be running in this repository, e.g.
an editor opened by 'git commit'. Please make sure all processes
are terminated then try again. If it still fails, a git process
may have crashed in this repository earlier:
remove the file manually to continue.
Already up to date.
fatal: Unable to create '/home/travis/build/babyshen/helm-charts-mirror/.git/index.lock': File exists.

Another git process seems to be running in this repository, e.g.
an editor opened by 'git commit'. Please make sure all processes
are terminated then try again. If it still fails, a git process
may have crashed in this repository earlier:
remove the file manually to continue.
Already up to date.
fatal: Unable to create '/home/travis/build/babyshen/helm-charts-mirror/.git/index.lock': File exists.

Another git process seems to be running in this repository, e.g.
an editor opened by 'git commit'. Please make sure all processes
are terminated then try again. If it still fails, a git process
may have crashed in this repository earlier:
remove the file manually to continue.
[gh-pages 23eb8cd] Synchronizing completion at 2020-02-09
 17 files changed, 1335 insertions(+), 302 deletions(-)
 rewrite airflow-5.2.5.tgz (60%)
 create mode 100644 airflow-6.0.0.tgz
 create mode 100644 ambassador-5.3.1.tgz
 create mode 100644 cockroachdb-3.0.3.tgz
 create mode 100644 cockroachdb-3.0.4.tgz
 create mode 100644 collabora-code-1.0.6.tgz
 create mode 100644 datadog-1.39.7.tgz
 create mode 100644 datadog-1.39.8.tgz
 create mode 100644 drone-2.6.0.tgz
 create mode 100644 drone-2.6.1.tgz
 rewrite elastic-stack-1.8.0.tgz (98%)
 create mode 100644 elasticsearch-exporter-2.3.0.tgz
 create mode 100644 grafana-4.6.3.tgz
 create mode 100644 travis_wait_2064.log
To github.com:babyshen/helm-charts-mirror.git
   3026a3f..23eb8cd  gh-pages -> gh-pages
Branch 'gh-pages' set up to track remote branch 'gh-pages' from 'origin'.
[2020-02-09 06:44:57] spend time is: 310
[2020-02-09 06:44:57] spend time is: 310
[2020-02-09 06:44:57] spend time is: 310
[2020-02-09 06:44:57] spend time is: 310
[2020-02-09 06:44:57] spend time is: 310
[2020-02-09 06:44:57] spend time is: 310
[2020-02-09 06:44:57] spend time is: 310
[2020-02-09 06:44:57] spend time is: 310
[2020-02-09 06:44:59] graylog-1.5.5.tgz update done.
[2020-02-09 06:45:00] graylog-1.5.4.tgz update done.
[2020-02-09 06:45:00] graylog-1.5.3.tgz update done.
[2020-02-09 06:45:07] spend time is: 320
[2020-02-09 06:45:07] spend time is: 320
[2020-02-09 06:45:07] spend time is: 320
[2020-02-09 06:45:07] spend time is: 320
[2020-02-09 06:45:07] spend time is: 320
[2020-02-09 06:45:07] spend time is: 320
[2020-02-09 06:45:07] spend time is: 320
[2020-02-09 06:45:07] spend time is: 320
[2020-02-09 06:45:17] spend time is: 330
[2020-02-09 06:45:17] spend time is: 330
[2020-02-09 06:45:17] spend time is: 330
[2020-02-09 06:45:17] spend time is: 330
[2020-02-09 06:45:17] spend time is: 330
[2020-02-09 06:45:17] spend time is: 330
[2020-02-09 06:45:17] spend time is: 330
[2020-02-09 06:45:17] spend time is: 330
[2020-02-09 06:45:27] spend time is: 340
[2020-02-09 06:45:27] spend time is: 340
[2020-02-09 06:45:27] spend time is: 340
[2020-02-09 06:45:27] spend time is: 340
[2020-02-09 06:45:27] spend time is: 340
[2020-02-09 06:45:27] spend time is: 340
[2020-02-09 06:45:27] spend time is: 340
[2020-02-09 06:45:27] spend time is: 340
[2020-02-09 06:45:37] spend time is: 350
[2020-02-09 06:45:37] spend time is: 350
[2020-02-09 06:45:37] spend time is: 350
[2020-02-09 06:45:37] spend time is: 350
[2020-02-09 06:45:37] spend time is: 350
[2020-02-09 06:45:37] spend time is: 350
[2020-02-09 06:45:37] spend time is: 350
[2020-02-09 06:45:38] spend time is: 350
[2020-02-09 06:45:42] janusgraph-0.2.1.tgz update done.
[2020-02-09 06:45:47] spend time is: 360
[2020-02-09 06:45:47] spend time is: 360
[2020-02-09 06:45:47] spend time is: 360
[2020-02-09 06:45:47] spend time is: 360
[2020-02-09 06:45:47] spend time is: 360
[2020-02-09 06:45:47] spend time is: 360
[2020-02-09 06:45:47] spend time is: 360
[2020-02-09 06:45:52] jenkins-1.9.17.tgz update done.
[2020-02-09 06:45:57] spend time is: 370
[2020-02-09 06:45:57] spend time is: 370
[2020-02-09 06:45:57] spend time is: 370
[2020-02-09 06:45:57] spend time is: 370
[2020-02-09 06:45:57] spend time is: 370
[2020-02-09 06:45:57] spend time is: 370
[2020-02-09 06:45:57] spend time is: 370
[2020-02-09 06:45:58] spend time is: 370
[2020-02-09 06:46:07] spend time is: 380
[2020-02-09 06:46:07] spend time is: 380
[2020-02-09 06:46:07] spend time is: 380
[2020-02-09 06:46:07] spend time is: 380
[2020-02-09 06:46:07] spend time is: 380
[2020-02-09 06:46:07] spend time is: 380
[2020-02-09 06:46:07] spend time is: 380
[2020-02-09 06:46:07] spend time is: 380
[2020-02-09 06:46:17] spend time is: 390
[2020-02-09 06:46:17] spend time is: 390
[2020-02-09 06:46:17] spend time is: 390
[2020-02-09 06:46:17] spend time is: 390
[2020-02-09 06:46:17] spend time is: 390
[2020-02-09 06:46:17] spend time is: 390
[2020-02-09 06:46:17] spend time is: 390
[2020-02-09 06:46:27] spend time is: 400
[2020-02-09 06:46:27] spend time is: 400
[2020-02-09 06:46:27] spend time is: 400
[2020-02-09 06:46:27] spend time is: 400
[2020-02-09 06:46:27] spend time is: 400
[2020-02-09 06:46:27] spend time is: 400
[2020-02-09 06:46:27] spend time is: 400
[2020-02-09 06:46:27] spend time is: 400
[2020-02-09 06:46:35] k8s-spot-rescheduler-0.4.3.tgz update done.
[2020-02-09 06:46:37] spend time is: 410
[2020-02-09 06:46:37] spend time is: 410
[2020-02-09 06:46:37] spend time is: 410
[2020-02-09 06:46:37] spend time is: 410
[2020-02-09 06:46:37] spend time is: 410
[2020-02-09 06:46:37] spend time is: 410
[2020-02-09 06:46:37] spend time is: 410
[2020-02-09 06:46:37] spend time is: 410
[2020-02-09 06:46:47] spend time is: 420
[2020-02-09 06:46:47] spend time is: 420
[2020-02-09 06:46:47] spend time is: 420
[2020-02-09 06:46:47] spend time is: 420
[2020-02-09 06:46:47] spend time is: 420
[2020-02-09 06:46:47] spend time is: 420
[2020-02-09 06:46:47] spend time is: 420
[2020-02-09 06:46:47] spend time is: 420
[2020-02-09 06:46:57] spend time is: 430
[2020-02-09 06:46:57] spend time is: 430
[2020-02-09 06:46:57] spend time is: 430
[2020-02-09 06:46:57] spend time is: 430
[2020-02-09 06:46:57] spend time is: 430
[2020-02-09 06:46:57] spend time is: 430
[2020-02-09 06:46:57] spend time is: 430
[2020-02-09 06:46:57] spend time is: 430
[2020-02-09 06:47:07] spend time is: 440
[2020-02-09 06:47:07] spend time is: 440
[2020-02-09 06:47:07] spend time is: 440
[2020-02-09 06:47:07] spend time is: 440
[2020-02-09 06:47:07] spend time is: 440
[2020-02-09 06:47:17] spend time is: 450
[2020-02-09 06:47:17] spend time is: 450
[2020-02-09 06:47:17] spend time is: 450
[2020-02-09 06:47:17] spend time is: 450
[2020-02-09 06:47:17] spend time is: 450
[2020-02-09 06:47:27] spend time is: 460
[2020-02-09 06:47:27] spend time is: 460
[2020-02-09 06:47:27] spend time is: 460
[2020-02-09 06:47:27] spend time is: 460
[2020-02-09 06:47:27] spend time is: 460
[2020-02-09 06:47:27] spend time is: 460
[2020-02-09 06:47:27] spend time is: 460
[2020-02-09 06:47:27] spend time is: 460
[2020-02-09 06:47:37] spend time is: 470
[2020-02-09 06:47:37] spend time is: 470
[2020-02-09 06:47:37] spend time is: 470
[2020-02-09 06:47:37] spend time is: 470
[2020-02-09 06:47:37] spend time is: 470
[2020-02-09 06:47:37] spend time is: 470
[2020-02-09 06:47:37] spend time is: 470
[2020-02-09 06:47:37] spend time is: 470
[2020-02-09 06:47:47] spend time is: 480
[2020-02-09 06:47:47] spend time is: 480
[2020-02-09 06:47:47] spend time is: 480
[2020-02-09 06:47:47] spend time is: 480
[2020-02-09 06:47:47] spend time is: 480
[2020-02-09 06:47:47] spend time is: 480
[2020-02-09 06:47:47] spend time is: 480
[2020-02-09 06:47:47] spend time is: 480
[2020-02-09 06:47:57] spend time is: 490
[2020-02-09 06:47:57] spend time is: 490
[2020-02-09 06:47:57] spend time is: 490
[2020-02-09 06:47:57] spend time is: 490
[2020-02-09 06:47:57] spend time is: 490
[2020-02-09 06:47:57] spend time is: 490
[2020-02-09 06:47:57] spend time is: 490
[2020-02-09 06:47:57] spend time is: 490
[2020-02-09 06:48:07] spend time is: 500
[2020-02-09 06:48:07] spend time is: 500
[2020-02-09 06:48:07] spend time is: 500
[2020-02-09 06:48:07] spend time is: 500
[2020-02-09 06:48:07] spend time is: 500
[2020-02-09 06:48:07] spend time is: 500
[2020-02-09 06:48:07] spend time is: 500
[2020-02-09 06:48:07] spend time is: 500
[2020-02-09 06:48:17] spend time is: 510
[2020-02-09 06:48:17] spend time is: 510
[2020-02-09 06:48:17] spend time is: 510
[2020-02-09 06:48:17] spend time is: 510
[2020-02-09 06:48:17] spend time is: 510
[2020-02-09 06:48:17] spend time is: 510
[2020-02-09 06:48:17] spend time is: 510
[2020-02-09 06:48:17] spend time is: 510
[2020-02-09 06:48:27] spend time is: 520
[2020-02-09 06:48:27] spend time is: 520
[2020-02-09 06:48:27] spend time is: 520
[2020-02-09 06:48:27] spend time is: 520
[2020-02-09 06:48:27] spend time is: 520
[2020-02-09 06:48:27] spend time is: 520
[2020-02-09 06:48:27] spend time is: 520
[2020-02-09 06:48:27] spend time is: 520
[2020-02-09 06:48:37] spend time is: 530
[2020-02-09 06:48:37] spend time is: 530
[2020-02-09 06:48:37] spend time is: 530
[2020-02-09 06:48:37] spend time is: 530
[2020-02-09 06:48:37] spend time is: 530
[2020-02-09 06:48:37] spend time is: 530
[2020-02-09 06:48:37] spend time is: 530
[2020-02-09 06:48:37] spend time is: 530
[2020-02-09 06:48:47] spend time is: 540
[2020-02-09 06:48:47] spend time is: 540
[2020-02-09 06:48:47] spend time is: 540
[2020-02-09 06:48:47] spend time is: 540
[2020-02-09 06:48:47] spend time is: 540
[2020-02-09 06:48:47] spend time is: 540
[2020-02-09 06:48:47] spend time is: 540
[2020-02-09 06:48:57] spend time is: 550
[2020-02-09 06:48:57] spend time is: 550
[2020-02-09 06:48:57] spend time is: 550
[2020-02-09 06:48:57] spend time is: 550
[2020-02-09 06:48:57] spend time is: 550
[2020-02-09 06:48:57] spend time is: 550
[2020-02-09 06:48:57] spend time is: 550
[2020-02-09 06:48:57] spend time is: 550
[2020-02-09 06:49:07] spend time is: 560
[2020-02-09 06:49:07] spend time is: 560
[2020-02-09 06:49:07] spend time is: 560
[2020-02-09 06:49:07] spend time is: 560
[2020-02-09 06:49:07] metabase-0.10.3.tgz update done.
[2020-02-09 06:49:07] spend time is: 560
[2020-02-09 06:49:07] spend time is: 560
[2020-02-09 06:49:07] spend time is: 560
[2020-02-09 06:49:17] spend time is: 570
[2020-02-09 06:49:17] spend time is: 570
[2020-02-09 06:49:17] spend time is: 570
[2020-02-09 06:49:17] spend time is: 570
[2020-02-09 06:49:17] spend time is: 570
[2020-02-09 06:49:17] spend time is: 570
[2020-02-09 06:49:17] spend time is: 570
[2020-02-09 06:49:27] spend time is: 580
[2020-02-09 06:49:27] spend time is: 580
[2020-02-09 06:49:27] spend time is: 580
[2020-02-09 06:49:27] spend time is: 580
[2020-02-09 06:49:27] spend time is: 580
[2020-02-09 06:49:27] spend time is: 580
[2020-02-09 06:49:27] spend time is: 580
[2020-02-09 06:49:27] spend time is: 580
[2020-02-09 06:49:37] spend time is: 590
[2020-02-09 06:49:37] spend time is: 590
[2020-02-09 06:49:37] spend time is: 590
[2020-02-09 06:49:37] spend time is: 590
[2020-02-09 06:49:37] spend time is: 590
[2020-02-09 06:49:37] spend time is: 590
[2020-02-09 06:49:37] spend time is: 590
[2020-02-09 06:49:37] spend time is: 590
[2020-02-09 06:49:47] spend time is: 600
Warning: Permanently added the RSA host key for IP address '140.82.113.4' to the list of known hosts.
Already up to date.
[gh-pages 70bccdf] Synchronizing completion at 2020-02-09
 9 files changed, 267 insertions(+), 1 deletion(-)
 rewrite graylog-1.5.3.tgz (86%)
 create mode 100644 graylog-1.5.4.tgz
 create mode 100644 graylog-1.5.5.tgz
 create mode 100644 jenkins-1.9.17.tgz
 create mode 100644 k8s-spot-rescheduler-0.4.3.tgz
 create mode 100644 metabase-0.10.3.tgz
To github.com:babyshen/helm-charts-mirror.git
   23eb8cd..70bccdf  gh-pages -> gh-pages
Branch 'gh-pages' set up to track remote branch 'gh-pages' from 'origin'.
[2020-02-09 06:49:57] spend time is: 610
[2020-02-09 06:49:57] spend time is: 610
[2020-02-09 06:49:57] spend time is: 610
[2020-02-09 06:49:57] spend time is: 610
[2020-02-09 06:49:57] spend time is: 610
[2020-02-09 06:49:57] spend time is: 610
[2020-02-09 06:49:57] spend time is: 610
[2020-02-09 06:49:57] spend time is: 610
[2020-02-09 06:50:07] spend time is: 620
[2020-02-09 06:50:07] spend time is: 620
[2020-02-09 06:50:07] spend time is: 620
[2020-02-09 06:50:07] spend time is: 620
[2020-02-09 06:50:07] spend time is: 620
[2020-02-09 06:50:07] spend time is: 620
[2020-02-09 06:50:07] mongodb-replicaset-3.11.5.tgz update done.
[2020-02-09 06:50:07] spend time is: 620
[2020-02-09 06:50:17] spend time is: 630
[2020-02-09 06:50:17] spend time is: 630
[2020-02-09 06:50:17] spend time is: 630
[2020-02-09 06:50:17] spend time is: 630
[2020-02-09 06:50:17] spend time is: 630
[2020-02-09 06:50:17] spend time is: 630
[2020-02-09 06:50:17] spend time is: 630
[2020-02-09 06:50:27] spend time is: 640
[2020-02-09 06:50:27] spend time is: 640
[2020-02-09 06:50:27] spend time is: 640
[2020-02-09 06:50:27] spend time is: 640
[2020-02-09 06:50:27] spend time is: 640
[2020-02-09 06:50:27] spend time is: 640
[2020-02-09 06:50:27] spend time is: 640
[2020-02-09 06:50:27] spend time is: 640
[2020-02-09 06:50:37] spend time is: 650
[2020-02-09 06:50:37] spend time is: 650
[2020-02-09 06:50:37] spend time is: 650
[2020-02-09 06:50:37] spend time is: 650
[2020-02-09 06:50:37] spend time is: 650
[2020-02-09 06:50:37] spend time is: 650
[2020-02-09 06:50:37] spend time is: 650
[2020-02-09 06:50:37] spend time is: 650
[2020-02-09 06:50:47] spend time is: 660
[2020-02-09 06:50:47] spend time is: 660
[2020-02-09 06:50:47] spend time is: 660
[2020-02-09 06:50:47] spend time is: 660
[2020-02-09 06:50:47] spend time is: 660
[2020-02-09 06:50:47] spend time is: 660
[2020-02-09 06:50:47] spend time is: 660
[2020-02-09 06:50:54] newrelic-infrastructure-0.13.21.tgz update done.
[2020-02-09 06:50:54] newrelic-infrastructure-0.13.20.tgz update done.
[2020-02-09 06:50:57] spend time is: 670
[2020-02-09 06:50:57] spend time is: 670
[2020-02-09 06:50:57] spend time is: 670
[2020-02-09 06:50:57] spend time is: 670
[2020-02-09 06:50:57] spend time is: 670
[2020-02-09 06:50:57] spend time is: 670
[2020-02-09 06:50:57] spend time is: 670
[2020-02-09 06:50:57] spend time is: 670
[2020-02-09 06:51:07] spend time is: 680
[2020-02-09 06:51:07] spend time is: 680
[2020-02-09 06:51:07] spend time is: 680
[2020-02-09 06:51:07] spend time is: 680
[2020-02-09 06:51:07] spend time is: 680
[2020-02-09 06:51:07] spend time is: 680
[2020-02-09 06:51:07] spend time is: 680
[2020-02-09 06:51:17] spend time is: 690
[2020-02-09 06:51:17] spend time is: 690
[2020-02-09 06:51:17] spend time is: 690
[2020-02-09 06:51:17] spend time is: 690
[2020-02-09 06:51:17] spend time is: 690
[2020-02-09 06:51:17] spend time is: 690
[2020-02-09 06:51:17] spend time is: 690
[2020-02-09 06:51:27] spend time is: 700
[2020-02-09 06:51:27] spend time is: 700
[2020-02-09 06:51:27] spend time is: 700
[2020-02-09 06:51:27] spend time is: 700
[2020-02-09 06:51:27] spend time is: 700
[2020-02-09 06:51:27] spend time is: 700
[2020-02-09 06:51:27] spend time is: 700
[2020-02-09 06:51:27] spend time is: 700
[2020-02-09 06:51:37] spend time is: 710
[2020-02-09 06:51:37] spend time is: 710
[2020-02-09 06:51:37] spend time is: 710
[2020-02-09 06:51:37] spend time is: 710
[2020-02-09 06:51:37] spend time is: 710
[2020-02-09 06:51:37] oauth2-proxy-2.2.2.tgz update done.
[2020-02-09 06:51:37] spend time is: 710
[2020-02-09 06:51:37] spend time is: 710
[2020-02-09 06:51:47] spend time is: 720
[2020-02-09 06:51:47] spend time is: 720
[2020-02-09 06:51:47] spend time is: 720
[2020-02-09 06:51:47] spend time is: 720
[2020-02-09 06:51:47] spend time is: 720
[2020-02-09 06:51:47] spend time is: 720
[2020-02-09 06:51:47] spend time is: 720
[2020-02-09 06:51:47] spend time is: 720
[2020-02-09 06:51:57] spend time is: 730
[2020-02-09 06:51:57] spend time is: 730
[2020-02-09 06:51:57] spend time is: 730
[2020-02-09 06:51:57] spend time is: 730
[2020-02-09 06:51:57] spend time is: 730
[2020-02-09 06:51:57] spend time is: 730
[2020-02-09 06:51:57] spend time is: 730
[2020-02-09 06:51:57] spend time is: 730
[2020-02-09 06:52:07] spend time is: 740
[2020-02-09 06:52:07] spend time is: 740
[2020-02-09 06:52:07] spend time is: 740
[2020-02-09 06:52:07] spend time is: 740
[2020-02-09 06:52:07] spend time is: 740
[2020-02-09 06:52:07] spend time is: 740
[2020-02-09 06:52:07] spend time is: 740
[2020-02-09 06:52:07] spend time is: 740
[2020-02-09 06:52:17] spend time is: 750
[2020-02-09 06:52:17] spend time is: 750
[2020-02-09 06:52:17] spend time is: 750
[2020-02-09 06:52:17] spend time is: 750
[2020-02-09 06:52:17] spend time is: 750
[2020-02-09 06:52:17] spend time is: 750
[2020-02-09 06:52:17] spend time is: 750
[2020-02-09 06:52:27] spend time is: 760
[2020-02-09 06:52:27] spend time is: 760
[2020-02-09 06:52:27] spend time is: 760
[2020-02-09 06:52:27] spend time is: 760
[2020-02-09 06:52:27] spend time is: 760
[2020-02-09 06:52:27] spend time is: 760
[2020-02-09 06:52:27] spend time is: 760
[2020-02-09 06:52:27] spend time is: 760
[2020-02-09 06:52:37] spend time is: 770
[2020-02-09 06:52:37] spend time is: 770
[2020-02-09 06:52:37] spend time is: 770
[2020-02-09 06:52:37] spend time is: 770
[2020-02-09 06:52:37] spend time is: 770
[2020-02-09 06:52:37] spend time is: 770
[2020-02-09 06:52:37] spend time is: 770
[2020-02-09 06:52:37] spend time is: 770
[2020-02-09 06:52:47] spend time is: 780
[2020-02-09 06:52:47] spend time is: 780
[2020-02-09 06:52:47] spend time is: 780
[2020-02-09 06:52:47] spend time is: 780
[2020-02-09 06:52:47] spend time is: 780
[2020-02-09 06:52:47] spend time is: 780
[2020-02-09 06:52:47] spend time is: 780
[2020-02-09 06:52:47] spend time is: 780
[2020-02-09 06:52:57] spend time is: 790
[2020-02-09 06:52:57] spend time is: 790
[2020-02-09 06:52:57] spend time is: 790
[2020-02-09 06:52:57] spend time is: 790
[2020-02-09 06:52:57] spend time is: 790
[2020-02-09 06:52:57] spend time is: 790
[2020-02-09 06:52:57] spend time is: 790
[2020-02-09 06:52:57] spend time is: 790
[2020-02-09 06:53:07] spend time is: 800
[2020-02-09 06:53:07] spend time is: 800
[2020-02-09 06:53:07] spend time is: 800
[2020-02-09 06:53:07] spend time is: 800
[2020-02-09 06:53:07] spend time is: 800
[2020-02-09 06:53:07] spend time is: 800
[2020-02-09 06:53:07] spend time is: 800
[2020-02-09 06:53:07] spend time is: 800
[2020-02-09 06:53:17] spend time is: 810
[2020-02-09 06:53:17] spend time is: 810
[2020-02-09 06:53:17] spend time is: 810
[2020-02-09 06:53:17] spend time is: 810
[2020-02-09 06:53:17] spend time is: 810
[2020-02-09 06:53:17] pgadmin-1.1.4.tgz update done.
[2020-02-09 06:53:17] spend time is: 810
[2020-02-09 06:53:17] spend time is: 810
[2020-02-09 06:53:27] spend time is: 820
[2020-02-09 06:53:27] spend time is: 820
[2020-02-09 06:53:27] spend time is: 820
[2020-02-09 06:53:27] spend time is: 820
[2020-02-09 06:53:27] spend time is: 820
[2020-02-09 06:53:27] spend time is: 820
[2020-02-09 06:53:27] spend time is: 820
[2020-02-09 06:53:27] spend time is: 820
[2020-02-09 06:53:37] spend time is: 830
[2020-02-09 06:53:37] spend time is: 830
[2020-02-09 06:53:37] spend time is: 830
[2020-02-09 06:53:37] spend time is: 830
[2020-02-09 06:53:37] spend time is: 830
[2020-02-09 06:53:37] spend time is: 830
[2020-02-09 06:53:37] spend time is: 830
[2020-02-09 06:53:37] spend time is: 830
[2020-02-09 06:53:47] spend time is: 840
[2020-02-09 06:53:47] spend time is: 840
[2020-02-09 06:53:47] spend time is: 840
[2020-02-09 06:53:47] spend time is: 840
[2020-02-09 06:53:47] spend time is: 840
[2020-02-09 06:53:47] spend time is: 840
[2020-02-09 06:53:47] spend time is: 840
[2020-02-09 06:53:47] spend time is: 840
[2020-02-09 06:53:57] spend time is: 850
[2020-02-09 06:53:57] spend time is: 850
[2020-02-09 06:53:57] spend time is: 850
[2020-02-09 06:53:57] spend time is: 850
[2020-02-09 06:53:57] spend time is: 850
[2020-02-09 06:53:57] spend time is: 850
[2020-02-09 06:53:57] spend time is: 850
[2020-02-09 06:53:57] spend time is: 850
[2020-02-09 06:54:02] postgresql-8.3.0.tgz update done.
[2020-02-09 06:54:07] spend time is: 860
[2020-02-09 06:54:07] spend time is: 860
[2020-02-09 06:54:07] spend time is: 860
[2020-02-09 06:54:07] spend time is: 860
[2020-02-09 06:54:07] spend time is: 860
[2020-02-09 06:54:07] spend time is: 860
[2020-02-09 06:54:07] spend time is: 860
[2020-02-09 06:54:07] spend time is: 860
[2020-02-09 06:54:17] spend time is: 870
[2020-02-09 06:54:17] spend time is: 870
[2020-02-09 06:54:17] spend time is: 870
[2020-02-09 06:54:17] spend time is: 870
[2020-02-09 06:54:17] spend time is: 870
[2020-02-09 06:54:17] spend time is: 870
[2020-02-09 06:54:17] spend time is: 870
[2020-02-09 06:54:27] spend time is: 880
[2020-02-09 06:54:27] spend time is: 880
[2020-02-09 06:54:27] spend time is: 880
[2020-02-09 06:54:27] spend time is: 880
[2020-02-09 06:54:27] spend time is: 880
[2020-02-09 06:54:27] spend time is: 880
[2020-02-09 06:54:27] spend time is: 880
[2020-02-09 06:54:27] spend time is: 880
[2020-02-09 06:54:37] spend time is: 890
[2020-02-09 06:54:37] spend time is: 890
[2020-02-09 06:54:37] spend time is: 890
[2020-02-09 06:54:37] spend time is: 890
[2020-02-09 06:54:37] spend time is: 890
[2020-02-09 06:54:37] spend time is: 890
[2020-02-09 06:54:37] spend time is: 890
[2020-02-09 06:54:47] spend time is: 900
Already up to date.
