Fetching origin
Warning: Permanently added the RSA host key for IP address '140.82.114.3' to the list of known hosts.
From github.com:babyshen/helm-charts-mirror
 * [new branch]      gh-pages   -> origin/gh-pages
 * [new branch]      master     -> origin/master
Previous HEAD position was 6f4bc38 restore bug
Switched to a new branch 'gh-pages'
Branch 'gh-pages' set up to track remote branch 'gh-pages' from 'origin'.
Already up to date.
Branch 'gh-pages' set up to track remote branch 'gh-pages' from 'origin'.
  % Total    % Received % Xferd  Average Speed   Time    Time     Time  Current
                                 Dload  Upload   Total   Spent    Left  Speed
  0     0    0     0    0     0      0      0 --:--:-- --:--:-- --:--:--     0100 6680k  100 6680k    0     0  49.1M      0 --:--:-- --:--:-- --:--:-- 49.4M
[2019-10-28 05:52:49] airflow-4.1.4.tgz update done.
[2019-10-28 05:52:52] spend time is: 60
[2019-10-28 05:52:52] spend time is: 60
[2019-10-28 05:52:52] spend time is: 60
[2019-10-28 05:52:52] spend time is: 60
[2019-10-28 05:52:52] spend time is: 60
[2019-10-28 05:52:52] spend time is: 60
[2019-10-28 05:52:52] spend time is: 60
[2019-10-28 05:52:52] spend time is: 60
[2019-10-28 05:52:52] spend time is: 60
[2019-10-28 05:53:02] spend time is: 70
[2019-10-28 05:53:02] spend time is: 70
[2019-10-28 05:53:02] spend time is: 70
[2019-10-28 05:53:02] spend time is: 70
[2019-10-28 05:53:02] spend time is: 70
[2019-10-28 05:53:02] spend time is: 70
[2019-10-28 05:53:02] spend time is: 70
[2019-10-28 05:53:02] spend time is: 70
[2019-10-28 05:53:02] spend time is: 70
[2019-10-28 05:53:12] spend time is: 80
[2019-10-28 05:53:12] spend time is: 80
[2019-10-28 05:53:12] spend time is: 80
[2019-10-28 05:53:12] spend time is: 80
[2019-10-28 05:53:12] spend time is: 80
[2019-10-28 05:53:12] spend time is: 80
[2019-10-28 05:53:12] spend time is: 80
[2019-10-28 05:53:12] spend time is: 80
[2019-10-28 05:53:12] spend time is: 80
[2019-10-28 05:53:12] spend time is: 80
[2019-10-28 05:53:22] spend time is: 90
[2019-10-28 05:53:22] spend time is: 90
[2019-10-28 05:53:22] spend time is: 90
[2019-10-28 05:53:22] spend time is: 90
[2019-10-28 05:53:22] spend time is: 90
[2019-10-28 05:53:22] spend time is: 90
[2019-10-28 05:53:22] spend time is: 90
[2019-10-28 05:53:22] spend time is: 90
[2019-10-28 05:53:32] spend time is: 100
[2019-10-28 05:53:32] spend time is: 100
[2019-10-28 05:53:32] spend time is: 100
[2019-10-28 05:53:32] spend time is: 100
[2019-10-28 05:53:32] spend time is: 100
[2019-10-28 05:53:32] spend time is: 100
[2019-10-28 05:53:32] spend time is: 100
[2019-10-28 05:53:32] spend time is: 100
[2019-10-28 05:53:32] spend time is: 100
[2019-10-28 05:53:42] spend time is: 110
[2019-10-28 05:53:42] spend time is: 110
[2019-10-28 05:53:42] spend time is: 110
[2019-10-28 05:53:42] spend time is: 110
[2019-10-28 05:53:42] spend time is: 110
[2019-10-28 05:53:42] spend time is: 110
[2019-10-28 05:53:42] spend time is: 110
[2019-10-28 05:53:42] spend time is: 110
[2019-10-28 05:53:52] spend time is: 120
[2019-10-28 05:53:52] spend time is: 120
[2019-10-28 05:53:52] spend time is: 120
[2019-10-28 05:53:52] spend time is: 120
[2019-10-28 05:53:52] spend time is: 120
[2019-10-28 05:53:52] spend time is: 120
[2019-10-28 05:53:52] spend time is: 120
[2019-10-28 05:53:52] spend time is: 120
[2019-10-28 05:54:02] spend time is: 130
[2019-10-28 05:54:02] spend time is: 130
[2019-10-28 05:54:02] spend time is: 130
[2019-10-28 05:54:02] spend time is: 130
[2019-10-28 05:54:02] spend time is: 130
[2019-10-28 05:54:02] spend time is: 130
[2019-10-28 05:54:02] spend time is: 130
[2019-10-28 05:54:02] spend time is: 130
[2019-10-28 05:54:02] spend time is: 130
[2019-10-28 05:54:12] spend time is: 140
[2019-10-28 05:54:12] spend time is: 140
[2019-10-28 05:54:12] spend time is: 140
[2019-10-28 05:54:12] spend time is: 140
[2019-10-28 05:54:12] spend time is: 140
[2019-10-28 05:54:12] spend time is: 140
[2019-10-28 05:54:12] spend time is: 140
[2019-10-28 05:54:12] spend time is: 140
[2019-10-28 05:54:12] spend time is: 140
[2019-10-28 05:54:12] spend time is: 140
[2019-10-28 05:54:22] spend time is: 150
[2019-10-28 05:54:22] spend time is: 150
[2019-10-28 05:54:22] spend time is: 150
[2019-10-28 05:54:22] spend time is: 150
[2019-10-28 05:54:22] spend time is: 150
[2019-10-28 05:54:22] spend time is: 150
[2019-10-28 05:54:22] spend time is: 150
[2019-10-28 05:54:22] spend time is: 150
[2019-10-28 05:54:32] spend time is: 160
[2019-10-28 05:54:32] spend time is: 160
[2019-10-28 05:54:32] spend time is: 160
[2019-10-28 05:54:32] spend time is: 160
[2019-10-28 05:54:32] spend time is: 160
[2019-10-28 05:54:32] spend time is: 160
[2019-10-28 05:54:32] spend time is: 160
[2019-10-28 05:54:32] spend time is: 160
[2019-10-28 05:54:32] spend time is: 160
[2019-10-28 05:54:42] spend time is: 170
[2019-10-28 05:54:42] spend time is: 170
[2019-10-28 05:54:42] spend time is: 170
[2019-10-28 05:54:42] spend time is: 170
[2019-10-28 05:54:42] spend time is: 170
[2019-10-28 05:54:42] spend time is: 170
[2019-10-28 05:54:42] spend time is: 170
[2019-10-28 05:54:42] spend time is: 170
[2019-10-28 05:54:52] spend time is: 180
[2019-10-28 05:54:52] spend time is: 180
[2019-10-28 05:54:52] spend time is: 180
[2019-10-28 05:54:52] spend time is: 180
[2019-10-28 05:54:52] spend time is: 180
[2019-10-28 05:54:52] spend time is: 180
[2019-10-28 05:54:52] spend time is: 180
[2019-10-28 05:54:52] spend time is: 180
[2019-10-28 05:54:52] spend time is: 180
[2019-10-28 05:54:52] spend time is: 180
[2019-10-28 05:54:52] spend time is: 180
[2019-10-28 05:55:02] spend time is: 190
[2019-10-28 05:55:02] spend time is: 190
[2019-10-28 05:55:02] spend time is: 190
[2019-10-28 05:55:02] spend time is: 190
[2019-10-28 05:55:02] spend time is: 190
[2019-10-28 05:55:02] spend time is: 190
[2019-10-28 05:55:02] spend time is: 190
[2019-10-28 05:55:02] spend time is: 190
[2019-10-28 05:55:02] spend time is: 190
[2019-10-28 05:55:12] elastic-stack-1.8.0.tgz update done.
[2019-10-28 05:55:12] spend time is: 200
[2019-10-28 05:55:12] spend time is: 200
[2019-10-28 05:55:12] spend time is: 200
[2019-10-28 05:55:12] spend time is: 200
[2019-10-28 05:55:12] spend time is: 200
[2019-10-28 05:55:12] spend time is: 200
[2019-10-28 05:55:12] spend time is: 200
[2019-10-28 05:55:12] spend time is: 200
[2019-10-28 05:55:12] spend time is: 200
[2019-10-28 05:55:13] spend time is: 200
[2019-10-28 05:55:22] spend time is: 210
[2019-10-28 05:55:22] spend time is: 210
[2019-10-28 05:55:22] spend time is: 210
[2019-10-28 05:55:22] spend time is: 210
[2019-10-28 05:55:22] spend time is: 210
[2019-10-28 05:55:22] spend time is: 210
[2019-10-28 05:55:22] spend time is: 210
[2019-10-28 05:55:22] spend time is: 210
[2019-10-28 05:55:22] spend time is: 210
[2019-10-28 05:55:32] spend time is: 220
[2019-10-28 05:55:32] spend time is: 220
[2019-10-28 05:55:32] spend time is: 220
[2019-10-28 05:55:32] spend time is: 220
[2019-10-28 05:55:32] spend time is: 220
[2019-10-28 05:55:32] spend time is: 220
[2019-10-28 05:55:32] spend time is: 220
[2019-10-28 05:55:32] spend time is: 220
[2019-10-28 05:55:32] spend time is: 220
[2019-10-28 05:55:42] spend time is: 230
[2019-10-28 05:55:42] spend time is: 230
[2019-10-28 05:55:42] spend time is: 230
[2019-10-28 05:55:42] spend time is: 230
[2019-10-28 05:55:42] spend time is: 230
[2019-10-28 05:55:42] spend time is: 230
[2019-10-28 05:55:42] spend time is: 230
[2019-10-28 05:55:42] spend time is: 230
[2019-10-28 05:55:42] spend time is: 230
[2019-10-28 05:55:42] spend time is: 230
[2019-10-28 05:55:52] spend time is: 240
[2019-10-28 05:55:52] spend time is: 240
[2019-10-28 05:55:52] spend time is: 240
[2019-10-28 05:55:52] spend time is: 240
[2019-10-28 05:55:52] spend time is: 240
[2019-10-28 05:55:52] spend time is: 240
[2019-10-28 05:55:52] spend time is: 240
[2019-10-28 05:55:52] spend time is: 240
[2019-10-28 05:56:02] spend time is: 250
[2019-10-28 05:56:02] spend time is: 250
[2019-10-28 05:56:02] spend time is: 250
[2019-10-28 05:56:02] spend time is: 250
[2019-10-28 05:56:02] spend time is: 250
[2019-10-28 05:56:02] spend time is: 250
[2019-10-28 05:56:02] spend time is: 250
[2019-10-28 05:56:02] spend time is: 250
[2019-10-28 05:56:02] spend time is: 250
[2019-10-28 05:56:02] spend time is: 250
[2019-10-28 05:56:12] spend time is: 260
[2019-10-28 05:56:12] spend time is: 260
[2019-10-28 05:56:12] spend time is: 260
[2019-10-28 05:56:12] spend time is: 260
[2019-10-28 05:56:12] spend time is: 260
[2019-10-28 05:56:12] spend time is: 260
[2019-10-28 05:56:12] spend time is: 260
[2019-10-28 05:56:12] spend time is: 260
[2019-10-28 05:56:13] spend time is: 260
[2019-10-28 05:56:22] spend time is: 270
[2019-10-28 05:56:22] spend time is: 270
[2019-10-28 05:56:22] spend time is: 270
[2019-10-28 05:56:22] spend time is: 270
[2019-10-28 05:56:22] spend time is: 270
[2019-10-28 05:56:22] spend time is: 270
[2019-10-28 05:56:22] spend time is: 270
[2019-10-28 05:56:22] spend time is: 270
[2019-10-28 05:56:22] spend time is: 270
[2019-10-28 05:56:31] gitlab-ce-0.2.2.tgz update done.
[2019-10-28 05:56:32] spend time is: 280
[2019-10-28 05:56:32] spend time is: 280
[2019-10-28 05:56:32] spend time is: 280
[2019-10-28 05:56:32] spend time is: 280
[2019-10-28 05:56:32] spend time is: 280
[2019-10-28 05:56:32] spend time is: 280
[2019-10-28 05:56:32] spend time is: 280
[2019-10-28 05:56:32] spend time is: 280
[2019-10-28 05:56:32] spend time is: 280
[2019-10-28 05:56:42] spend time is: 290
[2019-10-28 05:56:42] spend time is: 290
[2019-10-28 05:56:42] spend time is: 290
[2019-10-28 05:56:42] spend time is: 290
[2019-10-28 05:56:42] spend time is: 290
[2019-10-28 05:56:42] spend time is: 290
[2019-10-28 05:56:42] spend time is: 290
[2019-10-28 05:56:42] spend time is: 290
[2019-10-28 05:56:42] spend time is: 290
[2019-10-28 05:56:52] spend time is: 300
[2019-10-28 05:56:52] spend time is: 300
[2019-10-28 05:56:52] spend time is: 300
[2019-10-28 05:56:52] spend time is: 300
Warning: Permanently added the RSA host key for IP address '140.82.113.3' to the list of known hosts.
Warning: Permanently added the RSA host key for IP address '192.30.253.112' to the list of known hosts.
Already up to date.
Already up to date.
fatal: Unable to create '/home/travis/build/babyshen/helm-charts-mirror/.git/index.lock': File exists.

Another git process seems to be running in this repository, e.g.
an editor opened by 'git commit'. Please make sure all processes
are terminated then try again. If it still fails, a git process
may have crashed in this repository earlier:
remove the file manually to continue.
Already up to date.
fatal: Unable to create '/home/travis/build/babyshen/helm-charts-mirror/.git/index.lock': File exists.

Another git process seems to be running in this repository, e.g.
an editor opened by 'git commit'. Please make sure all processes
are terminated then try again. If it still fails, a git process
may have crashed in this repository earlier:
remove the file manually to continue.
Already up to date.
fatal: Unable to create '/home/travis/build/babyshen/helm-charts-mirror/.git/index.lock': File exists.

Another git process seems to be running in this repository, e.g.
an editor opened by 'git commit'. Please make sure all processes
are terminated then try again. If it still fails, a git process
may have crashed in this repository earlier:
remove the file manually to continue.
[gh-pages a46569d] Synchronizing completion at 2019-10-28
 7 files changed, 707 insertions(+), 304 deletions(-)
 rewrite airflow-4.1.4.tgz (99%)
 rewrite elastic-stack-1.8.0.tgz (99%)
 rewrite gitlab-ce-0.2.2.tgz (100%)
 create mode 100644 travis_wait_1942.log
To github.com:babyshen/helm-charts-mirror.git
   8c66d7f..a46569d  gh-pages -> gh-pages
Branch 'gh-pages' set up to track remote branch 'gh-pages' from 'origin'.
[2019-10-28 05:57:02] spend time is: 310
[2019-10-28 05:57:02] spend time is: 310
[2019-10-28 05:57:02] spend time is: 310
[2019-10-28 05:57:02] spend time is: 310
[2019-10-28 05:57:02] spend time is: 310
[2019-10-28 05:57:02] spend time is: 310
[2019-10-28 05:57:02] spend time is: 310
[2019-10-28 05:57:12] spend time is: 320
[2019-10-28 05:57:12] spend time is: 320
[2019-10-28 05:57:12] spend time is: 320
[2019-10-28 05:57:12] spend time is: 320
[2019-10-28 05:57:12] spend time is: 320
[2019-10-28 05:57:12] spend time is: 320
[2019-10-28 05:57:12] spend time is: 320
[2019-10-28 05:57:14] graylog-1.3.9.tgz update done.
[2019-10-28 05:57:22] spend time is: 330
[2019-10-28 05:57:22] spend time is: 330
[2019-10-28 05:57:22] spend time is: 330
[2019-10-28 05:57:22] spend time is: 330
[2019-10-28 05:57:22] spend time is: 330
[2019-10-28 05:57:22] spend time is: 330
[2019-10-28 05:57:22] spend time is: 330
[2019-10-28 05:57:32] spend time is: 340
[2019-10-28 05:57:32] spend time is: 340
[2019-10-28 05:57:32] spend time is: 340
[2019-10-28 05:57:32] spend time is: 340
[2019-10-28 05:57:32] spend time is: 340
[2019-10-28 05:57:32] spend time is: 340
[2019-10-28 05:57:32] spend time is: 340
[2019-10-28 05:57:34] home-assistant-0.9.9.tgz update done.
[2019-10-28 05:57:42] spend time is: 350
[2019-10-28 05:57:42] spend time is: 350
[2019-10-28 05:57:42] spend time is: 350
[2019-10-28 05:57:42] spend time is: 350
[2019-10-28 05:57:42] spend time is: 350
[2019-10-28 05:57:42] spend time is: 350
[2019-10-28 05:57:42] spend time is: 350
[2019-10-28 05:57:52] spend time is: 360
[2019-10-28 05:57:52] spend time is: 360
[2019-10-28 05:57:52] spend time is: 360
[2019-10-28 05:57:52] spend time is: 360
[2019-10-28 05:57:52] spend time is: 360
[2019-10-28 05:57:52] spend time is: 360
[2019-10-28 05:57:52] spend time is: 360
[2019-10-28 05:57:55] janusgraph-0.2.1.tgz update done.
[2019-10-28 05:58:02] spend time is: 370
[2019-10-28 05:58:02] spend time is: 370
[2019-10-28 05:58:02] spend time is: 370
[2019-10-28 05:58:02] spend time is: 370
[2019-10-28 05:58:02] spend time is: 370
[2019-10-28 05:58:02] spend time is: 370
[2019-10-28 05:58:02] spend time is: 370
[2019-10-28 05:58:12] spend time is: 380
[2019-10-28 05:58:12] spend time is: 380
[2019-10-28 05:58:12] spend time is: 380
[2019-10-28 05:58:12] spend time is: 380
[2019-10-28 05:58:12] spend time is: 380
[2019-10-28 05:58:12] spend time is: 380
[2019-10-28 05:58:12] spend time is: 380
[2019-10-28 05:58:22] spend time is: 390
[2019-10-28 05:58:22] spend time is: 390
[2019-10-28 05:58:22] spend time is: 390
[2019-10-28 05:58:22] spend time is: 390
[2019-10-28 05:58:22] spend time is: 390
[2019-10-28 05:58:22] spend time is: 390
[2019-10-28 05:58:22] spend time is: 390
[2019-10-28 05:58:32] spend time is: 400
[2019-10-28 05:58:32] spend time is: 400
[2019-10-28 05:58:32] spend time is: 400
[2019-10-28 05:58:32] spend time is: 400
[2019-10-28 05:58:32] spend time is: 400
[2019-10-28 05:58:32] spend time is: 400
[2019-10-28 05:58:32] spend time is: 400
[2019-10-28 05:58:35] joomla-6.1.11.tgz update done.
[2019-10-28 05:58:42] spend time is: 410
[2019-10-28 05:58:42] spend time is: 410
[2019-10-28 05:58:42] spend time is: 410
[2019-10-28 05:58:42] spend time is: 410
[2019-10-28 05:58:42] spend time is: 410
[2019-10-28 05:58:42] spend time is: 410
[2019-10-28 05:58:42] spend time is: 410
[2019-10-28 05:58:52] spend time is: 420
[2019-10-28 05:58:52] spend time is: 420
[2019-10-28 05:58:52] spend time is: 420
[2019-10-28 05:58:52] spend time is: 420
[2019-10-28 05:58:52] spend time is: 420
[2019-10-28 05:58:52] spend time is: 420
[2019-10-28 05:58:52] spend time is: 420
[2019-10-28 05:58:57] karma-1.1.20.tgz update done.
[2019-10-28 05:59:02] spend time is: 430
[2019-10-28 05:59:02] spend time is: 430
[2019-10-28 05:59:02] spend time is: 430
[2019-10-28 05:59:02] spend time is: 430
[2019-10-28 05:59:02] spend time is: 430
[2019-10-28 05:59:02] spend time is: 430
[2019-10-28 05:59:03] spend time is: 430
[2019-10-28 05:59:12] spend time is: 440
[2019-10-28 05:59:12] spend time is: 440
[2019-10-28 05:59:12] spend time is: 440
[2019-10-28 05:59:12] spend time is: 440
[2019-10-28 05:59:12] spend time is: 440
[2019-10-28 05:59:12] spend time is: 440
[2019-10-28 05:59:12] spend time is: 440
[2019-10-28 05:59:22] spend time is: 450
[2019-10-28 05:59:22] spend time is: 450
[2019-10-28 05:59:22] spend time is: 450
[2019-10-28 05:59:22] spend time is: 450
[2019-10-28 05:59:22] spend time is: 450
[2019-10-28 05:59:22] spend time is: 450
[2019-10-28 05:59:23] spend time is: 450
[2019-10-28 05:59:32] spend time is: 460
[2019-10-28 05:59:32] spend time is: 460
[2019-10-28 05:59:32] spend time is: 460
[2019-10-28 05:59:32] spend time is: 460
[2019-10-28 05:59:32] spend time is: 460
[2019-10-28 05:59:32] spend time is: 460
[2019-10-28 05:59:32] spend time is: 460
[2019-10-28 05:59:36] kube-ops-view-1.1.0.tgz update done.
[2019-10-28 05:59:42] spend time is: 470
[2019-10-28 05:59:42] spend time is: 470
[2019-10-28 05:59:42] spend time is: 470
[2019-10-28 05:59:42] spend time is: 470
[2019-10-28 05:59:42] spend time is: 470
[2019-10-28 05:59:42] spend time is: 470
[2019-10-28 05:59:42] spend time is: 470
[2019-10-28 05:59:52] spend time is: 480
[2019-10-28 05:59:52] spend time is: 480
[2019-10-28 05:59:52] spend time is: 480
[2019-10-28 05:59:52] spend time is: 480
[2019-10-28 05:59:52] spend time is: 480
[2019-10-28 05:59:52] spend time is: 480
[2019-10-28 05:59:52] spend time is: 480
[2019-10-28 06:00:02] spend time is: 490
[2019-10-28 06:00:02] spend time is: 490
[2019-10-28 06:00:02] spend time is: 490
[2019-10-28 06:00:02] spend time is: 490
[2019-10-28 06:00:02] spend time is: 490
[2019-10-28 06:00:02] spend time is: 490
[2019-10-28 06:00:02] spend time is: 490
[2019-10-28 06:00:12] spend time is: 500
[2019-10-28 06:00:12] spend time is: 500
[2019-10-28 06:00:12] spend time is: 500
[2019-10-28 06:00:12] spend time is: 500
[2019-10-28 06:00:12] spend time is: 500
[2019-10-28 06:00:12] spend time is: 500
[2019-10-28 06:00:12] spend time is: 500
[2019-10-28 06:00:22] spend time is: 510
[2019-10-28 06:00:22] spend time is: 510
[2019-10-28 06:00:22] spend time is: 510
[2019-10-28 06:00:22] spend time is: 510
[2019-10-28 06:00:22] spend time is: 510
[2019-10-28 06:00:22] spend time is: 510
[2019-10-28 06:00:22] spend time is: 510
[2019-10-28 06:00:32] spend time is: 520
[2019-10-28 06:00:32] spend time is: 520
[2019-10-28 06:00:32] spend time is: 520
[2019-10-28 06:00:32] spend time is: 520
[2019-10-28 06:00:32] spend time is: 520
[2019-10-28 06:00:32] spend time is: 520
[2019-10-28 06:00:32] spend time is: 520
[2019-10-28 06:00:42] spend time is: 530
[2019-10-28 06:00:42] spend time is: 530
[2019-10-28 06:00:42] spend time is: 530
[2019-10-28 06:00:42] spend time is: 530
[2019-10-28 06:00:42] spend time is: 530
[2019-10-28 06:00:42] spend time is: 530
[2019-10-28 06:00:42] spend time is: 530
[2019-10-28 06:00:52] spend time is: 540
[2019-10-28 06:00:52] spend time is: 540
[2019-10-28 06:00:52] spend time is: 540
[2019-10-28 06:00:52] spend time is: 540
[2019-10-28 06:00:52] spend time is: 540
[2019-10-28 06:00:52] spend time is: 540
[2019-10-28 06:00:52] spend time is: 540
[2019-10-28 06:01:02] spend time is: 550
[2019-10-28 06:01:02] spend time is: 550
[2019-10-28 06:01:02] spend time is: 550
[2019-10-28 06:01:02] spend time is: 550
[2019-10-28 06:01:02] spend time is: 550
[2019-10-28 06:01:02] spend time is: 550
[2019-10-28 06:01:02] spend time is: 550
[2019-10-28 06:01:11] memcached-3.0.3.tgz update done.
[2019-10-28 06:01:12] spend time is: 560
[2019-10-28 06:01:12] spend time is: 560
[2019-10-28 06:01:12] spend time is: 560
[2019-10-28 06:01:12] spend time is: 560
[2019-10-28 06:01:12] spend time is: 560
[2019-10-28 06:01:12] spend time is: 560
[2019-10-28 06:01:12] spend time is: 560
[2019-10-28 06:01:22] spend time is: 570
[2019-10-28 06:01:22] spend time is: 570
[2019-10-28 06:01:22] spend time is: 570
[2019-10-28 06:01:22] spend time is: 570
[2019-10-28 06:01:22] spend time is: 570
[2019-10-28 06:01:22] spend time is: 570
[2019-10-28 06:01:22] spend time is: 570
[2019-10-28 06:01:32] spend time is: 580
[2019-10-28 06:01:32] spend time is: 580
[2019-10-28 06:01:32] spend time is: 580
[2019-10-28 06:01:32] spend time is: 580
[2019-10-28 06:01:32] spend time is: 580
[2019-10-28 06:01:32] spend time is: 580
[2019-10-28 06:01:32] spend time is: 580
[2019-10-28 06:01:42] spend time is: 590
[2019-10-28 06:01:42] spend time is: 590
[2019-10-28 06:01:42] spend time is: 590
[2019-10-28 06:01:42] spend time is: 590
[2019-10-28 06:01:42] spend time is: 590
[2019-10-28 06:01:42] spend time is: 590
[2019-10-28 06:01:42] spend time is: 590
[2019-10-28 06:01:49] mongodb-7.4.4.tgz update done.
[2019-10-28 06:01:49] mongodb-7.4.3.tgz update done.
[2019-10-28 06:01:52] spend time is: 600
Warning: Permanently added the RSA host key for IP address '140.82.114.4' to the list of known hosts.
Already up to date.
[gh-pages 9663507] Synchronizing completion at 2019-10-28
 11 files changed, 225 insertions(+), 1 deletion(-)
 rewrite graylog-1.3.9.tgz (99%)
 create mode 100644 home-assistant-0.9.9.tgz
 create mode 100644 joomla-6.1.11.tgz
 create mode 100644 karma-1.1.20.tgz
 rewrite kube-ops-view-1.1.0.tgz (99%)
 create mode 100644 memcached-3.0.3.tgz
 create mode 100644 mongodb-7.4.3.tgz
 create mode 100644 mongodb-7.4.4.tgz
To github.com:babyshen/helm-charts-mirror.git
   a46569d..9663507  gh-pages -> gh-pages
Branch 'gh-pages' set up to track remote branch 'gh-pages' from 'origin'.
[2019-10-28 06:02:02] spend time is: 610
[2019-10-28 06:02:02] spend time is: 610
[2019-10-28 06:02:02] spend time is: 610
[2019-10-28 06:02:02] spend time is: 610
[2019-10-28 06:02:02] spend time is: 610
[2019-10-28 06:02:02] spend time is: 610
[2019-10-28 06:02:02] spend time is: 610
[2019-10-28 06:02:12] spend time is: 620
[2019-10-28 06:02:12] spend time is: 620
[2019-10-28 06:02:12] spend time is: 620
[2019-10-28 06:02:12] spend time is: 620
[2019-10-28 06:02:12] spend time is: 620
[2019-10-28 06:02:12] spend time is: 620
[2019-10-28 06:02:22] spend time is: 630
[2019-10-28 06:02:22] spend time is: 630
[2019-10-28 06:02:22] spend time is: 630
[2019-10-28 06:02:22] spend time is: 630
[2019-10-28 06:02:22] spend time is: 630
[2019-10-28 06:02:22] spend time is: 630
[2019-10-28 06:02:23] spend time is: 630
[2019-10-28 06:02:27] moodle-6.1.13.tgz update done.
[2019-10-28 06:02:27] moodle-6.1.12.tgz update done.
[2019-10-28 06:02:32] spend time is: 640
[2019-10-28 06:02:32] spend time is: 640
[2019-10-28 06:02:32] spend time is: 640
[2019-10-28 06:02:32] spend time is: 640
[2019-10-28 06:02:32] spend time is: 640
[2019-10-28 06:02:32] spend time is: 640
[2019-10-28 06:02:32] spend time is: 640
[2019-10-28 06:02:42] spend time is: 650
[2019-10-28 06:02:42] spend time is: 650
[2019-10-28 06:02:42] spend time is: 650
[2019-10-28 06:02:42] spend time is: 650
[2019-10-28 06:02:42] spend time is: 650
[2019-10-28 06:02:42] spend time is: 650
[2019-10-28 06:02:52] spend time is: 660
[2019-10-28 06:02:52] spend time is: 660
[2019-10-28 06:02:52] spend time is: 660
[2019-10-28 06:02:52] spend time is: 660
[2019-10-28 06:02:52] spend time is: 660
[2019-10-28 06:02:52] spend time is: 660
[2019-10-28 06:02:52] spend time is: 660
[2019-10-28 06:02:56] nats-4.2.6.tgz update done.
[2019-10-28 06:02:57] nats-4.2.5.tgz update done.
[2019-10-28 06:02:57] nats-4.2.4.tgz update done.
[2019-10-28 06:03:02] spend time is: 670
[2019-10-28 06:03:02] spend time is: 670
[2019-10-28 06:03:02] spend time is: 670
[2019-10-28 06:03:02] spend time is: 670
[2019-10-28 06:03:02] spend time is: 670
[2019-10-28 06:03:02] spend time is: 670
[2019-10-28 06:03:02] spend time is: 670
[2019-10-28 06:03:09] newrelic-infrastructure-0.13.11.tgz update done.
[2019-10-28 06:03:12] spend time is: 680
[2019-10-28 06:03:12] spend time is: 680
[2019-10-28 06:03:12] spend time is: 680
[2019-10-28 06:03:12] spend time is: 680
[2019-10-28 06:03:12] spend time is: 680
[2019-10-28 06:03:12] spend time is: 680
[2019-10-28 06:03:12] spend time is: 680
[2019-10-28 06:03:13] nextcloud-1.8.0.tgz update done.
[2019-10-28 06:03:21] nginx-ingress-1.24.4.tgz update done.
[2019-10-28 06:03:22] spend time is: 690
[2019-10-28 06:03:22] spend time is: 690
[2019-10-28 06:03:22] spend time is: 690
[2019-10-28 06:03:22] spend time is: 690
[2019-10-28 06:03:22] spend time is: 690
[2019-10-28 06:03:22] spend time is: 690
[2019-10-28 06:03:22] spend time is: 690
[2019-10-28 06:03:32] spend time is: 700
[2019-10-28 06:03:32] spend time is: 700
[2019-10-28 06:03:32] spend time is: 700
[2019-10-28 06:03:32] spend time is: 700
[2019-10-28 06:03:32] spend time is: 700
[2019-10-28 06:03:32] spend time is: 700
[2019-10-28 06:03:32] spend time is: 700
[2019-10-28 06:03:42] spend time is: 710
[2019-10-28 06:03:42] spend time is: 710
[2019-10-28 06:03:42] spend time is: 710
[2019-10-28 06:03:42] spend time is: 710
[2019-10-28 06:03:42] spend time is: 710
[2019-10-28 06:03:42] spend time is: 710
[2019-10-28 06:03:42] spend time is: 710
[2019-10-28 06:03:52] spend time is: 720
[2019-10-28 06:03:52] spend time is: 720
[2019-10-28 06:03:52] spend time is: 720
[2019-10-28 06:03:52] spend time is: 720
[2019-10-28 06:03:52] spend time is: 720
[2019-10-28 06:03:52] spend time is: 720
[2019-10-28 06:03:52] spend time is: 720
[2019-10-28 06:03:55] odoo-11.1.10.tgz update done.
[2019-10-28 06:04:02] spend time is: 730
[2019-10-28 06:04:02] spend time is: 730
[2019-10-28 06:04:02] spend time is: 730
[2019-10-28 06:04:02] spend time is: 730
[2019-10-28 06:04:02] spend time is: 730
[2019-10-28 06:04:02] spend time is: 730
[2019-10-28 06:04:02] spend time is: 730
[2019-10-28 06:04:11] opa-1.12.0.tgz update done.
[2019-10-28 06:04:12] opa-1.11.0.tgz update done.
[2019-10-28 06:04:12] spend time is: 740
[2019-10-28 06:04:12] opa-1.10.0.tgz update done.
[2019-10-28 06:04:12] spend time is: 740
[2019-10-28 06:04:12] spend time is: 740
[2019-10-28 06:04:12] spend time is: 740
[2019-10-28 06:04:16] opencart-6.2.6.tgz update done.
[2019-10-28 06:04:22] spend time is: 750
[2019-10-28 06:04:22] spend time is: 750
[2019-10-28 06:04:22] spend time is: 750
[2019-10-28 06:04:22] spend time is: 750
[2019-10-28 06:04:22] spend time is: 750
[2019-10-28 06:04:22] spend time is: 750
[2019-10-28 06:04:22] spend time is: 750
[2019-10-28 06:04:28] openebs-1.3.1.tgz update done.
[2019-10-28 06:04:32] spend time is: 760
[2019-10-28 06:04:32] spend time is: 760
[2019-10-28 06:04:32] spend time is: 760
[2019-10-28 06:04:32] spend time is: 760
[2019-10-28 06:04:32] spend time is: 760
[2019-10-28 06:04:32] spend time is: 760
[2019-10-28 06:04:32] spend time is: 760
[2019-10-28 06:04:41] orangehrm-6.2.7.tgz update done.
[2019-10-28 06:04:42] spend time is: 770
[2019-10-28 06:04:42] spend time is: 770
[2019-10-28 06:04:42] spend time is: 770
[2019-10-28 06:04:42] spend time is: 770
[2019-10-28 06:04:42] spend time is: 770
[2019-10-28 06:04:42] spend time is: 770
[2019-10-28 06:04:52] spend time is: 780
[2019-10-28 06:04:52] spend time is: 780
[2019-10-28 06:04:52] spend time is: 780
[2019-10-28 06:04:52] spend time is: 780
[2019-10-28 06:04:52] spend time is: 780
[2019-10-28 06:04:52] spend time is: 780
[2019-10-28 06:04:52] spend time is: 780
[2019-10-28 06:04:53] osclass-6.2.6.tgz update done.
[2019-10-28 06:05:02] spend time is: 790
[2019-10-28 06:05:02] spend time is: 790
[2019-10-28 06:05:02] spend time is: 790
[2019-10-28 06:05:02] spend time is: 790
[2019-10-28 06:05:02] spend time is: 790
[2019-10-28 06:05:02] spend time is: 790
[2019-10-28 06:05:02] spend time is: 790
[2019-10-28 06:05:03] owncloud-6.2.8.tgz update done.
[2019-10-28 06:05:12] spend time is: 800
[2019-10-28 06:05:12] spend time is: 800
[2019-10-28 06:05:12] spend time is: 800
[2019-10-28 06:05:12] spend time is: 800
[2019-10-28 06:05:12] spend time is: 800
[2019-10-28 06:05:12] spend time is: 800
[2019-10-28 06:05:12] spend time is: 800
[2019-10-28 06:05:18] parse-10.1.3.tgz update done.
[2019-10-28 06:05:18] parse-10.1.2.tgz update done.
[2019-10-28 06:05:19] parse-10.1.1.tgz update done.
[2019-10-28 06:05:22] spend time is: 810
[2019-10-28 06:05:22] spend time is: 810
[2019-10-28 06:05:22] spend time is: 810
[2019-10-28 06:05:22] spend time is: 810
[2019-10-28 06:05:22] spend time is: 810
[2019-10-28 06:05:22] spend time is: 810
[2019-10-28 06:05:32] spend time is: 820
[2019-10-28 06:05:32] spend time is: 820
[2019-10-28 06:05:32] spend time is: 820
[2019-10-28 06:05:32] spend time is: 820
[2019-10-28 06:05:32] spend time is: 820
[2019-10-28 06:05:32] spend time is: 820
[2019-10-28 06:05:32] spend time is: 820
[2019-10-28 06:05:35] percona-xtradb-cluster-1.0.3.tgz update done.
[2019-10-28 06:05:38] pgadmin-1.0.1.tgz update done.
[2019-10-28 06:05:39] phabricator-8.0.1.tgz update done.
[2019-10-28 06:05:42] spend time is: 830
[2019-10-28 06:05:42] spend time is: 830
[2019-10-28 06:05:42] spend time is: 830
[2019-10-28 06:05:42] spend time is: 830
[2019-10-28 06:05:42] spend time is: 830
[2019-10-28 06:05:42] spend time is: 830
[2019-10-28 06:05:42] spend time is: 830
[2019-10-28 06:05:52] spend time is: 840
[2019-10-28 06:05:52] spend time is: 840
[2019-10-28 06:05:52] spend time is: 840
[2019-10-28 06:05:52] spend time is: 840
[2019-10-28 06:05:52] spend time is: 840
[2019-10-28 06:05:52] spend time is: 840
[2019-10-28 06:05:52] spend time is: 840
[2019-10-28 06:06:02] phpbb-6.2.6.tgz update done.
[2019-10-28 06:06:02] spend time is: 850
[2019-10-28 06:06:02] phpbb-6.2.5.tgz update done.
[2019-10-28 06:06:02] spend time is: 850
[2019-10-28 06:06:02] spend time is: 850
[2019-10-28 06:06:02] spend time is: 850
[2019-10-28 06:06:12] spend time is: 860
[2019-10-28 06:06:12] spend time is: 860
[2019-10-28 06:06:12] spend time is: 860
[2019-10-28 06:06:12] spend time is: 860
[2019-10-28 06:06:12] spend time is: 860
[2019-10-28 06:06:12] spend time is: 860
[2019-10-28 06:06:12] spend time is: 860
[2019-10-28 06:06:13] phpmyadmin-4.1.1.tgz update done.
[2019-10-28 06:06:14] phpmyadmin-4.1.0.tgz update done.
[2019-10-28 06:06:21] pomerium-4.0.2.tgz update done.
[2019-10-28 06:06:21] pomerium-4.0.1.tgz update done.
[2019-10-28 06:06:22] spend time is: 870
[2019-10-28 06:06:22] spend time is: 870
[2019-10-28 06:06:22] spend time is: 870
[2019-10-28 06:06:22] spend time is: 870
[2019-10-28 06:06:22] spend time is: 870
[2019-10-28 06:06:22] spend time is: 870
[2019-10-28 06:06:24] postgresql-6.5.3.tgz update done.
[2019-10-28 06:06:24] postgresql-6.5.2.tgz update done.
[2019-10-28 06:06:25] postgresql-6.5.1.tgz update done.
[2019-10-28 06:06:32] spend time is: 880
[2019-10-28 06:06:32] spend time is: 880
[2019-10-28 06:06:32] spend time is: 880
[2019-10-28 06:06:32] spend time is: 880
[2019-10-28 06:06:32] spend time is: 880
[2019-10-28 06:06:32] spend time is: 880
[2019-10-28 06:06:42] spend time is: 890
[2019-10-28 06:06:42] spend time is: 890
[2019-10-28 06:06:42] spend time is: 890
[2019-10-28 06:06:42] spend time is: 890
[2019-10-28 06:06:42] spend time is: 890
[2019-10-28 06:06:42] spend time is: 890
[2019-10-28 06:06:52] spend time is: 900
Already up to date.
