Fetching origin
Warning: Permanently added the RSA host key for IP address '140.82.112.4' to the list of known hosts.
From github.com:babyshen/helm-charts-mirror
 * [new branch]      gh-pages   -> origin/gh-pages
 * [new branch]      master     -> origin/master
Previous HEAD position was 6f4bc38 restore bug
Switched to a new branch 'gh-pages'
Branch 'gh-pages' set up to track remote branch 'gh-pages' from 'origin'.
warning: Pulling without specifying how to reconcile divergent branches is
discouraged. You can squelch this message by running one of the following
commands sometime before your next pull:

  git config pull.rebase false  # merge (the default strategy)
  git config pull.rebase true   # rebase
  git config pull.ff only       # fast-forward only

You can replace "git config" with "git config --global" to set a default
preference for all repositories. You can also pass --rebase, --no-rebase,
or --ff-only on the command line to override the configured default per
invocation.

Warning: Permanently added the RSA host key for IP address '140.82.114.4' to the list of known hosts.
Already up to date.
Branch 'gh-pages' set up to track remote branch 'gh-pages' from 'origin'.
  % Total    % Received % Xferd  Average Speed   Time    Time     Time  Current
                                 Dload  Upload   Total   Spent    Left  Speed
  0     0    0     0    0     0      0      0 --:--:-- --:--:-- --:--:--     0100 8836k  100 8836k    0     0  97.5M      0 --:--:-- --:--:-- --:--:-- 98.0M
[2020-12-15 16:02:36] spend time is: 70
[2020-12-15 16:02:36] spend time is: 70
[2020-12-15 16:02:36] spend time is: 70
[2020-12-15 16:02:36] spend time is: 70
[2020-12-15 16:02:36] spend time is: 70
[2020-12-15 16:02:36] spend time is: 70
[2020-12-15 16:02:36] spend time is: 70
[2020-12-15 16:02:36] spend time is: 70
[2020-12-15 16:02:46] spend time is: 80
[2020-12-15 16:02:46] spend time is: 80
[2020-12-15 16:02:46] spend time is: 80
[2020-12-15 16:02:46] spend time is: 80
[2020-12-15 16:02:46] spend time is: 80
[2020-12-15 16:02:46] spend time is: 80
[2020-12-15 16:02:46] spend time is: 80
[2020-12-15 16:02:46] spend time is: 80
[2020-12-15 16:02:46] spend time is: 80
[2020-12-15 16:02:46] spend time is: 80
[2020-12-15 16:02:56] spend time is: 90
[2020-12-15 16:02:56] spend time is: 90
[2020-12-15 16:02:56] spend time is: 90
[2020-12-15 16:02:56] spend time is: 90
[2020-12-15 16:02:56] spend time is: 90
[2020-12-15 16:02:56] spend time is: 90
[2020-12-15 16:02:56] spend time is: 90
[2020-12-15 16:02:56] spend time is: 90
[2020-12-15 16:02:56] spend time is: 90
[2020-12-15 16:02:57] spend time is: 90
[2020-12-15 16:03:06] spend time is: 100
[2020-12-15 16:03:06] spend time is: 100
[2020-12-15 16:03:06] spend time is: 100
[2020-12-15 16:03:06] spend time is: 100
[2020-12-15 16:03:06] spend time is: 100
[2020-12-15 16:03:06] spend time is: 100
[2020-12-15 16:03:06] spend time is: 100
[2020-12-15 16:03:06] spend time is: 100
[2020-12-15 16:03:06] spend time is: 100
[2020-12-15 16:03:06] spend time is: 100
[2020-12-15 16:03:06] spend time is: 100
[2020-12-15 16:03:16] spend time is: 110
[2020-12-15 16:03:16] spend time is: 110
[2020-12-15 16:03:16] spend time is: 110
[2020-12-15 16:03:16] spend time is: 110
[2020-12-15 16:03:16] spend time is: 110
[2020-12-15 16:03:16] spend time is: 110
[2020-12-15 16:03:16] spend time is: 110
[2020-12-15 16:03:16] spend time is: 110
[2020-12-15 16:03:16] spend time is: 110
[2020-12-15 16:03:26] spend time is: 120
[2020-12-15 16:03:26] spend time is: 120
[2020-12-15 16:03:26] spend time is: 120
[2020-12-15 16:03:26] spend time is: 120
[2020-12-15 16:03:26] spend time is: 120
[2020-12-15 16:03:26] spend time is: 120
[2020-12-15 16:03:26] spend time is: 120
[2020-12-15 16:03:26] spend time is: 120
[2020-12-15 16:03:26] spend time is: 120
[2020-12-15 16:03:27] spend time is: 120
[2020-12-15 16:03:36] spend time is: 130
[2020-12-15 16:03:36] spend time is: 130
[2020-12-15 16:03:36] spend time is: 130
[2020-12-15 16:03:36] spend time is: 130
[2020-12-15 16:03:36] spend time is: 130
[2020-12-15 16:03:36] spend time is: 130
[2020-12-15 16:03:36] spend time is: 130
[2020-12-15 16:03:36] spend time is: 130
[2020-12-15 16:03:36] spend time is: 130
[2020-12-15 16:03:46] spend time is: 140
[2020-12-15 16:03:46] spend time is: 140
[2020-12-15 16:03:46] spend time is: 140
[2020-12-15 16:03:46] spend time is: 140
[2020-12-15 16:03:46] spend time is: 140
[2020-12-15 16:03:46] spend time is: 140
[2020-12-15 16:03:46] spend time is: 140
[2020-12-15 16:03:46] spend time is: 140
[2020-12-15 16:03:46] spend time is: 140
[2020-12-15 16:03:56] spend time is: 150
[2020-12-15 16:03:56] spend time is: 150
[2020-12-15 16:03:56] spend time is: 150
[2020-12-15 16:03:56] spend time is: 150
[2020-12-15 16:03:56] spend time is: 150
[2020-12-15 16:03:56] spend time is: 150
[2020-12-15 16:03:56] spend time is: 150
[2020-12-15 16:03:56] spend time is: 150
[2020-12-15 16:03:56] spend time is: 150
[2020-12-15 16:03:56] spend time is: 150
[2020-12-15 16:03:56] spend time is: 150
[2020-12-15 16:03:56] spend time is: 150
[2020-12-15 16:04:06] spend time is: 160
[2020-12-15 16:04:06] spend time is: 160
[2020-12-15 16:04:06] spend time is: 160
[2020-12-15 16:04:06] spend time is: 160
[2020-12-15 16:04:06] spend time is: 160
[2020-12-15 16:04:06] spend time is: 160
[2020-12-15 16:04:06] spend time is: 160
[2020-12-15 16:04:06] spend time is: 160
[2020-12-15 16:04:06] spend time is: 160
[2020-12-15 16:04:07] spend time is: 160
[2020-12-15 16:04:07] spend time is: 160
[2020-12-15 16:04:16] spend time is: 170
[2020-12-15 16:04:16] spend time is: 170
[2020-12-15 16:04:16] spend time is: 170
[2020-12-15 16:04:16] spend time is: 170
[2020-12-15 16:04:16] spend time is: 170
[2020-12-15 16:04:16] spend time is: 170
[2020-12-15 16:04:16] spend time is: 170
[2020-12-15 16:04:16] spend time is: 170
[2020-12-15 16:04:26] spend time is: 180
[2020-12-15 16:04:26] spend time is: 180
[2020-12-15 16:04:26] spend time is: 180
[2020-12-15 16:04:26] spend time is: 180
[2020-12-15 16:04:26] spend time is: 180
[2020-12-15 16:04:26] spend time is: 180
[2020-12-15 16:04:26] spend time is: 180
[2020-12-15 16:04:26] spend time is: 180
[2020-12-15 16:04:26] spend time is: 180
[2020-12-15 16:04:36] spend time is: 190
[2020-12-15 16:04:36] spend time is: 190
[2020-12-15 16:04:36] spend time is: 190
[2020-12-15 16:04:36] spend time is: 190
[2020-12-15 16:04:36] spend time is: 190
[2020-12-15 16:04:36] spend time is: 190
[2020-12-15 16:04:36] spend time is: 190
[2020-12-15 16:04:36] spend time is: 190
[2020-12-15 16:04:36] spend time is: 190
[2020-12-15 16:04:36] spend time is: 190
[2020-12-15 16:04:46] spend time is: 200
[2020-12-15 16:04:46] spend time is: 200
[2020-12-15 16:04:46] spend time is: 200
[2020-12-15 16:04:46] spend time is: 200
[2020-12-15 16:04:46] spend time is: 200
[2020-12-15 16:04:46] spend time is: 200
[2020-12-15 16:04:46] spend time is: 200
[2020-12-15 16:04:46] spend time is: 200
[2020-12-15 16:04:47] spend time is: 200
[2020-12-15 16:04:56] spend time is: 210
[2020-12-15 16:04:56] spend time is: 210
[2020-12-15 16:04:56] spend time is: 210
[2020-12-15 16:04:56] spend time is: 210
[2020-12-15 16:04:56] spend time is: 210
[2020-12-15 16:04:56] spend time is: 210
[2020-12-15 16:04:56] spend time is: 210
[2020-12-15 16:04:56] spend time is: 210
[2020-12-15 16:05:06] spend time is: 220
[2020-12-15 16:05:06] spend time is: 220
[2020-12-15 16:05:06] spend time is: 220
[2020-12-15 16:05:06] spend time is: 220
[2020-12-15 16:05:06] spend time is: 220
[2020-12-15 16:05:06] spend time is: 220
[2020-12-15 16:05:06] spend time is: 220
[2020-12-15 16:05:06] spend time is: 220
[2020-12-15 16:05:16] spend time is: 230
[2020-12-15 16:05:16] spend time is: 230
[2020-12-15 16:05:16] spend time is: 230
[2020-12-15 16:05:16] spend time is: 230
[2020-12-15 16:05:16] spend time is: 230
[2020-12-15 16:05:16] spend time is: 230
[2020-12-15 16:05:16] spend time is: 230
[2020-12-15 16:05:16] spend time is: 230
[2020-12-15 16:05:26] spend time is: 240
[2020-12-15 16:05:26] spend time is: 240
[2020-12-15 16:05:26] spend time is: 240
[2020-12-15 16:05:26] spend time is: 240
[2020-12-15 16:05:26] spend time is: 240
[2020-12-15 16:05:26] spend time is: 240
[2020-12-15 16:05:26] spend time is: 240
[2020-12-15 16:05:26] spend time is: 240
[2020-12-15 16:05:26] spend time is: 240
[2020-12-15 16:05:36] spend time is: 250
[2020-12-15 16:05:36] spend time is: 250
[2020-12-15 16:05:36] spend time is: 250
[2020-12-15 16:05:36] spend time is: 250
[2020-12-15 16:05:36] spend time is: 250
[2020-12-15 16:05:36] spend time is: 250
[2020-12-15 16:05:36] spend time is: 250
[2020-12-15 16:05:36] spend time is: 250
[2020-12-15 16:05:46] spend time is: 260
[2020-12-15 16:05:46] spend time is: 260
[2020-12-15 16:05:46] spend time is: 260
[2020-12-15 16:05:46] spend time is: 260
[2020-12-15 16:05:46] spend time is: 260
[2020-12-15 16:05:46] spend time is: 260
[2020-12-15 16:05:46] spend time is: 260
[2020-12-15 16:05:46] spend time is: 260
[2020-12-15 16:05:56] spend time is: 270
[2020-12-15 16:05:56] spend time is: 270
[2020-12-15 16:05:56] spend time is: 270
[2020-12-15 16:05:56] spend time is: 270
[2020-12-15 16:05:56] spend time is: 270
[2020-12-15 16:05:56] spend time is: 270
[2020-12-15 16:05:56] spend time is: 270
[2020-12-15 16:05:56] spend time is: 270
[2020-12-15 16:06:06] spend time is: 280
[2020-12-15 16:06:06] spend time is: 280
[2020-12-15 16:06:06] spend time is: 280
[2020-12-15 16:06:06] spend time is: 280
[2020-12-15 16:06:06] spend time is: 280
[2020-12-15 16:06:06] spend time is: 280
[2020-12-15 16:06:06] spend time is: 280
[2020-12-15 16:06:06] spend time is: 280
[2020-12-15 16:06:06] spend time is: 280
[2020-12-15 16:06:16] spend time is: 290
[2020-12-15 16:06:16] spend time is: 290
[2020-12-15 16:06:16] spend time is: 290
[2020-12-15 16:06:16] spend time is: 290
[2020-12-15 16:06:16] spend time is: 290
[2020-12-15 16:06:16] spend time is: 290
[2020-12-15 16:06:16] spend time is: 290
[2020-12-15 16:06:16] spend time is: 290
[2020-12-15 16:06:16] spend time is: 290
[2020-12-15 16:06:26] spend time is: 300
[2020-12-15 16:06:26] spend time is: 300
[2020-12-15 16:06:26] spend time is: 300
[2020-12-15 16:06:26] spend time is: 300
warning: Pulling without specifying how to reconcile divergent branches is
discouraged. You can squelch this message by running one of the following
commands sometime before your next pull:

  git config pull.rebase false  # merge (the default strategy)
  git config pull.rebase true   # rebase
  git config pull.ff only       # fast-forward only

You can replace "git config" with "git config --global" to set a default
preference for all repositories. You can also pass --rebase, --no-rebase,
or --ff-only on the command line to override the configured default per
invocation.

warning: Pulling without specifying how to reconcile divergent branches is
discouraged. You can squelch this message by running one of the following
commands sometime before your next pull:

  git config pull.rebase false  # merge (the default strategy)
  git config pull.rebase true   # rebase
  git config pull.ff only       # fast-forward only

You can replace "git config" with "git config --global" to set a default
preference for all repositories. You can also pass --rebase, --no-rebase,
or --ff-only on the command line to override the configured default per
invocation.

warning: Pulling without specifying how to reconcile divergent branches is
discouraged. You can squelch this message by running one of the following
commands sometime before your next pull:

  git config pull.rebase false  # merge (the default strategy)
  git config pull.rebase true   # rebase
  git config pull.ff only       # fast-forward only

You can replace "git config" with "git config --global" to set a default
preference for all repositories. You can also pass --rebase, --no-rebase,
or --ff-only on the command line to override the configured default per
invocation.

warning: Pulling without specifying how to reconcile divergent branches is
discouraged. You can squelch this message by running one of the following
commands sometime before your next pull:

  git config pull.rebase false  # merge (the default strategy)
  git config pull.rebase true   # rebase
  git config pull.ff only       # fast-forward only

You can replace "git config" with "git config --global" to set a default
preference for all repositories. You can also pass --rebase, --no-rebase,
or --ff-only on the command line to override the configured default per
invocation.

Warning: Permanently added the RSA host key for IP address '140.82.114.3' to the list of known hosts.
Already up to date.
Already up to date.
fatal: Unable to create '/home/travis/build/babyshen/helm-charts-mirror/.git/index.lock': File exists.

Another git process seems to be running in this repository, e.g.
an editor opened by 'git commit'. Please make sure all processes
are terminated then try again. If it still fails, a git process
may have crashed in this repository earlier:
remove the file manually to continue.
Already up to date.
fatal: Unable to create '/home/travis/build/babyshen/helm-charts-mirror/.git/index.lock': File exists.

Another git process seems to be running in this repository, e.g.
an editor opened by 'git commit'. Please make sure all processes
are terminated then try again. If it still fails, a git process
may have crashed in this repository earlier:
remove the file manually to continue.
[gh-pages 1589bc7] Synchronizing completion at 2020-12-15
 2 files changed, 312 insertions(+), 1 deletion(-)
 create mode 100644 travis_wait_2113.log
warning: fetch updated the current branch head.
fast-forwarding your working tree from
commit c5526b93fc36ec7e08a8a80c50fe38dcf16b23b7.
error: Your local changes to the following files would be overwritten by merge:
	last_install
Please commit your changes or stash them before you merge.
error: The following untracked working tree files would be overwritten by merge:
	travis_wait_2113.log
Please move or remove them before you merge.
Aborting
fatal: Cannot fast-forward your working tree.
After making sure that you saved anything precious from
$ git diff c5526b93fc36ec7e08a8a80c50fe38dcf16b23b7
output, run
$ git reset --hard
to recover.
To github.com:babyshen/helm-charts-mirror.git
   c5526b9..1589bc7  gh-pages -> gh-pages
Branch 'gh-pages' set up to track remote branch 'gh-pages' from 'origin'.
[2020-12-15 16:06:36] spend time is: 310
[2020-12-15 16:06:36] spend time is: 310
[2020-12-15 16:06:36] spend time is: 310
[2020-12-15 16:06:36] spend time is: 310
[2020-12-15 16:06:36] spend time is: 310
[2020-12-15 16:06:36] spend time is: 310
[2020-12-15 16:06:36] spend time is: 310
[2020-12-15 16:06:46] spend time is: 320
[2020-12-15 16:06:46] spend time is: 320
[2020-12-15 16:06:46] spend time is: 320
[2020-12-15 16:06:46] spend time is: 320
[2020-12-15 16:06:46] spend time is: 320
[2020-12-15 16:06:46] spend time is: 320
[2020-12-15 16:06:46] spend time is: 320
[2020-12-15 16:06:56] spend time is: 330
[2020-12-15 16:06:56] spend time is: 330
[2020-12-15 16:06:56] spend time is: 330
[2020-12-15 16:06:56] spend time is: 330
[2020-12-15 16:06:56] spend time is: 330
[2020-12-15 16:06:56] spend time is: 330
[2020-12-15 16:06:56] spend time is: 330
[2020-12-15 16:07:06] spend time is: 340
[2020-12-15 16:07:06] spend time is: 340
[2020-12-15 16:07:06] spend time is: 340
[2020-12-15 16:07:06] spend time is: 340
[2020-12-15 16:07:06] spend time is: 340
[2020-12-15 16:07:06] spend time is: 340
[2020-12-15 16:07:06] spend time is: 340
[2020-12-15 16:07:16] spend time is: 350
[2020-12-15 16:07:16] spend time is: 350
[2020-12-15 16:07:16] spend time is: 350
[2020-12-15 16:07:16] spend time is: 350
[2020-12-15 16:07:16] spend time is: 350
[2020-12-15 16:07:16] spend time is: 350
[2020-12-15 16:07:16] spend time is: 350
[2020-12-15 16:07:26] spend time is: 360
[2020-12-15 16:07:26] spend time is: 360
[2020-12-15 16:07:26] spend time is: 360
[2020-12-15 16:07:26] spend time is: 360
[2020-12-15 16:07:26] spend time is: 360
[2020-12-15 16:07:26] spend time is: 360
[2020-12-15 16:07:26] spend time is: 360
[2020-12-15 16:07:36] spend time is: 370
[2020-12-15 16:07:36] spend time is: 370
[2020-12-15 16:07:36] spend time is: 370
[2020-12-15 16:07:36] spend time is: 370
[2020-12-15 16:07:36] spend time is: 370
[2020-12-15 16:07:36] spend time is: 370
[2020-12-15 16:07:36] spend time is: 370
[2020-12-15 16:07:46] spend time is: 380
[2020-12-15 16:07:46] spend time is: 380
[2020-12-15 16:07:46] spend time is: 380
[2020-12-15 16:07:46] spend time is: 380
[2020-12-15 16:07:46] spend time is: 380
[2020-12-15 16:07:46] spend time is: 380
[2020-12-15 16:07:46] spend time is: 380
[2020-12-15 16:07:56] spend time is: 390
[2020-12-15 16:07:56] spend time is: 390
[2020-12-15 16:07:56] spend time is: 390
[2020-12-15 16:07:56] spend time is: 390
[2020-12-15 16:07:56] spend time is: 390
[2020-12-15 16:07:56] spend time is: 390
[2020-12-15 16:07:56] spend time is: 390
[2020-12-15 16:08:06] spend time is: 400
[2020-12-15 16:08:06] spend time is: 400
[2020-12-15 16:08:06] spend time is: 400
[2020-12-15 16:08:06] spend time is: 400
[2020-12-15 16:08:06] spend time is: 400
[2020-12-15 16:08:06] spend time is: 400
[2020-12-15 16:08:06] spend time is: 400
[2020-12-15 16:08:16] spend time is: 410
[2020-12-15 16:08:16] spend time is: 410
[2020-12-15 16:08:16] spend time is: 410
[2020-12-15 16:08:16] spend time is: 410
[2020-12-15 16:08:16] spend time is: 410
[2020-12-15 16:08:16] spend time is: 410
[2020-12-15 16:08:16] spend time is: 410
[2020-12-15 16:08:26] spend time is: 420
[2020-12-15 16:08:26] spend time is: 420
[2020-12-15 16:08:26] spend time is: 420
[2020-12-15 16:08:26] spend time is: 420
[2020-12-15 16:08:26] spend time is: 420
[2020-12-15 16:08:26] spend time is: 420
[2020-12-15 16:08:26] spend time is: 420
[2020-12-15 16:08:36] spend time is: 430
[2020-12-15 16:08:36] spend time is: 430
[2020-12-15 16:08:36] spend time is: 430
[2020-12-15 16:08:36] spend time is: 430
[2020-12-15 16:08:36] spend time is: 430
[2020-12-15 16:08:36] spend time is: 430
[2020-12-15 16:08:36] spend time is: 430
[2020-12-15 16:08:46] spend time is: 440
[2020-12-15 16:08:46] spend time is: 440
[2020-12-15 16:08:46] spend time is: 440
[2020-12-15 16:08:46] spend time is: 440
[2020-12-15 16:08:46] spend time is: 440
[2020-12-15 16:08:46] spend time is: 440
[2020-12-15 16:08:46] spend time is: 440
[2020-12-15 16:08:56] spend time is: 450
[2020-12-15 16:08:56] spend time is: 450
[2020-12-15 16:08:56] spend time is: 450
[2020-12-15 16:08:56] spend time is: 450
[2020-12-15 16:08:56] spend time is: 450
[2020-12-15 16:08:56] spend time is: 450
[2020-12-15 16:08:56] spend time is: 450
[2020-12-15 16:09:06] spend time is: 460
[2020-12-15 16:09:06] spend time is: 460
[2020-12-15 16:09:06] spend time is: 460
[2020-12-15 16:09:06] spend time is: 460
[2020-12-15 16:09:06] spend time is: 460
[2020-12-15 16:09:06] spend time is: 460
[2020-12-15 16:09:06] spend time is: 460
[2020-12-15 16:09:16] spend time is: 470
[2020-12-15 16:09:16] spend time is: 470
[2020-12-15 16:09:16] spend time is: 470
[2020-12-15 16:09:16] spend time is: 470
[2020-12-15 16:09:16] spend time is: 470
[2020-12-15 16:09:16] spend time is: 470
[2020-12-15 16:09:16] spend time is: 470
[2020-12-15 16:09:26] spend time is: 480
[2020-12-15 16:09:26] spend time is: 480
[2020-12-15 16:09:26] spend time is: 480
[2020-12-15 16:09:26] spend time is: 480
[2020-12-15 16:09:26] spend time is: 480
[2020-12-15 16:09:26] spend time is: 480
[2020-12-15 16:09:26] spend time is: 480
[2020-12-15 16:09:36] spend time is: 490
[2020-12-15 16:09:36] spend time is: 490
[2020-12-15 16:09:36] spend time is: 490
[2020-12-15 16:09:36] spend time is: 490
[2020-12-15 16:09:36] spend time is: 490
[2020-12-15 16:09:36] spend time is: 490
[2020-12-15 16:09:36] spend time is: 490
[2020-12-15 16:09:46] spend time is: 500
[2020-12-15 16:09:46] spend time is: 500
[2020-12-15 16:09:46] spend time is: 500
[2020-12-15 16:09:46] spend time is: 500
[2020-12-15 16:09:46] spend time is: 500
[2020-12-15 16:09:46] spend time is: 500
[2020-12-15 16:09:46] spend time is: 500
[2020-12-15 16:09:56] spend time is: 510
[2020-12-15 16:09:56] spend time is: 510
[2020-12-15 16:09:56] spend time is: 510
[2020-12-15 16:09:56] spend time is: 510
[2020-12-15 16:09:56] spend time is: 510
[2020-12-15 16:09:56] spend time is: 510
[2020-12-15 16:09:56] spend time is: 510
[2020-12-15 16:10:06] spend time is: 520
[2020-12-15 16:10:06] spend time is: 520
[2020-12-15 16:10:06] spend time is: 520
[2020-12-15 16:10:06] spend time is: 520
[2020-12-15 16:10:06] spend time is: 520
[2020-12-15 16:10:06] spend time is: 520
[2020-12-15 16:10:06] spend time is: 520
[2020-12-15 16:10:16] spend time is: 530
[2020-12-15 16:10:16] spend time is: 530
[2020-12-15 16:10:16] spend time is: 530
[2020-12-15 16:10:16] spend time is: 530
[2020-12-15 16:10:16] spend time is: 530
[2020-12-15 16:10:16] spend time is: 530
[2020-12-15 16:10:26] spend time is: 540
[2020-12-15 16:10:26] spend time is: 540
[2020-12-15 16:10:26] spend time is: 540
[2020-12-15 16:10:26] spend time is: 540
[2020-12-15 16:10:26] spend time is: 540
[2020-12-15 16:10:26] spend time is: 540
[2020-12-15 16:10:26] spend time is: 540
[2020-12-15 16:10:36] spend time is: 550
[2020-12-15 16:10:36] spend time is: 550
[2020-12-15 16:10:36] spend time is: 550
[2020-12-15 16:10:36] spend time is: 550
[2020-12-15 16:10:36] spend time is: 550
[2020-12-15 16:10:36] spend time is: 550
[2020-12-15 16:10:36] spend time is: 550
[2020-12-15 16:10:46] spend time is: 560
[2020-12-15 16:10:46] spend time is: 560
[2020-12-15 16:10:46] spend time is: 560
[2020-12-15 16:10:46] spend time is: 560
[2020-12-15 16:10:46] spend time is: 560
[2020-12-15 16:10:46] spend time is: 560
[2020-12-15 16:10:46] spend time is: 560
[2020-12-15 16:10:56] spend time is: 570
[2020-12-15 16:10:56] spend time is: 570
[2020-12-15 16:10:56] spend time is: 570
[2020-12-15 16:10:56] spend time is: 570
[2020-12-15 16:10:56] spend time is: 570
[2020-12-15 16:10:56] spend time is: 570
[2020-12-15 16:10:56] spend time is: 570
[2020-12-15 16:11:06] spend time is: 580
[2020-12-15 16:11:06] spend time is: 580
[2020-12-15 16:11:06] spend time is: 580
[2020-12-15 16:11:06] spend time is: 580
[2020-12-15 16:11:06] spend time is: 580
[2020-12-15 16:11:06] spend time is: 580
[2020-12-15 16:11:06] spend time is: 580
[2020-12-15 16:11:16] spend time is: 590
[2020-12-15 16:11:16] spend time is: 590
[2020-12-15 16:11:16] spend time is: 590
[2020-12-15 16:11:16] spend time is: 590
[2020-12-15 16:11:16] spend time is: 590
[2020-12-15 16:11:16] spend time is: 590
[2020-12-15 16:11:16] spend time is: 590
[2020-12-15 16:11:26] spend time is: 600
warning: Pulling without specifying how to reconcile divergent branches is
discouraged. You can squelch this message by running one of the following
commands sometime before your next pull:

  git config pull.rebase false  # merge (the default strategy)
  git config pull.rebase true   # rebase
  git config pull.ff only       # fast-forward only

You can replace "git config" with "git config --global" to set a default
preference for all repositories. You can also pass --rebase, --no-rebase,
or --ff-only on the command line to override the configured default per
invocation.

Already up to date.
[gh-pages d2a1ca4] Synchronizing completion at 2020-12-15
 2 files changed, 240 insertions(+), 1 deletion(-)
Warning: Permanently added the RSA host key for IP address '140.82.113.4' to the list of known hosts.
To github.com:babyshen/helm-charts-mirror.git
   1589bc7..d2a1ca4  gh-pages -> gh-pages
Branch 'gh-pages' set up to track remote branch 'gh-pages' from 'origin'.
[2020-12-15 16:11:36] spend time is: 610
[2020-12-15 16:11:36] spend time is: 610
[2020-12-15 16:11:36] spend time is: 610
[2020-12-15 16:11:36] spend time is: 610
[2020-12-15 16:11:36] spend time is: 610
[2020-12-15 16:11:36] spend time is: 610
[2020-12-15 16:11:36] spend time is: 610
[2020-12-15 16:11:46] spend time is: 620
[2020-12-15 16:11:46] spend time is: 620
[2020-12-15 16:11:46] spend time is: 620
[2020-12-15 16:11:46] spend time is: 620
[2020-12-15 16:11:46] spend time is: 620
[2020-12-15 16:11:46] spend time is: 620
[2020-12-15 16:11:46] spend time is: 620
[2020-12-15 16:11:56] spend time is: 630
[2020-12-15 16:11:56] spend time is: 630
[2020-12-15 16:11:56] spend time is: 630
[2020-12-15 16:11:56] spend time is: 630
[2020-12-15 16:11:56] spend time is: 630
[2020-12-15 16:11:56] spend time is: 630
[2020-12-15 16:11:56] spend time is: 630
[2020-12-15 16:12:06] spend time is: 640
[2020-12-15 16:12:06] spend time is: 640
[2020-12-15 16:12:06] spend time is: 640
[2020-12-15 16:12:06] spend time is: 640
[2020-12-15 16:12:06] spend time is: 640
[2020-12-15 16:12:06] spend time is: 640
[2020-12-15 16:12:06] spend time is: 640
[2020-12-15 16:12:16] spend time is: 650
[2020-12-15 16:12:16] spend time is: 650
[2020-12-15 16:12:16] spend time is: 650
[2020-12-15 16:12:16] spend time is: 650
[2020-12-15 16:12:16] spend time is: 650
[2020-12-15 16:12:16] spend time is: 650
[2020-12-15 16:12:26] spend time is: 660
[2020-12-15 16:12:26] spend time is: 660
[2020-12-15 16:12:26] spend time is: 660
[2020-12-15 16:12:26] spend time is: 660
[2020-12-15 16:12:26] spend time is: 660
[2020-12-15 16:12:26] spend time is: 660
[2020-12-15 16:12:26] spend time is: 660
[2020-12-15 16:12:36] spend time is: 670
[2020-12-15 16:12:36] spend time is: 670
[2020-12-15 16:12:36] spend time is: 670
[2020-12-15 16:12:36] spend time is: 670
[2020-12-15 16:12:36] spend time is: 670
[2020-12-15 16:12:36] spend time is: 670
[2020-12-15 16:12:36] spend time is: 670
[2020-12-15 16:12:46] spend time is: 680
[2020-12-15 16:12:46] spend time is: 680
[2020-12-15 16:12:46] spend time is: 680
[2020-12-15 16:12:46] spend time is: 680
[2020-12-15 16:12:46] spend time is: 680
[2020-12-15 16:12:46] spend time is: 680
[2020-12-15 16:12:46] spend time is: 680
[2020-12-15 16:12:56] spend time is: 690
[2020-12-15 16:12:56] spend time is: 690
[2020-12-15 16:12:56] spend time is: 690
[2020-12-15 16:12:56] spend time is: 690
[2020-12-15 16:12:56] spend time is: 690
[2020-12-15 16:12:56] spend time is: 690
[2020-12-15 16:12:56] spend time is: 690
[2020-12-15 16:13:06] spend time is: 700
[2020-12-15 16:13:06] spend time is: 700
[2020-12-15 16:13:06] spend time is: 700
[2020-12-15 16:13:06] spend time is: 700
[2020-12-15 16:13:06] spend time is: 700
[2020-12-15 16:13:06] spend time is: 700
[2020-12-15 16:13:06] spend time is: 700
[2020-12-15 16:13:16] spend time is: 710
[2020-12-15 16:13:16] spend time is: 710
[2020-12-15 16:13:16] spend time is: 710
[2020-12-15 16:13:16] spend time is: 710
[2020-12-15 16:13:16] spend time is: 710
[2020-12-15 16:13:16] spend time is: 710
[2020-12-15 16:13:16] spend time is: 710
[2020-12-15 16:13:26] spend time is: 720
[2020-12-15 16:13:26] spend time is: 720
[2020-12-15 16:13:26] spend time is: 720
[2020-12-15 16:13:26] spend time is: 720
[2020-12-15 16:13:26] spend time is: 720
[2020-12-15 16:13:26] spend time is: 720
[2020-12-15 16:13:26] spend time is: 720
[2020-12-15 16:13:36] spend time is: 730
[2020-12-15 16:13:36] spend time is: 730
[2020-12-15 16:13:36] spend time is: 730
[2020-12-15 16:13:36] spend time is: 730
[2020-12-15 16:13:36] spend time is: 730
[2020-12-15 16:13:36] spend time is: 730
[2020-12-15 16:13:37] spend time is: 730
[2020-12-15 16:13:46] spend time is: 740
[2020-12-15 16:13:46] spend time is: 740
[2020-12-15 16:13:46] spend time is: 740
[2020-12-15 16:13:46] spend time is: 740
[2020-12-15 16:13:46] spend time is: 740
[2020-12-15 16:13:46] spend time is: 740
[2020-12-15 16:13:46] spend time is: 740
[2020-12-15 16:13:56] spend time is: 750
[2020-12-15 16:13:56] spend time is: 750
[2020-12-15 16:13:56] spend time is: 750
[2020-12-15 16:13:56] spend time is: 750
[2020-12-15 16:13:56] spend time is: 750
[2020-12-15 16:13:56] spend time is: 750
[2020-12-15 16:13:56] spend time is: 750
[2020-12-15 16:14:06] spend time is: 760
[2020-12-15 16:14:06] spend time is: 760
[2020-12-15 16:14:06] spend time is: 760
[2020-12-15 16:14:06] spend time is: 760
[2020-12-15 16:14:06] spend time is: 760
[2020-12-15 16:14:06] spend time is: 760
[2020-12-15 16:14:06] spend time is: 760
[2020-12-15 16:14:16] spend time is: 770
[2020-12-15 16:14:16] spend time is: 770
[2020-12-15 16:14:16] spend time is: 770
[2020-12-15 16:14:16] spend time is: 770
[2020-12-15 16:14:16] spend time is: 770
[2020-12-15 16:14:16] spend time is: 770
[2020-12-15 16:14:16] spend time is: 770
[2020-12-15 16:14:26] spend time is: 780
[2020-12-15 16:14:26] spend time is: 780
[2020-12-15 16:14:26] spend time is: 780
[2020-12-15 16:14:26] spend time is: 780
[2020-12-15 16:14:26] spend time is: 780
[2020-12-15 16:14:26] spend time is: 780
[2020-12-15 16:14:26] spend time is: 780
[2020-12-15 16:14:36] spend time is: 790
[2020-12-15 16:14:36] spend time is: 790
[2020-12-15 16:14:36] spend time is: 790
[2020-12-15 16:14:36] spend time is: 790
[2020-12-15 16:14:36] spend time is: 790
[2020-12-15 16:14:36] spend time is: 790
[2020-12-15 16:14:46] spend time is: 800
[2020-12-15 16:14:46] spend time is: 800
[2020-12-15 16:14:46] spend time is: 800
[2020-12-15 16:14:46] spend time is: 800
[2020-12-15 16:14:46] spend time is: 800
[2020-12-15 16:14:46] spend time is: 800
[2020-12-15 16:14:46] spend time is: 800
[2020-12-15 16:14:56] spend time is: 810
[2020-12-15 16:14:56] spend time is: 810
[2020-12-15 16:14:56] spend time is: 810
[2020-12-15 16:14:56] spend time is: 810
[2020-12-15 16:14:56] spend time is: 810
[2020-12-15 16:14:56] spend time is: 810
[2020-12-15 16:14:56] spend time is: 810
[2020-12-15 16:15:06] spend time is: 820
[2020-12-15 16:15:06] spend time is: 820
[2020-12-15 16:15:06] spend time is: 820
[2020-12-15 16:15:06] spend time is: 820
[2020-12-15 16:15:06] spend time is: 820
[2020-12-15 16:15:06] spend time is: 820
[2020-12-15 16:15:06] spend time is: 820
[2020-12-15 16:15:16] spend time is: 830
[2020-12-15 16:15:16] spend time is: 830
[2020-12-15 16:15:16] spend time is: 830
[2020-12-15 16:15:16] spend time is: 830
[2020-12-15 16:15:16] spend time is: 830
[2020-12-15 16:15:16] spend time is: 830
[2020-12-15 16:15:16] spend time is: 830
[2020-12-15 16:15:26] spend time is: 840
[2020-12-15 16:15:26] spend time is: 840
[2020-12-15 16:15:26] spend time is: 840
[2020-12-15 16:15:26] spend time is: 840
[2020-12-15 16:15:26] spend time is: 840
[2020-12-15 16:15:26] spend time is: 840
[2020-12-15 16:15:26] spend time is: 840
[2020-12-15 16:15:36] spend time is: 850
[2020-12-15 16:15:36] spend time is: 850
[2020-12-15 16:15:36] spend time is: 850
[2020-12-15 16:15:36] spend time is: 850
[2020-12-15 16:15:36] spend time is: 850
[2020-12-15 16:15:36] spend time is: 850
[2020-12-15 16:15:36] spend time is: 850
[2020-12-15 16:15:46] spend time is: 860
[2020-12-15 16:15:46] spend time is: 860
[2020-12-15 16:15:46] spend time is: 860
[2020-12-15 16:15:46] spend time is: 860
[2020-12-15 16:15:46] spend time is: 860
[2020-12-15 16:15:46] spend time is: 860
[2020-12-15 16:15:46] spend time is: 860
[2020-12-15 16:15:56] spend time is: 870
[2020-12-15 16:15:56] spend time is: 870
[2020-12-15 16:15:56] spend time is: 870
[2020-12-15 16:15:56] spend time is: 870
[2020-12-15 16:15:56] spend time is: 870
[2020-12-15 16:15:56] spend time is: 870
[2020-12-15 16:15:56] spend time is: 870
[2020-12-15 16:16:06] spend time is: 880
[2020-12-15 16:16:06] spend time is: 880
[2020-12-15 16:16:06] spend time is: 880
[2020-12-15 16:16:06] spend time is: 880
[2020-12-15 16:16:06] spend time is: 880
[2020-12-15 16:16:06] spend time is: 880
[2020-12-15 16:16:06] spend time is: 880
[2020-12-15 16:16:16] spend time is: 890
[2020-12-15 16:16:16] spend time is: 890
[2020-12-15 16:16:16] spend time is: 890
[2020-12-15 16:16:16] spend time is: 890
[2020-12-15 16:16:16] spend time is: 890
[2020-12-15 16:16:16] spend time is: 890
[2020-12-15 16:16:16] spend time is: 890
[2020-12-15 16:16:26] spend time is: 900
warning: Pulling without specifying how to reconcile divergent branches is
discouraged. You can squelch this message by running one of the following
commands sometime before your next pull:

  git config pull.rebase false  # merge (the default strategy)
  git config pull.rebase true   # rebase
  git config pull.ff only       # fast-forward only

You can replace "git config" with "git config --global" to set a default
preference for all repositories. You can also pass --rebase, --no-rebase,
or --ff-only on the command line to override the configured default per
invocation.

Warning: Permanently added the RSA host key for IP address '140.82.113.3' to the list of known hosts.
Already up to date.
[gh-pages 9734072] Synchronizing completion at 2020-12-15
 2 files changed, 224 insertions(+), 1 deletion(-)
Warning: Permanently added the RSA host key for IP address '140.82.112.3' to the list of known hosts.
To github.com:babyshen/helm-charts-mirror.git
   d2a1ca4..9734072  gh-pages -> gh-pages
Branch 'gh-pages' set up to track remote branch 'gh-pages' from 'origin'.
[2020-12-15 16:16:36] spend time is: 910
[2020-12-15 16:16:36] spend time is: 910
[2020-12-15 16:16:36] spend time is: 910
[2020-12-15 16:16:36] spend time is: 910
[2020-12-15 16:16:36] spend time is: 910
[2020-12-15 16:16:36] spend time is: 910
[2020-12-15 16:16:46] spend time is: 920
[2020-12-15 16:16:46] spend time is: 920
[2020-12-15 16:16:46] spend time is: 920
[2020-12-15 16:16:46] spend time is: 920
[2020-12-15 16:16:46] spend time is: 920
[2020-12-15 16:16:46] spend time is: 920
[2020-12-15 16:16:46] spend time is: 920
[2020-12-15 16:16:56] spend time is: 930
[2020-12-15 16:16:56] spend time is: 930
[2020-12-15 16:16:56] spend time is: 930
[2020-12-15 16:16:56] spend time is: 930
[2020-12-15 16:16:56] spend time is: 930
[2020-12-15 16:16:56] spend time is: 930
[2020-12-15 16:16:56] spend time is: 930
[2020-12-15 16:17:06] spend time is: 940
[2020-12-15 16:17:06] spend time is: 940
[2020-12-15 16:17:06] spend time is: 940
[2020-12-15 16:17:06] spend time is: 940
[2020-12-15 16:17:06] spend time is: 940
[2020-12-15 16:17:06] spend time is: 940
[2020-12-15 16:17:06] spend time is: 940
[2020-12-15 16:17:16] spend time is: 950
[2020-12-15 16:17:16] spend time is: 950
[2020-12-15 16:17:16] spend time is: 950
[2020-12-15 16:17:16] spend time is: 950
[2020-12-15 16:17:16] spend time is: 950
[2020-12-15 16:17:16] spend time is: 950
[2020-12-15 16:17:16] spend time is: 950
[2020-12-15 16:17:26] spend time is: 960
[2020-12-15 16:17:26] spend time is: 960
[2020-12-15 16:17:26] spend time is: 960
[2020-12-15 16:17:26] spend time is: 960
[2020-12-15 16:17:26] spend time is: 960
[2020-12-15 16:17:26] spend time is: 960
[2020-12-15 16:17:26] spend time is: 960
[2020-12-15 16:17:36] spend time is: 970
[2020-12-15 16:17:36] spend time is: 970
[2020-12-15 16:17:36] spend time is: 970
[2020-12-15 16:17:36] spend time is: 970
[2020-12-15 16:17:36] spend time is: 970
[2020-12-15 16:17:36] spend time is: 970
[2020-12-15 16:17:36] spend time is: 970
[2020-12-15 16:17:46] spend time is: 980
[2020-12-15 16:17:46] spend time is: 980
[2020-12-15 16:17:46] spend time is: 980
[2020-12-15 16:17:46] spend time is: 980
[2020-12-15 16:17:46] spend time is: 980
[2020-12-15 16:17:46] spend time is: 980
[2020-12-15 16:17:46] spend time is: 980
[2020-12-15 16:17:56] spend time is: 990
[2020-12-15 16:17:56] spend time is: 990
[2020-12-15 16:17:56] spend time is: 990
[2020-12-15 16:17:56] spend time is: 990
[2020-12-15 16:17:56] spend time is: 990
[2020-12-15 16:17:56] spend time is: 990
[2020-12-15 16:17:56] spend time is: 990
[2020-12-15 16:18:06] spend time is: 1000
[2020-12-15 16:18:06] spend time is: 1000
[2020-12-15 16:18:06] spend time is: 1000
[2020-12-15 16:18:06] spend time is: 1000
[2020-12-15 16:18:06] spend time is: 1000
[2020-12-15 16:18:06] spend time is: 1000
[2020-12-15 16:18:06] spend time is: 1000
[2020-12-15 16:18:16] spend time is: 1010
[2020-12-15 16:18:16] spend time is: 1010
[2020-12-15 16:18:16] spend time is: 1010
[2020-12-15 16:18:16] spend time is: 1010
[2020-12-15 16:18:16] spend time is: 1010
[2020-12-15 16:18:16] spend time is: 1010
[2020-12-15 16:18:16] spend time is: 1010
[2020-12-15 16:18:26] spend time is: 1020
[2020-12-15 16:18:26] spend time is: 1020
[2020-12-15 16:18:26] spend time is: 1020
[2020-12-15 16:18:26] spend time is: 1020
[2020-12-15 16:18:26] spend time is: 1020
[2020-12-15 16:18:26] spend time is: 1020
[2020-12-15 16:18:26] spend time is: 1020
[2020-12-15 16:18:36] spend time is: 1030
[2020-12-15 16:18:36] spend time is: 1030
[2020-12-15 16:18:36] spend time is: 1030
[2020-12-15 16:18:36] spend time is: 1030
[2020-12-15 16:18:36] spend time is: 1030
[2020-12-15 16:18:36] spend time is: 1030
[2020-12-15 16:18:46] spend time is: 1040
[2020-12-15 16:18:46] spend time is: 1040
[2020-12-15 16:18:46] spend time is: 1040
[2020-12-15 16:18:46] spend time is: 1040
[2020-12-15 16:18:46] spend time is: 1040
[2020-12-15 16:18:46] spend time is: 1040
[2020-12-15 16:18:46] spend time is: 1040
[2020-12-15 16:18:56] spend time is: 1050
[2020-12-15 16:18:56] spend time is: 1050
[2020-12-15 16:18:56] spend time is: 1050
[2020-12-15 16:18:56] spend time is: 1050
[2020-12-15 16:18:56] spend time is: 1050
[2020-12-15 16:18:56] spend time is: 1050
[2020-12-15 16:18:56] spend time is: 1050
[2020-12-15 16:19:06] spend time is: 1060
[2020-12-15 16:19:06] spend time is: 1060
[2020-12-15 16:19:06] spend time is: 1060
[2020-12-15 16:19:06] spend time is: 1060
[2020-12-15 16:19:06] spend time is: 1060
[2020-12-15 16:19:06] spend time is: 1060
[2020-12-15 16:19:06] spend time is: 1060
[2020-12-15 16:19:16] spend time is: 1070
[2020-12-15 16:19:16] spend time is: 1070
[2020-12-15 16:19:16] spend time is: 1070
[2020-12-15 16:19:16] spend time is: 1070
[2020-12-15 16:19:16] spend time is: 1070
[2020-12-15 16:19:16] spend time is: 1070
[2020-12-15 16:19:16] spend time is: 1070
[2020-12-15 16:19:26] spend time is: 1080
[2020-12-15 16:19:26] spend time is: 1080
[2020-12-15 16:19:26] spend time is: 1080
[2020-12-15 16:19:26] spend time is: 1080
[2020-12-15 16:19:26] spend time is: 1080
[2020-12-15 16:19:26] spend time is: 1080
[2020-12-15 16:19:26] spend time is: 1080
[2020-12-15 16:19:36] spend time is: 1090
[2020-12-15 16:19:36] spend time is: 1090
[2020-12-15 16:19:36] spend time is: 1090
[2020-12-15 16:19:36] spend time is: 1090
[2020-12-15 16:19:36] spend time is: 1090
[2020-12-15 16:19:36] spend time is: 1090
[2020-12-15 16:19:36] spend time is: 1090
[2020-12-15 16:19:46] spend time is: 1100
[2020-12-15 16:19:46] spend time is: 1100
[2020-12-15 16:19:46] spend time is: 1100
[2020-12-15 16:19:46] spend time is: 1100
[2020-12-15 16:19:46] spend time is: 1100
[2020-12-15 16:19:46] spend time is: 1100
[2020-12-15 16:19:56] spend time is: 1110
[2020-12-15 16:19:56] spend time is: 1110
[2020-12-15 16:19:56] spend time is: 1110
[2020-12-15 16:19:56] spend time is: 1110
[2020-12-15 16:19:56] spend time is: 1110
[2020-12-15 16:19:56] spend time is: 1110
[2020-12-15 16:19:56] spend time is: 1110
[2020-12-15 16:20:06] spend time is: 1120
[2020-12-15 16:20:06] spend time is: 1120
[2020-12-15 16:20:06] spend time is: 1120
[2020-12-15 16:20:06] spend time is: 1120
[2020-12-15 16:20:06] spend time is: 1120
[2020-12-15 16:20:06] spend time is: 1120
[2020-12-15 16:20:06] spend time is: 1120
[2020-12-15 16:20:16] spend time is: 1130
[2020-12-15 16:20:16] spend time is: 1130
[2020-12-15 16:20:16] spend time is: 1130
[2020-12-15 16:20:16] spend time is: 1130
[2020-12-15 16:20:16] spend time is: 1130
[2020-12-15 16:20:16] spend time is: 1130
[2020-12-15 16:20:16] spend time is: 1130
[2020-12-15 16:20:26] spend time is: 1140
[2020-12-15 16:20:26] spend time is: 1140
[2020-12-15 16:20:26] spend time is: 1140
[2020-12-15 16:20:26] spend time is: 1140
[2020-12-15 16:20:26] spend time is: 1140
[2020-12-15 16:20:26] spend time is: 1140
[2020-12-15 16:20:26] spend time is: 1140
[2020-12-15 16:20:36] spend time is: 1150
[2020-12-15 16:20:36] spend time is: 1150
[2020-12-15 16:20:36] spend time is: 1150
[2020-12-15 16:20:36] spend time is: 1150
[2020-12-15 16:20:36] spend time is: 1150
[2020-12-15 16:20:36] spend time is: 1150
[2020-12-15 16:20:46] spend time is: 1160
[2020-12-15 16:20:46] spend time is: 1160
[2020-12-15 16:20:46] spend time is: 1160
[2020-12-15 16:20:46] spend time is: 1160
[2020-12-15 16:20:46] spend time is: 1160
[2020-12-15 16:20:46] spend time is: 1160
[2020-12-15 16:20:46] spend time is: 1160
[2020-12-15 16:20:56] spend time is: 1170
[2020-12-15 16:20:56] spend time is: 1170
[2020-12-15 16:20:56] spend time is: 1170
[2020-12-15 16:20:56] spend time is: 1170
[2020-12-15 16:20:56] spend time is: 1170
[2020-12-15 16:20:56] spend time is: 1170
[2020-12-15 16:20:56] spend time is: 1170
[2020-12-15 16:21:06] spend time is: 1180
[2020-12-15 16:21:06] spend time is: 1180
[2020-12-15 16:21:06] spend time is: 1180
[2020-12-15 16:21:06] spend time is: 1180
[2020-12-15 16:21:06] spend time is: 1180
[2020-12-15 16:21:06] spend time is: 1180
[2020-12-15 16:21:16] spend time is: 1190
[2020-12-15 16:21:16] spend time is: 1190
[2020-12-15 16:21:16] spend time is: 1190
[2020-12-15 16:21:16] spend time is: 1190
[2020-12-15 16:21:16] spend time is: 1190
[2020-12-15 16:21:16] spend time is: 1190
[2020-12-15 16:21:16] spend time is: 1190
[2020-12-15 16:21:26] spend time is: 1200
warning: Pulling without specifying how to reconcile divergent branches is
discouraged. You can squelch this message by running one of the following
commands sometime before your next pull:

  git config pull.rebase false  # merge (the default strategy)
  git config pull.rebase true   # rebase
  git config pull.ff only       # fast-forward only

You can replace "git config" with "git config --global" to set a default
preference for all repositories. You can also pass --rebase, --no-rebase,
or --ff-only on the command line to override the configured default per
invocation.

Already up to date.
