Fetching origin
Warning: Permanently added the RSA host key for IP address '192.30.253.113' to the list of known hosts.
From github.com:babyshen/helm-charts-mirror
 * [new branch]      gh-pages   -> origin/gh-pages
 * [new branch]      master     -> origin/master
Previous HEAD position was 6f4bc38... restore bug
Switched to a new branch 'gh-pages'
Branch 'gh-pages' set up to track remote branch 'gh-pages' from 'origin'.
Already up to date.
Branch 'gh-pages' set up to track remote branch 'gh-pages' from 'origin'.
  % Total    % Received % Xferd  Average Speed   Time    Time     Time  Current
                                 Dload  Upload   Total   Spent    Left  Speed
  0     0    0     0    0     0      0      0 --:--:-- --:--:-- --:--:--     0100 4262k  100 4262k    0     0   154M      0 --:--:-- --:--:-- --:--:--  160M
[2019-03-25 04:03:34] airflow-2.3.0.tgz update done.
[2019-03-25 04:03:38] apm-server-1.0.0.tgz update done.
[2019-03-25 04:03:41] spend time is: 40
[2019-03-25 04:03:41] spend time is: 40
[2019-03-25 04:03:41] spend time is: 40
[2019-03-25 04:03:41] spend time is: 40
[2019-03-25 04:03:41] spend time is: 40
[2019-03-25 04:03:41] spend time is: 40
[2019-03-25 04:03:41] spend time is: 40
[2019-03-25 04:03:41] spend time is: 40
[2019-03-25 04:03:41] spend time is: 40
[2019-03-25 04:03:41] spend time is: 40
[2019-03-25 04:03:41] spend time is: 40
[2019-03-25 04:03:41] spend time is: 40
[2019-03-25 04:03:41] spend time is: 40
[2019-03-25 04:03:51] spend time is: 50
[2019-03-25 04:03:51] spend time is: 50
[2019-03-25 04:03:51] spend time is: 50
[2019-03-25 04:03:51] spend time is: 50
[2019-03-25 04:03:51] spend time is: 50
[2019-03-25 04:03:51] spend time is: 50
[2019-03-25 04:03:51] spend time is: 50
[2019-03-25 04:03:51] spend time is: 50
[2019-03-25 04:03:51] spend time is: 50
[2019-03-25 04:03:51] spend time is: 50
[2019-03-25 04:03:51] spend time is: 50
[2019-03-25 04:03:51] spend time is: 50
[2019-03-25 04:03:51] spend time is: 50
[2019-03-25 04:03:51] spend time is: 50
[2019-03-25 04:04:01] spend time is: 60
[2019-03-25 04:04:01] spend time is: 60
[2019-03-25 04:04:01] spend time is: 60
[2019-03-25 04:04:01] spend time is: 60
[2019-03-25 04:04:01] spend time is: 60
[2019-03-25 04:04:01] spend time is: 60
[2019-03-25 04:04:01] spend time is: 60
[2019-03-25 04:04:01] spend time is: 60
[2019-03-25 04:04:01] spend time is: 60
[2019-03-25 04:04:01] spend time is: 60
[2019-03-25 04:04:01] spend time is: 60
[2019-03-25 04:04:01] spend time is: 60
[2019-03-25 04:04:01] spend time is: 60
[2019-03-25 04:04:01] spend time is: 60
[2019-03-25 04:04:01] spend time is: 60
[2019-03-25 04:04:11] spend time is: 70
[2019-03-25 04:04:11] spend time is: 70
[2019-03-25 04:04:11] spend time is: 70
[2019-03-25 04:04:11] spend time is: 70
[2019-03-25 04:04:11] spend time is: 70
[2019-03-25 04:04:11] spend time is: 70
[2019-03-25 04:04:11] spend time is: 70
[2019-03-25 04:04:11] spend time is: 70
[2019-03-25 04:04:11] spend time is: 70
[2019-03-25 04:04:11] spend time is: 70
[2019-03-25 04:04:11] spend time is: 70
[2019-03-25 04:04:11] spend time is: 70
[2019-03-25 04:04:11] spend time is: 70
[2019-03-25 04:04:11] spend time is: 70
[2019-03-25 04:04:12] spend time is: 70
[2019-03-25 04:04:21] spend time is: 80
[2019-03-25 04:04:21] spend time is: 80
[2019-03-25 04:04:21] spend time is: 80
[2019-03-25 04:04:21] spend time is: 80
[2019-03-25 04:04:21] spend time is: 80
[2019-03-25 04:04:21] spend time is: 80
[2019-03-25 04:04:21] spend time is: 80
[2019-03-25 04:04:21] spend time is: 80
[2019-03-25 04:04:21] spend time is: 80
[2019-03-25 04:04:21] spend time is: 80
[2019-03-25 04:04:21] spend time is: 80
[2019-03-25 04:04:21] spend time is: 80
[2019-03-25 04:04:21] spend time is: 80
[2019-03-25 04:04:31] spend time is: 90
[2019-03-25 04:04:31] spend time is: 90
[2019-03-25 04:04:31] spend time is: 90
[2019-03-25 04:04:31] spend time is: 90
[2019-03-25 04:04:31] spend time is: 90
[2019-03-25 04:04:31] spend time is: 90
[2019-03-25 04:04:31] spend time is: 90
[2019-03-25 04:04:31] spend time is: 90
[2019-03-25 04:04:31] spend time is: 90
[2019-03-25 04:04:31] spend time is: 90
[2019-03-25 04:04:31] spend time is: 90
[2019-03-25 04:04:31] spend time is: 90
[2019-03-25 04:04:31] spend time is: 90
[2019-03-25 04:04:32] spend time is: 90
[2019-03-25 04:04:36] elastic-stack-1.5.0.tgz update done.
[2019-03-25 04:04:41] spend time is: 100
[2019-03-25 04:04:41] spend time is: 100
[2019-03-25 04:04:41] spend time is: 100
[2019-03-25 04:04:41] spend time is: 100
[2019-03-25 04:04:41] spend time is: 100
[2019-03-25 04:04:41] spend time is: 100
[2019-03-25 04:04:41] spend time is: 100
[2019-03-25 04:04:41] spend time is: 100
[2019-03-25 04:04:41] spend time is: 100
[2019-03-25 04:04:41] spend time is: 100
[2019-03-25 04:04:41] spend time is: 100
[2019-03-25 04:04:41] spend time is: 100
[2019-03-25 04:04:41] spend time is: 100
[2019-03-25 04:04:41] spend time is: 100
[2019-03-25 04:04:51] spend time is: 110
[2019-03-25 04:04:51] spend time is: 110
[2019-03-25 04:04:51] spend time is: 110
[2019-03-25 04:04:51] spend time is: 110
[2019-03-25 04:04:51] spend time is: 110
[2019-03-25 04:04:51] spend time is: 110
[2019-03-25 04:04:51] spend time is: 110
[2019-03-25 04:04:51] spend time is: 110
[2019-03-25 04:04:51] spend time is: 110
[2019-03-25 04:04:51] spend time is: 110
[2019-03-25 04:04:51] spend time is: 110
[2019-03-25 04:04:51] spend time is: 110
[2019-03-25 04:04:51] spend time is: 110
[2019-03-25 04:04:51] spend time is: 110
[2019-03-25 04:05:01] spend time is: 120
[2019-03-25 04:05:01] spend time is: 120
[2019-03-25 04:05:01] spend time is: 120
[2019-03-25 04:05:01] spend time is: 120
[2019-03-25 04:05:01] spend time is: 120
[2019-03-25 04:05:01] spend time is: 120
[2019-03-25 04:05:01] spend time is: 120
[2019-03-25 04:05:01] spend time is: 120
[2019-03-25 04:05:01] spend time is: 120
[2019-03-25 04:05:01] spend time is: 120
[2019-03-25 04:05:01] spend time is: 120
[2019-03-25 04:05:01] spend time is: 120
[2019-03-25 04:05:01] spend time is: 120
[2019-03-25 04:05:01] spend time is: 120
[2019-03-25 04:05:11] spend time is: 130
[2019-03-25 04:05:11] spend time is: 130
[2019-03-25 04:05:11] spend time is: 130
[2019-03-25 04:05:11] spend time is: 130
[2019-03-25 04:05:11] spend time is: 130
[2019-03-25 04:05:11] spend time is: 130
[2019-03-25 04:05:11] spend time is: 130
[2019-03-25 04:05:11] spend time is: 130
[2019-03-25 04:05:11] spend time is: 130
[2019-03-25 04:05:11] spend time is: 130
[2019-03-25 04:05:11] spend time is: 130
[2019-03-25 04:05:11] spend time is: 130
[2019-03-25 04:05:15] grafana-2.3.4.tgz update done.
[2019-03-25 04:05:21] spend time is: 140
[2019-03-25 04:05:21] spend time is: 140
[2019-03-25 04:05:21] spend time is: 140
[2019-03-25 04:05:21] spend time is: 140
[2019-03-25 04:05:21] spend time is: 140
[2019-03-25 04:05:21] spend time is: 140
[2019-03-25 04:05:21] spend time is: 140
[2019-03-25 04:05:21] spend time is: 140
[2019-03-25 04:05:21] spend time is: 140
[2019-03-25 04:05:21] spend time is: 140
[2019-03-25 04:05:21] spend time is: 140
[2019-03-25 04:05:21] spend time is: 140
[2019-03-25 04:05:21] spend time is: 140
[2019-03-25 04:05:21] spend time is: 140
[2019-03-25 04:05:25] graylog-0.1.1.tgz update done.
[2019-03-25 04:05:31] spend time is: 150
[2019-03-25 04:05:31] spend time is: 150
[2019-03-25 04:05:31] spend time is: 150
[2019-03-25 04:05:31] spend time is: 150
[2019-03-25 04:05:31] spend time is: 150
[2019-03-25 04:05:31] spend time is: 150
[2019-03-25 04:05:31] spend time is: 150
[2019-03-25 04:05:31] spend time is: 150
[2019-03-25 04:05:31] spend time is: 150
[2019-03-25 04:05:31] spend time is: 150
[2019-03-25 04:05:31] spend time is: 150
[2019-03-25 04:05:31] spend time is: 150
[2019-03-25 04:05:31] spend time is: 150
[2019-03-25 04:05:31] spend time is: 150
[2019-03-25 04:05:36] janusgraph-0.2.0.tgz update done.
[2019-03-25 04:05:41] spend time is: 160
[2019-03-25 04:05:41] spend time is: 160
[2019-03-25 04:05:41] spend time is: 160
[2019-03-25 04:05:41] spend time is: 160
[2019-03-25 04:05:41] spend time is: 160
[2019-03-25 04:05:41] spend time is: 160
[2019-03-25 04:05:41] spend time is: 160
[2019-03-25 04:05:41] spend time is: 160
[2019-03-25 04:05:41] spend time is: 160
[2019-03-25 04:05:41] spend time is: 160
[2019-03-25 04:05:41] spend time is: 160
[2019-03-25 04:05:41] spend time is: 160
[2019-03-25 04:05:42] spend time is: 160
[2019-03-25 04:05:51] spend time is: 170
[2019-03-25 04:05:51] spend time is: 170
[2019-03-25 04:05:51] spend time is: 170
[2019-03-25 04:05:51] spend time is: 170
[2019-03-25 04:05:51] spend time is: 170
[2019-03-25 04:05:51] spend time is: 170
[2019-03-25 04:05:51] spend time is: 170
[2019-03-25 04:05:51] spend time is: 170
[2019-03-25 04:05:51] spend time is: 170
[2019-03-25 04:05:51] spend time is: 170
[2019-03-25 04:05:51] spend time is: 170
[2019-03-25 04:05:51] spend time is: 170
[2019-03-25 04:05:51] spend time is: 170
[2019-03-25 04:05:51] spend time is: 170
[2019-03-25 04:06:01] spend time is: 180
[2019-03-25 04:06:01] spend time is: 180
[2019-03-25 04:06:01] spend time is: 180
[2019-03-25 04:06:01] spend time is: 180
[2019-03-25 04:06:01] spend time is: 180
[2019-03-25 04:06:01] spend time is: 180
[2019-03-25 04:06:01] spend time is: 180
[2019-03-25 04:06:01] spend time is: 180
[2019-03-25 04:06:01] spend time is: 180
[2019-03-25 04:06:01] spend time is: 180
[2019-03-25 04:06:01] spend time is: 180
[2019-03-25 04:06:01] spend time is: 180
[2019-03-25 04:06:01] spend time is: 180
[2019-03-25 04:06:10] kube-ops-view-0.7.0.tgz update done.
[2019-03-25 04:06:11] spend time is: 190
[2019-03-25 04:06:11] spend time is: 190
[2019-03-25 04:06:11] spend time is: 190
[2019-03-25 04:06:11] spend time is: 190
[2019-03-25 04:06:11] spend time is: 190
[2019-03-25 04:06:11] spend time is: 190
[2019-03-25 04:06:11] spend time is: 190
[2019-03-25 04:06:11] spend time is: 190
[2019-03-25 04:06:11] spend time is: 190
[2019-03-25 04:06:11] spend time is: 190
[2019-03-25 04:06:11] spend time is: 190
[2019-03-25 04:06:11] spend time is: 190
[2019-03-25 04:06:11] spend time is: 190
[2019-03-25 04:06:11] spend time is: 190
[2019-03-25 04:06:11] spend time is: 190
[2019-03-25 04:06:21] spend time is: 200
[2019-03-25 04:06:21] spend time is: 200
[2019-03-25 04:06:21] spend time is: 200
[2019-03-25 04:06:21] spend time is: 200
[2019-03-25 04:06:21] spend time is: 200
[2019-03-25 04:06:21] spend time is: 200
[2019-03-25 04:06:21] spend time is: 200
[2019-03-25 04:06:21] spend time is: 200
[2019-03-25 04:06:21] spend time is: 200
[2019-03-25 04:06:21] spend time is: 200
[2019-03-25 04:06:21] spend time is: 200
[2019-03-25 04:06:21] spend time is: 200
[2019-03-25 04:06:22] spend time is: 200
[2019-03-25 04:06:22] spend time is: 200
[2019-03-25 04:06:31] spend time is: 210
[2019-03-25 04:06:31] spend time is: 210
[2019-03-25 04:06:31] spend time is: 210
[2019-03-25 04:06:31] spend time is: 210
[2019-03-25 04:06:31] spend time is: 210
[2019-03-25 04:06:31] spend time is: 210
[2019-03-25 04:06:31] spend time is: 210
[2019-03-25 04:06:31] spend time is: 210
[2019-03-25 04:06:31] spend time is: 210
[2019-03-25 04:06:31] spend time is: 210
[2019-03-25 04:06:31] spend time is: 210
[2019-03-25 04:06:31] spend time is: 210
[2019-03-25 04:06:31] spend time is: 210
[2019-03-25 04:06:31] spend time is: 210
[2019-03-25 04:06:41] spend time is: 220
[2019-03-25 04:06:41] spend time is: 220
[2019-03-25 04:06:41] spend time is: 220
[2019-03-25 04:06:41] spend time is: 220
[2019-03-25 04:06:41] spend time is: 220
[2019-03-25 04:06:41] spend time is: 220
[2019-03-25 04:06:41] spend time is: 220
[2019-03-25 04:06:41] spend time is: 220
[2019-03-25 04:06:41] spend time is: 220
[2019-03-25 04:06:41] spend time is: 220
[2019-03-25 04:06:41] spend time is: 220
[2019-03-25 04:06:41] spend time is: 220
[2019-03-25 04:06:41] spend time is: 220
[2019-03-25 04:06:41] spend time is: 220
[2019-03-25 04:06:51] spend time is: 230
[2019-03-25 04:06:51] spend time is: 230
[2019-03-25 04:06:51] spend time is: 230
[2019-03-25 04:06:51] spend time is: 230
[2019-03-25 04:06:51] spend time is: 230
[2019-03-25 04:06:51] spend time is: 230
[2019-03-25 04:06:51] spend time is: 230
[2019-03-25 04:06:51] spend time is: 230
[2019-03-25 04:06:51] spend time is: 230
[2019-03-25 04:06:51] spend time is: 230
[2019-03-25 04:06:51] spend time is: 230
[2019-03-25 04:06:51] spend time is: 230
[2019-03-25 04:06:51] spend time is: 230
[2019-03-25 04:06:51] spend time is: 230
[2019-03-25 04:07:01] spend time is: 240
[2019-03-25 04:07:01] spend time is: 240
[2019-03-25 04:07:01] spend time is: 240
[2019-03-25 04:07:01] spend time is: 240
[2019-03-25 04:07:01] spend time is: 240
[2019-03-25 04:07:01] spend time is: 240
[2019-03-25 04:07:01] spend time is: 240
[2019-03-25 04:07:01] spend time is: 240
[2019-03-25 04:07:01] spend time is: 240
[2019-03-25 04:07:01] spend time is: 240
[2019-03-25 04:07:01] spend time is: 240
[2019-03-25 04:07:01] spend time is: 240
[2019-03-25 04:07:11] spend time is: 250
[2019-03-25 04:07:11] spend time is: 250
[2019-03-25 04:07:11] spend time is: 250
[2019-03-25 04:07:11] spend time is: 250
[2019-03-25 04:07:11] spend time is: 250
[2019-03-25 04:07:11] spend time is: 250
[2019-03-25 04:07:11] spend time is: 250
[2019-03-25 04:07:11] spend time is: 250
[2019-03-25 04:07:11] spend time is: 250
[2019-03-25 04:07:11] spend time is: 250
[2019-03-25 04:07:11] spend time is: 250
[2019-03-25 04:07:11] spend time is: 250
[2019-03-25 04:07:11] spend time is: 250
[2019-03-25 04:07:11] spend time is: 250
[2019-03-25 04:07:21] spend time is: 260
[2019-03-25 04:07:21] spend time is: 260
[2019-03-25 04:07:21] spend time is: 260
[2019-03-25 04:07:21] spend time is: 260
[2019-03-25 04:07:21] spend time is: 260
[2019-03-25 04:07:21] spend time is: 260
[2019-03-25 04:07:21] spend time is: 260
[2019-03-25 04:07:21] spend time is: 260
[2019-03-25 04:07:21] spend time is: 260
[2019-03-25 04:07:21] spend time is: 260
[2019-03-25 04:07:21] spend time is: 260
[2019-03-25 04:07:21] spend time is: 260
[2019-03-25 04:07:21] spend time is: 260
[2019-03-25 04:07:31] spend time is: 270
[2019-03-25 04:07:31] spend time is: 270
[2019-03-25 04:07:31] spend time is: 270
[2019-03-25 04:07:31] spend time is: 270
[2019-03-25 04:07:31] spend time is: 270
[2019-03-25 04:07:31] spend time is: 270
[2019-03-25 04:07:31] spend time is: 270
[2019-03-25 04:07:31] spend time is: 270
[2019-03-25 04:07:31] spend time is: 270
[2019-03-25 04:07:31] spend time is: 270
[2019-03-25 04:07:31] spend time is: 270
[2019-03-25 04:07:31] spend time is: 270
[2019-03-25 04:07:31] spend time is: 270
[2019-03-25 04:07:41] spend time is: 280
[2019-03-25 04:07:41] spend time is: 280
[2019-03-25 04:07:41] spend time is: 280
[2019-03-25 04:07:41] spend time is: 280
[2019-03-25 04:07:41] spend time is: 280
[2019-03-25 04:07:41] spend time is: 280
[2019-03-25 04:07:41] spend time is: 280
[2019-03-25 04:07:41] spend time is: 280
[2019-03-25 04:07:41] spend time is: 280
[2019-03-25 04:07:41] spend time is: 280
[2019-03-25 04:07:41] spend time is: 280
[2019-03-25 04:07:41] spend time is: 280
[2019-03-25 04:07:41] spend time is: 280
[2019-03-25 04:07:42] spend time is: 280
[2019-03-25 04:07:51] spend time is: 290
[2019-03-25 04:07:51] spend time is: 290
[2019-03-25 04:07:51] spend time is: 290
[2019-03-25 04:07:51] spend time is: 290
[2019-03-25 04:07:51] spend time is: 290
[2019-03-25 04:07:51] spend time is: 290
[2019-03-25 04:07:51] spend time is: 290
[2019-03-25 04:07:51] spend time is: 290
[2019-03-25 04:07:51] spend time is: 290
[2019-03-25 04:07:51] spend time is: 290
[2019-03-25 04:07:51] spend time is: 290
[2019-03-25 04:07:51] spend time is: 290
[2019-03-25 04:07:52] spend time is: 290
[2019-03-25 04:08:01] spend time is: 300
[2019-03-25 04:08:01] spend time is: 300
[2019-03-25 04:08:01] spend time is: 300
[2019-03-25 04:08:01] spend time is: 300
Warning: Permanently added the RSA host key for IP address '192.30.253.112' to the list of known hosts.
Already up to date.
Already up to date.
fatal: Unable to create '/home/travis/build/babyshen/helm-charts-mirror/.git/index.lock': File exists.

Another git process seems to be running in this repository, e.g.
an editor opened by 'git commit'. Please make sure all processes
are terminated then try again. If it still fails, a git process
may have crashed in this repository earlier:
remove the file manually to continue.
Already up to date.
fatal: Unable to create '/home/travis/build/babyshen/helm-charts-mirror/.git/index.lock': File exists.

Another git process seems to be running in this repository, e.g.
an editor opened by 'git commit'. Please make sure all processes
are terminated then try again. If it still fails, a git process
may have crashed in this repository earlier:
remove the file manually to continue.
warning: fetch updated the current branch head.
fast-forwarding your working tree from
commit c92f0e372cff21b396fc0187927b673c949b2455.
error: Your local changes to the following files would be overwritten by merge:
	airflow-2.3.0.tgz
	chart-list.json
	elastic-stack-1.5.0.tgz
	graylog-0.1.1.tgz
	index.yaml
	janusgraph-0.2.0.tgz
	kube-ops-view-0.7.0.tgz
	last_install
Please commit your changes or stash them before you merge.
error: The following untracked working tree files would be overwritten by merge:
	apm-server-1.0.0.tgz
	grafana-2.3.4.tgz
	travis_wait_2088.log
Please move or remove them before you merge.
Aborting
fatal: Cannot fast-forward your working tree.
After making sure that you saved anything precious from
$ git diff c92f0e372cff21b396fc0187927b673c949b2455
output, run
$ git reset --hard
to recover.
[gh-pages 659a62f] Synchronizing completion at 2019-03-25
 11 files changed, 788 insertions(+), 287 deletions(-)
 create mode 100644 apm-server-1.0.0.tgz
 rewrite elastic-stack-1.5.0.tgz (98%)
 create mode 100644 grafana-2.3.4.tgz
 rewrite graylog-0.1.1.tgz (63%)
 rewrite kube-ops-view-0.7.0.tgz (84%)
 create mode 100644 travis_wait_2088.log
To github.com:babyshen/helm-charts-mirror.git
   c92f0e3..659a62f  gh-pages -> gh-pages
Branch 'gh-pages' set up to track remote branch 'gh-pages' from 'origin'.
[2019-03-25 04:08:11] spend time is: 310
[2019-03-25 04:08:11] spend time is: 310
[2019-03-25 04:08:11] spend time is: 310
[2019-03-25 04:08:11] spend time is: 310
[2019-03-25 04:08:11] spend time is: 310
[2019-03-25 04:08:11] spend time is: 310
[2019-03-25 04:08:11] spend time is: 310
[2019-03-25 04:08:11] spend time is: 310
[2019-03-25 04:08:11] spend time is: 310
[2019-03-25 04:08:11] spend time is: 310
[2019-03-25 04:08:21] spend time is: 320
[2019-03-25 04:08:21] spend time is: 320
[2019-03-25 04:08:21] spend time is: 320
[2019-03-25 04:08:21] spend time is: 320
[2019-03-25 04:08:21] spend time is: 320
[2019-03-25 04:08:21] spend time is: 320
[2019-03-25 04:08:21] spend time is: 320
[2019-03-25 04:08:21] spend time is: 320
[2019-03-25 04:08:21] spend time is: 320
[2019-03-25 04:08:21] spend time is: 320
[2019-03-25 04:08:22] spend time is: 320
[2019-03-25 04:08:31] spend time is: 330
[2019-03-25 04:08:31] spend time is: 330
[2019-03-25 04:08:31] spend time is: 330
[2019-03-25 04:08:31] spend time is: 330
[2019-03-25 04:08:31] spend time is: 330
[2019-03-25 04:08:31] spend time is: 330
[2019-03-25 04:08:31] spend time is: 330
[2019-03-25 04:08:31] spend time is: 330
[2019-03-25 04:08:31] spend time is: 330
[2019-03-25 04:08:31] spend time is: 330
[2019-03-25 04:08:41] spend time is: 340
[2019-03-25 04:08:41] spend time is: 340
[2019-03-25 04:08:41] spend time is: 340
[2019-03-25 04:08:41] spend time is: 340
[2019-03-25 04:08:41] spend time is: 340
[2019-03-25 04:08:41] spend time is: 340
[2019-03-25 04:08:41] spend time is: 340
[2019-03-25 04:08:41] spend time is: 340
[2019-03-25 04:08:41] spend time is: 340
[2019-03-25 04:08:41] spend time is: 340
[2019-03-25 04:08:51] spend time is: 350
[2019-03-25 04:08:51] spend time is: 350
[2019-03-25 04:08:51] spend time is: 350
[2019-03-25 04:08:51] spend time is: 350
[2019-03-25 04:08:51] spend time is: 350
[2019-03-25 04:08:51] spend time is: 350
[2019-03-25 04:08:51] spend time is: 350
[2019-03-25 04:08:51] spend time is: 350
[2019-03-25 04:08:51] spend time is: 350
[2019-03-25 04:08:51] spend time is: 350
[2019-03-25 04:09:01] spend time is: 360
[2019-03-25 04:09:01] spend time is: 360
[2019-03-25 04:09:01] spend time is: 360
[2019-03-25 04:09:01] spend time is: 360
[2019-03-25 04:09:01] spend time is: 360
[2019-03-25 04:09:01] spend time is: 360
[2019-03-25 04:09:01] spend time is: 360
[2019-03-25 04:09:01] spend time is: 360
[2019-03-25 04:09:01] spend time is: 360
[2019-03-25 04:09:01] spend time is: 360
[2019-03-25 04:09:11] spend time is: 370
[2019-03-25 04:09:11] spend time is: 370
[2019-03-25 04:09:11] spend time is: 370
[2019-03-25 04:09:11] spend time is: 370
[2019-03-25 04:09:11] spend time is: 370
[2019-03-25 04:09:11] spend time is: 370
[2019-03-25 04:09:11] spend time is: 370
[2019-03-25 04:09:11] spend time is: 370
[2019-03-25 04:09:11] spend time is: 370
[2019-03-25 04:09:11] spend time is: 370
[2019-03-25 04:09:14] prometheus-operator-5.0.2.tgz update done.
[2019-03-25 04:09:21] spend time is: 380
[2019-03-25 04:09:21] spend time is: 380
[2019-03-25 04:09:21] spend time is: 380
[2019-03-25 04:09:21] spend time is: 380
[2019-03-25 04:09:21] spend time is: 380
[2019-03-25 04:09:21] spend time is: 380
[2019-03-25 04:09:21] spend time is: 380
[2019-03-25 04:09:21] spend time is: 380
[2019-03-25 04:09:21] spend time is: 380
[2019-03-25 04:09:21] spend time is: 380
[2019-03-25 04:09:31] spend time is: 390
[2019-03-25 04:09:31] spend time is: 390
[2019-03-25 04:09:31] spend time is: 390
[2019-03-25 04:09:31] spend time is: 390
[2019-03-25 04:09:31] spend time is: 390
[2019-03-25 04:09:31] spend time is: 390
[2019-03-25 04:09:31] spend time is: 390
[2019-03-25 04:09:31] spend time is: 390
[2019-03-25 04:09:31] spend time is: 390
[2019-03-25 04:09:31] spend time is: 390
[2019-03-25 04:09:41] spend time is: 400
[2019-03-25 04:09:41] spend time is: 400
[2019-03-25 04:09:41] spend time is: 400
[2019-03-25 04:09:41] spend time is: 400
[2019-03-25 04:09:41] spend time is: 400
[2019-03-25 04:09:41] spend time is: 400
[2019-03-25 04:09:41] spend time is: 400
[2019-03-25 04:09:41] spend time is: 400
[2019-03-25 04:09:41] spend time is: 400
[2019-03-25 04:09:41] spend time is: 400
[2019-03-25 04:09:51] spend time is: 410
[2019-03-25 04:09:51] spend time is: 410
[2019-03-25 04:09:51] spend time is: 410
[2019-03-25 04:09:51] spend time is: 410
[2019-03-25 04:09:51] spend time is: 410
[2019-03-25 04:09:51] spend time is: 410
[2019-03-25 04:09:51] spend time is: 410
[2019-03-25 04:09:51] spend time is: 410
[2019-03-25 04:09:51] spend time is: 410
[2019-03-25 04:09:51] spend time is: 410
[2019-03-25 04:10:01] spend time is: 420
[2019-03-25 04:10:01] spend time is: 420
[2019-03-25 04:10:01] spend time is: 420
[2019-03-25 04:10:01] spend time is: 420
[2019-03-25 04:10:01] spend time is: 420
[2019-03-25 04:10:01] spend time is: 420
[2019-03-25 04:10:01] spend time is: 420
[2019-03-25 04:10:01] spend time is: 420
[2019-03-25 04:10:01] spend time is: 420
[2019-03-25 04:10:01] spend time is: 420
[2019-03-25 04:10:11] spend time is: 430
[2019-03-25 04:10:11] spend time is: 430
[2019-03-25 04:10:11] spend time is: 430
[2019-03-25 04:10:11] spend time is: 430
[2019-03-25 04:10:11] spend time is: 430
[2019-03-25 04:10:11] spend time is: 430
[2019-03-25 04:10:11] spend time is: 430
[2019-03-25 04:10:11] spend time is: 430
[2019-03-25 04:10:11] spend time is: 430
[2019-03-25 04:10:11] spend time is: 430
[2019-03-25 04:10:21] spend time is: 440
[2019-03-25 04:10:21] spend time is: 440
[2019-03-25 04:10:21] spend time is: 440
[2019-03-25 04:10:21] spend time is: 440
[2019-03-25 04:10:21] spend time is: 440
[2019-03-25 04:10:21] spend time is: 440
[2019-03-25 04:10:21] spend time is: 440
[2019-03-25 04:10:21] spend time is: 440
[2019-03-25 04:10:21] spend time is: 440
[2019-03-25 04:10:21] spend time is: 440
[2019-03-25 04:10:23] sonarqube-0.15.0.tgz update done.
[2019-03-25 04:10:31] spend time is: 450
[2019-03-25 04:10:31] spend time is: 450
[2019-03-25 04:10:31] spend time is: 450
[2019-03-25 04:10:31] spend time is: 450
[2019-03-25 04:10:31] spend time is: 450
[2019-03-25 04:10:31] spend time is: 450
[2019-03-25 04:10:31] spend time is: 450
[2019-03-25 04:10:31] spend time is: 450
[2019-03-25 04:10:31] spend time is: 450
[2019-03-25 04:10:31] spend time is: 450
[2019-03-25 04:10:36] spinnaker-1.8.1.tgz update done.
[2019-03-25 04:10:41] spend time is: 460
[2019-03-25 04:10:41] spend time is: 460
[2019-03-25 04:10:41] spend time is: 460
[2019-03-25 04:10:41] spend time is: 460
[2019-03-25 04:10:41] spend time is: 460
[2019-03-25 04:10:41] spend time is: 460
[2019-03-25 04:10:41] spend time is: 460
[2019-03-25 04:10:41] spend time is: 460
[2019-03-25 04:10:41] spend time is: 460
[2019-03-25 04:10:41] spend time is: 460
[2019-03-25 04:10:51] spend time is: 470
[2019-03-25 04:10:51] spend time is: 470
[2019-03-25 04:10:51] spend time is: 470
[2019-03-25 04:10:51] spend time is: 470
[2019-03-25 04:10:51] spend time is: 470
[2019-03-25 04:10:51] spend time is: 470
[2019-03-25 04:10:51] spend time is: 470
[2019-03-25 04:10:51] spend time is: 470
[2019-03-25 04:10:51] spend time is: 470
[2019-03-25 04:10:51] spend time is: 470
[2019-03-25 04:11:01] spend time is: 480
[2019-03-25 04:11:01] spend time is: 480
[2019-03-25 04:11:01] spend time is: 480
[2019-03-25 04:11:01] spend time is: 480
[2019-03-25 04:11:01] spend time is: 480
[2019-03-25 04:11:01] spend time is: 480
[2019-03-25 04:11:01] spend time is: 480
[2019-03-25 04:11:01] spend time is: 480
[2019-03-25 04:11:01] spend time is: 480
[2019-03-25 04:11:01] spend time is: 480
[2019-03-25 04:11:11] spend time is: 490
[2019-03-25 04:11:11] spend time is: 490
[2019-03-25 04:11:11] spend time is: 490
[2019-03-25 04:11:11] spend time is: 490
[2019-03-25 04:11:11] spend time is: 490
[2019-03-25 04:11:11] spend time is: 490
[2019-03-25 04:11:11] spend time is: 490
[2019-03-25 04:11:11] spend time is: 490
[2019-03-25 04:11:11] spend time is: 490
[2019-03-25 04:11:11] spend time is: 490
[2019-03-25 04:11:18] unifi-0.3.3.tgz update done.
[2019-03-25 04:11:21] spend time is: 500
[2019-03-25 04:11:21] spend time is: 500
[2019-03-25 04:11:21] spend time is: 500
[2019-03-25 04:11:21] spend time is: 500
[2019-03-25 04:11:21] spend time is: 500
[2019-03-25 04:11:21] spend time is: 500
[2019-03-25 04:11:21] spend time is: 500
[2019-03-25 04:11:21] spend time is: 500
[2019-03-25 04:11:21] spend time is: 500
[2019-03-25 04:11:21] spend time is: 500
[2019-03-25 04:11:31] spend time is: 510
[2019-03-25 04:11:31] spend time is: 510
[2019-03-25 04:11:31] spend time is: 510
[2019-03-25 04:11:31] spend time is: 510
[2019-03-25 04:11:31] spend time is: 510
[2019-03-25 04:11:31] spend time is: 510
[2019-03-25 04:11:31] spend time is: 510
[2019-03-25 04:11:31] spend time is: 510
[2019-03-25 04:11:31] spend time is: 510
[2019-03-25 04:11:31] spend time is: 510
Already up to date.
